ARM GAS  /tmp/ccp5tRNK.s 			page 1


   1              		.syntax unified
   2              		.cpu cortex-m4
   3              		.eabi_attribute 27, 3
   4              		.eabi_attribute 28, 1
   5              		.fpu fpv4-sp-d16
   6              		.eabi_attribute 20, 1
   7              		.eabi_attribute 21, 1
   8              		.eabi_attribute 23, 3
   9              		.eabi_attribute 24, 1
  10              		.eabi_attribute 25, 1
  11              		.eabi_attribute 26, 1
  12              		.eabi_attribute 30, 6
  13              		.eabi_attribute 34, 1
  14              		.eabi_attribute 18, 4
  15              		.thumb
  16              		.file	"BaseSubscriberQueue.cpp"
  17              		.text
  18              	.Ltext0:
  19              		.cfi_sections	.debug_frame
  20              		.section	.text._ZN3r2p10UncopyableC2Ev,"axG",%progbits,_ZN3r2p10UncopyableC5Ev,comdat
  21              		.align	2
  22              		.p2align 4,,15
  23              		.weak	_ZN3r2p10UncopyableC2Ev
  24              		.thumb
  25              		.thumb_func
  26              		.type	_ZN3r2p10UncopyableC2Ev, %function
  27              	_ZN3r2p10UncopyableC2Ev:
  28              	.LFB6:
  29              		.file 1 "/home/denny/r2p-sdk/core/Middleware/include/r2p/Uncopyable.hpp"
  30              		.loc 1 20 0
  31              		.cfi_startproc
  32              		@ args = 0, pretend = 0, frame = 8
  33              		@ frame_needed = 0, uses_anonymous_args = 0
  34              		@ link register save eliminated.
  35 0000 82B0     		sub	sp, sp, #8
  36              		.cfi_def_cfa_offset 8
  37 0002 0190     		str	r0, [sp, #4]
  38              		.loc 1 20 0
  39 0004 019B     		ldr	r3, [sp, #4]
  40 0006 1846     		mov	r0, r3
  41 0008 02B0     		add	sp, sp, #8
  42              		.cfi_def_cfa_offset 0
  43              		@ sp needed
  44 000a 7047     		bx	lr
  45              		.cfi_endproc
  46              	.LFE6:
  47              		.size	_ZN3r2p10UncopyableC2Ev, .-_ZN3r2p10UncopyableC2Ev
  48              		.weak	_ZN3r2p10UncopyableC1Ev
  49              		.thumb_set _ZN3r2p10UncopyableC1Ev,_ZN3r2p10UncopyableC2Ev
  50 000c AFF30080 		.section	.text._ZN3r2p11StaticQueueINS_14BaseSubscriberEEC2Ev,"axG",%progbits,_ZN3r2p11StaticQueue
  51              		.align	2
  52              		.p2align 4,,15
  53              		.weak	_ZN3r2p11StaticQueueINS_14BaseSubscriberEEC2Ev
  54              		.thumb
  55              		.thumb_func
  56              		.type	_ZN3r2p11StaticQueueINS_14BaseSubscriberEEC2Ev, %function
  57              	_ZN3r2p11StaticQueueINS_14BaseSubscriberEEC2Ev:
ARM GAS  /tmp/ccp5tRNK.s 			page 2


  58              	.LFB77:
  59              		.file 2 "/home/denny/r2p-sdk/core/Middleware/include/r2p/StaticQueue.hpp"
  60              		.loc 2 10 0
  61              		.cfi_startproc
  62              		@ args = 0, pretend = 0, frame = 8
  63              		@ frame_needed = 0, uses_anonymous_args = 0
  64 0000 00B5     		push	{lr}
  65              		.cfi_def_cfa_offset 4
  66              		.cfi_offset 14, -4
  67 0002 83B0     		sub	sp, sp, #12
  68              		.cfi_def_cfa_offset 16
  69 0004 0190     		str	r0, [sp, #4]
  70              	.LBB2:
  71              		.loc 2 10 0
  72 0006 0198     		ldr	r0, [sp, #4]
  73 0008 FFF7FEFF 		bl	_ZN3r2p10UncopyableC2Ev
  74 000c 019B     		ldr	r3, [sp, #4]
  75 000e 0433     		adds	r3, r3, #4
  76 0010 1846     		mov	r0, r3
  77 0012 FFF7FEFF 		bl	_ZN3r2p12StaticQueue_C1Ev
  78              	.LBE2:
  79 0016 019B     		ldr	r3, [sp, #4]
  80 0018 1846     		mov	r0, r3
  81 001a 03B0     		add	sp, sp, #12
  82              		.cfi_def_cfa_offset 4
  83              		@ sp needed
  84 001c 5DF804FB 		ldr	pc, [sp], #4
  85              		.cfi_endproc
  86              	.LFE77:
  87              		.size	_ZN3r2p11StaticQueueINS_14BaseSubscriberEEC2Ev, .-_ZN3r2p11StaticQueueINS_14BaseSubscriberEE
  88              		.weak	_ZN3r2p11StaticQueueINS_14BaseSubscriberEEC1Ev
  89              		.thumb_set _ZN3r2p11StaticQueueINS_14BaseSubscriberEEC1Ev,_ZN3r2p11StaticQueueINS_14BaseSubscriber
  90              		.section	.text._ZN3r2p19BaseSubscriberQueueC2Ev,"ax",%progbits
  91              		.align	2
  92              		.p2align 4,,15
  93              		.global	_ZN3r2p19BaseSubscriberQueueC2Ev
  94              		.thumb
  95              		.thumb_func
  96              		.type	_ZN3r2p19BaseSubscriberQueueC2Ev, %function
  97              	_ZN3r2p19BaseSubscriberQueueC2Ev:
  98              	.LFB82:
  99              		.file 3 "/home/denny/r2p-sdk/core/Middleware/src/BaseSubscriberQueue.cpp"
 100              		.loc 3 7 0
 101              		.cfi_startproc
 102              		@ args = 0, pretend = 0, frame = 8
 103              		@ frame_needed = 0, uses_anonymous_args = 0
 104 0000 00B5     		push	{lr}
 105              		.cfi_def_cfa_offset 4
 106              		.cfi_offset 14, -4
 107 0002 83B0     		sub	sp, sp, #12
 108              		.cfi_def_cfa_offset 16
 109 0004 0190     		str	r0, [sp, #4]
 110              	.LBB3:
 111              		.loc 3 7 0
 112 0006 019B     		ldr	r3, [sp, #4]
 113 0008 1846     		mov	r0, r3
 114 000a FFF7FEFF 		bl	_ZN3r2p11StaticQueueINS_14BaseSubscriberEEC2Ev
ARM GAS  /tmp/ccp5tRNK.s 			page 3


 115              	.LBE3:
 116 000e 019B     		ldr	r3, [sp, #4]
 117 0010 1846     		mov	r0, r3
 118 0012 03B0     		add	sp, sp, #12
 119              		.cfi_def_cfa_offset 4
 120              		@ sp needed
 121 0014 5DF804FB 		ldr	pc, [sp], #4
 122              		.cfi_endproc
 123              	.LFE82:
 124              		.size	_ZN3r2p19BaseSubscriberQueueC2Ev, .-_ZN3r2p19BaseSubscriberQueueC2Ev
 125              		.global	_ZN3r2p19BaseSubscriberQueueC1Ev
 126              		.thumb_set _ZN3r2p19BaseSubscriberQueueC1Ev,_ZN3r2p19BaseSubscriberQueueC2Ev
 127 0018 AFF30080 		.text
 127      AFF30080 
 128              	.Letext0:
 129              		.file 4 "/home/denny/r2p-sdk/tools/gcc-arm-none-eabi-4_9-2014q4/arm-none-eabi/include/c++/4.9.3/cs
 130              		.file 5 "/home/denny/r2p-sdk/tools/gcc-arm-none-eabi-4_9-2014q4/arm-none-eabi/include/string.h"
 131              		.file 6 "<built-in>"
 132              		.file 7 "/home/denny/r2p-sdk/core/Middleware/include/r2p/impl/StaticQueue_.hpp"
 133              		.file 8 "/home/denny/r2p-sdk/core/Middleware/include/r2p/BaseSubscriberQueue.hpp"
 134              		.file 9 "/home/denny/r2p-sdk/tools/gcc-arm-none-eabi-4_9-2014q4/lib/gcc/arm-none-eabi/4.9.3/includ
 135              		.section	.debug_info,"",%progbits
 136              	.Ldebug_info0:
 137 0000 42070000 		.4byte	0x742
 138 0004 0400     		.2byte	0x4
 139 0006 00000000 		.4byte	.Ldebug_abbrev0
 140 000a 04       		.byte	0x4
 141 000b 01       		.uleb128 0x1
 142 000c 77060000 		.4byte	.LASF78
 143 0010 04       		.byte	0x4
 144 0011 37010000 		.4byte	.LASF79
 145 0015 AF080000 		.4byte	.LASF80
 146 0019 00000000 		.4byte	.Ldebug_ranges0+0
 147 001d 00000000 		.4byte	0
 148 0021 00000000 		.4byte	.Ldebug_line0
 149 0025 02       		.uleb128 0x2
 150 0026 04       		.byte	0x4
 151 0027 05       		.byte	0x5
 152 0028 696E7400 		.ascii	"int\000"
 153 002c 03       		.uleb128 0x3
 154 002d A5000000 		.4byte	.LASF81
 155 0031 09       		.byte	0x9
 156 0032 D4       		.byte	0xd4
 157 0033 37000000 		.4byte	0x37
 158 0037 04       		.uleb128 0x4
 159 0038 04       		.byte	0x4
 160 0039 07       		.byte	0x7
 161 003a 17050000 		.4byte	.LASF0
 162 003e 04       		.uleb128 0x4
 163 003f 01       		.byte	0x1
 164 0040 06       		.byte	0x6
 165 0041 D3040000 		.4byte	.LASF1
 166 0045 04       		.uleb128 0x4
 167 0046 01       		.byte	0x1
 168 0047 08       		.byte	0x8
 169 0048 73040000 		.4byte	.LASF2
 170 004c 04       		.uleb128 0x4
ARM GAS  /tmp/ccp5tRNK.s 			page 4


 171 004d 02       		.byte	0x2
 172 004e 05       		.byte	0x5
 173 004f 9B000000 		.4byte	.LASF3
 174 0053 04       		.uleb128 0x4
 175 0054 02       		.byte	0x2
 176 0055 07       		.byte	0x7
 177 0056 3A060000 		.4byte	.LASF4
 178 005a 04       		.uleb128 0x4
 179 005b 04       		.byte	0x4
 180 005c 05       		.byte	0x5
 181 005d 42030000 		.4byte	.LASF5
 182 0061 04       		.uleb128 0x4
 183 0062 04       		.byte	0x4
 184 0063 07       		.byte	0x7
 185 0064 52080000 		.4byte	.LASF6
 186 0068 04       		.uleb128 0x4
 187 0069 08       		.byte	0x8
 188 006a 05       		.byte	0x5
 189 006b F8020000 		.4byte	.LASF7
 190 006f 04       		.uleb128 0x4
 191 0070 08       		.byte	0x8
 192 0071 07       		.byte	0x7
 193 0072 DF040000 		.4byte	.LASF8
 194 0076 04       		.uleb128 0x4
 195 0077 04       		.byte	0x4
 196 0078 07       		.byte	0x7
 197 0079 AC000000 		.4byte	.LASF9
 198 007d 05       		.uleb128 0x5
 199 007e 04       		.byte	0x4
 200 007f 06       		.uleb128 0x6
 201 0080 04       		.byte	0x4
 202 0081 85000000 		.4byte	0x85
 203 0085 04       		.uleb128 0x4
 204 0086 01       		.byte	0x1
 205 0087 08       		.byte	0x8
 206 0088 13030000 		.4byte	.LASF10
 207 008c 06       		.uleb128 0x6
 208 008d 04       		.byte	0x4
 209 008e 92000000 		.4byte	0x92
 210 0092 07       		.uleb128 0x7
 211 0093 85000000 		.4byte	0x85
 212 0097 08       		.uleb128 0x8
 213 0098 73746400 		.ascii	"std\000"
 214 009c 06       		.byte	0x6
 215 009d 00       		.byte	0
 216 009e BF000000 		.4byte	0xbf
 217 00a2 09       		.uleb128 0x9
 218 00a3 04       		.byte	0x4
 219 00a4 52       		.byte	0x52
 220 00a5 BF000000 		.4byte	0xbf
 221 00a9 09       		.uleb128 0x9
 222 00aa 04       		.byte	0x4
 223 00ab 55       		.byte	0x55
 224 00ac D9000000 		.4byte	0xd9
 225 00b0 09       		.uleb128 0x9
 226 00b1 04       		.byte	0x4
 227 00b2 5B       		.byte	0x5b
ARM GAS  /tmp/ccp5tRNK.s 			page 5


 228 00b3 EE000000 		.4byte	0xee
 229 00b7 09       		.uleb128 0x9
 230 00b8 04       		.byte	0x4
 231 00b9 5C       		.byte	0x5c
 232 00ba 08010000 		.4byte	0x108
 233 00be 00       		.byte	0
 234 00bf 0A       		.uleb128 0xa
 235 00c0 61060000 		.4byte	.LASF11
 236 00c4 05       		.byte	0x5
 237 00c5 1D       		.byte	0x1d
 238 00c6 25000000 		.4byte	0x25
 239 00ca D9000000 		.4byte	0xd9
 240 00ce 0B       		.uleb128 0xb
 241 00cf 8C000000 		.4byte	0x8c
 242 00d3 0B       		.uleb128 0xb
 243 00d4 8C000000 		.4byte	0x8c
 244 00d8 00       		.byte	0
 245 00d9 0A       		.uleb128 0xa
 246 00da FD010000 		.4byte	.LASF12
 247 00de 05       		.byte	0x5
 248 00df 20       		.byte	0x20
 249 00e0 7F000000 		.4byte	0x7f
 250 00e4 EE000000 		.4byte	0xee
 251 00e8 0B       		.uleb128 0xb
 252 00e9 25000000 		.4byte	0x25
 253 00ed 00       		.byte	0
 254 00ee 0A       		.uleb128 0xa
 255 00ef 4B030000 		.4byte	.LASF13
 256 00f3 05       		.byte	0x5
 257 00f4 2A       		.byte	0x2a
 258 00f5 7F000000 		.4byte	0x7f
 259 00f9 08010000 		.4byte	0x108
 260 00fd 0B       		.uleb128 0xb
 261 00fe 7F000000 		.4byte	0x7f
 262 0102 0B       		.uleb128 0xb
 263 0103 8C000000 		.4byte	0x8c
 264 0107 00       		.byte	0
 265 0108 0A       		.uleb128 0xa
 266 0109 64080000 		.4byte	.LASF14
 267 010d 05       		.byte	0x5
 268 010e 2C       		.byte	0x2c
 269 010f 2C000000 		.4byte	0x2c
 270 0113 27010000 		.4byte	0x127
 271 0117 0B       		.uleb128 0xb
 272 0118 7F000000 		.4byte	0x7f
 273 011c 0B       		.uleb128 0xb
 274 011d 8C000000 		.4byte	0x8c
 275 0121 0B       		.uleb128 0xb
 276 0122 2C000000 		.4byte	0x2c
 277 0126 00       		.byte	0
 278 0127 08       		.uleb128 0x8
 279 0128 72327000 		.ascii	"r2p\000"
 280 012c 01       		.byte	0x1
 281 012d 03       		.byte	0x3
 282 012e 27060000 		.4byte	0x627
 283 0132 0C       		.uleb128 0xc
 284 0133 A4020000 		.4byte	.LASF15
ARM GAS  /tmp/ccp5tRNK.s 			page 6


 285 0137 01       		.byte	0x1
 286 0138 01       		.byte	0x1
 287 0139 06       		.byte	0x6
 288 013a 92010000 		.4byte	0x192
 289 013e 0D       		.uleb128 0xd
 290 013f A4020000 		.4byte	.LASF15
 291 0143 01       		.byte	0x1
 292 0144 09       		.byte	0x9
 293 0145 27060000 		.4byte	0x627
 294 0149 51010000 		.4byte	0x151
 295 014d 5C010000 		.4byte	0x15c
 296 0151 0E       		.uleb128 0xe
 297 0152 27060000 		.4byte	0x627
 298 0156 0B       		.uleb128 0xb
 299 0157 2D060000 		.4byte	0x62d
 300 015b 00       		.byte	0
 301 015c 0F       		.uleb128 0xf
 302 015d A4020000 		.4byte	.LASF15
 303 0161 01       		.byte	0x1
 304 0162 14       		.byte	0x14
 305 0163 27060000 		.4byte	0x627
 306 0167 02       		.byte	0x2
 307 0168 70010000 		.4byte	0x170
 308 016c 76010000 		.4byte	0x176
 309 0170 0E       		.uleb128 0xe
 310 0171 27060000 		.4byte	0x627
 311 0175 00       		.byte	0
 312 0176 10       		.uleb128 0x10
 313 0177 05000000 		.4byte	.LASF16
 314 017b 01       		.byte	0x1
 315 017c 15       		.byte	0x15
 316 017d 7D000000 		.4byte	0x7d
 317 0181 02       		.byte	0x2
 318 0182 86010000 		.4byte	0x186
 319 0186 0E       		.uleb128 0xe
 320 0187 27060000 		.4byte	0x627
 321 018b 0E       		.uleb128 0xe
 322 018c 25000000 		.4byte	0x25
 323 0190 00       		.byte	0
 324 0191 00       		.byte	0
 325 0192 07       		.uleb128 0x7
 326 0193 32010000 		.4byte	0x132
 327 0197 0C       		.uleb128 0xc
 328 0198 A2090000 		.4byte	.LASF17
 329 019c 08       		.byte	0x8
 330 019d 07       		.byte	0x7
 331 019e 0A       		.byte	0xa
 332 019f D7030000 		.4byte	0x3d7
 333 01a3 11       		.uleb128 0x11
 334 01a4 00000000 		.4byte	.LASF20
 335 01a8 08       		.byte	0x8
 336 01a9 07       		.byte	0x7
 337 01aa 0C       		.byte	0xc
 338 01ab 01       		.byte	0x1
 339 01ac E3010000 		.4byte	0x1e3
 340 01b0 12       		.uleb128 0x12
 341 01b1 B4020000 		.4byte	.LASF18
ARM GAS  /tmp/ccp5tRNK.s 			page 7


 342 01b5 07       		.byte	0x7
 343 01b6 0D       		.byte	0xd
 344 01b7 3A060000 		.4byte	0x63a
 345 01bb 00       		.byte	0
 346 01bc 12       		.uleb128 0x12
 347 01bd AE010000 		.4byte	.LASF19
 348 01c1 07       		.byte	0x7
 349 01c2 0E       		.byte	0xe
 350 01c3 7D000000 		.4byte	0x7d
 351 01c7 04       		.byte	0x4
 352 01c8 13       		.uleb128 0x13
 353 01c9 00000000 		.4byte	.LASF20
 354 01cd 07       		.byte	0x7
 355 01ce 10       		.byte	0x10
 356 01cf 3A060000 		.4byte	0x63a
 357 01d3 D7010000 		.4byte	0x1d7
 358 01d7 0E       		.uleb128 0xe
 359 01d8 3A060000 		.4byte	0x63a
 360 01dc 0B       		.uleb128 0xb
 361 01dd 7D000000 		.4byte	0x7d
 362 01e1 00       		.byte	0
 363 01e2 00       		.byte	0
 364 01e3 14       		.uleb128 0x14
 365 01e4 32010000 		.4byte	0x132
 366 01e8 00       		.byte	0
 367 01e9 12       		.uleb128 0x12
 368 01ea 34060000 		.4byte	.LASF21
 369 01ee 07       		.byte	0x7
 370 01ef 17       		.byte	0x17
 371 01f0 3A060000 		.4byte	0x63a
 372 01f4 00       		.byte	0
 373 01f5 12       		.uleb128 0x12
 374 01f6 81040000 		.4byte	.LASF22
 375 01fa 07       		.byte	0x7
 376 01fb 18       		.byte	0x18
 377 01fc 3A060000 		.4byte	0x63a
 378 0200 04       		.byte	0x4
 379 0201 15       		.uleb128 0x15
 380 0202 9F030000 		.4byte	.LASF23
 381 0206 07       		.byte	0x7
 382 0207 1B       		.byte	0x1b
 383 0208 F9030000 		.4byte	.LASF25
 384 020c 40060000 		.4byte	0x640
 385 0210 01       		.byte	0x1
 386 0211 19020000 		.4byte	0x219
 387 0215 1F020000 		.4byte	0x21f
 388 0219 0E       		.uleb128 0xe
 389 021a 46060000 		.4byte	0x646
 390 021e 00       		.byte	0
 391 021f 07       		.uleb128 0x7
 392 0220 A3010000 		.4byte	0x1a3
 393 0224 15       		.uleb128 0x15
 394 0225 ED010000 		.4byte	.LASF24
 395 0229 07       		.byte	0x7
 396 022a 1C       		.byte	0x1c
 397 022b 5D050000 		.4byte	.LASF26
 398 022f 40060000 		.4byte	0x640
ARM GAS  /tmp/ccp5tRNK.s 			page 8


 399 0233 01       		.byte	0x1
 400 0234 3C020000 		.4byte	0x23c
 401 0238 42020000 		.4byte	0x242
 402 023c 0E       		.uleb128 0xe
 403 023d 46060000 		.4byte	0x646
 404 0241 00       		.byte	0
 405 0242 15       		.uleb128 0x15
 406 0243 D3080000 		.4byte	.LASF27
 407 0247 07       		.byte	0x7
 408 0248 1D       		.byte	0x1d
 409 0249 C3010000 		.4byte	.LASF28
 410 024d 33060000 		.4byte	0x633
 411 0251 01       		.byte	0x1
 412 0252 5A020000 		.4byte	0x25a
 413 0256 60020000 		.4byte	0x260
 414 025a 0E       		.uleb128 0xe
 415 025b 46060000 		.4byte	0x646
 416 025f 00       		.byte	0
 417 0260 16       		.uleb128 0x16
 418 0261 96090000 		.4byte	.LASF29
 419 0265 07       		.byte	0x7
 420 0266 1E       		.byte	0x1e
 421 0267 52030000 		.4byte	.LASF43
 422 026b 01       		.byte	0x1
 423 026c 74020000 		.4byte	0x274
 424 0270 7F020000 		.4byte	0x27f
 425 0274 0E       		.uleb128 0xe
 426 0275 4C060000 		.4byte	0x64c
 427 0279 0B       		.uleb128 0xb
 428 027a 52060000 		.4byte	0x652
 429 027e 00       		.byte	0
 430 027f 15       		.uleb128 0x15
 431 0280 BA020000 		.4byte	.LASF30
 432 0284 07       		.byte	0x7
 433 0285 1F       		.byte	0x1f
 434 0286 20080000 		.4byte	.LASF31
 435 028a 33060000 		.4byte	0x633
 436 028e 01       		.byte	0x1
 437 028f 97020000 		.4byte	0x297
 438 0293 A2020000 		.4byte	0x2a2
 439 0297 0E       		.uleb128 0xe
 440 0298 46060000 		.4byte	0x646
 441 029c 0B       		.uleb128 0xb
 442 029d 58060000 		.4byte	0x658
 443 02a1 00       		.byte	0
 444 02a2 15       		.uleb128 0x15
 445 02a3 AF030000 		.4byte	.LASF32
 446 02a7 07       		.byte	0x7
 447 02a8 20       		.byte	0x20
 448 02a9 27090000 		.4byte	.LASF33
 449 02ad 33060000 		.4byte	0x633
 450 02b1 01       		.byte	0x1
 451 02b2 BA020000 		.4byte	0x2ba
 452 02b6 C5020000 		.4byte	0x2c5
 453 02ba 0E       		.uleb128 0xe
 454 02bb 4C060000 		.4byte	0x64c
 455 02bf 0B       		.uleb128 0xb
ARM GAS  /tmp/ccp5tRNK.s 			page 9


 456 02c0 52060000 		.4byte	0x652
 457 02c4 00       		.byte	0
 458 02c5 15       		.uleb128 0x15
 459 02c6 7B080000 		.4byte	.LASF34
 460 02ca 07       		.byte	0x7
 461 02cb 21       		.byte	0x21
 462 02cc B5000000 		.4byte	.LASF35
 463 02d0 33060000 		.4byte	0x633
 464 02d4 01       		.byte	0x1
 465 02d5 DD020000 		.4byte	0x2dd
 466 02d9 E3020000 		.4byte	0x2e3
 467 02dd 0E       		.uleb128 0xe
 468 02de 4C060000 		.4byte	0x64c
 469 02e2 00       		.byte	0
 470 02e3 15       		.uleb128 0x15
 471 02e4 C4070000 		.4byte	.LASF36
 472 02e8 07       		.byte	0x7
 473 02e9 23       		.byte	0x23
 474 02ea 3F000000 		.4byte	.LASF37
 475 02ee 40060000 		.4byte	0x640
 476 02f2 01       		.byte	0x1
 477 02f3 FB020000 		.4byte	0x2fb
 478 02f7 01030000 		.4byte	0x301
 479 02fb 0E       		.uleb128 0xe
 480 02fc 46060000 		.4byte	0x646
 481 0300 00       		.byte	0
 482 0301 15       		.uleb128 0x15
 483 0302 69060000 		.4byte	.LASF38
 484 0306 07       		.byte	0x7
 485 0307 24       		.byte	0x24
 486 0308 FE070000 		.4byte	.LASF39
 487 030c 40060000 		.4byte	0x640
 488 0310 01       		.byte	0x1
 489 0311 19030000 		.4byte	0x319
 490 0315 1F030000 		.4byte	0x31f
 491 0319 0E       		.uleb128 0xe
 492 031a 46060000 		.4byte	0x646
 493 031e 00       		.byte	0
 494 031f 15       		.uleb128 0x15
 495 0320 58060000 		.4byte	.LASF40
 496 0324 07       		.byte	0x7
 497 0325 25       		.byte	0x25
 498 0326 DC070000 		.4byte	.LASF41
 499 032a 33060000 		.4byte	0x633
 500 032e 01       		.byte	0x1
 501 032f 37030000 		.4byte	0x337
 502 0333 3D030000 		.4byte	0x33d
 503 0337 0E       		.uleb128 0xe
 504 0338 46060000 		.4byte	0x646
 505 033c 00       		.byte	0
 506 033d 16       		.uleb128 0x16
 507 033e CE040000 		.4byte	.LASF42
 508 0342 07       		.byte	0x7
 509 0343 26       		.byte	0x26
 510 0344 7D020000 		.4byte	.LASF44
 511 0348 01       		.byte	0x1
 512 0349 51030000 		.4byte	0x351
ARM GAS  /tmp/ccp5tRNK.s 			page 10


 513 034d 5C030000 		.4byte	0x35c
 514 0351 0E       		.uleb128 0xe
 515 0352 4C060000 		.4byte	0x64c
 516 0356 0B       		.uleb128 0xb
 517 0357 52060000 		.4byte	0x652
 518 035b 00       		.byte	0
 519 035c 15       		.uleb128 0x15
 520 035d 58050000 		.4byte	.LASF45
 521 0361 07       		.byte	0x7
 522 0362 27       		.byte	0x27
 523 0363 18030000 		.4byte	.LASF46
 524 0367 33060000 		.4byte	0x633
 525 036b 01       		.byte	0x1
 526 036c 74030000 		.4byte	0x374
 527 0370 7F030000 		.4byte	0x37f
 528 0374 0E       		.uleb128 0xe
 529 0375 46060000 		.4byte	0x646
 530 0379 0B       		.uleb128 0xb
 531 037a 58060000 		.4byte	0x658
 532 037e 00       		.byte	0
 533 037f 15       		.uleb128 0x15
 534 0380 81030000 		.4byte	.LASF47
 535 0384 07       		.byte	0x7
 536 0385 28       		.byte	0x28
 537 0386 87080000 		.4byte	.LASF48
 538 038a 33060000 		.4byte	0x633
 539 038e 01       		.byte	0x1
 540 038f 97030000 		.4byte	0x397
 541 0393 A2030000 		.4byte	0x3a2
 542 0397 0E       		.uleb128 0xe
 543 0398 4C060000 		.4byte	0x64c
 544 039c 0B       		.uleb128 0xb
 545 039d 52060000 		.4byte	0x652
 546 03a1 00       		.byte	0
 547 03a2 15       		.uleb128 0x15
 548 03a3 3A000000 		.4byte	.LASF49
 549 03a7 07       		.byte	0x7
 550 03a8 29       		.byte	0x29
 551 03a9 1D000000 		.4byte	.LASF50
 552 03ad 33060000 		.4byte	0x633
 553 03b1 01       		.byte	0x1
 554 03b2 BA030000 		.4byte	0x3ba
 555 03b6 C0030000 		.4byte	0x3c0
 556 03ba 0E       		.uleb128 0xe
 557 03bb 4C060000 		.4byte	0x64c
 558 03bf 00       		.byte	0
 559 03c0 10       		.uleb128 0x10
 560 03c1 A2090000 		.4byte	.LASF17
 561 03c5 07       		.byte	0x7
 562 03c6 2C       		.byte	0x2c
 563 03c7 4C060000 		.4byte	0x64c
 564 03cb 01       		.byte	0x1
 565 03cc D0030000 		.4byte	0x3d0
 566 03d0 0E       		.uleb128 0xe
 567 03d1 4C060000 		.4byte	0x64c
 568 03d5 00       		.byte	0
 569 03d6 00       		.byte	0
ARM GAS  /tmp/ccp5tRNK.s 			page 11


 570 03d7 07       		.uleb128 0x7
 571 03d8 97010000 		.4byte	0x197
 572 03dc 0C       		.uleb128 0xc
 573 03dd F6040000 		.4byte	.LASF51
 574 03e1 0C       		.byte	0xc
 575 03e2 02       		.byte	0x2
 576 03e3 0A       		.byte	0xa
 577 03e4 F2050000 		.4byte	0x5f2
 578 03e8 14       		.uleb128 0x14
 579 03e9 32010000 		.4byte	0x132
 580 03ed 00       		.byte	0
 581 03ee 12       		.uleb128 0x12
 582 03ef 2F060000 		.4byte	.LASF52
 583 03f3 02       		.byte	0x2
 584 03f4 72       		.byte	0x72
 585 03f5 97010000 		.4byte	0x197
 586 03f9 04       		.byte	0x4
 587 03fa 17       		.uleb128 0x17
 588 03fb 00000000 		.4byte	.LASF20
 589 03ff 18       		.uleb128 0x18
 590 0400 B4010000 		.4byte	.LASF53
 591 0404 18       		.uleb128 0x18
 592 0405 72080000 		.4byte	.LASF54
 593 0409 15       		.uleb128 0x15
 594 040a D3080000 		.4byte	.LASF27
 595 040e 02       		.byte	0x2
 596 040f 75       		.byte	0x75
 597 0410 57090000 		.4byte	.LASF55
 598 0414 33060000 		.4byte	0x633
 599 0418 01       		.byte	0x1
 600 0419 21040000 		.4byte	0x421
 601 041d 27040000 		.4byte	0x427
 602 0421 0E       		.uleb128 0xe
 603 0422 5E060000 		.4byte	0x65e
 604 0426 00       		.byte	0
 605 0427 16       		.uleb128 0x16
 606 0428 96090000 		.4byte	.LASF29
 607 042c 02       		.byte	0x2
 608 042d 79       		.byte	0x79
 609 042e E3080000 		.4byte	.LASF56
 610 0432 01       		.byte	0x1
 611 0433 3B040000 		.4byte	0x43b
 612 0437 46040000 		.4byte	0x446
 613 043b 0E       		.uleb128 0xe
 614 043c 64060000 		.4byte	0x664
 615 0440 0B       		.uleb128 0xb
 616 0441 6A060000 		.4byte	0x66a
 617 0445 00       		.byte	0
 618 0446 15       		.uleb128 0x15
 619 0447 BA020000 		.4byte	.LASF30
 620 044b 02       		.byte	0x2
 621 044c 7D       		.byte	0x7d
 622 044d 87040000 		.4byte	.LASF57
 623 0451 33060000 		.4byte	0x633
 624 0455 01       		.byte	0x1
 625 0456 5E040000 		.4byte	0x45e
 626 045a 69040000 		.4byte	0x469
ARM GAS  /tmp/ccp5tRNK.s 			page 12


 627 045e 0E       		.uleb128 0xe
 628 045f 5E060000 		.4byte	0x65e
 629 0463 0B       		.uleb128 0xb
 630 0464 70060000 		.4byte	0x670
 631 0468 00       		.byte	0
 632 0469 07       		.uleb128 0x7
 633 046a FA030000 		.4byte	0x3fa
 634 046e 15       		.uleb128 0x15
 635 046f AF030000 		.4byte	.LASF32
 636 0473 02       		.byte	0x2
 637 0474 83       		.byte	0x83
 638 0475 38020000 		.4byte	.LASF58
 639 0479 33060000 		.4byte	0x633
 640 047d 01       		.byte	0x1
 641 047e 86040000 		.4byte	0x486
 642 0482 91040000 		.4byte	0x491
 643 0486 0E       		.uleb128 0xe
 644 0487 64060000 		.4byte	0x664
 645 048b 0B       		.uleb128 0xb
 646 048c 6A060000 		.4byte	0x66a
 647 0490 00       		.byte	0
 648 0491 15       		.uleb128 0x15
 649 0492 7B080000 		.4byte	.LASF34
 650 0496 02       		.byte	0x2
 651 0497 87       		.byte	0x87
 652 0498 61000000 		.4byte	.LASF59
 653 049c 33060000 		.4byte	0x633
 654 04a0 01       		.byte	0x1
 655 04a1 A9040000 		.4byte	0x4a9
 656 04a5 AF040000 		.4byte	0x4af
 657 04a9 0E       		.uleb128 0xe
 658 04aa 64060000 		.4byte	0x664
 659 04ae 00       		.byte	0
 660 04af 15       		.uleb128 0x15
 661 04b0 06030000 		.4byte	.LASF60
 662 04b4 02       		.byte	0x2
 663 04b5 8B       		.byte	0x8b
 664 04b6 DA000000 		.4byte	.LASF61
 665 04ba CD040000 		.4byte	0x4cd
 666 04be 01       		.byte	0x1
 667 04bf C7040000 		.4byte	0x4c7
 668 04c3 CD040000 		.4byte	0x4cd
 669 04c7 0E       		.uleb128 0xe
 670 04c8 5E060000 		.4byte	0x65e
 671 04cc 00       		.byte	0
 672 04cd 07       		.uleb128 0x7
 673 04ce FF030000 		.4byte	0x3ff
 674 04d2 15       		.uleb128 0x15
 675 04d3 4D060000 		.4byte	.LASF62
 676 04d7 02       		.byte	0x2
 677 04d8 91       		.byte	0x91
 678 04d9 F5050000 		.4byte	.LASF63
 679 04dd CD040000 		.4byte	0x4cd
 680 04e1 01       		.byte	0x1
 681 04e2 EA040000 		.4byte	0x4ea
 682 04e6 F0040000 		.4byte	0x4f0
 683 04ea 0E       		.uleb128 0xe
ARM GAS  /tmp/ccp5tRNK.s 			page 13


 684 04eb 5E060000 		.4byte	0x65e
 685 04ef 00       		.byte	0
 686 04f0 15       		.uleb128 0x15
 687 04f1 58060000 		.4byte	.LASF40
 688 04f5 02       		.byte	0x2
 689 04f6 95       		.byte	0x95
 690 04f7 77010000 		.4byte	.LASF64
 691 04fb 33060000 		.4byte	0x633
 692 04ff 01       		.byte	0x1
 693 0500 08050000 		.4byte	0x508
 694 0504 0E050000 		.4byte	0x50e
 695 0508 0E       		.uleb128 0xe
 696 0509 5E060000 		.4byte	0x65e
 697 050d 00       		.byte	0
 698 050e 16       		.uleb128 0x16
 699 050f CE040000 		.4byte	.LASF42
 700 0513 02       		.byte	0x2
 701 0514 99       		.byte	0x99
 702 0515 37040000 		.4byte	.LASF65
 703 0519 01       		.byte	0x1
 704 051a 22050000 		.4byte	0x522
 705 051e 2D050000 		.4byte	0x52d
 706 0522 0E       		.uleb128 0xe
 707 0523 64060000 		.4byte	0x664
 708 0527 0B       		.uleb128 0xb
 709 0528 6A060000 		.4byte	0x66a
 710 052c 00       		.byte	0
 711 052d 15       		.uleb128 0x15
 712 052e 58050000 		.4byte	.LASF45
 713 0532 02       		.byte	0x2
 714 0533 9D       		.byte	0x9d
 715 0534 87050000 		.4byte	.LASF66
 716 0538 33060000 		.4byte	0x633
 717 053c 01       		.byte	0x1
 718 053d 45050000 		.4byte	0x545
 719 0541 50050000 		.4byte	0x550
 720 0545 0E       		.uleb128 0xe
 721 0546 5E060000 		.4byte	0x65e
 722 054a 0B       		.uleb128 0xb
 723 054b 70060000 		.4byte	0x670
 724 054f 00       		.byte	0
 725 0550 15       		.uleb128 0x15
 726 0551 81030000 		.4byte	.LASF47
 727 0555 02       		.byte	0x2
 728 0556 A1       		.byte	0xa1
 729 0557 BC030000 		.4byte	.LASF67
 730 055b 33060000 		.4byte	0x633
 731 055f 01       		.byte	0x1
 732 0560 68050000 		.4byte	0x568
 733 0564 73050000 		.4byte	0x573
 734 0568 0E       		.uleb128 0xe
 735 0569 64060000 		.4byte	0x664
 736 056d 0B       		.uleb128 0xb
 737 056e 6A060000 		.4byte	0x66a
 738 0572 00       		.byte	0
 739 0573 15       		.uleb128 0x15
 740 0574 3A000000 		.4byte	.LASF49
ARM GAS  /tmp/ccp5tRNK.s 			page 14


 741 0578 02       		.byte	0x2
 742 0579 A5       		.byte	0xa5
 743 057a C6020000 		.4byte	.LASF68
 744 057e 33060000 		.4byte	0x633
 745 0582 01       		.byte	0x1
 746 0583 8B050000 		.4byte	0x58b
 747 0587 91050000 		.4byte	0x591
 748 058b 0E       		.uleb128 0xe
 749 058c 64060000 		.4byte	0x664
 750 0590 00       		.byte	0
 751 0591 15       		.uleb128 0x15
 752 0592 6C080000 		.4byte	.LASF69
 753 0596 02       		.byte	0x2
 754 0597 A9       		.byte	0xa9
 755 0598 24050000 		.4byte	.LASF70
 756 059c AF050000 		.4byte	0x5af
 757 05a0 01       		.byte	0x1
 758 05a1 A9050000 		.4byte	0x5a9
 759 05a5 AF050000 		.4byte	0x5af
 760 05a9 0E       		.uleb128 0xe
 761 05aa 5E060000 		.4byte	0x65e
 762 05ae 00       		.byte	0
 763 05af 07       		.uleb128 0x7
 764 05b0 04040000 		.4byte	0x404
 765 05b4 19       		.uleb128 0x19
 766 05b5 656E6400 		.ascii	"end\000"
 767 05b9 02       		.byte	0x2
 768 05ba AD       		.byte	0xad
 769 05bb 06020000 		.4byte	.LASF82
 770 05bf AF050000 		.4byte	0x5af
 771 05c3 01       		.byte	0x1
 772 05c4 CC050000 		.4byte	0x5cc
 773 05c8 D2050000 		.4byte	0x5d2
 774 05cc 0E       		.uleb128 0xe
 775 05cd 5E060000 		.4byte	0x65e
 776 05d1 00       		.byte	0
 777 05d2 1A       		.uleb128 0x1a
 778 05d3 11000000 		.4byte	.LASF71
 779 05d7 64060000 		.4byte	0x664
 780 05db 01       		.byte	0x1
 781 05dc E4050000 		.4byte	0x5e4
 782 05e0 EA050000 		.4byte	0x5ea
 783 05e4 0E       		.uleb128 0xe
 784 05e5 64060000 		.4byte	0x664
 785 05e9 00       		.byte	0
 786 05ea 1B       		.uleb128 0x1b
 787 05eb 5400     		.ascii	"T\000"
 788 05ed 21060000 		.4byte	0x621
 789 05f1 00       		.byte	0
 790 05f2 07       		.uleb128 0x7
 791 05f3 DC030000 		.4byte	0x3dc
 792 05f7 0C       		.uleb128 0xc
 793 05f8 23040000 		.4byte	.LASF72
 794 05fc 0C       		.byte	0xc
 795 05fd 08       		.byte	0x8
 796 05fe 0B       		.byte	0xb
 797 05ff 21060000 		.4byte	0x621
ARM GAS  /tmp/ccp5tRNK.s 			page 15


 798 0603 1C       		.uleb128 0x1c
 799 0604 DC030000 		.4byte	0x3dc
 800 0608 00       		.byte	0
 801 0609 01       		.byte	0x1
 802 060a 10       		.uleb128 0x10
 803 060b 23040000 		.4byte	.LASF72
 804 060f 08       		.byte	0x8
 805 0610 0D       		.byte	0xd
 806 0611 7C060000 		.4byte	0x67c
 807 0615 01       		.byte	0x1
 808 0616 1A060000 		.4byte	0x61a
 809 061a 0E       		.uleb128 0xe
 810 061b 7C060000 		.4byte	0x67c
 811 061f 00       		.byte	0
 812 0620 00       		.byte	0
 813 0621 18       		.uleb128 0x18
 814 0622 CD070000 		.4byte	.LASF73
 815 0626 00       		.byte	0
 816 0627 06       		.uleb128 0x6
 817 0628 04       		.byte	0x4
 818 0629 32010000 		.4byte	0x132
 819 062d 1D       		.uleb128 0x1d
 820 062e 04       		.byte	0x4
 821 062f 92010000 		.4byte	0x192
 822 0633 04       		.uleb128 0x4
 823 0634 01       		.byte	0x1
 824 0635 02       		.byte	0x2
 825 0636 AF020000 		.4byte	.LASF74
 826 063a 06       		.uleb128 0x6
 827 063b 04       		.byte	0x4
 828 063c A3010000 		.4byte	0x1a3
 829 0640 06       		.uleb128 0x6
 830 0641 04       		.byte	0x4
 831 0642 1F020000 		.4byte	0x21f
 832 0646 06       		.uleb128 0x6
 833 0647 04       		.byte	0x4
 834 0648 D7030000 		.4byte	0x3d7
 835 064c 06       		.uleb128 0x6
 836 064d 04       		.byte	0x4
 837 064e 97010000 		.4byte	0x197
 838 0652 1D       		.uleb128 0x1d
 839 0653 04       		.byte	0x4
 840 0654 A3010000 		.4byte	0x1a3
 841 0658 1D       		.uleb128 0x1d
 842 0659 04       		.byte	0x4
 843 065a 40060000 		.4byte	0x640
 844 065e 06       		.uleb128 0x6
 845 065f 04       		.byte	0x4
 846 0660 F2050000 		.4byte	0x5f2
 847 0664 06       		.uleb128 0x6
 848 0665 04       		.byte	0x4
 849 0666 DC030000 		.4byte	0x3dc
 850 066a 1D       		.uleb128 0x1d
 851 066b 04       		.byte	0x4
 852 066c FA030000 		.4byte	0x3fa
 853 0670 1D       		.uleb128 0x1d
 854 0671 04       		.byte	0x4
ARM GAS  /tmp/ccp5tRNK.s 			page 16


 855 0672 76060000 		.4byte	0x676
 856 0676 06       		.uleb128 0x6
 857 0677 04       		.byte	0x4
 858 0678 69040000 		.4byte	0x469
 859 067c 06       		.uleb128 0x6
 860 067d 04       		.byte	0x4
 861 067e F7050000 		.4byte	0x5f7
 862 0682 1E       		.uleb128 0x1e
 863 0683 5C010000 		.4byte	0x15c
 864 0687 02       		.byte	0x2
 865 0688 90060000 		.4byte	0x690
 866 068c 9A060000 		.4byte	0x69a
 867 0690 1F       		.uleb128 0x1f
 868 0691 72060000 		.4byte	.LASF75
 869 0695 9A060000 		.4byte	0x69a
 870 0699 00       		.byte	0
 871 069a 07       		.uleb128 0x7
 872 069b 27060000 		.4byte	0x627
 873 069f 20       		.uleb128 0x20
 874 06a0 82060000 		.4byte	0x682
 875 06a4 87030000 		.4byte	.LASF76
 876 06a8 00000000 		.4byte	.LFB6
 877 06ac 0C000000 		.4byte	.LFE6-.LFB6
 878 06b0 01       		.uleb128 0x1
 879 06b1 9C       		.byte	0x9c
 880 06b2 BA060000 		.4byte	0x6ba
 881 06b6 C3060000 		.4byte	0x6c3
 882 06ba 21       		.uleb128 0x21
 883 06bb 90060000 		.4byte	0x690
 884 06bf 02       		.uleb128 0x2
 885 06c0 91       		.byte	0x91
 886 06c1 7C       		.sleb128 -4
 887 06c2 00       		.byte	0
 888 06c3 22       		.uleb128 0x22
 889 06c4 D2050000 		.4byte	0x5d2
 890 06c8 02       		.byte	0x2
 891 06c9 0A       		.byte	0xa
 892 06ca 02       		.byte	0x2
 893 06cb D3060000 		.4byte	0x6d3
 894 06cf DD060000 		.4byte	0x6dd
 895 06d3 1F       		.uleb128 0x1f
 896 06d4 72060000 		.4byte	.LASF75
 897 06d8 DD060000 		.4byte	0x6dd
 898 06dc 00       		.byte	0
 899 06dd 07       		.uleb128 0x7
 900 06de 64060000 		.4byte	0x664
 901 06e2 23       		.uleb128 0x23
 902 06e3 C3060000 		.4byte	0x6c3
 903 06e7 C6050000 		.4byte	.LASF77
 904 06eb 00000000 		.4byte	.LFB77
 905 06ef 20000000 		.4byte	.LFE77-.LFB77
 906 06f3 01       		.uleb128 0x1
 907 06f4 9C       		.byte	0x9c
 908 06f5 FD060000 		.4byte	0x6fd
 909 06f9 06070000 		.4byte	0x706
 910 06fd 21       		.uleb128 0x21
 911 06fe D3060000 		.4byte	0x6d3
ARM GAS  /tmp/ccp5tRNK.s 			page 17


 912 0702 02       		.uleb128 0x2
 913 0703 91       		.byte	0x91
 914 0704 74       		.sleb128 -12
 915 0705 00       		.byte	0
 916 0706 22       		.uleb128 0x22
 917 0707 0A060000 		.4byte	0x60a
 918 070b 03       		.byte	0x3
 919 070c 07       		.byte	0x7
 920 070d 00       		.byte	0
 921 070e 16070000 		.4byte	0x716
 922 0712 20070000 		.4byte	0x720
 923 0716 1F       		.uleb128 0x1f
 924 0717 72060000 		.4byte	.LASF75
 925 071b 20070000 		.4byte	0x720
 926 071f 00       		.byte	0
 927 0720 07       		.uleb128 0x7
 928 0721 7C060000 		.4byte	0x67c
 929 0725 24       		.uleb128 0x24
 930 0726 06070000 		.4byte	0x706
 931 072a 16010000 		.4byte	.LASF83
 932 072e 00000000 		.4byte	.LFB82
 933 0732 18000000 		.4byte	.LFE82-.LFB82
 934 0736 01       		.uleb128 0x1
 935 0737 9C       		.byte	0x9c
 936 0738 3C070000 		.4byte	0x73c
 937 073c 21       		.uleb128 0x21
 938 073d 16070000 		.4byte	0x716
 939 0741 02       		.uleb128 0x2
 940 0742 91       		.byte	0x91
 941 0743 74       		.sleb128 -12
 942 0744 00       		.byte	0
 943 0745 00       		.byte	0
 944              		.section	.debug_abbrev,"",%progbits
 945              	.Ldebug_abbrev0:
 946 0000 01       		.uleb128 0x1
 947 0001 11       		.uleb128 0x11
 948 0002 01       		.byte	0x1
 949 0003 25       		.uleb128 0x25
 950 0004 0E       		.uleb128 0xe
 951 0005 13       		.uleb128 0x13
 952 0006 0B       		.uleb128 0xb
 953 0007 03       		.uleb128 0x3
 954 0008 0E       		.uleb128 0xe
 955 0009 1B       		.uleb128 0x1b
 956 000a 0E       		.uleb128 0xe
 957 000b 55       		.uleb128 0x55
 958 000c 17       		.uleb128 0x17
 959 000d 11       		.uleb128 0x11
 960 000e 01       		.uleb128 0x1
 961 000f 10       		.uleb128 0x10
 962 0010 17       		.uleb128 0x17
 963 0011 00       		.byte	0
 964 0012 00       		.byte	0
 965 0013 02       		.uleb128 0x2
 966 0014 24       		.uleb128 0x24
 967 0015 00       		.byte	0
 968 0016 0B       		.uleb128 0xb
ARM GAS  /tmp/ccp5tRNK.s 			page 18


 969 0017 0B       		.uleb128 0xb
 970 0018 3E       		.uleb128 0x3e
 971 0019 0B       		.uleb128 0xb
 972 001a 03       		.uleb128 0x3
 973 001b 08       		.uleb128 0x8
 974 001c 00       		.byte	0
 975 001d 00       		.byte	0
 976 001e 03       		.uleb128 0x3
 977 001f 16       		.uleb128 0x16
 978 0020 00       		.byte	0
 979 0021 03       		.uleb128 0x3
 980 0022 0E       		.uleb128 0xe
 981 0023 3A       		.uleb128 0x3a
 982 0024 0B       		.uleb128 0xb
 983 0025 3B       		.uleb128 0x3b
 984 0026 0B       		.uleb128 0xb
 985 0027 49       		.uleb128 0x49
 986 0028 13       		.uleb128 0x13
 987 0029 00       		.byte	0
 988 002a 00       		.byte	0
 989 002b 04       		.uleb128 0x4
 990 002c 24       		.uleb128 0x24
 991 002d 00       		.byte	0
 992 002e 0B       		.uleb128 0xb
 993 002f 0B       		.uleb128 0xb
 994 0030 3E       		.uleb128 0x3e
 995 0031 0B       		.uleb128 0xb
 996 0032 03       		.uleb128 0x3
 997 0033 0E       		.uleb128 0xe
 998 0034 00       		.byte	0
 999 0035 00       		.byte	0
 1000 0036 05       		.uleb128 0x5
 1001 0037 0F       		.uleb128 0xf
 1002 0038 00       		.byte	0
 1003 0039 0B       		.uleb128 0xb
 1004 003a 0B       		.uleb128 0xb
 1005 003b 00       		.byte	0
 1006 003c 00       		.byte	0
 1007 003d 06       		.uleb128 0x6
 1008 003e 0F       		.uleb128 0xf
 1009 003f 00       		.byte	0
 1010 0040 0B       		.uleb128 0xb
 1011 0041 0B       		.uleb128 0xb
 1012 0042 49       		.uleb128 0x49
 1013 0043 13       		.uleb128 0x13
 1014 0044 00       		.byte	0
 1015 0045 00       		.byte	0
 1016 0046 07       		.uleb128 0x7
 1017 0047 26       		.uleb128 0x26
 1018 0048 00       		.byte	0
 1019 0049 49       		.uleb128 0x49
 1020 004a 13       		.uleb128 0x13
 1021 004b 00       		.byte	0
 1022 004c 00       		.byte	0
 1023 004d 08       		.uleb128 0x8
 1024 004e 39       		.uleb128 0x39
 1025 004f 01       		.byte	0x1
ARM GAS  /tmp/ccp5tRNK.s 			page 19


 1026 0050 03       		.uleb128 0x3
 1027 0051 08       		.uleb128 0x8
 1028 0052 3A       		.uleb128 0x3a
 1029 0053 0B       		.uleb128 0xb
 1030 0054 3B       		.uleb128 0x3b
 1031 0055 0B       		.uleb128 0xb
 1032 0056 01       		.uleb128 0x1
 1033 0057 13       		.uleb128 0x13
 1034 0058 00       		.byte	0
 1035 0059 00       		.byte	0
 1036 005a 09       		.uleb128 0x9
 1037 005b 08       		.uleb128 0x8
 1038 005c 00       		.byte	0
 1039 005d 3A       		.uleb128 0x3a
 1040 005e 0B       		.uleb128 0xb
 1041 005f 3B       		.uleb128 0x3b
 1042 0060 0B       		.uleb128 0xb
 1043 0061 18       		.uleb128 0x18
 1044 0062 13       		.uleb128 0x13
 1045 0063 00       		.byte	0
 1046 0064 00       		.byte	0
 1047 0065 0A       		.uleb128 0xa
 1048 0066 2E       		.uleb128 0x2e
 1049 0067 01       		.byte	0x1
 1050 0068 3F       		.uleb128 0x3f
 1051 0069 19       		.uleb128 0x19
 1052 006a 03       		.uleb128 0x3
 1053 006b 0E       		.uleb128 0xe
 1054 006c 3A       		.uleb128 0x3a
 1055 006d 0B       		.uleb128 0xb
 1056 006e 3B       		.uleb128 0x3b
 1057 006f 0B       		.uleb128 0xb
 1058 0070 49       		.uleb128 0x49
 1059 0071 13       		.uleb128 0x13
 1060 0072 3C       		.uleb128 0x3c
 1061 0073 19       		.uleb128 0x19
 1062 0074 01       		.uleb128 0x1
 1063 0075 13       		.uleb128 0x13
 1064 0076 00       		.byte	0
 1065 0077 00       		.byte	0
 1066 0078 0B       		.uleb128 0xb
 1067 0079 05       		.uleb128 0x5
 1068 007a 00       		.byte	0
 1069 007b 49       		.uleb128 0x49
 1070 007c 13       		.uleb128 0x13
 1071 007d 00       		.byte	0
 1072 007e 00       		.byte	0
 1073 007f 0C       		.uleb128 0xc
 1074 0080 02       		.uleb128 0x2
 1075 0081 01       		.byte	0x1
 1076 0082 03       		.uleb128 0x3
 1077 0083 0E       		.uleb128 0xe
 1078 0084 0B       		.uleb128 0xb
 1079 0085 0B       		.uleb128 0xb
 1080 0086 3A       		.uleb128 0x3a
 1081 0087 0B       		.uleb128 0xb
 1082 0088 3B       		.uleb128 0x3b
ARM GAS  /tmp/ccp5tRNK.s 			page 20


 1083 0089 0B       		.uleb128 0xb
 1084 008a 01       		.uleb128 0x1
 1085 008b 13       		.uleb128 0x13
 1086 008c 00       		.byte	0
 1087 008d 00       		.byte	0
 1088 008e 0D       		.uleb128 0xd
 1089 008f 2E       		.uleb128 0x2e
 1090 0090 01       		.byte	0x1
 1091 0091 3F       		.uleb128 0x3f
 1092 0092 19       		.uleb128 0x19
 1093 0093 03       		.uleb128 0x3
 1094 0094 0E       		.uleb128 0xe
 1095 0095 3A       		.uleb128 0x3a
 1096 0096 0B       		.uleb128 0xb
 1097 0097 3B       		.uleb128 0x3b
 1098 0098 0B       		.uleb128 0xb
 1099 0099 49       		.uleb128 0x49
 1100 009a 13       		.uleb128 0x13
 1101 009b 3C       		.uleb128 0x3c
 1102 009c 19       		.uleb128 0x19
 1103 009d 64       		.uleb128 0x64
 1104 009e 13       		.uleb128 0x13
 1105 009f 01       		.uleb128 0x1
 1106 00a0 13       		.uleb128 0x13
 1107 00a1 00       		.byte	0
 1108 00a2 00       		.byte	0
 1109 00a3 0E       		.uleb128 0xe
 1110 00a4 05       		.uleb128 0x5
 1111 00a5 00       		.byte	0
 1112 00a6 49       		.uleb128 0x49
 1113 00a7 13       		.uleb128 0x13
 1114 00a8 34       		.uleb128 0x34
 1115 00a9 19       		.uleb128 0x19
 1116 00aa 00       		.byte	0
 1117 00ab 00       		.byte	0
 1118 00ac 0F       		.uleb128 0xf
 1119 00ad 2E       		.uleb128 0x2e
 1120 00ae 01       		.byte	0x1
 1121 00af 3F       		.uleb128 0x3f
 1122 00b0 19       		.uleb128 0x19
 1123 00b1 03       		.uleb128 0x3
 1124 00b2 0E       		.uleb128 0xe
 1125 00b3 3A       		.uleb128 0x3a
 1126 00b4 0B       		.uleb128 0xb
 1127 00b5 3B       		.uleb128 0x3b
 1128 00b6 0B       		.uleb128 0xb
 1129 00b7 49       		.uleb128 0x49
 1130 00b8 13       		.uleb128 0x13
 1131 00b9 32       		.uleb128 0x32
 1132 00ba 0B       		.uleb128 0xb
 1133 00bb 3C       		.uleb128 0x3c
 1134 00bc 19       		.uleb128 0x19
 1135 00bd 64       		.uleb128 0x64
 1136 00be 13       		.uleb128 0x13
 1137 00bf 01       		.uleb128 0x1
 1138 00c0 13       		.uleb128 0x13
 1139 00c1 00       		.byte	0
ARM GAS  /tmp/ccp5tRNK.s 			page 21


 1140 00c2 00       		.byte	0
 1141 00c3 10       		.uleb128 0x10
 1142 00c4 2E       		.uleb128 0x2e
 1143 00c5 01       		.byte	0x1
 1144 00c6 3F       		.uleb128 0x3f
 1145 00c7 19       		.uleb128 0x19
 1146 00c8 03       		.uleb128 0x3
 1147 00c9 0E       		.uleb128 0xe
 1148 00ca 3A       		.uleb128 0x3a
 1149 00cb 0B       		.uleb128 0xb
 1150 00cc 3B       		.uleb128 0x3b
 1151 00cd 0B       		.uleb128 0xb
 1152 00ce 49       		.uleb128 0x49
 1153 00cf 13       		.uleb128 0x13
 1154 00d0 32       		.uleb128 0x32
 1155 00d1 0B       		.uleb128 0xb
 1156 00d2 3C       		.uleb128 0x3c
 1157 00d3 19       		.uleb128 0x19
 1158 00d4 64       		.uleb128 0x64
 1159 00d5 13       		.uleb128 0x13
 1160 00d6 00       		.byte	0
 1161 00d7 00       		.byte	0
 1162 00d8 11       		.uleb128 0x11
 1163 00d9 13       		.uleb128 0x13
 1164 00da 01       		.byte	0x1
 1165 00db 03       		.uleb128 0x3
 1166 00dc 0E       		.uleb128 0xe
 1167 00dd 0B       		.uleb128 0xb
 1168 00de 0B       		.uleb128 0xb
 1169 00df 3A       		.uleb128 0x3a
 1170 00e0 0B       		.uleb128 0xb
 1171 00e1 3B       		.uleb128 0x3b
 1172 00e2 0B       		.uleb128 0xb
 1173 00e3 32       		.uleb128 0x32
 1174 00e4 0B       		.uleb128 0xb
 1175 00e5 01       		.uleb128 0x1
 1176 00e6 13       		.uleb128 0x13
 1177 00e7 00       		.byte	0
 1178 00e8 00       		.byte	0
 1179 00e9 12       		.uleb128 0x12
 1180 00ea 0D       		.uleb128 0xd
 1181 00eb 00       		.byte	0
 1182 00ec 03       		.uleb128 0x3
 1183 00ed 0E       		.uleb128 0xe
 1184 00ee 3A       		.uleb128 0x3a
 1185 00ef 0B       		.uleb128 0xb
 1186 00f0 3B       		.uleb128 0x3b
 1187 00f1 0B       		.uleb128 0xb
 1188 00f2 49       		.uleb128 0x49
 1189 00f3 13       		.uleb128 0x13
 1190 00f4 38       		.uleb128 0x38
 1191 00f5 0B       		.uleb128 0xb
 1192 00f6 00       		.byte	0
 1193 00f7 00       		.byte	0
 1194 00f8 13       		.uleb128 0x13
 1195 00f9 2E       		.uleb128 0x2e
 1196 00fa 01       		.byte	0x1
ARM GAS  /tmp/ccp5tRNK.s 			page 22


 1197 00fb 3F       		.uleb128 0x3f
 1198 00fc 19       		.uleb128 0x19
 1199 00fd 03       		.uleb128 0x3
 1200 00fe 0E       		.uleb128 0xe
 1201 00ff 3A       		.uleb128 0x3a
 1202 0100 0B       		.uleb128 0xb
 1203 0101 3B       		.uleb128 0x3b
 1204 0102 0B       		.uleb128 0xb
 1205 0103 49       		.uleb128 0x49
 1206 0104 13       		.uleb128 0x13
 1207 0105 3C       		.uleb128 0x3c
 1208 0106 19       		.uleb128 0x19
 1209 0107 64       		.uleb128 0x64
 1210 0108 13       		.uleb128 0x13
 1211 0109 00       		.byte	0
 1212 010a 00       		.byte	0
 1213 010b 14       		.uleb128 0x14
 1214 010c 1C       		.uleb128 0x1c
 1215 010d 00       		.byte	0
 1216 010e 49       		.uleb128 0x49
 1217 010f 13       		.uleb128 0x13
 1218 0110 38       		.uleb128 0x38
 1219 0111 0B       		.uleb128 0xb
 1220 0112 00       		.byte	0
 1221 0113 00       		.byte	0
 1222 0114 15       		.uleb128 0x15
 1223 0115 2E       		.uleb128 0x2e
 1224 0116 01       		.byte	0x1
 1225 0117 3F       		.uleb128 0x3f
 1226 0118 19       		.uleb128 0x19
 1227 0119 03       		.uleb128 0x3
 1228 011a 0E       		.uleb128 0xe
 1229 011b 3A       		.uleb128 0x3a
 1230 011c 0B       		.uleb128 0xb
 1231 011d 3B       		.uleb128 0x3b
 1232 011e 0B       		.uleb128 0xb
 1233 011f 6E       		.uleb128 0x6e
 1234 0120 0E       		.uleb128 0xe
 1235 0121 49       		.uleb128 0x49
 1236 0122 13       		.uleb128 0x13
 1237 0123 32       		.uleb128 0x32
 1238 0124 0B       		.uleb128 0xb
 1239 0125 3C       		.uleb128 0x3c
 1240 0126 19       		.uleb128 0x19
 1241 0127 64       		.uleb128 0x64
 1242 0128 13       		.uleb128 0x13
 1243 0129 01       		.uleb128 0x1
 1244 012a 13       		.uleb128 0x13
 1245 012b 00       		.byte	0
 1246 012c 00       		.byte	0
 1247 012d 16       		.uleb128 0x16
 1248 012e 2E       		.uleb128 0x2e
 1249 012f 01       		.byte	0x1
 1250 0130 3F       		.uleb128 0x3f
 1251 0131 19       		.uleb128 0x19
 1252 0132 03       		.uleb128 0x3
 1253 0133 0E       		.uleb128 0xe
ARM GAS  /tmp/ccp5tRNK.s 			page 23


 1254 0134 3A       		.uleb128 0x3a
 1255 0135 0B       		.uleb128 0xb
 1256 0136 3B       		.uleb128 0x3b
 1257 0137 0B       		.uleb128 0xb
 1258 0138 6E       		.uleb128 0x6e
 1259 0139 0E       		.uleb128 0xe
 1260 013a 32       		.uleb128 0x32
 1261 013b 0B       		.uleb128 0xb
 1262 013c 3C       		.uleb128 0x3c
 1263 013d 19       		.uleb128 0x19
 1264 013e 64       		.uleb128 0x64
 1265 013f 13       		.uleb128 0x13
 1266 0140 01       		.uleb128 0x1
 1267 0141 13       		.uleb128 0x13
 1268 0142 00       		.byte	0
 1269 0143 00       		.byte	0
 1270 0144 17       		.uleb128 0x17
 1271 0145 13       		.uleb128 0x13
 1272 0146 00       		.byte	0
 1273 0147 03       		.uleb128 0x3
 1274 0148 0E       		.uleb128 0xe
 1275 0149 3C       		.uleb128 0x3c
 1276 014a 19       		.uleb128 0x19
 1277 014b 00       		.byte	0
 1278 014c 00       		.byte	0
 1279 014d 18       		.uleb128 0x18
 1280 014e 02       		.uleb128 0x2
 1281 014f 00       		.byte	0
 1282 0150 03       		.uleb128 0x3
 1283 0151 0E       		.uleb128 0xe
 1284 0152 3C       		.uleb128 0x3c
 1285 0153 19       		.uleb128 0x19
 1286 0154 00       		.byte	0
 1287 0155 00       		.byte	0
 1288 0156 19       		.uleb128 0x19
 1289 0157 2E       		.uleb128 0x2e
 1290 0158 01       		.byte	0x1
 1291 0159 3F       		.uleb128 0x3f
 1292 015a 19       		.uleb128 0x19
 1293 015b 03       		.uleb128 0x3
 1294 015c 08       		.uleb128 0x8
 1295 015d 3A       		.uleb128 0x3a
 1296 015e 0B       		.uleb128 0xb
 1297 015f 3B       		.uleb128 0x3b
 1298 0160 0B       		.uleb128 0xb
 1299 0161 6E       		.uleb128 0x6e
 1300 0162 0E       		.uleb128 0xe
 1301 0163 49       		.uleb128 0x49
 1302 0164 13       		.uleb128 0x13
 1303 0165 32       		.uleb128 0x32
 1304 0166 0B       		.uleb128 0xb
 1305 0167 3C       		.uleb128 0x3c
 1306 0168 19       		.uleb128 0x19
 1307 0169 64       		.uleb128 0x64
 1308 016a 13       		.uleb128 0x13
 1309 016b 01       		.uleb128 0x1
 1310 016c 13       		.uleb128 0x13
ARM GAS  /tmp/ccp5tRNK.s 			page 24


 1311 016d 00       		.byte	0
 1312 016e 00       		.byte	0
 1313 016f 1A       		.uleb128 0x1a
 1314 0170 2E       		.uleb128 0x2e
 1315 0171 01       		.byte	0x1
 1316 0172 3F       		.uleb128 0x3f
 1317 0173 19       		.uleb128 0x19
 1318 0174 03       		.uleb128 0x3
 1319 0175 0E       		.uleb128 0xe
 1320 0176 49       		.uleb128 0x49
 1321 0177 13       		.uleb128 0x13
 1322 0178 34       		.uleb128 0x34
 1323 0179 19       		.uleb128 0x19
 1324 017a 32       		.uleb128 0x32
 1325 017b 0B       		.uleb128 0xb
 1326 017c 3C       		.uleb128 0x3c
 1327 017d 19       		.uleb128 0x19
 1328 017e 64       		.uleb128 0x64
 1329 017f 13       		.uleb128 0x13
 1330 0180 01       		.uleb128 0x1
 1331 0181 13       		.uleb128 0x13
 1332 0182 00       		.byte	0
 1333 0183 00       		.byte	0
 1334 0184 1B       		.uleb128 0x1b
 1335 0185 2F       		.uleb128 0x2f
 1336 0186 00       		.byte	0
 1337 0187 03       		.uleb128 0x3
 1338 0188 08       		.uleb128 0x8
 1339 0189 49       		.uleb128 0x49
 1340 018a 13       		.uleb128 0x13
 1341 018b 00       		.byte	0
 1342 018c 00       		.byte	0
 1343 018d 1C       		.uleb128 0x1c
 1344 018e 1C       		.uleb128 0x1c
 1345 018f 00       		.byte	0
 1346 0190 49       		.uleb128 0x49
 1347 0191 13       		.uleb128 0x13
 1348 0192 38       		.uleb128 0x38
 1349 0193 0B       		.uleb128 0xb
 1350 0194 32       		.uleb128 0x32
 1351 0195 0B       		.uleb128 0xb
 1352 0196 00       		.byte	0
 1353 0197 00       		.byte	0
 1354 0198 1D       		.uleb128 0x1d
 1355 0199 10       		.uleb128 0x10
 1356 019a 00       		.byte	0
 1357 019b 0B       		.uleb128 0xb
 1358 019c 0B       		.uleb128 0xb
 1359 019d 49       		.uleb128 0x49
 1360 019e 13       		.uleb128 0x13
 1361 019f 00       		.byte	0
 1362 01a0 00       		.byte	0
 1363 01a1 1E       		.uleb128 0x1e
 1364 01a2 2E       		.uleb128 0x2e
 1365 01a3 01       		.byte	0x1
 1366 01a4 47       		.uleb128 0x47
 1367 01a5 13       		.uleb128 0x13
ARM GAS  /tmp/ccp5tRNK.s 			page 25


 1368 01a6 20       		.uleb128 0x20
 1369 01a7 0B       		.uleb128 0xb
 1370 01a8 64       		.uleb128 0x64
 1371 01a9 13       		.uleb128 0x13
 1372 01aa 01       		.uleb128 0x1
 1373 01ab 13       		.uleb128 0x13
 1374 01ac 00       		.byte	0
 1375 01ad 00       		.byte	0
 1376 01ae 1F       		.uleb128 0x1f
 1377 01af 05       		.uleb128 0x5
 1378 01b0 00       		.byte	0
 1379 01b1 03       		.uleb128 0x3
 1380 01b2 0E       		.uleb128 0xe
 1381 01b3 49       		.uleb128 0x49
 1382 01b4 13       		.uleb128 0x13
 1383 01b5 34       		.uleb128 0x34
 1384 01b6 19       		.uleb128 0x19
 1385 01b7 00       		.byte	0
 1386 01b8 00       		.byte	0
 1387 01b9 20       		.uleb128 0x20
 1388 01ba 2E       		.uleb128 0x2e
 1389 01bb 01       		.byte	0x1
 1390 01bc 31       		.uleb128 0x31
 1391 01bd 13       		.uleb128 0x13
 1392 01be 6E       		.uleb128 0x6e
 1393 01bf 0E       		.uleb128 0xe
 1394 01c0 11       		.uleb128 0x11
 1395 01c1 01       		.uleb128 0x1
 1396 01c2 12       		.uleb128 0x12
 1397 01c3 06       		.uleb128 0x6
 1398 01c4 40       		.uleb128 0x40
 1399 01c5 18       		.uleb128 0x18
 1400 01c6 64       		.uleb128 0x64
 1401 01c7 13       		.uleb128 0x13
 1402 01c8 9742     		.uleb128 0x2117
 1403 01ca 19       		.uleb128 0x19
 1404 01cb 01       		.uleb128 0x1
 1405 01cc 13       		.uleb128 0x13
 1406 01cd 00       		.byte	0
 1407 01ce 00       		.byte	0
 1408 01cf 21       		.uleb128 0x21
 1409 01d0 05       		.uleb128 0x5
 1410 01d1 00       		.byte	0
 1411 01d2 31       		.uleb128 0x31
 1412 01d3 13       		.uleb128 0x13
 1413 01d4 02       		.uleb128 0x2
 1414 01d5 18       		.uleb128 0x18
 1415 01d6 00       		.byte	0
 1416 01d7 00       		.byte	0
 1417 01d8 22       		.uleb128 0x22
 1418 01d9 2E       		.uleb128 0x2e
 1419 01da 01       		.byte	0x1
 1420 01db 47       		.uleb128 0x47
 1421 01dc 13       		.uleb128 0x13
 1422 01dd 3A       		.uleb128 0x3a
 1423 01de 0B       		.uleb128 0xb
 1424 01df 3B       		.uleb128 0x3b
ARM GAS  /tmp/ccp5tRNK.s 			page 26


 1425 01e0 0B       		.uleb128 0xb
 1426 01e1 20       		.uleb128 0x20
 1427 01e2 0B       		.uleb128 0xb
 1428 01e3 64       		.uleb128 0x64
 1429 01e4 13       		.uleb128 0x13
 1430 01e5 01       		.uleb128 0x1
 1431 01e6 13       		.uleb128 0x13
 1432 01e7 00       		.byte	0
 1433 01e8 00       		.byte	0
 1434 01e9 23       		.uleb128 0x23
 1435 01ea 2E       		.uleb128 0x2e
 1436 01eb 01       		.byte	0x1
 1437 01ec 31       		.uleb128 0x31
 1438 01ed 13       		.uleb128 0x13
 1439 01ee 6E       		.uleb128 0x6e
 1440 01ef 0E       		.uleb128 0xe
 1441 01f0 11       		.uleb128 0x11
 1442 01f1 01       		.uleb128 0x1
 1443 01f2 12       		.uleb128 0x12
 1444 01f3 06       		.uleb128 0x6
 1445 01f4 40       		.uleb128 0x40
 1446 01f5 18       		.uleb128 0x18
 1447 01f6 64       		.uleb128 0x64
 1448 01f7 13       		.uleb128 0x13
 1449 01f8 9642     		.uleb128 0x2116
 1450 01fa 19       		.uleb128 0x19
 1451 01fb 01       		.uleb128 0x1
 1452 01fc 13       		.uleb128 0x13
 1453 01fd 00       		.byte	0
 1454 01fe 00       		.byte	0
 1455 01ff 24       		.uleb128 0x24
 1456 0200 2E       		.uleb128 0x2e
 1457 0201 01       		.byte	0x1
 1458 0202 31       		.uleb128 0x31
 1459 0203 13       		.uleb128 0x13
 1460 0204 6E       		.uleb128 0x6e
 1461 0205 0E       		.uleb128 0xe
 1462 0206 11       		.uleb128 0x11
 1463 0207 01       		.uleb128 0x1
 1464 0208 12       		.uleb128 0x12
 1465 0209 06       		.uleb128 0x6
 1466 020a 40       		.uleb128 0x40
 1467 020b 18       		.uleb128 0x18
 1468 020c 64       		.uleb128 0x64
 1469 020d 13       		.uleb128 0x13
 1470 020e 9642     		.uleb128 0x2116
 1471 0210 19       		.uleb128 0x19
 1472 0211 00       		.byte	0
 1473 0212 00       		.byte	0
 1474 0213 00       		.byte	0
 1475              		.section	.debug_aranges,"",%progbits
 1476 0000 2C000000 		.4byte	0x2c
 1477 0004 0200     		.2byte	0x2
 1478 0006 00000000 		.4byte	.Ldebug_info0
 1479 000a 04       		.byte	0x4
 1480 000b 00       		.byte	0
 1481 000c 0000     		.2byte	0
ARM GAS  /tmp/ccp5tRNK.s 			page 27


 1482 000e 0000     		.2byte	0
 1483 0010 00000000 		.4byte	.LFB6
 1484 0014 0C000000 		.4byte	.LFE6-.LFB6
 1485 0018 00000000 		.4byte	.LFB77
 1486 001c 20000000 		.4byte	.LFE77-.LFB77
 1487 0020 00000000 		.4byte	.LFB82
 1488 0024 18000000 		.4byte	.LFE82-.LFB82
 1489 0028 00000000 		.4byte	0
 1490 002c 00000000 		.4byte	0
 1491              		.section	.debug_ranges,"",%progbits
 1492              	.Ldebug_ranges0:
 1493 0000 00000000 		.4byte	.LFB6
 1494 0004 0C000000 		.4byte	.LFE6
 1495 0008 00000000 		.4byte	.LFB77
 1496 000c 20000000 		.4byte	.LFE77
 1497 0010 00000000 		.4byte	.LFB82
 1498 0014 18000000 		.4byte	.LFE82
 1499 0018 00000000 		.4byte	0
 1500 001c 00000000 		.4byte	0
 1501              		.section	.debug_line,"",%progbits
 1502              	.Ldebug_line0:
 1503 0000 77020000 		.section	.debug_str,"MS",%progbits,1
 1503      02003F02 
 1503      00000201 
 1503      FB0E0D00 
 1503      01010101 
 1504              	.LASF20:
 1505 0000 4C696E6B 		.ascii	"Link\000"
 1505      00
 1506              	.LASF16:
 1507 0005 7E556E63 		.ascii	"~Uncopyable\000"
 1507      6F707961 
 1507      626C6500 
 1508              	.LASF71:
 1509 0011 53746174 		.ascii	"StaticQueue\000"
 1509      69635175 
 1509      65756500 
 1510              	.LASF50:
 1511 001d 5F5A4E33 		.ascii	"_ZN3r2p12StaticQueue_4skipEv\000"
 1511      72327031 
 1511      32537461 
 1511      74696351 
 1511      75657565 
 1512              	.LASF49:
 1513 003a 736B6970 		.ascii	"skip\000"
 1513      00
 1514              	.LASF37:
 1515 003f 5F5A4E4B 		.ascii	"_ZNK3r2p12StaticQueue_8get_headEv\000"
 1515      33723270 
 1515      31325374 
 1515      61746963 
 1515      51756575 
 1516              	.LASF59:
 1517 0061 5F5A4E33 		.ascii	"_ZN3r2p11StaticQueueINS_14BaseSubscriberEE11skip_un"
 1517      72327031 
 1517      31537461 
 1517      74696351 
ARM GAS  /tmp/ccp5tRNK.s 			page 28


 1517      75657565 
 1518 0094 73616665 		.ascii	"safeEv\000"
 1518      457600
 1519              	.LASF3:
 1520 009b 73686F72 		.ascii	"short int\000"
 1520      7420696E 
 1520      7400
 1521              	.LASF81:
 1522 00a5 73697A65 		.ascii	"size_t\000"
 1522      5F7400
 1523              	.LASF9:
 1524 00ac 73697A65 		.ascii	"sizetype\000"
 1524      74797065 
 1524      00
 1525              	.LASF35:
 1526 00b5 5F5A4E33 		.ascii	"_ZN3r2p12StaticQueue_11skip_unsafeEv\000"
 1526      72327031 
 1526      32537461 
 1526      74696351 
 1526      75657565 
 1527              	.LASF61:
 1528 00da 5F5A4E4B 		.ascii	"_ZNK3r2p11StaticQueueINS_14BaseSubscriberEE12begin_"
 1528      33723270 
 1528      31315374 
 1528      61746963 
 1528      51756575 
 1529 010d 756E7361 		.ascii	"unsafeEv\000"
 1529      66654576 
 1529      00
 1530              	.LASF83:
 1531 0116 5F5A4E33 		.ascii	"_ZN3r2p19BaseSubscriberQueueC2Ev\000"
 1531      72327031 
 1531      39426173 
 1531      65537562 
 1531      73637269 
 1532              	.LASF79:
 1533 0137 2F686F6D 		.ascii	"/home/denny/r2p-sdk/core/Middleware/src/BaseSubscri"
 1533      652F6465 
 1533      6E6E792F 
 1533      7232702D 
 1533      73646B2F 
 1534 016a 62657251 		.ascii	"berQueue.cpp\000"
 1534      75657565 
 1534      2E637070 
 1534      00
 1535              	.LASF64:
 1536 0177 5F5A4E4B 		.ascii	"_ZNK3r2p11StaticQueueINS_14BaseSubscriberEE8is_empt"
 1536      33723270 
 1536      31315374 
 1536      61746963 
 1536      51756575 
 1537 01aa 79457600 		.ascii	"yEv\000"
 1538              	.LASF19:
 1539 01ae 64617461 		.ascii	"datap\000"
 1539      7000
 1540              	.LASF53:
 1541 01b4 49746572 		.ascii	"IteratorUnsafe\000"
ARM GAS  /tmp/ccp5tRNK.s 			page 29


 1541      61746F72 
 1541      556E7361 
 1541      666500
 1542              	.LASF28:
 1543 01c3 5F5A4E4B 		.ascii	"_ZNK3r2p12StaticQueue_15is_empty_unsafeEv\000"
 1543      33723270 
 1543      31325374 
 1543      61746963 
 1543      51756575 
 1544              	.LASF24:
 1545 01ed 6765745F 		.ascii	"get_tail_unsafe\000"
 1545      7461696C 
 1545      5F756E73 
 1545      61666500 
 1546              	.LASF12:
 1547 01fd 73747265 		.ascii	"strerror\000"
 1547      72726F72 
 1547      00
 1548              	.LASF82:
 1549 0206 5F5A4E4B 		.ascii	"_ZNK3r2p11StaticQueueINS_14BaseSubscriberEE3endEv\000"
 1549      33723270 
 1549      31315374 
 1549      61746963 
 1549      51756575 
 1550              	.LASF58:
 1551 0238 5F5A4E33 		.ascii	"_ZN3r2p11StaticQueueINS_14BaseSubscriberEE12fetch_u"
 1551      72327031 
 1551      31537461 
 1551      74696351 
 1551      75657565 
 1552 026b 6E736166 		.ascii	"nsafeERNS2_4LinkE\000"
 1552      6545524E 
 1552      53325F34 
 1552      4C696E6B 
 1552      4500
 1553              	.LASF44:
 1554 027d 5F5A4E33 		.ascii	"_ZN3r2p12StaticQueue_4postERNS0_4LinkE\000"
 1554      72327031 
 1554      32537461 
 1554      74696351 
 1554      75657565 
 1555              	.LASF15:
 1556 02a4 556E636F 		.ascii	"Uncopyable\000"
 1556      70796162 
 1556      6C6500
 1557              	.LASF74:
 1558 02af 626F6F6C 		.ascii	"bool\000"
 1558      00
 1559              	.LASF18:
 1560 02b4 6E657874 		.ascii	"nextp\000"
 1560      7000
 1561              	.LASF30:
 1562 02ba 7065656B 		.ascii	"peek_unsafe\000"
 1562      5F756E73 
 1562      61666500 
 1563              	.LASF68:
 1564 02c6 5F5A4E33 		.ascii	"_ZN3r2p11StaticQueueINS_14BaseSubscriberEE4skipEv\000"
ARM GAS  /tmp/ccp5tRNK.s 			page 30


 1564      72327031 
 1564      31537461 
 1564      74696351 
 1564      75657565 
 1565              	.LASF7:
 1566 02f8 6C6F6E67 		.ascii	"long long int\000"
 1566      206C6F6E 
 1566      6720696E 
 1566      7400
 1567              	.LASF60:
 1568 0306 62656769 		.ascii	"begin_unsafe\000"
 1568      6E5F756E 
 1568      73616665 
 1568      00
 1569              	.LASF10:
 1570 0313 63686172 		.ascii	"char\000"
 1570      00
 1571              	.LASF46:
 1572 0318 5F5A4E4B 		.ascii	"_ZNK3r2p12StaticQueue_4peekERPKNS0_4LinkE\000"
 1572      33723270 
 1572      31325374 
 1572      61746963 
 1572      51756575 
 1573              	.LASF5:
 1574 0342 6C6F6E67 		.ascii	"long int\000"
 1574      20696E74 
 1574      00
 1575              	.LASF13:
 1576 034b 73747274 		.ascii	"strtok\000"
 1576      6F6B00
 1577              	.LASF43:
 1578 0352 5F5A4E33 		.ascii	"_ZN3r2p12StaticQueue_11post_unsafeERNS0_4LinkE\000"
 1578      72327031 
 1578      32537461 
 1578      74696351 
 1578      75657565 
 1579              	.LASF47:
 1580 0381 66657463 		.ascii	"fetch\000"
 1580      6800
 1581              	.LASF76:
 1582 0387 5F5A4E33 		.ascii	"_ZN3r2p10UncopyableC2Ev\000"
 1582      72327031 
 1582      30556E63 
 1582      6F707961 
 1582      626C6543 
 1583              	.LASF23:
 1584 039f 6765745F 		.ascii	"get_head_unsafe\000"
 1584      68656164 
 1584      5F756E73 
 1584      61666500 
 1585              	.LASF32:
 1586 03af 66657463 		.ascii	"fetch_unsafe\000"
 1586      685F756E 
 1586      73616665 
 1586      00
 1587              	.LASF67:
 1588 03bc 5F5A4E33 		.ascii	"_ZN3r2p11StaticQueueINS_14BaseSubscriberEE5fetchERN"
ARM GAS  /tmp/ccp5tRNK.s 			page 31


 1588      72327031 
 1588      31537461 
 1588      74696351 
 1588      75657565 
 1589 03ef 53325F34 		.ascii	"S2_4LinkE\000"
 1589      4C696E6B 
 1589      4500
 1590              	.LASF25:
 1591 03f9 5F5A4E4B 		.ascii	"_ZNK3r2p12StaticQueue_15get_head_unsafeEv\000"
 1591      33723270 
 1591      31325374 
 1591      61746963 
 1591      51756575 
 1592              	.LASF72:
 1593 0423 42617365 		.ascii	"BaseSubscriberQueue\000"
 1593      53756273 
 1593      63726962 
 1593      65725175 
 1593      65756500 
 1594              	.LASF65:
 1595 0437 5F5A4E33 		.ascii	"_ZN3r2p11StaticQueueINS_14BaseSubscriberEE4postERNS"
 1595      72327031 
 1595      31537461 
 1595      74696351 
 1595      75657565 
 1596 046a 325F344C 		.ascii	"2_4LinkE\000"
 1596      696E6B45 
 1596      00
 1597              	.LASF2:
 1598 0473 756E7369 		.ascii	"unsigned char\000"
 1598      676E6564 
 1598      20636861 
 1598      7200
 1599              	.LASF22:
 1600 0481 7461696C 		.ascii	"tailp\000"
 1600      7000
 1601              	.LASF57:
 1602 0487 5F5A4E4B 		.ascii	"_ZNK3r2p11StaticQueueINS_14BaseSubscriberEE11peek_u"
 1602      33723270 
 1602      31315374 
 1602      61746963 
 1602      51756575 
 1603 04ba 6E736166 		.ascii	"nsafeERPKNS2_4LinkE\000"
 1603      65455250 
 1603      4B4E5332 
 1603      5F344C69 
 1603      6E6B4500 
 1604              	.LASF42:
 1605 04ce 706F7374 		.ascii	"post\000"
 1605      00
 1606              	.LASF1:
 1607 04d3 7369676E 		.ascii	"signed char\000"
 1607      65642063 
 1607      68617200 
 1608              	.LASF8:
 1609 04df 6C6F6E67 		.ascii	"long long unsigned int\000"
 1609      206C6F6E 
ARM GAS  /tmp/ccp5tRNK.s 			page 32


 1609      6720756E 
 1609      7369676E 
 1609      65642069 
 1610              	.LASF51:
 1611 04f6 53746174 		.ascii	"StaticQueue<r2p::BaseSubscriber>\000"
 1611      69635175 
 1611      6575653C 
 1611      7232703A 
 1611      3A426173 
 1612              	.LASF0:
 1613 0517 756E7369 		.ascii	"unsigned int\000"
 1613      676E6564 
 1613      20696E74 
 1613      00
 1614              	.LASF70:
 1615 0524 5F5A4E4B 		.ascii	"_ZNK3r2p11StaticQueueINS_14BaseSubscriberEE5beginEv"
 1615      33723270 
 1615      31315374 
 1615      61746963 
 1615      51756575 
 1616 0557 00       		.ascii	"\000"
 1617              	.LASF45:
 1618 0558 7065656B 		.ascii	"peek\000"
 1618      00
 1619              	.LASF26:
 1620 055d 5F5A4E4B 		.ascii	"_ZNK3r2p12StaticQueue_15get_tail_unsafeEv\000"
 1620      33723270 
 1620      31325374 
 1620      61746963 
 1620      51756575 
 1621              	.LASF66:
 1622 0587 5F5A4E4B 		.ascii	"_ZNK3r2p11StaticQueueINS_14BaseSubscriberEE4peekERP"
 1622      33723270 
 1622      31315374 
 1622      61746963 
 1622      51756575 
 1623 05ba 4B4E5332 		.ascii	"KNS2_4LinkE\000"
 1623      5F344C69 
 1623      6E6B4500 
 1624              	.LASF77:
 1625 05c6 5F5A4E33 		.ascii	"_ZN3r2p11StaticQueueINS_14BaseSubscriberEEC2Ev\000"
 1625      72327031 
 1625      31537461 
 1625      74696351 
 1625      75657565 
 1626              	.LASF63:
 1627 05f5 5F5A4E4B 		.ascii	"_ZNK3r2p11StaticQueueINS_14BaseSubscriberEE10end_un"
 1627      33723270 
 1627      31315374 
 1627      61746963 
 1627      51756575 
 1628 0628 73616665 		.ascii	"safeEv\000"
 1628      457600
 1629              	.LASF52:
 1630 062f 696D706C 		.ascii	"impl\000"
 1630      00
 1631              	.LASF21:
ARM GAS  /tmp/ccp5tRNK.s 			page 33


 1632 0634 68656164 		.ascii	"headp\000"
 1632      7000
 1633              	.LASF4:
 1634 063a 73686F72 		.ascii	"short unsigned int\000"
 1634      7420756E 
 1634      7369676E 
 1634      65642069 
 1634      6E7400
 1635              	.LASF62:
 1636 064d 656E645F 		.ascii	"end_unsafe\000"
 1636      756E7361 
 1636      666500
 1637              	.LASF40:
 1638 0658 69735F65 		.ascii	"is_empty\000"
 1638      6D707479 
 1638      00
 1639              	.LASF11:
 1640 0661 73747263 		.ascii	"strcoll\000"
 1640      6F6C6C00 
 1641              	.LASF38:
 1642 0669 6765745F 		.ascii	"get_tail\000"
 1642      7461696C 
 1642      00
 1643              	.LASF75:
 1644 0672 74686973 		.ascii	"this\000"
 1644      00
 1645              	.LASF78:
 1646 0677 474E5520 		.ascii	"GNU C++ 4.9.3 20141119 (release) [ARM/embedded-4_9-"
 1646      432B2B20 
 1646      342E392E 
 1646      33203230 
 1646      31343131 
 1647 06aa 6272616E 		.ascii	"branch revision 218278] -mcpu=cortex-m4 -mfloat-abi"
 1647      63682072 
 1647      65766973 
 1647      696F6E20 
 1647      32313832 
 1648 06dd 3D686172 		.ascii	"=hard -mfpu=fpv4-sp-d16 -mno-thumb-interwork -mthum"
 1648      64202D6D 
 1648      6670753D 
 1648      66707634 
 1648      2D73702D 
 1649 0710 62202D67 		.ascii	"b -ggdb -O0 -fomit-frame-pointer -falign-functions="
 1649      67646220 
 1649      2D4F3020 
 1649      2D666F6D 
 1649      69742D66 
 1650 0743 3136202D 		.ascii	"16 -ffunction-sections -fdata-sections -fno-common "
 1650      6666756E 
 1650      6374696F 
 1650      6E2D7365 
 1650      6374696F 
 1651 0776 2D667369 		.ascii	"-fsingle-precision-constant -fno-rtti -fno-exceptio"
 1651      6E676C65 
 1651      2D707265 
 1651      63697369 
 1651      6F6E2D63 
ARM GAS  /tmp/ccp5tRNK.s 			page 34


 1652 07a9 6E73202D 		.ascii	"ns -fno-threadsafe-statics\000"
 1652      666E6F2D 
 1652      74687265 
 1652      61647361 
 1652      66652D73 
 1653              	.LASF36:
 1654 07c4 6765745F 		.ascii	"get_head\000"
 1654      68656164 
 1654      00
 1655              	.LASF73:
 1656 07cd 42617365 		.ascii	"BaseSubscriber\000"
 1656      53756273 
 1656      63726962 
 1656      657200
 1657              	.LASF41:
 1658 07dc 5F5A4E4B 		.ascii	"_ZNK3r2p12StaticQueue_8is_emptyEv\000"
 1658      33723270 
 1658      31325374 
 1658      61746963 
 1658      51756575 
 1659              	.LASF39:
 1660 07fe 5F5A4E4B 		.ascii	"_ZNK3r2p12StaticQueue_8get_tailEv\000"
 1660      33723270 
 1660      31325374 
 1660      61746963 
 1660      51756575 
 1661              	.LASF31:
 1662 0820 5F5A4E4B 		.ascii	"_ZNK3r2p12StaticQueue_11peek_unsafeERPKNS0_4LinkE\000"
 1662      33723270 
 1662      31325374 
 1662      61746963 
 1662      51756575 
 1663              	.LASF6:
 1664 0852 6C6F6E67 		.ascii	"long unsigned int\000"
 1664      20756E73 
 1664      69676E65 
 1664      6420696E 
 1664      7400
 1665              	.LASF14:
 1666 0864 73747278 		.ascii	"strxfrm\000"
 1666      66726D00 
 1667              	.LASF69:
 1668 086c 62656769 		.ascii	"begin\000"
 1668      6E00
 1669              	.LASF54:
 1670 0872 49746572 		.ascii	"Iterator\000"
 1670      61746F72 
 1670      00
 1671              	.LASF34:
 1672 087b 736B6970 		.ascii	"skip_unsafe\000"
 1672      5F756E73 
 1672      61666500 
 1673              	.LASF48:
 1674 0887 5F5A4E33 		.ascii	"_ZN3r2p12StaticQueue_5fetchERNS0_4LinkE\000"
 1674      72327031 
 1674      32537461 
 1674      74696351 
ARM GAS  /tmp/ccp5tRNK.s 			page 35


 1674      75657565 
 1675              	.LASF80:
 1676 08af 2F686F6D 		.ascii	"/home/denny/git/TriskarPixy/motor0/\000"
 1676      652F6465 
 1676      6E6E792F 
 1676      6769742F 
 1676      54726973 
 1677              	.LASF27:
 1678 08d3 69735F65 		.ascii	"is_empty_unsafe\000"
 1678      6D707479 
 1678      5F756E73 
 1678      61666500 
 1679              	.LASF56:
 1680 08e3 5F5A4E33 		.ascii	"_ZN3r2p11StaticQueueINS_14BaseSubscriberEE11post_un"
 1680      72327031 
 1680      31537461 
 1680      74696351 
 1680      75657565 
 1681 0916 73616665 		.ascii	"safeERNS2_4LinkE\000"
 1681      45524E53 
 1681      325F344C 
 1681      696E6B45 
 1681      00
 1682              	.LASF33:
 1683 0927 5F5A4E33 		.ascii	"_ZN3r2p12StaticQueue_12fetch_unsafeERNS0_4LinkE\000"
 1683      72327031 
 1683      32537461 
 1683      74696351 
 1683      75657565 
 1684              	.LASF55:
 1685 0957 5F5A4E4B 		.ascii	"_ZNK3r2p11StaticQueueINS_14BaseSubscriberEE15is_emp"
 1685      33723270 
 1685      31315374 
 1685      61746963 
 1685      51756575 
 1686 098a 74795F75 		.ascii	"ty_unsafeEv\000"
 1686      6E736166 
 1686      65457600 
 1687              	.LASF29:
 1688 0996 706F7374 		.ascii	"post_unsafe\000"
 1688      5F756E73 
 1688      61666500 
 1689              	.LASF17:
 1690 09a2 53746174 		.ascii	"StaticQueue_\000"
 1690      69635175 
 1690      6575655F 
 1690      00
 1691              		.ident	"GCC: (GNU Tools for ARM Embedded Processors) 4.9.3 20141119 (release) [ARM/embedded-4_9-br
ARM GAS  /tmp/ccp5tRNK.s 			page 36


DEFINED SYMBOLS
                            *ABS*:00000000 BaseSubscriberQueue.cpp
     /tmp/ccp5tRNK.s:21     .text._ZN3r2p10UncopyableC2Ev:00000000 $t
     /tmp/ccp5tRNK.s:27     .text._ZN3r2p10UncopyableC2Ev:00000000 _ZN3r2p10UncopyableC2Ev
     /tmp/ccp5tRNK.s:27     .text._ZN3r2p10UncopyableC2Ev:00000000 _ZN3r2p10UncopyableC1Ev
     /tmp/ccp5tRNK.s:51     .text._ZN3r2p11StaticQueueINS_14BaseSubscriberEEC2Ev:00000000 $t
     /tmp/ccp5tRNK.s:57     .text._ZN3r2p11StaticQueueINS_14BaseSubscriberEEC2Ev:00000000 _ZN3r2p11StaticQueueINS_14BaseSubscriberEEC2Ev
     /tmp/ccp5tRNK.s:57     .text._ZN3r2p11StaticQueueINS_14BaseSubscriberEEC2Ev:00000000 _ZN3r2p11StaticQueueINS_14BaseSubscriberEEC1Ev
     /tmp/ccp5tRNK.s:91     .text._ZN3r2p19BaseSubscriberQueueC2Ev:00000000 $t
     /tmp/ccp5tRNK.s:97     .text._ZN3r2p19BaseSubscriberQueueC2Ev:00000000 _ZN3r2p19BaseSubscriberQueueC2Ev
     /tmp/ccp5tRNK.s:97     .text._ZN3r2p19BaseSubscriberQueueC2Ev:00000000 _ZN3r2p19BaseSubscriberQueueC1Ev
                     .debug_frame:00000010 $d
                           .group:00000000 _ZN3r2p10UncopyableC5Ev
                           .group:00000000 _ZN3r2p11StaticQueueINS_14BaseSubscriberEEC5Ev

UNDEFINED SYMBOLS
_ZN3r2p12StaticQueue_C1Ev
