ARM GAS  /tmp/ccx5HT7r.s 			page 1


   1              		.syntax unified
   2              		.cpu cortex-m4
   3              		.eabi_attribute 27, 3
   4              		.eabi_attribute 28, 1
   5              		.fpu fpv4-sp-d16
   6              		.eabi_attribute 20, 1
   7              		.eabi_attribute 21, 1
   8              		.eabi_attribute 23, 3
   9              		.eabi_attribute 24, 1
  10              		.eabi_attribute 25, 1
  11              		.eabi_attribute 26, 1
  12              		.eabi_attribute 30, 6
  13              		.eabi_attribute 34, 1
  14              		.eabi_attribute 18, 4
  15              		.thumb
  16              		.file	"board.c"
  17              		.text
  18              	.Ltext0:
  19              		.cfi_sections	.debug_frame
  20              		.global	pal_default_config
  21              		.section	.rodata.pal_default_config,"a",%progbits
  22              		.align	2
  23              		.type	pal_default_config, %object
  24              		.size	pal_default_config, 168
  25              	pal_default_config:
  26 0000 30004AA9 		.word	-1454768080
  27 0004 00000000 		.word	0
  28 0008 C00FFFFF 		.word	-61504
  29 000c 45551064 		.word	1678792005
  30 0010 FFFF0000 		.word	65535
  31 0014 00000000 		.word	0
  32 0018 66000000 		.word	102
  33 001c 8DA20A01 		.word	17474189
  34 0020 00000000 		.word	0
  35 0024 FFFF0F03 		.word	51380223
  36 0028 00555054 		.word	1414550784
  37 002c FEFF0000 		.word	65534
  38 0030 00000022 		.word	570425344
  39 0034 99000000 		.word	153
  40 0038 00000004 		.word	67108864
  41 003c 00000000 		.word	0
  42 0040 000000F0 		.word	-268435456
  43 0044 55555501 		.word	22369621
  44 0048 FFDF0000 		.word	57343
  45 004c 00000000 		.word	0
  46 0050 00000000 		.word	0
  47 0054 00000000 		.word	0
  48 0058 00000000 		.word	0
  49 005c 00000000 		.word	0
  50 0060 55555555 		.word	1431655765
  51 0064 FFFF0000 		.word	65535
  52 0068 00000000 		.word	0
  53 006c 00000000 		.word	0
  54 0070 00000000 		.word	0
  55 0074 00000000 		.word	0
  56 0078 00000000 		.word	0
  57 007c 55555555 		.word	1431655765
ARM GAS  /tmp/ccx5HT7r.s 			page 2


  58 0080 FFFF0000 		.word	65535
  59 0084 00000000 		.word	0
  60 0088 00000000 		.word	0
  61 008c 04000000 		.word	4
  62 0090 00000000 		.word	0
  63 0094 00000000 		.word	0
  64 0098 55555555 		.word	1431655765
  65 009c FDFF0000 		.word	65533
  66 00a0 00000000 		.word	0
  67 00a4 00000000 		.word	0
  68              		.section	.text.__early_init,"ax",%progbits
  69              		.align	2
  70              		.p2align 4,,15
  71              		.global	__early_init
  72              		.thumb
  73              		.thumb_func
  74              		.type	__early_init, %function
  75              	__early_init:
  76              	.LFB118:
  77              		.file 1 "/home/denny/r2p-sdk/modules/uDC_module/board.c"
  78              		.loc 1 47 0
  79              		.cfi_startproc
  80              		@ args = 0, pretend = 0, frame = 0
  81              		@ frame_needed = 0, uses_anonymous_args = 0
  82 0000 08B5     		push	{r3, lr}
  83              		.cfi_def_cfa_offset 8
  84              		.cfi_offset 3, -8
  85              		.cfi_offset 14, -4
  86              		.loc 1 49 0
  87 0002 FFF7FEFF 		bl	stm32_clock_init
  88              		.loc 1 50 0
  89 0006 08BD     		pop	{r3, pc}
  90              		.cfi_endproc
  91              	.LFE118:
  92              		.size	__early_init, .-__early_init
  93 0008 AFF30080 		.section	.text.boardInit,"ax",%progbits
  93      AFF30080 
  94              		.align	2
  95              		.p2align 4,,15
  96              		.global	boardInit
  97              		.thumb
  98              		.thumb_func
  99              		.type	boardInit, %function
 100              	boardInit:
 101              	.LFB119:
 102              		.loc 1 100 0
 103              		.cfi_startproc
 104              		@ args = 0, pretend = 0, frame = 0
 105              		@ frame_needed = 0, uses_anonymous_args = 0
 106              		@ link register save eliminated.
 107              		.loc 1 101 0
 108 0000 7047     		bx	lr
 109              		.cfi_endproc
 110              	.LFE119:
 111              		.size	boardInit, .-boardInit
 112 0002 00BFAFF3 		.text
 112      0080AFF3 
ARM GAS  /tmp/ccx5HT7r.s 			page 3


 112      0080AFF3 
 112      0080
 113              	.Letext0:
 114              		.file 2 "/home/denny/r2p-sdk/tools/gcc-arm-none-eabi-4_9-2014q4/arm-none-eabi/include/machine/_def
 115              		.file 3 "/home/denny/r2p-sdk/tools/gcc-arm-none-eabi-4_9-2014q4/arm-none-eabi/include/stdint.h"
 116              		.file 4 "/home/denny/r2p-sdk/core/ChibiOS/os/hal/platforms/STM32/GPIOv2/pal_lld.h"
 117              		.file 5 "/home/denny/r2p-sdk/core/ChibiOS/os/ports/common/ARMCMx/CMSIS/include/core_cm4.h"
 118              		.section	.debug_info,"",%progbits
 119              	.Ldebug_info0:
 120 0000 B2010000 		.4byte	0x1b2
 121 0004 0400     		.2byte	0x4
 122 0006 00000000 		.4byte	.Ldebug_abbrev0
 123 000a 04       		.byte	0x4
 124 000b 01       		.uleb128 0x1
 125 000c A6000000 		.4byte	.LASF34
 126 0010 01       		.byte	0x1
 127 0011 3F020000 		.4byte	.LASF35
 128 0015 00000000 		.4byte	.Ldebug_ranges0+0
 129 0019 00000000 		.4byte	0
 130 001d 00000000 		.4byte	.Ldebug_line0
 131 0021 02       		.uleb128 0x2
 132 0022 04       		.byte	0x4
 133 0023 05       		.byte	0x5
 134 0024 696E7400 		.ascii	"int\000"
 135 0028 03       		.uleb128 0x3
 136 0029 04       		.byte	0x4
 137 002a 07       		.byte	0x7
 138 002b 3A000000 		.4byte	.LASF0
 139 002f 03       		.uleb128 0x3
 140 0030 01       		.byte	0x1
 141 0031 06       		.byte	0x6
 142 0032 97020000 		.4byte	.LASF1
 143 0036 03       		.uleb128 0x3
 144 0037 01       		.byte	0x1
 145 0038 08       		.byte	0x8
 146 0039 6C000000 		.4byte	.LASF2
 147 003d 03       		.uleb128 0x3
 148 003e 02       		.byte	0x2
 149 003f 05       		.byte	0x5
 150 0040 6E020000 		.4byte	.LASF3
 151 0044 03       		.uleb128 0x3
 152 0045 02       		.byte	0x2
 153 0046 07       		.byte	0x7
 154 0047 27000000 		.4byte	.LASF4
 155 004b 04       		.uleb128 0x4
 156 004c 1D000000 		.4byte	.LASF6
 157 0050 02       		.byte	0x2
 158 0051 3F       		.byte	0x3f
 159 0052 56000000 		.4byte	0x56
 160 0056 03       		.uleb128 0x3
 161 0057 04       		.byte	0x4
 162 0058 05       		.byte	0x5
 163 0059 88020000 		.4byte	.LASF5
 164 005d 04       		.uleb128 0x4
 165 005e EE010000 		.4byte	.LASF7
 166 0062 02       		.byte	0x2
 167 0063 41       		.byte	0x41
ARM GAS  /tmp/ccx5HT7r.s 			page 4


 168 0064 68000000 		.4byte	0x68
 169 0068 03       		.uleb128 0x3
 170 0069 04       		.byte	0x4
 171 006a 07       		.byte	0x7
 172 006b 94000000 		.4byte	.LASF8
 173 006f 03       		.uleb128 0x3
 174 0070 08       		.byte	0x8
 175 0071 05       		.byte	0x5
 176 0072 00000000 		.4byte	.LASF9
 177 0076 03       		.uleb128 0x3
 178 0077 08       		.byte	0x8
 179 0078 07       		.byte	0x7
 180 0079 4E000000 		.4byte	.LASF10
 181 007d 04       		.uleb128 0x4
 182 007e 2E020000 		.4byte	.LASF11
 183 0082 03       		.byte	0x3
 184 0083 2C       		.byte	0x2c
 185 0084 4B000000 		.4byte	0x4b
 186 0088 04       		.uleb128 0x4
 187 0089 7F020000 		.4byte	.LASF12
 188 008d 03       		.byte	0x3
 189 008e 2D       		.byte	0x2d
 190 008f 5D000000 		.4byte	0x5d
 191 0093 03       		.uleb128 0x3
 192 0094 01       		.byte	0x1
 193 0095 02       		.byte	0x2
 194 0096 A3020000 		.4byte	.LASF13
 195 009a 03       		.uleb128 0x3
 196 009b 04       		.byte	0x4
 197 009c 07       		.byte	0x7
 198 009d 36020000 		.4byte	.LASF14
 199 00a1 03       		.uleb128 0x3
 200 00a2 01       		.byte	0x1
 201 00a3 08       		.byte	0x8
 202 00a4 12020000 		.4byte	.LASF15
 203 00a8 05       		.uleb128 0x5
 204 00a9 7D000000 		.4byte	0x7d
 205 00ad 06       		.uleb128 0x6
 206 00ae 1C       		.byte	0x1c
 207 00af 04       		.byte	0x4
 208 00b0 A3       		.byte	0xa3
 209 00b1 0A010000 		.4byte	0x10a
 210 00b5 07       		.uleb128 0x7
 211 00b6 91020000 		.4byte	.LASF16
 212 00ba 04       		.byte	0x4
 213 00bb A5       		.byte	0xa5
 214 00bc 88000000 		.4byte	0x88
 215 00c0 00       		.byte	0
 216 00c1 07       		.uleb128 0x7
 217 00c2 47000000 		.4byte	.LASF17
 218 00c6 04       		.byte	0x4
 219 00c7 A7       		.byte	0xa7
 220 00c8 88000000 		.4byte	0x88
 221 00cc 04       		.byte	0x4
 222 00cd 07       		.uleb128 0x7
 223 00ce 15000000 		.4byte	.LASF18
 224 00d2 04       		.byte	0x4
ARM GAS  /tmp/ccx5HT7r.s 			page 5


 225 00d3 A9       		.byte	0xa9
 226 00d4 88000000 		.4byte	0x88
 227 00d8 08       		.byte	0x8
 228 00d9 07       		.uleb128 0x7
 229 00da FE010000 		.4byte	.LASF19
 230 00de 04       		.byte	0x4
 231 00df AB       		.byte	0xab
 232 00e0 88000000 		.4byte	0x88
 233 00e4 0C       		.byte	0xc
 234 00e5 08       		.uleb128 0x8
 235 00e6 6F647200 		.ascii	"odr\000"
 236 00ea 04       		.byte	0x4
 237 00eb AD       		.byte	0xad
 238 00ec 88000000 		.4byte	0x88
 239 00f0 10       		.byte	0x10
 240 00f1 07       		.uleb128 0x7
 241 00f2 BF010000 		.4byte	.LASF20
 242 00f6 04       		.byte	0x4
 243 00f7 AF       		.byte	0xaf
 244 00f8 88000000 		.4byte	0x88
 245 00fc 14       		.byte	0x14
 246 00fd 07       		.uleb128 0x7
 247 00fe F9010000 		.4byte	.LASF21
 248 0102 04       		.byte	0x4
 249 0103 B1       		.byte	0xb1
 250 0104 88000000 		.4byte	0x88
 251 0108 18       		.byte	0x18
 252 0109 00       		.byte	0
 253 010a 04       		.uleb128 0x4
 254 010b 7A000000 		.4byte	.LASF22
 255 010f 04       		.byte	0x4
 256 0110 B2       		.byte	0xb2
 257 0111 AD000000 		.4byte	0xad
 258 0115 06       		.uleb128 0x6
 259 0116 A8       		.byte	0xa8
 260 0117 04       		.byte	0x4
 261 0118 BB       		.byte	0xbb
 262 0119 66010000 		.4byte	0x166
 263 011d 07       		.uleb128 0x7
 264 011e 8D000000 		.4byte	.LASF23
 265 0122 04       		.byte	0x4
 266 0123 BE       		.byte	0xbe
 267 0124 0A010000 		.4byte	0x10a
 268 0128 00       		.byte	0
 269 0129 07       		.uleb128 0x7
 270 012a 0B020000 		.4byte	.LASF24
 271 012e 04       		.byte	0x4
 272 012f C2       		.byte	0xc2
 273 0130 0A010000 		.4byte	0x10a
 274 0134 1C       		.byte	0x1c
 275 0135 07       		.uleb128 0x7
 276 0136 78020000 		.4byte	.LASF25
 277 013a 04       		.byte	0x4
 278 013b C6       		.byte	0xc6
 279 013c 0A010000 		.4byte	0x10a
 280 0140 38       		.byte	0x38
 281 0141 07       		.uleb128 0x7
ARM GAS  /tmp/ccx5HT7r.s 			page 6


 282 0142 0E000000 		.4byte	.LASF26
 283 0146 04       		.byte	0x4
 284 0147 CA       		.byte	0xca
 285 0148 0A010000 		.4byte	0x10a
 286 014c 54       		.byte	0x54
 287 014d 07       		.uleb128 0x7
 288 014e 65000000 		.4byte	.LASF27
 289 0152 04       		.byte	0x4
 290 0153 CE       		.byte	0xce
 291 0154 0A010000 		.4byte	0x10a
 292 0158 70       		.byte	0x70
 293 0159 07       		.uleb128 0x7
 294 015a 04020000 		.4byte	.LASF28
 295 015e 04       		.byte	0x4
 296 015f D2       		.byte	0xd2
 297 0160 0A010000 		.4byte	0x10a
 298 0164 8C       		.byte	0x8c
 299 0165 00       		.byte	0
 300 0166 04       		.uleb128 0x4
 301 0167 D1010000 		.4byte	.LASF29
 302 016b 04       		.byte	0x4
 303 016c E0       		.byte	0xe0
 304 016d 15010000 		.4byte	0x115
 305 0171 09       		.uleb128 0x9
 306 0172 21020000 		.4byte	.LASF30
 307 0176 01       		.byte	0x1
 308 0177 2F       		.byte	0x2f
 309 0178 00000000 		.4byte	.LFB118
 310 017c 08000000 		.4byte	.LFE118-.LFB118
 311 0180 01       		.uleb128 0x1
 312 0181 9C       		.byte	0x9c
 313 0182 0A       		.uleb128 0xa
 314 0183 17020000 		.4byte	.LASF31
 315 0187 01       		.byte	0x1
 316 0188 64       		.byte	0x64
 317 0189 00000000 		.4byte	.LFB119
 318 018d 02000000 		.4byte	.LFE119-.LFB119
 319 0191 01       		.uleb128 0x1
 320 0192 9C       		.byte	0x9c
 321 0193 0B       		.uleb128 0xb
 322 0194 C4010000 		.4byte	.LASF32
 323 0198 05       		.byte	0x5
 324 0199 9806     		.2byte	0x698
 325 019b A8000000 		.4byte	0xa8
 326 019f 0C       		.uleb128 0xc
 327 01a0 DB010000 		.4byte	.LASF33
 328 01a4 01       		.byte	0x1
 329 01a5 19       		.byte	0x19
 330 01a6 B0010000 		.4byte	0x1b0
 331 01aa 05       		.uleb128 0x5
 332 01ab 03       		.byte	0x3
 333 01ac 00000000 		.4byte	pal_default_config
 334 01b0 0D       		.uleb128 0xd
 335 01b1 66010000 		.4byte	0x166
 336 01b5 00       		.byte	0
 337              		.section	.debug_abbrev,"",%progbits
 338              	.Ldebug_abbrev0:
ARM GAS  /tmp/ccx5HT7r.s 			page 7


 339 0000 01       		.uleb128 0x1
 340 0001 11       		.uleb128 0x11
 341 0002 01       		.byte	0x1
 342 0003 25       		.uleb128 0x25
 343 0004 0E       		.uleb128 0xe
 344 0005 13       		.uleb128 0x13
 345 0006 0B       		.uleb128 0xb
 346 0007 03       		.uleb128 0x3
 347 0008 0E       		.uleb128 0xe
 348 0009 55       		.uleb128 0x55
 349 000a 17       		.uleb128 0x17
 350 000b 11       		.uleb128 0x11
 351 000c 01       		.uleb128 0x1
 352 000d 10       		.uleb128 0x10
 353 000e 17       		.uleb128 0x17
 354 000f 00       		.byte	0
 355 0010 00       		.byte	0
 356 0011 02       		.uleb128 0x2
 357 0012 24       		.uleb128 0x24
 358 0013 00       		.byte	0
 359 0014 0B       		.uleb128 0xb
 360 0015 0B       		.uleb128 0xb
 361 0016 3E       		.uleb128 0x3e
 362 0017 0B       		.uleb128 0xb
 363 0018 03       		.uleb128 0x3
 364 0019 08       		.uleb128 0x8
 365 001a 00       		.byte	0
 366 001b 00       		.byte	0
 367 001c 03       		.uleb128 0x3
 368 001d 24       		.uleb128 0x24
 369 001e 00       		.byte	0
 370 001f 0B       		.uleb128 0xb
 371 0020 0B       		.uleb128 0xb
 372 0021 3E       		.uleb128 0x3e
 373 0022 0B       		.uleb128 0xb
 374 0023 03       		.uleb128 0x3
 375 0024 0E       		.uleb128 0xe
 376 0025 00       		.byte	0
 377 0026 00       		.byte	0
 378 0027 04       		.uleb128 0x4
 379 0028 16       		.uleb128 0x16
 380 0029 00       		.byte	0
 381 002a 03       		.uleb128 0x3
 382 002b 0E       		.uleb128 0xe
 383 002c 3A       		.uleb128 0x3a
 384 002d 0B       		.uleb128 0xb
 385 002e 3B       		.uleb128 0x3b
 386 002f 0B       		.uleb128 0xb
 387 0030 49       		.uleb128 0x49
 388 0031 13       		.uleb128 0x13
 389 0032 00       		.byte	0
 390 0033 00       		.byte	0
 391 0034 05       		.uleb128 0x5
 392 0035 35       		.uleb128 0x35
 393 0036 00       		.byte	0
 394 0037 49       		.uleb128 0x49
 395 0038 13       		.uleb128 0x13
ARM GAS  /tmp/ccx5HT7r.s 			page 8


 396 0039 00       		.byte	0
 397 003a 00       		.byte	0
 398 003b 06       		.uleb128 0x6
 399 003c 13       		.uleb128 0x13
 400 003d 01       		.byte	0x1
 401 003e 0B       		.uleb128 0xb
 402 003f 0B       		.uleb128 0xb
 403 0040 3A       		.uleb128 0x3a
 404 0041 0B       		.uleb128 0xb
 405 0042 3B       		.uleb128 0x3b
 406 0043 0B       		.uleb128 0xb
 407 0044 01       		.uleb128 0x1
 408 0045 13       		.uleb128 0x13
 409 0046 00       		.byte	0
 410 0047 00       		.byte	0
 411 0048 07       		.uleb128 0x7
 412 0049 0D       		.uleb128 0xd
 413 004a 00       		.byte	0
 414 004b 03       		.uleb128 0x3
 415 004c 0E       		.uleb128 0xe
 416 004d 3A       		.uleb128 0x3a
 417 004e 0B       		.uleb128 0xb
 418 004f 3B       		.uleb128 0x3b
 419 0050 0B       		.uleb128 0xb
 420 0051 49       		.uleb128 0x49
 421 0052 13       		.uleb128 0x13
 422 0053 38       		.uleb128 0x38
 423 0054 0B       		.uleb128 0xb
 424 0055 00       		.byte	0
 425 0056 00       		.byte	0
 426 0057 08       		.uleb128 0x8
 427 0058 0D       		.uleb128 0xd
 428 0059 00       		.byte	0
 429 005a 03       		.uleb128 0x3
 430 005b 08       		.uleb128 0x8
 431 005c 3A       		.uleb128 0x3a
 432 005d 0B       		.uleb128 0xb
 433 005e 3B       		.uleb128 0x3b
 434 005f 0B       		.uleb128 0xb
 435 0060 49       		.uleb128 0x49
 436 0061 13       		.uleb128 0x13
 437 0062 38       		.uleb128 0x38
 438 0063 0B       		.uleb128 0xb
 439 0064 00       		.byte	0
 440 0065 00       		.byte	0
 441 0066 09       		.uleb128 0x9
 442 0067 2E       		.uleb128 0x2e
 443 0068 00       		.byte	0
 444 0069 3F       		.uleb128 0x3f
 445 006a 19       		.uleb128 0x19
 446 006b 03       		.uleb128 0x3
 447 006c 0E       		.uleb128 0xe
 448 006d 3A       		.uleb128 0x3a
 449 006e 0B       		.uleb128 0xb
 450 006f 3B       		.uleb128 0x3b
 451 0070 0B       		.uleb128 0xb
 452 0071 27       		.uleb128 0x27
ARM GAS  /tmp/ccx5HT7r.s 			page 9


 453 0072 19       		.uleb128 0x19
 454 0073 11       		.uleb128 0x11
 455 0074 01       		.uleb128 0x1
 456 0075 12       		.uleb128 0x12
 457 0076 06       		.uleb128 0x6
 458 0077 40       		.uleb128 0x40
 459 0078 18       		.uleb128 0x18
 460 0079 9642     		.uleb128 0x2116
 461 007b 19       		.uleb128 0x19
 462 007c 00       		.byte	0
 463 007d 00       		.byte	0
 464 007e 0A       		.uleb128 0xa
 465 007f 2E       		.uleb128 0x2e
 466 0080 00       		.byte	0
 467 0081 3F       		.uleb128 0x3f
 468 0082 19       		.uleb128 0x19
 469 0083 03       		.uleb128 0x3
 470 0084 0E       		.uleb128 0xe
 471 0085 3A       		.uleb128 0x3a
 472 0086 0B       		.uleb128 0xb
 473 0087 3B       		.uleb128 0x3b
 474 0088 0B       		.uleb128 0xb
 475 0089 27       		.uleb128 0x27
 476 008a 19       		.uleb128 0x19
 477 008b 11       		.uleb128 0x11
 478 008c 01       		.uleb128 0x1
 479 008d 12       		.uleb128 0x12
 480 008e 06       		.uleb128 0x6
 481 008f 40       		.uleb128 0x40
 482 0090 18       		.uleb128 0x18
 483 0091 9742     		.uleb128 0x2117
 484 0093 19       		.uleb128 0x19
 485 0094 00       		.byte	0
 486 0095 00       		.byte	0
 487 0096 0B       		.uleb128 0xb
 488 0097 34       		.uleb128 0x34
 489 0098 00       		.byte	0
 490 0099 03       		.uleb128 0x3
 491 009a 0E       		.uleb128 0xe
 492 009b 3A       		.uleb128 0x3a
 493 009c 0B       		.uleb128 0xb
 494 009d 3B       		.uleb128 0x3b
 495 009e 05       		.uleb128 0x5
 496 009f 49       		.uleb128 0x49
 497 00a0 13       		.uleb128 0x13
 498 00a1 3F       		.uleb128 0x3f
 499 00a2 19       		.uleb128 0x19
 500 00a3 3C       		.uleb128 0x3c
 501 00a4 19       		.uleb128 0x19
 502 00a5 00       		.byte	0
 503 00a6 00       		.byte	0
 504 00a7 0C       		.uleb128 0xc
 505 00a8 34       		.uleb128 0x34
 506 00a9 00       		.byte	0
 507 00aa 03       		.uleb128 0x3
 508 00ab 0E       		.uleb128 0xe
 509 00ac 3A       		.uleb128 0x3a
ARM GAS  /tmp/ccx5HT7r.s 			page 10


 510 00ad 0B       		.uleb128 0xb
 511 00ae 3B       		.uleb128 0x3b
 512 00af 0B       		.uleb128 0xb
 513 00b0 49       		.uleb128 0x49
 514 00b1 13       		.uleb128 0x13
 515 00b2 3F       		.uleb128 0x3f
 516 00b3 19       		.uleb128 0x19
 517 00b4 02       		.uleb128 0x2
 518 00b5 18       		.uleb128 0x18
 519 00b6 00       		.byte	0
 520 00b7 00       		.byte	0
 521 00b8 0D       		.uleb128 0xd
 522 00b9 26       		.uleb128 0x26
 523 00ba 00       		.byte	0
 524 00bb 49       		.uleb128 0x49
 525 00bc 13       		.uleb128 0x13
 526 00bd 00       		.byte	0
 527 00be 00       		.byte	0
 528 00bf 00       		.byte	0
 529              		.section	.debug_aranges,"",%progbits
 530 0000 24000000 		.4byte	0x24
 531 0004 0200     		.2byte	0x2
 532 0006 00000000 		.4byte	.Ldebug_info0
 533 000a 04       		.byte	0x4
 534 000b 00       		.byte	0
 535 000c 0000     		.2byte	0
 536 000e 0000     		.2byte	0
 537 0010 00000000 		.4byte	.LFB118
 538 0014 08000000 		.4byte	.LFE118-.LFB118
 539 0018 00000000 		.4byte	.LFB119
 540 001c 02000000 		.4byte	.LFE119-.LFB119
 541 0020 00000000 		.4byte	0
 542 0024 00000000 		.4byte	0
 543              		.section	.debug_ranges,"",%progbits
 544              	.Ldebug_ranges0:
 545 0000 00000000 		.4byte	.LFB118
 546 0004 08000000 		.4byte	.LFE118
 547 0008 00000000 		.4byte	.LFB119
 548 000c 02000000 		.4byte	.LFE119
 549 0010 00000000 		.4byte	0
 550 0014 00000000 		.4byte	0
 551              		.section	.debug_line,"",%progbits
 552              	.Ldebug_line0:
 553 0000 CF010000 		.section	.debug_str,"MS",%progbits,1
 553      0200A701 
 553      00000201 
 553      FB0E0D00 
 553      01010101 
 554              	.LASF9:
 555 0000 6C6F6E67 		.ascii	"long long int\000"
 555      206C6F6E 
 555      6720696E 
 555      7400
 556              	.LASF26:
 557 000e 50444461 		.ascii	"PDData\000"
 557      746100
 558              	.LASF18:
ARM GAS  /tmp/ccx5HT7r.s 			page 11


 559 0015 6F737065 		.ascii	"ospeedr\000"
 559      65647200 
 560              	.LASF6:
 561 001d 5F5F696E 		.ascii	"__int32_t\000"
 561      7433325F 
 561      7400
 562              	.LASF4:
 563 0027 73686F72 		.ascii	"short unsigned int\000"
 563      7420756E 
 563      7369676E 
 563      65642069 
 563      6E7400
 564              	.LASF0:
 565 003a 756E7369 		.ascii	"unsigned int\000"
 565      676E6564 
 565      20696E74 
 565      00
 566              	.LASF17:
 567 0047 6F747970 		.ascii	"otyper\000"
 567      657200
 568              	.LASF10:
 569 004e 6C6F6E67 		.ascii	"long long unsigned int\000"
 569      206C6F6E 
 569      6720756E 
 569      7369676E 
 569      65642069 
 570              	.LASF27:
 571 0065 50454461 		.ascii	"PEData\000"
 571      746100
 572              	.LASF2:
 573 006c 756E7369 		.ascii	"unsigned char\000"
 573      676E6564 
 573      20636861 
 573      7200
 574              	.LASF22:
 575 007a 73746D33 		.ascii	"stm32_gpio_setup_t\000"
 575      325F6770 
 575      696F5F73 
 575      65747570 
 575      5F7400
 576              	.LASF23:
 577 008d 50414461 		.ascii	"PAData\000"
 577      746100
 578              	.LASF8:
 579 0094 6C6F6E67 		.ascii	"long unsigned int\000"
 579      20756E73 
 579      69676E65 
 579      6420696E 
 579      7400
 580              	.LASF34:
 581 00a6 474E5520 		.ascii	"GNU C 4.9.3 20141119 (release) [ARM/embedded-4_9-br"
 581      4320342E 
 581      392E3320 
 581      32303134 
 581      31313139 
 582 00d9 616E6368 		.ascii	"anch revision 218278] -mcpu=cortex-m4 -mfloat-abi=h"
 582      20726576 
ARM GAS  /tmp/ccx5HT7r.s 			page 12


 582      6973696F 
 582      6E203231 
 582      38323738 
 583 010c 61726420 		.ascii	"ard -mfpu=fpv4-sp-d16 -mno-thumb-interwork -mthumb "
 583      2D6D6670 
 583      753D6670 
 583      76342D73 
 583      702D6431 
 584 013f 2D676764 		.ascii	"-ggdb -O0 -fomit-frame-pointer -falign-functions=16"
 584      62202D4F 
 584      30202D66 
 584      6F6D6974 
 584      2D667261 
 585 0172 202D6666 		.ascii	" -ffunction-sections -fdata-sections -fno-common -f"
 585      756E6374 
 585      696F6E2D 
 585      73656374 
 585      696F6E73 
 586 01a5 73696E67 		.ascii	"single-precision-constant\000"
 586      6C652D70 
 586      72656369 
 586      73696F6E 
 586      2D636F6E 
 587              	.LASF20:
 588 01bf 6166726C 		.ascii	"afrl\000"
 588      00
 589              	.LASF32:
 590 01c4 49544D5F 		.ascii	"ITM_RxBuffer\000"
 590      52784275 
 590      66666572 
 590      00
 591              	.LASF29:
 592 01d1 50414C43 		.ascii	"PALConfig\000"
 592      6F6E6669 
 592      6700
 593              	.LASF33:
 594 01db 70616C5F 		.ascii	"pal_default_config\000"
 594      64656661 
 594      756C745F 
 594      636F6E66 
 594      696700
 595              	.LASF7:
 596 01ee 5F5F7569 		.ascii	"__uint32_t\000"
 596      6E743332 
 596      5F7400
 597              	.LASF21:
 598 01f9 61667268 		.ascii	"afrh\000"
 598      00
 599              	.LASF19:
 600 01fe 70757064 		.ascii	"pupdr\000"
 600      7200
 601              	.LASF28:
 602 0204 50464461 		.ascii	"PFData\000"
 602      746100
 603              	.LASF24:
 604 020b 50424461 		.ascii	"PBData\000"
 604      746100
ARM GAS  /tmp/ccx5HT7r.s 			page 13


 605              	.LASF15:
 606 0212 63686172 		.ascii	"char\000"
 606      00
 607              	.LASF31:
 608 0217 626F6172 		.ascii	"boardInit\000"
 608      64496E69 
 608      7400
 609              	.LASF30:
 610 0221 5F5F6561 		.ascii	"__early_init\000"
 610      726C795F 
 610      696E6974 
 610      00
 611              	.LASF11:
 612 022e 696E7433 		.ascii	"int32_t\000"
 612      325F7400 
 613              	.LASF14:
 614 0236 73697A65 		.ascii	"sizetype\000"
 614      74797065 
 614      00
 615              	.LASF35:
 616 023f 2F686F6D 		.ascii	"/home/denny/r2p-sdk/modules/uDC_module/board.c\000"
 616      652F6465 
 616      6E6E792F 
 616      7232702D 
 616      73646B2F 
 617              	.LASF3:
 618 026e 73686F72 		.ascii	"short int\000"
 618      7420696E 
 618      7400
 619              	.LASF25:
 620 0278 50434461 		.ascii	"PCData\000"
 620      746100
 621              	.LASF12:
 622 027f 75696E74 		.ascii	"uint32_t\000"
 622      33325F74 
 622      00
 623              	.LASF5:
 624 0288 6C6F6E67 		.ascii	"long int\000"
 624      20696E74 
 624      00
 625              	.LASF16:
 626 0291 6D6F6465 		.ascii	"moder\000"
 626      7200
 627              	.LASF1:
 628 0297 7369676E 		.ascii	"signed char\000"
 628      65642063 
 628      68617200 
 629              	.LASF13:
 630 02a3 5F426F6F 		.ascii	"_Bool\000"
 630      6C00
 631              		.ident	"GCC: (GNU Tools for ARM Embedded Processors) 4.9.3 20141119 (release) [ARM/embedded-4_9-br
ARM GAS  /tmp/ccx5HT7r.s 			page 14


DEFINED SYMBOLS
                            *ABS*:00000000 board.c
     /tmp/ccx5HT7r.s:25     .rodata.pal_default_config:00000000 pal_default_config
     /tmp/ccx5HT7r.s:22     .rodata.pal_default_config:00000000 $d
     /tmp/ccx5HT7r.s:69     .text.__early_init:00000000 $t
     /tmp/ccx5HT7r.s:75     .text.__early_init:00000000 __early_init
     /tmp/ccx5HT7r.s:94     .text.boardInit:00000000 $t
     /tmp/ccx5HT7r.s:100    .text.boardInit:00000000 boardInit
                     .debug_frame:00000010 $d

UNDEFINED SYMBOLS
stm32_clock_init
