ARM GAS  /tmp/cc2xL1mb.s 			page 1


   1              		.syntax unified
   2              		.cpu cortex-m4
   3              		.eabi_attribute 27, 3
   4              		.eabi_attribute 28, 1
   5              		.fpu fpv4-sp-d16
   6              		.eabi_attribute 20, 1
   7              		.eabi_attribute 21, 1
   8              		.eabi_attribute 23, 3
   9              		.eabi_attribute 24, 1
  10              		.eabi_attribute 25, 1
  11              		.eabi_attribute 26, 1
  12              		.eabi_attribute 30, 6
  13              		.eabi_attribute 34, 1
  14              		.eabi_attribute 18, 4
  15              		.thumb
  16              		.file	"chcore.c"
  17              		.text
  18              	.Ltext0:
  19              		.cfi_sections	.debug_frame
  20              		.section	.text.port_halt,"ax",%progbits
  21              		.align	2
  22              		.p2align 4,,15
  23              		.weak	port_halt
  24              		.thumb
  25              		.thumb_func
  26              		.type	port_halt, %function
  27              	port_halt:
  28              	.LFB7:
  29              		.file 1 "/home/denny/r2p-sdk/core/ChibiOS/os/ports/GCC/ARMCMx/chcore.c"
  30              		.loc 1 46 0
  31              		.cfi_startproc
  32              		@ args = 0, pretend = 0, frame = 0
  33              		@ frame_needed = 0, uses_anonymous_args = 0
  34              		@ link register save eliminated.
  35              		.loc 1 48 0
  36              	@ 48 "/home/denny/r2p-sdk/core/ChibiOS/os/ports/GCC/ARMCMx/chcore.c" 1
  37 0000 72B6     		cpsid   i
  38              	@ 0 "" 2
  39              		.thumb
  40              	.L2:
  41              		.loc 1 50 0 discriminator 1
  42 0002 FEE7     		b	.L2
  43              		.cfi_endproc
  44              	.LFE7:
  45              		.size	port_halt, .-port_halt
  46 0004 AFF30080 		.text
  46      AFF30080 
  46      AFF30080 
  47              	.Letext0:
  48              		.section	.debug_info,"",%progbits
  49              	.Ldebug_info0:
  50 0000 8A000000 		.4byte	0x8a
  51 0004 0400     		.2byte	0x4
  52 0006 00000000 		.4byte	.Ldebug_abbrev0
  53 000a 04       		.byte	0x4
  54 000b 01       		.uleb128 0x1
  55 000c 1B000000 		.4byte	.LASF12
ARM GAS  /tmp/cc2xL1mb.s 			page 2


  56 0010 01       		.byte	0x1
  57 0011 79010000 		.4byte	.LASF13
  58 0015 00000000 		.4byte	.Ldebug_ranges0+0
  59 0019 00000000 		.4byte	0
  60 001d 00000000 		.4byte	.Ldebug_line0
  61 0021 02       		.uleb128 0x2
  62 0022 04       		.byte	0x4
  63 0023 05       		.byte	0x5
  64 0024 696E7400 		.ascii	"int\000"
  65 0028 03       		.uleb128 0x3
  66 0029 04       		.byte	0x4
  67 002a 07       		.byte	0x7
  68 002b 0E000000 		.4byte	.LASF0
  69 002f 03       		.uleb128 0x3
  70 0030 01       		.byte	0x1
  71 0031 06       		.byte	0x6
  72 0032 D0010000 		.4byte	.LASF1
  73 0036 03       		.uleb128 0x3
  74 0037 01       		.byte	0x1
  75 0038 08       		.byte	0x8
  76 0039 5D010000 		.4byte	.LASF2
  77 003d 03       		.uleb128 0x3
  78 003e 02       		.byte	0x2
  79 003f 05       		.byte	0x5
  80 0040 E6010000 		.4byte	.LASF3
  81 0044 03       		.uleb128 0x3
  82 0045 02       		.byte	0x2
  83 0046 07       		.byte	0x7
  84 0047 BD010000 		.4byte	.LASF4
  85 004b 03       		.uleb128 0x3
  86 004c 04       		.byte	0x4
  87 004d 05       		.byte	0x5
  88 004e 70010000 		.4byte	.LASF5
  89 0052 03       		.uleb128 0x3
  90 0053 04       		.byte	0x4
  91 0054 07       		.byte	0x7
  92 0055 34010000 		.4byte	.LASF6
  93 0059 03       		.uleb128 0x3
  94 005a 08       		.byte	0x8
  95 005b 05       		.byte	0x5
  96 005c 00000000 		.4byte	.LASF7
  97 0060 03       		.uleb128 0x3
  98 0061 08       		.byte	0x8
  99 0062 07       		.byte	0x7
 100 0063 46010000 		.4byte	.LASF8
 101 0067 03       		.uleb128 0x3
 102 0068 01       		.byte	0x1
 103 0069 02       		.byte	0x2
 104 006a B7010000 		.4byte	.LASF9
 105 006e 03       		.uleb128 0x3
 106 006f 04       		.byte	0x4
 107 0070 07       		.byte	0x7
 108 0071 F0010000 		.4byte	.LASF10
 109 0075 03       		.uleb128 0x3
 110 0076 01       		.byte	0x1
 111 0077 08       		.byte	0x8
 112 0078 6B010000 		.4byte	.LASF11
ARM GAS  /tmp/cc2xL1mb.s 			page 3


 113 007c 04       		.uleb128 0x4
 114 007d DC010000 		.4byte	.LASF14
 115 0081 01       		.byte	0x1
 116 0082 2E       		.byte	0x2e
 117 0083 00000000 		.4byte	.LFB7
 118 0087 04000000 		.4byte	.LFE7-.LFB7
 119 008b 01       		.uleb128 0x1
 120 008c 9C       		.byte	0x9c
 121 008d 00       		.byte	0
 122              		.section	.debug_abbrev,"",%progbits
 123              	.Ldebug_abbrev0:
 124 0000 01       		.uleb128 0x1
 125 0001 11       		.uleb128 0x11
 126 0002 01       		.byte	0x1
 127 0003 25       		.uleb128 0x25
 128 0004 0E       		.uleb128 0xe
 129 0005 13       		.uleb128 0x13
 130 0006 0B       		.uleb128 0xb
 131 0007 03       		.uleb128 0x3
 132 0008 0E       		.uleb128 0xe
 133 0009 55       		.uleb128 0x55
 134 000a 17       		.uleb128 0x17
 135 000b 11       		.uleb128 0x11
 136 000c 01       		.uleb128 0x1
 137 000d 10       		.uleb128 0x10
 138 000e 17       		.uleb128 0x17
 139 000f 00       		.byte	0
 140 0010 00       		.byte	0
 141 0011 02       		.uleb128 0x2
 142 0012 24       		.uleb128 0x24
 143 0013 00       		.byte	0
 144 0014 0B       		.uleb128 0xb
 145 0015 0B       		.uleb128 0xb
 146 0016 3E       		.uleb128 0x3e
 147 0017 0B       		.uleb128 0xb
 148 0018 03       		.uleb128 0x3
 149 0019 08       		.uleb128 0x8
 150 001a 00       		.byte	0
 151 001b 00       		.byte	0
 152 001c 03       		.uleb128 0x3
 153 001d 24       		.uleb128 0x24
 154 001e 00       		.byte	0
 155 001f 0B       		.uleb128 0xb
 156 0020 0B       		.uleb128 0xb
 157 0021 3E       		.uleb128 0x3e
 158 0022 0B       		.uleb128 0xb
 159 0023 03       		.uleb128 0x3
 160 0024 0E       		.uleb128 0xe
 161 0025 00       		.byte	0
 162 0026 00       		.byte	0
 163 0027 04       		.uleb128 0x4
 164 0028 2E       		.uleb128 0x2e
 165 0029 00       		.byte	0
 166 002a 3F       		.uleb128 0x3f
 167 002b 19       		.uleb128 0x19
 168 002c 03       		.uleb128 0x3
 169 002d 0E       		.uleb128 0xe
ARM GAS  /tmp/cc2xL1mb.s 			page 4


 170 002e 3A       		.uleb128 0x3a
 171 002f 0B       		.uleb128 0xb
 172 0030 3B       		.uleb128 0x3b
 173 0031 0B       		.uleb128 0xb
 174 0032 27       		.uleb128 0x27
 175 0033 19       		.uleb128 0x19
 176 0034 11       		.uleb128 0x11
 177 0035 01       		.uleb128 0x1
 178 0036 12       		.uleb128 0x12
 179 0037 06       		.uleb128 0x6
 180 0038 40       		.uleb128 0x40
 181 0039 18       		.uleb128 0x18
 182 003a 9742     		.uleb128 0x2117
 183 003c 19       		.uleb128 0x19
 184 003d 00       		.byte	0
 185 003e 00       		.byte	0
 186 003f 00       		.byte	0
 187              		.section	.debug_aranges,"",%progbits
 188 0000 1C000000 		.4byte	0x1c
 189 0004 0200     		.2byte	0x2
 190 0006 00000000 		.4byte	.Ldebug_info0
 191 000a 04       		.byte	0x4
 192 000b 00       		.byte	0
 193 000c 0000     		.2byte	0
 194 000e 0000     		.2byte	0
 195 0010 00000000 		.4byte	.LFB7
 196 0014 04000000 		.4byte	.LFE7-.LFB7
 197 0018 00000000 		.4byte	0
 198 001c 00000000 		.4byte	0
 199              		.section	.debug_ranges,"",%progbits
 200              	.Ldebug_ranges0:
 201 0000 00000000 		.4byte	.LFB7
 202 0004 04000000 		.4byte	.LFE7
 203 0008 00000000 		.4byte	0
 204 000c 00000000 		.4byte	0
 205              		.section	.debug_line,"",%progbits
 206              	.Ldebug_line0:
 207 0000 6F000000 		.section	.debug_str,"MS",%progbits,1
 207      02005400 
 207      00000201 
 207      FB0E0D00 
 207      01010101 
 208              	.LASF7:
 209 0000 6C6F6E67 		.ascii	"long long int\000"
 209      206C6F6E 
 209      6720696E 
 209      7400
 210              	.LASF0:
 211 000e 756E7369 		.ascii	"unsigned int\000"
 211      676E6564 
 211      20696E74 
 211      00
 212              	.LASF12:
 213 001b 474E5520 		.ascii	"GNU C 4.9.3 20141119 (release) [ARM/embedded-4_9-br"
 213      4320342E 
 213      392E3320 
 213      32303134 
ARM GAS  /tmp/cc2xL1mb.s 			page 5


 213      31313139 
 214 004e 616E6368 		.ascii	"anch revision 218278] -mcpu=cortex-m4 -mfloat-abi=h"
 214      20726576 
 214      6973696F 
 214      6E203231 
 214      38323738 
 215 0081 61726420 		.ascii	"ard -mfpu=fpv4-sp-d16 -mno-thumb-interwork -mthumb "
 215      2D6D6670 
 215      753D6670 
 215      76342D73 
 215      702D6431 
 216 00b4 2D676764 		.ascii	"-ggdb -O0 -fomit-frame-pointer -falign-functions=16"
 216      62202D4F 
 216      30202D66 
 216      6F6D6974 
 216      2D667261 
 217 00e7 202D6666 		.ascii	" -ffunction-sections -fdata-sections -fno-common -f"
 217      756E6374 
 217      696F6E2D 
 217      73656374 
 217      696F6E73 
 218 011a 73696E67 		.ascii	"single-precision-constant\000"
 218      6C652D70 
 218      72656369 
 218      73696F6E 
 218      2D636F6E 
 219              	.LASF6:
 220 0134 6C6F6E67 		.ascii	"long unsigned int\000"
 220      20756E73 
 220      69676E65 
 220      6420696E 
 220      7400
 221              	.LASF8:
 222 0146 6C6F6E67 		.ascii	"long long unsigned int\000"
 222      206C6F6E 
 222      6720756E 
 222      7369676E 
 222      65642069 
 223              	.LASF2:
 224 015d 756E7369 		.ascii	"unsigned char\000"
 224      676E6564 
 224      20636861 
 224      7200
 225              	.LASF11:
 226 016b 63686172 		.ascii	"char\000"
 226      00
 227              	.LASF5:
 228 0170 6C6F6E67 		.ascii	"long int\000"
 228      20696E74 
 228      00
 229              	.LASF13:
 230 0179 2F686F6D 		.ascii	"/home/denny/r2p-sdk/core/ChibiOS/os/ports/GCC/ARMCM"
 230      652F6465 
 230      6E6E792F 
 230      7232702D 
 230      73646B2F 
 231 01ac 782F6368 		.ascii	"x/chcore.c\000"
ARM GAS  /tmp/cc2xL1mb.s 			page 6


 231      636F7265 
 231      2E6300
 232              	.LASF9:
 233 01b7 5F426F6F 		.ascii	"_Bool\000"
 233      6C00
 234              	.LASF4:
 235 01bd 73686F72 		.ascii	"short unsigned int\000"
 235      7420756E 
 235      7369676E 
 235      65642069 
 235      6E7400
 236              	.LASF1:
 237 01d0 7369676E 		.ascii	"signed char\000"
 237      65642063 
 237      68617200 
 238              	.LASF14:
 239 01dc 706F7274 		.ascii	"port_halt\000"
 239      5F68616C 
 239      7400
 240              	.LASF3:
 241 01e6 73686F72 		.ascii	"short int\000"
 241      7420696E 
 241      7400
 242              	.LASF10:
 243 01f0 73697A65 		.ascii	"sizetype\000"
 243      74797065 
 243      00
 244              		.ident	"GCC: (GNU Tools for ARM Embedded Processors) 4.9.3 20141119 (release) [ARM/embedded-4_9-br
ARM GAS  /tmp/cc2xL1mb.s 			page 7


DEFINED SYMBOLS
                            *ABS*:00000000 chcore.c
     /tmp/cc2xL1mb.s:21     .text.port_halt:00000000 $t
     /tmp/cc2xL1mb.s:27     .text.port_halt:00000000 port_halt
                     .debug_frame:00000010 $d

NO UNDEFINED SYMBOLS
