ARM GAS  /tmp/ccu2bpeO.s 			page 1


   1              		.syntax unified
   2              		.cpu cortex-m4
   3              		.eabi_attribute 27, 3
   4              		.eabi_attribute 28, 1
   5              		.fpu fpv4-sp-d16
   6              		.eabi_attribute 20, 1
   7              		.eabi_attribute 21, 1
   8              		.eabi_attribute 23, 3
   9              		.eabi_attribute 24, 1
  10              		.eabi_attribute 25, 1
  11              		.eabi_attribute 26, 1
  12              		.eabi_attribute 30, 6
  13              		.eabi_attribute 34, 1
  14              		.eabi_attribute 18, 4
  15              		.thumb
  16              		.file	"pwm.c"
  17              		.text
  18              	.Ltext0:
  19              		.cfi_sections	.debug_frame
  20              		.section	.text.pwmInit,"ax",%progbits
  21              		.align	2
  22              		.p2align 4,,15
  23              		.global	pwmInit
  24              		.thumb
  25              		.thumb_func
  26              		.type	pwmInit, %function
  27              	pwmInit:
  28              	.LFB118:
  29              		.file 1 "/home/denny/r2p-sdk/core/ChibiOS/os/hal/src/pwm.c"
  30              		.loc 1 68 0
  31              		.cfi_startproc
  32              		@ args = 0, pretend = 0, frame = 0
  33              		@ frame_needed = 0, uses_anonymous_args = 0
  34 0000 08B5     		push	{r3, lr}
  35              		.cfi_def_cfa_offset 8
  36              		.cfi_offset 3, -8
  37              		.cfi_offset 14, -4
  38              		.loc 1 70 0
  39 0002 FFF7FEFF 		bl	pwm_lld_init
  40              		.loc 1 71 0
  41 0006 08BD     		pop	{r3, pc}
  42              		.cfi_endproc
  43              	.LFE118:
  44              		.size	pwmInit, .-pwmInit
  45 0008 AFF30080 		.section	.text.pwmObjectInit,"ax",%progbits
  45      AFF30080 
  46              		.align	2
  47              		.p2align 4,,15
  48              		.global	pwmObjectInit
  49              		.thumb
  50              		.thumb_func
  51              		.type	pwmObjectInit, %function
  52              	pwmObjectInit:
  53              	.LFB119:
  54              		.loc 1 80 0
  55              		.cfi_startproc
  56              		@ args = 0, pretend = 0, frame = 8
ARM GAS  /tmp/ccu2bpeO.s 			page 2


  57              		@ frame_needed = 0, uses_anonymous_args = 0
  58              		@ link register save eliminated.
  59 0000 82B0     		sub	sp, sp, #8
  60              		.cfi_def_cfa_offset 8
  61 0002 0190     		str	r0, [sp, #4]
  62              		.loc 1 82 0
  63 0004 019B     		ldr	r3, [sp, #4]
  64 0006 0122     		movs	r2, #1
  65 0008 1A70     		strb	r2, [r3]
  66              		.loc 1 83 0
  67 000a 019B     		ldr	r3, [sp, #4]
  68 000c 0022     		movs	r2, #0
  69 000e 5A60     		str	r2, [r3, #4]
  70              		.loc 1 87 0
  71 0010 02B0     		add	sp, sp, #8
  72              		.cfi_def_cfa_offset 0
  73              		@ sp needed
  74 0012 7047     		bx	lr
  75              		.cfi_endproc
  76              	.LFE119:
  77              		.size	pwmObjectInit, .-pwmObjectInit
  78 0014 AFF30080 		.section	.rodata
  78      AFF30080 
  78      AFF30080 
  79              		.align	2
  80              	.LC0:
  81 0000 2270776D 		.ascii	"\"pwmStart\"()\000"
  81      53746172 
  81      74222829 
  81      00
  82 000d 000000   		.align	2
  83              	.LC1:
  84 0010 70776D53 		.ascii	"pwmStart(), #1\000"
  84      74617274 
  84      28292C20 
  84      233100
  85              		.section	.text.pwmStart,"ax",%progbits
  86              		.align	2
  87              		.p2align 4,,15
  88              		.global	pwmStart
  89              		.thumb
  90              		.thumb_func
  91              		.type	pwmStart, %function
  92              	pwmStart:
  93              	.LFB120:
  94              		.loc 1 99 0
  95              		.cfi_startproc
  96              		@ args = 0, pretend = 0, frame = 8
  97              		@ frame_needed = 0, uses_anonymous_args = 0
  98 0000 00B5     		push	{lr}
  99              		.cfi_def_cfa_offset 4
 100              		.cfi_offset 14, -4
 101 0002 83B0     		sub	sp, sp, #12
 102              		.cfi_def_cfa_offset 16
 103 0004 0190     		str	r0, [sp, #4]
 104 0006 0091     		str	r1, [sp]
 105              		.loc 1 101 0
ARM GAS  /tmp/ccu2bpeO.s 			page 3


 106 0008 019B     		ldr	r3, [sp, #4]
 107 000a 002B     		cmp	r3, #0
 108 000c 02D0     		beq	.L4
 109              		.loc 1 101 0 is_stmt 0 discriminator 2
 110 000e 009B     		ldr	r3, [sp]
 111 0010 002B     		cmp	r3, #0
 112 0012 02D1     		bne	.L5
 113              	.L4:
 114              		.loc 1 101 0 discriminator 3
 115 0014 1348     		ldr	r0, .L7
 116 0016 FFF7FEFF 		bl	chDbgPanic
 117              	.L5:
 118              	.LBB2:
 119              		.loc 1 103 0 is_stmt 1
 120 001a 2023     		movs	r3, #32
 121              	@ 103 "/home/denny/r2p-sdk/core/ChibiOS/os/hal/src/pwm.c" 1
 122 001c 83F31188 		msr     BASEPRI, r3
 123              	@ 0 "" 2
 124              		.thumb
 125              	.LBE2:
 126 0020 FFF7FEFF 		bl	dbg_check_lock
 127              		.loc 1 104 0
 128 0024 019B     		ldr	r3, [sp, #4]
 129 0026 1B78     		ldrb	r3, [r3]	@ zero_extendqisi2
 130 0028 012B     		cmp	r3, #1
 131 002a 06D0     		beq	.L6
 132              		.loc 1 104 0 is_stmt 0 discriminator 1
 133 002c 019B     		ldr	r3, [sp, #4]
 134 002e 1B78     		ldrb	r3, [r3]	@ zero_extendqisi2
 135 0030 022B     		cmp	r3, #2
 136 0032 02D0     		beq	.L6
 137              		.loc 1 104 0 discriminator 2
 138 0034 0C48     		ldr	r0, .L7+4
 139 0036 FFF7FEFF 		bl	chDbgPanic
 140              	.L6:
 141              		.loc 1 106 0 is_stmt 1
 142 003a 019B     		ldr	r3, [sp, #4]
 143 003c 009A     		ldr	r2, [sp]
 144 003e 5A60     		str	r2, [r3, #4]
 145              		.loc 1 107 0
 146 0040 009B     		ldr	r3, [sp]
 147 0042 9A88     		ldrh	r2, [r3, #4]
 148 0044 019B     		ldr	r3, [sp, #4]
 149 0046 1A81     		strh	r2, [r3, #8]	@ movhi
 150              		.loc 1 108 0
 151 0048 0198     		ldr	r0, [sp, #4]
 152 004a FFF7FEFF 		bl	pwm_lld_start
 153              		.loc 1 109 0
 154 004e 019B     		ldr	r3, [sp, #4]
 155 0050 0222     		movs	r2, #2
 156 0052 1A70     		strb	r2, [r3]
 157              		.loc 1 110 0
 158 0054 FFF7FEFF 		bl	dbg_check_unlock
 159              	.LBB3:
 160 0058 0023     		movs	r3, #0
 161              	@ 110 "/home/denny/r2p-sdk/core/ChibiOS/os/hal/src/pwm.c" 1
 162 005a 83F31188 		msr     BASEPRI, r3
ARM GAS  /tmp/ccu2bpeO.s 			page 4


 163              	@ 0 "" 2
 164              		.thumb
 165              	.LBE3:
 166              		.loc 1 111 0
 167 005e 03B0     		add	sp, sp, #12
 168              		.cfi_def_cfa_offset 4
 169              		@ sp needed
 170 0060 5DF804FB 		ldr	pc, [sp], #4
 171              	.L8:
 172              		.align	2
 173              	.L7:
 174 0064 00000000 		.word	.LC0
 175 0068 10000000 		.word	.LC1
 176              		.cfi_endproc
 177              	.LFE120:
 178              		.size	pwmStart, .-pwmStart
 179 006c AFF30080 		.section	.rodata
 180 001f 00       		.align	2
 181              	.LC2:
 182 0020 2270776D 		.ascii	"\"pwmStop\"()\000"
 182      53746F70 
 182      22282900 
 183              		.align	2
 184              	.LC3:
 185 002c 70776D53 		.ascii	"pwmStop(), #1\000"
 185      746F7028 
 185      292C2023 
 185      3100
 186              		.section	.text.pwmStop,"ax",%progbits
 187              		.align	2
 188              		.p2align 4,,15
 189              		.global	pwmStop
 190              		.thumb
 191              		.thumb_func
 192              		.type	pwmStop, %function
 193              	pwmStop:
 194              	.LFB121:
 195              		.loc 1 120 0
 196              		.cfi_startproc
 197              		@ args = 0, pretend = 0, frame = 8
 198              		@ frame_needed = 0, uses_anonymous_args = 0
 199 0000 00B5     		push	{lr}
 200              		.cfi_def_cfa_offset 4
 201              		.cfi_offset 14, -4
 202 0002 83B0     		sub	sp, sp, #12
 203              		.cfi_def_cfa_offset 16
 204 0004 0190     		str	r0, [sp, #4]
 205              		.loc 1 122 0
 206 0006 019B     		ldr	r3, [sp, #4]
 207 0008 002B     		cmp	r3, #0
 208 000a 02D1     		bne	.L10
 209              		.loc 1 122 0 is_stmt 0 discriminator 1
 210 000c 1048     		ldr	r0, .L12
 211 000e FFF7FEFF 		bl	chDbgPanic
 212              	.L10:
 213              	.LBB4:
 214              		.loc 1 124 0 is_stmt 1
ARM GAS  /tmp/ccu2bpeO.s 			page 5


 215 0012 2023     		movs	r3, #32
 216              	@ 124 "/home/denny/r2p-sdk/core/ChibiOS/os/hal/src/pwm.c" 1
 217 0014 83F31188 		msr     BASEPRI, r3
 218              	@ 0 "" 2
 219              		.thumb
 220              	.LBE4:
 221 0018 FFF7FEFF 		bl	dbg_check_lock
 222              		.loc 1 125 0
 223 001c 019B     		ldr	r3, [sp, #4]
 224 001e 1B78     		ldrb	r3, [r3]	@ zero_extendqisi2
 225 0020 012B     		cmp	r3, #1
 226 0022 06D0     		beq	.L11
 227              		.loc 1 125 0 is_stmt 0 discriminator 1
 228 0024 019B     		ldr	r3, [sp, #4]
 229 0026 1B78     		ldrb	r3, [r3]	@ zero_extendqisi2
 230 0028 022B     		cmp	r3, #2
 231 002a 02D0     		beq	.L11
 232              		.loc 1 125 0 discriminator 2
 233 002c 0948     		ldr	r0, .L12+4
 234 002e FFF7FEFF 		bl	chDbgPanic
 235              	.L11:
 236              		.loc 1 127 0 is_stmt 1
 237 0032 0198     		ldr	r0, [sp, #4]
 238 0034 FFF7FEFF 		bl	pwm_lld_stop
 239              		.loc 1 128 0
 240 0038 019B     		ldr	r3, [sp, #4]
 241 003a 0122     		movs	r2, #1
 242 003c 1A70     		strb	r2, [r3]
 243              		.loc 1 129 0
 244 003e FFF7FEFF 		bl	dbg_check_unlock
 245              	.LBB5:
 246 0042 0023     		movs	r3, #0
 247              	@ 129 "/home/denny/r2p-sdk/core/ChibiOS/os/hal/src/pwm.c" 1
 248 0044 83F31188 		msr     BASEPRI, r3
 249              	@ 0 "" 2
 250              		.thumb
 251              	.LBE5:
 252              		.loc 1 130 0
 253 0048 03B0     		add	sp, sp, #12
 254              		.cfi_def_cfa_offset 4
 255              		@ sp needed
 256 004a 5DF804FB 		ldr	pc, [sp], #4
 257              	.L13:
 258 004e 00BF     		.align	2
 259              	.L12:
 260 0050 20000000 		.word	.LC2
 261 0054 2C000000 		.word	.LC3
 262              		.cfi_endproc
 263              	.LFE121:
 264              		.size	pwmStop, .-pwmStop
 265 0058 AFF30080 		.section	.rodata
 265      AFF30080 
 266 003a 0000     		.align	2
 267              	.LC4:
 268 003c 2270776D 		.ascii	"\"pwmChangePeriod\"()\000"
 268      4368616E 
 268      67655065 
ARM GAS  /tmp/ccu2bpeO.s 			page 6


 268      72696F64 
 268      22282900 
 269              		.align	2
 270              	.LC5:
 271 0050 70776D43 		.ascii	"pwmChangePeriod(), #1\000"
 271      68616E67 
 271      65506572 
 271      696F6428 
 271      292C2023 
 272              		.section	.text.pwmChangePeriod,"ax",%progbits
 273              		.align	2
 274              		.p2align 4,,15
 275              		.global	pwmChangePeriod
 276              		.thumb
 277              		.thumb_func
 278              		.type	pwmChangePeriod, %function
 279              	pwmChangePeriod:
 280              	.LFB122:
 281              		.loc 1 147 0
 282              		.cfi_startproc
 283              		@ args = 0, pretend = 0, frame = 8
 284              		@ frame_needed = 0, uses_anonymous_args = 0
 285 0000 00B5     		push	{lr}
 286              		.cfi_def_cfa_offset 4
 287              		.cfi_offset 14, -4
 288 0002 83B0     		sub	sp, sp, #12
 289              		.cfi_def_cfa_offset 16
 290 0004 0190     		str	r0, [sp, #4]
 291 0006 0B46     		mov	r3, r1
 292 0008 ADF80230 		strh	r3, [sp, #2]	@ movhi
 293              		.loc 1 149 0
 294 000c 019B     		ldr	r3, [sp, #4]
 295 000e 002B     		cmp	r3, #0
 296 0010 02D1     		bne	.L15
 297              		.loc 1 149 0 is_stmt 0 discriminator 1
 298 0012 1148     		ldr	r0, .L17
 299 0014 FFF7FEFF 		bl	chDbgPanic
 300              	.L15:
 301              	.LBB6:
 302              		.loc 1 151 0 is_stmt 1
 303 0018 2023     		movs	r3, #32
 304              	@ 151 "/home/denny/r2p-sdk/core/ChibiOS/os/hal/src/pwm.c" 1
 305 001a 83F31188 		msr     BASEPRI, r3
 306              	@ 0 "" 2
 307              		.thumb
 308              	.LBE6:
 309 001e FFF7FEFF 		bl	dbg_check_lock
 310              		.loc 1 152 0
 311 0022 019B     		ldr	r3, [sp, #4]
 312 0024 1B78     		ldrb	r3, [r3]	@ zero_extendqisi2
 313 0026 022B     		cmp	r3, #2
 314 0028 02D0     		beq	.L16
 315              		.loc 1 152 0 is_stmt 0 discriminator 1
 316 002a 0C48     		ldr	r0, .L17+4
 317 002c FFF7FEFF 		bl	chDbgPanic
 318              	.L16:
 319              		.loc 1 154 0 is_stmt 1
ARM GAS  /tmp/ccu2bpeO.s 			page 7


 320 0030 019B     		ldr	r3, [sp, #4]
 321 0032 BDF80220 		ldrh	r2, [sp, #2]	@ movhi
 322 0036 1A81     		strh	r2, [r3, #8]	@ movhi
 323 0038 019B     		ldr	r3, [sp, #4]
 324 003a 1B69     		ldr	r3, [r3, #16]
 325 003c BDF80220 		ldrh	r2, [sp, #2]	@ movhi
 326 0040 013A     		subs	r2, r2, #1
 327 0042 92B2     		uxth	r2, r2
 328 0044 DA62     		str	r2, [r3, #44]
 329              		.loc 1 155 0
 330 0046 FFF7FEFF 		bl	dbg_check_unlock
 331              	.LBB7:
 332 004a 0023     		movs	r3, #0
 333              	@ 155 "/home/denny/r2p-sdk/core/ChibiOS/os/hal/src/pwm.c" 1
 334 004c 83F31188 		msr     BASEPRI, r3
 335              	@ 0 "" 2
 336              		.thumb
 337              	.LBE7:
 338              		.loc 1 156 0
 339 0050 03B0     		add	sp, sp, #12
 340              		.cfi_def_cfa_offset 4
 341              		@ sp needed
 342 0052 5DF804FB 		ldr	pc, [sp], #4
 343              	.L18:
 344 0056 00BF     		.align	2
 345              	.L17:
 346 0058 3C000000 		.word	.LC4
 347 005c 50000000 		.word	.LC5
 348              		.cfi_endproc
 349              	.LFE122:
 350              		.size	pwmChangePeriod, .-pwmChangePeriod
 351              		.section	.rodata
 352 0066 0000     		.align	2
 353              	.LC6:
 354 0068 2270776D 		.ascii	"\"pwmEnableChannel\"()\000"
 354      456E6162 
 354      6C654368 
 354      616E6E65 
 354      6C222829 
 355 007d 000000   		.align	2
 356              	.LC7:
 357 0080 70776D45 		.ascii	"pwmEnableChannel(), #1\000"
 357      6E61626C 
 357      65436861 
 357      6E6E656C 
 357      28292C20 
 358              		.section	.text.pwmEnableChannel,"ax",%progbits
 359              		.align	2
 360              		.p2align 4,,15
 361              		.global	pwmEnableChannel
 362              		.thumb
 363              		.thumb_func
 364              		.type	pwmEnableChannel, %function
 365              	pwmEnableChannel:
 366              	.LFB123:
 367              		.loc 1 174 0
 368              		.cfi_startproc
ARM GAS  /tmp/ccu2bpeO.s 			page 8


 369              		@ args = 0, pretend = 0, frame = 8
 370              		@ frame_needed = 0, uses_anonymous_args = 0
 371 0000 00B5     		push	{lr}
 372              		.cfi_def_cfa_offset 4
 373              		.cfi_offset 14, -4
 374 0002 83B0     		sub	sp, sp, #12
 375              		.cfi_def_cfa_offset 16
 376 0004 0190     		str	r0, [sp, #4]
 377 0006 0B46     		mov	r3, r1
 378 0008 8DF80330 		strb	r3, [sp, #3]
 379 000c 1346     		mov	r3, r2	@ movhi
 380 000e ADF80030 		strh	r3, [sp]	@ movhi
 381              		.loc 1 176 0
 382 0012 019B     		ldr	r3, [sp, #4]
 383 0014 002B     		cmp	r3, #0
 384 0016 03D0     		beq	.L20
 385              		.loc 1 176 0 is_stmt 0 discriminator 2
 386 0018 9DF80330 		ldrb	r3, [sp, #3]	@ zero_extendqisi2
 387 001c 032B     		cmp	r3, #3
 388 001e 02D9     		bls	.L21
 389              	.L20:
 390              		.loc 1 176 0 discriminator 3
 391 0020 0F48     		ldr	r0, .L23
 392 0022 FFF7FEFF 		bl	chDbgPanic
 393              	.L21:
 394              	.LBB8:
 395              		.loc 1 179 0 is_stmt 1
 396 0026 2023     		movs	r3, #32
 397              	@ 179 "/home/denny/r2p-sdk/core/ChibiOS/os/hal/src/pwm.c" 1
 398 0028 83F31188 		msr     BASEPRI, r3
 399              	@ 0 "" 2
 400              		.thumb
 401              	.LBE8:
 402 002c FFF7FEFF 		bl	dbg_check_lock
 403              		.loc 1 180 0
 404 0030 019B     		ldr	r3, [sp, #4]
 405 0032 1B78     		ldrb	r3, [r3]	@ zero_extendqisi2
 406 0034 022B     		cmp	r3, #2
 407 0036 02D0     		beq	.L22
 408              		.loc 1 180 0 is_stmt 0 discriminator 1
 409 0038 0A48     		ldr	r0, .L23+4
 410 003a FFF7FEFF 		bl	chDbgPanic
 411              	.L22:
 412              		.loc 1 182 0 is_stmt 1
 413 003e 9DF80320 		ldrb	r2, [sp, #3]	@ zero_extendqisi2
 414 0042 BDF80030 		ldrh	r3, [sp]
 415 0046 0198     		ldr	r0, [sp, #4]
 416 0048 1146     		mov	r1, r2
 417 004a 1A46     		mov	r2, r3
 418 004c FFF7FEFF 		bl	pwm_lld_enable_channel
 419              		.loc 1 183 0
 420 0050 FFF7FEFF 		bl	dbg_check_unlock
 421              	.LBB9:
 422 0054 0023     		movs	r3, #0
 423              	@ 183 "/home/denny/r2p-sdk/core/ChibiOS/os/hal/src/pwm.c" 1
 424 0056 83F31188 		msr     BASEPRI, r3
 425              	@ 0 "" 2
ARM GAS  /tmp/ccu2bpeO.s 			page 9


 426              		.thumb
 427              	.LBE9:
 428              		.loc 1 184 0
 429 005a 03B0     		add	sp, sp, #12
 430              		.cfi_def_cfa_offset 4
 431              		@ sp needed
 432 005c 5DF804FB 		ldr	pc, [sp], #4
 433              	.L24:
 434              		.align	2
 435              	.L23:
 436 0060 68000000 		.word	.LC6
 437 0064 80000000 		.word	.LC7
 438              		.cfi_endproc
 439              	.LFE123:
 440              		.size	pwmEnableChannel, .-pwmEnableChannel
 441 0068 AFF30080 		.section	.rodata
 441      AFF30080 
 442 0097 00       		.align	2
 443              	.LC8:
 444 0098 70776D44 		.ascii	"pwmDisableChannel(), #1\000"
 444      69736162 
 444      6C654368 
 444      616E6E65 
 444      6C28292C 
 445              		.section	.text.pwmDisableChannel,"ax",%progbits
 446              		.align	2
 447              		.p2align 4,,15
 448              		.global	pwmDisableChannel
 449              		.thumb
 450              		.thumb_func
 451              		.type	pwmDisableChannel, %function
 452              	pwmDisableChannel:
 453              	.LFB124:
 454              		.loc 1 200 0
 455              		.cfi_startproc
 456              		@ args = 0, pretend = 0, frame = 8
 457              		@ frame_needed = 0, uses_anonymous_args = 0
 458 0000 00B5     		push	{lr}
 459              		.cfi_def_cfa_offset 4
 460              		.cfi_offset 14, -4
 461 0002 83B0     		sub	sp, sp, #12
 462              		.cfi_def_cfa_offset 16
 463 0004 0190     		str	r0, [sp, #4]
 464 0006 0B46     		mov	r3, r1
 465 0008 8DF80330 		strb	r3, [sp, #3]
 466              		.loc 1 202 0
 467 000c 019B     		ldr	r3, [sp, #4]
 468 000e 002B     		cmp	r3, #0
 469 0010 03D0     		beq	.L26
 470              		.loc 1 202 0 is_stmt 0 discriminator 2
 471 0012 9DF80330 		ldrb	r3, [sp, #3]	@ zero_extendqisi2
 472 0016 032B     		cmp	r3, #3
 473 0018 02D9     		bls	.L27
 474              	.L26:
 475              		.loc 1 202 0 discriminator 3
 476 001a 0E48     		ldr	r0, .L29
 477 001c FFF7FEFF 		bl	chDbgPanic
ARM GAS  /tmp/ccu2bpeO.s 			page 10


 478              	.L27:
 479              	.LBB10:
 480              		.loc 1 205 0 is_stmt 1
 481 0020 2023     		movs	r3, #32
 482              	@ 205 "/home/denny/r2p-sdk/core/ChibiOS/os/hal/src/pwm.c" 1
 483 0022 83F31188 		msr     BASEPRI, r3
 484              	@ 0 "" 2
 485              		.thumb
 486              	.LBE10:
 487 0026 FFF7FEFF 		bl	dbg_check_lock
 488              		.loc 1 206 0
 489 002a 019B     		ldr	r3, [sp, #4]
 490 002c 1B78     		ldrb	r3, [r3]	@ zero_extendqisi2
 491 002e 022B     		cmp	r3, #2
 492 0030 02D0     		beq	.L28
 493              		.loc 1 206 0 is_stmt 0 discriminator 1
 494 0032 0948     		ldr	r0, .L29+4
 495 0034 FFF7FEFF 		bl	chDbgPanic
 496              	.L28:
 497              		.loc 1 208 0 is_stmt 1
 498 0038 9DF80330 		ldrb	r3, [sp, #3]	@ zero_extendqisi2
 499 003c 0198     		ldr	r0, [sp, #4]
 500 003e 1946     		mov	r1, r3
 501 0040 FFF7FEFF 		bl	pwm_lld_disable_channel
 502              		.loc 1 209 0
 503 0044 FFF7FEFF 		bl	dbg_check_unlock
 504              	.LBB11:
 505 0048 0023     		movs	r3, #0
 506              	@ 209 "/home/denny/r2p-sdk/core/ChibiOS/os/hal/src/pwm.c" 1
 507 004a 83F31188 		msr     BASEPRI, r3
 508              	@ 0 "" 2
 509              		.thumb
 510              	.LBE11:
 511              		.loc 1 210 0
 512 004e 03B0     		add	sp, sp, #12
 513              		.cfi_def_cfa_offset 4
 514              		@ sp needed
 515 0050 5DF804FB 		ldr	pc, [sp], #4
 516              	.L30:
 517              		.align	2
 518              	.L29:
 519 0054 68000000 		.word	.LC6
 520 0058 98000000 		.word	.LC8
 521              		.cfi_endproc
 522              	.LFE124:
 523              		.size	pwmDisableChannel, .-pwmDisableChannel
 524 005c AFF30080 		.text
 525              	.Letext0:
 526              		.file 2 "/home/denny/r2p-sdk/tools/gcc-arm-none-eabi-4_9-2014q4/arm-none-eabi/include/machine/_def
 527              		.file 3 "/home/denny/r2p-sdk/tools/gcc-arm-none-eabi-4_9-2014q4/arm-none-eabi/include/stdint.h"
 528              		.file 4 "/home/denny/r2p-sdk/core/ChibiOS/os/hal/include/pwm.h"
 529              		.file 5 "/home/denny/r2p-sdk/core/ChibiOS/os/hal/platforms/STM32/TIMv1/pwm_lld.h"
 530              		.file 6 "/home/denny/r2p-sdk/core/ChibiOS/os/hal/platforms/STM32/TIMv1/stm32_tim.h"
 531              		.file 7 "/home/denny/r2p-sdk/core/ChibiOS/os/ports/common/ARMCMx/CMSIS/include/core_cm4.h"
 532              		.section	.debug_info,"",%progbits
 533              	.Ldebug_info0:
 534 0000 C5050000 		.4byte	0x5c5
ARM GAS  /tmp/ccu2bpeO.s 			page 11


 535 0004 0400     		.2byte	0x4
 536 0006 00000000 		.4byte	.Ldebug_abbrev0
 537 000a 04       		.byte	0x4
 538 000b 01       		.uleb128 0x1
 539 000c 91000000 		.4byte	.LASF60
 540 0010 01       		.byte	0x1
 541 0011 1C000000 		.4byte	.LASF61
 542 0015 00000000 		.4byte	.Ldebug_ranges0+0
 543 0019 00000000 		.4byte	0
 544 001d 00000000 		.4byte	.Ldebug_line0
 545 0021 02       		.uleb128 0x2
 546 0022 04       		.byte	0x4
 547 0023 05       		.byte	0x5
 548 0024 696E7400 		.ascii	"int\000"
 549 0028 03       		.uleb128 0x3
 550 0029 04       		.byte	0x4
 551 002a 07       		.byte	0x7
 552 002b 9C020000 		.4byte	.LASF0
 553 002f 03       		.uleb128 0x3
 554 0030 01       		.byte	0x1
 555 0031 06       		.byte	0x6
 556 0032 70020000 		.4byte	.LASF1
 557 0036 04       		.uleb128 0x4
 558 0037 21020000 		.4byte	.LASF4
 559 003b 02       		.byte	0x2
 560 003c 1D       		.byte	0x1d
 561 003d 41000000 		.4byte	0x41
 562 0041 03       		.uleb128 0x3
 563 0042 01       		.byte	0x1
 564 0043 08       		.byte	0x8
 565 0044 50020000 		.4byte	.LASF2
 566 0048 03       		.uleb128 0x3
 567 0049 02       		.byte	0x2
 568 004a 05       		.byte	0x5
 569 004b AA010000 		.4byte	.LASF3
 570 004f 04       		.uleb128 0x4
 571 0050 7D000000 		.4byte	.LASF5
 572 0054 02       		.byte	0x2
 573 0055 2B       		.byte	0x2b
 574 0056 5A000000 		.4byte	0x5a
 575 005a 03       		.uleb128 0x3
 576 005b 02       		.byte	0x2
 577 005c 07       		.byte	0x7
 578 005d BC020000 		.4byte	.LASF6
 579 0061 04       		.uleb128 0x4
 580 0062 28030000 		.4byte	.LASF7
 581 0066 02       		.byte	0x2
 582 0067 3F       		.byte	0x3f
 583 0068 6C000000 		.4byte	0x6c
 584 006c 03       		.uleb128 0x3
 585 006d 04       		.byte	0x4
 586 006e 05       		.byte	0x5
 587 006f FF010000 		.4byte	.LASF8
 588 0073 04       		.uleb128 0x4
 589 0074 6D000000 		.4byte	.LASF9
 590 0078 02       		.byte	0x2
 591 0079 41       		.byte	0x41
ARM GAS  /tmp/ccu2bpeO.s 			page 12


 592 007a 7E000000 		.4byte	0x7e
 593 007e 03       		.uleb128 0x3
 594 007f 04       		.byte	0x4
 595 0080 07       		.byte	0x7
 596 0081 10030000 		.4byte	.LASF10
 597 0085 03       		.uleb128 0x3
 598 0086 08       		.byte	0x8
 599 0087 05       		.byte	0x5
 600 0088 F1010000 		.4byte	.LASF11
 601 008c 03       		.uleb128 0x3
 602 008d 08       		.byte	0x8
 603 008e 07       		.byte	0x7
 604 008f 7C020000 		.4byte	.LASF12
 605 0093 04       		.uleb128 0x4
 606 0094 C9010000 		.4byte	.LASF13
 607 0098 03       		.byte	0x3
 608 0099 15       		.byte	0x15
 609 009a 36000000 		.4byte	0x36
 610 009e 04       		.uleb128 0x4
 611 009f A9020000 		.4byte	.LASF14
 612 00a3 03       		.byte	0x3
 613 00a4 21       		.byte	0x21
 614 00a5 4F000000 		.4byte	0x4f
 615 00a9 04       		.uleb128 0x4
 616 00aa EA020000 		.4byte	.LASF15
 617 00ae 03       		.byte	0x3
 618 00af 2C       		.byte	0x2c
 619 00b0 61000000 		.4byte	0x61
 620 00b4 04       		.uleb128 0x4
 621 00b5 93020000 		.4byte	.LASF16
 622 00b9 03       		.byte	0x3
 623 00ba 2D       		.byte	0x2d
 624 00bb 73000000 		.4byte	0x73
 625 00bf 03       		.uleb128 0x3
 626 00c0 01       		.byte	0x1
 627 00c1 02       		.byte	0x2
 628 00c2 F2020000 		.4byte	.LASF17
 629 00c6 05       		.uleb128 0x5
 630 00c7 B4000000 		.4byte	0xb4
 631 00cb 03       		.uleb128 0x3
 632 00cc 04       		.byte	0x4
 633 00cd 07       		.byte	0x7
 634 00ce 57000000 		.4byte	.LASF18
 635 00d2 03       		.uleb128 0x3
 636 00d3 01       		.byte	0x1
 637 00d4 08       		.byte	0x8
 638 00d5 CF020000 		.4byte	.LASF19
 639 00d9 06       		.uleb128 0x6
 640 00da B4000000 		.4byte	0xb4
 641 00de E9000000 		.4byte	0xe9
 642 00e2 07       		.uleb128 0x7
 643 00e3 CB000000 		.4byte	0xcb
 644 00e7 03       		.byte	0x3
 645 00e8 00       		.byte	0
 646 00e9 05       		.uleb128 0x5
 647 00ea A9000000 		.4byte	0xa9
 648 00ee 08       		.uleb128 0x8
ARM GAS  /tmp/ccu2bpeO.s 			page 13


 649 00ef 01       		.byte	0x1
 650 00f0 04       		.byte	0x4
 651 00f1 55       		.byte	0x55
 652 00f2 09010000 		.4byte	0x109
 653 00f6 09       		.uleb128 0x9
 654 00f7 45020000 		.4byte	.LASF20
 655 00fb 00       		.sleb128 0
 656 00fc 09       		.uleb128 0x9
 657 00fd 3C030000 		.4byte	.LASF21
 658 0101 01       		.sleb128 1
 659 0102 09       		.uleb128 0x9
 660 0103 32030000 		.4byte	.LASF22
 661 0107 02       		.sleb128 2
 662 0108 00       		.byte	0
 663 0109 04       		.uleb128 0x4
 664 010a 84030000 		.4byte	.LASF23
 665 010e 04       		.byte	0x4
 666 010f 59       		.byte	0x59
 667 0110 EE000000 		.4byte	0xee
 668 0114 04       		.uleb128 0x4
 669 0115 E0020000 		.4byte	.LASF24
 670 0119 04       		.byte	0x4
 671 011a 5E       		.byte	0x5e
 672 011b 1F010000 		.4byte	0x11f
 673 011f 0A       		.uleb128 0xa
 674 0120 E0020000 		.4byte	.LASF24
 675 0124 14       		.byte	0x14
 676 0125 05       		.byte	0x5
 677 0126 6F01     		.2byte	0x16f
 678 0128 6E010000 		.4byte	0x16e
 679 012c 0B       		.uleb128 0xb
 680 012d 0A000000 		.4byte	.LASF25
 681 0131 05       		.byte	0x5
 682 0132 7301     		.2byte	0x173
 683 0134 09010000 		.4byte	0x109
 684 0138 00       		.byte	0
 685 0139 0B       		.uleb128 0xb
 686 013a B4010000 		.4byte	.LASF26
 687 013e 05       		.byte	0x5
 688 013f 7701     		.2byte	0x177
 689 0141 82030000 		.4byte	0x382
 690 0145 04       		.byte	0x4
 691 0146 0B       		.uleb128 0xb
 692 0147 1A020000 		.4byte	.LASF27
 693 014b 05       		.byte	0x5
 694 014c 7B01     		.2byte	0x17b
 695 014e D2020000 		.4byte	0x2d2
 696 0152 08       		.byte	0x8
 697 0153 0B       		.uleb128 0xb
 698 0154 22030000 		.4byte	.LASF28
 699 0158 05       		.byte	0x5
 700 0159 8301     		.2byte	0x183
 701 015b B4000000 		.4byte	0xb4
 702 015f 0C       		.byte	0xc
 703 0160 0C       		.uleb128 0xc
 704 0161 74696D00 		.ascii	"tim\000"
 705 0165 05       		.byte	0x5
ARM GAS  /tmp/ccu2bpeO.s 			page 14


 706 0166 8701     		.2byte	0x187
 707 0168 8D030000 		.4byte	0x38d
 708 016c 10       		.byte	0x10
 709 016d 00       		.byte	0
 710 016e 04       		.uleb128 0x4
 711 016f 8F030000 		.4byte	.LASF29
 712 0173 04       		.byte	0x4
 713 0174 65       		.byte	0x65
 714 0175 79010000 		.4byte	0x179
 715 0179 0D       		.uleb128 0xd
 716 017a 04       		.byte	0x4
 717 017b 7F010000 		.4byte	0x17f
 718 017f 0E       		.uleb128 0xe
 719 0180 8A010000 		.4byte	0x18a
 720 0184 0F       		.uleb128 0xf
 721 0185 8A010000 		.4byte	0x18a
 722 0189 00       		.byte	0
 723 018a 0D       		.uleb128 0xd
 724 018b 04       		.byte	0x4
 725 018c 14010000 		.4byte	0x114
 726 0190 10       		.uleb128 0x10
 727 0191 60       		.byte	0x60
 728 0192 06       		.byte	0x6
 729 0193 9E01     		.2byte	0x19e
 730 0195 A9020000 		.4byte	0x2a9
 731 0199 0C       		.uleb128 0xc
 732 019a 43523100 		.ascii	"CR1\000"
 733 019e 06       		.byte	0x6
 734 019f 9F01     		.2byte	0x19f
 735 01a1 C6000000 		.4byte	0xc6
 736 01a5 00       		.byte	0
 737 01a6 0C       		.uleb128 0xc
 738 01a7 43523200 		.ascii	"CR2\000"
 739 01ab 06       		.byte	0x6
 740 01ac A001     		.2byte	0x1a0
 741 01ae C6000000 		.4byte	0xc6
 742 01b2 04       		.byte	0x4
 743 01b3 0B       		.uleb128 0xb
 744 01b4 40020000 		.4byte	.LASF30
 745 01b8 06       		.byte	0x6
 746 01b9 A101     		.2byte	0x1a1
 747 01bb C6000000 		.4byte	0xc6
 748 01bf 08       		.byte	0x8
 749 01c0 0B       		.uleb128 0xb
 750 01c1 B7020000 		.4byte	.LASF31
 751 01c5 06       		.byte	0x6
 752 01c6 A201     		.2byte	0x1a2
 753 01c8 C6000000 		.4byte	0xc6
 754 01cc 0C       		.byte	0xc
 755 01cd 0C       		.uleb128 0xc
 756 01ce 535200   		.ascii	"SR\000"
 757 01d1 06       		.byte	0x6
 758 01d2 A301     		.2byte	0x1a3
 759 01d4 C6000000 		.4byte	0xc6
 760 01d8 10       		.byte	0x10
 761 01d9 0C       		.uleb128 0xc
 762 01da 45475200 		.ascii	"EGR\000"
ARM GAS  /tmp/ccu2bpeO.s 			page 15


 763 01de 06       		.byte	0x6
 764 01df A401     		.2byte	0x1a4
 765 01e1 C6000000 		.4byte	0xc6
 766 01e5 14       		.byte	0x14
 767 01e6 0B       		.uleb128 0xb
 768 01e7 2B020000 		.4byte	.LASF32
 769 01eb 06       		.byte	0x6
 770 01ec A501     		.2byte	0x1a5
 771 01ee C6000000 		.4byte	0xc6
 772 01f2 18       		.byte	0x18
 773 01f3 0B       		.uleb128 0xb
 774 01f4 10000000 		.4byte	.LASF33
 775 01f8 06       		.byte	0x6
 776 01f9 A601     		.2byte	0x1a6
 777 01fb C6000000 		.4byte	0xc6
 778 01ff 1C       		.byte	0x1c
 779 0200 0B       		.uleb128 0xb
 780 0201 00000000 		.4byte	.LASF34
 781 0205 06       		.byte	0x6
 782 0206 A701     		.2byte	0x1a7
 783 0208 C6000000 		.4byte	0xc6
 784 020c 20       		.byte	0x20
 785 020d 0C       		.uleb128 0xc
 786 020e 434E5400 		.ascii	"CNT\000"
 787 0212 06       		.byte	0x6
 788 0213 A801     		.2byte	0x1a8
 789 0215 C6000000 		.4byte	0xc6
 790 0219 24       		.byte	0x24
 791 021a 0C       		.uleb128 0xc
 792 021b 50534300 		.ascii	"PSC\000"
 793 021f 06       		.byte	0x6
 794 0220 A901     		.2byte	0x1a9
 795 0222 C6000000 		.4byte	0xc6
 796 0226 28       		.byte	0x28
 797 0227 0C       		.uleb128 0xc
 798 0228 41525200 		.ascii	"ARR\000"
 799 022c 06       		.byte	0x6
 800 022d AA01     		.2byte	0x1aa
 801 022f C6000000 		.4byte	0xc6
 802 0233 2C       		.byte	0x2c
 803 0234 0C       		.uleb128 0xc
 804 0235 52435200 		.ascii	"RCR\000"
 805 0239 06       		.byte	0x6
 806 023a AB01     		.2byte	0x1ab
 807 023c C6000000 		.4byte	0xc6
 808 0240 30       		.byte	0x30
 809 0241 0C       		.uleb128 0xc
 810 0242 43435200 		.ascii	"CCR\000"
 811 0246 06       		.byte	0x6
 812 0247 AC01     		.2byte	0x1ac
 813 0249 A9020000 		.4byte	0x2a9
 814 024d 34       		.byte	0x34
 815 024e 0B       		.uleb128 0xb
 816 024f B2020000 		.4byte	.LASF35
 817 0253 06       		.byte	0x6
 818 0254 AD01     		.2byte	0x1ad
 819 0256 C6000000 		.4byte	0xc6
ARM GAS  /tmp/ccu2bpeO.s 			page 16


 820 025a 44       		.byte	0x44
 821 025b 0C       		.uleb128 0xc
 822 025c 44435200 		.ascii	"DCR\000"
 823 0260 06       		.byte	0x6
 824 0261 AE01     		.2byte	0x1ae
 825 0263 C6000000 		.4byte	0xc6
 826 0267 48       		.byte	0x48
 827 0268 0B       		.uleb128 0xb
 828 0269 05000000 		.4byte	.LASF36
 829 026d 06       		.byte	0x6
 830 026e AF01     		.2byte	0x1af
 831 0270 C6000000 		.4byte	0xc6
 832 0274 4C       		.byte	0x4c
 833 0275 0C       		.uleb128 0xc
 834 0276 4F5200   		.ascii	"OR\000"
 835 0279 06       		.byte	0x6
 836 027a B001     		.2byte	0x1b0
 837 027c C6000000 		.4byte	0xc6
 838 0280 50       		.byte	0x50
 839 0281 0B       		.uleb128 0xb
 840 0282 16000000 		.4byte	.LASF37
 841 0286 06       		.byte	0x6
 842 0287 B101     		.2byte	0x1b1
 843 0289 C6000000 		.4byte	0xc6
 844 028d 54       		.byte	0x54
 845 028e 0B       		.uleb128 0xb
 846 028f 10020000 		.4byte	.LASF38
 847 0293 06       		.byte	0x6
 848 0294 B201     		.2byte	0x1b2
 849 0296 C6000000 		.4byte	0xc6
 850 029a 58       		.byte	0x58
 851 029b 0B       		.uleb128 0xb
 852 029c 15020000 		.4byte	.LASF39
 853 02a0 06       		.byte	0x6
 854 02a1 B301     		.2byte	0x1b3
 855 02a3 C6000000 		.4byte	0xc6
 856 02a7 5C       		.byte	0x5c
 857 02a8 00       		.byte	0
 858 02a9 05       		.uleb128 0x5
 859 02aa D9000000 		.4byte	0xd9
 860 02ae 11       		.uleb128 0x11
 861 02af D4020000 		.4byte	.LASF40
 862 02b3 06       		.byte	0x6
 863 02b4 B401     		.2byte	0x1b4
 864 02b6 90010000 		.4byte	0x190
 865 02ba 11       		.uleb128 0x11
 866 02bb 6D030000 		.4byte	.LASF41
 867 02bf 05       		.byte	0x5
 868 02c0 2001     		.2byte	0x120
 869 02c2 B4000000 		.4byte	0xb4
 870 02c6 11       		.uleb128 0x11
 871 02c7 60000000 		.4byte	.LASF42
 872 02cb 05       		.byte	0x5
 873 02cc 2501     		.2byte	0x125
 874 02ce 93000000 		.4byte	0x93
 875 02d2 11       		.uleb128 0x11
 876 02d3 4E000000 		.4byte	.LASF43
ARM GAS  /tmp/ccu2bpeO.s 			page 17


 877 02d7 05       		.byte	0x5
 878 02d8 2A01     		.2byte	0x12a
 879 02da 9E000000 		.4byte	0x9e
 880 02de 10       		.uleb128 0x10
 881 02df 08       		.byte	0x8
 882 02e0 05       		.byte	0x5
 883 02e1 2F01     		.2byte	0x12f
 884 02e3 02030000 		.4byte	0x302
 885 02e7 0B       		.uleb128 0xb
 886 02e8 78000000 		.4byte	.LASF44
 887 02ec 05       		.byte	0x5
 888 02ed 3301     		.2byte	0x133
 889 02ef BA020000 		.4byte	0x2ba
 890 02f3 00       		.byte	0
 891 02f4 0B       		.uleb128 0xb
 892 02f5 9D030000 		.4byte	.LASF45
 893 02f9 05       		.byte	0x5
 894 02fa 3901     		.2byte	0x139
 895 02fc 6E010000 		.4byte	0x16e
 896 0300 04       		.byte	0x4
 897 0301 00       		.byte	0
 898 0302 11       		.uleb128 0x11
 899 0303 5C030000 		.4byte	.LASF46
 900 0307 05       		.byte	0x5
 901 0308 3B01     		.2byte	0x13b
 902 030a DE020000 		.4byte	0x2de
 903 030e 10       		.uleb128 0x10
 904 030f 34       		.byte	0x34
 905 0310 05       		.byte	0x5
 906 0311 4001     		.2byte	0x140
 907 0313 66030000 		.4byte	0x366
 908 0317 0B       		.uleb128 0xb
 909 0318 52030000 		.4byte	.LASF47
 910 031c 05       		.byte	0x5
 911 031d 4601     		.2byte	0x146
 912 031f B4000000 		.4byte	0xb4
 913 0323 00       		.byte	0
 914 0324 0B       		.uleb128 0xb
 915 0325 1A020000 		.4byte	.LASF27
 916 0329 05       		.byte	0x5
 917 032a 4C01     		.2byte	0x14c
 918 032c D2020000 		.4byte	0x2d2
 919 0330 04       		.byte	0x4
 920 0331 0B       		.uleb128 0xb
 921 0332 9D030000 		.4byte	.LASF45
 922 0336 05       		.byte	0x5
 923 0337 5201     		.2byte	0x152
 924 0339 6E010000 		.4byte	0x16e
 925 033d 08       		.byte	0x8
 926 033e 0B       		.uleb128 0xb
 927 033f 88000000 		.4byte	.LASF48
 928 0343 05       		.byte	0x5
 929 0344 5601     		.2byte	0x156
 930 0346 66030000 		.4byte	0x366
 931 034a 0C       		.byte	0xc
 932 034b 0C       		.uleb128 0xc
 933 034c 63723200 		.ascii	"cr2\000"
ARM GAS  /tmp/ccu2bpeO.s 			page 18


 934 0350 05       		.byte	0x5
 935 0351 5C01     		.2byte	0x15c
 936 0353 B4000000 		.4byte	0xb4
 937 0357 2C       		.byte	0x2c
 938 0358 0B       		.uleb128 0xb
 939 0359 45030000 		.4byte	.LASF49
 940 035d 05       		.byte	0x5
 941 035e 6901     		.2byte	0x169
 942 0360 B4000000 		.4byte	0xb4
 943 0364 30       		.byte	0x30
 944 0365 00       		.byte	0
 945 0366 06       		.uleb128 0x6
 946 0367 02030000 		.4byte	0x302
 947 036b 76030000 		.4byte	0x376
 948 036f 07       		.uleb128 0x7
 949 0370 CB000000 		.4byte	0xcb
 950 0374 03       		.byte	0x3
 951 0375 00       		.byte	0
 952 0376 11       		.uleb128 0x11
 953 0377 31020000 		.4byte	.LASF50
 954 037b 05       		.byte	0x5
 955 037c 6A01     		.2byte	0x16a
 956 037e 0E030000 		.4byte	0x30e
 957 0382 0D       		.uleb128 0xd
 958 0383 04       		.byte	0x4
 959 0384 88030000 		.4byte	0x388
 960 0388 12       		.uleb128 0x12
 961 0389 76030000 		.4byte	0x376
 962 038d 0D       		.uleb128 0xd
 963 038e 04       		.byte	0x4
 964 038f AE020000 		.4byte	0x2ae
 965 0393 13       		.uleb128 0x13
 966 0394 08020000 		.4byte	.LASF62
 967 0398 01       		.byte	0x1
 968 0399 44       		.byte	0x44
 969 039a 00000000 		.4byte	.LFB118
 970 039e 08000000 		.4byte	.LFE118-.LFB118
 971 03a2 01       		.uleb128 0x1
 972 03a3 9C       		.byte	0x9c
 973 03a4 14       		.uleb128 0x14
 974 03a5 BB010000 		.4byte	.LASF51
 975 03a9 01       		.byte	0x1
 976 03aa 50       		.byte	0x50
 977 03ab 00000000 		.4byte	.LFB119
 978 03af 14000000 		.4byte	.LFE119-.LFB119
 979 03b3 01       		.uleb128 0x1
 980 03b4 9C       		.byte	0x9c
 981 03b5 C8030000 		.4byte	0x3c8
 982 03b9 15       		.uleb128 0x15
 983 03ba 3B020000 		.4byte	.LASF53
 984 03be 01       		.byte	0x1
 985 03bf 50       		.byte	0x50
 986 03c0 8A010000 		.4byte	0x18a
 987 03c4 02       		.uleb128 0x2
 988 03c5 91       		.byte	0x91
 989 03c6 7C       		.sleb128 -4
 990 03c7 00       		.byte	0
ARM GAS  /tmp/ccu2bpeO.s 			page 19


 991 03c8 16       		.uleb128 0x16
 992 03c9 E8010000 		.4byte	.LASF52
 993 03cd 01       		.byte	0x1
 994 03ce 63       		.byte	0x63
 995 03cf 00000000 		.4byte	.LFB120
 996 03d3 6C000000 		.4byte	.LFE120-.LFB120
 997 03d7 01       		.uleb128 0x1
 998 03d8 9C       		.byte	0x9c
 999 03d9 2C040000 		.4byte	0x42c
 1000 03dd 15       		.uleb128 0x15
 1001 03de 3B020000 		.4byte	.LASF53
 1002 03e2 01       		.byte	0x1
 1003 03e3 63       		.byte	0x63
 1004 03e4 8A010000 		.4byte	0x18a
 1005 03e8 02       		.uleb128 0x2
 1006 03e9 91       		.byte	0x91
 1007 03ea 74       		.sleb128 -12
 1008 03eb 15       		.uleb128 0x15
 1009 03ec B4010000 		.4byte	.LASF26
 1010 03f0 01       		.byte	0x1
 1011 03f1 63       		.byte	0x63
 1012 03f2 82030000 		.4byte	0x382
 1013 03f6 02       		.uleb128 0x2
 1014 03f7 91       		.byte	0x91
 1015 03f8 70       		.sleb128 -16
 1016 03f9 17       		.uleb128 0x17
 1017 03fa 1A000000 		.4byte	.LBB2
 1018 03fe 06000000 		.4byte	.LBE2-.LBB2
 1019 0402 14040000 		.4byte	0x414
 1020 0406 18       		.uleb128 0x18
 1021 0407 746D7000 		.ascii	"tmp\000"
 1022 040b 01       		.byte	0x1
 1023 040c 67       		.byte	0x67
 1024 040d B4000000 		.4byte	0xb4
 1025 0411 01       		.uleb128 0x1
 1026 0412 53       		.byte	0x53
 1027 0413 00       		.byte	0
 1028 0414 19       		.uleb128 0x19
 1029 0415 58000000 		.4byte	.LBB3
 1030 0419 06000000 		.4byte	.LBE3-.LBB3
 1031 041d 18       		.uleb128 0x18
 1032 041e 746D7000 		.ascii	"tmp\000"
 1033 0422 01       		.byte	0x1
 1034 0423 6E       		.byte	0x6e
 1035 0424 B4000000 		.4byte	0xb4
 1036 0428 01       		.uleb128 0x1
 1037 0429 53       		.byte	0x53
 1038 042a 00       		.byte	0
 1039 042b 00       		.byte	0
 1040 042c 16       		.uleb128 0x16
 1041 042d 4A030000 		.4byte	.LASF54
 1042 0431 01       		.byte	0x1
 1043 0432 78       		.byte	0x78
 1044 0433 00000000 		.4byte	.LFB121
 1045 0437 58000000 		.4byte	.LFE121-.LFB121
 1046 043b 01       		.uleb128 0x1
 1047 043c 9C       		.byte	0x9c
ARM GAS  /tmp/ccu2bpeO.s 			page 20


 1048 043d 82040000 		.4byte	0x482
 1049 0441 15       		.uleb128 0x15
 1050 0442 3B020000 		.4byte	.LASF53
 1051 0446 01       		.byte	0x1
 1052 0447 78       		.byte	0x78
 1053 0448 8A010000 		.4byte	0x18a
 1054 044c 02       		.uleb128 0x2
 1055 044d 91       		.byte	0x91
 1056 044e 74       		.sleb128 -12
 1057 044f 17       		.uleb128 0x17
 1058 0450 12000000 		.4byte	.LBB4
 1059 0454 06000000 		.4byte	.LBE4-.LBB4
 1060 0458 6A040000 		.4byte	0x46a
 1061 045c 18       		.uleb128 0x18
 1062 045d 746D7000 		.ascii	"tmp\000"
 1063 0461 01       		.byte	0x1
 1064 0462 7C       		.byte	0x7c
 1065 0463 B4000000 		.4byte	0xb4
 1066 0467 01       		.uleb128 0x1
 1067 0468 53       		.byte	0x53
 1068 0469 00       		.byte	0
 1069 046a 19       		.uleb128 0x19
 1070 046b 42000000 		.4byte	.LBB5
 1071 046f 06000000 		.4byte	.LBE5-.LBB5
 1072 0473 18       		.uleb128 0x18
 1073 0474 746D7000 		.ascii	"tmp\000"
 1074 0478 01       		.byte	0x1
 1075 0479 81       		.byte	0x81
 1076 047a B4000000 		.4byte	0xb4
 1077 047e 01       		.uleb128 0x1
 1078 047f 53       		.byte	0x53
 1079 0480 00       		.byte	0
 1080 0481 00       		.byte	0
 1081 0482 16       		.uleb128 0x16
 1082 0483 00030000 		.4byte	.LASF55
 1083 0487 01       		.byte	0x1
 1084 0488 93       		.byte	0x93
 1085 0489 00000000 		.4byte	.LFB122
 1086 048d 60000000 		.4byte	.LFE122-.LFB122
 1087 0491 01       		.uleb128 0x1
 1088 0492 9C       		.byte	0x9c
 1089 0493 E6040000 		.4byte	0x4e6
 1090 0497 15       		.uleb128 0x15
 1091 0498 3B020000 		.4byte	.LASF53
 1092 049c 01       		.byte	0x1
 1093 049d 93       		.byte	0x93
 1094 049e 8A010000 		.4byte	0x18a
 1095 04a2 02       		.uleb128 0x2
 1096 04a3 91       		.byte	0x91
 1097 04a4 74       		.sleb128 -12
 1098 04a5 15       		.uleb128 0x15
 1099 04a6 1A020000 		.4byte	.LASF27
 1100 04aa 01       		.byte	0x1
 1101 04ab 93       		.byte	0x93
 1102 04ac D2020000 		.4byte	0x2d2
 1103 04b0 02       		.uleb128 0x2
 1104 04b1 91       		.byte	0x91
ARM GAS  /tmp/ccu2bpeO.s 			page 21


 1105 04b2 72       		.sleb128 -14
 1106 04b3 17       		.uleb128 0x17
 1107 04b4 18000000 		.4byte	.LBB6
 1108 04b8 06000000 		.4byte	.LBE6-.LBB6
 1109 04bc CE040000 		.4byte	0x4ce
 1110 04c0 18       		.uleb128 0x18
 1111 04c1 746D7000 		.ascii	"tmp\000"
 1112 04c5 01       		.byte	0x1
 1113 04c6 97       		.byte	0x97
 1114 04c7 B4000000 		.4byte	0xb4
 1115 04cb 01       		.uleb128 0x1
 1116 04cc 53       		.byte	0x53
 1117 04cd 00       		.byte	0
 1118 04ce 19       		.uleb128 0x19
 1119 04cf 4A000000 		.4byte	.LBB7
 1120 04d3 06000000 		.4byte	.LBE7-.LBB7
 1121 04d7 18       		.uleb128 0x18
 1122 04d8 746D7000 		.ascii	"tmp\000"
 1123 04dc 01       		.byte	0x1
 1124 04dd 9B       		.byte	0x9b
 1125 04de B4000000 		.4byte	0xb4
 1126 04e2 01       		.uleb128 0x1
 1127 04e3 53       		.byte	0x53
 1128 04e4 00       		.byte	0
 1129 04e5 00       		.byte	0
 1130 04e6 16       		.uleb128 0x16
 1131 04e7 D1010000 		.4byte	.LASF56
 1132 04eb 01       		.byte	0x1
 1133 04ec AC       		.byte	0xac
 1134 04ed 00000000 		.4byte	.LFB123
 1135 04f1 68000000 		.4byte	.LFE123-.LFB123
 1136 04f5 01       		.uleb128 0x1
 1137 04f6 9C       		.byte	0x9c
 1138 04f7 58050000 		.4byte	0x558
 1139 04fb 15       		.uleb128 0x15
 1140 04fc 3B020000 		.4byte	.LASF53
 1141 0500 01       		.byte	0x1
 1142 0501 AC       		.byte	0xac
 1143 0502 8A010000 		.4byte	0x18a
 1144 0506 02       		.uleb128 0x2
 1145 0507 91       		.byte	0x91
 1146 0508 74       		.sleb128 -12
 1147 0509 15       		.uleb128 0x15
 1148 050a F8020000 		.4byte	.LASF57
 1149 050e 01       		.byte	0x1
 1150 050f AD       		.byte	0xad
 1151 0510 C6020000 		.4byte	0x2c6
 1152 0514 02       		.uleb128 0x2
 1153 0515 91       		.byte	0x91
 1154 0516 73       		.sleb128 -13
 1155 0517 15       		.uleb128 0x15
 1156 0518 E2010000 		.4byte	.LASF58
 1157 051c 01       		.byte	0x1
 1158 051d AE       		.byte	0xae
 1159 051e D2020000 		.4byte	0x2d2
 1160 0522 02       		.uleb128 0x2
 1161 0523 91       		.byte	0x91
ARM GAS  /tmp/ccu2bpeO.s 			page 22


 1162 0524 70       		.sleb128 -16
 1163 0525 17       		.uleb128 0x17
 1164 0526 26000000 		.4byte	.LBB8
 1165 052a 06000000 		.4byte	.LBE8-.LBB8
 1166 052e 40050000 		.4byte	0x540
 1167 0532 18       		.uleb128 0x18
 1168 0533 746D7000 		.ascii	"tmp\000"
 1169 0537 01       		.byte	0x1
 1170 0538 B3       		.byte	0xb3
 1171 0539 B4000000 		.4byte	0xb4
 1172 053d 01       		.uleb128 0x1
 1173 053e 53       		.byte	0x53
 1174 053f 00       		.byte	0
 1175 0540 19       		.uleb128 0x19
 1176 0541 54000000 		.4byte	.LBB9
 1177 0545 06000000 		.4byte	.LBE9-.LBB9
 1178 0549 18       		.uleb128 0x18
 1179 054a 746D7000 		.ascii	"tmp\000"
 1180 054e 01       		.byte	0x1
 1181 054f B7       		.byte	0xb7
 1182 0550 B4000000 		.4byte	0xb4
 1183 0554 01       		.uleb128 0x1
 1184 0555 53       		.byte	0x53
 1185 0556 00       		.byte	0
 1186 0557 00       		.byte	0
 1187 0558 16       		.uleb128 0x16
 1188 0559 5E020000 		.4byte	.LASF59
 1189 055d 01       		.byte	0x1
 1190 055e C8       		.byte	0xc8
 1191 055f 00000000 		.4byte	.LFB124
 1192 0563 5C000000 		.4byte	.LFE124-.LFB124
 1193 0567 01       		.uleb128 0x1
 1194 0568 9C       		.byte	0x9c
 1195 0569 BC050000 		.4byte	0x5bc
 1196 056d 15       		.uleb128 0x15
 1197 056e 3B020000 		.4byte	.LASF53
 1198 0572 01       		.byte	0x1
 1199 0573 C8       		.byte	0xc8
 1200 0574 8A010000 		.4byte	0x18a
 1201 0578 02       		.uleb128 0x2
 1202 0579 91       		.byte	0x91
 1203 057a 74       		.sleb128 -12
 1204 057b 15       		.uleb128 0x15
 1205 057c F8020000 		.4byte	.LASF57
 1206 0580 01       		.byte	0x1
 1207 0581 C8       		.byte	0xc8
 1208 0582 C6020000 		.4byte	0x2c6
 1209 0586 02       		.uleb128 0x2
 1210 0587 91       		.byte	0x91
 1211 0588 73       		.sleb128 -13
 1212 0589 17       		.uleb128 0x17
 1213 058a 20000000 		.4byte	.LBB10
 1214 058e 06000000 		.4byte	.LBE10-.LBB10
 1215 0592 A4050000 		.4byte	0x5a4
 1216 0596 18       		.uleb128 0x18
 1217 0597 746D7000 		.ascii	"tmp\000"
 1218 059b 01       		.byte	0x1
ARM GAS  /tmp/ccu2bpeO.s 			page 23


 1219 059c CD       		.byte	0xcd
 1220 059d B4000000 		.4byte	0xb4
 1221 05a1 01       		.uleb128 0x1
 1222 05a2 53       		.byte	0x53
 1223 05a3 00       		.byte	0
 1224 05a4 19       		.uleb128 0x19
 1225 05a5 48000000 		.4byte	.LBB11
 1226 05a9 06000000 		.4byte	.LBE11-.LBB11
 1227 05ad 18       		.uleb128 0x18
 1228 05ae 746D7000 		.ascii	"tmp\000"
 1229 05b2 01       		.byte	0x1
 1230 05b3 D1       		.byte	0xd1
 1231 05b4 B4000000 		.4byte	0xb4
 1232 05b8 01       		.uleb128 0x1
 1233 05b9 53       		.byte	0x53
 1234 05ba 00       		.byte	0
 1235 05bb 00       		.byte	0
 1236 05bc 1A       		.uleb128 0x1a
 1237 05bd 77030000 		.4byte	.LASF63
 1238 05c1 07       		.byte	0x7
 1239 05c2 9806     		.2byte	0x698
 1240 05c4 E9000000 		.4byte	0xe9
 1241 05c8 00       		.byte	0
 1242              		.section	.debug_abbrev,"",%progbits
 1243              	.Ldebug_abbrev0:
 1244 0000 01       		.uleb128 0x1
 1245 0001 11       		.uleb128 0x11
 1246 0002 01       		.byte	0x1
 1247 0003 25       		.uleb128 0x25
 1248 0004 0E       		.uleb128 0xe
 1249 0005 13       		.uleb128 0x13
 1250 0006 0B       		.uleb128 0xb
 1251 0007 03       		.uleb128 0x3
 1252 0008 0E       		.uleb128 0xe
 1253 0009 55       		.uleb128 0x55
 1254 000a 17       		.uleb128 0x17
 1255 000b 11       		.uleb128 0x11
 1256 000c 01       		.uleb128 0x1
 1257 000d 10       		.uleb128 0x10
 1258 000e 17       		.uleb128 0x17
 1259 000f 00       		.byte	0
 1260 0010 00       		.byte	0
 1261 0011 02       		.uleb128 0x2
 1262 0012 24       		.uleb128 0x24
 1263 0013 00       		.byte	0
 1264 0014 0B       		.uleb128 0xb
 1265 0015 0B       		.uleb128 0xb
 1266 0016 3E       		.uleb128 0x3e
 1267 0017 0B       		.uleb128 0xb
 1268 0018 03       		.uleb128 0x3
 1269 0019 08       		.uleb128 0x8
 1270 001a 00       		.byte	0
 1271 001b 00       		.byte	0
 1272 001c 03       		.uleb128 0x3
 1273 001d 24       		.uleb128 0x24
 1274 001e 00       		.byte	0
 1275 001f 0B       		.uleb128 0xb
ARM GAS  /tmp/ccu2bpeO.s 			page 24


 1276 0020 0B       		.uleb128 0xb
 1277 0021 3E       		.uleb128 0x3e
 1278 0022 0B       		.uleb128 0xb
 1279 0023 03       		.uleb128 0x3
 1280 0024 0E       		.uleb128 0xe
 1281 0025 00       		.byte	0
 1282 0026 00       		.byte	0
 1283 0027 04       		.uleb128 0x4
 1284 0028 16       		.uleb128 0x16
 1285 0029 00       		.byte	0
 1286 002a 03       		.uleb128 0x3
 1287 002b 0E       		.uleb128 0xe
 1288 002c 3A       		.uleb128 0x3a
 1289 002d 0B       		.uleb128 0xb
 1290 002e 3B       		.uleb128 0x3b
 1291 002f 0B       		.uleb128 0xb
 1292 0030 49       		.uleb128 0x49
 1293 0031 13       		.uleb128 0x13
 1294 0032 00       		.byte	0
 1295 0033 00       		.byte	0
 1296 0034 05       		.uleb128 0x5
 1297 0035 35       		.uleb128 0x35
 1298 0036 00       		.byte	0
 1299 0037 49       		.uleb128 0x49
 1300 0038 13       		.uleb128 0x13
 1301 0039 00       		.byte	0
 1302 003a 00       		.byte	0
 1303 003b 06       		.uleb128 0x6
 1304 003c 01       		.uleb128 0x1
 1305 003d 01       		.byte	0x1
 1306 003e 49       		.uleb128 0x49
 1307 003f 13       		.uleb128 0x13
 1308 0040 01       		.uleb128 0x1
 1309 0041 13       		.uleb128 0x13
 1310 0042 00       		.byte	0
 1311 0043 00       		.byte	0
 1312 0044 07       		.uleb128 0x7
 1313 0045 21       		.uleb128 0x21
 1314 0046 00       		.byte	0
 1315 0047 49       		.uleb128 0x49
 1316 0048 13       		.uleb128 0x13
 1317 0049 2F       		.uleb128 0x2f
 1318 004a 0B       		.uleb128 0xb
 1319 004b 00       		.byte	0
 1320 004c 00       		.byte	0
 1321 004d 08       		.uleb128 0x8
 1322 004e 04       		.uleb128 0x4
 1323 004f 01       		.byte	0x1
 1324 0050 0B       		.uleb128 0xb
 1325 0051 0B       		.uleb128 0xb
 1326 0052 3A       		.uleb128 0x3a
 1327 0053 0B       		.uleb128 0xb
 1328 0054 3B       		.uleb128 0x3b
 1329 0055 0B       		.uleb128 0xb
 1330 0056 01       		.uleb128 0x1
 1331 0057 13       		.uleb128 0x13
 1332 0058 00       		.byte	0
ARM GAS  /tmp/ccu2bpeO.s 			page 25


 1333 0059 00       		.byte	0
 1334 005a 09       		.uleb128 0x9
 1335 005b 28       		.uleb128 0x28
 1336 005c 00       		.byte	0
 1337 005d 03       		.uleb128 0x3
 1338 005e 0E       		.uleb128 0xe
 1339 005f 1C       		.uleb128 0x1c
 1340 0060 0D       		.uleb128 0xd
 1341 0061 00       		.byte	0
 1342 0062 00       		.byte	0
 1343 0063 0A       		.uleb128 0xa
 1344 0064 13       		.uleb128 0x13
 1345 0065 01       		.byte	0x1
 1346 0066 03       		.uleb128 0x3
 1347 0067 0E       		.uleb128 0xe
 1348 0068 0B       		.uleb128 0xb
 1349 0069 0B       		.uleb128 0xb
 1350 006a 3A       		.uleb128 0x3a
 1351 006b 0B       		.uleb128 0xb
 1352 006c 3B       		.uleb128 0x3b
 1353 006d 05       		.uleb128 0x5
 1354 006e 01       		.uleb128 0x1
 1355 006f 13       		.uleb128 0x13
 1356 0070 00       		.byte	0
 1357 0071 00       		.byte	0
 1358 0072 0B       		.uleb128 0xb
 1359 0073 0D       		.uleb128 0xd
 1360 0074 00       		.byte	0
 1361 0075 03       		.uleb128 0x3
 1362 0076 0E       		.uleb128 0xe
 1363 0077 3A       		.uleb128 0x3a
 1364 0078 0B       		.uleb128 0xb
 1365 0079 3B       		.uleb128 0x3b
 1366 007a 05       		.uleb128 0x5
 1367 007b 49       		.uleb128 0x49
 1368 007c 13       		.uleb128 0x13
 1369 007d 38       		.uleb128 0x38
 1370 007e 0B       		.uleb128 0xb
 1371 007f 00       		.byte	0
 1372 0080 00       		.byte	0
 1373 0081 0C       		.uleb128 0xc
 1374 0082 0D       		.uleb128 0xd
 1375 0083 00       		.byte	0
 1376 0084 03       		.uleb128 0x3
 1377 0085 08       		.uleb128 0x8
 1378 0086 3A       		.uleb128 0x3a
 1379 0087 0B       		.uleb128 0xb
 1380 0088 3B       		.uleb128 0x3b
 1381 0089 05       		.uleb128 0x5
 1382 008a 49       		.uleb128 0x49
 1383 008b 13       		.uleb128 0x13
 1384 008c 38       		.uleb128 0x38
 1385 008d 0B       		.uleb128 0xb
 1386 008e 00       		.byte	0
 1387 008f 00       		.byte	0
 1388 0090 0D       		.uleb128 0xd
 1389 0091 0F       		.uleb128 0xf
ARM GAS  /tmp/ccu2bpeO.s 			page 26


 1390 0092 00       		.byte	0
 1391 0093 0B       		.uleb128 0xb
 1392 0094 0B       		.uleb128 0xb
 1393 0095 49       		.uleb128 0x49
 1394 0096 13       		.uleb128 0x13
 1395 0097 00       		.byte	0
 1396 0098 00       		.byte	0
 1397 0099 0E       		.uleb128 0xe
 1398 009a 15       		.uleb128 0x15
 1399 009b 01       		.byte	0x1
 1400 009c 27       		.uleb128 0x27
 1401 009d 19       		.uleb128 0x19
 1402 009e 01       		.uleb128 0x1
 1403 009f 13       		.uleb128 0x13
 1404 00a0 00       		.byte	0
 1405 00a1 00       		.byte	0
 1406 00a2 0F       		.uleb128 0xf
 1407 00a3 05       		.uleb128 0x5
 1408 00a4 00       		.byte	0
 1409 00a5 49       		.uleb128 0x49
 1410 00a6 13       		.uleb128 0x13
 1411 00a7 00       		.byte	0
 1412 00a8 00       		.byte	0
 1413 00a9 10       		.uleb128 0x10
 1414 00aa 13       		.uleb128 0x13
 1415 00ab 01       		.byte	0x1
 1416 00ac 0B       		.uleb128 0xb
 1417 00ad 0B       		.uleb128 0xb
 1418 00ae 3A       		.uleb128 0x3a
 1419 00af 0B       		.uleb128 0xb
 1420 00b0 3B       		.uleb128 0x3b
 1421 00b1 05       		.uleb128 0x5
 1422 00b2 01       		.uleb128 0x1
 1423 00b3 13       		.uleb128 0x13
 1424 00b4 00       		.byte	0
 1425 00b5 00       		.byte	0
 1426 00b6 11       		.uleb128 0x11
 1427 00b7 16       		.uleb128 0x16
 1428 00b8 00       		.byte	0
 1429 00b9 03       		.uleb128 0x3
 1430 00ba 0E       		.uleb128 0xe
 1431 00bb 3A       		.uleb128 0x3a
 1432 00bc 0B       		.uleb128 0xb
 1433 00bd 3B       		.uleb128 0x3b
 1434 00be 05       		.uleb128 0x5
 1435 00bf 49       		.uleb128 0x49
 1436 00c0 13       		.uleb128 0x13
 1437 00c1 00       		.byte	0
 1438 00c2 00       		.byte	0
 1439 00c3 12       		.uleb128 0x12
 1440 00c4 26       		.uleb128 0x26
 1441 00c5 00       		.byte	0
 1442 00c6 49       		.uleb128 0x49
 1443 00c7 13       		.uleb128 0x13
 1444 00c8 00       		.byte	0
 1445 00c9 00       		.byte	0
 1446 00ca 13       		.uleb128 0x13
ARM GAS  /tmp/ccu2bpeO.s 			page 27


 1447 00cb 2E       		.uleb128 0x2e
 1448 00cc 00       		.byte	0
 1449 00cd 3F       		.uleb128 0x3f
 1450 00ce 19       		.uleb128 0x19
 1451 00cf 03       		.uleb128 0x3
 1452 00d0 0E       		.uleb128 0xe
 1453 00d1 3A       		.uleb128 0x3a
 1454 00d2 0B       		.uleb128 0xb
 1455 00d3 3B       		.uleb128 0x3b
 1456 00d4 0B       		.uleb128 0xb
 1457 00d5 27       		.uleb128 0x27
 1458 00d6 19       		.uleb128 0x19
 1459 00d7 11       		.uleb128 0x11
 1460 00d8 01       		.uleb128 0x1
 1461 00d9 12       		.uleb128 0x12
 1462 00da 06       		.uleb128 0x6
 1463 00db 40       		.uleb128 0x40
 1464 00dc 18       		.uleb128 0x18
 1465 00dd 9642     		.uleb128 0x2116
 1466 00df 19       		.uleb128 0x19
 1467 00e0 00       		.byte	0
 1468 00e1 00       		.byte	0
 1469 00e2 14       		.uleb128 0x14
 1470 00e3 2E       		.uleb128 0x2e
 1471 00e4 01       		.byte	0x1
 1472 00e5 3F       		.uleb128 0x3f
 1473 00e6 19       		.uleb128 0x19
 1474 00e7 03       		.uleb128 0x3
 1475 00e8 0E       		.uleb128 0xe
 1476 00e9 3A       		.uleb128 0x3a
 1477 00ea 0B       		.uleb128 0xb
 1478 00eb 3B       		.uleb128 0x3b
 1479 00ec 0B       		.uleb128 0xb
 1480 00ed 27       		.uleb128 0x27
 1481 00ee 19       		.uleb128 0x19
 1482 00ef 11       		.uleb128 0x11
 1483 00f0 01       		.uleb128 0x1
 1484 00f1 12       		.uleb128 0x12
 1485 00f2 06       		.uleb128 0x6
 1486 00f3 40       		.uleb128 0x40
 1487 00f4 18       		.uleb128 0x18
 1488 00f5 9742     		.uleb128 0x2117
 1489 00f7 19       		.uleb128 0x19
 1490 00f8 01       		.uleb128 0x1
 1491 00f9 13       		.uleb128 0x13
 1492 00fa 00       		.byte	0
 1493 00fb 00       		.byte	0
 1494 00fc 15       		.uleb128 0x15
 1495 00fd 05       		.uleb128 0x5
 1496 00fe 00       		.byte	0
 1497 00ff 03       		.uleb128 0x3
 1498 0100 0E       		.uleb128 0xe
 1499 0101 3A       		.uleb128 0x3a
 1500 0102 0B       		.uleb128 0xb
 1501 0103 3B       		.uleb128 0x3b
 1502 0104 0B       		.uleb128 0xb
 1503 0105 49       		.uleb128 0x49
ARM GAS  /tmp/ccu2bpeO.s 			page 28


 1504 0106 13       		.uleb128 0x13
 1505 0107 02       		.uleb128 0x2
 1506 0108 18       		.uleb128 0x18
 1507 0109 00       		.byte	0
 1508 010a 00       		.byte	0
 1509 010b 16       		.uleb128 0x16
 1510 010c 2E       		.uleb128 0x2e
 1511 010d 01       		.byte	0x1
 1512 010e 3F       		.uleb128 0x3f
 1513 010f 19       		.uleb128 0x19
 1514 0110 03       		.uleb128 0x3
 1515 0111 0E       		.uleb128 0xe
 1516 0112 3A       		.uleb128 0x3a
 1517 0113 0B       		.uleb128 0xb
 1518 0114 3B       		.uleb128 0x3b
 1519 0115 0B       		.uleb128 0xb
 1520 0116 27       		.uleb128 0x27
 1521 0117 19       		.uleb128 0x19
 1522 0118 11       		.uleb128 0x11
 1523 0119 01       		.uleb128 0x1
 1524 011a 12       		.uleb128 0x12
 1525 011b 06       		.uleb128 0x6
 1526 011c 40       		.uleb128 0x40
 1527 011d 18       		.uleb128 0x18
 1528 011e 9642     		.uleb128 0x2116
 1529 0120 19       		.uleb128 0x19
 1530 0121 01       		.uleb128 0x1
 1531 0122 13       		.uleb128 0x13
 1532 0123 00       		.byte	0
 1533 0124 00       		.byte	0
 1534 0125 17       		.uleb128 0x17
 1535 0126 0B       		.uleb128 0xb
 1536 0127 01       		.byte	0x1
 1537 0128 11       		.uleb128 0x11
 1538 0129 01       		.uleb128 0x1
 1539 012a 12       		.uleb128 0x12
 1540 012b 06       		.uleb128 0x6
 1541 012c 01       		.uleb128 0x1
 1542 012d 13       		.uleb128 0x13
 1543 012e 00       		.byte	0
 1544 012f 00       		.byte	0
 1545 0130 18       		.uleb128 0x18
 1546 0131 34       		.uleb128 0x34
 1547 0132 00       		.byte	0
 1548 0133 03       		.uleb128 0x3
 1549 0134 08       		.uleb128 0x8
 1550 0135 3A       		.uleb128 0x3a
 1551 0136 0B       		.uleb128 0xb
 1552 0137 3B       		.uleb128 0x3b
 1553 0138 0B       		.uleb128 0xb
 1554 0139 49       		.uleb128 0x49
 1555 013a 13       		.uleb128 0x13
 1556 013b 02       		.uleb128 0x2
 1557 013c 18       		.uleb128 0x18
 1558 013d 00       		.byte	0
 1559 013e 00       		.byte	0
 1560 013f 19       		.uleb128 0x19
ARM GAS  /tmp/ccu2bpeO.s 			page 29


 1561 0140 0B       		.uleb128 0xb
 1562 0141 01       		.byte	0x1
 1563 0142 11       		.uleb128 0x11
 1564 0143 01       		.uleb128 0x1
 1565 0144 12       		.uleb128 0x12
 1566 0145 06       		.uleb128 0x6
 1567 0146 00       		.byte	0
 1568 0147 00       		.byte	0
 1569 0148 1A       		.uleb128 0x1a
 1570 0149 34       		.uleb128 0x34
 1571 014a 00       		.byte	0
 1572 014b 03       		.uleb128 0x3
 1573 014c 0E       		.uleb128 0xe
 1574 014d 3A       		.uleb128 0x3a
 1575 014e 0B       		.uleb128 0xb
 1576 014f 3B       		.uleb128 0x3b
 1577 0150 05       		.uleb128 0x5
 1578 0151 49       		.uleb128 0x49
 1579 0152 13       		.uleb128 0x13
 1580 0153 3F       		.uleb128 0x3f
 1581 0154 19       		.uleb128 0x19
 1582 0155 3C       		.uleb128 0x3c
 1583 0156 19       		.uleb128 0x19
 1584 0157 00       		.byte	0
 1585 0158 00       		.byte	0
 1586 0159 00       		.byte	0
 1587              		.section	.debug_aranges,"",%progbits
 1588 0000 4C000000 		.4byte	0x4c
 1589 0004 0200     		.2byte	0x2
 1590 0006 00000000 		.4byte	.Ldebug_info0
 1591 000a 04       		.byte	0x4
 1592 000b 00       		.byte	0
 1593 000c 0000     		.2byte	0
 1594 000e 0000     		.2byte	0
 1595 0010 00000000 		.4byte	.LFB118
 1596 0014 08000000 		.4byte	.LFE118-.LFB118
 1597 0018 00000000 		.4byte	.LFB119
 1598 001c 14000000 		.4byte	.LFE119-.LFB119
 1599 0020 00000000 		.4byte	.LFB120
 1600 0024 6C000000 		.4byte	.LFE120-.LFB120
 1601 0028 00000000 		.4byte	.LFB121
 1602 002c 58000000 		.4byte	.LFE121-.LFB121
 1603 0030 00000000 		.4byte	.LFB122
 1604 0034 60000000 		.4byte	.LFE122-.LFB122
 1605 0038 00000000 		.4byte	.LFB123
 1606 003c 68000000 		.4byte	.LFE123-.LFB123
 1607 0040 00000000 		.4byte	.LFB124
 1608 0044 5C000000 		.4byte	.LFE124-.LFB124
 1609 0048 00000000 		.4byte	0
 1610 004c 00000000 		.4byte	0
 1611              		.section	.debug_ranges,"",%progbits
 1612              	.Ldebug_ranges0:
 1613 0000 00000000 		.4byte	.LFB118
 1614 0004 08000000 		.4byte	.LFE118
 1615 0008 00000000 		.4byte	.LFB119
 1616 000c 14000000 		.4byte	.LFE119
 1617 0010 00000000 		.4byte	.LFB120
ARM GAS  /tmp/ccu2bpeO.s 			page 30


 1618 0014 6C000000 		.4byte	.LFE120
 1619 0018 00000000 		.4byte	.LFB121
 1620 001c 58000000 		.4byte	.LFE121
 1621 0020 00000000 		.4byte	.LFB122
 1622 0024 60000000 		.4byte	.LFE122
 1623 0028 00000000 		.4byte	.LFB123
 1624 002c 68000000 		.4byte	.LFE123
 1625 0030 00000000 		.4byte	.LFB124
 1626 0034 5C000000 		.4byte	.LFE124
 1627 0038 00000000 		.4byte	0
 1628 003c 00000000 		.4byte	0
 1629              		.section	.debug_line,"",%progbits
 1630              	.Ldebug_line0:
 1631 0000 ED020000 		.section	.debug_str,"MS",%progbits,1
 1631      0200F101 
 1631      00000201 
 1631      FB0E0D00 
 1631      01010101 
 1632              	.LASF34:
 1633 0000 43434552 		.ascii	"CCER\000"
 1633      00
 1634              	.LASF36:
 1635 0005 444D4152 		.ascii	"DMAR\000"
 1635      00
 1636              	.LASF25:
 1637 000a 73746174 		.ascii	"state\000"
 1637      6500
 1638              	.LASF33:
 1639 0010 43434D52 		.ascii	"CCMR2\000"
 1639      3200
 1640              	.LASF37:
 1641 0016 43434D52 		.ascii	"CCMR3\000"
 1641      3300
 1642              	.LASF61:
 1643 001c 2F686F6D 		.ascii	"/home/denny/r2p-sdk/core/ChibiOS/os/hal/src/pwm.c\000"
 1643      652F6465 
 1643      6E6E792F 
 1643      7232702D 
 1643      73646B2F 
 1644              	.LASF43:
 1645 004e 70776D63 		.ascii	"pwmcnt_t\000"
 1645      6E745F74 
 1645      00
 1646              	.LASF18:
 1647 0057 73697A65 		.ascii	"sizetype\000"
 1647      74797065 
 1647      00
 1648              	.LASF42:
 1649 0060 70776D63 		.ascii	"pwmchannel_t\000"
 1649      68616E6E 
 1649      656C5F74 
 1649      00
 1650              	.LASF9:
 1651 006d 5F5F7569 		.ascii	"__uint32_t\000"
 1651      6E743332 
 1651      5F7400
 1652              	.LASF44:
ARM GAS  /tmp/ccu2bpeO.s 			page 31


 1653 0078 6D6F6465 		.ascii	"mode\000"
 1653      00
 1654              	.LASF5:
 1655 007d 5F5F7569 		.ascii	"__uint16_t\000"
 1655      6E743136 
 1655      5F7400
 1656              	.LASF48:
 1657 0088 6368616E 		.ascii	"channels\000"
 1657      6E656C73 
 1657      00
 1658              	.LASF60:
 1659 0091 474E5520 		.ascii	"GNU C 4.9.3 20141119 (release) [ARM/embedded-4_9-br"
 1659      4320342E 
 1659      392E3320 
 1659      32303134 
 1659      31313139 
 1660 00c4 616E6368 		.ascii	"anch revision 218278] -mcpu=cortex-m4 -mfloat-abi=h"
 1660      20726576 
 1660      6973696F 
 1660      6E203231 
 1660      38323738 
 1661 00f7 61726420 		.ascii	"ard -mfpu=fpv4-sp-d16 -mno-thumb-interwork -mthumb "
 1661      2D6D6670 
 1661      753D6670 
 1661      76342D73 
 1661      702D6431 
 1662 012a 2D676764 		.ascii	"-ggdb -O0 -fomit-frame-pointer -falign-functions=16"
 1662      62202D4F 
 1662      30202D66 
 1662      6F6D6974 
 1662      2D667261 
 1663 015d 202D6666 		.ascii	" -ffunction-sections -fdata-sections -fno-common -f"
 1663      756E6374 
 1663      696F6E2D 
 1663      73656374 
 1663      696F6E73 
 1664 0190 73696E67 		.ascii	"single-precision-constant\000"
 1664      6C652D70 
 1664      72656369 
 1664      73696F6E 
 1664      2D636F6E 
 1665              	.LASF3:
 1666 01aa 73686F72 		.ascii	"short int\000"
 1666      7420696E 
 1666      7400
 1667              	.LASF26:
 1668 01b4 636F6E66 		.ascii	"config\000"
 1668      696700
 1669              	.LASF51:
 1670 01bb 70776D4F 		.ascii	"pwmObjectInit\000"
 1670      626A6563 
 1670      74496E69 
 1670      7400
 1671              	.LASF13:
 1672 01c9 75696E74 		.ascii	"uint8_t\000"
 1672      385F7400 
 1673              	.LASF56:
ARM GAS  /tmp/ccu2bpeO.s 			page 32


 1674 01d1 70776D45 		.ascii	"pwmEnableChannel\000"
 1674      6E61626C 
 1674      65436861 
 1674      6E6E656C 
 1674      00
 1675              	.LASF58:
 1676 01e2 77696474 		.ascii	"width\000"
 1676      6800
 1677              	.LASF52:
 1678 01e8 70776D53 		.ascii	"pwmStart\000"
 1678      74617274 
 1678      00
 1679              	.LASF11:
 1680 01f1 6C6F6E67 		.ascii	"long long int\000"
 1680      206C6F6E 
 1680      6720696E 
 1680      7400
 1681              	.LASF8:
 1682 01ff 6C6F6E67 		.ascii	"long int\000"
 1682      20696E74 
 1682      00
 1683              	.LASF62:
 1684 0208 70776D49 		.ascii	"pwmInit\000"
 1684      6E697400 
 1685              	.LASF38:
 1686 0210 43435235 		.ascii	"CCR5\000"
 1686      00
 1687              	.LASF39:
 1688 0215 43435236 		.ascii	"CCR6\000"
 1688      00
 1689              	.LASF27:
 1690 021a 70657269 		.ascii	"period\000"
 1690      6F6400
 1691              	.LASF4:
 1692 0221 5F5F7569 		.ascii	"__uint8_t\000"
 1692      6E74385F 
 1692      7400
 1693              	.LASF32:
 1694 022b 43434D52 		.ascii	"CCMR1\000"
 1694      3100
 1695              	.LASF50:
 1696 0231 50574D43 		.ascii	"PWMConfig\000"
 1696      6F6E6669 
 1696      6700
 1697              	.LASF53:
 1698 023b 70776D70 		.ascii	"pwmp\000"
 1698      00
 1699              	.LASF30:
 1700 0240 534D4352 		.ascii	"SMCR\000"
 1700      00
 1701              	.LASF20:
 1702 0245 50574D5F 		.ascii	"PWM_UNINIT\000"
 1702      554E494E 
 1702      495400
 1703              	.LASF2:
 1704 0250 756E7369 		.ascii	"unsigned char\000"
 1704      676E6564 
ARM GAS  /tmp/ccu2bpeO.s 			page 33


 1704      20636861 
 1704      7200
 1705              	.LASF59:
 1706 025e 70776D44 		.ascii	"pwmDisableChannel\000"
 1706      69736162 
 1706      6C654368 
 1706      616E6E65 
 1706      6C00
 1707              	.LASF1:
 1708 0270 7369676E 		.ascii	"signed char\000"
 1708      65642063 
 1708      68617200 
 1709              	.LASF12:
 1710 027c 6C6F6E67 		.ascii	"long long unsigned int\000"
 1710      206C6F6E 
 1710      6720756E 
 1710      7369676E 
 1710      65642069 
 1711              	.LASF16:
 1712 0293 75696E74 		.ascii	"uint32_t\000"
 1712      33325F74 
 1712      00
 1713              	.LASF0:
 1714 029c 756E7369 		.ascii	"unsigned int\000"
 1714      676E6564 
 1714      20696E74 
 1714      00
 1715              	.LASF14:
 1716 02a9 75696E74 		.ascii	"uint16_t\000"
 1716      31365F74 
 1716      00
 1717              	.LASF35:
 1718 02b2 42445452 		.ascii	"BDTR\000"
 1718      00
 1719              	.LASF31:
 1720 02b7 44494552 		.ascii	"DIER\000"
 1720      00
 1721              	.LASF6:
 1722 02bc 73686F72 		.ascii	"short unsigned int\000"
 1722      7420756E 
 1722      7369676E 
 1722      65642069 
 1722      6E7400
 1723              	.LASF19:
 1724 02cf 63686172 		.ascii	"char\000"
 1724      00
 1725              	.LASF40:
 1726 02d4 73746D33 		.ascii	"stm32_tim_t\000"
 1726      325F7469 
 1726      6D5F7400 
 1727              	.LASF24:
 1728 02e0 50574D44 		.ascii	"PWMDriver\000"
 1728      72697665 
 1728      7200
 1729              	.LASF15:
 1730 02ea 696E7433 		.ascii	"int32_t\000"
 1730      325F7400 
ARM GAS  /tmp/ccu2bpeO.s 			page 34


 1731              	.LASF17:
 1732 02f2 5F426F6F 		.ascii	"_Bool\000"
 1732      6C00
 1733              	.LASF57:
 1734 02f8 6368616E 		.ascii	"channel\000"
 1734      6E656C00 
 1735              	.LASF55:
 1736 0300 70776D43 		.ascii	"pwmChangePeriod\000"
 1736      68616E67 
 1736      65506572 
 1736      696F6400 
 1737              	.LASF10:
 1738 0310 6C6F6E67 		.ascii	"long unsigned int\000"
 1738      20756E73 
 1738      69676E65 
 1738      6420696E 
 1738      7400
 1739              	.LASF28:
 1740 0322 636C6F63 		.ascii	"clock\000"
 1740      6B00
 1741              	.LASF7:
 1742 0328 5F5F696E 		.ascii	"__int32_t\000"
 1742      7433325F 
 1742      7400
 1743              	.LASF22:
 1744 0332 50574D5F 		.ascii	"PWM_READY\000"
 1744      52454144 
 1744      5900
 1745              	.LASF21:
 1746 033c 50574D5F 		.ascii	"PWM_STOP\000"
 1746      53544F50 
 1746      00
 1747              	.LASF49:
 1748 0345 64696572 		.ascii	"dier\000"
 1748      00
 1749              	.LASF54:
 1750 034a 70776D53 		.ascii	"pwmStop\000"
 1750      746F7000 
 1751              	.LASF47:
 1752 0352 66726571 		.ascii	"frequency\000"
 1752      75656E63 
 1752      7900
 1753              	.LASF46:
 1754 035c 50574D43 		.ascii	"PWMChannelConfig\000"
 1754      68616E6E 
 1754      656C436F 
 1754      6E666967 
 1754      00
 1755              	.LASF41:
 1756 036d 70776D6D 		.ascii	"pwmmode_t\000"
 1756      6F64655F 
 1756      7400
 1757              	.LASF63:
 1758 0377 49544D5F 		.ascii	"ITM_RxBuffer\000"
 1758      52784275 
 1758      66666572 
 1758      00
ARM GAS  /tmp/ccu2bpeO.s 			page 35


 1759              	.LASF23:
 1760 0384 70776D73 		.ascii	"pwmstate_t\000"
 1760      74617465 
 1760      5F7400
 1761              	.LASF29:
 1762 038f 70776D63 		.ascii	"pwmcallback_t\000"
 1762      616C6C62 
 1762      61636B5F 
 1762      7400
 1763              	.LASF45:
 1764 039d 63616C6C 		.ascii	"callback\000"
 1764      6261636B 
 1764      00
 1765              		.ident	"GCC: (GNU Tools for ARM Embedded Processors) 4.9.3 20141119 (release) [ARM/embedded-4_9-br
ARM GAS  /tmp/ccu2bpeO.s 			page 36


DEFINED SYMBOLS
                            *ABS*:00000000 pwm.c
     /tmp/ccu2bpeO.s:21     .text.pwmInit:00000000 $t
     /tmp/ccu2bpeO.s:27     .text.pwmInit:00000000 pwmInit
     /tmp/ccu2bpeO.s:46     .text.pwmObjectInit:00000000 $t
     /tmp/ccu2bpeO.s:52     .text.pwmObjectInit:00000000 pwmObjectInit
     /tmp/ccu2bpeO.s:79     .rodata:00000000 $d
     /tmp/ccu2bpeO.s:86     .text.pwmStart:00000000 $t
     /tmp/ccu2bpeO.s:92     .text.pwmStart:00000000 pwmStart
     /tmp/ccu2bpeO.s:174    .text.pwmStart:00000064 $d
     /tmp/ccu2bpeO.s:187    .text.pwmStop:00000000 $t
     /tmp/ccu2bpeO.s:193    .text.pwmStop:00000000 pwmStop
     /tmp/ccu2bpeO.s:260    .text.pwmStop:00000050 $d
     /tmp/ccu2bpeO.s:273    .text.pwmChangePeriod:00000000 $t
     /tmp/ccu2bpeO.s:279    .text.pwmChangePeriod:00000000 pwmChangePeriod
     /tmp/ccu2bpeO.s:346    .text.pwmChangePeriod:00000058 $d
     /tmp/ccu2bpeO.s:359    .text.pwmEnableChannel:00000000 $t
     /tmp/ccu2bpeO.s:365    .text.pwmEnableChannel:00000000 pwmEnableChannel
     /tmp/ccu2bpeO.s:436    .text.pwmEnableChannel:00000060 $d
     /tmp/ccu2bpeO.s:446    .text.pwmDisableChannel:00000000 $t
     /tmp/ccu2bpeO.s:452    .text.pwmDisableChannel:00000000 pwmDisableChannel
     /tmp/ccu2bpeO.s:519    .text.pwmDisableChannel:00000054 $d
                     .debug_frame:00000010 $d
     /tmp/ccu2bpeO.s:179    .text.pwmStart:0000006c $t
     /tmp/ccu2bpeO.s:265    .text.pwmStop:00000058 $t
     /tmp/ccu2bpeO.s:441    .text.pwmEnableChannel:00000068 $t
     /tmp/ccu2bpeO.s:524    .text.pwmDisableChannel:0000005c $t

UNDEFINED SYMBOLS
pwm_lld_init
chDbgPanic
dbg_check_lock
pwm_lld_start
dbg_check_unlock
pwm_lld_stop
pwm_lld_enable_channel
pwm_lld_disable_channel
