ARM GAS  /tmp/ccau3ZSg.s 			page 1


   1              		.syntax unified
   2              		.cpu cortex-m4
   3              		.eabi_attribute 27, 3
   4              		.eabi_attribute 28, 1
   5              		.fpu fpv4-sp-d16
   6              		.eabi_attribute 20, 1
   7              		.eabi_attribute 21, 1
   8              		.eabi_attribute 23, 3
   9              		.eabi_attribute 24, 1
  10              		.eabi_attribute 25, 1
  11              		.eabi_attribute 26, 1
  12              		.eabi_attribute 30, 6
  13              		.eabi_attribute 34, 1
  14              		.eabi_attribute 18, 4
  15              		.thumb
  16              		.file	"pwm_lld.c"
  17              		.text
  18              	.Ltext0:
  19              		.cfi_sections	.debug_frame
  20              		.global	PWMD1
  21              		.section	.bss.PWMD1,"aw",%nobits
  22              		.align	2
  23              		.type	PWMD1, %object
  24              		.size	PWMD1, 20
  25              	PWMD1:
  26 0000 00000000 		.space	20
  26      00000000 
  26      00000000 
  26      00000000 
  26      00000000 
  27              		.section	.text.VectorA4,"ax",%progbits
  28              		.align	2
  29              		.p2align 4,,15
  30              		.global	VectorA4
  31              		.thumb
  32              		.thumb_func
  33              		.type	VectorA4, %function
  34              	VectorA4:
  35              	.LFB118:
  36              		.file 1 "/home/denny/r2p-sdk/core/ChibiOS/os/hal/platforms/STM32/TIMv1/pwm_lld.c"
  37              		.loc 1 147 0
  38              		.cfi_startproc
  39              		@ args = 0, pretend = 0, frame = 0
  40              		@ frame_needed = 0, uses_anonymous_args = 0
  41 0000 08B5     		push	{r3, lr}
  42              		.cfi_def_cfa_offset 8
  43              		.cfi_offset 3, -8
  44              		.cfi_offset 14, -4
  45              		.loc 1 149 0
  46 0002 FFF7FEFF 		bl	dbg_check_enter_isr
  47              		.loc 1 151 0
  48 0006 074B     		ldr	r3, .L2
  49 0008 6FF00102 		mvn	r2, #1
  50 000c 1A61     		str	r2, [r3, #16]
  51              		.loc 1 152 0
  52 000e 064B     		ldr	r3, .L2+4
  53 0010 5B68     		ldr	r3, [r3, #4]
ARM GAS  /tmp/ccau3ZSg.s 			page 2


  54 0012 9B68     		ldr	r3, [r3, #8]
  55 0014 0448     		ldr	r0, .L2+4
  56 0016 9847     		blx	r3
  57              		.loc 1 154 0
  58 0018 FFF7FEFF 		bl	dbg_check_leave_isr
  59 001c FFF7FEFF 		bl	_port_irq_epilogue
  60              		.loc 1 155 0
  61 0020 08BD     		pop	{r3, pc}
  62              	.L3:
  63 0022 00BF     		.align	2
  64              	.L2:
  65 0024 002C0140 		.word	1073818624
  66 0028 00000000 		.word	PWMD1
  67              		.cfi_endproc
  68              	.LFE118:
  69              		.size	VectorA4, .-VectorA4
  70 002c AFF30080 		.section	.text.VectorAC,"ax",%progbits
  71              		.align	2
  72              		.p2align 4,,15
  73              		.global	VectorAC
  74              		.thumb
  75              		.thumb_func
  76              		.type	VectorAC, %function
  77              	VectorAC:
  78              	.LFB119:
  79              		.loc 1 168 0
  80              		.cfi_startproc
  81              		@ args = 0, pretend = 0, frame = 8
  82              		@ frame_needed = 0, uses_anonymous_args = 0
  83 0000 00B5     		push	{lr}
  84              		.cfi_def_cfa_offset 4
  85              		.cfi_offset 14, -4
  86 0002 83B0     		sub	sp, sp, #12
  87              		.cfi_def_cfa_offset 16
  88              		.loc 1 171 0
  89 0004 FFF7FEFF 		bl	dbg_check_enter_isr
  90              		.loc 1 173 0
  91 0008 214B     		ldr	r3, .L9
  92 000a 1B69     		ldr	r3, [r3, #16]
  93 000c 9AB2     		uxth	r2, r3
  94 000e 204B     		ldr	r3, .L9
  95 0010 DB68     		ldr	r3, [r3, #12]
  96 0012 9BB2     		uxth	r3, r3
  97 0014 1340     		ands	r3, r3, r2
  98 0016 9BB2     		uxth	r3, r3
  99 0018 DBB2     		uxtb	r3, r3
 100 001a ADF80630 		strh	r3, [sp, #6]	@ movhi
 101              		.loc 1 174 0
 102 001e 1C4A     		ldr	r2, .L9
 103 0020 BDF80630 		ldrh	r3, [sp, #6]
 104 0024 DB43     		mvns	r3, r3
 105 0026 1361     		str	r3, [r2, #16]
 106              		.loc 1 175 0
 107 0028 BDF80630 		ldrh	r3, [sp, #6]
 108 002c 03F00203 		and	r3, r3, #2
 109 0030 002B     		cmp	r3, #0
 110 0032 04D0     		beq	.L5
ARM GAS  /tmp/ccau3ZSg.s 			page 3


 111              		.loc 1 176 0
 112 0034 174B     		ldr	r3, .L9+4
 113 0036 5B68     		ldr	r3, [r3, #4]
 114 0038 1B69     		ldr	r3, [r3, #16]
 115 003a 1648     		ldr	r0, .L9+4
 116 003c 9847     		blx	r3
 117              	.L5:
 118              		.loc 1 177 0
 119 003e BDF80630 		ldrh	r3, [sp, #6]
 120 0042 03F00403 		and	r3, r3, #4
 121 0046 002B     		cmp	r3, #0
 122 0048 04D0     		beq	.L6
 123              		.loc 1 178 0
 124 004a 124B     		ldr	r3, .L9+4
 125 004c 5B68     		ldr	r3, [r3, #4]
 126 004e 9B69     		ldr	r3, [r3, #24]
 127 0050 1048     		ldr	r0, .L9+4
 128 0052 9847     		blx	r3
 129              	.L6:
 130              		.loc 1 179 0
 131 0054 BDF80630 		ldrh	r3, [sp, #6]
 132 0058 03F00803 		and	r3, r3, #8
 133 005c 002B     		cmp	r3, #0
 134 005e 04D0     		beq	.L7
 135              		.loc 1 180 0
 136 0060 0C4B     		ldr	r3, .L9+4
 137 0062 5B68     		ldr	r3, [r3, #4]
 138 0064 1B6A     		ldr	r3, [r3, #32]
 139 0066 0B48     		ldr	r0, .L9+4
 140 0068 9847     		blx	r3
 141              	.L7:
 142              		.loc 1 181 0
 143 006a BDF80630 		ldrh	r3, [sp, #6]
 144 006e 03F01003 		and	r3, r3, #16
 145 0072 002B     		cmp	r3, #0
 146 0074 04D0     		beq	.L8
 147              		.loc 1 182 0
 148 0076 074B     		ldr	r3, .L9+4
 149 0078 5B68     		ldr	r3, [r3, #4]
 150 007a 9B6A     		ldr	r3, [r3, #40]
 151 007c 0548     		ldr	r0, .L9+4
 152 007e 9847     		blx	r3
 153              	.L8:
 154              		.loc 1 184 0
 155 0080 FFF7FEFF 		bl	dbg_check_leave_isr
 156 0084 FFF7FEFF 		bl	_port_irq_epilogue
 157              		.loc 1 185 0
 158 0088 03B0     		add	sp, sp, #12
 159              		.cfi_def_cfa_offset 4
 160              		@ sp needed
 161 008a 5DF804FB 		ldr	pc, [sp], #4
 162              	.L10:
 163 008e 00BF     		.align	2
 164              	.L9:
 165 0090 002C0140 		.word	1073818624
 166 0094 00000000 		.word	PWMD1
 167              		.cfi_endproc
ARM GAS  /tmp/ccau3ZSg.s 			page 4


 168              	.LFE119:
 169              		.size	VectorAC, .-VectorAC
 170 0098 AFF30080 		.section	.text.pwm_lld_init,"ax",%progbits
 170      AFF30080 
 171              		.align	2
 172              		.p2align 4,,15
 173              		.global	pwm_lld_init
 174              		.thumb
 175              		.thumb_func
 176              		.type	pwm_lld_init, %function
 177              	pwm_lld_init:
 178              	.LFB120:
 179              		.loc 1 345 0
 180              		.cfi_startproc
 181              		@ args = 0, pretend = 0, frame = 0
 182              		@ frame_needed = 0, uses_anonymous_args = 0
 183 0000 08B5     		push	{r3, lr}
 184              		.cfi_def_cfa_offset 8
 185              		.cfi_offset 3, -8
 186              		.cfi_offset 14, -4
 187              		.loc 1 349 0
 188 0002 0348     		ldr	r0, .L12
 189 0004 FFF7FEFF 		bl	pwmObjectInit
 190              		.loc 1 350 0
 191 0008 014B     		ldr	r3, .L12
 192 000a 024A     		ldr	r2, .L12+4
 193 000c 1A61     		str	r2, [r3, #16]
 194              		.loc 1 388 0
 195 000e 08BD     		pop	{r3, pc}
 196              	.L13:
 197              		.align	2
 198              	.L12:
 199 0010 00000000 		.word	PWMD1
 200 0014 002C0140 		.word	1073818624
 201              		.cfi_endproc
 202              	.LFE120:
 203              		.size	pwm_lld_init, .-pwm_lld_init
 204 0018 AFF30080 		.section	.rodata
 204      AFF30080 
 205              		.align	2
 206              	.LC0:
 207 0000 70776D5F 		.ascii	"pwm_lld_start(), #1\000"
 207      6C6C645F 
 207      73746172 
 207      7428292C 
 207      20233100 
 208              		.section	.text.pwm_lld_start,"ax",%progbits
 209              		.align	2
 210              		.p2align 4,,15
 211              		.global	pwm_lld_start
 212              		.thumb
 213              		.thumb_func
 214              		.type	pwm_lld_start, %function
 215              	pwm_lld_start:
 216              	.LFB121:
 217              		.loc 1 399 0
 218              		.cfi_startproc
ARM GAS  /tmp/ccau3ZSg.s 			page 5


 219              		@ args = 0, pretend = 0, frame = 16
 220              		@ frame_needed = 0, uses_anonymous_args = 0
 221 0000 00B5     		push	{lr}
 222              		.cfi_def_cfa_offset 4
 223              		.cfi_offset 14, -4
 224 0002 85B0     		sub	sp, sp, #20
 225              		.cfi_def_cfa_offset 24
 226 0004 0190     		str	r0, [sp, #4]
 227              		.loc 1 403 0
 228 0006 019B     		ldr	r3, [sp, #4]
 229 0008 1B78     		ldrb	r3, [r3]	@ zero_extendqisi2
 230 000a 012B     		cmp	r3, #1
 231 000c 28D1     		bne	.L15
 232              		.loc 1 406 0
 233 000e 019B     		ldr	r3, [sp, #4]
 234 0010 7B4A     		ldr	r2, .L32
 235 0012 9342     		cmp	r3, r2
 236 0014 19D1     		bne	.L16
 237              		.loc 1 407 0
 238 0016 7B4A     		ldr	r2, .L32+4
 239 0018 7A4B     		ldr	r3, .L32+4
 240 001a 9B69     		ldr	r3, [r3, #24]
 241 001c 43F40063 		orr	r3, r3, #2048
 242 0020 9361     		str	r3, [r2, #24]
 243              		.loc 1 408 0
 244 0022 784A     		ldr	r2, .L32+4
 245 0024 774B     		ldr	r3, .L32+4
 246 0026 DB68     		ldr	r3, [r3, #12]
 247 0028 43F40073 		orr	r3, r3, #512
 248 002c D360     		str	r3, [r2, #12]
 249 002e 754B     		ldr	r3, .L32+4
 250 0030 0022     		movs	r2, #0
 251 0032 DA60     		str	r2, [r3, #12]
 252              		.loc 1 409 0
 253 0034 1920     		movs	r0, #25
 254 0036 7021     		movs	r1, #112
 255 0038 FFF7FEFF 		bl	nvicEnableVector
 256              		.loc 1 411 0
 257 003c 1B20     		movs	r0, #27
 258 003e 7021     		movs	r1, #112
 259 0040 FFF7FEFF 		bl	nvicEnableVector
 260              		.loc 1 414 0
 261 0044 019B     		ldr	r3, [sp, #4]
 262 0046 704A     		ldr	r2, .L32+8
 263 0048 DA60     		str	r2, [r3, #12]
 264              	.L16:
 265              		.loc 1 484 0
 266 004a 019B     		ldr	r3, [sp, #4]
 267 004c 1B69     		ldr	r3, [r3, #16]
 268 004e 46F66802 		movw	r2, #26728
 269 0052 9A61     		str	r2, [r3, #24]
 270              		.loc 1 486 0
 271 0054 019B     		ldr	r3, [sp, #4]
 272 0056 1B69     		ldr	r3, [r3, #16]
 273 0058 46F66802 		movw	r2, #26728
 274 005c DA61     		str	r2, [r3, #28]
 275 005e 23E0     		b	.L17
ARM GAS  /tmp/ccau3ZSg.s 			page 6


 276              	.L15:
 277              		.loc 1 491 0
 278 0060 019B     		ldr	r3, [sp, #4]
 279 0062 1B69     		ldr	r3, [r3, #16]
 280 0064 0022     		movs	r2, #0
 281 0066 1A60     		str	r2, [r3]
 282              		.loc 1 492 0
 283 0068 019B     		ldr	r3, [sp, #4]
 284 006a 1B69     		ldr	r3, [r3, #16]
 285 006c 019A     		ldr	r2, [sp, #4]
 286 006e 5268     		ldr	r2, [r2, #4]
 287 0070 126B     		ldr	r2, [r2, #48]
 288 0072 22F0FF02 		bic	r2, r2, #255
 289 0076 DA60     		str	r2, [r3, #12]
 290              		.loc 1 494 0
 291 0078 019B     		ldr	r3, [sp, #4]
 292 007a 1B69     		ldr	r3, [r3, #16]
 293 007c 0022     		movs	r2, #0
 294 007e 1A61     		str	r2, [r3, #16]
 295              		.loc 1 495 0
 296 0080 019B     		ldr	r3, [sp, #4]
 297 0082 1B69     		ldr	r3, [r3, #16]
 298 0084 0022     		movs	r2, #0
 299 0086 5A63     		str	r2, [r3, #52]
 300              		.loc 1 496 0
 301 0088 019B     		ldr	r3, [sp, #4]
 302 008a 1B69     		ldr	r3, [r3, #16]
 303 008c 0022     		movs	r2, #0
 304 008e 9A63     		str	r2, [r3, #56]
 305              		.loc 1 497 0
 306 0090 019B     		ldr	r3, [sp, #4]
 307 0092 1B69     		ldr	r3, [r3, #16]
 308 0094 0022     		movs	r2, #0
 309 0096 DA63     		str	r2, [r3, #60]
 310              		.loc 1 498 0
 311 0098 019B     		ldr	r3, [sp, #4]
 312 009a 1B69     		ldr	r3, [r3, #16]
 313 009c 0022     		movs	r2, #0
 314 009e 1A64     		str	r2, [r3, #64]
 315              		.loc 1 499 0
 316 00a0 019B     		ldr	r3, [sp, #4]
 317 00a2 1B69     		ldr	r3, [r3, #16]
 318 00a4 0022     		movs	r2, #0
 319 00a6 5A62     		str	r2, [r3, #36]
 320              	.L17:
 321              		.loc 1 503 0
 322 00a8 019B     		ldr	r3, [sp, #4]
 323 00aa DA68     		ldr	r2, [r3, #12]
 324 00ac 019B     		ldr	r3, [sp, #4]
 325 00ae 5B68     		ldr	r3, [r3, #4]
 326 00b0 1B68     		ldr	r3, [r3]
 327 00b2 B2FBF3F3 		udiv	r3, r2, r3
 328 00b6 013B     		subs	r3, r3, #1
 329 00b8 0293     		str	r3, [sp, #8]
 330              		.loc 1 504 0
 331 00ba 029B     		ldr	r3, [sp, #8]
 332 00bc B3F5803F 		cmp	r3, #65536
ARM GAS  /tmp/ccau3ZSg.s 			page 7


 333 00c0 0AD2     		bcs	.L18
 334              		.loc 1 504 0 is_stmt 0 discriminator 2
 335 00c2 029B     		ldr	r3, [sp, #8]
 336 00c4 0133     		adds	r3, r3, #1
 337 00c6 019A     		ldr	r2, [sp, #4]
 338 00c8 5268     		ldr	r2, [r2, #4]
 339 00ca 1268     		ldr	r2, [r2]
 340 00cc 02FB03F2 		mul	r2, r2, r3
 341 00d0 019B     		ldr	r3, [sp, #4]
 342 00d2 DB68     		ldr	r3, [r3, #12]
 343 00d4 9A42     		cmp	r2, r3
 344 00d6 02D0     		beq	.L19
 345              	.L18:
 346              		.loc 1 504 0 discriminator 3
 347 00d8 4C48     		ldr	r0, .L32+12
 348 00da FFF7FEFF 		bl	chDbgPanic
 349              	.L19:
 350              		.loc 1 507 0 is_stmt 1
 351 00de 019B     		ldr	r3, [sp, #4]
 352 00e0 1B69     		ldr	r3, [r3, #16]
 353 00e2 029A     		ldr	r2, [sp, #8]
 354 00e4 92B2     		uxth	r2, r2
 355 00e6 9A62     		str	r2, [r3, #40]
 356              		.loc 1 508 0
 357 00e8 019B     		ldr	r3, [sp, #4]
 358 00ea 1B69     		ldr	r3, [r3, #16]
 359 00ec 019A     		ldr	r2, [sp, #4]
 360 00ee 1289     		ldrh	r2, [r2, #8]
 361 00f0 013A     		subs	r2, r2, #1
 362 00f2 92B2     		uxth	r2, r2
 363 00f4 DA62     		str	r2, [r3, #44]
 364              		.loc 1 509 0
 365 00f6 019B     		ldr	r3, [sp, #4]
 366 00f8 1B69     		ldr	r3, [r3, #16]
 367 00fa 019A     		ldr	r2, [sp, #4]
 368 00fc 5268     		ldr	r2, [r2, #4]
 369 00fe D26A     		ldr	r2, [r2, #44]
 370 0100 5A60     		str	r2, [r3, #4]
 371              		.loc 1 512 0
 372 0102 0023     		movs	r3, #0
 373 0104 ADF80E30 		strh	r3, [sp, #14]	@ movhi
 374              		.loc 1 513 0
 375 0108 019B     		ldr	r3, [sp, #4]
 376 010a 5B68     		ldr	r3, [r3, #4]
 377 010c DB68     		ldr	r3, [r3, #12]
 378 010e 03F00F03 		and	r3, r3, #15
 379 0112 012B     		cmp	r3, #1
 380 0114 07D0     		beq	.L21
 381 0116 022B     		cmp	r3, #2
 382 0118 0BD1     		bne	.L20
 383              		.loc 1 515 0
 384 011a BDF80E30 		ldrh	r3, [sp, #14]	@ movhi
 385 011e 43F00203 		orr	r3, r3, #2
 386 0122 ADF80E30 		strh	r3, [sp, #14]	@ movhi
 387              	.L21:
 388              		.loc 1 517 0
 389 0126 BDF80E30 		ldrh	r3, [sp, #14]	@ movhi
ARM GAS  /tmp/ccau3ZSg.s 			page 8


 390 012a 43F00103 		orr	r3, r3, #1
 391 012e ADF80E30 		strh	r3, [sp, #14]	@ movhi
 392              	.L20:
 393              		.loc 1 521 0
 394 0132 019B     		ldr	r3, [sp, #4]
 395 0134 5B68     		ldr	r3, [r3, #4]
 396 0136 5B69     		ldr	r3, [r3, #20]
 397 0138 03F00F03 		and	r3, r3, #15
 398 013c 012B     		cmp	r3, #1
 399 013e 07D0     		beq	.L24
 400 0140 022B     		cmp	r3, #2
 401 0142 0BD1     		bne	.L23
 402              		.loc 1 523 0
 403 0144 BDF80E30 		ldrh	r3, [sp, #14]	@ movhi
 404 0148 43F02003 		orr	r3, r3, #32
 405 014c ADF80E30 		strh	r3, [sp, #14]	@ movhi
 406              	.L24:
 407              		.loc 1 525 0
 408 0150 BDF80E30 		ldrh	r3, [sp, #14]	@ movhi
 409 0154 43F01003 		orr	r3, r3, #16
 410 0158 ADF80E30 		strh	r3, [sp, #14]	@ movhi
 411              	.L23:
 412              		.loc 1 529 0
 413 015c 019B     		ldr	r3, [sp, #4]
 414 015e 5B68     		ldr	r3, [r3, #4]
 415 0160 DB69     		ldr	r3, [r3, #28]
 416 0162 03F00F03 		and	r3, r3, #15
 417 0166 012B     		cmp	r3, #1
 418 0168 07D0     		beq	.L27
 419 016a 022B     		cmp	r3, #2
 420 016c 0BD1     		bne	.L26
 421              		.loc 1 531 0
 422 016e BDF80E30 		ldrh	r3, [sp, #14]	@ movhi
 423 0172 43F40073 		orr	r3, r3, #512
 424 0176 ADF80E30 		strh	r3, [sp, #14]	@ movhi
 425              	.L27:
 426              		.loc 1 533 0
 427 017a BDF80E30 		ldrh	r3, [sp, #14]	@ movhi
 428 017e 43F48073 		orr	r3, r3, #256
 429 0182 ADF80E30 		strh	r3, [sp, #14]	@ movhi
 430              	.L26:
 431              		.loc 1 537 0
 432 0186 019B     		ldr	r3, [sp, #4]
 433 0188 5B68     		ldr	r3, [r3, #4]
 434 018a 5B6A     		ldr	r3, [r3, #36]
 435 018c 03F00F03 		and	r3, r3, #15
 436 0190 012B     		cmp	r3, #1
 437 0192 07D0     		beq	.L30
 438 0194 022B     		cmp	r3, #2
 439 0196 0BD1     		bne	.L29
 440              		.loc 1 539 0
 441 0198 BDF80E30 		ldrh	r3, [sp, #14]	@ movhi
 442 019c 43F40053 		orr	r3, r3, #8192
 443 01a0 ADF80E30 		strh	r3, [sp, #14]	@ movhi
 444              	.L30:
 445              		.loc 1 541 0
 446 01a4 BDF80E30 		ldrh	r3, [sp, #14]	@ movhi
ARM GAS  /tmp/ccau3ZSg.s 			page 9


 447 01a8 43F48053 		orr	r3, r3, #4096
 448 01ac ADF80E30 		strh	r3, [sp, #14]	@ movhi
 449              	.L29:
 450              		.loc 1 582 0
 451 01b0 019B     		ldr	r3, [sp, #4]
 452 01b2 1B69     		ldr	r3, [r3, #16]
 453 01b4 BDF80E20 		ldrh	r2, [sp, #14]
 454 01b8 1A62     		str	r2, [r3, #32]
 455              		.loc 1 583 0
 456 01ba 019B     		ldr	r3, [sp, #4]
 457 01bc 1B69     		ldr	r3, [r3, #16]
 458 01be 0122     		movs	r2, #1
 459 01c0 5A61     		str	r2, [r3, #20]
 460              		.loc 1 584 0
 461 01c2 019B     		ldr	r3, [sp, #4]
 462 01c4 1B69     		ldr	r3, [r3, #16]
 463 01c6 019A     		ldr	r2, [sp, #4]
 464 01c8 1269     		ldr	r2, [r2, #16]
 465 01ca D268     		ldr	r2, [r2, #12]
 466 01cc 0199     		ldr	r1, [sp, #4]
 467 01ce 4968     		ldr	r1, [r1, #4]
 468 01d0 8968     		ldr	r1, [r1, #8]
 469 01d2 0029     		cmp	r1, #0
 470 01d4 14BF     		ite	ne
 471 01d6 0121     		movne	r1, #1
 472 01d8 0021     		moveq	r1, #0
 473 01da C9B2     		uxtb	r1, r1
 474 01dc 0A43     		orrs	r2, r2, r1
 475 01de DA60     		str	r2, [r3, #12]
 476              		.loc 1 585 0
 477 01e0 019B     		ldr	r3, [sp, #4]
 478 01e2 1B69     		ldr	r3, [r3, #16]
 479 01e4 0022     		movs	r2, #0
 480 01e6 1A61     		str	r2, [r3, #16]
 481              		.loc 1 590 0
 482 01e8 019B     		ldr	r3, [sp, #4]
 483 01ea 1B69     		ldr	r3, [r3, #16]
 484 01ec 4FF40042 		mov	r2, #32768
 485 01f0 5A64     		str	r2, [r3, #68]
 486              		.loc 1 594 0
 487 01f2 019B     		ldr	r3, [sp, #4]
 488 01f4 1B69     		ldr	r3, [r3, #16]
 489 01f6 8522     		movs	r2, #133
 490 01f8 1A60     		str	r2, [r3]
 491              		.loc 1 596 0
 492 01fa 05B0     		add	sp, sp, #20
 493              		.cfi_def_cfa_offset 4
 494              		@ sp needed
 495 01fc 5DF804FB 		ldr	pc, [sp], #4
 496              	.L33:
 497              		.align	2
 498              	.L32:
 499 0200 00000000 		.word	PWMD1
 500 0204 00100240 		.word	1073876992
 501 0208 00512502 		.word	36000000
 502 020c 00000000 		.word	.LC0
 503              		.cfi_endproc
ARM GAS  /tmp/ccau3ZSg.s 			page 10


 504              	.LFE121:
 505              		.size	pwm_lld_start, .-pwm_lld_start
 506              		.section	.text.pwm_lld_stop,"ax",%progbits
 507              		.align	2
 508              		.p2align 4,,15
 509              		.global	pwm_lld_stop
 510              		.thumb
 511              		.thumb_func
 512              		.type	pwm_lld_stop, %function
 513              	pwm_lld_stop:
 514              	.LFB122:
 515              		.loc 1 605 0
 516              		.cfi_startproc
 517              		@ args = 0, pretend = 0, frame = 8
 518              		@ frame_needed = 0, uses_anonymous_args = 0
 519 0000 00B5     		push	{lr}
 520              		.cfi_def_cfa_offset 4
 521              		.cfi_offset 14, -4
 522 0002 83B0     		sub	sp, sp, #12
 523              		.cfi_def_cfa_offset 16
 524 0004 0190     		str	r0, [sp, #4]
 525              		.loc 1 608 0
 526 0006 019B     		ldr	r3, [sp, #4]
 527 0008 1B78     		ldrb	r3, [r3]	@ zero_extendqisi2
 528 000a 022B     		cmp	r3, #2
 529 000c 1FD1     		bne	.L34
 530              		.loc 1 609 0
 531 000e 019B     		ldr	r3, [sp, #4]
 532 0010 1B69     		ldr	r3, [r3, #16]
 533 0012 0022     		movs	r2, #0
 534 0014 1A60     		str	r2, [r3]
 535              		.loc 1 610 0
 536 0016 019B     		ldr	r3, [sp, #4]
 537 0018 1B69     		ldr	r3, [r3, #16]
 538 001a 0022     		movs	r2, #0
 539 001c DA60     		str	r2, [r3, #12]
 540              		.loc 1 611 0
 541 001e 019B     		ldr	r3, [sp, #4]
 542 0020 1B69     		ldr	r3, [r3, #16]
 543 0022 0022     		movs	r2, #0
 544 0024 1A61     		str	r2, [r3, #16]
 545              		.loc 1 613 0
 546 0026 019B     		ldr	r3, [sp, #4]
 547 0028 1B69     		ldr	r3, [r3, #16]
 548 002a 0022     		movs	r2, #0
 549 002c 5A64     		str	r2, [r3, #68]
 550              		.loc 1 617 0
 551 002e 019B     		ldr	r3, [sp, #4]
 552 0030 084A     		ldr	r2, .L36
 553 0032 9342     		cmp	r3, r2
 554 0034 0BD1     		bne	.L34
 555              		.loc 1 618 0
 556 0036 1920     		movs	r0, #25
 557 0038 FFF7FEFF 		bl	nvicDisableVector
 558              		.loc 1 619 0
 559 003c 1B20     		movs	r0, #27
 560 003e FFF7FEFF 		bl	nvicDisableVector
ARM GAS  /tmp/ccau3ZSg.s 			page 11


 561              		.loc 1 620 0
 562 0042 054A     		ldr	r2, .L36+4
 563 0044 044B     		ldr	r3, .L36+4
 564 0046 9B69     		ldr	r3, [r3, #24]
 565 0048 23F40063 		bic	r3, r3, #2048
 566 004c 9361     		str	r3, [r2, #24]
 567              	.L34:
 568              		.loc 1 661 0
 569 004e 03B0     		add	sp, sp, #12
 570              		.cfi_def_cfa_offset 4
 571              		@ sp needed
 572 0050 5DF804FB 		ldr	pc, [sp], #4
 573              	.L37:
 574              		.align	2
 575              	.L36:
 576 0054 00000000 		.word	PWMD1
 577 0058 00100240 		.word	1073876992
 578              		.cfi_endproc
 579              	.LFE122:
 580              		.size	pwm_lld_stop, .-pwm_lld_stop
 581 005c AFF30080 		.section	.text.pwm_lld_enable_channel,"ax",%progbits
 582              		.align	2
 583              		.p2align 4,,15
 584              		.global	pwm_lld_enable_channel
 585              		.thumb
 586              		.thumb_func
 587              		.type	pwm_lld_enable_channel, %function
 588              	pwm_lld_enable_channel:
 589              	.LFB123:
 590              		.loc 1 677 0
 591              		.cfi_startproc
 592              		@ args = 0, pretend = 0, frame = 16
 593              		@ frame_needed = 0, uses_anonymous_args = 0
 594              		@ link register save eliminated.
 595 0000 84B0     		sub	sp, sp, #16
 596              		.cfi_def_cfa_offset 16
 597 0002 0190     		str	r0, [sp, #4]
 598 0004 0B46     		mov	r3, r1
 599 0006 8DF80330 		strb	r3, [sp, #3]
 600 000a 1346     		mov	r3, r2	@ movhi
 601 000c ADF80030 		strh	r3, [sp]	@ movhi
 602              		.loc 1 679 0
 603 0010 019B     		ldr	r3, [sp, #4]
 604 0012 1969     		ldr	r1, [r3, #16]
 605 0014 9DF80330 		ldrb	r3, [sp, #3]	@ zero_extendqisi2
 606 0018 BDF80020 		ldrh	r2, [sp]
 607 001c 0C33     		adds	r3, r3, #12
 608 001e 9B00     		lsls	r3, r3, #2
 609 0020 0B44     		add	r3, r3, r1
 610 0022 5A60     		str	r2, [r3, #4]
 611              		.loc 1 682 0
 612 0024 019B     		ldr	r3, [sp, #4]
 613 0026 5A68     		ldr	r2, [r3, #4]
 614 0028 9DF80330 		ldrb	r3, [sp, #3]	@ zero_extendqisi2
 615 002c 0133     		adds	r3, r3, #1
 616 002e DB00     		lsls	r3, r3, #3
 617 0030 1344     		add	r3, r3, r2
ARM GAS  /tmp/ccau3ZSg.s 			page 12


 618 0032 9B68     		ldr	r3, [r3, #8]
 619 0034 002B     		cmp	r3, #0
 620 0036 21D0     		beq	.L38
 621              	.LBB2:
 622              		.loc 1 683 0
 623 0038 019B     		ldr	r3, [sp, #4]
 624 003a 1B69     		ldr	r3, [r3, #16]
 625 003c DB68     		ldr	r3, [r3, #12]
 626 003e 0393     		str	r3, [sp, #12]
 627              		.loc 1 686 0
 628 0040 9DF80330 		ldrb	r3, [sp, #3]	@ zero_extendqisi2
 629 0044 0222     		movs	r2, #2
 630 0046 02FA03F3 		lsl	r3, r2, r3
 631 004a 1A46     		mov	r2, r3
 632 004c 039B     		ldr	r3, [sp, #12]
 633 004e 1340     		ands	r3, r3, r2
 634 0050 002B     		cmp	r3, #0
 635 0052 13D1     		bne	.L38
 636              		.loc 1 687 0
 637 0054 019B     		ldr	r3, [sp, #4]
 638 0056 1B69     		ldr	r3, [r3, #16]
 639 0058 9DF80320 		ldrb	r2, [sp, #3]	@ zero_extendqisi2
 640 005c 0221     		movs	r1, #2
 641 005e 01FA02F2 		lsl	r2, r1, r2
 642 0062 1146     		mov	r1, r2
 643 0064 039A     		ldr	r2, [sp, #12]
 644 0066 0A43     		orrs	r2, r2, r1
 645 0068 DA60     		str	r2, [r3, #12]
 646              		.loc 1 688 0
 647 006a 019B     		ldr	r3, [sp, #4]
 648 006c 1B69     		ldr	r3, [r3, #16]
 649 006e 9DF80320 		ldrb	r2, [sp, #3]	@ zero_extendqisi2
 650 0072 0221     		movs	r1, #2
 651 0074 01FA02F2 		lsl	r2, r1, r2
 652 0078 D243     		mvns	r2, r2
 653 007a 1A61     		str	r2, [r3, #16]
 654              	.L38:
 655              	.LBE2:
 656              		.loc 1 691 0
 657 007c 04B0     		add	sp, sp, #16
 658              		.cfi_def_cfa_offset 0
 659              		@ sp needed
 660 007e 7047     		bx	lr
 661              		.cfi_endproc
 662              	.LFE123:
 663              		.size	pwm_lld_enable_channel, .-pwm_lld_enable_channel
 664              		.section	.text.pwm_lld_disable_channel,"ax",%progbits
 665              		.align	2
 666              		.p2align 4,,15
 667              		.global	pwm_lld_disable_channel
 668              		.thumb
 669              		.thumb_func
 670              		.type	pwm_lld_disable_channel, %function
 671              	pwm_lld_disable_channel:
 672              	.LFB124:
 673              		.loc 1 705 0
 674              		.cfi_startproc
ARM GAS  /tmp/ccau3ZSg.s 			page 13


 675              		@ args = 0, pretend = 0, frame = 8
 676              		@ frame_needed = 0, uses_anonymous_args = 0
 677              		@ link register save eliminated.
 678 0000 82B0     		sub	sp, sp, #8
 679              		.cfi_def_cfa_offset 8
 680 0002 0190     		str	r0, [sp, #4]
 681 0004 0B46     		mov	r3, r1
 682 0006 8DF80330 		strb	r3, [sp, #3]
 683              		.loc 1 707 0
 684 000a 019B     		ldr	r3, [sp, #4]
 685 000c 1A69     		ldr	r2, [r3, #16]
 686 000e 9DF80330 		ldrb	r3, [sp, #3]	@ zero_extendqisi2
 687 0012 0C33     		adds	r3, r3, #12
 688 0014 9B00     		lsls	r3, r3, #2
 689 0016 1344     		add	r3, r3, r2
 690 0018 0022     		movs	r2, #0
 691 001a 5A60     		str	r2, [r3, #4]
 692              		.loc 1 708 0
 693 001c 019B     		ldr	r3, [sp, #4]
 694 001e 1B69     		ldr	r3, [r3, #16]
 695 0020 019A     		ldr	r2, [sp, #4]
 696 0022 1269     		ldr	r2, [r2, #16]
 697 0024 D268     		ldr	r2, [r2, #12]
 698 0026 9DF80310 		ldrb	r1, [sp, #3]	@ zero_extendqisi2
 699 002a 0220     		movs	r0, #2
 700 002c 00FA01F1 		lsl	r1, r0, r1
 701 0030 C943     		mvns	r1, r1
 702 0032 0A40     		ands	r2, r2, r1
 703 0034 DA60     		str	r2, [r3, #12]
 704              		.loc 1 709 0
 705 0036 02B0     		add	sp, sp, #8
 706              		.cfi_def_cfa_offset 0
 707              		@ sp needed
 708 0038 7047     		bx	lr
 709              		.cfi_endproc
 710              	.LFE124:
 711              		.size	pwm_lld_disable_channel, .-pwm_lld_disable_channel
 712 003a 00BFAFF3 		.text
 712      0080
 713              	.Letext0:
 714              		.file 2 "/home/denny/r2p-sdk/tools/gcc-arm-none-eabi-4_9-2014q4/arm-none-eabi/include/machine/_def
 715              		.file 3 "/home/denny/r2p-sdk/tools/gcc-arm-none-eabi-4_9-2014q4/arm-none-eabi/include/stdint.h"
 716              		.file 4 "/home/denny/r2p-sdk/core/ChibiOS/os/hal/platforms/STM32F30x/stm32f30x.h"
 717              		.file 5 "/home/denny/r2p-sdk/core/ChibiOS/os/hal/include/pwm.h"
 718              		.file 6 "/home/denny/r2p-sdk/core/ChibiOS/os/hal/platforms/STM32/TIMv1/pwm_lld.h"
 719              		.file 7 "/home/denny/r2p-sdk/core/ChibiOS/os/hal/platforms/STM32/TIMv1/stm32_tim.h"
 720              		.file 8 "/home/denny/r2p-sdk/core/ChibiOS/os/ports/common/ARMCMx/CMSIS/include/core_cm4.h"
 721              		.section	.debug_info,"",%progbits
 722              	.Ldebug_info0:
 723 0000 AD050000 		.4byte	0x5ad
 724 0004 0400     		.2byte	0x4
 725 0006 00000000 		.4byte	.Ldebug_abbrev0
 726 000a 04       		.byte	0x4
 727 000b 01       		.uleb128 0x1
 728 000c 75000000 		.4byte	.LASF75
 729 0010 01       		.byte	0x1
 730 0011 F2010000 		.4byte	.LASF76
ARM GAS  /tmp/ccau3ZSg.s 			page 14


 731 0015 00000000 		.4byte	.Ldebug_ranges0+0
 732 0019 00000000 		.4byte	0
 733 001d 00000000 		.4byte	.Ldebug_line0
 734 0021 02       		.uleb128 0x2
 735 0022 04       		.byte	0x4
 736 0023 05       		.byte	0x5
 737 0024 696E7400 		.ascii	"int\000"
 738 0028 03       		.uleb128 0x3
 739 0029 04       		.byte	0x4
 740 002a 07       		.byte	0x7
 741 002b E7020000 		.4byte	.LASF0
 742 002f 03       		.uleb128 0x3
 743 0030 01       		.byte	0x1
 744 0031 06       		.byte	0x6
 745 0032 C4020000 		.4byte	.LASF1
 746 0036 04       		.uleb128 0x4
 747 0037 54020000 		.4byte	.LASF4
 748 003b 02       		.byte	0x2
 749 003c 1D       		.byte	0x1d
 750 003d 41000000 		.4byte	0x41
 751 0041 03       		.uleb128 0x3
 752 0042 01       		.byte	0x1
 753 0043 08       		.byte	0x8
 754 0044 97020000 		.4byte	.LASF2
 755 0048 03       		.uleb128 0x3
 756 0049 02       		.byte	0x2
 757 004a 05       		.byte	0x5
 758 004b 2C000000 		.4byte	.LASF3
 759 004f 04       		.uleb128 0x4
 760 0050 6A000000 		.4byte	.LASF5
 761 0054 02       		.byte	0x2
 762 0055 2B       		.byte	0x2b
 763 0056 5A000000 		.4byte	0x5a
 764 005a 03       		.uleb128 0x3
 765 005b 02       		.byte	0x2
 766 005c 07       		.byte	0x7
 767 005d 11030000 		.4byte	.LASF6
 768 0061 04       		.uleb128 0x4
 769 0062 A4030000 		.4byte	.LASF7
 770 0066 02       		.byte	0x2
 771 0067 3F       		.byte	0x3f
 772 0068 6C000000 		.4byte	0x6c
 773 006c 03       		.uleb128 0x3
 774 006d 04       		.byte	0x4
 775 006e 05       		.byte	0x5
 776 006f E9010000 		.4byte	.LASF8
 777 0073 04       		.uleb128 0x4
 778 0074 5A000000 		.4byte	.LASF9
 779 0078 02       		.byte	0x2
 780 0079 41       		.byte	0x41
 781 007a 7E000000 		.4byte	0x7e
 782 007e 03       		.uleb128 0x3
 783 007f 04       		.byte	0x4
 784 0080 07       		.byte	0x7
 785 0081 74030000 		.4byte	.LASF10
 786 0085 03       		.uleb128 0x3
 787 0086 08       		.byte	0x8
ARM GAS  /tmp/ccau3ZSg.s 			page 15


 788 0087 05       		.byte	0x5
 789 0088 DB010000 		.4byte	.LASF11
 790 008c 03       		.uleb128 0x3
 791 008d 08       		.byte	0x8
 792 008e 07       		.byte	0x7
 793 008f D0020000 		.4byte	.LASF12
 794 0093 04       		.uleb128 0x4
 795 0094 A3010000 		.4byte	.LASF13
 796 0098 03       		.byte	0x3
 797 0099 15       		.byte	0x15
 798 009a 36000000 		.4byte	0x36
 799 009e 04       		.uleb128 0x4
 800 009f 36030000 		.4byte	.LASF14
 801 00a3 03       		.byte	0x3
 802 00a4 21       		.byte	0x21
 803 00a5 4F000000 		.4byte	0x4f
 804 00a9 04       		.uleb128 0x4
 805 00aa 55030000 		.4byte	.LASF15
 806 00ae 03       		.byte	0x3
 807 00af 2C       		.byte	0x2c
 808 00b0 61000000 		.4byte	0x61
 809 00b4 04       		.uleb128 0x4
 810 00b5 B3010000 		.4byte	.LASF16
 811 00b9 03       		.byte	0x3
 812 00ba 2D       		.byte	0x2d
 813 00bb 73000000 		.4byte	0x73
 814 00bf 03       		.uleb128 0x3
 815 00c0 01       		.byte	0x1
 816 00c1 02       		.byte	0x2
 817 00c2 5D030000 		.4byte	.LASF17
 818 00c6 05       		.uleb128 0x5
 819 00c7 B4000000 		.4byte	0xb4
 820 00cb 03       		.uleb128 0x3
 821 00cc 04       		.byte	0x4
 822 00cd 07       		.byte	0x7
 823 00ce 3F000000 		.4byte	.LASF18
 824 00d2 03       		.uleb128 0x3
 825 00d3 01       		.byte	0x1
 826 00d4 08       		.byte	0x8
 827 00d5 31030000 		.4byte	.LASF19
 828 00d9 06       		.uleb128 0x6
 829 00da B4000000 		.4byte	0xb4
 830 00de E9000000 		.4byte	0xe9
 831 00e2 07       		.uleb128 0x7
 832 00e3 CB000000 		.4byte	0xcb
 833 00e7 03       		.byte	0x3
 834 00e8 00       		.byte	0
 835 00e9 05       		.uleb128 0x5
 836 00ea A9000000 		.4byte	0xa9
 837 00ee 08       		.uleb128 0x8
 838 00ef 34       		.byte	0x34
 839 00f0 04       		.byte	0x4
 840 00f1 8502     		.2byte	0x285
 841 00f3 A0010000 		.4byte	0x1a0
 842 00f7 09       		.uleb128 0x9
 843 00f8 435200   		.ascii	"CR\000"
 844 00fb 04       		.byte	0x4
ARM GAS  /tmp/ccau3ZSg.s 			page 16


 845 00fc 8702     		.2byte	0x287
 846 00fe C6000000 		.4byte	0xc6
 847 0102 00       		.byte	0
 848 0103 0A       		.uleb128 0xa
 849 0104 95010000 		.4byte	.LASF20
 850 0108 04       		.byte	0x4
 851 0109 8802     		.2byte	0x288
 852 010b C6000000 		.4byte	0xc6
 853 010f 04       		.byte	0x4
 854 0110 09       		.uleb128 0x9
 855 0111 43495200 		.ascii	"CIR\000"
 856 0115 04       		.byte	0x4
 857 0116 8902     		.2byte	0x289
 858 0118 C6000000 		.4byte	0xc6
 859 011c 08       		.byte	0x8
 860 011d 0A       		.uleb128 0xa
 861 011e 4B020000 		.4byte	.LASF21
 862 0122 04       		.byte	0x4
 863 0123 8A02     		.2byte	0x28a
 864 0125 C6000000 		.4byte	0xc6
 865 0129 0C       		.byte	0xc
 866 012a 0A       		.uleb128 0xa
 867 012b 12000000 		.4byte	.LASF22
 868 012f 04       		.byte	0x4
 869 0130 8B02     		.2byte	0x28b
 870 0132 C6000000 		.4byte	0xc6
 871 0136 10       		.byte	0x10
 872 0137 0A       		.uleb128 0xa
 873 0138 00030000 		.4byte	.LASF23
 874 013c 04       		.byte	0x4
 875 013d 8C02     		.2byte	0x28c
 876 013f C6000000 		.4byte	0xc6
 877 0143 14       		.byte	0x14
 878 0144 0A       		.uleb128 0xa
 879 0145 BC020000 		.4byte	.LASF24
 880 0149 04       		.byte	0x4
 881 014a 8D02     		.2byte	0x28d
 882 014c C6000000 		.4byte	0xc6
 883 0150 18       		.byte	0x18
 884 0151 0A       		.uleb128 0xa
 885 0152 AB010000 		.4byte	.LASF25
 886 0156 04       		.byte	0x4
 887 0157 8E02     		.2byte	0x28e
 888 0159 C6000000 		.4byte	0xc6
 889 015d 1C       		.byte	0x1c
 890 015e 0A       		.uleb128 0xa
 891 015f 48000000 		.4byte	.LASF26
 892 0163 04       		.byte	0x4
 893 0164 8F02     		.2byte	0x28f
 894 0166 C6000000 		.4byte	0xc6
 895 016a 20       		.byte	0x20
 896 016b 09       		.uleb128 0x9
 897 016c 43535200 		.ascii	"CSR\000"
 898 0170 04       		.byte	0x4
 899 0171 9002     		.2byte	0x290
 900 0173 C6000000 		.4byte	0xc6
 901 0177 24       		.byte	0x24
ARM GAS  /tmp/ccau3ZSg.s 			page 17


 902 0178 0A       		.uleb128 0xa
 903 0179 D3010000 		.4byte	.LASF27
 904 017d 04       		.byte	0x4
 905 017e 9102     		.2byte	0x291
 906 0180 C6000000 		.4byte	0xc6
 907 0184 28       		.byte	0x28
 908 0185 0A       		.uleb128 0xa
 909 0186 F4020000 		.4byte	.LASF28
 910 018a 04       		.byte	0x4
 911 018b 9202     		.2byte	0x292
 912 018d C6000000 		.4byte	0xc6
 913 0191 2C       		.byte	0x2c
 914 0192 0A       		.uleb128 0xa
 915 0193 FA020000 		.4byte	.LASF29
 916 0197 04       		.byte	0x4
 917 0198 9302     		.2byte	0x293
 918 019a C6000000 		.4byte	0xc6
 919 019e 30       		.byte	0x30
 920 019f 00       		.byte	0
 921 01a0 0B       		.uleb128 0xb
 922 01a1 C7010000 		.4byte	.LASF30
 923 01a5 04       		.byte	0x4
 924 01a6 9402     		.2byte	0x294
 925 01a8 EE000000 		.4byte	0xee
 926 01ac 0C       		.uleb128 0xc
 927 01ad 01       		.byte	0x1
 928 01ae 05       		.byte	0x5
 929 01af 55       		.byte	0x55
 930 01b0 C7010000 		.4byte	0x1c7
 931 01b4 0D       		.uleb128 0xd
 932 01b5 8C020000 		.4byte	.LASF31
 933 01b9 00       		.sleb128 0
 934 01ba 0D       		.uleb128 0xd
 935 01bb B8030000 		.4byte	.LASF32
 936 01bf 01       		.sleb128 1
 937 01c0 0D       		.uleb128 0xd
 938 01c1 AE030000 		.4byte	.LASF33
 939 01c5 02       		.sleb128 2
 940 01c6 00       		.byte	0
 941 01c7 04       		.uleb128 0x4
 942 01c8 07040000 		.4byte	.LASF34
 943 01cc 05       		.byte	0x5
 944 01cd 59       		.byte	0x59
 945 01ce AC010000 		.4byte	0x1ac
 946 01d2 04       		.uleb128 0x4
 947 01d3 4B030000 		.4byte	.LASF35
 948 01d7 05       		.byte	0x5
 949 01d8 5E       		.byte	0x5e
 950 01d9 DD010000 		.4byte	0x1dd
 951 01dd 0E       		.uleb128 0xe
 952 01de 4B030000 		.4byte	.LASF35
 953 01e2 14       		.byte	0x14
 954 01e3 06       		.byte	0x6
 955 01e4 6F01     		.2byte	0x16f
 956 01e6 2C020000 		.4byte	0x22c
 957 01ea 0A       		.uleb128 0xa
 958 01eb 20000000 		.4byte	.LASF36
ARM GAS  /tmp/ccau3ZSg.s 			page 18


 959 01ef 06       		.byte	0x6
 960 01f0 7301     		.2byte	0x173
 961 01f2 C7010000 		.4byte	0x1c7
 962 01f6 00       		.byte	0
 963 01f7 0A       		.uleb128 0xa
 964 01f8 8E010000 		.4byte	.LASF37
 965 01fc 06       		.byte	0x6
 966 01fd 7701     		.2byte	0x177
 967 01ff 40040000 		.4byte	0x440
 968 0203 04       		.byte	0x4
 969 0204 0A       		.uleb128 0xa
 970 0205 44020000 		.4byte	.LASF38
 971 0209 06       		.byte	0x6
 972 020a 7B01     		.2byte	0x17b
 973 020c 90030000 		.4byte	0x390
 974 0210 08       		.byte	0x8
 975 0211 0A       		.uleb128 0xa
 976 0212 86030000 		.4byte	.LASF39
 977 0216 06       		.byte	0x6
 978 0217 8301     		.2byte	0x183
 979 0219 B4000000 		.4byte	0xb4
 980 021d 0C       		.byte	0xc
 981 021e 09       		.uleb128 0x9
 982 021f 74696D00 		.ascii	"tim\000"
 983 0223 06       		.byte	0x6
 984 0224 8701     		.2byte	0x187
 985 0226 4B040000 		.4byte	0x44b
 986 022a 10       		.byte	0x10
 987 022b 00       		.byte	0
 988 022c 04       		.uleb128 0x4
 989 022d 12040000 		.4byte	.LASF40
 990 0231 05       		.byte	0x5
 991 0232 65       		.byte	0x65
 992 0233 37020000 		.4byte	0x237
 993 0237 0F       		.uleb128 0xf
 994 0238 04       		.byte	0x4
 995 0239 3D020000 		.4byte	0x23d
 996 023d 10       		.uleb128 0x10
 997 023e 48020000 		.4byte	0x248
 998 0242 11       		.uleb128 0x11
 999 0243 48020000 		.4byte	0x248
 1000 0247 00       		.byte	0
 1001 0248 0F       		.uleb128 0xf
 1002 0249 04       		.byte	0x4
 1003 024a D2010000 		.4byte	0x1d2
 1004 024e 08       		.uleb128 0x8
 1005 024f 60       		.byte	0x60
 1006 0250 07       		.byte	0x7
 1007 0251 9E01     		.2byte	0x19e
 1008 0253 67030000 		.4byte	0x367
 1009 0257 09       		.uleb128 0x9
 1010 0258 43523100 		.ascii	"CR1\000"
 1011 025c 07       		.byte	0x7
 1012 025d 9F01     		.2byte	0x19f
 1013 025f C6000000 		.4byte	0xc6
 1014 0263 00       		.byte	0
 1015 0264 09       		.uleb128 0x9
ARM GAS  /tmp/ccau3ZSg.s 			page 19


 1016 0265 43523200 		.ascii	"CR2\000"
 1017 0269 07       		.byte	0x7
 1018 026a A001     		.2byte	0x1a0
 1019 026c C6000000 		.4byte	0xc6
 1020 0270 04       		.byte	0x4
 1021 0271 0A       		.uleb128 0xa
 1022 0272 87020000 		.4byte	.LASF41
 1023 0276 07       		.byte	0x7
 1024 0277 A101     		.2byte	0x1a1
 1025 0279 C6000000 		.4byte	0xc6
 1026 027d 08       		.byte	0x8
 1027 027e 0A       		.uleb128 0xa
 1028 027f 0C030000 		.4byte	.LASF42
 1029 0283 07       		.byte	0x7
 1030 0284 A201     		.2byte	0x1a2
 1031 0286 C6000000 		.4byte	0xc6
 1032 028a 0C       		.byte	0xc
 1033 028b 09       		.uleb128 0x9
 1034 028c 535200   		.ascii	"SR\000"
 1035 028f 07       		.byte	0x7
 1036 0290 A301     		.2byte	0x1a3
 1037 0292 C6000000 		.4byte	0xc6
 1038 0296 10       		.byte	0x10
 1039 0297 09       		.uleb128 0x9
 1040 0298 45475200 		.ascii	"EGR\000"
 1041 029c 07       		.byte	0x7
 1042 029d A401     		.2byte	0x1a4
 1043 029f C6000000 		.4byte	0xc6
 1044 02a3 14       		.byte	0x14
 1045 02a4 0A       		.uleb128 0xa
 1046 02a5 5E020000 		.4byte	.LASF43
 1047 02a9 07       		.byte	0x7
 1048 02aa A501     		.2byte	0x1a5
 1049 02ac C6000000 		.4byte	0xc6
 1050 02b0 18       		.byte	0x18
 1051 02b1 0A       		.uleb128 0xa
 1052 02b2 26000000 		.4byte	.LASF44
 1053 02b6 07       		.byte	0x7
 1054 02b7 A601     		.2byte	0x1a6
 1055 02b9 C6000000 		.4byte	0xc6
 1056 02bd 1C       		.byte	0x1c
 1057 02be 0A       		.uleb128 0xa
 1058 02bf 00000000 		.4byte	.LASF45
 1059 02c3 07       		.byte	0x7
 1060 02c4 A701     		.2byte	0x1a7
 1061 02c6 C6000000 		.4byte	0xc6
 1062 02ca 20       		.byte	0x20
 1063 02cb 09       		.uleb128 0x9
 1064 02cc 434E5400 		.ascii	"CNT\000"
 1065 02d0 07       		.byte	0x7
 1066 02d1 A801     		.2byte	0x1a8
 1067 02d3 C6000000 		.4byte	0xc6
 1068 02d7 24       		.byte	0x24
 1069 02d8 09       		.uleb128 0x9
 1070 02d9 50534300 		.ascii	"PSC\000"
 1071 02dd 07       		.byte	0x7
 1072 02de A901     		.2byte	0x1a9
ARM GAS  /tmp/ccau3ZSg.s 			page 20


 1073 02e0 C6000000 		.4byte	0xc6
 1074 02e4 28       		.byte	0x28
 1075 02e5 09       		.uleb128 0x9
 1076 02e6 41525200 		.ascii	"ARR\000"
 1077 02ea 07       		.byte	0x7
 1078 02eb AA01     		.2byte	0x1aa
 1079 02ed C6000000 		.4byte	0xc6
 1080 02f1 2C       		.byte	0x2c
 1081 02f2 09       		.uleb128 0x9
 1082 02f3 52435200 		.ascii	"RCR\000"
 1083 02f7 07       		.byte	0x7
 1084 02f8 AB01     		.2byte	0x1ab
 1085 02fa C6000000 		.4byte	0xc6
 1086 02fe 30       		.byte	0x30
 1087 02ff 09       		.uleb128 0x9
 1088 0300 43435200 		.ascii	"CCR\000"
 1089 0304 07       		.byte	0x7
 1090 0305 AC01     		.2byte	0x1ac
 1091 0307 67030000 		.4byte	0x367
 1092 030b 34       		.byte	0x34
 1093 030c 0A       		.uleb128 0xa
 1094 030d 07030000 		.4byte	.LASF46
 1095 0311 07       		.byte	0x7
 1096 0312 AD01     		.2byte	0x1ad
 1097 0314 C6000000 		.4byte	0xc6
 1098 0318 44       		.byte	0x44
 1099 0319 09       		.uleb128 0x9
 1100 031a 44435200 		.ascii	"DCR\000"
 1101 031e 07       		.byte	0x7
 1102 031f AE01     		.2byte	0x1ae
 1103 0321 C6000000 		.4byte	0xc6
 1104 0325 48       		.byte	0x48
 1105 0326 0A       		.uleb128 0xa
 1106 0327 1B000000 		.4byte	.LASF47
 1107 032b 07       		.byte	0x7
 1108 032c AF01     		.2byte	0x1af
 1109 032e C6000000 		.4byte	0xc6
 1110 0332 4C       		.byte	0x4c
 1111 0333 09       		.uleb128 0x9
 1112 0334 4F5200   		.ascii	"OR\000"
 1113 0337 07       		.byte	0x7
 1114 0338 B001     		.2byte	0x1b0
 1115 033a C6000000 		.4byte	0xc6
 1116 033e 50       		.byte	0x50
 1117 033f 0A       		.uleb128 0xa
 1118 0340 7C020000 		.4byte	.LASF48
 1119 0344 07       		.byte	0x7
 1120 0345 B101     		.2byte	0x1b1
 1121 0347 C6000000 		.4byte	0xc6
 1122 034b 54       		.byte	0x54
 1123 034c 0A       		.uleb128 0xa
 1124 034d 3A020000 		.4byte	.LASF49
 1125 0351 07       		.byte	0x7
 1126 0352 B201     		.2byte	0x1b2
 1127 0354 C6000000 		.4byte	0xc6
 1128 0358 58       		.byte	0x58
 1129 0359 0A       		.uleb128 0xa
ARM GAS  /tmp/ccau3ZSg.s 			page 21


 1130 035a 3F020000 		.4byte	.LASF50
 1131 035e 07       		.byte	0x7
 1132 035f B301     		.2byte	0x1b3
 1133 0361 C6000000 		.4byte	0xc6
 1134 0365 5C       		.byte	0x5c
 1135 0366 00       		.byte	0
 1136 0367 05       		.uleb128 0x5
 1137 0368 D9000000 		.4byte	0xd9
 1138 036c 0B       		.uleb128 0xb
 1139 036d 3F030000 		.4byte	.LASF51
 1140 0371 07       		.byte	0x7
 1141 0372 B401     		.2byte	0x1b4
 1142 0374 4E020000 		.4byte	0x24e
 1143 0378 0B       		.uleb128 0xb
 1144 0379 F0030000 		.4byte	.LASF52
 1145 037d 06       		.byte	0x6
 1146 037e 2001     		.2byte	0x120
 1147 0380 B4000000 		.4byte	0xb4
 1148 0384 0B       		.uleb128 0xb
 1149 0385 4D000000 		.4byte	.LASF53
 1150 0389 06       		.byte	0x6
 1151 038a 2501     		.2byte	0x125
 1152 038c 93000000 		.4byte	0x93
 1153 0390 0B       		.uleb128 0xb
 1154 0391 36000000 		.4byte	.LASF54
 1155 0395 06       		.byte	0x6
 1156 0396 2A01     		.2byte	0x12a
 1157 0398 9E000000 		.4byte	0x9e
 1158 039c 08       		.uleb128 0x8
 1159 039d 08       		.byte	0x8
 1160 039e 06       		.byte	0x6
 1161 039f 2F01     		.2byte	0x12f
 1162 03a1 C0030000 		.4byte	0x3c0
 1163 03a5 0A       		.uleb128 0xa
 1164 03a6 65000000 		.4byte	.LASF55
 1165 03aa 06       		.byte	0x6
 1166 03ab 3301     		.2byte	0x133
 1167 03ad 78030000 		.4byte	0x378
 1168 03b1 00       		.byte	0
 1169 03b2 0A       		.uleb128 0xa
 1170 03b3 20040000 		.4byte	.LASF56
 1171 03b7 06       		.byte	0x6
 1172 03b8 3901     		.2byte	0x139
 1173 03ba 2C020000 		.4byte	0x22c
 1174 03be 04       		.byte	0x4
 1175 03bf 00       		.byte	0
 1176 03c0 0B       		.uleb128 0xb
 1177 03c1 D6030000 		.4byte	.LASF57
 1178 03c5 06       		.byte	0x6
 1179 03c6 3B01     		.2byte	0x13b
 1180 03c8 9C030000 		.4byte	0x39c
 1181 03cc 08       		.uleb128 0x8
 1182 03cd 34       		.byte	0x34
 1183 03ce 06       		.byte	0x6
 1184 03cf 4001     		.2byte	0x140
 1185 03d1 24040000 		.4byte	0x424
 1186 03d5 0A       		.uleb128 0xa
ARM GAS  /tmp/ccau3ZSg.s 			page 22


 1187 03d6 C6030000 		.4byte	.LASF58
 1188 03da 06       		.byte	0x6
 1189 03db 4601     		.2byte	0x146
 1190 03dd B4000000 		.4byte	0xb4
 1191 03e1 00       		.byte	0
 1192 03e2 0A       		.uleb128 0xa
 1193 03e3 44020000 		.4byte	.LASF38
 1194 03e7 06       		.byte	0x6
 1195 03e8 4C01     		.2byte	0x14c
 1196 03ea 90030000 		.4byte	0x390
 1197 03ee 04       		.byte	0x4
 1198 03ef 0A       		.uleb128 0xa
 1199 03f0 20040000 		.4byte	.LASF56
 1200 03f4 06       		.byte	0x6
 1201 03f5 5201     		.2byte	0x152
 1202 03f7 2C020000 		.4byte	0x22c
 1203 03fb 08       		.byte	0x8
 1204 03fc 0A       		.uleb128 0xa
 1205 03fd 6B030000 		.4byte	.LASF59
 1206 0401 06       		.byte	0x6
 1207 0402 5601     		.2byte	0x156
 1208 0404 24040000 		.4byte	0x424
 1209 0408 0C       		.byte	0xc
 1210 0409 09       		.uleb128 0x9
 1211 040a 63723200 		.ascii	"cr2\000"
 1212 040e 06       		.byte	0x6
 1213 040f 5C01     		.2byte	0x15c
 1214 0411 B4000000 		.4byte	0xb4
 1215 0415 2C       		.byte	0x2c
 1216 0416 0A       		.uleb128 0xa
 1217 0417 C1030000 		.4byte	.LASF60
 1218 041b 06       		.byte	0x6
 1219 041c 6901     		.2byte	0x169
 1220 041e B4000000 		.4byte	0xb4
 1221 0422 30       		.byte	0x30
 1222 0423 00       		.byte	0
 1223 0424 06       		.uleb128 0x6
 1224 0425 C0030000 		.4byte	0x3c0
 1225 0429 34040000 		.4byte	0x434
 1226 042d 07       		.uleb128 0x7
 1227 042e CB000000 		.4byte	0xcb
 1228 0432 03       		.byte	0x3
 1229 0433 00       		.byte	0
 1230 0434 0B       		.uleb128 0xb
 1231 0435 72020000 		.4byte	.LASF61
 1232 0439 06       		.byte	0x6
 1233 043a 6A01     		.2byte	0x16a
 1234 043c CC030000 		.4byte	0x3cc
 1235 0440 0F       		.uleb128 0xf
 1236 0441 04       		.byte	0x4
 1237 0442 46040000 		.4byte	0x446
 1238 0446 12       		.uleb128 0x12
 1239 0447 34040000 		.4byte	0x434
 1240 044b 0F       		.uleb128 0xf
 1241 044c 04       		.byte	0x4
 1242 044d 6C030000 		.4byte	0x36c
 1243 0451 13       		.uleb128 0x13
ARM GAS  /tmp/ccau3ZSg.s 			page 23


 1244 0452 E7030000 		.4byte	.LASF62
 1245 0456 01       		.byte	0x1
 1246 0457 93       		.byte	0x93
 1247 0458 00000000 		.4byte	.LFB118
 1248 045c 2C000000 		.4byte	.LFE118-.LFB118
 1249 0460 01       		.uleb128 0x1
 1250 0461 9C       		.byte	0x9c
 1251 0462 14       		.uleb128 0x14
 1252 0463 9A010000 		.4byte	.LASF64
 1253 0467 01       		.byte	0x1
 1254 0468 A8       		.byte	0xa8
 1255 0469 00000000 		.4byte	.LFB119
 1256 046d 98000000 		.4byte	.LFE119-.LFB119
 1257 0471 01       		.uleb128 0x1
 1258 0472 9C       		.byte	0x9c
 1259 0473 85040000 		.4byte	0x485
 1260 0477 15       		.uleb128 0x15
 1261 0478 737200   		.ascii	"sr\000"
 1262 047b 01       		.byte	0x1
 1263 047c A9       		.byte	0xa9
 1264 047d 9E000000 		.4byte	0x9e
 1265 0481 02       		.uleb128 0x2
 1266 0482 91       		.byte	0x91
 1267 0483 76       		.sleb128 -10
 1268 0484 00       		.byte	0
 1269 0485 16       		.uleb128 0x16
 1270 0486 24030000 		.4byte	.LASF63
 1271 048a 01       		.byte	0x1
 1272 048b 5901     		.2byte	0x159
 1273 048d 00000000 		.4byte	.LFB120
 1274 0491 18000000 		.4byte	.LFE120-.LFB120
 1275 0495 01       		.uleb128 0x1
 1276 0496 9C       		.byte	0x9c
 1277 0497 17       		.uleb128 0x17
 1278 0498 64020000 		.4byte	.LASF65
 1279 049c 01       		.byte	0x1
 1280 049d 8F01     		.2byte	0x18f
 1281 049f 00000000 		.4byte	.LFB121
 1282 04a3 10020000 		.4byte	.LFE121-.LFB121
 1283 04a7 01       		.uleb128 0x1
 1284 04a8 9C       		.byte	0x9c
 1285 04a9 DB040000 		.4byte	0x4db
 1286 04ad 18       		.uleb128 0x18
 1287 04ae 82020000 		.4byte	.LASF68
 1288 04b2 01       		.byte	0x1
 1289 04b3 8F01     		.2byte	0x18f
 1290 04b5 48020000 		.4byte	0x248
 1291 04b9 02       		.uleb128 0x2
 1292 04ba 91       		.byte	0x91
 1293 04bb 6C       		.sleb128 -20
 1294 04bc 19       		.uleb128 0x19
 1295 04bd 70736300 		.ascii	"psc\000"
 1296 04c1 01       		.byte	0x1
 1297 04c2 9001     		.2byte	0x190
 1298 04c4 B4000000 		.4byte	0xb4
 1299 04c8 02       		.uleb128 0x2
 1300 04c9 91       		.byte	0x91
ARM GAS  /tmp/ccau3ZSg.s 			page 24


 1301 04ca 70       		.sleb128 -16
 1302 04cb 1A       		.uleb128 0x1a
 1303 04cc BC010000 		.4byte	.LASF66
 1304 04d0 01       		.byte	0x1
 1305 04d1 9101     		.2byte	0x191
 1306 04d3 9E000000 		.4byte	0x9e
 1307 04d7 02       		.uleb128 0x2
 1308 04d8 91       		.byte	0x91
 1309 04d9 76       		.sleb128 -10
 1310 04da 00       		.byte	0
 1311 04db 17       		.uleb128 0x17
 1312 04dc 05000000 		.4byte	.LASF67
 1313 04e0 01       		.byte	0x1
 1314 04e1 5D02     		.2byte	0x25d
 1315 04e3 00000000 		.4byte	.LFB122
 1316 04e7 5C000000 		.4byte	.LFE122-.LFB122
 1317 04eb 01       		.uleb128 0x1
 1318 04ec 9C       		.byte	0x9c
 1319 04ed 01050000 		.4byte	0x501
 1320 04f1 18       		.uleb128 0x18
 1321 04f2 82020000 		.4byte	.LASF68
 1322 04f6 01       		.byte	0x1
 1323 04f7 5D02     		.2byte	0x25d
 1324 04f9 48020000 		.4byte	0x248
 1325 04fd 02       		.uleb128 0x2
 1326 04fe 91       		.byte	0x91
 1327 04ff 74       		.sleb128 -12
 1328 0500 00       		.byte	0
 1329 0501 1B       		.uleb128 0x1b
 1330 0502 A5020000 		.4byte	.LASF69
 1331 0506 01       		.byte	0x1
 1332 0507 A302     		.2byte	0x2a3
 1333 0509 00000000 		.4byte	.LFB123
 1334 050d 80000000 		.4byte	.LFE123-.LFB123
 1335 0511 01       		.uleb128 0x1
 1336 0512 9C       		.byte	0x9c
 1337 0513 5E050000 		.4byte	0x55e
 1338 0517 18       		.uleb128 0x18
 1339 0518 82020000 		.4byte	.LASF68
 1340 051c 01       		.byte	0x1
 1341 051d A302     		.2byte	0x2a3
 1342 051f 48020000 		.4byte	0x248
 1343 0523 02       		.uleb128 0x2
 1344 0524 91       		.byte	0x91
 1345 0525 74       		.sleb128 -12
 1346 0526 18       		.uleb128 0x18
 1347 0527 63030000 		.4byte	.LASF70
 1348 052b 01       		.byte	0x1
 1349 052c A402     		.2byte	0x2a4
 1350 052e 84030000 		.4byte	0x384
 1351 0532 02       		.uleb128 0x2
 1352 0533 91       		.byte	0x91
 1353 0534 73       		.sleb128 -13
 1354 0535 18       		.uleb128 0x18
 1355 0536 C1010000 		.4byte	.LASF71
 1356 053a 01       		.byte	0x1
 1357 053b A502     		.2byte	0x2a5
ARM GAS  /tmp/ccau3ZSg.s 			page 25


 1358 053d 90030000 		.4byte	0x390
 1359 0541 02       		.uleb128 0x2
 1360 0542 91       		.byte	0x91
 1361 0543 70       		.sleb128 -16
 1362 0544 1C       		.uleb128 0x1c
 1363 0545 38000000 		.4byte	.LBB2
 1364 0549 44000000 		.4byte	.LBE2-.LBB2
 1365 054d 1A       		.uleb128 0x1a
 1366 054e C1030000 		.4byte	.LASF60
 1367 0552 01       		.byte	0x1
 1368 0553 AB02     		.2byte	0x2ab
 1369 0555 B4000000 		.4byte	0xb4
 1370 0559 02       		.uleb128 0x2
 1371 055a 91       		.byte	0x91
 1372 055b 7C       		.sleb128 -4
 1373 055c 00       		.byte	0
 1374 055d 00       		.byte	0
 1375 055e 1B       		.uleb128 0x1b
 1376 055f 8C030000 		.4byte	.LASF72
 1377 0563 01       		.byte	0x1
 1378 0564 C102     		.2byte	0x2c1
 1379 0566 00000000 		.4byte	.LFB124
 1380 056a 3A000000 		.4byte	.LFE124-.LFB124
 1381 056e 01       		.uleb128 0x1
 1382 056f 9C       		.byte	0x9c
 1383 0570 93050000 		.4byte	0x593
 1384 0574 18       		.uleb128 0x18
 1385 0575 82020000 		.4byte	.LASF68
 1386 0579 01       		.byte	0x1
 1387 057a C102     		.2byte	0x2c1
 1388 057c 48020000 		.4byte	0x248
 1389 0580 02       		.uleb128 0x2
 1390 0581 91       		.byte	0x91
 1391 0582 7C       		.sleb128 -4
 1392 0583 18       		.uleb128 0x18
 1393 0584 63030000 		.4byte	.LASF70
 1394 0588 01       		.byte	0x1
 1395 0589 C102     		.2byte	0x2c1
 1396 058b 84030000 		.4byte	0x384
 1397 058f 02       		.uleb128 0x2
 1398 0590 91       		.byte	0x91
 1399 0591 7B       		.sleb128 -5
 1400 0592 00       		.byte	0
 1401 0593 1D       		.uleb128 0x1d
 1402 0594 FA030000 		.4byte	.LASF73
 1403 0598 08       		.byte	0x8
 1404 0599 9806     		.2byte	0x698
 1405 059b E9000000 		.4byte	0xe9
 1406 059f 1E       		.uleb128 0x1e
 1407 05a0 D0030000 		.4byte	.LASF74
 1408 05a4 01       		.byte	0x1
 1409 05a5 2B       		.byte	0x2b
 1410 05a6 D2010000 		.4byte	0x1d2
 1411 05aa 05       		.uleb128 0x5
 1412 05ab 03       		.byte	0x3
 1413 05ac 00000000 		.4byte	PWMD1
 1414 05b0 00       		.byte	0
ARM GAS  /tmp/ccau3ZSg.s 			page 26


 1415              		.section	.debug_abbrev,"",%progbits
 1416              	.Ldebug_abbrev0:
 1417 0000 01       		.uleb128 0x1
 1418 0001 11       		.uleb128 0x11
 1419 0002 01       		.byte	0x1
 1420 0003 25       		.uleb128 0x25
 1421 0004 0E       		.uleb128 0xe
 1422 0005 13       		.uleb128 0x13
 1423 0006 0B       		.uleb128 0xb
 1424 0007 03       		.uleb128 0x3
 1425 0008 0E       		.uleb128 0xe
 1426 0009 55       		.uleb128 0x55
 1427 000a 17       		.uleb128 0x17
 1428 000b 11       		.uleb128 0x11
 1429 000c 01       		.uleb128 0x1
 1430 000d 10       		.uleb128 0x10
 1431 000e 17       		.uleb128 0x17
 1432 000f 00       		.byte	0
 1433 0010 00       		.byte	0
 1434 0011 02       		.uleb128 0x2
 1435 0012 24       		.uleb128 0x24
 1436 0013 00       		.byte	0
 1437 0014 0B       		.uleb128 0xb
 1438 0015 0B       		.uleb128 0xb
 1439 0016 3E       		.uleb128 0x3e
 1440 0017 0B       		.uleb128 0xb
 1441 0018 03       		.uleb128 0x3
 1442 0019 08       		.uleb128 0x8
 1443 001a 00       		.byte	0
 1444 001b 00       		.byte	0
 1445 001c 03       		.uleb128 0x3
 1446 001d 24       		.uleb128 0x24
 1447 001e 00       		.byte	0
 1448 001f 0B       		.uleb128 0xb
 1449 0020 0B       		.uleb128 0xb
 1450 0021 3E       		.uleb128 0x3e
 1451 0022 0B       		.uleb128 0xb
 1452 0023 03       		.uleb128 0x3
 1453 0024 0E       		.uleb128 0xe
 1454 0025 00       		.byte	0
 1455 0026 00       		.byte	0
 1456 0027 04       		.uleb128 0x4
 1457 0028 16       		.uleb128 0x16
 1458 0029 00       		.byte	0
 1459 002a 03       		.uleb128 0x3
 1460 002b 0E       		.uleb128 0xe
 1461 002c 3A       		.uleb128 0x3a
 1462 002d 0B       		.uleb128 0xb
 1463 002e 3B       		.uleb128 0x3b
 1464 002f 0B       		.uleb128 0xb
 1465 0030 49       		.uleb128 0x49
 1466 0031 13       		.uleb128 0x13
 1467 0032 00       		.byte	0
 1468 0033 00       		.byte	0
 1469 0034 05       		.uleb128 0x5
 1470 0035 35       		.uleb128 0x35
 1471 0036 00       		.byte	0
ARM GAS  /tmp/ccau3ZSg.s 			page 27


 1472 0037 49       		.uleb128 0x49
 1473 0038 13       		.uleb128 0x13
 1474 0039 00       		.byte	0
 1475 003a 00       		.byte	0
 1476 003b 06       		.uleb128 0x6
 1477 003c 01       		.uleb128 0x1
 1478 003d 01       		.byte	0x1
 1479 003e 49       		.uleb128 0x49
 1480 003f 13       		.uleb128 0x13
 1481 0040 01       		.uleb128 0x1
 1482 0041 13       		.uleb128 0x13
 1483 0042 00       		.byte	0
 1484 0043 00       		.byte	0
 1485 0044 07       		.uleb128 0x7
 1486 0045 21       		.uleb128 0x21
 1487 0046 00       		.byte	0
 1488 0047 49       		.uleb128 0x49
 1489 0048 13       		.uleb128 0x13
 1490 0049 2F       		.uleb128 0x2f
 1491 004a 0B       		.uleb128 0xb
 1492 004b 00       		.byte	0
 1493 004c 00       		.byte	0
 1494 004d 08       		.uleb128 0x8
 1495 004e 13       		.uleb128 0x13
 1496 004f 01       		.byte	0x1
 1497 0050 0B       		.uleb128 0xb
 1498 0051 0B       		.uleb128 0xb
 1499 0052 3A       		.uleb128 0x3a
 1500 0053 0B       		.uleb128 0xb
 1501 0054 3B       		.uleb128 0x3b
 1502 0055 05       		.uleb128 0x5
 1503 0056 01       		.uleb128 0x1
 1504 0057 13       		.uleb128 0x13
 1505 0058 00       		.byte	0
 1506 0059 00       		.byte	0
 1507 005a 09       		.uleb128 0x9
 1508 005b 0D       		.uleb128 0xd
 1509 005c 00       		.byte	0
 1510 005d 03       		.uleb128 0x3
 1511 005e 08       		.uleb128 0x8
 1512 005f 3A       		.uleb128 0x3a
 1513 0060 0B       		.uleb128 0xb
 1514 0061 3B       		.uleb128 0x3b
 1515 0062 05       		.uleb128 0x5
 1516 0063 49       		.uleb128 0x49
 1517 0064 13       		.uleb128 0x13
 1518 0065 38       		.uleb128 0x38
 1519 0066 0B       		.uleb128 0xb
 1520 0067 00       		.byte	0
 1521 0068 00       		.byte	0
 1522 0069 0A       		.uleb128 0xa
 1523 006a 0D       		.uleb128 0xd
 1524 006b 00       		.byte	0
 1525 006c 03       		.uleb128 0x3
 1526 006d 0E       		.uleb128 0xe
 1527 006e 3A       		.uleb128 0x3a
 1528 006f 0B       		.uleb128 0xb
ARM GAS  /tmp/ccau3ZSg.s 			page 28


 1529 0070 3B       		.uleb128 0x3b
 1530 0071 05       		.uleb128 0x5
 1531 0072 49       		.uleb128 0x49
 1532 0073 13       		.uleb128 0x13
 1533 0074 38       		.uleb128 0x38
 1534 0075 0B       		.uleb128 0xb
 1535 0076 00       		.byte	0
 1536 0077 00       		.byte	0
 1537 0078 0B       		.uleb128 0xb
 1538 0079 16       		.uleb128 0x16
 1539 007a 00       		.byte	0
 1540 007b 03       		.uleb128 0x3
 1541 007c 0E       		.uleb128 0xe
 1542 007d 3A       		.uleb128 0x3a
 1543 007e 0B       		.uleb128 0xb
 1544 007f 3B       		.uleb128 0x3b
 1545 0080 05       		.uleb128 0x5
 1546 0081 49       		.uleb128 0x49
 1547 0082 13       		.uleb128 0x13
 1548 0083 00       		.byte	0
 1549 0084 00       		.byte	0
 1550 0085 0C       		.uleb128 0xc
 1551 0086 04       		.uleb128 0x4
 1552 0087 01       		.byte	0x1
 1553 0088 0B       		.uleb128 0xb
 1554 0089 0B       		.uleb128 0xb
 1555 008a 3A       		.uleb128 0x3a
 1556 008b 0B       		.uleb128 0xb
 1557 008c 3B       		.uleb128 0x3b
 1558 008d 0B       		.uleb128 0xb
 1559 008e 01       		.uleb128 0x1
 1560 008f 13       		.uleb128 0x13
 1561 0090 00       		.byte	0
 1562 0091 00       		.byte	0
 1563 0092 0D       		.uleb128 0xd
 1564 0093 28       		.uleb128 0x28
 1565 0094 00       		.byte	0
 1566 0095 03       		.uleb128 0x3
 1567 0096 0E       		.uleb128 0xe
 1568 0097 1C       		.uleb128 0x1c
 1569 0098 0D       		.uleb128 0xd
 1570 0099 00       		.byte	0
 1571 009a 00       		.byte	0
 1572 009b 0E       		.uleb128 0xe
 1573 009c 13       		.uleb128 0x13
 1574 009d 01       		.byte	0x1
 1575 009e 03       		.uleb128 0x3
 1576 009f 0E       		.uleb128 0xe
 1577 00a0 0B       		.uleb128 0xb
 1578 00a1 0B       		.uleb128 0xb
 1579 00a2 3A       		.uleb128 0x3a
 1580 00a3 0B       		.uleb128 0xb
 1581 00a4 3B       		.uleb128 0x3b
 1582 00a5 05       		.uleb128 0x5
 1583 00a6 01       		.uleb128 0x1
 1584 00a7 13       		.uleb128 0x13
 1585 00a8 00       		.byte	0
ARM GAS  /tmp/ccau3ZSg.s 			page 29


 1586 00a9 00       		.byte	0
 1587 00aa 0F       		.uleb128 0xf
 1588 00ab 0F       		.uleb128 0xf
 1589 00ac 00       		.byte	0
 1590 00ad 0B       		.uleb128 0xb
 1591 00ae 0B       		.uleb128 0xb
 1592 00af 49       		.uleb128 0x49
 1593 00b0 13       		.uleb128 0x13
 1594 00b1 00       		.byte	0
 1595 00b2 00       		.byte	0
 1596 00b3 10       		.uleb128 0x10
 1597 00b4 15       		.uleb128 0x15
 1598 00b5 01       		.byte	0x1
 1599 00b6 27       		.uleb128 0x27
 1600 00b7 19       		.uleb128 0x19
 1601 00b8 01       		.uleb128 0x1
 1602 00b9 13       		.uleb128 0x13
 1603 00ba 00       		.byte	0
 1604 00bb 00       		.byte	0
 1605 00bc 11       		.uleb128 0x11
 1606 00bd 05       		.uleb128 0x5
 1607 00be 00       		.byte	0
 1608 00bf 49       		.uleb128 0x49
 1609 00c0 13       		.uleb128 0x13
 1610 00c1 00       		.byte	0
 1611 00c2 00       		.byte	0
 1612 00c3 12       		.uleb128 0x12
 1613 00c4 26       		.uleb128 0x26
 1614 00c5 00       		.byte	0
 1615 00c6 49       		.uleb128 0x49
 1616 00c7 13       		.uleb128 0x13
 1617 00c8 00       		.byte	0
 1618 00c9 00       		.byte	0
 1619 00ca 13       		.uleb128 0x13
 1620 00cb 2E       		.uleb128 0x2e
 1621 00cc 00       		.byte	0
 1622 00cd 3F       		.uleb128 0x3f
 1623 00ce 19       		.uleb128 0x19
 1624 00cf 03       		.uleb128 0x3
 1625 00d0 0E       		.uleb128 0xe
 1626 00d1 3A       		.uleb128 0x3a
 1627 00d2 0B       		.uleb128 0xb
 1628 00d3 3B       		.uleb128 0x3b
 1629 00d4 0B       		.uleb128 0xb
 1630 00d5 27       		.uleb128 0x27
 1631 00d6 19       		.uleb128 0x19
 1632 00d7 11       		.uleb128 0x11
 1633 00d8 01       		.uleb128 0x1
 1634 00d9 12       		.uleb128 0x12
 1635 00da 06       		.uleb128 0x6
 1636 00db 40       		.uleb128 0x40
 1637 00dc 18       		.uleb128 0x18
 1638 00dd 9642     		.uleb128 0x2116
 1639 00df 19       		.uleb128 0x19
 1640 00e0 00       		.byte	0
 1641 00e1 00       		.byte	0
 1642 00e2 14       		.uleb128 0x14
ARM GAS  /tmp/ccau3ZSg.s 			page 30


 1643 00e3 2E       		.uleb128 0x2e
 1644 00e4 01       		.byte	0x1
 1645 00e5 3F       		.uleb128 0x3f
 1646 00e6 19       		.uleb128 0x19
 1647 00e7 03       		.uleb128 0x3
 1648 00e8 0E       		.uleb128 0xe
 1649 00e9 3A       		.uleb128 0x3a
 1650 00ea 0B       		.uleb128 0xb
 1651 00eb 3B       		.uleb128 0x3b
 1652 00ec 0B       		.uleb128 0xb
 1653 00ed 27       		.uleb128 0x27
 1654 00ee 19       		.uleb128 0x19
 1655 00ef 11       		.uleb128 0x11
 1656 00f0 01       		.uleb128 0x1
 1657 00f1 12       		.uleb128 0x12
 1658 00f2 06       		.uleb128 0x6
 1659 00f3 40       		.uleb128 0x40
 1660 00f4 18       		.uleb128 0x18
 1661 00f5 9642     		.uleb128 0x2116
 1662 00f7 19       		.uleb128 0x19
 1663 00f8 01       		.uleb128 0x1
 1664 00f9 13       		.uleb128 0x13
 1665 00fa 00       		.byte	0
 1666 00fb 00       		.byte	0
 1667 00fc 15       		.uleb128 0x15
 1668 00fd 34       		.uleb128 0x34
 1669 00fe 00       		.byte	0
 1670 00ff 03       		.uleb128 0x3
 1671 0100 08       		.uleb128 0x8
 1672 0101 3A       		.uleb128 0x3a
 1673 0102 0B       		.uleb128 0xb
 1674 0103 3B       		.uleb128 0x3b
 1675 0104 0B       		.uleb128 0xb
 1676 0105 49       		.uleb128 0x49
 1677 0106 13       		.uleb128 0x13
 1678 0107 02       		.uleb128 0x2
 1679 0108 18       		.uleb128 0x18
 1680 0109 00       		.byte	0
 1681 010a 00       		.byte	0
 1682 010b 16       		.uleb128 0x16
 1683 010c 2E       		.uleb128 0x2e
 1684 010d 00       		.byte	0
 1685 010e 3F       		.uleb128 0x3f
 1686 010f 19       		.uleb128 0x19
 1687 0110 03       		.uleb128 0x3
 1688 0111 0E       		.uleb128 0xe
 1689 0112 3A       		.uleb128 0x3a
 1690 0113 0B       		.uleb128 0xb
 1691 0114 3B       		.uleb128 0x3b
 1692 0115 05       		.uleb128 0x5
 1693 0116 27       		.uleb128 0x27
 1694 0117 19       		.uleb128 0x19
 1695 0118 11       		.uleb128 0x11
 1696 0119 01       		.uleb128 0x1
 1697 011a 12       		.uleb128 0x12
 1698 011b 06       		.uleb128 0x6
 1699 011c 40       		.uleb128 0x40
ARM GAS  /tmp/ccau3ZSg.s 			page 31


 1700 011d 18       		.uleb128 0x18
 1701 011e 9642     		.uleb128 0x2116
 1702 0120 19       		.uleb128 0x19
 1703 0121 00       		.byte	0
 1704 0122 00       		.byte	0
 1705 0123 17       		.uleb128 0x17
 1706 0124 2E       		.uleb128 0x2e
 1707 0125 01       		.byte	0x1
 1708 0126 3F       		.uleb128 0x3f
 1709 0127 19       		.uleb128 0x19
 1710 0128 03       		.uleb128 0x3
 1711 0129 0E       		.uleb128 0xe
 1712 012a 3A       		.uleb128 0x3a
 1713 012b 0B       		.uleb128 0xb
 1714 012c 3B       		.uleb128 0x3b
 1715 012d 05       		.uleb128 0x5
 1716 012e 27       		.uleb128 0x27
 1717 012f 19       		.uleb128 0x19
 1718 0130 11       		.uleb128 0x11
 1719 0131 01       		.uleb128 0x1
 1720 0132 12       		.uleb128 0x12
 1721 0133 06       		.uleb128 0x6
 1722 0134 40       		.uleb128 0x40
 1723 0135 18       		.uleb128 0x18
 1724 0136 9642     		.uleb128 0x2116
 1725 0138 19       		.uleb128 0x19
 1726 0139 01       		.uleb128 0x1
 1727 013a 13       		.uleb128 0x13
 1728 013b 00       		.byte	0
 1729 013c 00       		.byte	0
 1730 013d 18       		.uleb128 0x18
 1731 013e 05       		.uleb128 0x5
 1732 013f 00       		.byte	0
 1733 0140 03       		.uleb128 0x3
 1734 0141 0E       		.uleb128 0xe
 1735 0142 3A       		.uleb128 0x3a
 1736 0143 0B       		.uleb128 0xb
 1737 0144 3B       		.uleb128 0x3b
 1738 0145 05       		.uleb128 0x5
 1739 0146 49       		.uleb128 0x49
 1740 0147 13       		.uleb128 0x13
 1741 0148 02       		.uleb128 0x2
 1742 0149 18       		.uleb128 0x18
 1743 014a 00       		.byte	0
 1744 014b 00       		.byte	0
 1745 014c 19       		.uleb128 0x19
 1746 014d 34       		.uleb128 0x34
 1747 014e 00       		.byte	0
 1748 014f 03       		.uleb128 0x3
 1749 0150 08       		.uleb128 0x8
 1750 0151 3A       		.uleb128 0x3a
 1751 0152 0B       		.uleb128 0xb
 1752 0153 3B       		.uleb128 0x3b
 1753 0154 05       		.uleb128 0x5
 1754 0155 49       		.uleb128 0x49
 1755 0156 13       		.uleb128 0x13
 1756 0157 02       		.uleb128 0x2
ARM GAS  /tmp/ccau3ZSg.s 			page 32


 1757 0158 18       		.uleb128 0x18
 1758 0159 00       		.byte	0
 1759 015a 00       		.byte	0
 1760 015b 1A       		.uleb128 0x1a
 1761 015c 34       		.uleb128 0x34
 1762 015d 00       		.byte	0
 1763 015e 03       		.uleb128 0x3
 1764 015f 0E       		.uleb128 0xe
 1765 0160 3A       		.uleb128 0x3a
 1766 0161 0B       		.uleb128 0xb
 1767 0162 3B       		.uleb128 0x3b
 1768 0163 05       		.uleb128 0x5
 1769 0164 49       		.uleb128 0x49
 1770 0165 13       		.uleb128 0x13
 1771 0166 02       		.uleb128 0x2
 1772 0167 18       		.uleb128 0x18
 1773 0168 00       		.byte	0
 1774 0169 00       		.byte	0
 1775 016a 1B       		.uleb128 0x1b
 1776 016b 2E       		.uleb128 0x2e
 1777 016c 01       		.byte	0x1
 1778 016d 3F       		.uleb128 0x3f
 1779 016e 19       		.uleb128 0x19
 1780 016f 03       		.uleb128 0x3
 1781 0170 0E       		.uleb128 0xe
 1782 0171 3A       		.uleb128 0x3a
 1783 0172 0B       		.uleb128 0xb
 1784 0173 3B       		.uleb128 0x3b
 1785 0174 05       		.uleb128 0x5
 1786 0175 27       		.uleb128 0x27
 1787 0176 19       		.uleb128 0x19
 1788 0177 11       		.uleb128 0x11
 1789 0178 01       		.uleb128 0x1
 1790 0179 12       		.uleb128 0x12
 1791 017a 06       		.uleb128 0x6
 1792 017b 40       		.uleb128 0x40
 1793 017c 18       		.uleb128 0x18
 1794 017d 9742     		.uleb128 0x2117
 1795 017f 19       		.uleb128 0x19
 1796 0180 01       		.uleb128 0x1
 1797 0181 13       		.uleb128 0x13
 1798 0182 00       		.byte	0
 1799 0183 00       		.byte	0
 1800 0184 1C       		.uleb128 0x1c
 1801 0185 0B       		.uleb128 0xb
 1802 0186 01       		.byte	0x1
 1803 0187 11       		.uleb128 0x11
 1804 0188 01       		.uleb128 0x1
 1805 0189 12       		.uleb128 0x12
 1806 018a 06       		.uleb128 0x6
 1807 018b 00       		.byte	0
 1808 018c 00       		.byte	0
 1809 018d 1D       		.uleb128 0x1d
 1810 018e 34       		.uleb128 0x34
 1811 018f 00       		.byte	0
 1812 0190 03       		.uleb128 0x3
 1813 0191 0E       		.uleb128 0xe
ARM GAS  /tmp/ccau3ZSg.s 			page 33


 1814 0192 3A       		.uleb128 0x3a
 1815 0193 0B       		.uleb128 0xb
 1816 0194 3B       		.uleb128 0x3b
 1817 0195 05       		.uleb128 0x5
 1818 0196 49       		.uleb128 0x49
 1819 0197 13       		.uleb128 0x13
 1820 0198 3F       		.uleb128 0x3f
 1821 0199 19       		.uleb128 0x19
 1822 019a 3C       		.uleb128 0x3c
 1823 019b 19       		.uleb128 0x19
 1824 019c 00       		.byte	0
 1825 019d 00       		.byte	0
 1826 019e 1E       		.uleb128 0x1e
 1827 019f 34       		.uleb128 0x34
 1828 01a0 00       		.byte	0
 1829 01a1 03       		.uleb128 0x3
 1830 01a2 0E       		.uleb128 0xe
 1831 01a3 3A       		.uleb128 0x3a
 1832 01a4 0B       		.uleb128 0xb
 1833 01a5 3B       		.uleb128 0x3b
 1834 01a6 0B       		.uleb128 0xb
 1835 01a7 49       		.uleb128 0x49
 1836 01a8 13       		.uleb128 0x13
 1837 01a9 3F       		.uleb128 0x3f
 1838 01aa 19       		.uleb128 0x19
 1839 01ab 02       		.uleb128 0x2
 1840 01ac 18       		.uleb128 0x18
 1841 01ad 00       		.byte	0
 1842 01ae 00       		.byte	0
 1843 01af 00       		.byte	0
 1844              		.section	.debug_aranges,"",%progbits
 1845 0000 4C000000 		.4byte	0x4c
 1846 0004 0200     		.2byte	0x2
 1847 0006 00000000 		.4byte	.Ldebug_info0
 1848 000a 04       		.byte	0x4
 1849 000b 00       		.byte	0
 1850 000c 0000     		.2byte	0
 1851 000e 0000     		.2byte	0
 1852 0010 00000000 		.4byte	.LFB118
 1853 0014 2C000000 		.4byte	.LFE118-.LFB118
 1854 0018 00000000 		.4byte	.LFB119
 1855 001c 98000000 		.4byte	.LFE119-.LFB119
 1856 0020 00000000 		.4byte	.LFB120
 1857 0024 18000000 		.4byte	.LFE120-.LFB120
 1858 0028 00000000 		.4byte	.LFB121
 1859 002c 10020000 		.4byte	.LFE121-.LFB121
 1860 0030 00000000 		.4byte	.LFB122
 1861 0034 5C000000 		.4byte	.LFE122-.LFB122
 1862 0038 00000000 		.4byte	.LFB123
 1863 003c 80000000 		.4byte	.LFE123-.LFB123
 1864 0040 00000000 		.4byte	.LFB124
 1865 0044 3A000000 		.4byte	.LFE124-.LFB124
 1866 0048 00000000 		.4byte	0
 1867 004c 00000000 		.4byte	0
 1868              		.section	.debug_ranges,"",%progbits
 1869              	.Ldebug_ranges0:
 1870 0000 00000000 		.4byte	.LFB118
ARM GAS  /tmp/ccau3ZSg.s 			page 34


 1871 0004 2C000000 		.4byte	.LFE118
 1872 0008 00000000 		.4byte	.LFB119
 1873 000c 98000000 		.4byte	.LFE119
 1874 0010 00000000 		.4byte	.LFB120
 1875 0014 18000000 		.4byte	.LFE120
 1876 0018 00000000 		.4byte	.LFB121
 1877 001c 10020000 		.4byte	.LFE121
 1878 0020 00000000 		.4byte	.LFB122
 1879 0024 5C000000 		.4byte	.LFE122
 1880 0028 00000000 		.4byte	.LFB123
 1881 002c 80000000 		.4byte	.LFE123
 1882 0030 00000000 		.4byte	.LFB124
 1883 0034 3A000000 		.4byte	.LFE124
 1884 0038 00000000 		.4byte	0
 1885 003c 00000000 		.4byte	0
 1886              		.section	.debug_line,"",%progbits
 1887              	.Ldebug_line0:
 1888 0000 F2020000 		.section	.debug_str,"MS",%progbits,1
 1888      02001402 
 1888      00000201 
 1888      FB0E0D00 
 1888      01010101 
 1889              	.LASF45:
 1890 0000 43434552 		.ascii	"CCER\000"
 1890      00
 1891              	.LASF67:
 1892 0005 70776D5F 		.ascii	"pwm_lld_stop\000"
 1892      6C6C645F 
 1892      73746F70 
 1892      00
 1893              	.LASF22:
 1894 0012 41504231 		.ascii	"APB1RSTR\000"
 1894      52535452 
 1894      00
 1895              	.LASF47:
 1896 001b 444D4152 		.ascii	"DMAR\000"
 1896      00
 1897              	.LASF36:
 1898 0020 73746174 		.ascii	"state\000"
 1898      6500
 1899              	.LASF44:
 1900 0026 43434D52 		.ascii	"CCMR2\000"
 1900      3200
 1901              	.LASF3:
 1902 002c 73686F72 		.ascii	"short int\000"
 1902      7420696E 
 1902      7400
 1903              	.LASF54:
 1904 0036 70776D63 		.ascii	"pwmcnt_t\000"
 1904      6E745F74 
 1904      00
 1905              	.LASF18:
 1906 003f 73697A65 		.ascii	"sizetype\000"
 1906      74797065 
 1906      00
 1907              	.LASF26:
 1908 0048 42444352 		.ascii	"BDCR\000"
ARM GAS  /tmp/ccau3ZSg.s 			page 35


 1908      00
 1909              	.LASF53:
 1910 004d 70776D63 		.ascii	"pwmchannel_t\000"
 1910      68616E6E 
 1910      656C5F74 
 1910      00
 1911              	.LASF9:
 1912 005a 5F5F7569 		.ascii	"__uint32_t\000"
 1912      6E743332 
 1912      5F7400
 1913              	.LASF55:
 1914 0065 6D6F6465 		.ascii	"mode\000"
 1914      00
 1915              	.LASF5:
 1916 006a 5F5F7569 		.ascii	"__uint16_t\000"
 1916      6E743136 
 1916      5F7400
 1917              	.LASF75:
 1918 0075 474E5520 		.ascii	"GNU C 4.9.3 20141119 (release) [ARM/embedded-4_9-br"
 1918      4320342E 
 1918      392E3320 
 1918      32303134 
 1918      31313139 
 1919 00a8 616E6368 		.ascii	"anch revision 218278] -mcpu=cortex-m4 -mfloat-abi=h"
 1919      20726576 
 1919      6973696F 
 1919      6E203231 
 1919      38323738 
 1920 00db 61726420 		.ascii	"ard -mfpu=fpv4-sp-d16 -mno-thumb-interwork -mthumb "
 1920      2D6D6670 
 1920      753D6670 
 1920      76342D73 
 1920      702D6431 
 1921 010e 2D676764 		.ascii	"-ggdb -O0 -fomit-frame-pointer -falign-functions=16"
 1921      62202D4F 
 1921      30202D66 
 1921      6F6D6974 
 1921      2D667261 
 1922 0141 202D6666 		.ascii	" -ffunction-sections -fdata-sections -fno-common -f"
 1922      756E6374 
 1922      696F6E2D 
 1922      73656374 
 1922      696F6E73 
 1923 0174 73696E67 		.ascii	"single-precision-constant\000"
 1923      6C652D70 
 1923      72656369 
 1923      73696F6E 
 1923      2D636F6E 
 1924              	.LASF37:
 1925 018e 636F6E66 		.ascii	"config\000"
 1925      696700
 1926              	.LASF20:
 1927 0195 43464752 		.ascii	"CFGR\000"
 1927      00
 1928              	.LASF64:
 1929 019a 56656374 		.ascii	"VectorAC\000"
 1929      6F724143 
ARM GAS  /tmp/ccau3ZSg.s 			page 36


 1929      00
 1930              	.LASF13:
 1931 01a3 75696E74 		.ascii	"uint8_t\000"
 1931      385F7400 
 1932              	.LASF25:
 1933 01ab 41504231 		.ascii	"APB1ENR\000"
 1933      454E5200 
 1934              	.LASF16:
 1935 01b3 75696E74 		.ascii	"uint32_t\000"
 1935      33325F74 
 1935      00
 1936              	.LASF66:
 1937 01bc 63636572 		.ascii	"ccer\000"
 1937      00
 1938              	.LASF71:
 1939 01c1 77696474 		.ascii	"width\000"
 1939      6800
 1940              	.LASF30:
 1941 01c7 5243435F 		.ascii	"RCC_TypeDef\000"
 1941      54797065 
 1941      44656600 
 1942              	.LASF27:
 1943 01d3 41484252 		.ascii	"AHBRSTR\000"
 1943      53545200 
 1944              	.LASF11:
 1945 01db 6C6F6E67 		.ascii	"long long int\000"
 1945      206C6F6E 
 1945      6720696E 
 1945      7400
 1946              	.LASF8:
 1947 01e9 6C6F6E67 		.ascii	"long int\000"
 1947      20696E74 
 1947      00
 1948              	.LASF76:
 1949 01f2 2F686F6D 		.ascii	"/home/denny/r2p-sdk/core/ChibiOS/os/hal/platforms/S"
 1949      652F6465 
 1949      6E6E792F 
 1949      7232702D 
 1949      73646B2F 
 1950 0225 544D3332 		.ascii	"TM32/TIMv1/pwm_lld.c\000"
 1950      2F54494D 
 1950      76312F70 
 1950      776D5F6C 
 1950      6C642E63 
 1951              	.LASF49:
 1952 023a 43435235 		.ascii	"CCR5\000"
 1952      00
 1953              	.LASF50:
 1954 023f 43435236 		.ascii	"CCR6\000"
 1954      00
 1955              	.LASF38:
 1956 0244 70657269 		.ascii	"period\000"
 1956      6F6400
 1957              	.LASF21:
 1958 024b 41504232 		.ascii	"APB2RSTR\000"
 1958      52535452 
 1958      00
ARM GAS  /tmp/ccau3ZSg.s 			page 37


 1959              	.LASF4:
 1960 0254 5F5F7569 		.ascii	"__uint8_t\000"
 1960      6E74385F 
 1960      7400
 1961              	.LASF43:
 1962 025e 43434D52 		.ascii	"CCMR1\000"
 1962      3100
 1963              	.LASF65:
 1964 0264 70776D5F 		.ascii	"pwm_lld_start\000"
 1964      6C6C645F 
 1964      73746172 
 1964      7400
 1965              	.LASF61:
 1966 0272 50574D43 		.ascii	"PWMConfig\000"
 1966      6F6E6669 
 1966      6700
 1967              	.LASF48:
 1968 027c 43434D52 		.ascii	"CCMR3\000"
 1968      3300
 1969              	.LASF68:
 1970 0282 70776D70 		.ascii	"pwmp\000"
 1970      00
 1971              	.LASF41:
 1972 0287 534D4352 		.ascii	"SMCR\000"
 1972      00
 1973              	.LASF31:
 1974 028c 50574D5F 		.ascii	"PWM_UNINIT\000"
 1974      554E494E 
 1974      495400
 1975              	.LASF2:
 1976 0297 756E7369 		.ascii	"unsigned char\000"
 1976      676E6564 
 1976      20636861 
 1976      7200
 1977              	.LASF69:
 1978 02a5 70776D5F 		.ascii	"pwm_lld_enable_channel\000"
 1978      6C6C645F 
 1978      656E6162 
 1978      6C655F63 
 1978      68616E6E 
 1979              	.LASF24:
 1980 02bc 41504232 		.ascii	"APB2ENR\000"
 1980      454E5200 
 1981              	.LASF1:
 1982 02c4 7369676E 		.ascii	"signed char\000"
 1982      65642063 
 1982      68617200 
 1983              	.LASF12:
 1984 02d0 6C6F6E67 		.ascii	"long long unsigned int\000"
 1984      206C6F6E 
 1984      6720756E 
 1984      7369676E 
 1984      65642069 
 1985              	.LASF0:
 1986 02e7 756E7369 		.ascii	"unsigned int\000"
 1986      676E6564 
 1986      20696E74 
ARM GAS  /tmp/ccau3ZSg.s 			page 38


 1986      00
 1987              	.LASF28:
 1988 02f4 43464752 		.ascii	"CFGR2\000"
 1988      3200
 1989              	.LASF29:
 1990 02fa 43464752 		.ascii	"CFGR3\000"
 1990      3300
 1991              	.LASF23:
 1992 0300 41484245 		.ascii	"AHBENR\000"
 1992      4E5200
 1993              	.LASF46:
 1994 0307 42445452 		.ascii	"BDTR\000"
 1994      00
 1995              	.LASF42:
 1996 030c 44494552 		.ascii	"DIER\000"
 1996      00
 1997              	.LASF6:
 1998 0311 73686F72 		.ascii	"short unsigned int\000"
 1998      7420756E 
 1998      7369676E 
 1998      65642069 
 1998      6E7400
 1999              	.LASF63:
 2000 0324 70776D5F 		.ascii	"pwm_lld_init\000"
 2000      6C6C645F 
 2000      696E6974 
 2000      00
 2001              	.LASF19:
 2002 0331 63686172 		.ascii	"char\000"
 2002      00
 2003              	.LASF14:
 2004 0336 75696E74 		.ascii	"uint16_t\000"
 2004      31365F74 
 2004      00
 2005              	.LASF51:
 2006 033f 73746D33 		.ascii	"stm32_tim_t\000"
 2006      325F7469 
 2006      6D5F7400 
 2007              	.LASF35:
 2008 034b 50574D44 		.ascii	"PWMDriver\000"
 2008      72697665 
 2008      7200
 2009              	.LASF15:
 2010 0355 696E7433 		.ascii	"int32_t\000"
 2010      325F7400 
 2011              	.LASF17:
 2012 035d 5F426F6F 		.ascii	"_Bool\000"
 2012      6C00
 2013              	.LASF70:
 2014 0363 6368616E 		.ascii	"channel\000"
 2014      6E656C00 
 2015              	.LASF59:
 2016 036b 6368616E 		.ascii	"channels\000"
 2016      6E656C73 
 2016      00
 2017              	.LASF10:
 2018 0374 6C6F6E67 		.ascii	"long unsigned int\000"
ARM GAS  /tmp/ccau3ZSg.s 			page 39


 2018      20756E73 
 2018      69676E65 
 2018      6420696E 
 2018      7400
 2019              	.LASF39:
 2020 0386 636C6F63 		.ascii	"clock\000"
 2020      6B00
 2021              	.LASF72:
 2022 038c 70776D5F 		.ascii	"pwm_lld_disable_channel\000"
 2022      6C6C645F 
 2022      64697361 
 2022      626C655F 
 2022      6368616E 
 2023              	.LASF7:
 2024 03a4 5F5F696E 		.ascii	"__int32_t\000"
 2024      7433325F 
 2024      7400
 2025              	.LASF33:
 2026 03ae 50574D5F 		.ascii	"PWM_READY\000"
 2026      52454144 
 2026      5900
 2027              	.LASF32:
 2028 03b8 50574D5F 		.ascii	"PWM_STOP\000"
 2028      53544F50 
 2028      00
 2029              	.LASF60:
 2030 03c1 64696572 		.ascii	"dier\000"
 2030      00
 2031              	.LASF58:
 2032 03c6 66726571 		.ascii	"frequency\000"
 2032      75656E63 
 2032      7900
 2033              	.LASF74:
 2034 03d0 50574D44 		.ascii	"PWMD1\000"
 2034      3100
 2035              	.LASF57:
 2036 03d6 50574D43 		.ascii	"PWMChannelConfig\000"
 2036      68616E6E 
 2036      656C436F 
 2036      6E666967 
 2036      00
 2037              	.LASF62:
 2038 03e7 56656374 		.ascii	"VectorA4\000"
 2038      6F724134 
 2038      00
 2039              	.LASF52:
 2040 03f0 70776D6D 		.ascii	"pwmmode_t\000"
 2040      6F64655F 
 2040      7400
 2041              	.LASF73:
 2042 03fa 49544D5F 		.ascii	"ITM_RxBuffer\000"
 2042      52784275 
 2042      66666572 
 2042      00
 2043              	.LASF34:
 2044 0407 70776D73 		.ascii	"pwmstate_t\000"
 2044      74617465 
ARM GAS  /tmp/ccau3ZSg.s 			page 40


 2044      5F7400
 2045              	.LASF40:
 2046 0412 70776D63 		.ascii	"pwmcallback_t\000"
 2046      616C6C62 
 2046      61636B5F 
 2046      7400
 2047              	.LASF56:
 2048 0420 63616C6C 		.ascii	"callback\000"
 2048      6261636B 
 2048      00
 2049              		.ident	"GCC: (GNU Tools for ARM Embedded Processors) 4.9.3 20141119 (release) [ARM/embedded-4_9-br
ARM GAS  /tmp/ccau3ZSg.s 			page 41


DEFINED SYMBOLS
                            *ABS*:00000000 pwm_lld.c
     /tmp/ccau3ZSg.s:25     .bss.PWMD1:00000000 PWMD1
     /tmp/ccau3ZSg.s:22     .bss.PWMD1:00000000 $d
     /tmp/ccau3ZSg.s:28     .text.VectorA4:00000000 $t
     /tmp/ccau3ZSg.s:34     .text.VectorA4:00000000 VectorA4
     /tmp/ccau3ZSg.s:65     .text.VectorA4:00000024 $d
     /tmp/ccau3ZSg.s:71     .text.VectorAC:00000000 $t
     /tmp/ccau3ZSg.s:77     .text.VectorAC:00000000 VectorAC
     /tmp/ccau3ZSg.s:165    .text.VectorAC:00000090 $d
     /tmp/ccau3ZSg.s:171    .text.pwm_lld_init:00000000 $t
     /tmp/ccau3ZSg.s:177    .text.pwm_lld_init:00000000 pwm_lld_init
     /tmp/ccau3ZSg.s:199    .text.pwm_lld_init:00000010 $d
     /tmp/ccau3ZSg.s:205    .rodata:00000000 $d
     /tmp/ccau3ZSg.s:209    .text.pwm_lld_start:00000000 $t
     /tmp/ccau3ZSg.s:215    .text.pwm_lld_start:00000000 pwm_lld_start
     /tmp/ccau3ZSg.s:499    .text.pwm_lld_start:00000200 $d
     /tmp/ccau3ZSg.s:507    .text.pwm_lld_stop:00000000 $t
     /tmp/ccau3ZSg.s:513    .text.pwm_lld_stop:00000000 pwm_lld_stop
     /tmp/ccau3ZSg.s:576    .text.pwm_lld_stop:00000054 $d
     /tmp/ccau3ZSg.s:582    .text.pwm_lld_enable_channel:00000000 $t
     /tmp/ccau3ZSg.s:588    .text.pwm_lld_enable_channel:00000000 pwm_lld_enable_channel
     /tmp/ccau3ZSg.s:665    .text.pwm_lld_disable_channel:00000000 $t
     /tmp/ccau3ZSg.s:671    .text.pwm_lld_disable_channel:00000000 pwm_lld_disable_channel
                     .debug_frame:00000010 $d
     /tmp/ccau3ZSg.s:70     .text.VectorA4:0000002c $t
     /tmp/ccau3ZSg.s:170    .text.VectorAC:00000098 $t
     /tmp/ccau3ZSg.s:204    .text.pwm_lld_init:00000018 $t
     /tmp/ccau3ZSg.s:581    .text.pwm_lld_stop:0000005c $t

UNDEFINED SYMBOLS
dbg_check_enter_isr
dbg_check_leave_isr
_port_irq_epilogue
pwmObjectInit
nvicEnableVector
chDbgPanic
nvicDisableVector
