ARM GAS  /tmp/cczx9RIw.s 			page 1


   1              		.syntax unified
   2              		.cpu cortex-m4
   3              		.eabi_attribute 27, 3
   4              		.eabi_attribute 28, 1
   5              		.fpu fpv4-sp-d16
   6              		.eabi_attribute 20, 1
   7              		.eabi_attribute 21, 1
   8              		.eabi_attribute 23, 3
   9              		.eabi_attribute 24, 1
  10              		.eabi_attribute 25, 1
  11              		.eabi_attribute 26, 1
  12              		.eabi_attribute 30, 6
  13              		.eabi_attribute 34, 1
  14              		.eabi_attribute 18, 4
  15              		.thumb
  16              		.file	"qei_lld.c"
  17              		.text
  18              	.Ltext0:
  19              		.cfi_sections	.debug_frame
  20              		.global	QEID4
  21              		.section	.bss.QEID4,"aw",%nobits
  22              		.align	2
  23              		.type	QEID4, %object
  24              		.size	QEID4, 12
  25              	QEID4:
  26 0000 00000000 		.space	12
  26      00000000 
  26      00000000 
  27              		.section	.text.qei_lld_init,"ax",%progbits
  28              		.align	2
  29              		.p2align 4,,15
  30              		.global	qei_lld_init
  31              		.thumb
  32              		.thumb_func
  33              		.type	qei_lld_init, %function
  34              	qei_lld_init:
  35              	.LFB118:
  36              		.file 1 "/home/denny/r2p-sdk/modules/uDC_module/qei_lld.c"
  37              		.loc 1 116 0
  38              		.cfi_startproc
  39              		@ args = 0, pretend = 0, frame = 0
  40              		@ frame_needed = 0, uses_anonymous_args = 0
  41 0000 08B5     		push	{r3, lr}
  42              		.cfi_def_cfa_offset 8
  43              		.cfi_offset 3, -8
  44              		.cfi_offset 14, -4
  45              		.loc 1 138 0
  46 0002 0348     		ldr	r0, .L2
  47 0004 FFF7FEFF 		bl	qeiObjectInit
  48              		.loc 1 139 0
  49 0008 014B     		ldr	r3, .L2
  50 000a 024A     		ldr	r2, .L2+4
  51 000c 9A60     		str	r2, [r3, #8]
  52              		.loc 1 159 0
  53 000e 08BD     		pop	{r3, pc}
  54              	.L3:
  55              		.align	2
ARM GAS  /tmp/cczx9RIw.s 			page 2


  56              	.L2:
  57 0010 00000000 		.word	QEID4
  58 0014 00080040 		.word	1073743872
  59              		.cfi_endproc
  60              	.LFE118:
  61              		.size	qei_lld_init, .-qei_lld_init
  62 0018 AFF30080 		.section	.text.qei_lld_start,"ax",%progbits
  62      AFF30080 
  63              		.align	2
  64              		.p2align 4,,15
  65              		.global	qei_lld_start
  66              		.thumb
  67              		.thumb_func
  68              		.type	qei_lld_start, %function
  69              	qei_lld_start:
  70              	.LFB119:
  71              		.loc 1 168 0
  72              		.cfi_startproc
  73              		@ args = 0, pretend = 0, frame = 8
  74              		@ frame_needed = 0, uses_anonymous_args = 0
  75              		@ link register save eliminated.
  76 0000 82B0     		sub	sp, sp, #8
  77              		.cfi_def_cfa_offset 8
  78 0002 0190     		str	r0, [sp, #4]
  79              		.loc 1 170 0
  80 0004 019B     		ldr	r3, [sp, #4]
  81 0006 1B78     		ldrb	r3, [r3]	@ zero_extendqisi2
  82 0008 012B     		cmp	r3, #1
  83 000a 12D1     		bne	.L5
  84              		.loc 1 191 0
  85 000c 019B     		ldr	r3, [sp, #4]
  86 000e 324A     		ldr	r2, .L15
  87 0010 9342     		cmp	r3, r2
  88 0012 0ED1     		bne	.L5
  89              		.loc 1 192 0
  90 0014 314A     		ldr	r2, .L15+4
  91 0016 314B     		ldr	r3, .L15+4
  92 0018 DB69     		ldr	r3, [r3, #28]
  93 001a 43F00403 		orr	r3, r3, #4
  94 001e D361     		str	r3, [r2, #28]
  95              		.loc 1 193 0
  96 0020 2E4A     		ldr	r2, .L15+4
  97 0022 2E4B     		ldr	r3, .L15+4
  98 0024 1B69     		ldr	r3, [r3, #16]
  99 0026 43F00403 		orr	r3, r3, #4
 100 002a 1361     		str	r3, [r2, #16]
 101 002c 2B4B     		ldr	r3, .L15+4
 102 002e 0022     		movs	r2, #0
 103 0030 1A61     		str	r2, [r3, #16]
 104              	.L5:
 105              		.loc 1 217 0
 106 0032 019B     		ldr	r3, [sp, #4]
 107 0034 9B68     		ldr	r3, [r3, #8]
 108 0036 0022     		movs	r2, #0
 109 0038 1A60     		str	r2, [r3]
 110              		.loc 1 218 0
 111 003a 019B     		ldr	r3, [sp, #4]
ARM GAS  /tmp/cczx9RIw.s 			page 3


 112 003c 9B68     		ldr	r3, [r3, #8]
 113 003e 0022     		movs	r2, #0
 114 0040 5A60     		str	r2, [r3, #4]
 115              		.loc 1 219 0
 116 0042 019B     		ldr	r3, [sp, #4]
 117 0044 9B68     		ldr	r3, [r3, #8]
 118 0046 0022     		movs	r2, #0
 119 0048 9A62     		str	r2, [r3, #40]
 120              		.loc 1 220 0
 121 004a 019B     		ldr	r3, [sp, #4]
 122 004c 9B68     		ldr	r3, [r3, #8]
 123 004e 0022     		movs	r2, #0
 124 0050 DA60     		str	r2, [r3, #12]
 125              		.loc 1 221 0
 126 0052 019B     		ldr	r3, [sp, #4]
 127 0054 9B68     		ldr	r3, [r3, #8]
 128 0056 4FF6FF72 		movw	r2, #65535
 129 005a DA62     		str	r2, [r3, #44]
 130              		.loc 1 224 0
 131 005c 019B     		ldr	r3, [sp, #4]
 132 005e 9A68     		ldr	r2, [r3, #8]
 133 0060 019B     		ldr	r3, [sp, #4]
 134 0062 9B68     		ldr	r3, [r3, #8]
 135 0064 9B69     		ldr	r3, [r3, #24]
 136 0066 43F48073 		orr	r3, r3, #256
 137 006a 43F00103 		orr	r3, r3, #1
 138 006e 9361     		str	r3, [r2, #24]
 139              		.loc 1 226 0
 140 0070 019B     		ldr	r3, [sp, #4]
 141 0072 5B68     		ldr	r3, [r3, #4]
 142 0074 1B78     		ldrb	r3, [r3]	@ zero_extendqisi2
 143 0076 012B     		cmp	r3, #1
 144 0078 13D0     		beq	.L7
 145 007a 022B     		cmp	r3, #2
 146 007c 16D0     		beq	.L8
 147 007e 002B     		cmp	r3, #0
 148 0080 00D0     		beq	.L9
 149              		.loc 1 246 0
 150 0082 18E0     		b	.L12
 151              	.L9:
 152              		.loc 1 228 0
 153 0084 019B     		ldr	r3, [sp, #4]
 154 0086 5B68     		ldr	r3, [r3, #4]
 155 0088 5B78     		ldrb	r3, [r3, #1]	@ zero_extendqisi2
 156 008a 012B     		cmp	r3, #1
 157 008c 04D1     		bne	.L10
 158              		.loc 1 229 0
 159 008e 019B     		ldr	r3, [sp, #4]
 160 0090 9B68     		ldr	r3, [r3, #8]
 161 0092 0322     		movs	r2, #3
 162 0094 9A60     		str	r2, [r3, #8]
 163              		.loc 1 232 0
 164 0096 0EE0     		b	.L12
 165              	.L10:
 166              		.loc 1 231 0
 167 0098 019B     		ldr	r3, [sp, #4]
 168 009a 9B68     		ldr	r3, [r3, #8]
ARM GAS  /tmp/cczx9RIw.s 			page 4


 169 009c 0122     		movs	r2, #1
 170 009e 9A60     		str	r2, [r3, #8]
 171              		.loc 1 232 0
 172 00a0 09E0     		b	.L12
 173              	.L7:
 174              		.loc 1 236 0
 175 00a2 019B     		ldr	r3, [sp, #4]
 176 00a4 9B68     		ldr	r3, [r3, #8]
 177 00a6 0122     		movs	r2, #1
 178 00a8 9A60     		str	r2, [r3, #8]
 179              		.loc 1 237 0
 180 00aa 04E0     		b	.L12
 181              	.L8:
 182              		.loc 1 241 0
 183 00ac 019B     		ldr	r3, [sp, #4]
 184 00ae 9B68     		ldr	r3, [r3, #8]
 185 00b0 0222     		movs	r2, #2
 186 00b2 9A60     		str	r2, [r3, #8]
 187              		.loc 1 242 0
 188 00b4 00BF     		nop
 189              	.L12:
 190              		.loc 1 249 0
 191 00b6 019B     		ldr	r3, [sp, #4]
 192 00b8 5B68     		ldr	r3, [r3, #4]
 193 00ba 9B78     		ldrb	r3, [r3, #2]	@ zero_extendqisi2
 194 00bc 012B     		cmp	r3, #1
 195 00be 04D1     		bne	.L13
 196              		.loc 1 250 0
 197 00c0 019B     		ldr	r3, [sp, #4]
 198 00c2 9B68     		ldr	r3, [r3, #8]
 199 00c4 1322     		movs	r2, #19
 200 00c6 1A62     		str	r2, [r3, #32]
 201 00c8 03E0     		b	.L4
 202              	.L13:
 203              		.loc 1 252 0
 204 00ca 019B     		ldr	r3, [sp, #4]
 205 00cc 9B68     		ldr	r3, [r3, #8]
 206 00ce 1122     		movs	r2, #17
 207 00d0 1A62     		str	r2, [r3, #32]
 208              	.L4:
 209              		.loc 1 253 0
 210 00d2 02B0     		add	sp, sp, #8
 211              		.cfi_def_cfa_offset 0
 212              		@ sp needed
 213 00d4 7047     		bx	lr
 214              	.L16:
 215 00d6 00BF     		.align	2
 216              	.L15:
 217 00d8 00000000 		.word	QEID4
 218 00dc 00100240 		.word	1073876992
 219              		.cfi_endproc
 220              	.LFE119:
 221              		.size	qei_lld_start, .-qei_lld_start
 222              		.section	.text.qei_lld_stop,"ax",%progbits
 223              		.align	2
 224              		.p2align 4,,15
 225              		.global	qei_lld_stop
ARM GAS  /tmp/cczx9RIw.s 			page 5


 226              		.thumb
 227              		.thumb_func
 228              		.type	qei_lld_stop, %function
 229              	qei_lld_stop:
 230              	.LFB120:
 231              		.loc 1 262 0
 232              		.cfi_startproc
 233              		@ args = 0, pretend = 0, frame = 8
 234              		@ frame_needed = 0, uses_anonymous_args = 0
 235              		@ link register save eliminated.
 236 0000 82B0     		sub	sp, sp, #8
 237              		.cfi_def_cfa_offset 8
 238 0002 0190     		str	r0, [sp, #4]
 239              		.loc 1 264 0
 240 0004 019B     		ldr	r3, [sp, #4]
 241 0006 1B78     		ldrb	r3, [r3]	@ zero_extendqisi2
 242 0008 022B     		cmp	r3, #2
 243 000a 0DD1     		bne	.L17
 244              		.loc 1 265 0
 245 000c 019B     		ldr	r3, [sp, #4]
 246 000e 9B68     		ldr	r3, [r3, #8]
 247 0010 0022     		movs	r2, #0
 248 0012 1A60     		str	r2, [r3]
 249              		.loc 1 284 0
 250 0014 019B     		ldr	r3, [sp, #4]
 251 0016 054A     		ldr	r2, .L19
 252 0018 9342     		cmp	r3, r2
 253 001a 05D1     		bne	.L17
 254              		.loc 1 285 0
 255 001c 044A     		ldr	r2, .L19+4
 256 001e 044B     		ldr	r3, .L19+4
 257 0020 DB69     		ldr	r3, [r3, #28]
 258 0022 23F00403 		bic	r3, r3, #4
 259 0026 D361     		str	r3, [r2, #28]
 260              	.L17:
 261              		.loc 1 304 0
 262 0028 02B0     		add	sp, sp, #8
 263              		.cfi_def_cfa_offset 0
 264              		@ sp needed
 265 002a 7047     		bx	lr
 266              	.L20:
 267              		.align	2
 268              	.L19:
 269 002c 00000000 		.word	QEID4
 270 0030 00100240 		.word	1073876992
 271              		.cfi_endproc
 272              	.LFE120:
 273              		.size	qei_lld_stop, .-qei_lld_stop
 274 0034 AFF30080 		.section	.text.qei_lld_enable,"ax",%progbits
 274      AFF30080 
 274      AFF30080 
 275              		.align	2
 276              		.p2align 4,,15
 277              		.global	qei_lld_enable
 278              		.thumb
 279              		.thumb_func
 280              		.type	qei_lld_enable, %function
ARM GAS  /tmp/cczx9RIw.s 			page 6


 281              	qei_lld_enable:
 282              	.LFB121:
 283              		.loc 1 313 0
 284              		.cfi_startproc
 285              		@ args = 0, pretend = 0, frame = 8
 286              		@ frame_needed = 0, uses_anonymous_args = 0
 287              		@ link register save eliminated.
 288 0000 82B0     		sub	sp, sp, #8
 289              		.cfi_def_cfa_offset 8
 290 0002 0190     		str	r0, [sp, #4]
 291              		.loc 1 315 0
 292 0004 019B     		ldr	r3, [sp, #4]
 293 0006 9B68     		ldr	r3, [r3, #8]
 294 0008 0122     		movs	r2, #1
 295 000a 1A60     		str	r2, [r3]
 296              		.loc 1 316 0
 297 000c 02B0     		add	sp, sp, #8
 298              		.cfi_def_cfa_offset 0
 299              		@ sp needed
 300 000e 7047     		bx	lr
 301              		.cfi_endproc
 302              	.LFE121:
 303              		.size	qei_lld_enable, .-qei_lld_enable
 304              		.section	.text.qei_lld_disable,"ax",%progbits
 305              		.align	2
 306              		.p2align 4,,15
 307              		.global	qei_lld_disable
 308              		.thumb
 309              		.thumb_func
 310              		.type	qei_lld_disable, %function
 311              	qei_lld_disable:
 312              	.LFB122:
 313              		.loc 1 325 0
 314              		.cfi_startproc
 315              		@ args = 0, pretend = 0, frame = 8
 316              		@ frame_needed = 0, uses_anonymous_args = 0
 317              		@ link register save eliminated.
 318 0000 82B0     		sub	sp, sp, #8
 319              		.cfi_def_cfa_offset 8
 320 0002 0190     		str	r0, [sp, #4]
 321              		.loc 1 327 0
 322 0004 019B     		ldr	r3, [sp, #4]
 323 0006 9B68     		ldr	r3, [r3, #8]
 324 0008 0022     		movs	r2, #0
 325 000a 1A60     		str	r2, [r3]
 326              		.loc 1 328 0
 327 000c 02B0     		add	sp, sp, #8
 328              		.cfi_def_cfa_offset 0
 329              		@ sp needed
 330 000e 7047     		bx	lr
 331              		.cfi_endproc
 332              	.LFE122:
 333              		.size	qei_lld_disable, .-qei_lld_disable
 334              		.text
 335              	.Letext0:
 336              		.file 2 "/home/denny/r2p-sdk/tools/gcc-arm-none-eabi-4_9-2014q4/arm-none-eabi/include/machine/_def
 337              		.file 3 "/home/denny/r2p-sdk/tools/gcc-arm-none-eabi-4_9-2014q4/arm-none-eabi/include/stdint.h"
ARM GAS  /tmp/cczx9RIw.s 			page 7


 338              		.file 4 "/home/denny/r2p-sdk/core/ChibiOS/os/hal/platforms/STM32F30x/stm32f30x.h"
 339              		.file 5 "/home/denny/r2p-sdk/core/ChibiOS/os/hal/platforms/STM32/TIMv1/stm32_tim.h"
 340              		.file 6 "/home/denny/r2p-sdk/modules/uDC_module/qei.h"
 341              		.file 7 "/home/denny/r2p-sdk/modules/uDC_module/qei_lld.h"
 342              		.file 8 "/home/denny/r2p-sdk/core/ChibiOS/os/ports/common/ARMCMx/CMSIS/include/core_cm4.h"
 343              		.section	.debug_info,"",%progbits
 344              	.Ldebug_info0:
 345 0000 C0040000 		.4byte	0x4c0
 346 0004 0400     		.2byte	0x4
 347 0006 00000000 		.4byte	.Ldebug_abbrev0
 348 000a 04       		.byte	0x4
 349 000b 01       		.uleb128 0x1
 350 000c 7A000000 		.4byte	.LASF71
 351 0010 01       		.byte	0x1
 352 0011 A8030000 		.4byte	.LASF72
 353 0015 00000000 		.4byte	.Ldebug_ranges0+0
 354 0019 00000000 		.4byte	0
 355 001d 00000000 		.4byte	.Ldebug_line0
 356 0021 02       		.uleb128 0x2
 357 0022 04       		.byte	0x4
 358 0023 05       		.byte	0x5
 359 0024 696E7400 		.ascii	"int\000"
 360 0028 03       		.uleb128 0x3
 361 0029 04       		.byte	0x4
 362 002a 07       		.byte	0x7
 363 002b AE020000 		.4byte	.LASF0
 364 002f 03       		.uleb128 0x3
 365 0030 01       		.byte	0x1
 366 0031 06       		.byte	0x6
 367 0032 73020000 		.4byte	.LASF1
 368 0036 03       		.uleb128 0x3
 369 0037 01       		.byte	0x1
 370 0038 08       		.byte	0x8
 371 0039 5D020000 		.4byte	.LASF2
 372 003d 03       		.uleb128 0x3
 373 003e 02       		.byte	0x2
 374 003f 05       		.byte	0x5
 375 0040 2B000000 		.4byte	.LASF3
 376 0044 04       		.uleb128 0x4
 377 0045 6F000000 		.4byte	.LASF5
 378 0049 02       		.byte	0x2
 379 004a 2B       		.byte	0x2b
 380 004b 4F000000 		.4byte	0x4f
 381 004f 03       		.uleb128 0x3
 382 0050 02       		.byte	0x2
 383 0051 07       		.byte	0x7
 384 0052 DB020000 		.4byte	.LASF4
 385 0056 04       		.uleb128 0x4
 386 0057 9E030000 		.4byte	.LASF6
 387 005b 02       		.byte	0x2
 388 005c 3F       		.byte	0x3f
 389 005d 61000000 		.4byte	0x61
 390 0061 03       		.uleb128 0x3
 391 0062 04       		.byte	0x4
 392 0063 05       		.byte	0x5
 393 0064 EF010000 		.4byte	.LASF7
 394 0068 04       		.uleb128 0x4
ARM GAS  /tmp/cczx9RIw.s 			page 8


 395 0069 5F000000 		.4byte	.LASF8
 396 006d 02       		.byte	0x2
 397 006e 41       		.byte	0x41
 398 006f 73000000 		.4byte	0x73
 399 0073 03       		.uleb128 0x3
 400 0074 04       		.byte	0x4
 401 0075 07       		.byte	0x7
 402 0076 7F030000 		.4byte	.LASF9
 403 007a 03       		.uleb128 0x3
 404 007b 08       		.byte	0x8
 405 007c 05       		.byte	0x5
 406 007d CC010000 		.4byte	.LASF10
 407 0081 03       		.uleb128 0x3
 408 0082 08       		.byte	0x8
 409 0083 07       		.byte	0x7
 410 0084 7F020000 		.4byte	.LASF11
 411 0088 04       		.uleb128 0x4
 412 0089 F3020000 		.4byte	.LASF12
 413 008d 03       		.byte	0x3
 414 008e 21       		.byte	0x21
 415 008f 44000000 		.4byte	0x44
 416 0093 04       		.uleb128 0x4
 417 0094 0D030000 		.4byte	.LASF13
 418 0098 03       		.byte	0x3
 419 0099 2C       		.byte	0x2c
 420 009a 56000000 		.4byte	0x56
 421 009e 04       		.uleb128 0x4
 422 009f A5020000 		.4byte	.LASF14
 423 00a3 03       		.byte	0x3
 424 00a4 2D       		.byte	0x2d
 425 00a5 68000000 		.4byte	0x68
 426 00a9 03       		.uleb128 0x3
 427 00aa 01       		.byte	0x1
 428 00ab 02       		.byte	0x2
 429 00ac 27030000 		.4byte	.LASF15
 430 00b0 05       		.uleb128 0x5
 431 00b1 9E000000 		.4byte	0x9e
 432 00b5 03       		.uleb128 0x3
 433 00b6 04       		.byte	0x4
 434 00b7 07       		.byte	0x7
 435 00b8 3A000000 		.4byte	.LASF16
 436 00bc 03       		.uleb128 0x3
 437 00bd 01       		.byte	0x1
 438 00be 08       		.byte	0x8
 439 00bf EE020000 		.4byte	.LASF17
 440 00c3 06       		.uleb128 0x6
 441 00c4 9E000000 		.4byte	0x9e
 442 00c8 D3000000 		.4byte	0xd3
 443 00cc 07       		.uleb128 0x7
 444 00cd B5000000 		.4byte	0xb5
 445 00d1 03       		.byte	0x3
 446 00d2 00       		.byte	0
 447 00d3 05       		.uleb128 0x5
 448 00d4 93000000 		.4byte	0x93
 449 00d8 08       		.uleb128 0x8
 450 00d9 34       		.byte	0x34
 451 00da 04       		.byte	0x4
ARM GAS  /tmp/cczx9RIw.s 			page 9


 452 00db 8502     		.2byte	0x285
 453 00dd 8A010000 		.4byte	0x18a
 454 00e1 09       		.uleb128 0x9
 455 00e2 435200   		.ascii	"CR\000"
 456 00e5 04       		.byte	0x4
 457 00e6 8702     		.2byte	0x287
 458 00e8 B0000000 		.4byte	0xb0
 459 00ec 00       		.byte	0
 460 00ed 0A       		.uleb128 0xa
 461 00ee 9A010000 		.4byte	.LASF18
 462 00f2 04       		.byte	0x4
 463 00f3 8802     		.2byte	0x288
 464 00f5 B0000000 		.4byte	0xb0
 465 00f9 04       		.byte	0x4
 466 00fa 09       		.uleb128 0x9
 467 00fb 43495200 		.ascii	"CIR\000"
 468 00ff 04       		.byte	0x4
 469 0100 8902     		.2byte	0x289
 470 0102 B0000000 		.4byte	0xb0
 471 0106 08       		.byte	0x8
 472 0107 0A       		.uleb128 0xa
 473 0108 1A020000 		.4byte	.LASF19
 474 010c 04       		.byte	0x4
 475 010d 8A02     		.2byte	0x28a
 476 010f B0000000 		.4byte	0xb0
 477 0113 0C       		.byte	0xc
 478 0114 0A       		.uleb128 0xa
 479 0115 11000000 		.4byte	.LASF20
 480 0119 04       		.byte	0x4
 481 011a 8B02     		.2byte	0x28b
 482 011c B0000000 		.4byte	0xb0
 483 0120 10       		.byte	0x10
 484 0121 0A       		.uleb128 0xa
 485 0122 13020000 		.4byte	.LASF21
 486 0126 04       		.byte	0x4
 487 0127 8C02     		.2byte	0x28c
 488 0129 B0000000 		.4byte	0xb0
 489 012d 14       		.byte	0x14
 490 012e 0A       		.uleb128 0xa
 491 012f 6B020000 		.4byte	.LASF22
 492 0133 04       		.byte	0x4
 493 0134 8D02     		.2byte	0x28d
 494 0136 B0000000 		.4byte	0xb0
 495 013a 18       		.byte	0x18
 496 013b 0A       		.uleb128 0xa
 497 013c A5010000 		.4byte	.LASF23
 498 0140 04       		.byte	0x4
 499 0141 8E02     		.2byte	0x28e
 500 0143 B0000000 		.4byte	0xb0
 501 0147 1C       		.byte	0x1c
 502 0148 0A       		.uleb128 0xa
 503 0149 43000000 		.4byte	.LASF24
 504 014d 04       		.byte	0x4
 505 014e 8F02     		.2byte	0x28f
 506 0150 B0000000 		.4byte	0xb0
 507 0154 20       		.byte	0x20
 508 0155 09       		.uleb128 0x9
ARM GAS  /tmp/cczx9RIw.s 			page 10


 509 0156 43535200 		.ascii	"CSR\000"
 510 015a 04       		.byte	0x4
 511 015b 9002     		.2byte	0x290
 512 015d B0000000 		.4byte	0xb0
 513 0161 24       		.byte	0x24
 514 0162 0A       		.uleb128 0xa
 515 0163 C4010000 		.4byte	.LASF25
 516 0167 04       		.byte	0x4
 517 0168 9102     		.2byte	0x291
 518 016a B0000000 		.4byte	0xb0
 519 016e 28       		.byte	0x28
 520 016f 0A       		.uleb128 0xa
 521 0170 BB020000 		.4byte	.LASF26
 522 0174 04       		.byte	0x4
 523 0175 9202     		.2byte	0x292
 524 0177 B0000000 		.4byte	0xb0
 525 017b 2C       		.byte	0x2c
 526 017c 0A       		.uleb128 0xa
 527 017d C1020000 		.4byte	.LASF27
 528 0181 04       		.byte	0x4
 529 0182 9302     		.2byte	0x293
 530 0184 B0000000 		.4byte	0xb0
 531 0188 30       		.byte	0x30
 532 0189 00       		.byte	0
 533 018a 0B       		.uleb128 0xb
 534 018b 05000000 		.4byte	.LASF28
 535 018f 04       		.byte	0x4
 536 0190 9402     		.2byte	0x294
 537 0192 D8000000 		.4byte	0xd8
 538 0196 08       		.uleb128 0x8
 539 0197 60       		.byte	0x60
 540 0198 05       		.byte	0x5
 541 0199 9E01     		.2byte	0x19e
 542 019b AF020000 		.4byte	0x2af
 543 019f 09       		.uleb128 0x9
 544 01a0 43523100 		.ascii	"CR1\000"
 545 01a4 05       		.byte	0x5
 546 01a5 9F01     		.2byte	0x19f
 547 01a7 B0000000 		.4byte	0xb0
 548 01ab 00       		.byte	0
 549 01ac 09       		.uleb128 0x9
 550 01ad 43523200 		.ascii	"CR2\000"
 551 01b1 05       		.byte	0x5
 552 01b2 A001     		.2byte	0x1a0
 553 01b4 B0000000 		.4byte	0xb0
 554 01b8 04       		.byte	0x4
 555 01b9 0A       		.uleb128 0xa
 556 01ba 35000000 		.4byte	.LASF29
 557 01be 05       		.byte	0x5
 558 01bf A101     		.2byte	0x1a1
 559 01c1 B0000000 		.4byte	0xb0
 560 01c5 08       		.byte	0x8
 561 01c6 0A       		.uleb128 0xa
 562 01c7 D6020000 		.4byte	.LASF30
 563 01cb 05       		.byte	0x5
 564 01cc A201     		.2byte	0x1a2
 565 01ce B0000000 		.4byte	0xb0
ARM GAS  /tmp/cczx9RIw.s 			page 11


 566 01d2 0C       		.byte	0xc
 567 01d3 09       		.uleb128 0x9
 568 01d4 535200   		.ascii	"SR\000"
 569 01d7 05       		.byte	0x5
 570 01d8 A301     		.2byte	0x1a3
 571 01da B0000000 		.4byte	0xb0
 572 01de 10       		.byte	0x10
 573 01df 09       		.uleb128 0x9
 574 01e0 45475200 		.ascii	"EGR\000"
 575 01e4 05       		.byte	0x5
 576 01e5 A401     		.2byte	0x1a4
 577 01e7 B0000000 		.4byte	0xb0
 578 01eb 14       		.byte	0x14
 579 01ec 0A       		.uleb128 0xa
 580 01ed 23020000 		.4byte	.LASF31
 581 01f1 05       		.byte	0x5
 582 01f2 A501     		.2byte	0x1a5
 583 01f4 B0000000 		.4byte	0xb0
 584 01f8 18       		.byte	0x18
 585 01f9 0A       		.uleb128 0xa
 586 01fa 25000000 		.4byte	.LASF32
 587 01fe 05       		.byte	0x5
 588 01ff A601     		.2byte	0x1a6
 589 0201 B0000000 		.4byte	0xb0
 590 0205 1C       		.byte	0x1c
 591 0206 0A       		.uleb128 0xa
 592 0207 00000000 		.4byte	.LASF33
 593 020b 05       		.byte	0x5
 594 020c A701     		.2byte	0x1a7
 595 020e B0000000 		.4byte	0xb0
 596 0212 20       		.byte	0x20
 597 0213 09       		.uleb128 0x9
 598 0214 434E5400 		.ascii	"CNT\000"
 599 0218 05       		.byte	0x5
 600 0219 A801     		.2byte	0x1a8
 601 021b B0000000 		.4byte	0xb0
 602 021f 24       		.byte	0x24
 603 0220 09       		.uleb128 0x9
 604 0221 50534300 		.ascii	"PSC\000"
 605 0225 05       		.byte	0x5
 606 0226 A901     		.2byte	0x1a9
 607 0228 B0000000 		.4byte	0xb0
 608 022c 28       		.byte	0x28
 609 022d 09       		.uleb128 0x9
 610 022e 41525200 		.ascii	"ARR\000"
 611 0232 05       		.byte	0x5
 612 0233 AA01     		.2byte	0x1aa
 613 0235 B0000000 		.4byte	0xb0
 614 0239 2C       		.byte	0x2c
 615 023a 09       		.uleb128 0x9
 616 023b 52435200 		.ascii	"RCR\000"
 617 023f 05       		.byte	0x5
 618 0240 AB01     		.2byte	0x1ab
 619 0242 B0000000 		.4byte	0xb0
 620 0246 30       		.byte	0x30
 621 0247 09       		.uleb128 0x9
 622 0248 43435200 		.ascii	"CCR\000"
ARM GAS  /tmp/cczx9RIw.s 			page 12


 623 024c 05       		.byte	0x5
 624 024d AC01     		.2byte	0x1ac
 625 024f AF020000 		.4byte	0x2af
 626 0253 34       		.byte	0x34
 627 0254 0A       		.uleb128 0xa
 628 0255 08030000 		.4byte	.LASF34
 629 0259 05       		.byte	0x5
 630 025a AD01     		.2byte	0x1ad
 631 025c B0000000 		.4byte	0xb0
 632 0260 44       		.byte	0x44
 633 0261 09       		.uleb128 0x9
 634 0262 44435200 		.ascii	"DCR\000"
 635 0266 05       		.byte	0x5
 636 0267 AE01     		.2byte	0x1ae
 637 0269 B0000000 		.4byte	0xb0
 638 026d 48       		.byte	0x48
 639 026e 0A       		.uleb128 0xa
 640 026f 1A000000 		.4byte	.LASF35
 641 0273 05       		.byte	0x5
 642 0274 AF01     		.2byte	0x1af
 643 0276 B0000000 		.4byte	0xb0
 644 027a 4C       		.byte	0x4c
 645 027b 09       		.uleb128 0x9
 646 027c 4F5200   		.ascii	"OR\000"
 647 027f 05       		.byte	0x5
 648 0280 B001     		.2byte	0x1b0
 649 0282 B0000000 		.4byte	0xb0
 650 0286 50       		.byte	0x50
 651 0287 0A       		.uleb128 0xa
 652 0288 29020000 		.4byte	.LASF36
 653 028c 05       		.byte	0x5
 654 028d B101     		.2byte	0x1b1
 655 028f B0000000 		.4byte	0xb0
 656 0293 54       		.byte	0x54
 657 0294 0A       		.uleb128 0xa
 658 0295 F8010000 		.4byte	.LASF37
 659 0299 05       		.byte	0x5
 660 029a B201     		.2byte	0x1b2
 661 029c B0000000 		.4byte	0xb0
 662 02a0 58       		.byte	0x58
 663 02a1 0A       		.uleb128 0xa
 664 02a2 FD010000 		.4byte	.LASF38
 665 02a6 05       		.byte	0x5
 666 02a7 B301     		.2byte	0x1b3
 667 02a9 B0000000 		.4byte	0xb0
 668 02ad 5C       		.byte	0x5c
 669 02ae 00       		.byte	0
 670 02af 05       		.uleb128 0x5
 671 02b0 C3000000 		.4byte	0xc3
 672 02b4 0B       		.uleb128 0xb
 673 02b5 FC020000 		.4byte	.LASF39
 674 02b9 05       		.byte	0x5
 675 02ba B401     		.2byte	0x1b4
 676 02bc 96010000 		.4byte	0x196
 677 02c0 0C       		.uleb128 0xc
 678 02c1 04       		.byte	0x4
 679 02c2 B4020000 		.4byte	0x2b4
ARM GAS  /tmp/cczx9RIw.s 			page 13


 680 02c6 0D       		.uleb128 0xd
 681 02c7 01       		.byte	0x1
 682 02c8 06       		.byte	0x6
 683 02c9 35       		.byte	0x35
 684 02ca E7020000 		.4byte	0x2e7
 685 02ce 0E       		.uleb128 0xe
 686 02cf E4010000 		.4byte	.LASF40
 687 02d3 00       		.sleb128 0
 688 02d4 0E       		.uleb128 0xe
 689 02d5 49020000 		.4byte	.LASF41
 690 02d9 01       		.sleb128 1
 691 02da 0E       		.uleb128 0xe
 692 02db BA010000 		.4byte	.LASF42
 693 02df 02       		.sleb128 2
 694 02e0 0E       		.uleb128 0xe
 695 02e1 52020000 		.4byte	.LASF43
 696 02e5 03       		.sleb128 3
 697 02e6 00       		.byte	0
 698 02e7 04       		.uleb128 0x4
 699 02e8 54000000 		.4byte	.LASF44
 700 02ec 06       		.byte	0x6
 701 02ed 3A       		.byte	0x3a
 702 02ee C6020000 		.4byte	0x2c6
 703 02f2 04       		.uleb128 0x4
 704 02f3 DA010000 		.4byte	.LASF45
 705 02f7 06       		.byte	0x6
 706 02f8 3F       		.byte	0x3f
 707 02f9 FD020000 		.4byte	0x2fd
 708 02fd 0F       		.uleb128 0xf
 709 02fe DA010000 		.4byte	.LASF45
 710 0302 0C       		.byte	0xc
 711 0303 07       		.byte	0x7
 712 0304 1F01     		.2byte	0x11f
 713 0306 3F030000 		.4byte	0x33f
 714 030a 0A       		.uleb128 0xa
 715 030b 1F000000 		.4byte	.LASF46
 716 030f 07       		.byte	0x7
 717 0310 2301     		.2byte	0x123
 718 0312 E7020000 		.4byte	0x2e7
 719 0316 00       		.byte	0
 720 0317 0A       		.uleb128 0xa
 721 0318 F1030000 		.4byte	.LASF47
 722 031c 07       		.byte	0x7
 723 031d 2701     		.2byte	0x127
 724 031f AB030000 		.4byte	0x3ab
 725 0323 02       		.byte	0x2
 726 0324 0A       		.uleb128 0xa
 727 0325 93010000 		.4byte	.LASF48
 728 0329 07       		.byte	0x7
 729 032a 2B01     		.2byte	0x12b
 730 032c F4030000 		.4byte	0x3f4
 731 0330 04       		.byte	0x4
 732 0331 09       		.uleb128 0x9
 733 0332 74696D00 		.ascii	"tim\000"
 734 0336 07       		.byte	0x7
 735 0337 3301     		.2byte	0x133
 736 0339 C0020000 		.4byte	0x2c0
ARM GAS  /tmp/cczx9RIw.s 			page 14


 737 033d 08       		.byte	0x8
 738 033e 00       		.byte	0
 739 033f 0C       		.uleb128 0xc
 740 0340 04       		.byte	0x4
 741 0341 F2020000 		.4byte	0x2f2
 742 0345 0D       		.uleb128 0xd
 743 0346 01       		.byte	0x1
 744 0347 07       		.byte	0x7
 745 0348 E8       		.byte	0xe8
 746 0349 60030000 		.4byte	0x360
 747 034d 0E       		.uleb128 0xe
 748 034e 4D030000 		.4byte	.LASF49
 749 0352 00       		.sleb128 0
 750 0353 0E       		.uleb128 0xe
 751 0354 F6030000 		.4byte	.LASF50
 752 0358 01       		.sleb128 1
 753 0359 0E       		.uleb128 0xe
 754 035a 09040000 		.4byte	.LASF51
 755 035e 02       		.sleb128 2
 756 035f 00       		.byte	0
 757 0360 04       		.uleb128 0x4
 758 0361 D9030000 		.4byte	.LASF52
 759 0365 07       		.byte	0x7
 760 0366 EC       		.byte	0xec
 761 0367 45030000 		.4byte	0x345
 762 036b 0D       		.uleb128 0xd
 763 036c 01       		.byte	0x1
 764 036d 07       		.byte	0x7
 765 036e F1       		.byte	0xf1
 766 036f 80030000 		.4byte	0x380
 767 0373 0E       		.uleb128 0xe
 768 0374 2F020000 		.4byte	.LASF53
 769 0378 00       		.sleb128 0
 770 0379 0E       		.uleb128 0xe
 771 037a 96020000 		.4byte	.LASF54
 772 037e 01       		.sleb128 1
 773 037f 00       		.byte	0
 774 0380 04       		.uleb128 0x4
 775 0381 3D030000 		.4byte	.LASF55
 776 0385 07       		.byte	0x7
 777 0386 F4       		.byte	0xf4
 778 0387 6B030000 		.4byte	0x36b
 779 038b 0D       		.uleb128 0xd
 780 038c 01       		.byte	0x1
 781 038d 07       		.byte	0x7
 782 038e F9       		.byte	0xf9
 783 038f A0030000 		.4byte	0x3a0
 784 0393 0E       		.uleb128 0xe
 785 0394 02020000 		.4byte	.LASF56
 786 0398 00       		.sleb128 0
 787 0399 0E       		.uleb128 0xe
 788 039a 2D030000 		.4byte	.LASF57
 789 039e 01       		.sleb128 1
 790 039f 00       		.byte	0
 791 03a0 04       		.uleb128 0x4
 792 03a1 48000000 		.4byte	.LASF58
 793 03a5 07       		.byte	0x7
ARM GAS  /tmp/cczx9RIw.s 			page 15


 794 03a6 FC       		.byte	0xfc
 795 03a7 8B030000 		.4byte	0x38b
 796 03ab 0B       		.uleb128 0xb
 797 03ac 61030000 		.4byte	.LASF59
 798 03b0 07       		.byte	0x7
 799 03b1 0101     		.2byte	0x101
 800 03b3 88000000 		.4byte	0x88
 801 03b7 08       		.uleb128 0x8
 802 03b8 03       		.byte	0x3
 803 03b9 07       		.byte	0x7
 804 03ba 0C01     		.2byte	0x10c
 805 03bc E8030000 		.4byte	0x3e8
 806 03c0 0A       		.uleb128 0xa
 807 03c1 6A000000 		.4byte	.LASF60
 808 03c5 07       		.byte	0x7
 809 03c6 1001     		.2byte	0x110
 810 03c8 60030000 		.4byte	0x360
 811 03cc 00       		.byte	0
 812 03cd 0A       		.uleb128 0xa
 813 03ce 15030000 		.4byte	.LASF61
 814 03d2 07       		.byte	0x7
 815 03d3 1401     		.2byte	0x114
 816 03d5 80030000 		.4byte	0x380
 817 03d9 01       		.byte	0x1
 818 03da 0A       		.uleb128 0xa
 819 03db 20030000 		.4byte	.LASF62
 820 03df 07       		.byte	0x7
 821 03e0 1801     		.2byte	0x118
 822 03e2 A0030000 		.4byte	0x3a0
 823 03e6 02       		.byte	0x2
 824 03e7 00       		.byte	0
 825 03e8 0B       		.uleb128 0xb
 826 03e9 3F020000 		.4byte	.LASF63
 827 03ed 07       		.byte	0x7
 828 03ee 1A01     		.2byte	0x11a
 829 03f0 B7030000 		.4byte	0x3b7
 830 03f4 0C       		.uleb128 0xc
 831 03f5 04       		.byte	0x4
 832 03f6 FA030000 		.4byte	0x3fa
 833 03fa 10       		.uleb128 0x10
 834 03fb E8030000 		.4byte	0x3e8
 835 03ff 11       		.uleb128 0x11
 836 0400 91030000 		.4byte	.LASF73
 837 0404 01       		.byte	0x1
 838 0405 74       		.byte	0x74
 839 0406 00000000 		.4byte	.LFB118
 840 040a 18000000 		.4byte	.LFE118-.LFB118
 841 040e 01       		.uleb128 0x1
 842 040f 9C       		.byte	0x9c
 843 0410 12       		.uleb128 0x12
 844 0411 E3030000 		.4byte	.LASF64
 845 0415 01       		.byte	0x1
 846 0416 A8       		.byte	0xa8
 847 0417 00000000 		.4byte	.LFB119
 848 041b E0000000 		.4byte	.LFE119-.LFB119
 849 041f 01       		.uleb128 0x1
 850 0420 9C       		.byte	0x9c
ARM GAS  /tmp/cczx9RIw.s 			page 16


 851 0421 34040000 		.4byte	0x434
 852 0425 13       		.uleb128 0x13
 853 0426 7A030000 		.4byte	.LASF66
 854 042a 01       		.byte	0x1
 855 042b A8       		.byte	0xa8
 856 042c 3F030000 		.4byte	0x33f
 857 0430 02       		.uleb128 0x2
 858 0431 91       		.byte	0x91
 859 0432 7C       		.sleb128 -4
 860 0433 00       		.byte	0
 861 0434 14       		.uleb128 0x14
 862 0435 AD010000 		.4byte	.LASF65
 863 0439 01       		.byte	0x1
 864 043a 0601     		.2byte	0x106
 865 043c 00000000 		.4byte	.LFB120
 866 0440 34000000 		.4byte	.LFE120-.LFB120
 867 0444 01       		.uleb128 0x1
 868 0445 9C       		.byte	0x9c
 869 0446 5A040000 		.4byte	0x45a
 870 044a 15       		.uleb128 0x15
 871 044b 7A030000 		.4byte	.LASF66
 872 044f 01       		.byte	0x1
 873 0450 0601     		.2byte	0x106
 874 0452 3F030000 		.4byte	0x33f
 875 0456 02       		.uleb128 0x2
 876 0457 91       		.byte	0x91
 877 0458 7C       		.sleb128 -4
 878 0459 00       		.byte	0
 879 045a 14       		.uleb128 0x14
 880 045b C7020000 		.4byte	.LASF67
 881 045f 01       		.byte	0x1
 882 0460 3901     		.2byte	0x139
 883 0462 00000000 		.4byte	.LFB121
 884 0466 10000000 		.4byte	.LFE121-.LFB121
 885 046a 01       		.uleb128 0x1
 886 046b 9C       		.byte	0x9c
 887 046c 80040000 		.4byte	0x480
 888 0470 15       		.uleb128 0x15
 889 0471 7A030000 		.4byte	.LASF66
 890 0475 01       		.byte	0x1
 891 0476 3901     		.2byte	0x139
 892 0478 3F030000 		.4byte	0x33f
 893 047c 02       		.uleb128 0x2
 894 047d 91       		.byte	0x91
 895 047e 7C       		.sleb128 -4
 896 047f 00       		.byte	0
 897 0480 14       		.uleb128 0x14
 898 0481 6A030000 		.4byte	.LASF68
 899 0485 01       		.byte	0x1
 900 0486 4501     		.2byte	0x145
 901 0488 00000000 		.4byte	.LFB122
 902 048c 10000000 		.4byte	.LFE122-.LFB122
 903 0490 01       		.uleb128 0x1
 904 0491 9C       		.byte	0x9c
 905 0492 A6040000 		.4byte	0x4a6
 906 0496 15       		.uleb128 0x15
 907 0497 7A030000 		.4byte	.LASF66
ARM GAS  /tmp/cczx9RIw.s 			page 17


 908 049b 01       		.byte	0x1
 909 049c 4501     		.2byte	0x145
 910 049e 3F030000 		.4byte	0x33f
 911 04a2 02       		.uleb128 0x2
 912 04a3 91       		.byte	0x91
 913 04a4 7C       		.sleb128 -4
 914 04a5 00       		.byte	0
 915 04a6 16       		.uleb128 0x16
 916 04a7 1C040000 		.4byte	.LASF69
 917 04ab 08       		.byte	0x8
 918 04ac 9806     		.2byte	0x698
 919 04ae D3000000 		.4byte	0xd3
 920 04b2 17       		.uleb128 0x17
 921 04b3 9F010000 		.4byte	.LASF70
 922 04b7 01       		.byte	0x1
 923 04b8 44       		.byte	0x44
 924 04b9 F2020000 		.4byte	0x2f2
 925 04bd 05       		.uleb128 0x5
 926 04be 03       		.byte	0x3
 927 04bf 00000000 		.4byte	QEID4
 928 04c3 00       		.byte	0
 929              		.section	.debug_abbrev,"",%progbits
 930              	.Ldebug_abbrev0:
 931 0000 01       		.uleb128 0x1
 932 0001 11       		.uleb128 0x11
 933 0002 01       		.byte	0x1
 934 0003 25       		.uleb128 0x25
 935 0004 0E       		.uleb128 0xe
 936 0005 13       		.uleb128 0x13
 937 0006 0B       		.uleb128 0xb
 938 0007 03       		.uleb128 0x3
 939 0008 0E       		.uleb128 0xe
 940 0009 55       		.uleb128 0x55
 941 000a 17       		.uleb128 0x17
 942 000b 11       		.uleb128 0x11
 943 000c 01       		.uleb128 0x1
 944 000d 10       		.uleb128 0x10
 945 000e 17       		.uleb128 0x17
 946 000f 00       		.byte	0
 947 0010 00       		.byte	0
 948 0011 02       		.uleb128 0x2
 949 0012 24       		.uleb128 0x24
 950 0013 00       		.byte	0
 951 0014 0B       		.uleb128 0xb
 952 0015 0B       		.uleb128 0xb
 953 0016 3E       		.uleb128 0x3e
 954 0017 0B       		.uleb128 0xb
 955 0018 03       		.uleb128 0x3
 956 0019 08       		.uleb128 0x8
 957 001a 00       		.byte	0
 958 001b 00       		.byte	0
 959 001c 03       		.uleb128 0x3
 960 001d 24       		.uleb128 0x24
 961 001e 00       		.byte	0
 962 001f 0B       		.uleb128 0xb
 963 0020 0B       		.uleb128 0xb
 964 0021 3E       		.uleb128 0x3e
ARM GAS  /tmp/cczx9RIw.s 			page 18


 965 0022 0B       		.uleb128 0xb
 966 0023 03       		.uleb128 0x3
 967 0024 0E       		.uleb128 0xe
 968 0025 00       		.byte	0
 969 0026 00       		.byte	0
 970 0027 04       		.uleb128 0x4
 971 0028 16       		.uleb128 0x16
 972 0029 00       		.byte	0
 973 002a 03       		.uleb128 0x3
 974 002b 0E       		.uleb128 0xe
 975 002c 3A       		.uleb128 0x3a
 976 002d 0B       		.uleb128 0xb
 977 002e 3B       		.uleb128 0x3b
 978 002f 0B       		.uleb128 0xb
 979 0030 49       		.uleb128 0x49
 980 0031 13       		.uleb128 0x13
 981 0032 00       		.byte	0
 982 0033 00       		.byte	0
 983 0034 05       		.uleb128 0x5
 984 0035 35       		.uleb128 0x35
 985 0036 00       		.byte	0
 986 0037 49       		.uleb128 0x49
 987 0038 13       		.uleb128 0x13
 988 0039 00       		.byte	0
 989 003a 00       		.byte	0
 990 003b 06       		.uleb128 0x6
 991 003c 01       		.uleb128 0x1
 992 003d 01       		.byte	0x1
 993 003e 49       		.uleb128 0x49
 994 003f 13       		.uleb128 0x13
 995 0040 01       		.uleb128 0x1
 996 0041 13       		.uleb128 0x13
 997 0042 00       		.byte	0
 998 0043 00       		.byte	0
 999 0044 07       		.uleb128 0x7
 1000 0045 21       		.uleb128 0x21
 1001 0046 00       		.byte	0
 1002 0047 49       		.uleb128 0x49
 1003 0048 13       		.uleb128 0x13
 1004 0049 2F       		.uleb128 0x2f
 1005 004a 0B       		.uleb128 0xb
 1006 004b 00       		.byte	0
 1007 004c 00       		.byte	0
 1008 004d 08       		.uleb128 0x8
 1009 004e 13       		.uleb128 0x13
 1010 004f 01       		.byte	0x1
 1011 0050 0B       		.uleb128 0xb
 1012 0051 0B       		.uleb128 0xb
 1013 0052 3A       		.uleb128 0x3a
 1014 0053 0B       		.uleb128 0xb
 1015 0054 3B       		.uleb128 0x3b
 1016 0055 05       		.uleb128 0x5
 1017 0056 01       		.uleb128 0x1
 1018 0057 13       		.uleb128 0x13
 1019 0058 00       		.byte	0
 1020 0059 00       		.byte	0
 1021 005a 09       		.uleb128 0x9
ARM GAS  /tmp/cczx9RIw.s 			page 19


 1022 005b 0D       		.uleb128 0xd
 1023 005c 00       		.byte	0
 1024 005d 03       		.uleb128 0x3
 1025 005e 08       		.uleb128 0x8
 1026 005f 3A       		.uleb128 0x3a
 1027 0060 0B       		.uleb128 0xb
 1028 0061 3B       		.uleb128 0x3b
 1029 0062 05       		.uleb128 0x5
 1030 0063 49       		.uleb128 0x49
 1031 0064 13       		.uleb128 0x13
 1032 0065 38       		.uleb128 0x38
 1033 0066 0B       		.uleb128 0xb
 1034 0067 00       		.byte	0
 1035 0068 00       		.byte	0
 1036 0069 0A       		.uleb128 0xa
 1037 006a 0D       		.uleb128 0xd
 1038 006b 00       		.byte	0
 1039 006c 03       		.uleb128 0x3
 1040 006d 0E       		.uleb128 0xe
 1041 006e 3A       		.uleb128 0x3a
 1042 006f 0B       		.uleb128 0xb
 1043 0070 3B       		.uleb128 0x3b
 1044 0071 05       		.uleb128 0x5
 1045 0072 49       		.uleb128 0x49
 1046 0073 13       		.uleb128 0x13
 1047 0074 38       		.uleb128 0x38
 1048 0075 0B       		.uleb128 0xb
 1049 0076 00       		.byte	0
 1050 0077 00       		.byte	0
 1051 0078 0B       		.uleb128 0xb
 1052 0079 16       		.uleb128 0x16
 1053 007a 00       		.byte	0
 1054 007b 03       		.uleb128 0x3
 1055 007c 0E       		.uleb128 0xe
 1056 007d 3A       		.uleb128 0x3a
 1057 007e 0B       		.uleb128 0xb
 1058 007f 3B       		.uleb128 0x3b
 1059 0080 05       		.uleb128 0x5
 1060 0081 49       		.uleb128 0x49
 1061 0082 13       		.uleb128 0x13
 1062 0083 00       		.byte	0
 1063 0084 00       		.byte	0
 1064 0085 0C       		.uleb128 0xc
 1065 0086 0F       		.uleb128 0xf
 1066 0087 00       		.byte	0
 1067 0088 0B       		.uleb128 0xb
 1068 0089 0B       		.uleb128 0xb
 1069 008a 49       		.uleb128 0x49
 1070 008b 13       		.uleb128 0x13
 1071 008c 00       		.byte	0
 1072 008d 00       		.byte	0
 1073 008e 0D       		.uleb128 0xd
 1074 008f 04       		.uleb128 0x4
 1075 0090 01       		.byte	0x1
 1076 0091 0B       		.uleb128 0xb
 1077 0092 0B       		.uleb128 0xb
 1078 0093 3A       		.uleb128 0x3a
ARM GAS  /tmp/cczx9RIw.s 			page 20


 1079 0094 0B       		.uleb128 0xb
 1080 0095 3B       		.uleb128 0x3b
 1081 0096 0B       		.uleb128 0xb
 1082 0097 01       		.uleb128 0x1
 1083 0098 13       		.uleb128 0x13
 1084 0099 00       		.byte	0
 1085 009a 00       		.byte	0
 1086 009b 0E       		.uleb128 0xe
 1087 009c 28       		.uleb128 0x28
 1088 009d 00       		.byte	0
 1089 009e 03       		.uleb128 0x3
 1090 009f 0E       		.uleb128 0xe
 1091 00a0 1C       		.uleb128 0x1c
 1092 00a1 0D       		.uleb128 0xd
 1093 00a2 00       		.byte	0
 1094 00a3 00       		.byte	0
 1095 00a4 0F       		.uleb128 0xf
 1096 00a5 13       		.uleb128 0x13
 1097 00a6 01       		.byte	0x1
 1098 00a7 03       		.uleb128 0x3
 1099 00a8 0E       		.uleb128 0xe
 1100 00a9 0B       		.uleb128 0xb
 1101 00aa 0B       		.uleb128 0xb
 1102 00ab 3A       		.uleb128 0x3a
 1103 00ac 0B       		.uleb128 0xb
 1104 00ad 3B       		.uleb128 0x3b
 1105 00ae 05       		.uleb128 0x5
 1106 00af 01       		.uleb128 0x1
 1107 00b0 13       		.uleb128 0x13
 1108 00b1 00       		.byte	0
 1109 00b2 00       		.byte	0
 1110 00b3 10       		.uleb128 0x10
 1111 00b4 26       		.uleb128 0x26
 1112 00b5 00       		.byte	0
 1113 00b6 49       		.uleb128 0x49
 1114 00b7 13       		.uleb128 0x13
 1115 00b8 00       		.byte	0
 1116 00b9 00       		.byte	0
 1117 00ba 11       		.uleb128 0x11
 1118 00bb 2E       		.uleb128 0x2e
 1119 00bc 00       		.byte	0
 1120 00bd 3F       		.uleb128 0x3f
 1121 00be 19       		.uleb128 0x19
 1122 00bf 03       		.uleb128 0x3
 1123 00c0 0E       		.uleb128 0xe
 1124 00c1 3A       		.uleb128 0x3a
 1125 00c2 0B       		.uleb128 0xb
 1126 00c3 3B       		.uleb128 0x3b
 1127 00c4 0B       		.uleb128 0xb
 1128 00c5 27       		.uleb128 0x27
 1129 00c6 19       		.uleb128 0x19
 1130 00c7 11       		.uleb128 0x11
 1131 00c8 01       		.uleb128 0x1
 1132 00c9 12       		.uleb128 0x12
 1133 00ca 06       		.uleb128 0x6
 1134 00cb 40       		.uleb128 0x40
 1135 00cc 18       		.uleb128 0x18
ARM GAS  /tmp/cczx9RIw.s 			page 21


 1136 00cd 9642     		.uleb128 0x2116
 1137 00cf 19       		.uleb128 0x19
 1138 00d0 00       		.byte	0
 1139 00d1 00       		.byte	0
 1140 00d2 12       		.uleb128 0x12
 1141 00d3 2E       		.uleb128 0x2e
 1142 00d4 01       		.byte	0x1
 1143 00d5 3F       		.uleb128 0x3f
 1144 00d6 19       		.uleb128 0x19
 1145 00d7 03       		.uleb128 0x3
 1146 00d8 0E       		.uleb128 0xe
 1147 00d9 3A       		.uleb128 0x3a
 1148 00da 0B       		.uleb128 0xb
 1149 00db 3B       		.uleb128 0x3b
 1150 00dc 0B       		.uleb128 0xb
 1151 00dd 27       		.uleb128 0x27
 1152 00de 19       		.uleb128 0x19
 1153 00df 11       		.uleb128 0x11
 1154 00e0 01       		.uleb128 0x1
 1155 00e1 12       		.uleb128 0x12
 1156 00e2 06       		.uleb128 0x6
 1157 00e3 40       		.uleb128 0x40
 1158 00e4 18       		.uleb128 0x18
 1159 00e5 9742     		.uleb128 0x2117
 1160 00e7 19       		.uleb128 0x19
 1161 00e8 01       		.uleb128 0x1
 1162 00e9 13       		.uleb128 0x13
 1163 00ea 00       		.byte	0
 1164 00eb 00       		.byte	0
 1165 00ec 13       		.uleb128 0x13
 1166 00ed 05       		.uleb128 0x5
 1167 00ee 00       		.byte	0
 1168 00ef 03       		.uleb128 0x3
 1169 00f0 0E       		.uleb128 0xe
 1170 00f1 3A       		.uleb128 0x3a
 1171 00f2 0B       		.uleb128 0xb
 1172 00f3 3B       		.uleb128 0x3b
 1173 00f4 0B       		.uleb128 0xb
 1174 00f5 49       		.uleb128 0x49
 1175 00f6 13       		.uleb128 0x13
 1176 00f7 02       		.uleb128 0x2
 1177 00f8 18       		.uleb128 0x18
 1178 00f9 00       		.byte	0
 1179 00fa 00       		.byte	0
 1180 00fb 14       		.uleb128 0x14
 1181 00fc 2E       		.uleb128 0x2e
 1182 00fd 01       		.byte	0x1
 1183 00fe 3F       		.uleb128 0x3f
 1184 00ff 19       		.uleb128 0x19
 1185 0100 03       		.uleb128 0x3
 1186 0101 0E       		.uleb128 0xe
 1187 0102 3A       		.uleb128 0x3a
 1188 0103 0B       		.uleb128 0xb
 1189 0104 3B       		.uleb128 0x3b
 1190 0105 05       		.uleb128 0x5
 1191 0106 27       		.uleb128 0x27
 1192 0107 19       		.uleb128 0x19
ARM GAS  /tmp/cczx9RIw.s 			page 22


 1193 0108 11       		.uleb128 0x11
 1194 0109 01       		.uleb128 0x1
 1195 010a 12       		.uleb128 0x12
 1196 010b 06       		.uleb128 0x6
 1197 010c 40       		.uleb128 0x40
 1198 010d 18       		.uleb128 0x18
 1199 010e 9742     		.uleb128 0x2117
 1200 0110 19       		.uleb128 0x19
 1201 0111 01       		.uleb128 0x1
 1202 0112 13       		.uleb128 0x13
 1203 0113 00       		.byte	0
 1204 0114 00       		.byte	0
 1205 0115 15       		.uleb128 0x15
 1206 0116 05       		.uleb128 0x5
 1207 0117 00       		.byte	0
 1208 0118 03       		.uleb128 0x3
 1209 0119 0E       		.uleb128 0xe
 1210 011a 3A       		.uleb128 0x3a
 1211 011b 0B       		.uleb128 0xb
 1212 011c 3B       		.uleb128 0x3b
 1213 011d 05       		.uleb128 0x5
 1214 011e 49       		.uleb128 0x49
 1215 011f 13       		.uleb128 0x13
 1216 0120 02       		.uleb128 0x2
 1217 0121 18       		.uleb128 0x18
 1218 0122 00       		.byte	0
 1219 0123 00       		.byte	0
 1220 0124 16       		.uleb128 0x16
 1221 0125 34       		.uleb128 0x34
 1222 0126 00       		.byte	0
 1223 0127 03       		.uleb128 0x3
 1224 0128 0E       		.uleb128 0xe
 1225 0129 3A       		.uleb128 0x3a
 1226 012a 0B       		.uleb128 0xb
 1227 012b 3B       		.uleb128 0x3b
 1228 012c 05       		.uleb128 0x5
 1229 012d 49       		.uleb128 0x49
 1230 012e 13       		.uleb128 0x13
 1231 012f 3F       		.uleb128 0x3f
 1232 0130 19       		.uleb128 0x19
 1233 0131 3C       		.uleb128 0x3c
 1234 0132 19       		.uleb128 0x19
 1235 0133 00       		.byte	0
 1236 0134 00       		.byte	0
 1237 0135 17       		.uleb128 0x17
 1238 0136 34       		.uleb128 0x34
 1239 0137 00       		.byte	0
 1240 0138 03       		.uleb128 0x3
 1241 0139 0E       		.uleb128 0xe
 1242 013a 3A       		.uleb128 0x3a
 1243 013b 0B       		.uleb128 0xb
 1244 013c 3B       		.uleb128 0x3b
 1245 013d 0B       		.uleb128 0xb
 1246 013e 49       		.uleb128 0x49
 1247 013f 13       		.uleb128 0x13
 1248 0140 3F       		.uleb128 0x3f
 1249 0141 19       		.uleb128 0x19
ARM GAS  /tmp/cczx9RIw.s 			page 23


 1250 0142 02       		.uleb128 0x2
 1251 0143 18       		.uleb128 0x18
 1252 0144 00       		.byte	0
 1253 0145 00       		.byte	0
 1254 0146 00       		.byte	0
 1255              		.section	.debug_aranges,"",%progbits
 1256 0000 3C000000 		.4byte	0x3c
 1257 0004 0200     		.2byte	0x2
 1258 0006 00000000 		.4byte	.Ldebug_info0
 1259 000a 04       		.byte	0x4
 1260 000b 00       		.byte	0
 1261 000c 0000     		.2byte	0
 1262 000e 0000     		.2byte	0
 1263 0010 00000000 		.4byte	.LFB118
 1264 0014 18000000 		.4byte	.LFE118-.LFB118
 1265 0018 00000000 		.4byte	.LFB119
 1266 001c E0000000 		.4byte	.LFE119-.LFB119
 1267 0020 00000000 		.4byte	.LFB120
 1268 0024 34000000 		.4byte	.LFE120-.LFB120
 1269 0028 00000000 		.4byte	.LFB121
 1270 002c 10000000 		.4byte	.LFE121-.LFB121
 1271 0030 00000000 		.4byte	.LFB122
 1272 0034 10000000 		.4byte	.LFE122-.LFB122
 1273 0038 00000000 		.4byte	0
 1274 003c 00000000 		.4byte	0
 1275              		.section	.debug_ranges,"",%progbits
 1276              	.Ldebug_ranges0:
 1277 0000 00000000 		.4byte	.LFB118
 1278 0004 18000000 		.4byte	.LFE118
 1279 0008 00000000 		.4byte	.LFB119
 1280 000c E0000000 		.4byte	.LFE119
 1281 0010 00000000 		.4byte	.LFB120
 1282 0014 34000000 		.4byte	.LFE120
 1283 0018 00000000 		.4byte	.LFB121
 1284 001c 10000000 		.4byte	.LFE121
 1285 0020 00000000 		.4byte	.LFB122
 1286 0024 10000000 		.4byte	.LFE122
 1287 0028 00000000 		.4byte	0
 1288 002c 00000000 		.4byte	0
 1289              		.section	.debug_line,"",%progbits
 1290              	.Ldebug_line0:
 1291 0000 96020000 		.section	.debug_str,"MS",%progbits,1
 1291      02000B02 
 1291      00000201 
 1291      FB0E0D00 
 1291      01010101 
 1292              	.LASF33:
 1293 0000 43434552 		.ascii	"CCER\000"
 1293      00
 1294              	.LASF28:
 1295 0005 5243435F 		.ascii	"RCC_TypeDef\000"
 1295      54797065 
 1295      44656600 
 1296              	.LASF20:
 1297 0011 41504231 		.ascii	"APB1RSTR\000"
 1297      52535452 
 1297      00
ARM GAS  /tmp/cczx9RIw.s 			page 24


 1298              	.LASF35:
 1299 001a 444D4152 		.ascii	"DMAR\000"
 1299      00
 1300              	.LASF46:
 1301 001f 73746174 		.ascii	"state\000"
 1301      6500
 1302              	.LASF32:
 1303 0025 43434D52 		.ascii	"CCMR2\000"
 1303      3200
 1304              	.LASF3:
 1305 002b 73686F72 		.ascii	"short int\000"
 1305      7420696E 
 1305      7400
 1306              	.LASF29:
 1307 0035 534D4352 		.ascii	"SMCR\000"
 1307      00
 1308              	.LASF16:
 1309 003a 73697A65 		.ascii	"sizetype\000"
 1309      74797065 
 1309      00
 1310              	.LASF24:
 1311 0043 42444352 		.ascii	"BDCR\000"
 1311      00
 1312              	.LASF58:
 1313 0048 71656964 		.ascii	"qeidirinv_t\000"
 1313      6972696E 
 1313      765F7400 
 1314              	.LASF44:
 1315 0054 71656973 		.ascii	"qeistate_t\000"
 1315      74617465 
 1315      5F7400
 1316              	.LASF8:
 1317 005f 5F5F7569 		.ascii	"__uint32_t\000"
 1317      6E743332 
 1317      5F7400
 1318              	.LASF60:
 1319 006a 6D6F6465 		.ascii	"mode\000"
 1319      00
 1320              	.LASF5:
 1321 006f 5F5F7569 		.ascii	"__uint16_t\000"
 1321      6E743136 
 1321      5F7400
 1322              	.LASF71:
 1323 007a 474E5520 		.ascii	"GNU C 4.9.3 20141119 (release) [ARM/embedded-4_9-br"
 1323      4320342E 
 1323      392E3320 
 1323      32303134 
 1323      31313139 
 1324 00ad 616E6368 		.ascii	"anch revision 218278] -mcpu=cortex-m4 -mfloat-abi=h"
 1324      20726576 
 1324      6973696F 
 1324      6E203231 
 1324      38323738 
 1325 00e0 61726420 		.ascii	"ard -mfpu=fpv4-sp-d16 -mno-thumb-interwork -mthumb "
 1325      2D6D6670 
 1325      753D6670 
 1325      76342D73 
ARM GAS  /tmp/cczx9RIw.s 			page 25


 1325      702D6431 
 1326 0113 2D676764 		.ascii	"-ggdb -O0 -fomit-frame-pointer -falign-functions=16"
 1326      62202D4F 
 1326      30202D66 
 1326      6F6D6974 
 1326      2D667261 
 1327 0146 202D6666 		.ascii	" -ffunction-sections -fdata-sections -fno-common -f"
 1327      756E6374 
 1327      696F6E2D 
 1327      73656374 
 1327      696F6E73 
 1328 0179 73696E67 		.ascii	"single-precision-constant\000"
 1328      6C652D70 
 1328      72656369 
 1328      73696F6E 
 1328      2D636F6E 
 1329              	.LASF48:
 1330 0193 636F6E66 		.ascii	"config\000"
 1330      696700
 1331              	.LASF18:
 1332 019a 43464752 		.ascii	"CFGR\000"
 1332      00
 1333              	.LASF70:
 1334 019f 51454944 		.ascii	"QEID4\000"
 1334      3400
 1335              	.LASF23:
 1336 01a5 41504231 		.ascii	"APB1ENR\000"
 1336      454E5200 
 1337              	.LASF65:
 1338 01ad 7165695F 		.ascii	"qei_lld_stop\000"
 1338      6C6C645F 
 1338      73746F70 
 1338      00
 1339              	.LASF42:
 1340 01ba 5145495F 		.ascii	"QEI_READY\000"
 1340      52454144 
 1340      5900
 1341              	.LASF25:
 1342 01c4 41484252 		.ascii	"AHBRSTR\000"
 1342      53545200 
 1343              	.LASF10:
 1344 01cc 6C6F6E67 		.ascii	"long long int\000"
 1344      206C6F6E 
 1344      6720696E 
 1344      7400
 1345              	.LASF45:
 1346 01da 51454944 		.ascii	"QEIDriver\000"
 1346      72697665 
 1346      7200
 1347              	.LASF40:
 1348 01e4 5145495F 		.ascii	"QEI_UNINIT\000"
 1348      554E494E 
 1348      495400
 1349              	.LASF7:
 1350 01ef 6C6F6E67 		.ascii	"long int\000"
 1350      20696E74 
 1350      00
ARM GAS  /tmp/cczx9RIw.s 			page 26


 1351              	.LASF37:
 1352 01f8 43435235 		.ascii	"CCR5\000"
 1352      00
 1353              	.LASF38:
 1354 01fd 43435236 		.ascii	"CCR6\000"
 1354      00
 1355              	.LASF56:
 1356 0202 5145495F 		.ascii	"QEI_DIRINV_FALSE\000"
 1356      44495249 
 1356      4E565F46 
 1356      414C5345 
 1356      00
 1357              	.LASF21:
 1358 0213 41484245 		.ascii	"AHBENR\000"
 1358      4E5200
 1359              	.LASF19:
 1360 021a 41504232 		.ascii	"APB2RSTR\000"
 1360      52535452 
 1360      00
 1361              	.LASF31:
 1362 0223 43434D52 		.ascii	"CCMR1\000"
 1362      3100
 1363              	.LASF36:
 1364 0229 43434D52 		.ascii	"CCMR3\000"
 1364      3300
 1365              	.LASF53:
 1366 022f 5145495F 		.ascii	"QEI_SINGLE_EDGE\000"
 1366      53494E47 
 1366      4C455F45 
 1366      44474500 
 1367              	.LASF63:
 1368 023f 51454943 		.ascii	"QEIConfig\000"
 1368      6F6E6669 
 1368      6700
 1369              	.LASF41:
 1370 0249 5145495F 		.ascii	"QEI_STOP\000"
 1370      53544F50 
 1370      00
 1371              	.LASF43:
 1372 0252 5145495F 		.ascii	"QEI_ACTIVE\000"
 1372      41435449 
 1372      564500
 1373              	.LASF2:
 1374 025d 756E7369 		.ascii	"unsigned char\000"
 1374      676E6564 
 1374      20636861 
 1374      7200
 1375              	.LASF22:
 1376 026b 41504232 		.ascii	"APB2ENR\000"
 1376      454E5200 
 1377              	.LASF1:
 1378 0273 7369676E 		.ascii	"signed char\000"
 1378      65642063 
 1378      68617200 
 1379              	.LASF11:
 1380 027f 6C6F6E67 		.ascii	"long long unsigned int\000"
 1380      206C6F6E 
ARM GAS  /tmp/cczx9RIw.s 			page 27


 1380      6720756E 
 1380      7369676E 
 1380      65642069 
 1381              	.LASF54:
 1382 0296 5145495F 		.ascii	"QEI_BOTH_EDGES\000"
 1382      424F5448 
 1382      5F454447 
 1382      455300
 1383              	.LASF14:
 1384 02a5 75696E74 		.ascii	"uint32_t\000"
 1384      33325F74 
 1384      00
 1385              	.LASF0:
 1386 02ae 756E7369 		.ascii	"unsigned int\000"
 1386      676E6564 
 1386      20696E74 
 1386      00
 1387              	.LASF26:
 1388 02bb 43464752 		.ascii	"CFGR2\000"
 1388      3200
 1389              	.LASF27:
 1390 02c1 43464752 		.ascii	"CFGR3\000"
 1390      3300
 1391              	.LASF67:
 1392 02c7 7165695F 		.ascii	"qei_lld_enable\000"
 1392      6C6C645F 
 1392      656E6162 
 1392      6C6500
 1393              	.LASF30:
 1394 02d6 44494552 		.ascii	"DIER\000"
 1394      00
 1395              	.LASF4:
 1396 02db 73686F72 		.ascii	"short unsigned int\000"
 1396      7420756E 
 1396      7369676E 
 1396      65642069 
 1396      6E7400
 1397              	.LASF17:
 1398 02ee 63686172 		.ascii	"char\000"
 1398      00
 1399              	.LASF12:
 1400 02f3 75696E74 		.ascii	"uint16_t\000"
 1400      31365F74 
 1400      00
 1401              	.LASF39:
 1402 02fc 73746D33 		.ascii	"stm32_tim_t\000"
 1402      325F7469 
 1402      6D5F7400 
 1403              	.LASF34:
 1404 0308 42445452 		.ascii	"BDTR\000"
 1404      00
 1405              	.LASF13:
 1406 030d 696E7433 		.ascii	"int32_t\000"
 1406      325F7400 
 1407              	.LASF61:
 1408 0315 7265736F 		.ascii	"resolution\000"
 1408      6C757469 
ARM GAS  /tmp/cczx9RIw.s 			page 28


 1408      6F6E00
 1409              	.LASF62:
 1410 0320 64697269 		.ascii	"dirinv\000"
 1410      6E7600
 1411              	.LASF15:
 1412 0327 5F426F6F 		.ascii	"_Bool\000"
 1412      6C00
 1413              	.LASF57:
 1414 032d 5145495F 		.ascii	"QEI_DIRINV_TRUE\000"
 1414      44495249 
 1414      4E565F54 
 1414      52554500 
 1415              	.LASF55:
 1416 033d 71656972 		.ascii	"qeiresolution_t\000"
 1416      65736F6C 
 1416      7574696F 
 1416      6E5F7400 
 1417              	.LASF49:
 1418 034d 5145495F 		.ascii	"QEI_MODE_QUADRATURE\000"
 1418      4D4F4445 
 1418      5F515541 
 1418      44524154 
 1418      55524500 
 1419              	.LASF59:
 1420 0361 71656963 		.ascii	"qeicnt_t\000"
 1420      6E745F74 
 1420      00
 1421              	.LASF68:
 1422 036a 7165695F 		.ascii	"qei_lld_disable\000"
 1422      6C6C645F 
 1422      64697361 
 1422      626C6500 
 1423              	.LASF66:
 1424 037a 71656970 		.ascii	"qeip\000"
 1424      00
 1425              	.LASF9:
 1426 037f 6C6F6E67 		.ascii	"long unsigned int\000"
 1426      20756E73 
 1426      69676E65 
 1426      6420696E 
 1426      7400
 1427              	.LASF73:
 1428 0391 7165695F 		.ascii	"qei_lld_init\000"
 1428      6C6C645F 
 1428      696E6974 
 1428      00
 1429              	.LASF6:
 1430 039e 5F5F696E 		.ascii	"__int32_t\000"
 1430      7433325F 
 1430      7400
 1431              	.LASF72:
 1432 03a8 2F686F6D 		.ascii	"/home/denny/r2p-sdk/modules/uDC_module/qei_lld.c\000"
 1432      652F6465 
 1432      6E6E792F 
 1432      7232702D 
 1432      73646B2F 
 1433              	.LASF52:
ARM GAS  /tmp/cczx9RIw.s 			page 29


 1434 03d9 7165696D 		.ascii	"qeimode_t\000"
 1434      6F64655F 
 1434      7400
 1435              	.LASF64:
 1436 03e3 7165695F 		.ascii	"qei_lld_start\000"
 1436      6C6C645F 
 1436      73746172 
 1436      7400
 1437              	.LASF47:
 1438 03f1 6C617374 		.ascii	"last\000"
 1438      00
 1439              	.LASF50:
 1440 03f6 5145495F 		.ascii	"QEI_MODE_DIRCLOCK1\000"
 1440      4D4F4445 
 1440      5F444952 
 1440      434C4F43 
 1440      4B3100
 1441              	.LASF51:
 1442 0409 5145495F 		.ascii	"QEI_MODE_DIRCLOCK2\000"
 1442      4D4F4445 
 1442      5F444952 
 1442      434C4F43 
 1442      4B3200
 1443              	.LASF69:
 1444 041c 49544D5F 		.ascii	"ITM_RxBuffer\000"
 1444      52784275 
 1444      66666572 
 1444      00
 1445              		.ident	"GCC: (GNU Tools for ARM Embedded Processors) 4.9.3 20141119 (release) [ARM/embedded-4_9-br
ARM GAS  /tmp/cczx9RIw.s 			page 30


DEFINED SYMBOLS
                            *ABS*:00000000 qei_lld.c
     /tmp/cczx9RIw.s:25     .bss.QEID4:00000000 QEID4
     /tmp/cczx9RIw.s:22     .bss.QEID4:00000000 $d
     /tmp/cczx9RIw.s:28     .text.qei_lld_init:00000000 $t
     /tmp/cczx9RIw.s:34     .text.qei_lld_init:00000000 qei_lld_init
     /tmp/cczx9RIw.s:57     .text.qei_lld_init:00000010 $d
     /tmp/cczx9RIw.s:63     .text.qei_lld_start:00000000 $t
     /tmp/cczx9RIw.s:69     .text.qei_lld_start:00000000 qei_lld_start
     /tmp/cczx9RIw.s:217    .text.qei_lld_start:000000d8 $d
     /tmp/cczx9RIw.s:223    .text.qei_lld_stop:00000000 $t
     /tmp/cczx9RIw.s:229    .text.qei_lld_stop:00000000 qei_lld_stop
     /tmp/cczx9RIw.s:269    .text.qei_lld_stop:0000002c $d
     /tmp/cczx9RIw.s:275    .text.qei_lld_enable:00000000 $t
     /tmp/cczx9RIw.s:281    .text.qei_lld_enable:00000000 qei_lld_enable
     /tmp/cczx9RIw.s:305    .text.qei_lld_disable:00000000 $t
     /tmp/cczx9RIw.s:311    .text.qei_lld_disable:00000000 qei_lld_disable
                     .debug_frame:00000010 $d
     /tmp/cczx9RIw.s:62     .text.qei_lld_init:00000018 $t
     /tmp/cczx9RIw.s:274    .text.qei_lld_stop:00000034 $t

UNDEFINED SYMBOLS
qeiObjectInit
