ARM GAS  /tmp/ccPiMA8j.s 			page 1


   1              		.syntax unified
   2              		.cpu cortex-m4
   3              		.eabi_attribute 27, 3
   4              		.eabi_attribute 28, 1
   5              		.fpu fpv4-sp-d16
   6              		.eabi_attribute 20, 1
   7              		.eabi_attribute 21, 1
   8              		.eabi_attribute 23, 3
   9              		.eabi_attribute 24, 1
  10              		.eabi_attribute 25, 1
  11              		.eabi_attribute 26, 1
  12              		.eabi_attribute 30, 6
  13              		.eabi_attribute 34, 1
  14              		.eabi_attribute 18, 4
  15              		.thumb
  16              		.file	"srt.c"
  17              		.text
  18              	.Ltext0:
  19              		.cfi_sections	.debug_frame
  20              		.section	.text.srt_laxity,"ax",%progbits
  21              		.align	2
  22              		.p2align 4,,15
  23              		.global	srt_laxity
  24              		.thumb
  25              		.thumb_func
  26              		.type	srt_laxity, %function
  27              	srt_laxity:
  28              	.LFB118:
  29              		.file 1 "/home/denny/r2p-sdk/core/RTCAN/src/srt.c"
  30              		.loc 1 22 0
  31              		.cfi_startproc
  32              		@ args = 0, pretend = 0, frame = 16
  33              		@ frame_needed = 0, uses_anonymous_args = 0
  34              		@ link register save eliminated.
  35 0000 84B0     		sub	sp, sp, #16
  36              		.cfi_def_cfa_offset 16
  37 0002 0190     		str	r0, [sp, #4]
  38              		.loc 1 25 0
  39 0004 019B     		ldr	r3, [sp, #4]
  40 0006 D3F80D20 		ldr	r2, [r3, #13]	@ unaligned
  41 000a 0A4B     		ldr	r3, .L5
  42 000c DB68     		ldr	r3, [r3, #12]
  43 000e D31A     		subs	r3, r2, r3
  44 0010 0393     		str	r3, [sp, #12]
  45              		.loc 1 27 0
  46 0012 039B     		ldr	r3, [sp, #12]
  47 0014 002B     		cmp	r3, #0
  48 0016 02DB     		blt	.L2
  49              		.loc 1 27 0 is_stmt 0 discriminator 1
  50 0018 039B     		ldr	r3, [sp, #12]
  51 001a 402B     		cmp	r3, #64
  52 001c 01DD     		ble	.L3
  53              	.L2:
  54              		.loc 1 28 0 is_stmt 1
  55 001e 3F23     		movs	r3, #63
  56 0020 04E0     		b	.L4
  57              	.L3:
ARM GAS  /tmp/ccPiMA8j.s 			page 2


  58              		.loc 1 31 0
  59 0022 039B     		ldr	r3, [sp, #12]
  60 0024 DBB2     		uxtb	r3, r3
  61 0026 03F03F03 		and	r3, r3, #63
  62 002a DBB2     		uxtb	r3, r3
  63              	.L4:
  64              		.loc 1 32 0
  65 002c 1846     		mov	r0, r3
  66 002e 04B0     		add	sp, sp, #16
  67              		.cfi_def_cfa_offset 0
  68              		@ sp needed
  69 0030 7047     		bx	lr
  70              	.L6:
  71 0032 00BF     		.align	2
  72              	.L5:
  73 0034 00000000 		.word	vtlist
  74              		.cfi_endproc
  75              	.LFE118:
  76              		.size	srt_laxity, .-srt_laxity
  77 0038 AFF30080 		.section	.text.srt_transmit,"ax",%progbits
  77      AFF30080 
  78              		.align	2
  79              		.p2align 4,,15
  80              		.global	srt_transmit
  81              		.thumb
  82              		.thumb_func
  83              		.type	srt_transmit, %function
  84              	srt_transmit:
  85              	.LFB119:
  86              		.loc 1 40 0
  87              		.cfi_startproc
  88              		@ args = 0, pretend = 0, frame = 32
  89              		@ frame_needed = 0, uses_anonymous_args = 0
  90 0000 00B5     		push	{lr}
  91              		.cfi_def_cfa_offset 4
  92              		.cfi_offset 14, -4
  93 0002 89B0     		sub	sp, sp, #36
  94              		.cfi_def_cfa_offset 40
  95 0004 0190     		str	r0, [sp, #4]
  96              		.loc 1 44 0
  97 0006 019B     		ldr	r3, [sp, #4]
  98 0008 03F10C02 		add	r2, r3, #12
  99 000c 019B     		ldr	r3, [sp, #4]
 100 000e DB68     		ldr	r3, [r3, #12]
 101 0010 9A42     		cmp	r2, r3
 102 0012 01D1     		bne	.L8
 103              		.loc 1 45 0
 104 0014 0023     		movs	r3, #0
 105 0016 70E0     		b	.L14
 106              	.L8:
 107              		.loc 1 48 0
 108 0018 0198     		ldr	r0, [sp, #4]
 109 001a FFF7FEFF 		bl	rtcan_lld_can_txe
 110 001e 0346     		mov	r3, r0
 111 0020 83F00103 		eor	r3, r3, #1
 112 0024 DBB2     		uxtb	r3, r3
 113 0026 002B     		cmp	r3, #0
ARM GAS  /tmp/ccPiMA8j.s 			page 3


 114 0028 01D0     		beq	.L10
 115              		.loc 1 49 0
 116 002a 0023     		movs	r3, #0
 117 002c 65E0     		b	.L14
 118              	.L10:
 119              		.loc 1 52 0
 120 002e 019B     		ldr	r3, [sp, #4]
 121 0030 1B69     		ldr	r3, [r3, #16]
 122 0032 002B     		cmp	r3, #0
 123 0034 01D0     		beq	.L11
 124              		.loc 1 53 0
 125 0036 0023     		movs	r3, #0
 126 0038 5FE0     		b	.L14
 127              	.L11:
 128              		.loc 1 56 0
 129 003a 019B     		ldr	r3, [sp, #4]
 130 003c 0C33     		adds	r3, r3, #12
 131 003e 1846     		mov	r0, r3
 132 0040 FFF7FEFF 		bl	msgqueue_get
 133 0044 0790     		str	r0, [sp, #28]
 134              		.loc 1 67 0
 135 0046 0798     		ldr	r0, [sp, #28]
 136 0048 FFF7FEFF 		bl	srt_laxity
 137 004c 0346     		mov	r3, r0
 138 004e DA05     		lsls	r2, r3, #23
 139 0050 079B     		ldr	r3, [sp, #28]
 140 0052 B3F81130 		ldrh	r3, [r3, #17]	@ unaligned
 141 0056 9BB2     		uxth	r3, r3
 142 0058 DB01     		lsls	r3, r3, #7
 143 005a 1A43     		orrs	r2, r2, r3
 144 005c 079B     		ldr	r3, [sp, #28]
 145 005e 5B7F     		ldrb	r3, [r3, #29]
 146 0060 C3F30603 		ubfx	r3, r3, #0, #7
 147 0064 DBB2     		uxtb	r3, r3
 148 0066 03F07F03 		and	r3, r3, #127
 149 006a 1343     		orrs	r3, r3, r2
 150 006c 23F06042 		bic	r2, r3, #-536870912
 151 0070 039B     		ldr	r3, [sp, #12]
 152 0072 62F31C03 		bfi	r3, r2, #0, #29
 153 0076 0393     		str	r3, [sp, #12]
 154              		.loc 1 69 0
 155 0078 079B     		ldr	r3, [sp, #28]
 156 007a 5B7F     		ldrb	r3, [r3, #29]
 157 007c C3F30603 		ubfx	r3, r3, #0, #7
 158 0080 DBB2     		uxtb	r3, r3
 159 0082 002B     		cmp	r3, #0
 160 0084 07DD     		ble	.L12
 161              		.loc 1 70 0
 162 0086 9DF81030 		ldrb	r3, [sp, #16]
 163 008a 0822     		movs	r2, #8
 164 008c 62F30303 		bfi	r3, r2, #0, #4
 165 0090 8DF81030 		strb	r3, [sp, #16]
 166 0094 16E0     		b	.L13
 167              	.L12:
 168              		.loc 1 72 0
 169 0096 079B     		ldr	r3, [sp, #28]
 170 0098 D3F81530 		ldr	r3, [r3, #21]	@ unaligned
ARM GAS  /tmp/ccPiMA8j.s 			page 4


 171 009c 079A     		ldr	r2, [sp, #28]
 172 009e B2F81320 		ldrh	r2, [r2, #19]	@ unaligned
 173 00a2 92B2     		uxth	r2, r2
 174 00a4 1344     		add	r3, r3, r2
 175 00a6 1A46     		mov	r2, r3
 176 00a8 079B     		ldr	r3, [sp, #28]
 177 00aa D3F81930 		ldr	r3, [r3, #25]	@ unaligned
 178 00ae D31A     		subs	r3, r2, r3
 179 00b0 DBB2     		uxtb	r3, r3
 180 00b2 03F00F03 		and	r3, r3, #15
 181 00b6 DAB2     		uxtb	r2, r3
 182 00b8 9DF81030 		ldrb	r3, [sp, #16]
 183 00bc 62F30303 		bfi	r3, r2, #0, #4
 184 00c0 8DF81030 		strb	r3, [sp, #16]
 185              	.L13:
 186              		.loc 1 75 0
 187 00c4 079B     		ldr	r3, [sp, #28]
 188 00c6 D3F81930 		ldr	r3, [r3, #25]	@ unaligned
 189 00ca 1B68     		ldr	r3, [r3]
 190 00cc 0593     		str	r3, [sp, #20]
 191              		.loc 1 76 0
 192 00ce 079B     		ldr	r3, [sp, #28]
 193 00d0 D3F81930 		ldr	r3, [r3, #25]	@ unaligned
 194 00d4 5B68     		ldr	r3, [r3, #4]
 195 00d6 0693     		str	r3, [sp, #24]
 196              		.loc 1 78 0
 197 00d8 03AB     		add	r3, sp, #12
 198 00da 0198     		ldr	r0, [sp, #4]
 199 00dc 1946     		mov	r1, r3
 200 00de FFF7FEFF 		bl	rtcan_lld_can_transmit
 201              		.loc 1 79 0
 202 00e2 9DF81130 		ldrb	r3, [sp, #17]	@ zero_extendqisi2
 203 00e6 1A46     		mov	r2, r3
 204 00e8 019B     		ldr	r3, [sp, #4]
 205 00ea 0432     		adds	r2, r2, #4
 206 00ec 0799     		ldr	r1, [sp, #28]
 207 00ee 43F82210 		str	r1, [r3, r2, lsl #2]
 208              		.loc 1 80 0
 209 00f2 079B     		ldr	r3, [sp, #28]
 210 00f4 0422     		movs	r2, #4
 211 00f6 1A71     		strb	r2, [r3, #4]
 212              		.loc 1 82 0
 213 00f8 0123     		movs	r3, #1
 214              	.L14:
 215              		.loc 1 83 0 discriminator 1
 216 00fa 1846     		mov	r0, r3
 217 00fc 09B0     		add	sp, sp, #36
 218              		.cfi_def_cfa_offset 4
 219              		@ sp needed
 220 00fe 5DF804FB 		ldr	pc, [sp], #4
 221              		.cfi_endproc
 222              	.LFE119:
 223              		.size	srt_transmit, .-srt_transmit
 224 0102 00BFAFF3 		.text
 224      0080AFF3 
 224      0080AFF3 
 224      0080
ARM GAS  /tmp/ccPiMA8j.s 			page 5


 225              	.Letext0:
 226              		.file 2 "/home/denny/r2p-sdk/tools/gcc-arm-none-eabi-4_9-2014q4/arm-none-eabi/include/machine/_def
 227              		.file 3 "/home/denny/r2p-sdk/tools/gcc-arm-none-eabi-4_9-2014q4/arm-none-eabi/include/stdint.h"
 228              		.file 4 "/home/denny/r2p-sdk/core/ChibiOS/os/ports/GCC/ARMCMx/chtypes.h"
 229              		.file 5 "/home/denny/r2p-sdk/core/ChibiOS/os/kernel/include/chvt.h"
 230              		.file 6 "/home/denny/r2p-sdk/core/ChibiOS/os/hal/platforms/STM32F30x/stm32f30x.h"
 231              		.file 7 "/home/denny/r2p-sdk/core/RTCAN/include/rtcan.h"
 232              		.file 8 "/home/denny/r2p-sdk/core/RTCAN/include/msgqueue.h"
 233              		.file 9 "/home/denny/r2p-sdk/core/ChibiOS/os/ports/common/ARMCMx/CMSIS/include/core_cm4.h"
 234              		.section	.debug_info,"",%progbits
 235              	.Ldebug_info0:
 236 0000 78090000 		.4byte	0x978
 237 0004 0400     		.2byte	0x4
 238 0006 00000000 		.4byte	.Ldebug_abbrev0
 239 000a 04       		.byte	0x4
 240 000b 01       		.uleb128 0x1
 241 000c FB040000 		.4byte	.LASF129
 242 0010 01       		.byte	0x1
 243 0011 1E040000 		.4byte	.LASF130
 244 0015 00000000 		.4byte	.Ldebug_ranges0+0
 245 0019 00000000 		.4byte	0
 246 001d 00000000 		.4byte	.Ldebug_line0
 247 0021 02       		.uleb128 0x2
 248 0022 04       		.byte	0x4
 249 0023 05       		.byte	0x5
 250 0024 696E7400 		.ascii	"int\000"
 251 0028 03       		.uleb128 0x3
 252 0029 04       		.byte	0x4
 253 002a 07       		.byte	0x7
 254 002b 7E010000 		.4byte	.LASF0
 255 002f 03       		.uleb128 0x3
 256 0030 01       		.byte	0x1
 257 0031 06       		.byte	0x6
 258 0032 98000000 		.4byte	.LASF1
 259 0036 04       		.uleb128 0x4
 260 0037 22000000 		.4byte	.LASF4
 261 003b 02       		.byte	0x2
 262 003c 1D       		.byte	0x1d
 263 003d 41000000 		.4byte	0x41
 264 0041 03       		.uleb128 0x3
 265 0042 01       		.byte	0x1
 266 0043 08       		.byte	0x8
 267 0044 54030000 		.4byte	.LASF2
 268 0048 03       		.uleb128 0x3
 269 0049 02       		.byte	0x2
 270 004a 05       		.byte	0x5
 271 004b 6F030000 		.4byte	.LASF3
 272 004f 04       		.uleb128 0x4
 273 0050 41010000 		.4byte	.LASF5
 274 0054 02       		.byte	0x2
 275 0055 2B       		.byte	0x2b
 276 0056 5A000000 		.4byte	0x5a
 277 005a 03       		.uleb128 0x3
 278 005b 02       		.byte	0x2
 279 005c 07       		.byte	0x7
 280 005d 56040000 		.4byte	.LASF6
 281 0061 04       		.uleb128 0x4
ARM GAS  /tmp/ccPiMA8j.s 			page 6


 282 0062 32020000 		.4byte	.LASF7
 283 0066 02       		.byte	0x2
 284 0067 3F       		.byte	0x3f
 285 0068 6C000000 		.4byte	0x6c
 286 006c 03       		.uleb128 0x3
 287 006d 04       		.byte	0x4
 288 006e 05       		.byte	0x5
 289 006f F1000000 		.4byte	.LASF8
 290 0073 04       		.uleb128 0x4
 291 0074 4C010000 		.4byte	.LASF9
 292 0078 02       		.byte	0x2
 293 0079 41       		.byte	0x41
 294 007a 7E000000 		.4byte	0x7e
 295 007e 03       		.uleb128 0x3
 296 007f 04       		.byte	0x4
 297 0080 07       		.byte	0x7
 298 0081 A8010000 		.4byte	.LASF10
 299 0085 03       		.uleb128 0x3
 300 0086 08       		.byte	0x8
 301 0087 05       		.byte	0x5
 302 0088 22010000 		.4byte	.LASF11
 303 008c 03       		.uleb128 0x3
 304 008d 08       		.byte	0x8
 305 008e 07       		.byte	0x7
 306 008f 57000000 		.4byte	.LASF12
 307 0093 04       		.uleb128 0x4
 308 0094 B5040000 		.4byte	.LASF13
 309 0098 03       		.byte	0x3
 310 0099 15       		.byte	0x15
 311 009a 36000000 		.4byte	0x36
 312 009e 04       		.uleb128 0x4
 313 009f 93010000 		.4byte	.LASF14
 314 00a3 03       		.byte	0x3
 315 00a4 21       		.byte	0x21
 316 00a5 4F000000 		.4byte	0x4f
 317 00a9 04       		.uleb128 0x4
 318 00aa 4C030000 		.4byte	.LASF15
 319 00ae 03       		.byte	0x3
 320 00af 2C       		.byte	0x2c
 321 00b0 61000000 		.4byte	0x61
 322 00b4 04       		.uleb128 0x4
 323 00b5 B7030000 		.4byte	.LASF16
 324 00b9 03       		.byte	0x3
 325 00ba 2D       		.byte	0x2d
 326 00bb 73000000 		.4byte	0x73
 327 00bf 04       		.uleb128 0x4
 328 00c0 B5000000 		.4byte	.LASF17
 329 00c4 04       		.byte	0x4
 330 00c5 2B       		.byte	0x2b
 331 00c6 CA000000 		.4byte	0xca
 332 00ca 03       		.uleb128 0x3
 333 00cb 01       		.byte	0x1
 334 00cc 02       		.byte	0x2
 335 00cd 46030000 		.4byte	.LASF18
 336 00d1 04       		.uleb128 0x4
 337 00d2 F7030000 		.4byte	.LASF19
 338 00d6 04       		.byte	0x4
ARM GAS  /tmp/ccPiMA8j.s 			page 7


 339 00d7 35       		.byte	0x35
 340 00d8 B4000000 		.4byte	0xb4
 341 00dc 05       		.uleb128 0x5
 342 00dd 04       		.byte	0x4
 343 00de 06       		.uleb128 0x6
 344 00df B4000000 		.4byte	0xb4
 345 00e3 03       		.uleb128 0x3
 346 00e4 04       		.byte	0x4
 347 00e5 07       		.byte	0x7
 348 00e6 86020000 		.4byte	.LASF20
 349 00ea 04       		.uleb128 0x4
 350 00eb 01040000 		.4byte	.LASF21
 351 00ef 05       		.byte	0x5
 352 00f0 58       		.byte	0x58
 353 00f1 F5000000 		.4byte	0xf5
 354 00f5 07       		.uleb128 0x7
 355 00f6 04       		.byte	0x4
 356 00f7 FB000000 		.4byte	0xfb
 357 00fb 08       		.uleb128 0x8
 358 00fc 06010000 		.4byte	0x106
 359 0100 09       		.uleb128 0x9
 360 0101 DC000000 		.4byte	0xdc
 361 0105 00       		.byte	0
 362 0106 04       		.uleb128 0x4
 363 0107 C4010000 		.4byte	.LASF22
 364 010b 05       		.byte	0x5
 365 010c 5D       		.byte	0x5d
 366 010d 11010000 		.4byte	0x111
 367 0111 0A       		.uleb128 0xa
 368 0112 C4010000 		.4byte	.LASF22
 369 0116 14       		.byte	0x14
 370 0117 05       		.byte	0x5
 371 0118 64       		.byte	0x64
 372 0119 5A010000 		.4byte	0x15a
 373 011d 0B       		.uleb128 0xb
 374 011e 8B010000 		.4byte	.LASF23
 375 0122 05       		.byte	0x5
 376 0123 65       		.byte	0x65
 377 0124 5A010000 		.4byte	0x15a
 378 0128 00       		.byte	0
 379 0129 0B       		.uleb128 0xb
 380 012a 57010000 		.4byte	.LASF24
 381 012e 05       		.byte	0x5
 382 012f 67       		.byte	0x67
 383 0130 5A010000 		.4byte	0x15a
 384 0134 04       		.byte	0x4
 385 0135 0B       		.uleb128 0xb
 386 0136 73020000 		.4byte	.LASF25
 387 013a 05       		.byte	0x5
 388 013b 69       		.byte	0x69
 389 013c D1000000 		.4byte	0xd1
 390 0140 08       		.byte	0x8
 391 0141 0B       		.uleb128 0xb
 392 0142 9E020000 		.4byte	.LASF26
 393 0146 05       		.byte	0x5
 394 0147 6A       		.byte	0x6a
 395 0148 EA000000 		.4byte	0xea
ARM GAS  /tmp/ccPiMA8j.s 			page 8


 396 014c 0C       		.byte	0xc
 397 014d 0B       		.uleb128 0xb
 398 014e 69040000 		.4byte	.LASF27
 399 0152 05       		.byte	0x5
 400 0153 6C       		.byte	0x6c
 401 0154 DC000000 		.4byte	0xdc
 402 0158 10       		.byte	0x10
 403 0159 00       		.byte	0
 404 015a 07       		.uleb128 0x7
 405 015b 04       		.byte	0x4
 406 015c 06010000 		.4byte	0x106
 407 0160 0C       		.uleb128 0xc
 408 0161 10       		.byte	0x10
 409 0162 05       		.byte	0x5
 410 0163 76       		.byte	0x76
 411 0164 99010000 		.4byte	0x199
 412 0168 0B       		.uleb128 0xb
 413 0169 8B010000 		.4byte	.LASF23
 414 016d 05       		.byte	0x5
 415 016e 77       		.byte	0x77
 416 016f 5A010000 		.4byte	0x15a
 417 0173 00       		.byte	0
 418 0174 0B       		.uleb128 0xb
 419 0175 57010000 		.4byte	.LASF24
 420 0179 05       		.byte	0x5
 421 017a 79       		.byte	0x79
 422 017b 5A010000 		.4byte	0x15a
 423 017f 04       		.byte	0x4
 424 0180 0B       		.uleb128 0xb
 425 0181 73020000 		.4byte	.LASF25
 426 0185 05       		.byte	0x5
 427 0186 7B       		.byte	0x7b
 428 0187 D1000000 		.4byte	0xd1
 429 018b 08       		.byte	0x8
 430 018c 0B       		.uleb128 0xb
 431 018d C0030000 		.4byte	.LASF28
 432 0191 05       		.byte	0x5
 433 0192 7C       		.byte	0x7c
 434 0193 99010000 		.4byte	0x199
 435 0197 0C       		.byte	0xc
 436 0198 00       		.byte	0
 437 0199 06       		.uleb128 0x6
 438 019a D1000000 		.4byte	0xd1
 439 019e 04       		.uleb128 0x4
 440 019f BF020000 		.4byte	.LASF29
 441 01a3 05       		.byte	0x5
 442 01a4 7D       		.byte	0x7d
 443 01a5 60010000 		.4byte	0x160
 444 01a9 03       		.uleb128 0x3
 445 01aa 01       		.byte	0x1
 446 01ab 08       		.byte	0x8
 447 01ac CB030000 		.4byte	.LASF30
 448 01b0 07       		.uleb128 0x7
 449 01b1 04       		.byte	0x4
 450 01b2 93000000 		.4byte	0x93
 451 01b6 07       		.uleb128 0x7
 452 01b7 04       		.byte	0x4
ARM GAS  /tmp/ccPiMA8j.s 			page 9


 453 01b8 BC010000 		.4byte	0x1bc
 454 01bc 0D       		.uleb128 0xd
 455 01bd 93000000 		.4byte	0x93
 456 01c1 0E       		.uleb128 0xe
 457 01c2 B4000000 		.4byte	0xb4
 458 01c6 D1010000 		.4byte	0x1d1
 459 01ca 0F       		.uleb128 0xf
 460 01cb E3000000 		.4byte	0xe3
 461 01cf 07       		.byte	0x7
 462 01d0 00       		.byte	0
 463 01d1 0E       		.uleb128 0xe
 464 01d2 B4000000 		.4byte	0xb4
 465 01d6 E1010000 		.4byte	0x1e1
 466 01da 0F       		.uleb128 0xf
 467 01db E3000000 		.4byte	0xe3
 468 01df 01       		.byte	0x1
 469 01e0 00       		.byte	0
 470 01e1 06       		.uleb128 0x6
 471 01e2 9E000000 		.4byte	0x9e
 472 01e6 06       		.uleb128 0x6
 473 01e7 A9000000 		.4byte	0xa9
 474 01eb 10       		.uleb128 0x10
 475 01ec 10       		.byte	0x10
 476 01ed 06       		.byte	0x6
 477 01ee 6C01     		.2byte	0x16c
 478 01f0 29020000 		.4byte	0x229
 479 01f4 11       		.uleb128 0x11
 480 01f5 54495200 		.ascii	"TIR\000"
 481 01f9 06       		.byte	0x6
 482 01fa 6E01     		.2byte	0x16e
 483 01fc DE000000 		.4byte	0xde
 484 0200 00       		.byte	0
 485 0201 12       		.uleb128 0x12
 486 0202 5F010000 		.4byte	.LASF31
 487 0206 06       		.byte	0x6
 488 0207 6F01     		.2byte	0x16f
 489 0209 DE000000 		.4byte	0xde
 490 020d 04       		.byte	0x4
 491 020e 12       		.uleb128 0x12
 492 020f EC000000 		.4byte	.LASF32
 493 0213 06       		.byte	0x6
 494 0214 7001     		.2byte	0x170
 495 0216 DE000000 		.4byte	0xde
 496 021a 08       		.byte	0x8
 497 021b 12       		.uleb128 0x12
 498 021c C6020000 		.4byte	.LASF33
 499 0220 06       		.byte	0x6
 500 0221 7101     		.2byte	0x171
 501 0223 DE000000 		.4byte	0xde
 502 0227 0C       		.byte	0xc
 503 0228 00       		.byte	0
 504 0229 13       		.uleb128 0x13
 505 022a FA000000 		.4byte	.LASF34
 506 022e 06       		.byte	0x6
 507 022f 7201     		.2byte	0x172
 508 0231 EB010000 		.4byte	0x1eb
 509 0235 10       		.uleb128 0x10
ARM GAS  /tmp/ccPiMA8j.s 			page 10


 510 0236 10       		.byte	0x10
 511 0237 06       		.byte	0x6
 512 0238 7701     		.2byte	0x177
 513 023a 73020000 		.4byte	0x273
 514 023e 11       		.uleb128 0x11
 515 023f 52495200 		.ascii	"RIR\000"
 516 0243 06       		.byte	0x6
 517 0244 7901     		.2byte	0x179
 518 0246 DE000000 		.4byte	0xde
 519 024a 00       		.byte	0
 520 024b 12       		.uleb128 0x12
 521 024c BA010000 		.4byte	.LASF35
 522 0250 06       		.byte	0x6
 523 0251 7A01     		.2byte	0x17a
 524 0253 DE000000 		.4byte	0xde
 525 0257 04       		.byte	0x4
 526 0258 12       		.uleb128 0x12
 527 0259 69010000 		.4byte	.LASF36
 528 025d 06       		.byte	0x6
 529 025e 7B01     		.2byte	0x17b
 530 0260 DE000000 		.4byte	0xde
 531 0264 08       		.byte	0x8
 532 0265 12       		.uleb128 0x12
 533 0266 F2030000 		.4byte	.LASF37
 534 026a 06       		.byte	0x6
 535 026b 7C01     		.2byte	0x17c
 536 026d DE000000 		.4byte	0xde
 537 0271 0C       		.byte	0xc
 538 0272 00       		.byte	0
 539 0273 13       		.uleb128 0x13
 540 0274 9D040000 		.4byte	.LASF38
 541 0278 06       		.byte	0x6
 542 0279 7D01     		.2byte	0x17d
 543 027b 35020000 		.4byte	0x235
 544 027f 10       		.uleb128 0x10
 545 0280 08       		.byte	0x8
 546 0281 06       		.byte	0x6
 547 0282 8201     		.2byte	0x182
 548 0284 A3020000 		.4byte	0x2a3
 549 0288 11       		.uleb128 0x11
 550 0289 46523100 		.ascii	"FR1\000"
 551 028d 06       		.byte	0x6
 552 028e 8401     		.2byte	0x184
 553 0290 DE000000 		.4byte	0xde
 554 0294 00       		.byte	0
 555 0295 11       		.uleb128 0x11
 556 0296 46523200 		.ascii	"FR2\000"
 557 029a 06       		.byte	0x6
 558 029b 8501     		.2byte	0x185
 559 029d DE000000 		.4byte	0xde
 560 02a1 04       		.byte	0x4
 561 02a2 00       		.byte	0
 562 02a3 13       		.uleb128 0x13
 563 02a4 E0010000 		.4byte	.LASF39
 564 02a8 06       		.byte	0x6
 565 02a9 8601     		.2byte	0x186
 566 02ab 7F020000 		.4byte	0x27f
ARM GAS  /tmp/ccPiMA8j.s 			page 11


 567 02af 14       		.uleb128 0x14
 568 02b0 2003     		.2byte	0x320
 569 02b2 06       		.byte	0x6
 570 02b3 8B01     		.2byte	0x18b
 571 02b5 E5030000 		.4byte	0x3e5
 572 02b9 11       		.uleb128 0x11
 573 02ba 4D435200 		.ascii	"MCR\000"
 574 02be 06       		.byte	0x6
 575 02bf 8D01     		.2byte	0x18d
 576 02c1 DE000000 		.4byte	0xde
 577 02c5 00       		.byte	0
 578 02c6 11       		.uleb128 0x11
 579 02c7 4D535200 		.ascii	"MSR\000"
 580 02cb 06       		.byte	0x6
 581 02cc 8E01     		.2byte	0x18e
 582 02ce DE000000 		.4byte	0xde
 583 02d2 04       		.byte	0x4
 584 02d3 11       		.uleb128 0x11
 585 02d4 54535200 		.ascii	"TSR\000"
 586 02d8 06       		.byte	0x6
 587 02d9 8F01     		.2byte	0x18f
 588 02db DE000000 		.4byte	0xde
 589 02df 08       		.byte	0x8
 590 02e0 12       		.uleb128 0x12
 591 02e1 3C010000 		.4byte	.LASF40
 592 02e5 06       		.byte	0x6
 593 02e6 9001     		.2byte	0x190
 594 02e8 DE000000 		.4byte	0xde
 595 02ec 0C       		.byte	0xc
 596 02ed 12       		.uleb128 0x12
 597 02ee DB010000 		.4byte	.LASF41
 598 02f2 06       		.byte	0x6
 599 02f3 9101     		.2byte	0x191
 600 02f5 DE000000 		.4byte	0xde
 601 02f9 10       		.byte	0x10
 602 02fa 11       		.uleb128 0x11
 603 02fb 49455200 		.ascii	"IER\000"
 604 02ff 06       		.byte	0x6
 605 0300 9201     		.2byte	0x192
 606 0302 DE000000 		.4byte	0xde
 607 0306 14       		.byte	0x14
 608 0307 11       		.uleb128 0x11
 609 0308 45535200 		.ascii	"ESR\000"
 610 030c 06       		.byte	0x6
 611 030d 9301     		.2byte	0x193
 612 030f DE000000 		.4byte	0xde
 613 0313 18       		.byte	0x18
 614 0314 11       		.uleb128 0x11
 615 0315 42545200 		.ascii	"BTR\000"
 616 0319 06       		.byte	0x6
 617 031a 9401     		.2byte	0x194
 618 031c DE000000 		.4byte	0xde
 619 0320 1C       		.byte	0x1c
 620 0321 12       		.uleb128 0x12
 621 0322 FD020000 		.4byte	.LASF42
 622 0326 06       		.byte	0x6
 623 0327 9501     		.2byte	0x195
ARM GAS  /tmp/ccPiMA8j.s 			page 12


 624 0329 E5030000 		.4byte	0x3e5
 625 032d 20       		.byte	0x20
 626 032e 15       		.uleb128 0x15
 627 032f 05000000 		.4byte	.LASF43
 628 0333 06       		.byte	0x6
 629 0334 9601     		.2byte	0x196
 630 0336 F5030000 		.4byte	0x3f5
 631 033a 8001     		.2byte	0x180
 632 033c 15       		.uleb128 0x15
 633 033d 0A040000 		.4byte	.LASF44
 634 0341 06       		.byte	0x6
 635 0342 9701     		.2byte	0x197
 636 0344 05040000 		.4byte	0x405
 637 0348 B001     		.2byte	0x1b0
 638 034a 15       		.uleb128 0x15
 639 034b 07030000 		.4byte	.LASF45
 640 034f 06       		.byte	0x6
 641 0350 9801     		.2byte	0x198
 642 0352 15040000 		.4byte	0x415
 643 0356 D001     		.2byte	0x1d0
 644 0358 16       		.uleb128 0x16
 645 0359 464D5200 		.ascii	"FMR\000"
 646 035d 06       		.byte	0x6
 647 035e 9901     		.2byte	0x199
 648 0360 DE000000 		.4byte	0xde
 649 0364 0002     		.2byte	0x200
 650 0366 15       		.uleb128 0x15
 651 0367 2D020000 		.4byte	.LASF46
 652 036b 06       		.byte	0x6
 653 036c 9A01     		.2byte	0x19a
 654 036e DE000000 		.4byte	0xde
 655 0372 0402     		.2byte	0x204
 656 0374 15       		.uleb128 0x15
 657 0375 11030000 		.4byte	.LASF47
 658 0379 06       		.byte	0x6
 659 037a 9B01     		.2byte	0x19b
 660 037c B4000000 		.4byte	0xb4
 661 0380 0802     		.2byte	0x208
 662 0382 15       		.uleb128 0x15
 663 0383 BF010000 		.4byte	.LASF48
 664 0387 06       		.byte	0x6
 665 0388 9C01     		.2byte	0x19c
 666 038a DE000000 		.4byte	0xde
 667 038e 0C02     		.2byte	0x20c
 668 0390 15       		.uleb128 0x15
 669 0391 1B030000 		.4byte	.LASF49
 670 0395 06       		.byte	0x6
 671 0396 9D01     		.2byte	0x19d
 672 0398 B4000000 		.4byte	0xb4
 673 039c 1002     		.2byte	0x210
 674 039e 15       		.uleb128 0x15
 675 039f E5020000 		.4byte	.LASF50
 676 03a3 06       		.byte	0x6
 677 03a4 9E01     		.2byte	0x19e
 678 03a6 DE000000 		.4byte	0xde
 679 03aa 1402     		.2byte	0x214
 680 03ac 15       		.uleb128 0x15
ARM GAS  /tmp/ccPiMA8j.s 			page 13


 681 03ad A3030000 		.4byte	.LASF51
 682 03b1 06       		.byte	0x6
 683 03b2 9F01     		.2byte	0x19f
 684 03b4 B4000000 		.4byte	0xb4
 685 03b8 1802     		.2byte	0x218
 686 03ba 15       		.uleb128 0x15
 687 03bb 37030000 		.4byte	.LASF52
 688 03bf 06       		.byte	0x6
 689 03c0 A001     		.2byte	0x1a0
 690 03c2 DE000000 		.4byte	0xde
 691 03c6 1C02     		.2byte	0x21c
 692 03c8 15       		.uleb128 0x15
 693 03c9 AD030000 		.4byte	.LASF53
 694 03cd 06       		.byte	0x6
 695 03ce A101     		.2byte	0x1a1
 696 03d0 C1010000 		.4byte	0x1c1
 697 03d4 2002     		.2byte	0x220
 698 03d6 15       		.uleb128 0x15
 699 03d7 0F020000 		.4byte	.LASF54
 700 03db 06       		.byte	0x6
 701 03dc A201     		.2byte	0x1a2
 702 03de 25040000 		.4byte	0x425
 703 03e2 4002     		.2byte	0x240
 704 03e4 00       		.byte	0
 705 03e5 0E       		.uleb128 0xe
 706 03e6 B4000000 		.4byte	0xb4
 707 03ea F5030000 		.4byte	0x3f5
 708 03ee 0F       		.uleb128 0xf
 709 03ef E3000000 		.4byte	0xe3
 710 03f3 57       		.byte	0x57
 711 03f4 00       		.byte	0
 712 03f5 0E       		.uleb128 0xe
 713 03f6 29020000 		.4byte	0x229
 714 03fa 05040000 		.4byte	0x405
 715 03fe 0F       		.uleb128 0xf
 716 03ff E3000000 		.4byte	0xe3
 717 0403 02       		.byte	0x2
 718 0404 00       		.byte	0
 719 0405 0E       		.uleb128 0xe
 720 0406 73020000 		.4byte	0x273
 721 040a 15040000 		.4byte	0x415
 722 040e 0F       		.uleb128 0xf
 723 040f E3000000 		.4byte	0xe3
 724 0413 01       		.byte	0x1
 725 0414 00       		.byte	0
 726 0415 0E       		.uleb128 0xe
 727 0416 B4000000 		.4byte	0xb4
 728 041a 25040000 		.4byte	0x425
 729 041e 0F       		.uleb128 0xf
 730 041f E3000000 		.4byte	0xe3
 731 0423 0B       		.byte	0xb
 732 0424 00       		.byte	0
 733 0425 0E       		.uleb128 0xe
 734 0426 A3020000 		.4byte	0x2a3
 735 042a 35040000 		.4byte	0x435
 736 042e 0F       		.uleb128 0xf
 737 042f E3000000 		.4byte	0xe3
ARM GAS  /tmp/ccPiMA8j.s 			page 14


 738 0433 1B       		.byte	0x1b
 739 0434 00       		.byte	0
 740 0435 13       		.uleb128 0x13
 741 0436 33000000 		.4byte	.LASF55
 742 043a 06       		.byte	0x6
 743 043b A301     		.2byte	0x1a3
 744 043d AF020000 		.4byte	0x2af
 745 0441 10       		.uleb128 0x10
 746 0442 60       		.byte	0x60
 747 0443 06       		.byte	0x6
 748 0444 E002     		.2byte	0x2e0
 749 0446 C2050000 		.4byte	0x5c2
 750 044a 11       		.uleb128 0x11
 751 044b 43523100 		.ascii	"CR1\000"
 752 044f 06       		.byte	0x6
 753 0450 E202     		.2byte	0x2e2
 754 0452 E1010000 		.4byte	0x1e1
 755 0456 00       		.byte	0
 756 0457 12       		.uleb128 0x12
 757 0458 FD020000 		.4byte	.LASF42
 758 045c 06       		.byte	0x6
 759 045d E302     		.2byte	0x2e3
 760 045f 9E000000 		.4byte	0x9e
 761 0463 02       		.byte	0x2
 762 0464 11       		.uleb128 0x11
 763 0465 43523200 		.ascii	"CR2\000"
 764 0469 06       		.byte	0x6
 765 046a E402     		.2byte	0x2e4
 766 046c DE000000 		.4byte	0xde
 767 0470 04       		.byte	0x4
 768 0471 12       		.uleb128 0x12
 769 0472 D6010000 		.4byte	.LASF56
 770 0476 06       		.byte	0x6
 771 0477 E502     		.2byte	0x2e5
 772 0479 DE000000 		.4byte	0xde
 773 047d 08       		.byte	0x8
 774 047e 12       		.uleb128 0x12
 775 047f 00000000 		.4byte	.LASF57
 776 0483 06       		.byte	0x6
 777 0484 E602     		.2byte	0x2e6
 778 0486 DE000000 		.4byte	0xde
 779 048a 0C       		.byte	0xc
 780 048b 11       		.uleb128 0x11
 781 048c 535200   		.ascii	"SR\000"
 782 048f 06       		.byte	0x6
 783 0490 E702     		.2byte	0x2e7
 784 0492 DE000000 		.4byte	0xde
 785 0496 10       		.byte	0x10
 786 0497 11       		.uleb128 0x11
 787 0498 45475200 		.ascii	"EGR\000"
 788 049c 06       		.byte	0x6
 789 049d E802     		.2byte	0x2e8
 790 049f DE000000 		.4byte	0xde
 791 04a3 14       		.byte	0x14
 792 04a4 12       		.uleb128 0x12
 793 04a5 86000000 		.4byte	.LASF58
 794 04a9 06       		.byte	0x6
ARM GAS  /tmp/ccPiMA8j.s 			page 15


 795 04aa E902     		.2byte	0x2e9
 796 04ac DE000000 		.4byte	0xde
 797 04b0 18       		.byte	0x18
 798 04b1 12       		.uleb128 0x12
 799 04b2 8C000000 		.4byte	.LASF59
 800 04b6 06       		.byte	0x6
 801 04b7 EA02     		.2byte	0x2ea
 802 04b9 DE000000 		.4byte	0xde
 803 04bd 1C       		.byte	0x1c
 804 04be 12       		.uleb128 0x12
 805 04bf 1D010000 		.4byte	.LASF60
 806 04c3 06       		.byte	0x6
 807 04c4 EB02     		.2byte	0x2eb
 808 04c6 DE000000 		.4byte	0xde
 809 04ca 20       		.byte	0x20
 810 04cb 11       		.uleb128 0x11
 811 04cc 434E5400 		.ascii	"CNT\000"
 812 04d0 06       		.byte	0x6
 813 04d1 EC02     		.2byte	0x2ec
 814 04d3 DE000000 		.4byte	0xde
 815 04d7 24       		.byte	0x24
 816 04d8 11       		.uleb128 0x11
 817 04d9 50534300 		.ascii	"PSC\000"
 818 04dd 06       		.byte	0x6
 819 04de ED02     		.2byte	0x2ed
 820 04e0 E1010000 		.4byte	0x1e1
 821 04e4 28       		.byte	0x28
 822 04e5 12       		.uleb128 0x12
 823 04e6 3C030000 		.4byte	.LASF61
 824 04ea 06       		.byte	0x6
 825 04eb EE02     		.2byte	0x2ee
 826 04ed 9E000000 		.4byte	0x9e
 827 04f1 2A       		.byte	0x2a
 828 04f2 11       		.uleb128 0x11
 829 04f3 41525200 		.ascii	"ARR\000"
 830 04f7 06       		.byte	0x6
 831 04f8 EF02     		.2byte	0x2ef
 832 04fa DE000000 		.4byte	0xde
 833 04fe 2C       		.byte	0x2c
 834 04ff 11       		.uleb128 0x11
 835 0500 52435200 		.ascii	"RCR\000"
 836 0504 06       		.byte	0x6
 837 0505 F002     		.2byte	0x2f0
 838 0507 E1010000 		.4byte	0x1e1
 839 050b 30       		.byte	0x30
 840 050c 12       		.uleb128 0x12
 841 050d C5000000 		.4byte	.LASF62
 842 0511 06       		.byte	0x6
 843 0512 F102     		.2byte	0x2f1
 844 0514 9E000000 		.4byte	0x9e
 845 0518 32       		.byte	0x32
 846 0519 12       		.uleb128 0x12
 847 051a 52000000 		.4byte	.LASF63
 848 051e 06       		.byte	0x6
 849 051f F202     		.2byte	0x2f2
 850 0521 DE000000 		.4byte	0xde
 851 0525 34       		.byte	0x34
ARM GAS  /tmp/ccPiMA8j.s 			page 16


 852 0526 12       		.uleb128 0x12
 853 0527 7D040000 		.4byte	.LASF64
 854 052b 06       		.byte	0x6
 855 052c F302     		.2byte	0x2f3
 856 052e DE000000 		.4byte	0xde
 857 0532 38       		.byte	0x38
 858 0533 12       		.uleb128 0x12
 859 0534 82040000 		.4byte	.LASF65
 860 0538 06       		.byte	0x6
 861 0539 F402     		.2byte	0x2f4
 862 053b DE000000 		.4byte	0xde
 863 053f 3C       		.byte	0x3c
 864 0540 12       		.uleb128 0x12
 865 0541 87040000 		.4byte	.LASF66
 866 0545 06       		.byte	0x6
 867 0546 F502     		.2byte	0x2f5
 868 0548 DE000000 		.4byte	0xde
 869 054c 40       		.byte	0x40
 870 054d 12       		.uleb128 0x12
 871 054e 64010000 		.4byte	.LASF67
 872 0552 06       		.byte	0x6
 873 0553 F602     		.2byte	0x2f6
 874 0555 DE000000 		.4byte	0xde
 875 0559 44       		.byte	0x44
 876 055a 11       		.uleb128 0x11
 877 055b 44435200 		.ascii	"DCR\000"
 878 055f 06       		.byte	0x6
 879 0560 F702     		.2byte	0x2f7
 880 0562 E1010000 		.4byte	0x1e1
 881 0566 48       		.byte	0x48
 882 0567 12       		.uleb128 0x12
 883 0568 D0000000 		.4byte	.LASF68
 884 056c 06       		.byte	0x6
 885 056d F802     		.2byte	0x2f8
 886 056f 9E000000 		.4byte	0x9e
 887 0573 4A       		.byte	0x4a
 888 0574 12       		.uleb128 0x12
 889 0575 ED030000 		.4byte	.LASF69
 890 0579 06       		.byte	0x6
 891 057a F902     		.2byte	0x2f9
 892 057c E1010000 		.4byte	0x1e1
 893 0580 4C       		.byte	0x4c
 894 0581 12       		.uleb128 0x12
 895 0582 DB000000 		.4byte	.LASF70
 896 0586 06       		.byte	0x6
 897 0587 FA02     		.2byte	0x2fa
 898 0589 9E000000 		.4byte	0x9e
 899 058d 4E       		.byte	0x4e
 900 058e 11       		.uleb128 0x11
 901 058f 4F5200   		.ascii	"OR\000"
 902 0592 06       		.byte	0x6
 903 0593 FB02     		.2byte	0x2fb
 904 0595 E1010000 		.4byte	0x1e1
 905 0599 50       		.byte	0x50
 906 059a 12       		.uleb128 0x12
 907 059b 92000000 		.4byte	.LASF71
 908 059f 06       		.byte	0x6
ARM GAS  /tmp/ccPiMA8j.s 			page 17


 909 05a0 FC02     		.2byte	0x2fc
 910 05a2 DE000000 		.4byte	0xde
 911 05a6 54       		.byte	0x54
 912 05a7 12       		.uleb128 0x12
 913 05a8 8C040000 		.4byte	.LASF72
 914 05ac 06       		.byte	0x6
 915 05ad FD02     		.2byte	0x2fd
 916 05af DE000000 		.4byte	0xde
 917 05b3 58       		.byte	0x58
 918 05b4 12       		.uleb128 0x12
 919 05b5 91040000 		.4byte	.LASF73
 920 05b9 06       		.byte	0x6
 921 05ba FE02     		.2byte	0x2fe
 922 05bc DE000000 		.4byte	0xde
 923 05c0 5C       		.byte	0x5c
 924 05c1 00       		.byte	0
 925 05c2 13       		.uleb128 0x13
 926 05c3 3F000000 		.4byte	.LASF74
 927 05c7 06       		.byte	0x6
 928 05c8 FF02     		.2byte	0x2ff
 929 05ca 41040000 		.4byte	0x441
 930 05ce 04       		.uleb128 0x4
 931 05cf D0030000 		.4byte	.LASF75
 932 05d3 07       		.byte	0x7
 933 05d4 5E       		.byte	0x5e
 934 05d5 D9050000 		.4byte	0x5d9
 935 05d9 0A       		.uleb128 0xa
 936 05da D0030000 		.4byte	.LASF75
 937 05de 1E       		.byte	0x1e
 938 05df 07       		.byte	0x7
 939 05e0 B9       		.byte	0xb9
 940 05e1 5A060000 		.4byte	0x65a
 941 05e5 0B       		.uleb128 0xb
 942 05e6 81000000 		.4byte	.LASF76
 943 05ea 07       		.byte	0x7
 944 05eb BA       		.byte	0xba
 945 05ec 76060000 		.4byte	0x676
 946 05f0 00       		.byte	0
 947 05f1 0B       		.uleb128 0xb
 948 05f2 96040000 		.4byte	.LASF77
 949 05f6 07       		.byte	0x7
 950 05f7 BB       		.byte	0xbb
 951 05f8 ED060000 		.4byte	0x6ed
 952 05fc 04       		.byte	0x4
 953 05fd 0B       		.uleb128 0xb
 954 05fe FB010000 		.4byte	.LASF78
 955 0602 07       		.byte	0x7
 956 0603 BC       		.byte	0xbc
 957 0604 5A060000 		.4byte	0x65a
 958 0608 05       		.byte	0x5
 959 0609 0B       		.uleb128 0xb
 960 060a 30010000 		.4byte	.LASF79
 961 060e 07       		.byte	0x7
 962 060f BD       		.byte	0xbd
 963 0610 DC000000 		.4byte	0xdc
 964 0614 09       		.byte	0x9
 965 0615 17       		.uleb128 0x17
ARM GAS  /tmp/ccPiMA8j.s 			page 18


 966 0616 62080000 		.4byte	0x862
 967 061a 0D       		.byte	0xd
 968 061b 18       		.uleb128 0x18
 969 061c 696400   		.ascii	"id\000"
 970 061f 07       		.byte	0x7
 971 0620 C7       		.byte	0xc7
 972 0621 F8060000 		.4byte	0x6f8
 973 0625 11       		.byte	0x11
 974 0626 0B       		.uleb128 0xb
 975 0627 C9040000 		.4byte	.LASF80
 976 062b 07       		.byte	0x7
 977 062c C8       		.byte	0xc8
 978 062d 9E000000 		.4byte	0x9e
 979 0631 13       		.byte	0x13
 980 0632 0B       		.uleb128 0xb
 981 0633 D1010000 		.4byte	.LASF81
 982 0637 07       		.byte	0x7
 983 0638 C9       		.byte	0xc9
 984 0639 B6010000 		.4byte	0x1b6
 985 063d 15       		.byte	0x15
 986 063e 18       		.uleb128 0x18
 987 063f 70747200 		.ascii	"ptr\000"
 988 0643 07       		.byte	0x7
 989 0644 CA       		.byte	0xca
 990 0645 B0010000 		.4byte	0x1b0
 991 0649 19       		.byte	0x19
 992 064a 19       		.uleb128 0x19
 993 064b 8A030000 		.4byte	.LASF112
 994 064f 07       		.byte	0x7
 995 0650 CB       		.byte	0xcb
 996 0651 93000000 		.4byte	0x93
 997 0655 01       		.byte	0x1
 998 0656 07       		.byte	0x7
 999 0657 01       		.byte	0x1
 1000 0658 1D       		.byte	0x1d
 1001 0659 00       		.byte	0
 1002 065a 04       		.uleb128 0x4
 1003 065b D1020000 		.4byte	.LASF82
 1004 065f 07       		.byte	0x7
 1005 0660 63       		.byte	0x63
 1006 0661 65060000 		.4byte	0x665
 1007 0665 07       		.uleb128 0x7
 1008 0666 04       		.byte	0x4
 1009 0667 6B060000 		.4byte	0x66b
 1010 066b 08       		.uleb128 0x8
 1011 066c 76060000 		.4byte	0x676
 1012 0670 09       		.uleb128 0x9
 1013 0671 76060000 		.4byte	0x676
 1014 0675 00       		.byte	0
 1015 0676 07       		.uleb128 0x7
 1016 0677 04       		.byte	0x4
 1017 0678 CE050000 		.4byte	0x5ce
 1018 067c 1A       		.uleb128 0x1a
 1019 067d 01       		.byte	0x1
 1020 067e 07       		.byte	0x7
 1021 067f 68       		.byte	0x68
 1022 0680 AF060000 		.4byte	0x6af
ARM GAS  /tmp/ccPiMA8j.s 			page 19


 1023 0684 1B       		.uleb128 0x1b
 1024 0685 AC020000 		.4byte	.LASF83
 1025 0689 00       		.sleb128 0
 1026 068a 1B       		.uleb128 0x1b
 1027 068b 10000000 		.4byte	.LASF84
 1028 068f 01       		.sleb128 1
 1029 0690 1B       		.uleb128 0x1b
 1030 0691 8F020000 		.4byte	.LASF85
 1031 0695 02       		.sleb128 2
 1032 0696 1B       		.uleb128 0x1b
 1033 0697 BD040000 		.4byte	.LASF86
 1034 069b 03       		.sleb128 3
 1035 069c 1B       		.uleb128 0x1b
 1036 069d 1F020000 		.4byte	.LASF87
 1037 06a1 04       		.sleb128 4
 1038 06a2 1B       		.uleb128 0x1b
 1039 06a3 9C010000 		.4byte	.LASF88
 1040 06a7 05       		.sleb128 5
 1041 06a8 1B       		.uleb128 0x1b
 1042 06a9 CE040000 		.4byte	.LASF89
 1043 06ad 06       		.sleb128 6
 1044 06ae 00       		.byte	0
 1045 06af 04       		.uleb128 0x4
 1046 06b0 EB020000 		.4byte	.LASF90
 1047 06b4 07       		.byte	0x7
 1048 06b5 70       		.byte	0x70
 1049 06b6 7C060000 		.4byte	0x67c
 1050 06ba 1A       		.uleb128 0x1a
 1051 06bb 01       		.byte	0x1
 1052 06bc 07       		.byte	0x7
 1053 06bd 75       		.byte	0x75
 1054 06be ED060000 		.4byte	0x6ed
 1055 06c2 1B       		.uleb128 0x1b
 1056 06c3 A4000000 		.4byte	.LASF91
 1057 06c7 00       		.sleb128 0
 1058 06c8 1B       		.uleb128 0x1b
 1059 06c9 47040000 		.4byte	.LASF92
 1060 06cd 01       		.sleb128 1
 1061 06ce 1B       		.uleb128 0x1b
 1062 06cf 93030000 		.4byte	.LASF93
 1063 06d3 02       		.sleb128 2
 1064 06d4 1B       		.uleb128 0x1b
 1065 06d5 79030000 		.4byte	.LASF94
 1066 06d9 03       		.sleb128 3
 1067 06da 1B       		.uleb128 0x1b
 1068 06db 63020000 		.4byte	.LASF95
 1069 06df 04       		.sleb128 4
 1070 06e0 1B       		.uleb128 0x1b
 1071 06e1 25030000 		.4byte	.LASF96
 1072 06e5 05       		.sleb128 5
 1073 06e6 1B       		.uleb128 0x1b
 1074 06e7 41020000 		.4byte	.LASF97
 1075 06eb 06       		.sleb128 6
 1076 06ec 00       		.byte	0
 1077 06ed 04       		.uleb128 0x4
 1078 06ee 51020000 		.4byte	.LASF98
 1079 06f2 07       		.byte	0x7
ARM GAS  /tmp/ccPiMA8j.s 			page 20


 1080 06f3 7D       		.byte	0x7d
 1081 06f4 BA060000 		.4byte	0x6ba
 1082 06f8 04       		.uleb128 0x4
 1083 06f9 04020000 		.4byte	.LASF99
 1084 06fd 07       		.byte	0x7
 1085 06fe 83       		.byte	0x83
 1086 06ff 9E000000 		.4byte	0x9e
 1087 0703 0C       		.uleb128 0xc
 1088 0704 04       		.byte	0x4
 1089 0705 08       		.byte	0x8
 1090 0706 1E       		.byte	0x1e
 1091 0707 18070000 		.4byte	0x718
 1092 070b 0B       		.uleb128 0xb
 1093 070c 81000000 		.4byte	.LASF76
 1094 0710 08       		.byte	0x8
 1095 0711 20       		.byte	0x20
 1096 0712 76060000 		.4byte	0x676
 1097 0716 00       		.byte	0
 1098 0717 00       		.byte	0
 1099 0718 04       		.uleb128 0x4
 1100 0719 1C060000 		.4byte	.LASF100
 1101 071d 08       		.byte	0x8
 1102 071e 21       		.byte	0x21
 1103 071f 03070000 		.4byte	0x703
 1104 0723 0A       		.uleb128 0xa
 1105 0724 6E000000 		.4byte	.LASF101
 1106 0728 60       		.byte	0x60
 1107 0729 07       		.byte	0x7
 1108 072a E3       		.byte	0xe3
 1109 072b 9F070000 		.4byte	0x79f
 1110 072f 0B       		.uleb128 0xb
 1111 0730 E6000000 		.4byte	.LASF102
 1112 0734 07       		.byte	0x7
 1113 0735 E7       		.byte	0xe7
 1114 0736 AF060000 		.4byte	0x6af
 1115 073a 00       		.byte	0
 1116 073b 0B       		.uleb128 0xb
 1117 073c 37010000 		.4byte	.LASF103
 1118 0740 07       		.byte	0x7
 1119 0741 EB       		.byte	0xeb
 1120 0742 B4000000 		.4byte	0xb4
 1121 0746 04       		.byte	0x4
 1122 0747 0B       		.uleb128 0xb
 1123 0748 70040000 		.4byte	.LASF104
 1124 074c 07       		.byte	0x7
 1125 074d EF       		.byte	0xef
 1126 074e B4000000 		.4byte	0xb4
 1127 0752 08       		.byte	0x8
 1128 0753 0B       		.uleb128 0xb
 1129 0754 DC030000 		.4byte	.LASF105
 1130 0758 07       		.byte	0x7
 1131 0759 F3       		.byte	0xf3
 1132 075a 18070000 		.4byte	0x718
 1133 075e 0C       		.byte	0xc
 1134 075f 0B       		.uleb128 0xb
 1135 0760 A6020000 		.4byte	.LASF106
 1136 0764 07       		.byte	0x7
ARM GAS  /tmp/ccPiMA8j.s 			page 21


 1137 0765 F7       		.byte	0xf7
 1138 0766 AD080000 		.4byte	0x8ad
 1139 076a 10       		.byte	0x10
 1140 076b 0B       		.uleb128 0xb
 1141 076c 14060000 		.4byte	.LASF107
 1142 0770 07       		.byte	0x7
 1143 0771 FB       		.byte	0xfb
 1144 0772 BD080000 		.4byte	0x8bd
 1145 0776 1C       		.byte	0x1c
 1146 0777 12       		.uleb128 0x12
 1147 0778 E6030000 		.4byte	.LASF108
 1148 077c 07       		.byte	0x7
 1149 077d 0901     		.2byte	0x109
 1150 077f CD080000 		.4byte	0x8cd
 1151 0783 54       		.byte	0x54
 1152 0784 11       		.uleb128 0x11
 1153 0785 74696D00 		.ascii	"tim\000"
 1154 0789 07       		.byte	0x7
 1155 078a 0E01     		.2byte	0x10e
 1156 078c D8080000 		.4byte	0x8d8
 1157 0790 58       		.byte	0x58
 1158 0791 11       		.uleb128 0x11
 1159 0792 63616E00 		.ascii	"can\000"
 1160 0796 07       		.byte	0x7
 1161 0797 1301     		.2byte	0x113
 1162 0799 DE080000 		.4byte	0x8de
 1163 079d 5C       		.byte	0x5c
 1164 079e 00       		.byte	0
 1165 079f 1C       		.uleb128 0x1c
 1166 07a0 08       		.byte	0x8
 1167 07a1 07       		.byte	0x7
 1168 07a2 A1       		.byte	0xa1
 1169 07a3 C9070000 		.4byte	0x7c9
 1170 07a7 1D       		.uleb128 0x1d
 1171 07a8 B9020000 		.4byte	.LASF109
 1172 07ac 07       		.byte	0x7
 1173 07ad A2       		.byte	0xa2
 1174 07ae C9070000 		.4byte	0x7c9
 1175 07b2 1D       		.uleb128 0x1d
 1176 07b3 76040000 		.4byte	.LASF110
 1177 07b7 07       		.byte	0x7
 1178 07b8 A3       		.byte	0xa3
 1179 07b9 D9070000 		.4byte	0x7d9
 1180 07bd 1D       		.uleb128 0x1d
 1181 07be 7A000000 		.4byte	.LASF111
 1182 07c2 07       		.byte	0x7
 1183 07c3 A4       		.byte	0xa4
 1184 07c4 D1010000 		.4byte	0x1d1
 1185 07c8 00       		.byte	0
 1186 07c9 0E       		.uleb128 0xe
 1187 07ca 93000000 		.4byte	0x93
 1188 07ce D9070000 		.4byte	0x7d9
 1189 07d2 0F       		.uleb128 0xf
 1190 07d3 E3000000 		.4byte	0xe3
 1191 07d7 07       		.byte	0x7
 1192 07d8 00       		.byte	0
 1193 07d9 0E       		.uleb128 0xe
ARM GAS  /tmp/ccPiMA8j.s 			page 22


 1194 07da 9E000000 		.4byte	0x9e
 1195 07de E9070000 		.4byte	0x7e9
 1196 07e2 0F       		.uleb128 0xf
 1197 07e3 E3000000 		.4byte	0xe3
 1198 07e7 03       		.byte	0x3
 1199 07e8 00       		.byte	0
 1200 07e9 0C       		.uleb128 0xc
 1201 07ea 10       		.byte	0x10
 1202 07eb 07       		.byte	0x7
 1203 07ec 9D       		.byte	0x9d
 1204 07ed 21080000 		.4byte	0x821
 1205 07f1 1E       		.uleb128 0x1e
 1206 07f2 696400   		.ascii	"id\000"
 1207 07f5 07       		.byte	0x7
 1208 07f6 9E       		.byte	0x9e
 1209 07f7 B4000000 		.4byte	0xb4
 1210 07fb 04       		.byte	0x4
 1211 07fc 1D       		.byte	0x1d
 1212 07fd 03       		.byte	0x3
 1213 07fe 00       		.byte	0
 1214 07ff 1E       		.uleb128 0x1e
 1215 0800 6C656E00 		.ascii	"len\000"
 1216 0804 07       		.byte	0x7
 1217 0805 9F       		.byte	0x9f
 1218 0806 93000000 		.4byte	0x93
 1219 080a 01       		.byte	0x1
 1220 080b 04       		.byte	0x4
 1221 080c 04       		.byte	0x4
 1222 080d 04       		.byte	0x4
 1223 080e 0B       		.uleb128 0xb
 1224 080f F8020000 		.4byte	.LASF113
 1225 0813 07       		.byte	0x7
 1226 0814 A0       		.byte	0xa0
 1227 0815 93000000 		.4byte	0x93
 1228 0819 05       		.byte	0x5
 1229 081a 17       		.uleb128 0x17
 1230 081b 9F070000 		.4byte	0x79f
 1231 081f 08       		.byte	0x8
 1232 0820 00       		.byte	0
 1233 0821 04       		.uleb128 0x4
 1234 0822 6E010000 		.4byte	.LASF114
 1235 0826 07       		.byte	0x7
 1236 0827 A6       		.byte	0xa6
 1237 0828 E9070000 		.4byte	0x7e9
 1238 082c 0C       		.uleb128 0xc
 1239 082d 04       		.byte	0x4
 1240 082e 07       		.byte	0x7
 1241 082f BF       		.byte	0xbf
 1242 0830 41080000 		.4byte	0x841
 1243 0834 0B       		.uleb128 0xb
 1244 0835 F2040000 		.4byte	.LASF115
 1245 0839 07       		.byte	0x7
 1246 083a C0       		.byte	0xc0
 1247 083b B4000000 		.4byte	0xb4
 1248 083f 00       		.byte	0
 1249 0840 00       		.byte	0
 1250 0841 0C       		.uleb128 0xc
ARM GAS  /tmp/ccPiMA8j.s 			page 23


 1251 0842 04       		.byte	0x4
 1252 0843 07       		.byte	0x7
 1253 0844 C2       		.byte	0xc2
 1254 0845 62080000 		.4byte	0x862
 1255 0849 0B       		.uleb128 0xb
 1256 084a 37010000 		.4byte	.LASF103
 1257 084e 07       		.byte	0x7
 1258 084f C3       		.byte	0xc3
 1259 0850 9E000000 		.4byte	0x9e
 1260 0854 00       		.byte	0
 1261 0855 0B       		.uleb128 0xb
 1262 0856 4B000000 		.4byte	.LASF116
 1263 085a 07       		.byte	0x7
 1264 085b C4       		.byte	0xc4
 1265 085c 9E000000 		.4byte	0x9e
 1266 0860 02       		.byte	0x2
 1267 0861 00       		.byte	0
 1268 0862 1C       		.uleb128 0x1c
 1269 0863 04       		.byte	0x4
 1270 0864 07       		.byte	0x7
 1271 0865 BE       		.byte	0xbe
 1272 0866 75080000 		.4byte	0x875
 1273 086a 1F       		.uleb128 0x1f
 1274 086b 2C080000 		.4byte	0x82c
 1275 086f 1F       		.uleb128 0x1f
 1276 0870 41080000 		.4byte	0x841
 1277 0874 00       		.byte	0
 1278 0875 0C       		.uleb128 0xc
 1279 0876 0C       		.byte	0xc
 1280 0877 07       		.byte	0x7
 1281 0878 D1       		.byte	0xd1
 1282 0879 A2080000 		.4byte	0x8a2
 1283 087d 0B       		.uleb128 0xb
 1284 087e BC000000 		.4byte	.LASF117
 1285 0882 07       		.byte	0x7
 1286 0883 D5       		.byte	0xd5
 1287 0884 B4000000 		.4byte	0xb4
 1288 0888 00       		.byte	0
 1289 0889 0B       		.uleb128 0xb
 1290 088a E7040000 		.4byte	.LASF118
 1291 088e 07       		.byte	0x7
 1292 088f D9       		.byte	0xd9
 1293 0890 B4000000 		.4byte	0xb4
 1294 0894 04       		.byte	0x4
 1295 0895 0B       		.uleb128 0xb
 1296 0896 CB020000 		.4byte	.LASF119
 1297 089a 07       		.byte	0x7
 1298 089b DD       		.byte	0xdd
 1299 089c B4000000 		.4byte	0xb4
 1300 08a0 08       		.byte	0x8
 1301 08a1 00       		.byte	0
 1302 08a2 04       		.uleb128 0x4
 1303 08a3 DB040000 		.4byte	.LASF120
 1304 08a7 07       		.byte	0x7
 1305 08a8 DE       		.byte	0xde
 1306 08a9 75080000 		.4byte	0x875
 1307 08ad 0E       		.uleb128 0xe
ARM GAS  /tmp/ccPiMA8j.s 			page 24


 1308 08ae 76060000 		.4byte	0x676
 1309 08b2 BD080000 		.4byte	0x8bd
 1310 08b6 0F       		.uleb128 0xf
 1311 08b7 E3000000 		.4byte	0xe3
 1312 08bb 02       		.byte	0x2
 1313 08bc 00       		.byte	0
 1314 08bd 0E       		.uleb128 0xe
 1315 08be 76060000 		.4byte	0x676
 1316 08c2 CD080000 		.4byte	0x8cd
 1317 08c6 0F       		.uleb128 0xf
 1318 08c7 E3000000 		.4byte	0xe3
 1319 08cb 0D       		.byte	0xd
 1320 08cc 00       		.byte	0
 1321 08cd 07       		.uleb128 0x7
 1322 08ce 04       		.byte	0x4
 1323 08cf D3080000 		.4byte	0x8d3
 1324 08d3 0D       		.uleb128 0xd
 1325 08d4 A2080000 		.4byte	0x8a2
 1326 08d8 07       		.uleb128 0x7
 1327 08d9 04       		.byte	0x4
 1328 08da C2050000 		.4byte	0x5c2
 1329 08de 07       		.uleb128 0x7
 1330 08df 04       		.byte	0x4
 1331 08e0 35040000 		.4byte	0x435
 1332 08e4 20       		.uleb128 0x20
 1333 08e5 7B020000 		.4byte	.LASF121
 1334 08e9 01       		.byte	0x1
 1335 08ea 16       		.byte	0x16
 1336 08eb 93000000 		.4byte	0x93
 1337 08ef 00000000 		.4byte	.LFB118
 1338 08f3 38000000 		.4byte	.LFE118-.LFB118
 1339 08f7 01       		.uleb128 0x1
 1340 08f8 9C       		.byte	0x9c
 1341 08f9 1A090000 		.4byte	0x91a
 1342 08fd 21       		.uleb128 0x21
 1343 08fe 3C020000 		.4byte	.LASF123
 1344 0902 01       		.byte	0x1
 1345 0903 16       		.byte	0x16
 1346 0904 76060000 		.4byte	0x676
 1347 0908 02       		.uleb128 0x2
 1348 0909 91       		.byte	0x91
 1349 090a 74       		.sleb128 -12
 1350 090b 22       		.uleb128 0x22
 1351 090c 17040000 		.4byte	.LASF125
 1352 0910 01       		.byte	0x1
 1353 0911 17       		.byte	0x17
 1354 0912 A9000000 		.4byte	0xa9
 1355 0916 02       		.uleb128 0x2
 1356 0917 91       		.byte	0x91
 1357 0918 7C       		.sleb128 -4
 1358 0919 00       		.byte	0
 1359 091a 23       		.uleb128 0x23
 1360 091b 10010000 		.4byte	.LASF122
 1361 091f 01       		.byte	0x1
 1362 0920 28       		.byte	0x28
 1363 0921 BF000000 		.4byte	0xbf
 1364 0925 00000000 		.4byte	.LFB119
ARM GAS  /tmp/ccPiMA8j.s 			page 25


 1365 0929 02010000 		.4byte	.LFE119-.LFB119
 1366 092d 01       		.uleb128 0x1
 1367 092e 9C       		.byte	0x9c
 1368 092f 5E090000 		.4byte	0x95e
 1369 0933 21       		.uleb128 0x21
 1370 0934 1B000000 		.4byte	.LASF124
 1371 0938 01       		.byte	0x1
 1372 0939 28       		.byte	0x28
 1373 093a 5E090000 		.4byte	0x95e
 1374 093e 02       		.uleb128 0x2
 1375 093f 91       		.byte	0x91
 1376 0940 5C       		.sleb128 -36
 1377 0941 22       		.uleb128 0x22
 1378 0942 3C020000 		.4byte	.LASF123
 1379 0946 01       		.byte	0x1
 1380 0947 29       		.byte	0x29
 1381 0948 76060000 		.4byte	0x676
 1382 094c 02       		.uleb128 0x2
 1383 094d 91       		.byte	0x91
 1384 094e 74       		.sleb128 -12
 1385 094f 22       		.uleb128 0x22
 1386 0950 ED040000 		.4byte	.LASF126
 1387 0954 01       		.byte	0x1
 1388 0955 2A       		.byte	0x2a
 1389 0956 21080000 		.4byte	0x821
 1390 095a 02       		.uleb128 0x2
 1391 095b 91       		.byte	0x91
 1392 095c 64       		.sleb128 -28
 1393 095d 00       		.byte	0
 1394 095e 07       		.uleb128 0x7
 1395 095f 04       		.byte	0x4
 1396 0960 23070000 		.4byte	0x723
 1397 0964 24       		.uleb128 0x24
 1398 0965 2C000000 		.4byte	.LASF127
 1399 0969 05       		.byte	0x5
 1400 096a F5       		.byte	0xf5
 1401 096b 9E010000 		.4byte	0x19e
 1402 096f 25       		.uleb128 0x25
 1403 0970 62030000 		.4byte	.LASF128
 1404 0974 09       		.byte	0x9
 1405 0975 9806     		.2byte	0x698
 1406 0977 E6010000 		.4byte	0x1e6
 1407 097b 00       		.byte	0
 1408              		.section	.debug_abbrev,"",%progbits
 1409              	.Ldebug_abbrev0:
 1410 0000 01       		.uleb128 0x1
 1411 0001 11       		.uleb128 0x11
 1412 0002 01       		.byte	0x1
 1413 0003 25       		.uleb128 0x25
 1414 0004 0E       		.uleb128 0xe
 1415 0005 13       		.uleb128 0x13
 1416 0006 0B       		.uleb128 0xb
 1417 0007 03       		.uleb128 0x3
 1418 0008 0E       		.uleb128 0xe
 1419 0009 55       		.uleb128 0x55
 1420 000a 17       		.uleb128 0x17
 1421 000b 11       		.uleb128 0x11
ARM GAS  /tmp/ccPiMA8j.s 			page 26


 1422 000c 01       		.uleb128 0x1
 1423 000d 10       		.uleb128 0x10
 1424 000e 17       		.uleb128 0x17
 1425 000f 00       		.byte	0
 1426 0010 00       		.byte	0
 1427 0011 02       		.uleb128 0x2
 1428 0012 24       		.uleb128 0x24
 1429 0013 00       		.byte	0
 1430 0014 0B       		.uleb128 0xb
 1431 0015 0B       		.uleb128 0xb
 1432 0016 3E       		.uleb128 0x3e
 1433 0017 0B       		.uleb128 0xb
 1434 0018 03       		.uleb128 0x3
 1435 0019 08       		.uleb128 0x8
 1436 001a 00       		.byte	0
 1437 001b 00       		.byte	0
 1438 001c 03       		.uleb128 0x3
 1439 001d 24       		.uleb128 0x24
 1440 001e 00       		.byte	0
 1441 001f 0B       		.uleb128 0xb
 1442 0020 0B       		.uleb128 0xb
 1443 0021 3E       		.uleb128 0x3e
 1444 0022 0B       		.uleb128 0xb
 1445 0023 03       		.uleb128 0x3
 1446 0024 0E       		.uleb128 0xe
 1447 0025 00       		.byte	0
 1448 0026 00       		.byte	0
 1449 0027 04       		.uleb128 0x4
 1450 0028 16       		.uleb128 0x16
 1451 0029 00       		.byte	0
 1452 002a 03       		.uleb128 0x3
 1453 002b 0E       		.uleb128 0xe
 1454 002c 3A       		.uleb128 0x3a
 1455 002d 0B       		.uleb128 0xb
 1456 002e 3B       		.uleb128 0x3b
 1457 002f 0B       		.uleb128 0xb
 1458 0030 49       		.uleb128 0x49
 1459 0031 13       		.uleb128 0x13
 1460 0032 00       		.byte	0
 1461 0033 00       		.byte	0
 1462 0034 05       		.uleb128 0x5
 1463 0035 0F       		.uleb128 0xf
 1464 0036 00       		.byte	0
 1465 0037 0B       		.uleb128 0xb
 1466 0038 0B       		.uleb128 0xb
 1467 0039 00       		.byte	0
 1468 003a 00       		.byte	0
 1469 003b 06       		.uleb128 0x6
 1470 003c 35       		.uleb128 0x35
 1471 003d 00       		.byte	0
 1472 003e 49       		.uleb128 0x49
 1473 003f 13       		.uleb128 0x13
 1474 0040 00       		.byte	0
 1475 0041 00       		.byte	0
 1476 0042 07       		.uleb128 0x7
 1477 0043 0F       		.uleb128 0xf
 1478 0044 00       		.byte	0
ARM GAS  /tmp/ccPiMA8j.s 			page 27


 1479 0045 0B       		.uleb128 0xb
 1480 0046 0B       		.uleb128 0xb
 1481 0047 49       		.uleb128 0x49
 1482 0048 13       		.uleb128 0x13
 1483 0049 00       		.byte	0
 1484 004a 00       		.byte	0
 1485 004b 08       		.uleb128 0x8
 1486 004c 15       		.uleb128 0x15
 1487 004d 01       		.byte	0x1
 1488 004e 27       		.uleb128 0x27
 1489 004f 19       		.uleb128 0x19
 1490 0050 01       		.uleb128 0x1
 1491 0051 13       		.uleb128 0x13
 1492 0052 00       		.byte	0
 1493 0053 00       		.byte	0
 1494 0054 09       		.uleb128 0x9
 1495 0055 05       		.uleb128 0x5
 1496 0056 00       		.byte	0
 1497 0057 49       		.uleb128 0x49
 1498 0058 13       		.uleb128 0x13
 1499 0059 00       		.byte	0
 1500 005a 00       		.byte	0
 1501 005b 0A       		.uleb128 0xa
 1502 005c 13       		.uleb128 0x13
 1503 005d 01       		.byte	0x1
 1504 005e 03       		.uleb128 0x3
 1505 005f 0E       		.uleb128 0xe
 1506 0060 0B       		.uleb128 0xb
 1507 0061 0B       		.uleb128 0xb
 1508 0062 3A       		.uleb128 0x3a
 1509 0063 0B       		.uleb128 0xb
 1510 0064 3B       		.uleb128 0x3b
 1511 0065 0B       		.uleb128 0xb
 1512 0066 01       		.uleb128 0x1
 1513 0067 13       		.uleb128 0x13
 1514 0068 00       		.byte	0
 1515 0069 00       		.byte	0
 1516 006a 0B       		.uleb128 0xb
 1517 006b 0D       		.uleb128 0xd
 1518 006c 00       		.byte	0
 1519 006d 03       		.uleb128 0x3
 1520 006e 0E       		.uleb128 0xe
 1521 006f 3A       		.uleb128 0x3a
 1522 0070 0B       		.uleb128 0xb
 1523 0071 3B       		.uleb128 0x3b
 1524 0072 0B       		.uleb128 0xb
 1525 0073 49       		.uleb128 0x49
 1526 0074 13       		.uleb128 0x13
 1527 0075 38       		.uleb128 0x38
 1528 0076 0B       		.uleb128 0xb
 1529 0077 00       		.byte	0
 1530 0078 00       		.byte	0
 1531 0079 0C       		.uleb128 0xc
 1532 007a 13       		.uleb128 0x13
 1533 007b 01       		.byte	0x1
 1534 007c 0B       		.uleb128 0xb
 1535 007d 0B       		.uleb128 0xb
ARM GAS  /tmp/ccPiMA8j.s 			page 28


 1536 007e 3A       		.uleb128 0x3a
 1537 007f 0B       		.uleb128 0xb
 1538 0080 3B       		.uleb128 0x3b
 1539 0081 0B       		.uleb128 0xb
 1540 0082 01       		.uleb128 0x1
 1541 0083 13       		.uleb128 0x13
 1542 0084 00       		.byte	0
 1543 0085 00       		.byte	0
 1544 0086 0D       		.uleb128 0xd
 1545 0087 26       		.uleb128 0x26
 1546 0088 00       		.byte	0
 1547 0089 49       		.uleb128 0x49
 1548 008a 13       		.uleb128 0x13
 1549 008b 00       		.byte	0
 1550 008c 00       		.byte	0
 1551 008d 0E       		.uleb128 0xe
 1552 008e 01       		.uleb128 0x1
 1553 008f 01       		.byte	0x1
 1554 0090 49       		.uleb128 0x49
 1555 0091 13       		.uleb128 0x13
 1556 0092 01       		.uleb128 0x1
 1557 0093 13       		.uleb128 0x13
 1558 0094 00       		.byte	0
 1559 0095 00       		.byte	0
 1560 0096 0F       		.uleb128 0xf
 1561 0097 21       		.uleb128 0x21
 1562 0098 00       		.byte	0
 1563 0099 49       		.uleb128 0x49
 1564 009a 13       		.uleb128 0x13
 1565 009b 2F       		.uleb128 0x2f
 1566 009c 0B       		.uleb128 0xb
 1567 009d 00       		.byte	0
 1568 009e 00       		.byte	0
 1569 009f 10       		.uleb128 0x10
 1570 00a0 13       		.uleb128 0x13
 1571 00a1 01       		.byte	0x1
 1572 00a2 0B       		.uleb128 0xb
 1573 00a3 0B       		.uleb128 0xb
 1574 00a4 3A       		.uleb128 0x3a
 1575 00a5 0B       		.uleb128 0xb
 1576 00a6 3B       		.uleb128 0x3b
 1577 00a7 05       		.uleb128 0x5
 1578 00a8 01       		.uleb128 0x1
 1579 00a9 13       		.uleb128 0x13
 1580 00aa 00       		.byte	0
 1581 00ab 00       		.byte	0
 1582 00ac 11       		.uleb128 0x11
 1583 00ad 0D       		.uleb128 0xd
 1584 00ae 00       		.byte	0
 1585 00af 03       		.uleb128 0x3
 1586 00b0 08       		.uleb128 0x8
 1587 00b1 3A       		.uleb128 0x3a
 1588 00b2 0B       		.uleb128 0xb
 1589 00b3 3B       		.uleb128 0x3b
 1590 00b4 05       		.uleb128 0x5
 1591 00b5 49       		.uleb128 0x49
 1592 00b6 13       		.uleb128 0x13
ARM GAS  /tmp/ccPiMA8j.s 			page 29


 1593 00b7 38       		.uleb128 0x38
 1594 00b8 0B       		.uleb128 0xb
 1595 00b9 00       		.byte	0
 1596 00ba 00       		.byte	0
 1597 00bb 12       		.uleb128 0x12
 1598 00bc 0D       		.uleb128 0xd
 1599 00bd 00       		.byte	0
 1600 00be 03       		.uleb128 0x3
 1601 00bf 0E       		.uleb128 0xe
 1602 00c0 3A       		.uleb128 0x3a
 1603 00c1 0B       		.uleb128 0xb
 1604 00c2 3B       		.uleb128 0x3b
 1605 00c3 05       		.uleb128 0x5
 1606 00c4 49       		.uleb128 0x49
 1607 00c5 13       		.uleb128 0x13
 1608 00c6 38       		.uleb128 0x38
 1609 00c7 0B       		.uleb128 0xb
 1610 00c8 00       		.byte	0
 1611 00c9 00       		.byte	0
 1612 00ca 13       		.uleb128 0x13
 1613 00cb 16       		.uleb128 0x16
 1614 00cc 00       		.byte	0
 1615 00cd 03       		.uleb128 0x3
 1616 00ce 0E       		.uleb128 0xe
 1617 00cf 3A       		.uleb128 0x3a
 1618 00d0 0B       		.uleb128 0xb
 1619 00d1 3B       		.uleb128 0x3b
 1620 00d2 05       		.uleb128 0x5
 1621 00d3 49       		.uleb128 0x49
 1622 00d4 13       		.uleb128 0x13
 1623 00d5 00       		.byte	0
 1624 00d6 00       		.byte	0
 1625 00d7 14       		.uleb128 0x14
 1626 00d8 13       		.uleb128 0x13
 1627 00d9 01       		.byte	0x1
 1628 00da 0B       		.uleb128 0xb
 1629 00db 05       		.uleb128 0x5
 1630 00dc 3A       		.uleb128 0x3a
 1631 00dd 0B       		.uleb128 0xb
 1632 00de 3B       		.uleb128 0x3b
 1633 00df 05       		.uleb128 0x5
 1634 00e0 01       		.uleb128 0x1
 1635 00e1 13       		.uleb128 0x13
 1636 00e2 00       		.byte	0
 1637 00e3 00       		.byte	0
 1638 00e4 15       		.uleb128 0x15
 1639 00e5 0D       		.uleb128 0xd
 1640 00e6 00       		.byte	0
 1641 00e7 03       		.uleb128 0x3
 1642 00e8 0E       		.uleb128 0xe
 1643 00e9 3A       		.uleb128 0x3a
 1644 00ea 0B       		.uleb128 0xb
 1645 00eb 3B       		.uleb128 0x3b
 1646 00ec 05       		.uleb128 0x5
 1647 00ed 49       		.uleb128 0x49
 1648 00ee 13       		.uleb128 0x13
 1649 00ef 38       		.uleb128 0x38
ARM GAS  /tmp/ccPiMA8j.s 			page 30


 1650 00f0 05       		.uleb128 0x5
 1651 00f1 00       		.byte	0
 1652 00f2 00       		.byte	0
 1653 00f3 16       		.uleb128 0x16
 1654 00f4 0D       		.uleb128 0xd
 1655 00f5 00       		.byte	0
 1656 00f6 03       		.uleb128 0x3
 1657 00f7 08       		.uleb128 0x8
 1658 00f8 3A       		.uleb128 0x3a
 1659 00f9 0B       		.uleb128 0xb
 1660 00fa 3B       		.uleb128 0x3b
 1661 00fb 05       		.uleb128 0x5
 1662 00fc 49       		.uleb128 0x49
 1663 00fd 13       		.uleb128 0x13
 1664 00fe 38       		.uleb128 0x38
 1665 00ff 05       		.uleb128 0x5
 1666 0100 00       		.byte	0
 1667 0101 00       		.byte	0
 1668 0102 17       		.uleb128 0x17
 1669 0103 0D       		.uleb128 0xd
 1670 0104 00       		.byte	0
 1671 0105 49       		.uleb128 0x49
 1672 0106 13       		.uleb128 0x13
 1673 0107 38       		.uleb128 0x38
 1674 0108 0B       		.uleb128 0xb
 1675 0109 00       		.byte	0
 1676 010a 00       		.byte	0
 1677 010b 18       		.uleb128 0x18
 1678 010c 0D       		.uleb128 0xd
 1679 010d 00       		.byte	0
 1680 010e 03       		.uleb128 0x3
 1681 010f 08       		.uleb128 0x8
 1682 0110 3A       		.uleb128 0x3a
 1683 0111 0B       		.uleb128 0xb
 1684 0112 3B       		.uleb128 0x3b
 1685 0113 0B       		.uleb128 0xb
 1686 0114 49       		.uleb128 0x49
 1687 0115 13       		.uleb128 0x13
 1688 0116 38       		.uleb128 0x38
 1689 0117 0B       		.uleb128 0xb
 1690 0118 00       		.byte	0
 1691 0119 00       		.byte	0
 1692 011a 19       		.uleb128 0x19
 1693 011b 0D       		.uleb128 0xd
 1694 011c 00       		.byte	0
 1695 011d 03       		.uleb128 0x3
 1696 011e 0E       		.uleb128 0xe
 1697 011f 3A       		.uleb128 0x3a
 1698 0120 0B       		.uleb128 0xb
 1699 0121 3B       		.uleb128 0x3b
 1700 0122 0B       		.uleb128 0xb
 1701 0123 49       		.uleb128 0x49
 1702 0124 13       		.uleb128 0x13
 1703 0125 0B       		.uleb128 0xb
 1704 0126 0B       		.uleb128 0xb
 1705 0127 0D       		.uleb128 0xd
 1706 0128 0B       		.uleb128 0xb
ARM GAS  /tmp/ccPiMA8j.s 			page 31


 1707 0129 0C       		.uleb128 0xc
 1708 012a 0B       		.uleb128 0xb
 1709 012b 38       		.uleb128 0x38
 1710 012c 0B       		.uleb128 0xb
 1711 012d 00       		.byte	0
 1712 012e 00       		.byte	0
 1713 012f 1A       		.uleb128 0x1a
 1714 0130 04       		.uleb128 0x4
 1715 0131 01       		.byte	0x1
 1716 0132 0B       		.uleb128 0xb
 1717 0133 0B       		.uleb128 0xb
 1718 0134 3A       		.uleb128 0x3a
 1719 0135 0B       		.uleb128 0xb
 1720 0136 3B       		.uleb128 0x3b
 1721 0137 0B       		.uleb128 0xb
 1722 0138 01       		.uleb128 0x1
 1723 0139 13       		.uleb128 0x13
 1724 013a 00       		.byte	0
 1725 013b 00       		.byte	0
 1726 013c 1B       		.uleb128 0x1b
 1727 013d 28       		.uleb128 0x28
 1728 013e 00       		.byte	0
 1729 013f 03       		.uleb128 0x3
 1730 0140 0E       		.uleb128 0xe
 1731 0141 1C       		.uleb128 0x1c
 1732 0142 0D       		.uleb128 0xd
 1733 0143 00       		.byte	0
 1734 0144 00       		.byte	0
 1735 0145 1C       		.uleb128 0x1c
 1736 0146 17       		.uleb128 0x17
 1737 0147 01       		.byte	0x1
 1738 0148 0B       		.uleb128 0xb
 1739 0149 0B       		.uleb128 0xb
 1740 014a 3A       		.uleb128 0x3a
 1741 014b 0B       		.uleb128 0xb
 1742 014c 3B       		.uleb128 0x3b
 1743 014d 0B       		.uleb128 0xb
 1744 014e 01       		.uleb128 0x1
 1745 014f 13       		.uleb128 0x13
 1746 0150 00       		.byte	0
 1747 0151 00       		.byte	0
 1748 0152 1D       		.uleb128 0x1d
 1749 0153 0D       		.uleb128 0xd
 1750 0154 00       		.byte	0
 1751 0155 03       		.uleb128 0x3
 1752 0156 0E       		.uleb128 0xe
 1753 0157 3A       		.uleb128 0x3a
 1754 0158 0B       		.uleb128 0xb
 1755 0159 3B       		.uleb128 0x3b
 1756 015a 0B       		.uleb128 0xb
 1757 015b 49       		.uleb128 0x49
 1758 015c 13       		.uleb128 0x13
 1759 015d 00       		.byte	0
 1760 015e 00       		.byte	0
 1761 015f 1E       		.uleb128 0x1e
 1762 0160 0D       		.uleb128 0xd
 1763 0161 00       		.byte	0
ARM GAS  /tmp/ccPiMA8j.s 			page 32


 1764 0162 03       		.uleb128 0x3
 1765 0163 08       		.uleb128 0x8
 1766 0164 3A       		.uleb128 0x3a
 1767 0165 0B       		.uleb128 0xb
 1768 0166 3B       		.uleb128 0x3b
 1769 0167 0B       		.uleb128 0xb
 1770 0168 49       		.uleb128 0x49
 1771 0169 13       		.uleb128 0x13
 1772 016a 0B       		.uleb128 0xb
 1773 016b 0B       		.uleb128 0xb
 1774 016c 0D       		.uleb128 0xd
 1775 016d 0B       		.uleb128 0xb
 1776 016e 0C       		.uleb128 0xc
 1777 016f 0B       		.uleb128 0xb
 1778 0170 38       		.uleb128 0x38
 1779 0171 0B       		.uleb128 0xb
 1780 0172 00       		.byte	0
 1781 0173 00       		.byte	0
 1782 0174 1F       		.uleb128 0x1f
 1783 0175 0D       		.uleb128 0xd
 1784 0176 00       		.byte	0
 1785 0177 49       		.uleb128 0x49
 1786 0178 13       		.uleb128 0x13
 1787 0179 00       		.byte	0
 1788 017a 00       		.byte	0
 1789 017b 20       		.uleb128 0x20
 1790 017c 2E       		.uleb128 0x2e
 1791 017d 01       		.byte	0x1
 1792 017e 3F       		.uleb128 0x3f
 1793 017f 19       		.uleb128 0x19
 1794 0180 03       		.uleb128 0x3
 1795 0181 0E       		.uleb128 0xe
 1796 0182 3A       		.uleb128 0x3a
 1797 0183 0B       		.uleb128 0xb
 1798 0184 3B       		.uleb128 0x3b
 1799 0185 0B       		.uleb128 0xb
 1800 0186 27       		.uleb128 0x27
 1801 0187 19       		.uleb128 0x19
 1802 0188 49       		.uleb128 0x49
 1803 0189 13       		.uleb128 0x13
 1804 018a 11       		.uleb128 0x11
 1805 018b 01       		.uleb128 0x1
 1806 018c 12       		.uleb128 0x12
 1807 018d 06       		.uleb128 0x6
 1808 018e 40       		.uleb128 0x40
 1809 018f 18       		.uleb128 0x18
 1810 0190 9742     		.uleb128 0x2117
 1811 0192 19       		.uleb128 0x19
 1812 0193 01       		.uleb128 0x1
 1813 0194 13       		.uleb128 0x13
 1814 0195 00       		.byte	0
 1815 0196 00       		.byte	0
 1816 0197 21       		.uleb128 0x21
 1817 0198 05       		.uleb128 0x5
 1818 0199 00       		.byte	0
 1819 019a 03       		.uleb128 0x3
 1820 019b 0E       		.uleb128 0xe
ARM GAS  /tmp/ccPiMA8j.s 			page 33


 1821 019c 3A       		.uleb128 0x3a
 1822 019d 0B       		.uleb128 0xb
 1823 019e 3B       		.uleb128 0x3b
 1824 019f 0B       		.uleb128 0xb
 1825 01a0 49       		.uleb128 0x49
 1826 01a1 13       		.uleb128 0x13
 1827 01a2 02       		.uleb128 0x2
 1828 01a3 18       		.uleb128 0x18
 1829 01a4 00       		.byte	0
 1830 01a5 00       		.byte	0
 1831 01a6 22       		.uleb128 0x22
 1832 01a7 34       		.uleb128 0x34
 1833 01a8 00       		.byte	0
 1834 01a9 03       		.uleb128 0x3
 1835 01aa 0E       		.uleb128 0xe
 1836 01ab 3A       		.uleb128 0x3a
 1837 01ac 0B       		.uleb128 0xb
 1838 01ad 3B       		.uleb128 0x3b
 1839 01ae 0B       		.uleb128 0xb
 1840 01af 49       		.uleb128 0x49
 1841 01b0 13       		.uleb128 0x13
 1842 01b1 02       		.uleb128 0x2
 1843 01b2 18       		.uleb128 0x18
 1844 01b3 00       		.byte	0
 1845 01b4 00       		.byte	0
 1846 01b5 23       		.uleb128 0x23
 1847 01b6 2E       		.uleb128 0x2e
 1848 01b7 01       		.byte	0x1
 1849 01b8 3F       		.uleb128 0x3f
 1850 01b9 19       		.uleb128 0x19
 1851 01ba 03       		.uleb128 0x3
 1852 01bb 0E       		.uleb128 0xe
 1853 01bc 3A       		.uleb128 0x3a
 1854 01bd 0B       		.uleb128 0xb
 1855 01be 3B       		.uleb128 0x3b
 1856 01bf 0B       		.uleb128 0xb
 1857 01c0 27       		.uleb128 0x27
 1858 01c1 19       		.uleb128 0x19
 1859 01c2 49       		.uleb128 0x49
 1860 01c3 13       		.uleb128 0x13
 1861 01c4 11       		.uleb128 0x11
 1862 01c5 01       		.uleb128 0x1
 1863 01c6 12       		.uleb128 0x12
 1864 01c7 06       		.uleb128 0x6
 1865 01c8 40       		.uleb128 0x40
 1866 01c9 18       		.uleb128 0x18
 1867 01ca 9642     		.uleb128 0x2116
 1868 01cc 19       		.uleb128 0x19
 1869 01cd 01       		.uleb128 0x1
 1870 01ce 13       		.uleb128 0x13
 1871 01cf 00       		.byte	0
 1872 01d0 00       		.byte	0
 1873 01d1 24       		.uleb128 0x24
 1874 01d2 34       		.uleb128 0x34
 1875 01d3 00       		.byte	0
 1876 01d4 03       		.uleb128 0x3
 1877 01d5 0E       		.uleb128 0xe
ARM GAS  /tmp/ccPiMA8j.s 			page 34


 1878 01d6 3A       		.uleb128 0x3a
 1879 01d7 0B       		.uleb128 0xb
 1880 01d8 3B       		.uleb128 0x3b
 1881 01d9 0B       		.uleb128 0xb
 1882 01da 49       		.uleb128 0x49
 1883 01db 13       		.uleb128 0x13
 1884 01dc 3F       		.uleb128 0x3f
 1885 01dd 19       		.uleb128 0x19
 1886 01de 3C       		.uleb128 0x3c
 1887 01df 19       		.uleb128 0x19
 1888 01e0 00       		.byte	0
 1889 01e1 00       		.byte	0
 1890 01e2 25       		.uleb128 0x25
 1891 01e3 34       		.uleb128 0x34
 1892 01e4 00       		.byte	0
 1893 01e5 03       		.uleb128 0x3
 1894 01e6 0E       		.uleb128 0xe
 1895 01e7 3A       		.uleb128 0x3a
 1896 01e8 0B       		.uleb128 0xb
 1897 01e9 3B       		.uleb128 0x3b
 1898 01ea 05       		.uleb128 0x5
 1899 01eb 49       		.uleb128 0x49
 1900 01ec 13       		.uleb128 0x13
 1901 01ed 3F       		.uleb128 0x3f
 1902 01ee 19       		.uleb128 0x19
 1903 01ef 3C       		.uleb128 0x3c
 1904 01f0 19       		.uleb128 0x19
 1905 01f1 00       		.byte	0
 1906 01f2 00       		.byte	0
 1907 01f3 00       		.byte	0
 1908              		.section	.debug_aranges,"",%progbits
 1909 0000 24000000 		.4byte	0x24
 1910 0004 0200     		.2byte	0x2
 1911 0006 00000000 		.4byte	.Ldebug_info0
 1912 000a 04       		.byte	0x4
 1913 000b 00       		.byte	0
 1914 000c 0000     		.2byte	0
 1915 000e 0000     		.2byte	0
 1916 0010 00000000 		.4byte	.LFB118
 1917 0014 38000000 		.4byte	.LFE118-.LFB118
 1918 0018 00000000 		.4byte	.LFB119
 1919 001c 02010000 		.4byte	.LFE119-.LFB119
 1920 0020 00000000 		.4byte	0
 1921 0024 00000000 		.4byte	0
 1922              		.section	.debug_ranges,"",%progbits
 1923              	.Ldebug_ranges0:
 1924 0000 00000000 		.4byte	.LFB118
 1925 0004 38000000 		.4byte	.LFE118
 1926 0008 00000000 		.4byte	.LFB119
 1927 000c 02010000 		.4byte	.LFE119
 1928 0010 00000000 		.4byte	0
 1929 0014 00000000 		.4byte	0
 1930              		.section	.debug_line,"",%progbits
 1931              	.Ldebug_line0:
 1932 0000 A9020000 		.section	.debug_str,"MS",%progbits,1
 1932      02005F02 
 1932      00000201 
ARM GAS  /tmp/ccPiMA8j.s 			page 35


 1932      FB0E0D00 
 1932      01010101 
 1933              	.LASF57:
 1934 0000 44494552 		.ascii	"DIER\000"
 1934      00
 1935              	.LASF43:
 1936 0005 7354784D 		.ascii	"sTxMailBox\000"
 1936      61696C42 
 1936      6F7800
 1937              	.LASF84:
 1938 0010 52544341 		.ascii	"RTCAN_STOP\000"
 1938      4E5F5354 
 1938      4F5000
 1939              	.LASF124:
 1940 001b 72746361 		.ascii	"rtcanp\000"
 1940      6E7000
 1941              	.LASF4:
 1942 0022 5F5F7569 		.ascii	"__uint8_t\000"
 1942      6E74385F 
 1942      7400
 1943              	.LASF127:
 1944 002c 76746C69 		.ascii	"vtlist\000"
 1944      737400
 1945              	.LASF55:
 1946 0033 43414E5F 		.ascii	"CAN_TypeDef\000"
 1946      54797065 
 1946      44656600 
 1947              	.LASF74:
 1948 003f 54494D5F 		.ascii	"TIM_TypeDef\000"
 1948      54797065 
 1948      44656600 
 1949              	.LASF116:
 1950 004b 70657269 		.ascii	"period\000"
 1950      6F6400
 1951              	.LASF63:
 1952 0052 43435231 		.ascii	"CCR1\000"
 1952      00
 1953              	.LASF12:
 1954 0057 6C6F6E67 		.ascii	"long long unsigned int\000"
 1954      206C6F6E 
 1954      6720756E 
 1954      7369676E 
 1954      65642069 
 1955              	.LASF101:
 1956 006e 52544341 		.ascii	"RTCANDriver\000"
 1956      4E447269 
 1956      76657200 
 1957              	.LASF111:
 1958 007a 64617461 		.ascii	"data32\000"
 1958      333200
 1959              	.LASF76:
 1960 0081 6E657874 		.ascii	"next\000"
 1960      00
 1961              	.LASF58:
 1962 0086 43434D52 		.ascii	"CCMR1\000"
 1962      3100
 1963              	.LASF59:
ARM GAS  /tmp/ccPiMA8j.s 			page 36


 1964 008c 43434D52 		.ascii	"CCMR2\000"
 1964      3200
 1965              	.LASF71:
 1966 0092 43434D52 		.ascii	"CCMR3\000"
 1966      3300
 1967              	.LASF1:
 1968 0098 7369676E 		.ascii	"signed char\000"
 1968      65642063 
 1968      68617200 
 1969              	.LASF91:
 1970 00a4 52544341 		.ascii	"RTCAN_MSG_UNINIT\000"
 1970      4E5F4D53 
 1970      475F554E 
 1970      494E4954 
 1970      00
 1971              	.LASF17:
 1972 00b5 626F6F6C 		.ascii	"bool_t\000"
 1972      5F7400
 1973              	.LASF117:
 1974 00bc 62617564 		.ascii	"baudrate\000"
 1974      72617465 
 1974      00
 1975              	.LASF62:
 1976 00c5 52455345 		.ascii	"RESERVED10\000"
 1976      52564544 
 1976      313000
 1977              	.LASF68:
 1978 00d0 52455345 		.ascii	"RESERVED12\000"
 1978      52564544 
 1978      313200
 1979              	.LASF70:
 1980 00db 52455345 		.ascii	"RESERVED13\000"
 1980      52564544 
 1980      313300
 1981              	.LASF102:
 1982 00e6 73746174 		.ascii	"state\000"
 1982      6500
 1983              	.LASF32:
 1984 00ec 54444C52 		.ascii	"TDLR\000"
 1984      00
 1985              	.LASF8:
 1986 00f1 6C6F6E67 		.ascii	"long int\000"
 1986      20696E74 
 1986      00
 1987              	.LASF34:
 1988 00fa 43414E5F 		.ascii	"CAN_TxMailBox_TypeDef\000"
 1988      54784D61 
 1988      696C426F 
 1988      785F5479 
 1988      70654465 
 1989              	.LASF122:
 1990 0110 7372745F 		.ascii	"srt_transmit\000"
 1990      7472616E 
 1990      736D6974 
 1990      00
 1991              	.LASF60:
 1992 011d 43434552 		.ascii	"CCER\000"
ARM GAS  /tmp/ccPiMA8j.s 			page 37


 1992      00
 1993              	.LASF11:
 1994 0122 6C6F6E67 		.ascii	"long long int\000"
 1994      206C6F6E 
 1994      6720696E 
 1994      7400
 1995              	.LASF79:
 1996 0130 70617261 		.ascii	"params\000"
 1996      6D7300
 1997              	.LASF103:
 1998 0137 736C6F74 		.ascii	"slot\000"
 1998      00
 1999              	.LASF40:
 2000 013c 52463052 		.ascii	"RF0R\000"
 2000      00
 2001              	.LASF5:
 2002 0141 5F5F7569 		.ascii	"__uint16_t\000"
 2002      6E743136 
 2002      5F7400
 2003              	.LASF9:
 2004 014c 5F5F7569 		.ascii	"__uint32_t\000"
 2004      6E743332 
 2004      5F7400
 2005              	.LASF24:
 2006 0157 76745F70 		.ascii	"vt_prev\000"
 2006      72657600 
 2007              	.LASF31:
 2008 015f 54445452 		.ascii	"TDTR\000"
 2008      00
 2009              	.LASF67:
 2010 0164 42445452 		.ascii	"BDTR\000"
 2010      00
 2011              	.LASF36:
 2012 0169 52444C52 		.ascii	"RDLR\000"
 2012      00
 2013              	.LASF114:
 2014 016e 72746361 		.ascii	"rtcan_txframe_t\000"
 2014      6E5F7478 
 2014      6672616D 
 2014      655F7400 
 2015              	.LASF0:
 2016 017e 756E7369 		.ascii	"unsigned int\000"
 2016      676E6564 
 2016      20696E74 
 2016      00
 2017              	.LASF23:
 2018 018b 76745F6E 		.ascii	"vt_next\000"
 2018      65787400 
 2019              	.LASF14:
 2020 0193 75696E74 		.ascii	"uint16_t\000"
 2020      31365F74 
 2020      00
 2021              	.LASF88:
 2022 019c 52544341 		.ascii	"RTCAN_SLAVE\000"
 2022      4E5F534C 
 2022      41564500 
 2023              	.LASF10:
ARM GAS  /tmp/ccPiMA8j.s 			page 38


 2024 01a8 6C6F6E67 		.ascii	"long unsigned int\000"
 2024      20756E73 
 2024      69676E65 
 2024      6420696E 
 2024      7400
 2025              	.LASF35:
 2026 01ba 52445452 		.ascii	"RDTR\000"
 2026      00
 2027              	.LASF48:
 2028 01bf 46533152 		.ascii	"FS1R\000"
 2028      00
 2029              	.LASF22:
 2030 01c4 56697274 		.ascii	"VirtualTimer\000"
 2030      75616C54 
 2030      696D6572 
 2030      00
 2031              	.LASF81:
 2032 01d1 64617461 		.ascii	"data\000"
 2032      00
 2033              	.LASF56:
 2034 01d6 534D4352 		.ascii	"SMCR\000"
 2034      00
 2035              	.LASF41:
 2036 01db 52463152 		.ascii	"RF1R\000"
 2036      00
 2037              	.LASF39:
 2038 01e0 43414E5F 		.ascii	"CAN_FilterRegister_TypeDef\000"
 2038      46696C74 
 2038      65725265 
 2038      67697374 
 2038      65725F54 
 2039              	.LASF78:
 2040 01fb 63616C6C 		.ascii	"callback\000"
 2040      6261636B 
 2040      00
 2041              	.LASF99:
 2042 0204 72746361 		.ascii	"rtcan_id_t\000"
 2042      6E5F6964 
 2042      5F7400
 2043              	.LASF54:
 2044 020f 7346696C 		.ascii	"sFilterRegister\000"
 2044      74657252 
 2044      65676973 
 2044      74657200 
 2045              	.LASF87:
 2046 021f 52544341 		.ascii	"RTCAN_SYNCING\000"
 2046      4E5F5359 
 2046      4E43494E 
 2046      4700
 2047              	.LASF46:
 2048 022d 464D3152 		.ascii	"FM1R\000"
 2048      00
 2049              	.LASF7:
 2050 0232 5F5F696E 		.ascii	"__int32_t\000"
 2050      7433325F 
 2050      7400
 2051              	.LASF123:
ARM GAS  /tmp/ccPiMA8j.s 			page 39


 2052 023c 6D736770 		.ascii	"msgp\000"
 2052      00
 2053              	.LASF97:
 2054 0241 52544341 		.ascii	"RTCAN_MSG_ERROR\000"
 2054      4E5F4D53 
 2054      475F4552 
 2054      524F5200 
 2055              	.LASF98:
 2056 0251 72746361 		.ascii	"rtcan_msgstatus_t\000"
 2056      6E5F6D73 
 2056      67737461 
 2056      7475735F 
 2056      7400
 2057              	.LASF95:
 2058 0263 52544341 		.ascii	"RTCAN_MSG_ONAIR\000"
 2058      4E5F4D53 
 2058      475F4F4E 
 2058      41495200 
 2059              	.LASF25:
 2060 0273 76745F74 		.ascii	"vt_time\000"
 2060      696D6500 
 2061              	.LASF121:
 2062 027b 7372745F 		.ascii	"srt_laxity\000"
 2062      6C617869 
 2062      747900
 2063              	.LASF20:
 2064 0286 73697A65 		.ascii	"sizetype\000"
 2064      74797065 
 2064      00
 2065              	.LASF85:
 2066 028f 52544341 		.ascii	"RTCAN_STARTING\000"
 2066      4E5F5354 
 2066      41525449 
 2066      4E4700
 2067              	.LASF26:
 2068 029e 76745F66 		.ascii	"vt_func\000"
 2068      756E6300 
 2069              	.LASF106:
 2070 02a6 6F6E6169 		.ascii	"onair\000"
 2070      7200
 2071              	.LASF83:
 2072 02ac 52544341 		.ascii	"RTCAN_UNINIT\000"
 2072      4E5F554E 
 2072      494E4954 
 2072      00
 2073              	.LASF109:
 2074 02b9 64617461 		.ascii	"data8\000"
 2074      3800
 2075              	.LASF29:
 2076 02bf 56544C69 		.ascii	"VTList\000"
 2076      737400
 2077              	.LASF33:
 2078 02c6 54444852 		.ascii	"TDHR\000"
 2078      00
 2079              	.LASF119:
 2080 02cb 736C6F74 		.ascii	"slots\000"
 2080      7300
ARM GAS  /tmp/ccPiMA8j.s 			page 40


 2081              	.LASF82:
 2082 02d1 72746361 		.ascii	"rtcan_msgcallback_t\000"
 2082      6E5F6D73 
 2082      6763616C 
 2082      6C626163 
 2082      6B5F7400 
 2083              	.LASF50:
 2084 02e5 46464131 		.ascii	"FFA1R\000"
 2084      5200
 2085              	.LASF90:
 2086 02eb 72746361 		.ascii	"rtcanstate_t\000"
 2086      6E737461 
 2086      74655F74 
 2086      00
 2087              	.LASF113:
 2088 02f8 6D626F78 		.ascii	"mbox\000"
 2088      00
 2089              	.LASF42:
 2090 02fd 52455345 		.ascii	"RESERVED0\000"
 2090      52564544 
 2090      3000
 2091              	.LASF45:
 2092 0307 52455345 		.ascii	"RESERVED1\000"
 2092      52564544 
 2092      3100
 2093              	.LASF47:
 2094 0311 52455345 		.ascii	"RESERVED2\000"
 2094      52564544 
 2094      3200
 2095              	.LASF49:
 2096 031b 52455345 		.ascii	"RESERVED3\000"
 2096      52564544 
 2096      3300
 2097              	.LASF96:
 2098 0325 52544341 		.ascii	"RTCAN_MSG_TIMEOUT\000"
 2098      4E5F4D53 
 2098      475F5449 
 2098      4D454F55 
 2098      5400
 2099              	.LASF52:
 2100 0337 46413152 		.ascii	"FA1R\000"
 2100      00
 2101              	.LASF61:
 2102 033c 52455345 		.ascii	"RESERVED9\000"
 2102      52564544 
 2102      3900
 2103              	.LASF18:
 2104 0346 5F426F6F 		.ascii	"_Bool\000"
 2104      6C00
 2105              	.LASF15:
 2106 034c 696E7433 		.ascii	"int32_t\000"
 2106      325F7400 
 2107              	.LASF2:
 2108 0354 756E7369 		.ascii	"unsigned char\000"
 2108      676E6564 
 2108      20636861 
 2108      7200
ARM GAS  /tmp/ccPiMA8j.s 			page 41


 2109              	.LASF128:
 2110 0362 49544D5F 		.ascii	"ITM_RxBuffer\000"
 2110      52784275 
 2110      66666572 
 2110      00
 2111              	.LASF3:
 2112 036f 73686F72 		.ascii	"short int\000"
 2112      7420696E 
 2112      7400
 2113              	.LASF94:
 2114 0379 52544341 		.ascii	"RTCAN_MSG_QUEUED\000"
 2114      4E5F4D53 
 2114      475F5155 
 2114      45554544 
 2114      00
 2115              	.LASF112:
 2116 038a 66726167 		.ascii	"fragment\000"
 2116      6D656E74 
 2116      00
 2117              	.LASF93:
 2118 0393 52544341 		.ascii	"RTCAN_MSG_READY\000"
 2118      4E5F4D53 
 2118      475F5245 
 2118      41445900 
 2119              	.LASF51:
 2120 03a3 52455345 		.ascii	"RESERVED4\000"
 2120      52564544 
 2120      3400
 2121              	.LASF53:
 2122 03ad 52455345 		.ascii	"RESERVED5\000"
 2122      52564544 
 2122      3500
 2123              	.LASF16:
 2124 03b7 75696E74 		.ascii	"uint32_t\000"
 2124      33325F74 
 2124      00
 2125              	.LASF28:
 2126 03c0 76745F73 		.ascii	"vt_systime\000"
 2126      79737469 
 2126      6D6500
 2127              	.LASF30:
 2128 03cb 63686172 		.ascii	"char\000"
 2128      00
 2129              	.LASF75:
 2130 03d0 72746361 		.ascii	"rtcan_msg_t\000"
 2130      6E5F6D73 
 2130      675F7400 
 2131              	.LASF105:
 2132 03dc 7372745F 		.ascii	"srt_queue\000"
 2132      71756575 
 2132      6500
 2133              	.LASF108:
 2134 03e6 636F6E66 		.ascii	"config\000"
 2134      696700
 2135              	.LASF69:
 2136 03ed 444D4152 		.ascii	"DMAR\000"
 2136      00
ARM GAS  /tmp/ccPiMA8j.s 			page 42


 2137              	.LASF37:
 2138 03f2 52444852 		.ascii	"RDHR\000"
 2138      00
 2139              	.LASF19:
 2140 03f7 73797374 		.ascii	"systime_t\000"
 2140      696D655F 
 2140      7400
 2141              	.LASF21:
 2142 0401 76746675 		.ascii	"vtfunc_t\000"
 2142      6E635F74 
 2142      00
 2143              	.LASF44:
 2144 040a 73464946 		.ascii	"sFIFOMailBox\000"
 2144      4F4D6169 
 2144      6C426F78 
 2144      00
 2145              	.LASF125:
 2146 0417 6C617869 		.ascii	"laxity\000"
 2146      747900
 2147              	.LASF130:
 2148 041e 2F686F6D 		.ascii	"/home/denny/r2p-sdk/core/RTCAN/src/srt.c\000"
 2148      652F6465 
 2148      6E6E792F 
 2148      7232702D 
 2148      73646B2F 
 2149              	.LASF92:
 2150 0447 52544341 		.ascii	"RTCAN_MSG_BUSY\000"
 2150      4E5F4D53 
 2150      475F4255 
 2150      535900
 2151              	.LASF6:
 2152 0456 73686F72 		.ascii	"short unsigned int\000"
 2152      7420756E 
 2152      7369676E 
 2152      65642069 
 2152      6E7400
 2153              	.LASF27:
 2154 0469 76745F70 		.ascii	"vt_par\000"
 2154      617200
 2155              	.LASF104:
 2156 0470 6379636C 		.ascii	"cycle\000"
 2156      6500
 2157              	.LASF110:
 2158 0476 64617461 		.ascii	"data16\000"
 2158      313600
 2159              	.LASF64:
 2160 047d 43435232 		.ascii	"CCR2\000"
 2160      00
 2161              	.LASF65:
 2162 0482 43435233 		.ascii	"CCR3\000"
 2162      00
 2163              	.LASF66:
 2164 0487 43435234 		.ascii	"CCR4\000"
 2164      00
 2165              	.LASF72:
 2166 048c 43435235 		.ascii	"CCR5\000"
 2166      00
ARM GAS  /tmp/ccPiMA8j.s 			page 43


 2167              	.LASF73:
 2168 0491 43435236 		.ascii	"CCR6\000"
 2168      00
 2169              	.LASF77:
 2170 0496 73746174 		.ascii	"status\000"
 2170      757300
 2171              	.LASF38:
 2172 049d 43414E5F 		.ascii	"CAN_FIFOMailBox_TypeDef\000"
 2172      4649464F 
 2172      4D61696C 
 2172      426F785F 
 2172      54797065 
 2173              	.LASF13:
 2174 04b5 75696E74 		.ascii	"uint8_t\000"
 2174      385F7400 
 2175              	.LASF86:
 2176 04bd 52544341 		.ascii	"RTCAN_ERROR\000"
 2176      4E5F4552 
 2176      524F5200 
 2177              	.LASF80:
 2178 04c9 73697A65 		.ascii	"size\000"
 2178      00
 2179              	.LASF89:
 2180 04ce 52544341 		.ascii	"RTCAN_MASTER\000"
 2180      4E5F4D41 
 2180      53544552 
 2180      00
 2181              	.LASF120:
 2182 04db 52544341 		.ascii	"RTCANConfig\000"
 2182      4E436F6E 
 2182      66696700 
 2183              	.LASF118:
 2184 04e7 636C6F63 		.ascii	"clock\000"
 2184      6B00
 2185              	.LASF126:
 2186 04ed 74786670 		.ascii	"txfp\000"
 2186      00
 2187              	.LASF115:
 2188 04f2 64656164 		.ascii	"deadline\000"
 2188      6C696E65 
 2188      00
 2189              	.LASF129:
 2190 04fb 474E5520 		.ascii	"GNU C 4.9.3 20141119 (release) [ARM/embedded-4_9-br"
 2190      4320342E 
 2190      392E3320 
 2190      32303134 
 2190      31313139 
 2191 052e 616E6368 		.ascii	"anch revision 218278] -mcpu=cortex-m4 -mfloat-abi=h"
 2191      20726576 
 2191      6973696F 
 2191      6E203231 
 2191      38323738 
 2192 0561 61726420 		.ascii	"ard -mfpu=fpv4-sp-d16 -mno-thumb-interwork -mthumb "
 2192      2D6D6670 
 2192      753D6670 
 2192      76342D73 
 2192      702D6431 
ARM GAS  /tmp/ccPiMA8j.s 			page 44


 2193 0594 2D676764 		.ascii	"-ggdb -O0 -fomit-frame-pointer -falign-functions=16"
 2193      62202D4F 
 2193      30202D66 
 2193      6F6D6974 
 2193      2D667261 
 2194 05c7 202D6666 		.ascii	" -ffunction-sections -fdata-sections -fno-common -f"
 2194      756E6374 
 2194      696F6E2D 
 2194      73656374 
 2194      696F6E73 
 2195 05fa 73696E67 		.ascii	"single-precision-constant\000"
 2195      6C652D70 
 2195      72656369 
 2195      73696F6E 
 2195      2D636F6E 
 2196              	.LASF107:
 2197 0614 66696C74 		.ascii	"filters\000"
 2197      65727300 
 2198              	.LASF100:
 2199 061c 6D736771 		.ascii	"msgqueue_t\000"
 2199      75657565 
 2199      5F7400
 2200              		.ident	"GCC: (GNU Tools for ARM Embedded Processors) 4.9.3 20141119 (release) [ARM/embedded-4_9-br
ARM GAS  /tmp/ccPiMA8j.s 			page 45


DEFINED SYMBOLS
                            *ABS*:00000000 srt.c
     /tmp/ccPiMA8j.s:21     .text.srt_laxity:00000000 $t
     /tmp/ccPiMA8j.s:27     .text.srt_laxity:00000000 srt_laxity
     /tmp/ccPiMA8j.s:73     .text.srt_laxity:00000034 $d
     /tmp/ccPiMA8j.s:78     .text.srt_transmit:00000000 $t
     /tmp/ccPiMA8j.s:84     .text.srt_transmit:00000000 srt_transmit
                     .debug_frame:00000010 $d
     /tmp/ccPiMA8j.s:77     .text.srt_laxity:00000038 $t

UNDEFINED SYMBOLS
vtlist
rtcan_lld_can_txe
msgqueue_get
rtcan_lld_can_transmit
