ARM GAS  /tmp/ccqAif1B.s 			page 1


   1              		.syntax unified
   2              		.cpu cortex-m4
   3              		.eabi_attribute 27, 3
   4              		.eabi_attribute 28, 1
   5              		.fpu fpv4-sp-d16
   6              		.eabi_attribute 20, 1
   7              		.eabi_attribute 21, 1
   8              		.eabi_attribute 23, 3
   9              		.eabi_attribute 24, 1
  10              		.eabi_attribute 25, 1
  11              		.eabi_attribute 26, 1
  12              		.eabi_attribute 30, 6
  13              		.eabi_attribute 34, 1
  14              		.eabi_attribute 18, 4
  15              		.thumb
  16              		.file	"Time_.cpp"
  17              		.text
  18              	.Ltext0:
  19              		.cfi_sections	.debug_frame
  20              		.section	.text._ZN3r2p4Time2msEl,"axG",%progbits,_ZN3r2p4Time2msEl,comdat
  21              		.align	2
  22              		.p2align 4,,15
  23              		.weak	_ZN3r2p4Time2msEl
  24              		.thumb
  25              		.thumb_func
  26              		.type	_ZN3r2p4Time2msEl, %function
  27              	_ZN3r2p4Time2msEl:
  28              	.LFB58:
  29              		.file 1 "/home/denny/r2p-sdk/core/Middleware/include/r2p/Time.hpp"
  30              		.loc 1 184 0
  31              		.cfi_startproc
  32              		@ args = 0, pretend = 0, frame = 8
  33              		@ frame_needed = 0, uses_anonymous_args = 0
  34 0000 00B5     		push	{lr}
  35              		.cfi_def_cfa_offset 4
  36              		.cfi_offset 14, -4
  37 0002 83B0     		sub	sp, sp, #12
  38              		.cfi_def_cfa_offset 16
  39 0004 0190     		str	r0, [sp, #4]
  40 0006 0091     		str	r1, [sp]
  41              		.loc 1 186 0
  42 0008 009B     		ldr	r3, [sp]
  43 000a 4FF47A72 		mov	r2, #1000
  44 000e 02FB03F3 		mul	r3, r2, r3
  45 0012 0198     		ldr	r0, [sp, #4]
  46 0014 1946     		mov	r1, r3
  47 0016 FFF7FEFF 		bl	_ZN3r2p4TimeC1IlEET_
  48              		.loc 1 187 0
  49 001a 0198     		ldr	r0, [sp, #4]
  50 001c 03B0     		add	sp, sp, #12
  51              		.cfi_def_cfa_offset 4
  52              		@ sp needed
  53 001e 5DF804FB 		ldr	pc, [sp], #4
  54              		.cfi_endproc
  55              	.LFE58:
  56              		.size	_ZN3r2p4Time2msEl, .-_ZN3r2p4Time2msEl
  57 0022 00BFAFF3 		.section	.text._ZN3r2p4Time3nowEv,"ax",%progbits
ARM GAS  /tmp/ccqAif1B.s 			page 2


  57      0080AFF3 
  57      0080AFF3 
  57      0080
  58              		.align	2
  59              		.p2align 4,,15
  60              		.global	_ZN3r2p4Time3nowEv
  61              		.thumb
  62              		.thumb_func
  63              		.type	_ZN3r2p4Time3nowEv, %function
  64              	_ZN3r2p4Time3nowEv:
  65              	.LFB70:
  66              		.file 2 "/home/denny/r2p-sdk/core/Middleware/port/chibios/src/impl/Time_.cpp"
  67              		.loc 2 8 0
  68              		.cfi_startproc
  69              		@ args = 0, pretend = 0, frame = 8
  70              		@ frame_needed = 0, uses_anonymous_args = 0
  71 0000 10B5     		push	{r4, lr}
  72              		.cfi_def_cfa_offset 8
  73              		.cfi_offset 4, -8
  74              		.cfi_offset 14, -4
  75 0002 82B0     		sub	sp, sp, #8
  76              		.cfi_def_cfa_offset 16
  77 0004 0190     		str	r0, [sp, #4]
  78              	.LBB2:
  79              		.loc 2 10 0
  80 0006 0C4B     		ldr	r3, .L9
  81 0008 DB68     		ldr	r3, [r3, #12]
  82 000a 1C46     		mov	r4, r3
  83              		.loc 2 11 0
  84 000c 0B4B     		ldr	r3, .L9+4
  85 000e 1B68     		ldr	r3, [r3]
  86              		.loc 2 12 0
  87 0010 A342     		cmp	r3, r4
  88 0012 01D1     		bne	.L4
  89              		.loc 2 12 0 is_stmt 0 discriminator 1
  90 0014 631C     		adds	r3, r4, #1
  91 0016 06E0     		b	.L5
  92              	.L4:
  93              		.loc 2 12 0 discriminator 2
  94 0018 094B     		ldr	r3, .L9+8
  95 001a 1B68     		ldr	r3, [r3]
  96 001c A342     		cmp	r3, r4
  97 001e 01D1     		bne	.L6
  98              		.loc 2 12 0 discriminator 4
  99 0020 631E     		subs	r3, r4, #1
 100 0022 00E0     		b	.L5
 101              	.L6:
 102              		.loc 2 12 0 discriminator 5
 103 0024 2346     		mov	r3, r4
 104              	.L5:
 105              		.loc 2 12 0 discriminator 8
 106 0026 019A     		ldr	r2, [sp, #4]
 107 0028 1046     		mov	r0, r2
 108 002a 1946     		mov	r1, r3
 109 002c FFF7FEFF 		bl	_ZN3r2p4Time2msEl
 110              	.LBE2:
 111              		.loc 2 13 0 is_stmt 1 discriminator 8
ARM GAS  /tmp/ccqAif1B.s 			page 3


 112 0030 0198     		ldr	r0, [sp, #4]
 113 0032 02B0     		add	sp, sp, #8
 114              		.cfi_def_cfa_offset 8
 115              		@ sp needed
 116 0034 10BD     		pop	{r4, pc}
 117              	.L10:
 118 0036 00BF     		.align	2
 119              	.L9:
 120 0038 00000000 		.word	vtlist
 121 003c 00000000 		.word	_ZN3r2p4Time9INFINITENE
 122 0040 00000000 		.word	_ZN3r2p4Time8INFINITEE
 123              		.cfi_endproc
 124              	.LFE70:
 125              		.size	_ZN3r2p4Time3nowEv, .-_ZN3r2p4Time3nowEv
 126 0044 AFF30080 		.section	.text._ZN3r2p4TimeC2IlEET_,"axG",%progbits,_ZN3r2p4TimeC5IlEET_,comdat
 126      AFF30080 
 126      AFF30080 
 127              		.align	2
 128              		.p2align 4,,15
 129              		.weak	_ZN3r2p4TimeC2IlEET_
 130              		.thumb
 131              		.thumb_func
 132              		.type	_ZN3r2p4TimeC2IlEET_, %function
 133              	_ZN3r2p4TimeC2IlEET_:
 134              	.LFB72:
 135              		.loc 1 159 0
 136              		.cfi_startproc
 137              		@ args = 0, pretend = 0, frame = 8
 138              		@ frame_needed = 0, uses_anonymous_args = 0
 139              		@ link register save eliminated.
 140 0000 82B0     		sub	sp, sp, #8
 141              		.cfi_def_cfa_offset 8
 142 0002 0190     		str	r0, [sp, #4]
 143 0004 0091     		str	r1, [sp]
 144              	.LBB3:
 145              		.loc 1 161 0
 146 0006 019B     		ldr	r3, [sp, #4]
 147 0008 009A     		ldr	r2, [sp]
 148 000a 1A60     		str	r2, [r3]
 149              	.LBE3:
 150              		.loc 1 162 0
 151 000c 019B     		ldr	r3, [sp, #4]
 152 000e 1846     		mov	r0, r3
 153 0010 02B0     		add	sp, sp, #8
 154              		.cfi_def_cfa_offset 0
 155              		@ sp needed
 156 0012 7047     		bx	lr
 157              		.cfi_endproc
 158              	.LFE72:
 159              		.size	_ZN3r2p4TimeC2IlEET_, .-_ZN3r2p4TimeC2IlEET_
 160              		.weak	_ZN3r2p4TimeC1IlEET_
 161              		.thumb_set _ZN3r2p4TimeC1IlEET_,_ZN3r2p4TimeC2IlEET_
 162 0014 AFF30080 		.text
 162      AFF30080 
 162      AFF30080 
 163              	.Letext0:
 164              		.file 3 "/home/denny/r2p-sdk/tools/gcc-arm-none-eabi-4_9-2014q4/lib/gcc/arm-none-eabi/4.9.3/includ
ARM GAS  /tmp/ccqAif1B.s 			page 4


 165              		.file 4 "/home/denny/r2p-sdk/tools/gcc-arm-none-eabi-4_9-2014q4/arm-none-eabi/include/machine/_def
 166              		.file 5 "/home/denny/r2p-sdk/tools/gcc-arm-none-eabi-4_9-2014q4/arm-none-eabi/include/c++/4.9.3/cs
 167              		.file 6 "/home/denny/r2p-sdk/tools/gcc-arm-none-eabi-4_9-2014q4/arm-none-eabi/include/string.h"
 168              		.file 7 "<built-in>"
 169              		.file 8 "/home/denny/r2p-sdk/core/Middleware/include/r2p/Uncopyable.hpp"
 170              		.file 9 "/home/denny/r2p-sdk/tools/gcc-arm-none-eabi-4_9-2014q4/arm-none-eabi/include/stdint.h"
 171              		.file 10 "/home/denny/r2p-sdk/core/ChibiOS/os/ports/GCC/ARMCMx/chtypes.h"
 172              		.file 11 "/home/denny/r2p-sdk/core/ChibiOS/os/kernel/include/chvt.h"
 173              		.section	.debug_info,"",%progbits
 174              	.Ldebug_info0:
 175 0000 C3050000 		.4byte	0x5c3
 176 0004 0400     		.2byte	0x4
 177 0006 00000000 		.4byte	.Ldebug_abbrev0
 178 000a 04       		.byte	0x4
 179 000b 01       		.uleb128 0x1
 180 000c CD020000 		.4byte	.LASF63
 181 0010 04       		.byte	0x4
 182 0011 4B000000 		.4byte	.LASF64
 183 0015 FD000000 		.4byte	.LASF65
 184 0019 00000000 		.4byte	.Ldebug_ranges0+0
 185 001d 00000000 		.4byte	0
 186 0021 00000000 		.4byte	.Ldebug_line0
 187 0025 02       		.uleb128 0x2
 188 0026 04       		.byte	0x4
 189 0027 05       		.byte	0x5
 190 0028 696E7400 		.ascii	"int\000"
 191 002c 03       		.uleb128 0x3
 192 002d 27000000 		.4byte	.LASF5
 193 0031 03       		.byte	0x3
 194 0032 D4       		.byte	0xd4
 195 0033 37000000 		.4byte	0x37
 196 0037 04       		.uleb128 0x4
 197 0038 04       		.byte	0x4
 198 0039 07       		.byte	0x7
 199 003a 41020000 		.4byte	.LASF0
 200 003e 04       		.uleb128 0x4
 201 003f 01       		.byte	0x1
 202 0040 06       		.byte	0x6
 203 0041 66010000 		.4byte	.LASF1
 204 0045 04       		.uleb128 0x4
 205 0046 01       		.byte	0x1
 206 0047 08       		.byte	0x8
 207 0048 01020000 		.4byte	.LASF2
 208 004c 04       		.uleb128 0x4
 209 004d 02       		.byte	0x2
 210 004e 05       		.byte	0x5
 211 004f 1D000000 		.4byte	.LASF3
 212 0053 04       		.uleb128 0x4
 213 0054 02       		.byte	0x2
 214 0055 07       		.byte	0x7
 215 0056 71020000 		.4byte	.LASF4
 216 005a 03       		.uleb128 0x3
 217 005b 7A040000 		.4byte	.LASF6
 218 005f 04       		.byte	0x4
 219 0060 3F       		.byte	0x3f
 220 0061 65000000 		.4byte	0x65
 221 0065 04       		.uleb128 0x4
ARM GAS  /tmp/ccqAif1B.s 			page 5


 222 0066 04       		.byte	0x4
 223 0067 05       		.byte	0x5
 224 0068 A4020000 		.4byte	.LASF7
 225 006c 03       		.uleb128 0x3
 226 006d 37000000 		.4byte	.LASF8
 227 0071 04       		.byte	0x4
 228 0072 41       		.byte	0x41
 229 0073 77000000 		.4byte	0x77
 230 0077 04       		.uleb128 0x4
 231 0078 04       		.byte	0x4
 232 0079 07       		.byte	0x7
 233 007a 40040000 		.4byte	.LASF9
 234 007e 04       		.uleb128 0x4
 235 007f 08       		.byte	0x8
 236 0080 05       		.byte	0x5
 237 0081 89010000 		.4byte	.LASF10
 238 0085 04       		.uleb128 0x4
 239 0086 08       		.byte	0x8
 240 0087 07       		.byte	0x7
 241 0088 19020000 		.4byte	.LASF11
 242 008c 04       		.uleb128 0x4
 243 008d 04       		.byte	0x4
 244 008e 07       		.byte	0x7
 245 008f 2E000000 		.4byte	.LASF12
 246 0093 05       		.uleb128 0x5
 247 0094 04       		.byte	0x4
 248 0095 06       		.uleb128 0x6
 249 0096 04       		.byte	0x4
 250 0097 9B000000 		.4byte	0x9b
 251 009b 04       		.uleb128 0x4
 252 009c 01       		.byte	0x1
 253 009d 08       		.byte	0x8
 254 009e A0010000 		.4byte	.LASF13
 255 00a2 06       		.uleb128 0x6
 256 00a3 04       		.byte	0x4
 257 00a4 A8000000 		.4byte	0xa8
 258 00a8 07       		.uleb128 0x7
 259 00a9 9B000000 		.4byte	0x9b
 260 00ad 08       		.uleb128 0x8
 261 00ae 73746400 		.ascii	"std\000"
 262 00b2 07       		.byte	0x7
 263 00b3 00       		.byte	0
 264 00b4 D5000000 		.4byte	0xd5
 265 00b8 09       		.uleb128 0x9
 266 00b9 05       		.byte	0x5
 267 00ba 52       		.byte	0x52
 268 00bb D5000000 		.4byte	0xd5
 269 00bf 09       		.uleb128 0x9
 270 00c0 05       		.byte	0x5
 271 00c1 55       		.byte	0x55
 272 00c2 EF000000 		.4byte	0xef
 273 00c6 09       		.uleb128 0x9
 274 00c7 05       		.byte	0x5
 275 00c8 5B       		.byte	0x5b
 276 00c9 04010000 		.4byte	0x104
 277 00cd 09       		.uleb128 0x9
 278 00ce 05       		.byte	0x5
ARM GAS  /tmp/ccqAif1B.s 			page 6


 279 00cf 5C       		.byte	0x5c
 280 00d0 1E010000 		.4byte	0x11e
 281 00d4 00       		.byte	0
 282 00d5 0A       		.uleb128 0xa
 283 00d6 B5020000 		.4byte	.LASF14
 284 00da 06       		.byte	0x6
 285 00db 1D       		.byte	0x1d
 286 00dc 25000000 		.4byte	0x25
 287 00e0 EF000000 		.4byte	0xef
 288 00e4 0B       		.uleb128 0xb
 289 00e5 A2000000 		.4byte	0xa2
 290 00e9 0B       		.uleb128 0xb
 291 00ea A2000000 		.4byte	0xa2
 292 00ee 00       		.byte	0
 293 00ef 0A       		.uleb128 0xa
 294 00f0 B3000000 		.4byte	.LASF15
 295 00f4 06       		.byte	0x6
 296 00f5 20       		.byte	0x20
 297 00f6 95000000 		.4byte	0x95
 298 00fa 04010000 		.4byte	0x104
 299 00fe 0B       		.uleb128 0xb
 300 00ff 25000000 		.4byte	0x25
 301 0103 00       		.byte	0
 302 0104 0A       		.uleb128 0xa
 303 0105 BA010000 		.4byte	.LASF16
 304 0109 06       		.byte	0x6
 305 010a 2A       		.byte	0x2a
 306 010b 95000000 		.4byte	0x95
 307 010f 1E010000 		.4byte	0x11e
 308 0113 0B       		.uleb128 0xb
 309 0114 95000000 		.4byte	0x95
 310 0118 0B       		.uleb128 0xb
 311 0119 A2000000 		.4byte	0xa2
 312 011d 00       		.byte	0
 313 011e 0A       		.uleb128 0xa
 314 011f 38040000 		.4byte	.LASF17
 315 0123 06       		.byte	0x6
 316 0124 2C       		.byte	0x2c
 317 0125 2C000000 		.4byte	0x2c
 318 0129 3D010000 		.4byte	0x13d
 319 012d 0B       		.uleb128 0xb
 320 012e 95000000 		.4byte	0x95
 321 0132 0B       		.uleb128 0xb
 322 0133 A2000000 		.4byte	0xa2
 323 0137 0B       		.uleb128 0xb
 324 0138 2C000000 		.4byte	0x2c
 325 013c 00       		.byte	0
 326 013d 08       		.uleb128 0x8
 327 013e 72327000 		.ascii	"r2p\000"
 328 0142 08       		.byte	0x8
 329 0143 03       		.byte	0x3
 330 0144 FB030000 		.4byte	0x3fb
 331 0148 0C       		.uleb128 0xc
 332 0149 59040000 		.4byte	.LASF43
 333 014d 04       		.byte	0x4
 334 014e 01       		.byte	0x1
 335 014f 08       		.byte	0x8
ARM GAS  /tmp/ccqAif1B.s 			page 7


 336 0150 F5030000 		.4byte	0x3f5
 337 0154 0D       		.uleb128 0xd
 338 0155 33040000 		.4byte	.LASF66
 339 0159 01       		.byte	0x1
 340 015a 0A       		.byte	0xa
 341 015b FB030000 		.4byte	0x3fb
 342 015f 01       		.byte	0x1
 343 0160 0E       		.uleb128 0xe
 344 0161 72617700 		.ascii	"raw\000"
 345 0165 01       		.byte	0x1
 346 0166 1B       		.byte	0x1b
 347 0167 54010000 		.4byte	0x154
 348 016b 00       		.byte	0
 349 016c 01       		.byte	0x1
 350 016d 0F       		.uleb128 0xf
 351 016e E8040000 		.4byte	.LASF18
 352 0172 01       		.byte	0x1
 353 0173 3B       		.byte	0x3b
 354 0174 F5030000 		.4byte	0x3f5
 355 0178 01       		.byte	0x1
 356 0179 0F       		.uleb128 0xf
 357 017a 42000000 		.4byte	.LASF19
 358 017e 01       		.byte	0x1
 359 017f 3C       		.byte	0x3c
 360 0180 F5030000 		.4byte	0x3f5
 361 0184 01       		.byte	0x1
 362 0185 0F       		.uleb128 0xf
 363 0186 72010000 		.4byte	.LASF20
 364 018a 01       		.byte	0x1
 365 018b 3D       		.byte	0x3d
 366 018c F5030000 		.4byte	0x3f5
 367 0190 01       		.byte	0x1
 368 0191 10       		.uleb128 0x10
 369 0192 5E040000 		.4byte	.LASF21
 370 0196 01       		.byte	0x1
 371 0197 1E       		.byte	0x1e
 372 0198 21010000 		.4byte	.LASF23
 373 019c 54010000 		.4byte	0x154
 374 01a0 01       		.byte	0x1
 375 01a1 A9010000 		.4byte	0x1a9
 376 01a5 AF010000 		.4byte	0x1af
 377 01a9 11       		.uleb128 0x11
 378 01aa EC040000 		.4byte	0x4ec
 379 01ae 00       		.byte	0
 380 01af 10       		.uleb128 0x10
 381 01b0 8C040000 		.4byte	.LASF22
 382 01b4 01       		.byte	0x1
 383 01b5 1F       		.byte	0x1f
 384 01b6 C1010000 		.4byte	.LASF24
 385 01ba 54010000 		.4byte	0x154
 386 01be 01       		.byte	0x1
 387 01bf C7010000 		.4byte	0x1c7
 388 01c3 CD010000 		.4byte	0x1cd
 389 01c7 11       		.uleb128 0x11
 390 01c8 EC040000 		.4byte	0x4ec
 391 01cc 00       		.byte	0
 392 01cd 10       		.uleb128 0x10
ARM GAS  /tmp/ccqAif1B.s 			page 8


 393 01ce 91020000 		.4byte	.LASF25
 394 01d2 01       		.byte	0x1
 395 01d3 20       		.byte	0x20
 396 01d4 1A040000 		.4byte	.LASF26
 397 01d8 54010000 		.4byte	0x154
 398 01dc 01       		.byte	0x1
 399 01dd E5010000 		.4byte	0x1e5
 400 01e1 EB010000 		.4byte	0x1eb
 401 01e5 11       		.uleb128 0x11
 402 01e6 EC040000 		.4byte	0x4ec
 403 01ea 00       		.byte	0
 404 01eb 10       		.uleb128 0x10
 405 01ec 97010000 		.4byte	.LASF27
 406 01f0 01       		.byte	0x1
 407 01f1 21       		.byte	0x21
 408 01f2 DB010000 		.4byte	.LASF28
 409 01f6 54010000 		.4byte	0x154
 410 01fa 01       		.byte	0x1
 411 01fb 03020000 		.4byte	0x203
 412 01ff 09020000 		.4byte	0x209
 413 0203 11       		.uleb128 0x11
 414 0204 EC040000 		.4byte	0x4ec
 415 0208 00       		.byte	0
 416 0209 10       		.uleb128 0x10
 417 020a 17000000 		.4byte	.LASF29
 418 020e 01       		.byte	0x1
 419 020f 23       		.byte	0x23
 420 0210 3B010000 		.4byte	.LASF30
 421 0214 F2040000 		.4byte	0x4f2
 422 0218 01       		.byte	0x1
 423 0219 21020000 		.4byte	0x221
 424 021d 27020000 		.4byte	0x227
 425 0221 11       		.uleb128 0x11
 426 0222 EC040000 		.4byte	0x4ec
 427 0226 00       		.byte	0
 428 0227 10       		.uleb128 0x10
 429 0228 4E020000 		.4byte	.LASF31
 430 022c 01       		.byte	0x1
 431 022d 24       		.byte	0x24
 432 022e 96000000 		.4byte	.LASF32
 433 0232 F2040000 		.4byte	0x4f2
 434 0236 01       		.byte	0x1
 435 0237 3F020000 		.4byte	0x23f
 436 023b 45020000 		.4byte	0x245
 437 023f 11       		.uleb128 0x11
 438 0240 EC040000 		.4byte	0x4ec
 439 0244 00       		.byte	0
 440 0245 10       		.uleb128 0x10
 441 0246 BC000000 		.4byte	.LASF33
 442 024a 01       		.byte	0x1
 443 024b 25       		.byte	0x25
 444 024c 51010000 		.4byte	.LASF34
 445 0250 F2040000 		.4byte	0x4f2
 446 0254 01       		.byte	0x1
 447 0255 5D020000 		.4byte	0x25d
 448 0259 63020000 		.4byte	0x263
 449 025d 11       		.uleb128 0x11
ARM GAS  /tmp/ccqAif1B.s 			page 9


 450 025e EC040000 		.4byte	0x4ec
 451 0262 00       		.byte	0
 452 0263 10       		.uleb128 0x10
 453 0264 E3040000 		.4byte	.LASF35
 454 0268 01       		.byte	0x1
 455 0269 26       		.byte	0x26
 456 026a 1F050000 		.4byte	.LASF36
 457 026e F2040000 		.4byte	0x4f2
 458 0272 01       		.byte	0x1
 459 0273 7B020000 		.4byte	0x27b
 460 0277 81020000 		.4byte	0x281
 461 027b 11       		.uleb128 0x11
 462 027c EC040000 		.4byte	0x4ec
 463 0280 00       		.byte	0
 464 0281 10       		.uleb128 0x10
 465 0282 0F020000 		.4byte	.LASF37
 466 0286 01       		.byte	0x1
 467 0287 28       		.byte	0x28
 468 0288 A5010000 		.4byte	.LASF38
 469 028c F9040000 		.4byte	0x4f9
 470 0290 01       		.byte	0x1
 471 0291 99020000 		.4byte	0x299
 472 0295 A4020000 		.4byte	0x2a4
 473 0299 11       		.uleb128 0x11
 474 029a FF040000 		.4byte	0x4ff
 475 029e 0B       		.uleb128 0xb
 476 029f 05050000 		.4byte	0x505
 477 02a3 00       		.byte	0
 478 02a4 10       		.uleb128 0x10
 479 02a5 C2020000 		.4byte	.LASF39
 480 02a9 01       		.byte	0x1
 481 02aa 29       		.byte	0x29
 482 02ab C1000000 		.4byte	.LASF40
 483 02af F9040000 		.4byte	0x4f9
 484 02b3 01       		.byte	0x1
 485 02b4 BC020000 		.4byte	0x2bc
 486 02b8 C7020000 		.4byte	0x2c7
 487 02bc 11       		.uleb128 0x11
 488 02bd FF040000 		.4byte	0x4ff
 489 02c1 0B       		.uleb128 0xb
 490 02c2 05050000 		.4byte	0x505
 491 02c6 00       		.byte	0
 492 02c7 10       		.uleb128 0x10
 493 02c8 E7000000 		.4byte	.LASF41
 494 02cc 01       		.byte	0x1
 495 02cd 2A       		.byte	0x2a
 496 02ce 5C020000 		.4byte	.LASF42
 497 02d2 F9040000 		.4byte	0x4f9
 498 02d6 01       		.byte	0x1
 499 02d7 DF020000 		.4byte	0x2df
 500 02db EA020000 		.4byte	0x2ea
 501 02df 11       		.uleb128 0x11
 502 02e0 FF040000 		.4byte	0x4ff
 503 02e4 0B       		.uleb128 0xb
 504 02e5 05050000 		.4byte	0x505
 505 02e9 00       		.byte	0
 506 02ea 12       		.uleb128 0x12
ARM GAS  /tmp/ccqAif1B.s 			page 10


 507 02eb 59040000 		.4byte	.LASF43
 508 02ef 01       		.byte	0x1
 509 02f0 2D       		.byte	0x2d
 510 02f1 FF040000 		.4byte	0x4ff
 511 02f5 01       		.byte	0x1
 512 02f6 FE020000 		.4byte	0x2fe
 513 02fa 04030000 		.4byte	0x304
 514 02fe 11       		.uleb128 0x11
 515 02ff FF040000 		.4byte	0x4ff
 516 0303 00       		.byte	0
 517 0304 13       		.uleb128 0x13
 518 0305 59040000 		.4byte	.LASF43
 519 0309 01       		.byte	0x1
 520 030a 2F       		.byte	0x2f
 521 030b FF040000 		.4byte	0x4ff
 522 030f 01       		.byte	0x1
 523 0310 18030000 		.4byte	0x318
 524 0314 23030000 		.4byte	0x323
 525 0318 11       		.uleb128 0x11
 526 0319 FF040000 		.4byte	0x4ff
 527 031d 0B       		.uleb128 0xb
 528 031e F2040000 		.4byte	0x4f2
 529 0322 00       		.byte	0
 530 0323 12       		.uleb128 0x12
 531 0324 59040000 		.4byte	.LASF43
 532 0328 01       		.byte	0x1
 533 0329 30       		.byte	0x30
 534 032a FF040000 		.4byte	0x4ff
 535 032e 01       		.byte	0x1
 536 032f 37030000 		.4byte	0x337
 537 0333 42030000 		.4byte	0x342
 538 0337 11       		.uleb128 0x11
 539 0338 FF040000 		.4byte	0x4ff
 540 033c 0B       		.uleb128 0xb
 541 033d 05050000 		.4byte	0x505
 542 0341 00       		.byte	0
 543 0342 14       		.uleb128 0x14
 544 0343 757300   		.ascii	"us\000"
 545 0346 01       		.byte	0x1
 546 0347 33       		.byte	0x33
 547 0348 00000000 		.4byte	.LASF44
 548 034c 48010000 		.4byte	0x148
 549 0350 01       		.byte	0x1
 550 0351 5B030000 		.4byte	0x35b
 551 0355 0B       		.uleb128 0xb
 552 0356 54010000 		.4byte	0x154
 553 035a 00       		.byte	0
 554 035b 14       		.uleb128 0x14
 555 035c 6D7300   		.ascii	"ms\000"
 556 035f 01       		.byte	0x1
 557 0360 34       		.byte	0x34
 558 0361 F2040000 		.4byte	.LASF45
 559 0365 48010000 		.4byte	0x148
 560 0369 01       		.byte	0x1
 561 036a 74030000 		.4byte	0x374
 562 036e 0B       		.uleb128 0xb
 563 036f 54010000 		.4byte	0x154
ARM GAS  /tmp/ccqAif1B.s 			page 11


 564 0373 00       		.byte	0
 565 0374 14       		.uleb128 0x14
 566 0375 7300     		.ascii	"s\000"
 567 0377 01       		.byte	0x1
 568 0378 35       		.byte	0x35
 569 0379 AE040000 		.4byte	.LASF46
 570 037d 48010000 		.4byte	0x148
 571 0381 01       		.byte	0x1
 572 0382 8C030000 		.4byte	0x38c
 573 0386 0B       		.uleb128 0xb
 574 0387 54010000 		.4byte	0x154
 575 038b 00       		.byte	0
 576 038c 14       		.uleb128 0x14
 577 038d 6D00     		.ascii	"m\000"
 578 038f 01       		.byte	0x1
 579 0390 36       		.byte	0x36
 580 0391 D6000000 		.4byte	.LASF47
 581 0395 48010000 		.4byte	0x148
 582 0399 01       		.byte	0x1
 583 039a A4030000 		.4byte	0x3a4
 584 039e 0B       		.uleb128 0xb
 585 039f 54010000 		.4byte	0x154
 586 03a3 00       		.byte	0
 587 03a4 14       		.uleb128 0x14
 588 03a5 687A00   		.ascii	"hz\000"
 589 03a8 01       		.byte	0x1
 590 03a9 37       		.byte	0x37
 591 03aa 68040000 		.4byte	.LASF48
 592 03ae 48010000 		.4byte	0x148
 593 03b2 01       		.byte	0x1
 594 03b3 BD030000 		.4byte	0x3bd
 595 03b7 0B       		.uleb128 0xb
 596 03b8 F2040000 		.4byte	0x4f2
 597 03bc 00       		.byte	0
 598 03bd 15       		.uleb128 0x15
 599 03be 6E6F7700 		.ascii	"now\000"
 600 03c2 01       		.byte	0x1
 601 03c3 38       		.byte	0x38
 602 03c4 04050000 		.4byte	.LASF67
 603 03c8 48010000 		.4byte	0x148
 604 03cc 01       		.byte	0x1
 605 03cd 07       		.uleb128 0x7
 606 03ce 54010000 		.4byte	0x154
 607 03d2 16       		.uleb128 0x16
 608 03d3 96040000 		.4byte	.LASF68
 609 03d7 01       		.byte	0x1
 610 03d8 9F       		.byte	0x9f
 611 03d9 FF040000 		.4byte	0x4ff
 612 03dd 01       		.byte	0x1
 613 03de E9030000 		.4byte	0x3e9
 614 03e2 17       		.uleb128 0x17
 615 03e3 5400     		.ascii	"T\000"
 616 03e5 65000000 		.4byte	0x65
 617 03e9 11       		.uleb128 0x11
 618 03ea FF040000 		.4byte	0x4ff
 619 03ee 0B       		.uleb128 0xb
 620 03ef 65000000 		.4byte	0x65
ARM GAS  /tmp/ccqAif1B.s 			page 12


 621 03f3 00       		.byte	0
 622 03f4 00       		.byte	0
 623 03f5 07       		.uleb128 0x7
 624 03f6 48010000 		.4byte	0x148
 625 03fa 00       		.byte	0
 626 03fb 03       		.uleb128 0x3
 627 03fc AD020000 		.4byte	.LASF49
 628 0400 09       		.byte	0x9
 629 0401 2C       		.byte	0x2c
 630 0402 5A000000 		.4byte	0x5a
 631 0406 03       		.uleb128 0x3
 632 0407 30020000 		.4byte	.LASF50
 633 040b 09       		.byte	0x9
 634 040c 2D       		.byte	0x2d
 635 040d 6C000000 		.4byte	0x6c
 636 0411 04       		.uleb128 0x4
 637 0412 01       		.byte	0x1
 638 0413 02       		.byte	0x2
 639 0414 12000000 		.4byte	.LASF51
 640 0418 03       		.uleb128 0x3
 641 0419 9A020000 		.4byte	.LASF52
 642 041d 0A       		.byte	0xa
 643 041e 35       		.byte	0x35
 644 041f 06040000 		.4byte	0x406
 645 0423 03       		.uleb128 0x3
 646 0424 A5040000 		.4byte	.LASF53
 647 0428 0B       		.byte	0xb
 648 0429 58       		.byte	0x58
 649 042a 2E040000 		.4byte	0x42e
 650 042e 06       		.uleb128 0x6
 651 042f 04       		.byte	0x4
 652 0430 34040000 		.4byte	0x434
 653 0434 18       		.uleb128 0x18
 654 0435 3F040000 		.4byte	0x43f
 655 0439 0B       		.uleb128 0xb
 656 043a 93000000 		.4byte	0x93
 657 043e 00       		.byte	0
 658 043f 03       		.uleb128 0x3
 659 0440 84020000 		.4byte	.LASF54
 660 0444 0B       		.byte	0xb
 661 0445 5D       		.byte	0x5d
 662 0446 4A040000 		.4byte	0x44a
 663 044a 19       		.uleb128 0x19
 664 044b 84020000 		.4byte	.LASF54
 665 044f 14       		.byte	0x14
 666 0450 0B       		.byte	0xb
 667 0451 64       		.byte	0x64
 668 0452 93040000 		.4byte	0x493
 669 0456 1A       		.uleb128 0x1a
 670 0457 54020000 		.4byte	.LASF55
 671 045b 0B       		.byte	0xb
 672 045c 65       		.byte	0x65
 673 045d 93040000 		.4byte	0x493
 674 0461 00       		.byte	0
 675 0462 1A       		.uleb128 0x1a
 676 0463 39020000 		.4byte	.LASF56
 677 0467 0B       		.byte	0xb
ARM GAS  /tmp/ccqAif1B.s 			page 13


 678 0468 67       		.byte	0x67
 679 0469 93040000 		.4byte	0x493
 680 046d 04       		.byte	0x4
 681 046e 1A       		.uleb128 0x1a
 682 046f 17050000 		.4byte	.LASF57
 683 0473 0B       		.byte	0xb
 684 0474 69       		.byte	0x69
 685 0475 18040000 		.4byte	0x418
 686 0479 08       		.byte	0x8
 687 047a 1A       		.uleb128 0x1a
 688 047b 84040000 		.4byte	.LASF58
 689 047f 0B       		.byte	0xb
 690 0480 6A       		.byte	0x6a
 691 0481 23040000 		.4byte	0x423
 692 0485 0C       		.byte	0xc
 693 0486 1A       		.uleb128 0x1a
 694 0487 AC000000 		.4byte	.LASF59
 695 048b 0B       		.byte	0xb
 696 048c 6C       		.byte	0x6c
 697 048d 93000000 		.4byte	0x93
 698 0491 10       		.byte	0x10
 699 0492 00       		.byte	0
 700 0493 06       		.uleb128 0x6
 701 0494 04       		.byte	0x4
 702 0495 4A040000 		.4byte	0x44a
 703 0499 1B       		.uleb128 0x1b
 704 049a 10       		.byte	0x10
 705 049b 0B       		.byte	0xb
 706 049c 76       		.byte	0x76
 707 049d BF040000 		.4byte	.LASF69
 708 04a1 D6040000 		.4byte	0x4d6
 709 04a5 1A       		.uleb128 0x1a
 710 04a6 54020000 		.4byte	.LASF55
 711 04aa 0B       		.byte	0xb
 712 04ab 77       		.byte	0x77
 713 04ac D6040000 		.4byte	0x4d6
 714 04b0 00       		.byte	0
 715 04b1 1A       		.uleb128 0x1a
 716 04b2 39020000 		.4byte	.LASF56
 717 04b6 0B       		.byte	0xb
 718 04b7 79       		.byte	0x79
 719 04b8 D6040000 		.4byte	0x4d6
 720 04bc 04       		.byte	0x4
 721 04bd 1A       		.uleb128 0x1a
 722 04be 17050000 		.4byte	.LASF57
 723 04c2 0B       		.byte	0xb
 724 04c3 7B       		.byte	0x7b
 725 04c4 18040000 		.4byte	0x418
 726 04c8 08       		.byte	0x8
 727 04c9 1A       		.uleb128 0x1a
 728 04ca F2000000 		.4byte	.LASF60
 729 04ce 0B       		.byte	0xb
 730 04cf 7C       		.byte	0x7c
 731 04d0 DC040000 		.4byte	0x4dc
 732 04d4 0C       		.byte	0xc
 733 04d5 00       		.byte	0
 734 04d6 06       		.uleb128 0x6
ARM GAS  /tmp/ccqAif1B.s 			page 14


 735 04d7 04       		.byte	0x4
 736 04d8 3F040000 		.4byte	0x43f
 737 04dc 1C       		.uleb128 0x1c
 738 04dd 18040000 		.4byte	0x418
 739 04e1 03       		.uleb128 0x3
 740 04e2 C7040000 		.4byte	.LASF61
 741 04e6 0B       		.byte	0xb
 742 04e7 7D       		.byte	0x7d
 743 04e8 99040000 		.4byte	0x499
 744 04ec 06       		.uleb128 0x6
 745 04ed 04       		.byte	0x4
 746 04ee F5030000 		.4byte	0x3f5
 747 04f2 04       		.uleb128 0x4
 748 04f3 08       		.byte	0x8
 749 04f4 04       		.byte	0x4
 750 04f5 52040000 		.4byte	.LASF62
 751 04f9 1D       		.uleb128 0x1d
 752 04fa 04       		.byte	0x4
 753 04fb 48010000 		.4byte	0x148
 754 04ff 06       		.uleb128 0x6
 755 0500 04       		.byte	0x4
 756 0501 48010000 		.4byte	0x148
 757 0505 1D       		.uleb128 0x1d
 758 0506 04       		.byte	0x4
 759 0507 F5030000 		.4byte	0x3f5
 760 050b 1E       		.uleb128 0x1e
 761 050c 5B030000 		.4byte	0x35b
 762 0510 B8       		.byte	0xb8
 763 0511 00000000 		.4byte	.LFB58
 764 0515 22000000 		.4byte	.LFE58-.LFB58
 765 0519 01       		.uleb128 0x1
 766 051a 9C       		.byte	0x9c
 767 051b 2E050000 		.4byte	0x52e
 768 051f 1F       		.uleb128 0x1f
 769 0520 7C010000 		.4byte	.LASF70
 770 0524 01       		.byte	0x1
 771 0525 B8       		.byte	0xb8
 772 0526 CD030000 		.4byte	0x3cd
 773 052a 02       		.uleb128 0x2
 774 052b 91       		.byte	0x91
 775 052c 70       		.sleb128 -16
 776 052d 00       		.byte	0
 777 052e 20       		.uleb128 0x20
 778 052f BD030000 		.4byte	0x3bd
 779 0533 02       		.byte	0x2
 780 0534 08       		.byte	0x8
 781 0535 00000000 		.4byte	.LFB70
 782 0539 44000000 		.4byte	.LFE70-.LFB70
 783 053d 01       		.uleb128 0x1
 784 053e 9C       		.byte	0x9c
 785 053f 59050000 		.4byte	0x559
 786 0543 21       		.uleb128 0x21
 787 0544 06000000 		.4byte	.LBB2
 788 0548 2A000000 		.4byte	.LBE2-.LBB2
 789 054c 22       		.uleb128 0x22
 790 054d 7400     		.ascii	"t\000"
 791 054f 02       		.byte	0x2
ARM GAS  /tmp/ccqAif1B.s 			page 15


 792 0550 0A       		.byte	0xa
 793 0551 54010000 		.4byte	0x154
 794 0555 01       		.uleb128 0x1
 795 0556 54       		.byte	0x54
 796 0557 00       		.byte	0
 797 0558 00       		.byte	0
 798 0559 23       		.uleb128 0x23
 799 055a D2030000 		.4byte	0x3d2
 800 055e 02       		.byte	0x2
 801 055f 6E050000 		.4byte	0x56e
 802 0563 83050000 		.4byte	0x583
 803 0567 17       		.uleb128 0x17
 804 0568 5400     		.ascii	"T\000"
 805 056a 65000000 		.4byte	0x65
 806 056e 24       		.uleb128 0x24
 807 056f BD020000 		.4byte	.LASF71
 808 0573 83050000 		.4byte	0x583
 809 0577 25       		.uleb128 0x25
 810 0578 F4010000 		.4byte	.LASF72
 811 057c 01       		.byte	0x1
 812 057d 9F       		.byte	0x9f
 813 057e 65000000 		.4byte	0x65
 814 0582 00       		.byte	0
 815 0583 07       		.uleb128 0x7
 816 0584 FF040000 		.4byte	0x4ff
 817 0588 26       		.uleb128 0x26
 818 0589 59050000 		.4byte	0x559
 819 058d CE040000 		.4byte	.LASF73
 820 0591 00000000 		.4byte	.LFB72
 821 0595 14000000 		.4byte	.LFE72-.LFB72
 822 0599 01       		.uleb128 0x1
 823 059a 9C       		.byte	0x9c
 824 059b AA050000 		.4byte	0x5aa
 825 059f BB050000 		.4byte	0x5bb
 826 05a3 17       		.uleb128 0x17
 827 05a4 5400     		.ascii	"T\000"
 828 05a6 65000000 		.4byte	0x65
 829 05aa 27       		.uleb128 0x27
 830 05ab 6E050000 		.4byte	0x56e
 831 05af 02       		.uleb128 0x2
 832 05b0 91       		.byte	0x91
 833 05b1 7C       		.sleb128 -4
 834 05b2 27       		.uleb128 0x27
 835 05b3 77050000 		.4byte	0x577
 836 05b7 02       		.uleb128 0x2
 837 05b8 91       		.byte	0x91
 838 05b9 78       		.sleb128 -8
 839 05ba 00       		.byte	0
 840 05bb 28       		.uleb128 0x28
 841 05bc 8F000000 		.4byte	.LASF74
 842 05c0 0B       		.byte	0xb
 843 05c1 F5       		.byte	0xf5
 844 05c2 E1040000 		.4byte	0x4e1
 845 05c6 00       		.byte	0
 846              		.section	.debug_abbrev,"",%progbits
 847              	.Ldebug_abbrev0:
 848 0000 01       		.uleb128 0x1
ARM GAS  /tmp/ccqAif1B.s 			page 16


 849 0001 11       		.uleb128 0x11
 850 0002 01       		.byte	0x1
 851 0003 25       		.uleb128 0x25
 852 0004 0E       		.uleb128 0xe
 853 0005 13       		.uleb128 0x13
 854 0006 0B       		.uleb128 0xb
 855 0007 03       		.uleb128 0x3
 856 0008 0E       		.uleb128 0xe
 857 0009 1B       		.uleb128 0x1b
 858 000a 0E       		.uleb128 0xe
 859 000b 55       		.uleb128 0x55
 860 000c 17       		.uleb128 0x17
 861 000d 11       		.uleb128 0x11
 862 000e 01       		.uleb128 0x1
 863 000f 10       		.uleb128 0x10
 864 0010 17       		.uleb128 0x17
 865 0011 00       		.byte	0
 866 0012 00       		.byte	0
 867 0013 02       		.uleb128 0x2
 868 0014 24       		.uleb128 0x24
 869 0015 00       		.byte	0
 870 0016 0B       		.uleb128 0xb
 871 0017 0B       		.uleb128 0xb
 872 0018 3E       		.uleb128 0x3e
 873 0019 0B       		.uleb128 0xb
 874 001a 03       		.uleb128 0x3
 875 001b 08       		.uleb128 0x8
 876 001c 00       		.byte	0
 877 001d 00       		.byte	0
 878 001e 03       		.uleb128 0x3
 879 001f 16       		.uleb128 0x16
 880 0020 00       		.byte	0
 881 0021 03       		.uleb128 0x3
 882 0022 0E       		.uleb128 0xe
 883 0023 3A       		.uleb128 0x3a
 884 0024 0B       		.uleb128 0xb
 885 0025 3B       		.uleb128 0x3b
 886 0026 0B       		.uleb128 0xb
 887 0027 49       		.uleb128 0x49
 888 0028 13       		.uleb128 0x13
 889 0029 00       		.byte	0
 890 002a 00       		.byte	0
 891 002b 04       		.uleb128 0x4
 892 002c 24       		.uleb128 0x24
 893 002d 00       		.byte	0
 894 002e 0B       		.uleb128 0xb
 895 002f 0B       		.uleb128 0xb
 896 0030 3E       		.uleb128 0x3e
 897 0031 0B       		.uleb128 0xb
 898 0032 03       		.uleb128 0x3
 899 0033 0E       		.uleb128 0xe
 900 0034 00       		.byte	0
 901 0035 00       		.byte	0
 902 0036 05       		.uleb128 0x5
 903 0037 0F       		.uleb128 0xf
 904 0038 00       		.byte	0
 905 0039 0B       		.uleb128 0xb
ARM GAS  /tmp/ccqAif1B.s 			page 17


 906 003a 0B       		.uleb128 0xb
 907 003b 00       		.byte	0
 908 003c 00       		.byte	0
 909 003d 06       		.uleb128 0x6
 910 003e 0F       		.uleb128 0xf
 911 003f 00       		.byte	0
 912 0040 0B       		.uleb128 0xb
 913 0041 0B       		.uleb128 0xb
 914 0042 49       		.uleb128 0x49
 915 0043 13       		.uleb128 0x13
 916 0044 00       		.byte	0
 917 0045 00       		.byte	0
 918 0046 07       		.uleb128 0x7
 919 0047 26       		.uleb128 0x26
 920 0048 00       		.byte	0
 921 0049 49       		.uleb128 0x49
 922 004a 13       		.uleb128 0x13
 923 004b 00       		.byte	0
 924 004c 00       		.byte	0
 925 004d 08       		.uleb128 0x8
 926 004e 39       		.uleb128 0x39
 927 004f 01       		.byte	0x1
 928 0050 03       		.uleb128 0x3
 929 0051 08       		.uleb128 0x8
 930 0052 3A       		.uleb128 0x3a
 931 0053 0B       		.uleb128 0xb
 932 0054 3B       		.uleb128 0x3b
 933 0055 0B       		.uleb128 0xb
 934 0056 01       		.uleb128 0x1
 935 0057 13       		.uleb128 0x13
 936 0058 00       		.byte	0
 937 0059 00       		.byte	0
 938 005a 09       		.uleb128 0x9
 939 005b 08       		.uleb128 0x8
 940 005c 00       		.byte	0
 941 005d 3A       		.uleb128 0x3a
 942 005e 0B       		.uleb128 0xb
 943 005f 3B       		.uleb128 0x3b
 944 0060 0B       		.uleb128 0xb
 945 0061 18       		.uleb128 0x18
 946 0062 13       		.uleb128 0x13
 947 0063 00       		.byte	0
 948 0064 00       		.byte	0
 949 0065 0A       		.uleb128 0xa
 950 0066 2E       		.uleb128 0x2e
 951 0067 01       		.byte	0x1
 952 0068 3F       		.uleb128 0x3f
 953 0069 19       		.uleb128 0x19
 954 006a 03       		.uleb128 0x3
 955 006b 0E       		.uleb128 0xe
 956 006c 3A       		.uleb128 0x3a
 957 006d 0B       		.uleb128 0xb
 958 006e 3B       		.uleb128 0x3b
 959 006f 0B       		.uleb128 0xb
 960 0070 49       		.uleb128 0x49
 961 0071 13       		.uleb128 0x13
 962 0072 3C       		.uleb128 0x3c
ARM GAS  /tmp/ccqAif1B.s 			page 18


 963 0073 19       		.uleb128 0x19
 964 0074 01       		.uleb128 0x1
 965 0075 13       		.uleb128 0x13
 966 0076 00       		.byte	0
 967 0077 00       		.byte	0
 968 0078 0B       		.uleb128 0xb
 969 0079 05       		.uleb128 0x5
 970 007a 00       		.byte	0
 971 007b 49       		.uleb128 0x49
 972 007c 13       		.uleb128 0x13
 973 007d 00       		.byte	0
 974 007e 00       		.byte	0
 975 007f 0C       		.uleb128 0xc
 976 0080 02       		.uleb128 0x2
 977 0081 01       		.byte	0x1
 978 0082 03       		.uleb128 0x3
 979 0083 0E       		.uleb128 0xe
 980 0084 0B       		.uleb128 0xb
 981 0085 0B       		.uleb128 0xb
 982 0086 3A       		.uleb128 0x3a
 983 0087 0B       		.uleb128 0xb
 984 0088 3B       		.uleb128 0x3b
 985 0089 0B       		.uleb128 0xb
 986 008a 01       		.uleb128 0x1
 987 008b 13       		.uleb128 0x13
 988 008c 00       		.byte	0
 989 008d 00       		.byte	0
 990 008e 0D       		.uleb128 0xd
 991 008f 16       		.uleb128 0x16
 992 0090 00       		.byte	0
 993 0091 03       		.uleb128 0x3
 994 0092 0E       		.uleb128 0xe
 995 0093 3A       		.uleb128 0x3a
 996 0094 0B       		.uleb128 0xb
 997 0095 3B       		.uleb128 0x3b
 998 0096 0B       		.uleb128 0xb
 999 0097 49       		.uleb128 0x49
 1000 0098 13       		.uleb128 0x13
 1001 0099 32       		.uleb128 0x32
 1002 009a 0B       		.uleb128 0xb
 1003 009b 00       		.byte	0
 1004 009c 00       		.byte	0
 1005 009d 0E       		.uleb128 0xe
 1006 009e 0D       		.uleb128 0xd
 1007 009f 00       		.byte	0
 1008 00a0 03       		.uleb128 0x3
 1009 00a1 08       		.uleb128 0x8
 1010 00a2 3A       		.uleb128 0x3a
 1011 00a3 0B       		.uleb128 0xb
 1012 00a4 3B       		.uleb128 0x3b
 1013 00a5 0B       		.uleb128 0xb
 1014 00a6 49       		.uleb128 0x49
 1015 00a7 13       		.uleb128 0x13
 1016 00a8 38       		.uleb128 0x38
 1017 00a9 0B       		.uleb128 0xb
 1018 00aa 32       		.uleb128 0x32
 1019 00ab 0B       		.uleb128 0xb
ARM GAS  /tmp/ccqAif1B.s 			page 19


 1020 00ac 00       		.byte	0
 1021 00ad 00       		.byte	0
 1022 00ae 0F       		.uleb128 0xf
 1023 00af 0D       		.uleb128 0xd
 1024 00b0 00       		.byte	0
 1025 00b1 03       		.uleb128 0x3
 1026 00b2 0E       		.uleb128 0xe
 1027 00b3 3A       		.uleb128 0x3a
 1028 00b4 0B       		.uleb128 0xb
 1029 00b5 3B       		.uleb128 0x3b
 1030 00b6 0B       		.uleb128 0xb
 1031 00b7 49       		.uleb128 0x49
 1032 00b8 13       		.uleb128 0x13
 1033 00b9 3F       		.uleb128 0x3f
 1034 00ba 19       		.uleb128 0x19
 1035 00bb 32       		.uleb128 0x32
 1036 00bc 0B       		.uleb128 0xb
 1037 00bd 3C       		.uleb128 0x3c
 1038 00be 19       		.uleb128 0x19
 1039 00bf 00       		.byte	0
 1040 00c0 00       		.byte	0
 1041 00c1 10       		.uleb128 0x10
 1042 00c2 2E       		.uleb128 0x2e
 1043 00c3 01       		.byte	0x1
 1044 00c4 3F       		.uleb128 0x3f
 1045 00c5 19       		.uleb128 0x19
 1046 00c6 03       		.uleb128 0x3
 1047 00c7 0E       		.uleb128 0xe
 1048 00c8 3A       		.uleb128 0x3a
 1049 00c9 0B       		.uleb128 0xb
 1050 00ca 3B       		.uleb128 0x3b
 1051 00cb 0B       		.uleb128 0xb
 1052 00cc 6E       		.uleb128 0x6e
 1053 00cd 0E       		.uleb128 0xe
 1054 00ce 49       		.uleb128 0x49
 1055 00cf 13       		.uleb128 0x13
 1056 00d0 32       		.uleb128 0x32
 1057 00d1 0B       		.uleb128 0xb
 1058 00d2 3C       		.uleb128 0x3c
 1059 00d3 19       		.uleb128 0x19
 1060 00d4 64       		.uleb128 0x64
 1061 00d5 13       		.uleb128 0x13
 1062 00d6 01       		.uleb128 0x1
 1063 00d7 13       		.uleb128 0x13
 1064 00d8 00       		.byte	0
 1065 00d9 00       		.byte	0
 1066 00da 11       		.uleb128 0x11
 1067 00db 05       		.uleb128 0x5
 1068 00dc 00       		.byte	0
 1069 00dd 49       		.uleb128 0x49
 1070 00de 13       		.uleb128 0x13
 1071 00df 34       		.uleb128 0x34
 1072 00e0 19       		.uleb128 0x19
 1073 00e1 00       		.byte	0
 1074 00e2 00       		.byte	0
 1075 00e3 12       		.uleb128 0x12
 1076 00e4 2E       		.uleb128 0x2e
ARM GAS  /tmp/ccqAif1B.s 			page 20


 1077 00e5 01       		.byte	0x1
 1078 00e6 3F       		.uleb128 0x3f
 1079 00e7 19       		.uleb128 0x19
 1080 00e8 03       		.uleb128 0x3
 1081 00e9 0E       		.uleb128 0xe
 1082 00ea 3A       		.uleb128 0x3a
 1083 00eb 0B       		.uleb128 0xb
 1084 00ec 3B       		.uleb128 0x3b
 1085 00ed 0B       		.uleb128 0xb
 1086 00ee 49       		.uleb128 0x49
 1087 00ef 13       		.uleb128 0x13
 1088 00f0 32       		.uleb128 0x32
 1089 00f1 0B       		.uleb128 0xb
 1090 00f2 3C       		.uleb128 0x3c
 1091 00f3 19       		.uleb128 0x19
 1092 00f4 64       		.uleb128 0x64
 1093 00f5 13       		.uleb128 0x13
 1094 00f6 01       		.uleb128 0x1
 1095 00f7 13       		.uleb128 0x13
 1096 00f8 00       		.byte	0
 1097 00f9 00       		.byte	0
 1098 00fa 13       		.uleb128 0x13
 1099 00fb 2E       		.uleb128 0x2e
 1100 00fc 01       		.byte	0x1
 1101 00fd 3F       		.uleb128 0x3f
 1102 00fe 19       		.uleb128 0x19
 1103 00ff 03       		.uleb128 0x3
 1104 0100 0E       		.uleb128 0xe
 1105 0101 3A       		.uleb128 0x3a
 1106 0102 0B       		.uleb128 0xb
 1107 0103 3B       		.uleb128 0x3b
 1108 0104 0B       		.uleb128 0xb
 1109 0105 49       		.uleb128 0x49
 1110 0106 13       		.uleb128 0x13
 1111 0107 32       		.uleb128 0x32
 1112 0108 0B       		.uleb128 0xb
 1113 0109 3C       		.uleb128 0x3c
 1114 010a 19       		.uleb128 0x19
 1115 010b 63       		.uleb128 0x63
 1116 010c 19       		.uleb128 0x19
 1117 010d 64       		.uleb128 0x64
 1118 010e 13       		.uleb128 0x13
 1119 010f 01       		.uleb128 0x1
 1120 0110 13       		.uleb128 0x13
 1121 0111 00       		.byte	0
 1122 0112 00       		.byte	0
 1123 0113 14       		.uleb128 0x14
 1124 0114 2E       		.uleb128 0x2e
 1125 0115 01       		.byte	0x1
 1126 0116 3F       		.uleb128 0x3f
 1127 0117 19       		.uleb128 0x19
 1128 0118 03       		.uleb128 0x3
 1129 0119 08       		.uleb128 0x8
 1130 011a 3A       		.uleb128 0x3a
 1131 011b 0B       		.uleb128 0xb
 1132 011c 3B       		.uleb128 0x3b
 1133 011d 0B       		.uleb128 0xb
ARM GAS  /tmp/ccqAif1B.s 			page 21


 1134 011e 6E       		.uleb128 0x6e
 1135 011f 0E       		.uleb128 0xe
 1136 0120 49       		.uleb128 0x49
 1137 0121 13       		.uleb128 0x13
 1138 0122 32       		.uleb128 0x32
 1139 0123 0B       		.uleb128 0xb
 1140 0124 3C       		.uleb128 0x3c
 1141 0125 19       		.uleb128 0x19
 1142 0126 01       		.uleb128 0x1
 1143 0127 13       		.uleb128 0x13
 1144 0128 00       		.byte	0
 1145 0129 00       		.byte	0
 1146 012a 15       		.uleb128 0x15
 1147 012b 2E       		.uleb128 0x2e
 1148 012c 00       		.byte	0
 1149 012d 3F       		.uleb128 0x3f
 1150 012e 19       		.uleb128 0x19
 1151 012f 03       		.uleb128 0x3
 1152 0130 08       		.uleb128 0x8
 1153 0131 3A       		.uleb128 0x3a
 1154 0132 0B       		.uleb128 0xb
 1155 0133 3B       		.uleb128 0x3b
 1156 0134 0B       		.uleb128 0xb
 1157 0135 6E       		.uleb128 0x6e
 1158 0136 0E       		.uleb128 0xe
 1159 0137 49       		.uleb128 0x49
 1160 0138 13       		.uleb128 0x13
 1161 0139 32       		.uleb128 0x32
 1162 013a 0B       		.uleb128 0xb
 1163 013b 3C       		.uleb128 0x3c
 1164 013c 19       		.uleb128 0x19
 1165 013d 00       		.byte	0
 1166 013e 00       		.byte	0
 1167 013f 16       		.uleb128 0x16
 1168 0140 2E       		.uleb128 0x2e
 1169 0141 01       		.byte	0x1
 1170 0142 3F       		.uleb128 0x3f
 1171 0143 19       		.uleb128 0x19
 1172 0144 03       		.uleb128 0x3
 1173 0145 0E       		.uleb128 0xe
 1174 0146 3A       		.uleb128 0x3a
 1175 0147 0B       		.uleb128 0xb
 1176 0148 3B       		.uleb128 0x3b
 1177 0149 0B       		.uleb128 0xb
 1178 014a 49       		.uleb128 0x49
 1179 014b 13       		.uleb128 0x13
 1180 014c 32       		.uleb128 0x32
 1181 014d 0B       		.uleb128 0xb
 1182 014e 3C       		.uleb128 0x3c
 1183 014f 19       		.uleb128 0x19
 1184 0150 64       		.uleb128 0x64
 1185 0151 13       		.uleb128 0x13
 1186 0152 00       		.byte	0
 1187 0153 00       		.byte	0
 1188 0154 17       		.uleb128 0x17
 1189 0155 2F       		.uleb128 0x2f
 1190 0156 00       		.byte	0
ARM GAS  /tmp/ccqAif1B.s 			page 22


 1191 0157 03       		.uleb128 0x3
 1192 0158 08       		.uleb128 0x8
 1193 0159 49       		.uleb128 0x49
 1194 015a 13       		.uleb128 0x13
 1195 015b 00       		.byte	0
 1196 015c 00       		.byte	0
 1197 015d 18       		.uleb128 0x18
 1198 015e 15       		.uleb128 0x15
 1199 015f 01       		.byte	0x1
 1200 0160 01       		.uleb128 0x1
 1201 0161 13       		.uleb128 0x13
 1202 0162 00       		.byte	0
 1203 0163 00       		.byte	0
 1204 0164 19       		.uleb128 0x19
 1205 0165 13       		.uleb128 0x13
 1206 0166 01       		.byte	0x1
 1207 0167 03       		.uleb128 0x3
 1208 0168 0E       		.uleb128 0xe
 1209 0169 0B       		.uleb128 0xb
 1210 016a 0B       		.uleb128 0xb
 1211 016b 3A       		.uleb128 0x3a
 1212 016c 0B       		.uleb128 0xb
 1213 016d 3B       		.uleb128 0x3b
 1214 016e 0B       		.uleb128 0xb
 1215 016f 01       		.uleb128 0x1
 1216 0170 13       		.uleb128 0x13
 1217 0171 00       		.byte	0
 1218 0172 00       		.byte	0
 1219 0173 1A       		.uleb128 0x1a
 1220 0174 0D       		.uleb128 0xd
 1221 0175 00       		.byte	0
 1222 0176 03       		.uleb128 0x3
 1223 0177 0E       		.uleb128 0xe
 1224 0178 3A       		.uleb128 0x3a
 1225 0179 0B       		.uleb128 0xb
 1226 017a 3B       		.uleb128 0x3b
 1227 017b 0B       		.uleb128 0xb
 1228 017c 49       		.uleb128 0x49
 1229 017d 13       		.uleb128 0x13
 1230 017e 38       		.uleb128 0x38
 1231 017f 0B       		.uleb128 0xb
 1232 0180 00       		.byte	0
 1233 0181 00       		.byte	0
 1234 0182 1B       		.uleb128 0x1b
 1235 0183 13       		.uleb128 0x13
 1236 0184 01       		.byte	0x1
 1237 0185 0B       		.uleb128 0xb
 1238 0186 0B       		.uleb128 0xb
 1239 0187 3A       		.uleb128 0x3a
 1240 0188 0B       		.uleb128 0xb
 1241 0189 3B       		.uleb128 0x3b
 1242 018a 0B       		.uleb128 0xb
 1243 018b 6E       		.uleb128 0x6e
 1244 018c 0E       		.uleb128 0xe
 1245 018d 01       		.uleb128 0x1
 1246 018e 13       		.uleb128 0x13
 1247 018f 00       		.byte	0
ARM GAS  /tmp/ccqAif1B.s 			page 23


 1248 0190 00       		.byte	0
 1249 0191 1C       		.uleb128 0x1c
 1250 0192 35       		.uleb128 0x35
 1251 0193 00       		.byte	0
 1252 0194 49       		.uleb128 0x49
 1253 0195 13       		.uleb128 0x13
 1254 0196 00       		.byte	0
 1255 0197 00       		.byte	0
 1256 0198 1D       		.uleb128 0x1d
 1257 0199 10       		.uleb128 0x10
 1258 019a 00       		.byte	0
 1259 019b 0B       		.uleb128 0xb
 1260 019c 0B       		.uleb128 0xb
 1261 019d 49       		.uleb128 0x49
 1262 019e 13       		.uleb128 0x13
 1263 019f 00       		.byte	0
 1264 01a0 00       		.byte	0
 1265 01a1 1E       		.uleb128 0x1e
 1266 01a2 2E       		.uleb128 0x2e
 1267 01a3 01       		.byte	0x1
 1268 01a4 47       		.uleb128 0x47
 1269 01a5 13       		.uleb128 0x13
 1270 01a6 3B       		.uleb128 0x3b
 1271 01a7 0B       		.uleb128 0xb
 1272 01a8 11       		.uleb128 0x11
 1273 01a9 01       		.uleb128 0x1
 1274 01aa 12       		.uleb128 0x12
 1275 01ab 06       		.uleb128 0x6
 1276 01ac 40       		.uleb128 0x40
 1277 01ad 18       		.uleb128 0x18
 1278 01ae 9642     		.uleb128 0x2116
 1279 01b0 19       		.uleb128 0x19
 1280 01b1 01       		.uleb128 0x1
 1281 01b2 13       		.uleb128 0x13
 1282 01b3 00       		.byte	0
 1283 01b4 00       		.byte	0
 1284 01b5 1F       		.uleb128 0x1f
 1285 01b6 05       		.uleb128 0x5
 1286 01b7 00       		.byte	0
 1287 01b8 03       		.uleb128 0x3
 1288 01b9 0E       		.uleb128 0xe
 1289 01ba 3A       		.uleb128 0x3a
 1290 01bb 0B       		.uleb128 0xb
 1291 01bc 3B       		.uleb128 0x3b
 1292 01bd 0B       		.uleb128 0xb
 1293 01be 49       		.uleb128 0x49
 1294 01bf 13       		.uleb128 0x13
 1295 01c0 02       		.uleb128 0x2
 1296 01c1 18       		.uleb128 0x18
 1297 01c2 00       		.byte	0
 1298 01c3 00       		.byte	0
 1299 01c4 20       		.uleb128 0x20
 1300 01c5 2E       		.uleb128 0x2e
 1301 01c6 01       		.byte	0x1
 1302 01c7 47       		.uleb128 0x47
 1303 01c8 13       		.uleb128 0x13
 1304 01c9 3A       		.uleb128 0x3a
ARM GAS  /tmp/ccqAif1B.s 			page 24


 1305 01ca 0B       		.uleb128 0xb
 1306 01cb 3B       		.uleb128 0x3b
 1307 01cc 0B       		.uleb128 0xb
 1308 01cd 11       		.uleb128 0x11
 1309 01ce 01       		.uleb128 0x1
 1310 01cf 12       		.uleb128 0x12
 1311 01d0 06       		.uleb128 0x6
 1312 01d1 40       		.uleb128 0x40
 1313 01d2 18       		.uleb128 0x18
 1314 01d3 9642     		.uleb128 0x2116
 1315 01d5 19       		.uleb128 0x19
 1316 01d6 01       		.uleb128 0x1
 1317 01d7 13       		.uleb128 0x13
 1318 01d8 00       		.byte	0
 1319 01d9 00       		.byte	0
 1320 01da 21       		.uleb128 0x21
 1321 01db 0B       		.uleb128 0xb
 1322 01dc 01       		.byte	0x1
 1323 01dd 11       		.uleb128 0x11
 1324 01de 01       		.uleb128 0x1
 1325 01df 12       		.uleb128 0x12
 1326 01e0 06       		.uleb128 0x6
 1327 01e1 00       		.byte	0
 1328 01e2 00       		.byte	0
 1329 01e3 22       		.uleb128 0x22
 1330 01e4 34       		.uleb128 0x34
 1331 01e5 00       		.byte	0
 1332 01e6 03       		.uleb128 0x3
 1333 01e7 08       		.uleb128 0x8
 1334 01e8 3A       		.uleb128 0x3a
 1335 01e9 0B       		.uleb128 0xb
 1336 01ea 3B       		.uleb128 0x3b
 1337 01eb 0B       		.uleb128 0xb
 1338 01ec 49       		.uleb128 0x49
 1339 01ed 13       		.uleb128 0x13
 1340 01ee 02       		.uleb128 0x2
 1341 01ef 18       		.uleb128 0x18
 1342 01f0 00       		.byte	0
 1343 01f1 00       		.byte	0
 1344 01f2 23       		.uleb128 0x23
 1345 01f3 2E       		.uleb128 0x2e
 1346 01f4 01       		.byte	0x1
 1347 01f5 47       		.uleb128 0x47
 1348 01f6 13       		.uleb128 0x13
 1349 01f7 20       		.uleb128 0x20
 1350 01f8 0B       		.uleb128 0xb
 1351 01f9 64       		.uleb128 0x64
 1352 01fa 13       		.uleb128 0x13
 1353 01fb 01       		.uleb128 0x1
 1354 01fc 13       		.uleb128 0x13
 1355 01fd 00       		.byte	0
 1356 01fe 00       		.byte	0
 1357 01ff 24       		.uleb128 0x24
 1358 0200 05       		.uleb128 0x5
 1359 0201 00       		.byte	0
 1360 0202 03       		.uleb128 0x3
 1361 0203 0E       		.uleb128 0xe
ARM GAS  /tmp/ccqAif1B.s 			page 25


 1362 0204 49       		.uleb128 0x49
 1363 0205 13       		.uleb128 0x13
 1364 0206 34       		.uleb128 0x34
 1365 0207 19       		.uleb128 0x19
 1366 0208 00       		.byte	0
 1367 0209 00       		.byte	0
 1368 020a 25       		.uleb128 0x25
 1369 020b 05       		.uleb128 0x5
 1370 020c 00       		.byte	0
 1371 020d 03       		.uleb128 0x3
 1372 020e 0E       		.uleb128 0xe
 1373 020f 3A       		.uleb128 0x3a
 1374 0210 0B       		.uleb128 0xb
 1375 0211 3B       		.uleb128 0x3b
 1376 0212 0B       		.uleb128 0xb
 1377 0213 49       		.uleb128 0x49
 1378 0214 13       		.uleb128 0x13
 1379 0215 00       		.byte	0
 1380 0216 00       		.byte	0
 1381 0217 26       		.uleb128 0x26
 1382 0218 2E       		.uleb128 0x2e
 1383 0219 01       		.byte	0x1
 1384 021a 31       		.uleb128 0x31
 1385 021b 13       		.uleb128 0x13
 1386 021c 6E       		.uleb128 0x6e
 1387 021d 0E       		.uleb128 0xe
 1388 021e 11       		.uleb128 0x11
 1389 021f 01       		.uleb128 0x1
 1390 0220 12       		.uleb128 0x12
 1391 0221 06       		.uleb128 0x6
 1392 0222 40       		.uleb128 0x40
 1393 0223 18       		.uleb128 0x18
 1394 0224 64       		.uleb128 0x64
 1395 0225 13       		.uleb128 0x13
 1396 0226 9742     		.uleb128 0x2117
 1397 0228 19       		.uleb128 0x19
 1398 0229 01       		.uleb128 0x1
 1399 022a 13       		.uleb128 0x13
 1400 022b 00       		.byte	0
 1401 022c 00       		.byte	0
 1402 022d 27       		.uleb128 0x27
 1403 022e 05       		.uleb128 0x5
 1404 022f 00       		.byte	0
 1405 0230 31       		.uleb128 0x31
 1406 0231 13       		.uleb128 0x13
 1407 0232 02       		.uleb128 0x2
 1408 0233 18       		.uleb128 0x18
 1409 0234 00       		.byte	0
 1410 0235 00       		.byte	0
 1411 0236 28       		.uleb128 0x28
 1412 0237 34       		.uleb128 0x34
 1413 0238 00       		.byte	0
 1414 0239 03       		.uleb128 0x3
 1415 023a 0E       		.uleb128 0xe
 1416 023b 3A       		.uleb128 0x3a
 1417 023c 0B       		.uleb128 0xb
 1418 023d 3B       		.uleb128 0x3b
ARM GAS  /tmp/ccqAif1B.s 			page 26


 1419 023e 0B       		.uleb128 0xb
 1420 023f 49       		.uleb128 0x49
 1421 0240 13       		.uleb128 0x13
 1422 0241 3F       		.uleb128 0x3f
 1423 0242 19       		.uleb128 0x19
 1424 0243 3C       		.uleb128 0x3c
 1425 0244 19       		.uleb128 0x19
 1426 0245 00       		.byte	0
 1427 0246 00       		.byte	0
 1428 0247 00       		.byte	0
 1429              		.section	.debug_aranges,"",%progbits
 1430 0000 2C000000 		.4byte	0x2c
 1431 0004 0200     		.2byte	0x2
 1432 0006 00000000 		.4byte	.Ldebug_info0
 1433 000a 04       		.byte	0x4
 1434 000b 00       		.byte	0
 1435 000c 0000     		.2byte	0
 1436 000e 0000     		.2byte	0
 1437 0010 00000000 		.4byte	.LFB58
 1438 0014 22000000 		.4byte	.LFE58-.LFB58
 1439 0018 00000000 		.4byte	.LFB70
 1440 001c 44000000 		.4byte	.LFE70-.LFB70
 1441 0020 00000000 		.4byte	.LFB72
 1442 0024 14000000 		.4byte	.LFE72-.LFB72
 1443 0028 00000000 		.4byte	0
 1444 002c 00000000 		.4byte	0
 1445              		.section	.debug_ranges,"",%progbits
 1446              	.Ldebug_ranges0:
 1447 0000 00000000 		.4byte	.LFB58
 1448 0004 22000000 		.4byte	.LFE58
 1449 0008 00000000 		.4byte	.LFB70
 1450 000c 44000000 		.4byte	.LFE70
 1451 0010 00000000 		.4byte	.LFB72
 1452 0014 14000000 		.4byte	.LFE72
 1453 0018 00000000 		.4byte	0
 1454 001c 00000000 		.4byte	0
 1455              		.section	.debug_line,"",%progbits
 1456              	.Ldebug_line0:
 1457 0000 28030000 		.section	.debug_str,"MS",%progbits,1
 1457      0200CC02 
 1457      00000201 
 1457      FB0E0D00 
 1457      01010101 
 1458              	.LASF44:
 1459 0000 5F5A4E33 		.ascii	"_ZN3r2p4Time2usEl\000"
 1459      72327034 
 1459      54696D65 
 1459      32757345 
 1459      6C00
 1460              	.LASF51:
 1461 0012 626F6F6C 		.ascii	"bool\000"
 1461      00
 1462              	.LASF29:
 1463 0017 746F5F75 		.ascii	"to_us\000"
 1463      7300
 1464              	.LASF3:
 1465 001d 73686F72 		.ascii	"short int\000"
ARM GAS  /tmp/ccqAif1B.s 			page 27


 1465      7420696E 
 1465      7400
 1466              	.LASF5:
 1467 0027 73697A65 		.ascii	"size_t\000"
 1467      5F7400
 1468              	.LASF12:
 1469 002e 73697A65 		.ascii	"sizetype\000"
 1469      74797065 
 1469      00
 1470              	.LASF8:
 1471 0037 5F5F7569 		.ascii	"__uint32_t\000"
 1471      6E743332 
 1471      5F7400
 1472              	.LASF19:
 1473 0042 494E4649 		.ascii	"INFINITE\000"
 1473      4E495445 
 1473      00
 1474              	.LASF64:
 1475 004b 2F686F6D 		.ascii	"/home/denny/r2p-sdk/core/Middleware/port/chibios/sr"
 1475      652F6465 
 1475      6E6E792F 
 1475      7232702D 
 1475      73646B2F 
 1476 007e 632F696D 		.ascii	"c/impl/Time_.cpp\000"
 1476      706C2F54 
 1476      696D655F 
 1476      2E637070 
 1476      00
 1477              	.LASF74:
 1478 008f 76746C69 		.ascii	"vtlist\000"
 1478      737400
 1479              	.LASF32:
 1480 0096 5F5A4E4B 		.ascii	"_ZNK3r2p4Time5to_msEv\000"
 1480      33723270 
 1480      3454696D 
 1480      6535746F 
 1480      5F6D7345 
 1481              	.LASF59:
 1482 00ac 76745F70 		.ascii	"vt_par\000"
 1482      617200
 1483              	.LASF15:
 1484 00b3 73747265 		.ascii	"strerror\000"
 1484      72726F72 
 1484      00
 1485              	.LASF33:
 1486 00bc 746F5F73 		.ascii	"to_s\000"
 1486      00
 1487              	.LASF40:
 1488 00c1 5F5A4E33 		.ascii	"_ZN3r2p4TimepLERKS0_\000"
 1488      72327034 
 1488      54696D65 
 1488      704C4552 
 1488      4B53305F 
 1489              	.LASF47:
 1490 00d6 5F5A4E33 		.ascii	"_ZN3r2p4Time1mEl\000"
 1490      72327034 
 1490      54696D65 
ARM GAS  /tmp/ccqAif1B.s 			page 28


 1490      316D456C 
 1490      00
 1491              	.LASF41:
 1492 00e7 6F706572 		.ascii	"operator-=\000"
 1492      61746F72 
 1492      2D3D00
 1493              	.LASF60:
 1494 00f2 76745F73 		.ascii	"vt_systime\000"
 1494      79737469 
 1494      6D6500
 1495              	.LASF65:
 1496 00fd 2F686F6D 		.ascii	"/home/denny/git/TriskarPixy/motor0/\000"
 1496      652F6465 
 1496      6E6E792F 
 1496      6769742F 
 1496      54726973 
 1497              	.LASF23:
 1498 0121 5F5A4E4B 		.ascii	"_ZNK3r2p4Time9to_us_rawEv\000"
 1498      33723270 
 1498      3454696D 
 1498      6539746F 
 1498      5F75735F 
 1499              	.LASF30:
 1500 013b 5F5A4E4B 		.ascii	"_ZNK3r2p4Time5to_usEv\000"
 1500      33723270 
 1500      3454696D 
 1500      6535746F 
 1500      5F757345 
 1501              	.LASF34:
 1502 0151 5F5A4E4B 		.ascii	"_ZNK3r2p4Time4to_sEv\000"
 1502      33723270 
 1502      3454696D 
 1502      6534746F 
 1502      5F734576 
 1503              	.LASF1:
 1504 0166 7369676E 		.ascii	"signed char\000"
 1504      65642063 
 1504      68617200 
 1505              	.LASF20:
 1506 0172 494E4649 		.ascii	"INFINITEN\000"
 1506      4E495445 
 1506      4E00
 1507              	.LASF70:
 1508 017c 6D696C6C 		.ascii	"milliseconds\000"
 1508      69736563 
 1508      6F6E6473 
 1508      00
 1509              	.LASF10:
 1510 0189 6C6F6E67 		.ascii	"long long int\000"
 1510      206C6F6E 
 1510      6720696E 
 1510      7400
 1511              	.LASF27:
 1512 0197 746F5F6D 		.ascii	"to_m_raw\000"
 1512      5F726177 
 1512      00
 1513              	.LASF13:
ARM GAS  /tmp/ccqAif1B.s 			page 29


 1514 01a0 63686172 		.ascii	"char\000"
 1514      00
 1515              	.LASF38:
 1516 01a5 5F5A4E33 		.ascii	"_ZN3r2p4TimeaSERKS0_\000"
 1516      72327034 
 1516      54696D65 
 1516      61534552 
 1516      4B53305F 
 1517              	.LASF16:
 1518 01ba 73747274 		.ascii	"strtok\000"
 1518      6F6B00
 1519              	.LASF24:
 1520 01c1 5F5A4E4B 		.ascii	"_ZNK3r2p4Time9to_ms_rawEv\000"
 1520      33723270 
 1520      3454696D 
 1520      6539746F 
 1520      5F6D735F 
 1521              	.LASF28:
 1522 01db 5F5A4E4B 		.ascii	"_ZNK3r2p4Time8to_m_rawEv\000"
 1522      33723270 
 1522      3454696D 
 1522      6538746F 
 1522      5F6D5F72 
 1523              	.LASF72:
 1524 01f4 6D696372 		.ascii	"microseconds\000"
 1524      6F736563 
 1524      6F6E6473 
 1524      00
 1525              	.LASF2:
 1526 0201 756E7369 		.ascii	"unsigned char\000"
 1526      676E6564 
 1526      20636861 
 1526      7200
 1527              	.LASF37:
 1528 020f 6F706572 		.ascii	"operator=\000"
 1528      61746F72 
 1528      3D00
 1529              	.LASF11:
 1530 0219 6C6F6E67 		.ascii	"long long unsigned int\000"
 1530      206C6F6E 
 1530      6720756E 
 1530      7369676E 
 1530      65642069 
 1531              	.LASF50:
 1532 0230 75696E74 		.ascii	"uint32_t\000"
 1532      33325F74 
 1532      00
 1533              	.LASF56:
 1534 0239 76745F70 		.ascii	"vt_prev\000"
 1534      72657600 
 1535              	.LASF0:
 1536 0241 756E7369 		.ascii	"unsigned int\000"
 1536      676E6564 
 1536      20696E74 
 1536      00
 1537              	.LASF31:
 1538 024e 746F5F6D 		.ascii	"to_ms\000"
ARM GAS  /tmp/ccqAif1B.s 			page 30


 1538      7300
 1539              	.LASF55:
 1540 0254 76745F6E 		.ascii	"vt_next\000"
 1540      65787400 
 1541              	.LASF42:
 1542 025c 5F5A4E33 		.ascii	"_ZN3r2p4TimemIERKS0_\000"
 1542      72327034 
 1542      54696D65 
 1542      6D494552 
 1542      4B53305F 
 1543              	.LASF4:
 1544 0271 73686F72 		.ascii	"short unsigned int\000"
 1544      7420756E 
 1544      7369676E 
 1544      65642069 
 1544      6E7400
 1545              	.LASF54:
 1546 0284 56697274 		.ascii	"VirtualTimer\000"
 1546      75616C54 
 1546      696D6572 
 1546      00
 1547              	.LASF25:
 1548 0291 746F5F73 		.ascii	"to_s_raw\000"
 1548      5F726177 
 1548      00
 1549              	.LASF52:
 1550 029a 73797374 		.ascii	"systime_t\000"
 1550      696D655F 
 1550      7400
 1551              	.LASF7:
 1552 02a4 6C6F6E67 		.ascii	"long int\000"
 1552      20696E74 
 1552      00
 1553              	.LASF49:
 1554 02ad 696E7433 		.ascii	"int32_t\000"
 1554      325F7400 
 1555              	.LASF14:
 1556 02b5 73747263 		.ascii	"strcoll\000"
 1556      6F6C6C00 
 1557              	.LASF71:
 1558 02bd 74686973 		.ascii	"this\000"
 1558      00
 1559              	.LASF39:
 1560 02c2 6F706572 		.ascii	"operator+=\000"
 1560      61746F72 
 1560      2B3D00
 1561              	.LASF63:
 1562 02cd 474E5520 		.ascii	"GNU C++ 4.9.3 20141119 (release) [ARM/embedded-4_9-"
 1562      432B2B20 
 1562      342E392E 
 1562      33203230 
 1562      31343131 
 1563 0300 6272616E 		.ascii	"branch revision 218278] -mcpu=cortex-m4 -mfloat-abi"
 1563      63682072 
 1563      65766973 
 1563      696F6E20 
 1563      32313832 
ARM GAS  /tmp/ccqAif1B.s 			page 31


 1564 0333 3D686172 		.ascii	"=hard -mfpu=fpv4-sp-d16 -mno-thumb-interwork -mthum"
 1564      64202D6D 
 1564      6670753D 
 1564      66707634 
 1564      2D73702D 
 1565 0366 62202D67 		.ascii	"b -ggdb -O0 -fomit-frame-pointer -falign-functions="
 1565      67646220 
 1565      2D4F3020 
 1565      2D666F6D 
 1565      69742D66 
 1566 0399 3136202D 		.ascii	"16 -ffunction-sections -fdata-sections -fno-common "
 1566      6666756E 
 1566      6374696F 
 1566      6E2D7365 
 1566      6374696F 
 1567 03cc 2D667369 		.ascii	"-fsingle-precision-constant -fno-rtti -fno-exceptio"
 1567      6E676C65 
 1567      2D707265 
 1567      63697369 
 1567      6F6E2D63 
 1568 03ff 6E73202D 		.ascii	"ns -fno-threadsafe-statics\000"
 1568      666E6F2D 
 1568      74687265 
 1568      61647361 
 1568      66652D73 
 1569              	.LASF26:
 1570 041a 5F5A4E4B 		.ascii	"_ZNK3r2p4Time8to_s_rawEv\000"
 1570      33723270 
 1570      3454696D 
 1570      6538746F 
 1570      5F735F72 
 1571              	.LASF66:
 1572 0433 54797065 		.ascii	"Type\000"
 1572      00
 1573              	.LASF17:
 1574 0438 73747278 		.ascii	"strxfrm\000"
 1574      66726D00 
 1575              	.LASF9:
 1576 0440 6C6F6E67 		.ascii	"long unsigned int\000"
 1576      20756E73 
 1576      69676E65 
 1576      6420696E 
 1576      7400
 1577              	.LASF62:
 1578 0452 646F7562 		.ascii	"double\000"
 1578      6C6500
 1579              	.LASF43:
 1580 0459 54696D65 		.ascii	"Time\000"
 1580      00
 1581              	.LASF21:
 1582 045e 746F5F75 		.ascii	"to_us_raw\000"
 1582      735F7261 
 1582      7700
 1583              	.LASF48:
 1584 0468 5F5A4E33 		.ascii	"_ZN3r2p4Time2hzEd\000"
 1584      72327034 
 1584      54696D65 
ARM GAS  /tmp/ccqAif1B.s 			page 32


 1584      32687A45 
 1584      6400
 1585              	.LASF6:
 1586 047a 5F5F696E 		.ascii	"__int32_t\000"
 1586      7433325F 
 1586      7400
 1587              	.LASF58:
 1588 0484 76745F66 		.ascii	"vt_func\000"
 1588      756E6300 
 1589              	.LASF22:
 1590 048c 746F5F6D 		.ascii	"to_ms_raw\000"
 1590      735F7261 
 1590      7700
 1591              	.LASF68:
 1592 0496 54696D65 		.ascii	"Time<long int>\000"
 1592      3C6C6F6E 
 1592      6720696E 
 1592      743E00
 1593              	.LASF53:
 1594 04a5 76746675 		.ascii	"vtfunc_t\000"
 1594      6E635F74 
 1594      00
 1595              	.LASF46:
 1596 04ae 5F5A4E33 		.ascii	"_ZN3r2p4Time1sEl\000"
 1596      72327034 
 1596      54696D65 
 1596      3173456C 
 1596      00
 1597              	.LASF69:
 1598 04bf 3656544C 		.ascii	"6VTList\000"
 1598      69737400 
 1599              	.LASF61:
 1600 04c7 56544C69 		.ascii	"VTList\000"
 1600      737400
 1601              	.LASF73:
 1602 04ce 5F5A4E33 		.ascii	"_ZN3r2p4TimeC2IlEET_\000"
 1602      72327034 
 1602      54696D65 
 1602      4332496C 
 1602      4545545F 
 1603              	.LASF35:
 1604 04e3 746F5F6D 		.ascii	"to_m\000"
 1604      00
 1605              	.LASF18:
 1606 04e8 494D4D45 		.ascii	"IMMEDIATE\000"
 1606      44494154 
 1606      4500
 1607              	.LASF45:
 1608 04f2 5F5A4E33 		.ascii	"_ZN3r2p4Time2msEl\000"
 1608      72327034 
 1608      54696D65 
 1608      326D7345 
 1608      6C00
 1609              	.LASF67:
 1610 0504 5F5A4E33 		.ascii	"_ZN3r2p4Time3nowEv\000"
 1610      72327034 
 1610      54696D65 
ARM GAS  /tmp/ccqAif1B.s 			page 33


 1610      336E6F77 
 1610      457600
 1611              	.LASF57:
 1612 0517 76745F74 		.ascii	"vt_time\000"
 1612      696D6500 
 1613              	.LASF36:
 1614 051f 5F5A4E4B 		.ascii	"_ZNK3r2p4Time4to_mEv\000"
 1614      33723270 
 1614      3454696D 
 1614      6534746F 
 1614      5F6D4576 
 1615              		.ident	"GCC: (GNU Tools for ARM Embedded Processors) 4.9.3 20141119 (release) [ARM/embedded-4_9-br
ARM GAS  /tmp/ccqAif1B.s 			page 34


DEFINED SYMBOLS
                            *ABS*:00000000 Time_.cpp
     /tmp/ccqAif1B.s:21     .text._ZN3r2p4Time2msEl:00000000 $t
     /tmp/ccqAif1B.s:27     .text._ZN3r2p4Time2msEl:00000000 _ZN3r2p4Time2msEl
     /tmp/ccqAif1B.s:133    .text._ZN3r2p4TimeC2IlEET_:00000000 _ZN3r2p4TimeC1IlEET_
     /tmp/ccqAif1B.s:58     .text._ZN3r2p4Time3nowEv:00000000 $t
     /tmp/ccqAif1B.s:64     .text._ZN3r2p4Time3nowEv:00000000 _ZN3r2p4Time3nowEv
     /tmp/ccqAif1B.s:120    .text._ZN3r2p4Time3nowEv:00000038 $d
     /tmp/ccqAif1B.s:127    .text._ZN3r2p4TimeC2IlEET_:00000000 $t
     /tmp/ccqAif1B.s:133    .text._ZN3r2p4TimeC2IlEET_:00000000 _ZN3r2p4TimeC2IlEET_
                     .debug_frame:00000010 $d
     /tmp/ccqAif1B.s:126    .text._ZN3r2p4Time3nowEv:00000044 $t
                           .group:00000000 _ZN3r2p4TimeC5IlEET_

UNDEFINED SYMBOLS
vtlist
_ZN3r2p4Time9INFINITENE
_ZN3r2p4Time8INFINITEE
