ARM GAS  /tmp/cclJEHOb.s 			page 1


   1              		.syntax unified
   2              		.cpu cortex-m4
   3              		.eabi_attribute 27, 3
   4              		.eabi_attribute 28, 1
   5              		.fpu fpv4-sp-d16
   6              		.eabi_attribute 20, 1
   7              		.eabi_attribute 21, 1
   8              		.eabi_attribute 23, 3
   9              		.eabi_attribute 24, 1
  10              		.eabi_attribute 25, 1
  11              		.eabi_attribute 26, 1
  12              		.eabi_attribute 30, 6
  13              		.eabi_attribute 34, 1
  14              		.eabi_attribute 18, 4
  15              		.thumb
  16              		.file	"vectors.c"
  17              		.text
  18              	.Ltext0:
  19              		.cfi_sections	.debug_frame
  20              		.global	_vectors
  21              		.section	vectors,"aw",%progbits
  22              		.align	2
  23              		.type	_vectors, %object
  24              		.size	_vectors, 392
  25              	_vectors:
  26 0000 00000000 		.word	__main_stack_end__
  27 0004 00000000 		.word	ResetHandler
  28 0008 00000000 		.word	NMIVector
  29 000c 00000000 		.word	HardFaultVector
  30 0010 00000000 		.word	MemManageVector
  31 0014 00000000 		.word	BusFaultVector
  32 0018 00000000 		.word	UsageFaultVector
  33 001c 00000000 		.word	Vector1C
  34 0020 00000000 		.word	Vector20
  35 0024 00000000 		.word	Vector24
  36 0028 00000000 		.word	Vector28
  37 002c 00000000 		.word	SVCallVector
  38 0030 00000000 		.word	DebugMonitorVector
  39 0034 00000000 		.word	Vector34
  40 0038 00000000 		.word	PendSVVector
  41 003c 00000000 		.word	SysTickVector
  42 0040 00000000 		.word	Vector40
  43 0044 00000000 		.word	Vector44
  44 0048 00000000 		.word	Vector48
  45 004c 00000000 		.word	Vector4C
  46 0050 00000000 		.word	Vector50
  47 0054 00000000 		.word	Vector54
  48 0058 00000000 		.word	Vector58
  49 005c 00000000 		.word	Vector5C
  50 0060 00000000 		.word	Vector60
  51 0064 00000000 		.word	Vector64
  52 0068 00000000 		.word	Vector68
  53 006c 00000000 		.word	Vector6C
  54 0070 00000000 		.word	Vector70
  55 0074 00000000 		.word	Vector74
  56 0078 00000000 		.word	Vector78
  57 007c 00000000 		.word	Vector7C
ARM GAS  /tmp/cclJEHOb.s 			page 2


  58 0080 00000000 		.word	Vector80
  59 0084 00000000 		.word	Vector84
  60 0088 00000000 		.word	Vector88
  61 008c 00000000 		.word	Vector8C
  62 0090 00000000 		.word	Vector90
  63 0094 00000000 		.word	Vector94
  64 0098 00000000 		.word	Vector98
  65 009c 00000000 		.word	Vector9C
  66 00a0 00000000 		.word	VectorA0
  67 00a4 00000000 		.word	VectorA4
  68 00a8 00000000 		.word	VectorA8
  69 00ac 00000000 		.word	VectorAC
  70 00b0 00000000 		.word	VectorB0
  71 00b4 00000000 		.word	VectorB4
  72 00b8 00000000 		.word	VectorB8
  73 00bc 00000000 		.word	VectorBC
  74 00c0 00000000 		.word	VectorC0
  75 00c4 00000000 		.word	VectorC4
  76 00c8 00000000 		.word	VectorC8
  77 00cc 00000000 		.word	VectorCC
  78 00d0 00000000 		.word	VectorD0
  79 00d4 00000000 		.word	VectorD4
  80 00d8 00000000 		.word	VectorD8
  81 00dc 00000000 		.word	VectorDC
  82 00e0 00000000 		.word	VectorE0
  83 00e4 00000000 		.word	VectorE4
  84 00e8 00000000 		.word	VectorE8
  85 00ec 00000000 		.word	VectorEC
  86 00f0 00000000 		.word	VectorF0
  87 00f4 00000000 		.word	VectorF4
  88 00f8 00000000 		.word	VectorF8
  89 00fc 00000000 		.word	VectorFC
  90 0100 00000000 		.word	Vector100
  91 0104 00000000 		.word	Vector104
  92 0108 00000000 		.word	Vector108
  93 010c 00000000 		.word	Vector10C
  94 0110 00000000 		.word	Vector110
  95 0114 00000000 		.word	Vector114
  96 0118 00000000 		.word	Vector118
  97 011c 00000000 		.word	Vector11C
  98 0120 00000000 		.word	Vector120
  99 0124 00000000 		.word	Vector124
 100 0128 00000000 		.word	Vector128
 101 012c 00000000 		.word	Vector12C
 102 0130 00000000 		.word	Vector130
 103 0134 00000000 		.word	Vector134
 104 0138 00000000 		.word	Vector138
 105 013c 00000000 		.word	Vector13C
 106 0140 00000000 		.word	Vector140
 107 0144 00000000 		.word	Vector144
 108 0148 00000000 		.word	Vector148
 109 014c 00000000 		.word	Vector14C
 110 0150 00000000 		.word	Vector150
 111 0154 00000000 		.word	Vector154
 112 0158 00000000 		.word	Vector158
 113 015c 00000000 		.word	Vector15C
 114 0160 00000000 		.word	Vector160
ARM GAS  /tmp/cclJEHOb.s 			page 3


 115 0164 00000000 		.word	Vector164
 116 0168 00000000 		.word	Vector168
 117 016c 00000000 		.word	Vector16C
 118 0170 00000000 		.word	Vector170
 119 0174 00000000 		.word	Vector174
 120 0178 00000000 		.word	Vector178
 121 017c 00000000 		.word	Vector17C
 122 0180 00000000 		.word	Vector180
 123 0184 00000000 		.word	Vector184
 124              		.section	.text._unhandled_exception,"ax",%progbits
 125              		.align	2
 126              		.p2align 4,,15
 127              		.global	_unhandled_exception
 128              		.thumb
 129              		.thumb_func
 130              		.type	_unhandled_exception, %function
 131              	_unhandled_exception:
 132              	.LFB7:
 133              		.file 1 "/home/denny/r2p-sdk/core/ChibiOS/os/ports/GCC/ARMCMx/STM32F3xx/vectors.c"
 134              		.loc 1 215 0
 135              		.cfi_startproc
 136              		@ Naked Function: prologue and epilogue provided by programmer.
 137              		@ args = 0, pretend = 0, frame = 0
 138              		@ frame_needed = 0, uses_anonymous_args = 0
 139              	.L2:
 140              		.loc 1 218 0 discriminator 1
 141 0000 FEE7     		b	.L2
 142              		.cfi_endproc
 143              	.LFE7:
 144              		.size	_unhandled_exception, .-_unhandled_exception
 145              		.weak	NMIVector
 146              		.thumb_set NMIVector,_unhandled_exception
 147              		.weak	HardFaultVector
 148              		.thumb_set HardFaultVector,_unhandled_exception
 149              		.weak	MemManageVector
 150              		.thumb_set MemManageVector,_unhandled_exception
 151              		.weak	BusFaultVector
 152              		.thumb_set BusFaultVector,_unhandled_exception
 153              		.weak	UsageFaultVector
 154              		.thumb_set UsageFaultVector,_unhandled_exception
 155              		.weak	Vector1C
 156              		.thumb_set Vector1C,_unhandled_exception
 157              		.weak	Vector20
 158              		.thumb_set Vector20,_unhandled_exception
 159              		.weak	Vector24
 160              		.thumb_set Vector24,_unhandled_exception
 161              		.weak	Vector28
 162              		.thumb_set Vector28,_unhandled_exception
 163              		.weak	SVCallVector
 164              		.thumb_set SVCallVector,_unhandled_exception
 165              		.weak	DebugMonitorVector
 166              		.thumb_set DebugMonitorVector,_unhandled_exception
 167              		.weak	Vector34
 168              		.thumb_set Vector34,_unhandled_exception
 169              		.weak	PendSVVector
 170              		.thumb_set PendSVVector,_unhandled_exception
 171              		.weak	SysTickVector
ARM GAS  /tmp/cclJEHOb.s 			page 4


 172              		.thumb_set SysTickVector,_unhandled_exception
 173              		.weak	Vector40
 174              		.thumb_set Vector40,_unhandled_exception
 175              		.weak	Vector44
 176              		.thumb_set Vector44,_unhandled_exception
 177              		.weak	Vector48
 178              		.thumb_set Vector48,_unhandled_exception
 179              		.weak	Vector4C
 180              		.thumb_set Vector4C,_unhandled_exception
 181              		.weak	Vector50
 182              		.thumb_set Vector50,_unhandled_exception
 183              		.weak	Vector54
 184              		.thumb_set Vector54,_unhandled_exception
 185              		.weak	Vector58
 186              		.thumb_set Vector58,_unhandled_exception
 187              		.weak	Vector5C
 188              		.thumb_set Vector5C,_unhandled_exception
 189              		.weak	Vector60
 190              		.thumb_set Vector60,_unhandled_exception
 191              		.weak	Vector64
 192              		.thumb_set Vector64,_unhandled_exception
 193              		.weak	Vector68
 194              		.thumb_set Vector68,_unhandled_exception
 195              		.weak	Vector6C
 196              		.thumb_set Vector6C,_unhandled_exception
 197              		.weak	Vector70
 198              		.thumb_set Vector70,_unhandled_exception
 199              		.weak	Vector74
 200              		.thumb_set Vector74,_unhandled_exception
 201              		.weak	Vector78
 202              		.thumb_set Vector78,_unhandled_exception
 203              		.weak	Vector7C
 204              		.thumb_set Vector7C,_unhandled_exception
 205              		.weak	Vector80
 206              		.thumb_set Vector80,_unhandled_exception
 207              		.weak	Vector84
 208              		.thumb_set Vector84,_unhandled_exception
 209              		.weak	Vector88
 210              		.thumb_set Vector88,_unhandled_exception
 211              		.weak	Vector8C
 212              		.thumb_set Vector8C,_unhandled_exception
 213              		.weak	Vector90
 214              		.thumb_set Vector90,_unhandled_exception
 215              		.weak	Vector94
 216              		.thumb_set Vector94,_unhandled_exception
 217              		.weak	Vector98
 218              		.thumb_set Vector98,_unhandled_exception
 219              		.weak	Vector9C
 220              		.thumb_set Vector9C,_unhandled_exception
 221              		.weak	VectorA0
 222              		.thumb_set VectorA0,_unhandled_exception
 223              		.weak	VectorA4
 224              		.thumb_set VectorA4,_unhandled_exception
 225              		.weak	VectorA8
 226              		.thumb_set VectorA8,_unhandled_exception
 227              		.weak	VectorAC
 228              		.thumb_set VectorAC,_unhandled_exception
ARM GAS  /tmp/cclJEHOb.s 			page 5


 229              		.weak	VectorB0
 230              		.thumb_set VectorB0,_unhandled_exception
 231              		.weak	VectorB4
 232              		.thumb_set VectorB4,_unhandled_exception
 233              		.weak	VectorB8
 234              		.thumb_set VectorB8,_unhandled_exception
 235              		.weak	VectorBC
 236              		.thumb_set VectorBC,_unhandled_exception
 237              		.weak	VectorC0
 238              		.thumb_set VectorC0,_unhandled_exception
 239              		.weak	VectorC4
 240              		.thumb_set VectorC4,_unhandled_exception
 241              		.weak	VectorC8
 242              		.thumb_set VectorC8,_unhandled_exception
 243              		.weak	VectorCC
 244              		.thumb_set VectorCC,_unhandled_exception
 245              		.weak	VectorD0
 246              		.thumb_set VectorD0,_unhandled_exception
 247              		.weak	VectorD4
 248              		.thumb_set VectorD4,_unhandled_exception
 249              		.weak	VectorD8
 250              		.thumb_set VectorD8,_unhandled_exception
 251              		.weak	VectorDC
 252              		.thumb_set VectorDC,_unhandled_exception
 253              		.weak	VectorE0
 254              		.thumb_set VectorE0,_unhandled_exception
 255              		.weak	VectorE4
 256              		.thumb_set VectorE4,_unhandled_exception
 257              		.weak	VectorE8
 258              		.thumb_set VectorE8,_unhandled_exception
 259              		.weak	VectorEC
 260              		.thumb_set VectorEC,_unhandled_exception
 261              		.weak	VectorF0
 262              		.thumb_set VectorF0,_unhandled_exception
 263              		.weak	VectorF4
 264              		.thumb_set VectorF4,_unhandled_exception
 265              		.weak	VectorF8
 266              		.thumb_set VectorF8,_unhandled_exception
 267              		.weak	VectorFC
 268              		.thumb_set VectorFC,_unhandled_exception
 269              		.weak	Vector100
 270              		.thumb_set Vector100,_unhandled_exception
 271              		.weak	Vector104
 272              		.thumb_set Vector104,_unhandled_exception
 273              		.weak	Vector108
 274              		.thumb_set Vector108,_unhandled_exception
 275              		.weak	Vector10C
 276              		.thumb_set Vector10C,_unhandled_exception
 277              		.weak	Vector110
 278              		.thumb_set Vector110,_unhandled_exception
 279              		.weak	Vector114
 280              		.thumb_set Vector114,_unhandled_exception
 281              		.weak	Vector118
 282              		.thumb_set Vector118,_unhandled_exception
 283              		.weak	Vector11C
 284              		.thumb_set Vector11C,_unhandled_exception
 285              		.weak	Vector120
ARM GAS  /tmp/cclJEHOb.s 			page 6


 286              		.thumb_set Vector120,_unhandled_exception
 287              		.weak	Vector124
 288              		.thumb_set Vector124,_unhandled_exception
 289              		.weak	Vector128
 290              		.thumb_set Vector128,_unhandled_exception
 291              		.weak	Vector12C
 292              		.thumb_set Vector12C,_unhandled_exception
 293              		.weak	Vector130
 294              		.thumb_set Vector130,_unhandled_exception
 295              		.weak	Vector134
 296              		.thumb_set Vector134,_unhandled_exception
 297              		.weak	Vector138
 298              		.thumb_set Vector138,_unhandled_exception
 299              		.weak	Vector13C
 300              		.thumb_set Vector13C,_unhandled_exception
 301              		.weak	Vector140
 302              		.thumb_set Vector140,_unhandled_exception
 303              		.weak	Vector144
 304              		.thumb_set Vector144,_unhandled_exception
 305              		.weak	Vector148
 306              		.thumb_set Vector148,_unhandled_exception
 307              		.weak	Vector14C
 308              		.thumb_set Vector14C,_unhandled_exception
 309              		.weak	Vector150
 310              		.thumb_set Vector150,_unhandled_exception
 311              		.weak	Vector154
 312              		.thumb_set Vector154,_unhandled_exception
 313              		.weak	Vector158
 314              		.thumb_set Vector158,_unhandled_exception
 315              		.weak	Vector15C
 316              		.thumb_set Vector15C,_unhandled_exception
 317              		.weak	Vector160
 318              		.thumb_set Vector160,_unhandled_exception
 319              		.weak	Vector164
 320              		.thumb_set Vector164,_unhandled_exception
 321              		.weak	Vector168
 322              		.thumb_set Vector168,_unhandled_exception
 323              		.weak	Vector16C
 324              		.thumb_set Vector16C,_unhandled_exception
 325              		.weak	Vector170
 326              		.thumb_set Vector170,_unhandled_exception
 327              		.weak	Vector174
 328              		.thumb_set Vector174,_unhandled_exception
 329              		.weak	Vector178
 330              		.thumb_set Vector178,_unhandled_exception
 331              		.weak	Vector17C
 332              		.thumb_set Vector17C,_unhandled_exception
 333              		.weak	Vector180
 334              		.thumb_set Vector180,_unhandled_exception
 335              		.weak	Vector184
 336              		.thumb_set Vector184,_unhandled_exception
 337 0002 00BFAFF3 		.text
 337      0080AFF3 
 337      0080AFF3 
 337      0080
 338              	.Letext0:
 339              		.file 2 "/home/denny/r2p-sdk/tools/gcc-arm-none-eabi-4_9-2014q4/arm-none-eabi/include/machine/_def
ARM GAS  /tmp/cclJEHOb.s 			page 7


 340              		.file 3 "/home/denny/r2p-sdk/tools/gcc-arm-none-eabi-4_9-2014q4/arm-none-eabi/include/stdint.h"
 341              		.section	.debug_info,"",%progbits
 342              	.Ldebug_info0:
 343 0000 C5010000 		.4byte	0x1c5
 344 0004 0400     		.2byte	0x4
 345 0006 00000000 		.4byte	.Ldebug_abbrev0
 346 000a 04       		.byte	0x4
 347 000b 01       		.uleb128 0x1
 348 000c 74000000 		.4byte	.LASF35
 349 0010 01       		.byte	0x1
 350 0011 A6020000 		.4byte	.LASF36
 351 0015 00000000 		.4byte	.Ldebug_ranges0+0
 352 0019 00000000 		.4byte	0
 353 001d 00000000 		.4byte	.Ldebug_line0
 354 0021 02       		.uleb128 0x2
 355 0022 04       		.byte	0x4
 356 0023 05       		.byte	0x5
 357 0024 696E7400 		.ascii	"int\000"
 358 0028 03       		.uleb128 0x3
 359 0029 04       		.byte	0x4
 360 002a 07       		.byte	0x7
 361 002b B0010000 		.4byte	.LASF0
 362 002f 03       		.uleb128 0x3
 363 0030 01       		.byte	0x1
 364 0031 06       		.byte	0x6
 365 0032 EF020000 		.4byte	.LASF1
 366 0036 03       		.uleb128 0x3
 367 0037 01       		.byte	0x1
 368 0038 08       		.byte	0x8
 369 0039 41000000 		.4byte	.LASF2
 370 003d 03       		.uleb128 0x3
 371 003e 02       		.byte	0x2
 372 003f 05       		.byte	0x5
 373 0040 7D020000 		.4byte	.LASF3
 374 0044 03       		.uleb128 0x3
 375 0045 02       		.byte	0x2
 376 0046 07       		.byte	0x7
 377 0047 61000000 		.4byte	.LASF4
 378 004b 03       		.uleb128 0x3
 379 004c 04       		.byte	0x4
 380 004d 05       		.byte	0x5
 381 004e 9D020000 		.4byte	.LASF5
 382 0052 04       		.uleb128 0x4
 383 0053 A5010000 		.4byte	.LASF9
 384 0057 02       		.byte	0x2
 385 0058 41       		.byte	0x41
 386 0059 5D000000 		.4byte	0x5d
 387 005d 03       		.uleb128 0x3
 388 005e 04       		.byte	0x4
 389 005f 07       		.byte	0x7
 390 0060 4F000000 		.4byte	.LASF6
 391 0064 03       		.uleb128 0x3
 392 0065 08       		.byte	0x8
 393 0066 05       		.byte	0x5
 394 0067 3C020000 		.4byte	.LASF7
 395 006b 03       		.uleb128 0x3
 396 006c 08       		.byte	0x8
ARM GAS  /tmp/cclJEHOb.s 			page 8


 397 006d 07       		.byte	0x7
 398 006e C8010000 		.4byte	.LASF8
 399 0072 04       		.uleb128 0x4
 400 0073 94020000 		.4byte	.LASF10
 401 0077 03       		.byte	0x3
 402 0078 2D       		.byte	0x2d
 403 0079 52000000 		.4byte	0x52
 404 007d 03       		.uleb128 0x3
 405 007e 01       		.byte	0x1
 406 007f 02       		.byte	0x2
 407 0080 18030000 		.4byte	.LASF11
 408 0084 03       		.uleb128 0x3
 409 0085 04       		.byte	0x4
 410 0086 07       		.byte	0x7
 411 0087 14020000 		.4byte	.LASF12
 412 008b 03       		.uleb128 0x3
 413 008c 01       		.byte	0x1
 414 008d 08       		.byte	0x8
 415 008e 4A020000 		.4byte	.LASF13
 416 0092 04       		.uleb128 0x4
 417 0093 09000000 		.4byte	.LASF14
 418 0097 01       		.byte	0x1
 419 0098 2B       		.byte	0x2b
 420 0099 9D000000 		.4byte	0x9d
 421 009d 05       		.uleb128 0x5
 422 009e 04       		.byte	0x4
 423 009f A3000000 		.4byte	0xa3
 424 00a3 06       		.uleb128 0x6
 425 00a4 07       		.uleb128 0x7
 426 00a5 8801     		.2byte	0x188
 427 00a7 01       		.byte	0x1
 428 00a8 30       		.byte	0x30
 429 00a9 7A010000 		.4byte	0x17a
 430 00ad 08       		.uleb128 0x8
 431 00ae 28000000 		.4byte	.LASF15
 432 00b2 01       		.byte	0x1
 433 00b3 31       		.byte	0x31
 434 00b4 7A010000 		.4byte	0x17a
 435 00b8 00       		.byte	0
 436 00b9 08       		.uleb128 0x8
 437 00ba 87020000 		.4byte	.LASF16
 438 00be 01       		.byte	0x1
 439 00bf 32       		.byte	0x32
 440 00c0 92000000 		.4byte	0x92
 441 00c4 04       		.byte	0x4
 442 00c5 08       		.uleb128 0x8
 443 00c6 BD010000 		.4byte	.LASF17
 444 00ca 01       		.byte	0x1
 445 00cb 33       		.byte	0x33
 446 00cc 92000000 		.4byte	0x92
 447 00d0 08       		.byte	0x8
 448 00d1 08       		.uleb128 0x8
 449 00d2 2B020000 		.4byte	.LASF18
 450 00d6 01       		.byte	0x1
 451 00d7 34       		.byte	0x34
 452 00d8 92000000 		.4byte	0x92
 453 00dc 0C       		.byte	0xc
ARM GAS  /tmp/cclJEHOb.s 			page 9


 454 00dd 08       		.uleb128 0x8
 455 00de 4F020000 		.4byte	.LASF19
 456 00e2 01       		.byte	0x1
 457 00e3 35       		.byte	0x35
 458 00e4 92000000 		.4byte	0x92
 459 00e8 10       		.byte	0x10
 460 00e9 08       		.uleb128 0x8
 461 00ea DF010000 		.4byte	.LASF20
 462 00ee 01       		.byte	0x1
 463 00ef 36       		.byte	0x36
 464 00f0 92000000 		.4byte	0x92
 465 00f4 14       		.byte	0x14
 466 00f5 08       		.uleb128 0x8
 467 00f6 F8010000 		.4byte	.LASF21
 468 00fa 01       		.byte	0x1
 469 00fb 37       		.byte	0x37
 470 00fc 92000000 		.4byte	0x92
 471 0100 18       		.byte	0x18
 472 0101 08       		.uleb128 0x8
 473 0102 8D010000 		.4byte	.LASF22
 474 0106 01       		.byte	0x1
 475 0107 38       		.byte	0x38
 476 0108 92000000 		.4byte	0x92
 477 010c 1C       		.byte	0x1c
 478 010d 08       		.uleb128 0x8
 479 010e 0F030000 		.4byte	.LASF23
 480 0112 01       		.byte	0x1
 481 0113 39       		.byte	0x39
 482 0114 92000000 		.4byte	0x92
 483 0118 20       		.byte	0x20
 484 0119 08       		.uleb128 0x8
 485 011a 00000000 		.4byte	.LASF24
 486 011e 01       		.byte	0x1
 487 011f 3A       		.byte	0x3a
 488 0120 92000000 		.4byte	0x92
 489 0124 24       		.byte	0x24
 490 0125 08       		.uleb128 0x8
 491 0126 EF010000 		.4byte	.LASF25
 492 012a 01       		.byte	0x1
 493 012b 3B       		.byte	0x3b
 494 012c 92000000 		.4byte	0x92
 495 0130 28       		.byte	0x28
 496 0131 08       		.uleb128 0x8
 497 0132 33000000 		.4byte	.LASF26
 498 0136 01       		.byte	0x1
 499 0137 3C       		.byte	0x3c
 500 0138 92000000 		.4byte	0x92
 501 013c 2C       		.byte	0x2c
 502 013d 08       		.uleb128 0x8
 503 013e FB020000 		.4byte	.LASF27
 504 0142 01       		.byte	0x1
 505 0143 3D       		.byte	0x3d
 506 0144 92000000 		.4byte	0x92
 507 0148 30       		.byte	0x30
 508 0149 08       		.uleb128 0x8
 509 014a 16000000 		.4byte	.LASF28
 510 014e 01       		.byte	0x1
ARM GAS  /tmp/cclJEHOb.s 			page 10


 511 014f 3E       		.byte	0x3e
 512 0150 92000000 		.4byte	0x92
 513 0154 34       		.byte	0x34
 514 0155 08       		.uleb128 0x8
 515 0156 1D020000 		.4byte	.LASF29
 516 015a 01       		.byte	0x1
 517 015b 3F       		.byte	0x3f
 518 015c 92000000 		.4byte	0x92
 519 0160 38       		.byte	0x38
 520 0161 08       		.uleb128 0x8
 521 0162 96010000 		.4byte	.LASF30
 522 0166 01       		.byte	0x1
 523 0167 40       		.byte	0x40
 524 0168 92000000 		.4byte	0x92
 525 016c 3C       		.byte	0x3c
 526 016d 08       		.uleb128 0x8
 527 016e 75020000 		.4byte	.LASF31
 528 0172 01       		.byte	0x1
 529 0173 41       		.byte	0x41
 530 0174 80010000 		.4byte	0x180
 531 0178 40       		.byte	0x40
 532 0179 00       		.byte	0
 533 017a 05       		.uleb128 0x5
 534 017b 04       		.byte	0x4
 535 017c 72000000 		.4byte	0x72
 536 0180 09       		.uleb128 0x9
 537 0181 92000000 		.4byte	0x92
 538 0185 90010000 		.4byte	0x190
 539 0189 0A       		.uleb128 0xa
 540 018a 84000000 		.4byte	0x84
 541 018e 51       		.byte	0x51
 542 018f 00       		.byte	0
 543 0190 04       		.uleb128 0x4
 544 0191 0A020000 		.4byte	.LASF32
 545 0195 01       		.byte	0x1
 546 0196 42       		.byte	0x42
 547 0197 A4000000 		.4byte	0xa4
 548 019b 0B       		.uleb128 0xb
 549 019c 60020000 		.4byte	.LASF37
 550 01a0 01       		.byte	0x1
 551 01a1 D7       		.byte	0xd7
 552 01a2 00000000 		.4byte	.LFB7
 553 01a6 02000000 		.4byte	.LFE7-.LFB7
 554 01aa 01       		.uleb128 0x1
 555 01ab 9C       		.byte	0x9c
 556 01ac 0C       		.uleb128 0xc
 557 01ad 1E030000 		.4byte	.LASF33
 558 01b1 01       		.byte	0x1
 559 01b2 45       		.byte	0x45
 560 01b3 72000000 		.4byte	0x72
 561 01b7 0D       		.uleb128 0xd
 562 01b8 1F000000 		.4byte	.LASF34
 563 01bc 01       		.byte	0x1
 564 01bd AF       		.byte	0xaf
 565 01be 90010000 		.4byte	0x190
 566 01c2 05       		.uleb128 0x5
 567 01c3 03       		.byte	0x3
ARM GAS  /tmp/cclJEHOb.s 			page 11


 568 01c4 00000000 		.4byte	_vectors
 569 01c8 00       		.byte	0
 570              		.section	.debug_abbrev,"",%progbits
 571              	.Ldebug_abbrev0:
 572 0000 01       		.uleb128 0x1
 573 0001 11       		.uleb128 0x11
 574 0002 01       		.byte	0x1
 575 0003 25       		.uleb128 0x25
 576 0004 0E       		.uleb128 0xe
 577 0005 13       		.uleb128 0x13
 578 0006 0B       		.uleb128 0xb
 579 0007 03       		.uleb128 0x3
 580 0008 0E       		.uleb128 0xe
 581 0009 55       		.uleb128 0x55
 582 000a 17       		.uleb128 0x17
 583 000b 11       		.uleb128 0x11
 584 000c 01       		.uleb128 0x1
 585 000d 10       		.uleb128 0x10
 586 000e 17       		.uleb128 0x17
 587 000f 00       		.byte	0
 588 0010 00       		.byte	0
 589 0011 02       		.uleb128 0x2
 590 0012 24       		.uleb128 0x24
 591 0013 00       		.byte	0
 592 0014 0B       		.uleb128 0xb
 593 0015 0B       		.uleb128 0xb
 594 0016 3E       		.uleb128 0x3e
 595 0017 0B       		.uleb128 0xb
 596 0018 03       		.uleb128 0x3
 597 0019 08       		.uleb128 0x8
 598 001a 00       		.byte	0
 599 001b 00       		.byte	0
 600 001c 03       		.uleb128 0x3
 601 001d 24       		.uleb128 0x24
 602 001e 00       		.byte	0
 603 001f 0B       		.uleb128 0xb
 604 0020 0B       		.uleb128 0xb
 605 0021 3E       		.uleb128 0x3e
 606 0022 0B       		.uleb128 0xb
 607 0023 03       		.uleb128 0x3
 608 0024 0E       		.uleb128 0xe
 609 0025 00       		.byte	0
 610 0026 00       		.byte	0
 611 0027 04       		.uleb128 0x4
 612 0028 16       		.uleb128 0x16
 613 0029 00       		.byte	0
 614 002a 03       		.uleb128 0x3
 615 002b 0E       		.uleb128 0xe
 616 002c 3A       		.uleb128 0x3a
 617 002d 0B       		.uleb128 0xb
 618 002e 3B       		.uleb128 0x3b
 619 002f 0B       		.uleb128 0xb
 620 0030 49       		.uleb128 0x49
 621 0031 13       		.uleb128 0x13
 622 0032 00       		.byte	0
 623 0033 00       		.byte	0
 624 0034 05       		.uleb128 0x5
ARM GAS  /tmp/cclJEHOb.s 			page 12


 625 0035 0F       		.uleb128 0xf
 626 0036 00       		.byte	0
 627 0037 0B       		.uleb128 0xb
 628 0038 0B       		.uleb128 0xb
 629 0039 49       		.uleb128 0x49
 630 003a 13       		.uleb128 0x13
 631 003b 00       		.byte	0
 632 003c 00       		.byte	0
 633 003d 06       		.uleb128 0x6
 634 003e 15       		.uleb128 0x15
 635 003f 00       		.byte	0
 636 0040 27       		.uleb128 0x27
 637 0041 19       		.uleb128 0x19
 638 0042 00       		.byte	0
 639 0043 00       		.byte	0
 640 0044 07       		.uleb128 0x7
 641 0045 13       		.uleb128 0x13
 642 0046 01       		.byte	0x1
 643 0047 0B       		.uleb128 0xb
 644 0048 05       		.uleb128 0x5
 645 0049 3A       		.uleb128 0x3a
 646 004a 0B       		.uleb128 0xb
 647 004b 3B       		.uleb128 0x3b
 648 004c 0B       		.uleb128 0xb
 649 004d 01       		.uleb128 0x1
 650 004e 13       		.uleb128 0x13
 651 004f 00       		.byte	0
 652 0050 00       		.byte	0
 653 0051 08       		.uleb128 0x8
 654 0052 0D       		.uleb128 0xd
 655 0053 00       		.byte	0
 656 0054 03       		.uleb128 0x3
 657 0055 0E       		.uleb128 0xe
 658 0056 3A       		.uleb128 0x3a
 659 0057 0B       		.uleb128 0xb
 660 0058 3B       		.uleb128 0x3b
 661 0059 0B       		.uleb128 0xb
 662 005a 49       		.uleb128 0x49
 663 005b 13       		.uleb128 0x13
 664 005c 38       		.uleb128 0x38
 665 005d 0B       		.uleb128 0xb
 666 005e 00       		.byte	0
 667 005f 00       		.byte	0
 668 0060 09       		.uleb128 0x9
 669 0061 01       		.uleb128 0x1
 670 0062 01       		.byte	0x1
 671 0063 49       		.uleb128 0x49
 672 0064 13       		.uleb128 0x13
 673 0065 01       		.uleb128 0x1
 674 0066 13       		.uleb128 0x13
 675 0067 00       		.byte	0
 676 0068 00       		.byte	0
 677 0069 0A       		.uleb128 0xa
 678 006a 21       		.uleb128 0x21
 679 006b 00       		.byte	0
 680 006c 49       		.uleb128 0x49
 681 006d 13       		.uleb128 0x13
ARM GAS  /tmp/cclJEHOb.s 			page 13


 682 006e 2F       		.uleb128 0x2f
 683 006f 0B       		.uleb128 0xb
 684 0070 00       		.byte	0
 685 0071 00       		.byte	0
 686 0072 0B       		.uleb128 0xb
 687 0073 2E       		.uleb128 0x2e
 688 0074 00       		.byte	0
 689 0075 3F       		.uleb128 0x3f
 690 0076 19       		.uleb128 0x19
 691 0077 03       		.uleb128 0x3
 692 0078 0E       		.uleb128 0xe
 693 0079 3A       		.uleb128 0x3a
 694 007a 0B       		.uleb128 0xb
 695 007b 3B       		.uleb128 0x3b
 696 007c 0B       		.uleb128 0xb
 697 007d 27       		.uleb128 0x27
 698 007e 19       		.uleb128 0x19
 699 007f 11       		.uleb128 0x11
 700 0080 01       		.uleb128 0x1
 701 0081 12       		.uleb128 0x12
 702 0082 06       		.uleb128 0x6
 703 0083 40       		.uleb128 0x40
 704 0084 18       		.uleb128 0x18
 705 0085 9742     		.uleb128 0x2117
 706 0087 19       		.uleb128 0x19
 707 0088 00       		.byte	0
 708 0089 00       		.byte	0
 709 008a 0C       		.uleb128 0xc
 710 008b 34       		.uleb128 0x34
 711 008c 00       		.byte	0
 712 008d 03       		.uleb128 0x3
 713 008e 0E       		.uleb128 0xe
 714 008f 3A       		.uleb128 0x3a
 715 0090 0B       		.uleb128 0xb
 716 0091 3B       		.uleb128 0x3b
 717 0092 0B       		.uleb128 0xb
 718 0093 49       		.uleb128 0x49
 719 0094 13       		.uleb128 0x13
 720 0095 3F       		.uleb128 0x3f
 721 0096 19       		.uleb128 0x19
 722 0097 3C       		.uleb128 0x3c
 723 0098 19       		.uleb128 0x19
 724 0099 00       		.byte	0
 725 009a 00       		.byte	0
 726 009b 0D       		.uleb128 0xd
 727 009c 34       		.uleb128 0x34
 728 009d 00       		.byte	0
 729 009e 03       		.uleb128 0x3
 730 009f 0E       		.uleb128 0xe
 731 00a0 3A       		.uleb128 0x3a
 732 00a1 0B       		.uleb128 0xb
 733 00a2 3B       		.uleb128 0x3b
 734 00a3 0B       		.uleb128 0xb
 735 00a4 49       		.uleb128 0x49
 736 00a5 13       		.uleb128 0x13
 737 00a6 3F       		.uleb128 0x3f
 738 00a7 19       		.uleb128 0x19
ARM GAS  /tmp/cclJEHOb.s 			page 14


 739 00a8 02       		.uleb128 0x2
 740 00a9 18       		.uleb128 0x18
 741 00aa 00       		.byte	0
 742 00ab 00       		.byte	0
 743 00ac 00       		.byte	0
 744              		.section	.debug_aranges,"",%progbits
 745 0000 1C000000 		.4byte	0x1c
 746 0004 0200     		.2byte	0x2
 747 0006 00000000 		.4byte	.Ldebug_info0
 748 000a 04       		.byte	0x4
 749 000b 00       		.byte	0
 750 000c 0000     		.2byte	0
 751 000e 0000     		.2byte	0
 752 0010 00000000 		.4byte	.LFB7
 753 0014 02000000 		.4byte	.LFE7-.LFB7
 754 0018 00000000 		.4byte	0
 755 001c 00000000 		.4byte	0
 756              		.section	.debug_ranges,"",%progbits
 757              	.Ldebug_ranges0:
 758 0000 00000000 		.4byte	.LFB7
 759 0004 02000000 		.4byte	.LFE7
 760 0008 00000000 		.4byte	0
 761 000c 00000000 		.4byte	0
 762              		.section	.debug_line,"",%progbits
 763              	.Ldebug_line0:
 764 0000 3C010000 		.section	.debug_str,"MS",%progbits,1
 764      02002101 
 764      00000201 
 764      FB0E0D00 
 764      01010101 
 765              	.LASF24:
 766 0000 76656374 		.ascii	"vector24\000"
 766      6F723234 
 766      00
 767              	.LASF14:
 768 0009 6972715F 		.ascii	"irq_vector_t\000"
 768      76656374 
 768      6F725F74 
 768      00
 769              	.LASF28:
 770 0016 76656374 		.ascii	"vector34\000"
 770      6F723334 
 770      00
 771              	.LASF34:
 772 001f 5F766563 		.ascii	"_vectors\000"
 772      746F7273 
 772      00
 773              	.LASF15:
 774 0028 696E6974 		.ascii	"init_stack\000"
 774      5F737461 
 774      636B00
 775              	.LASF26:
 776 0033 73766361 		.ascii	"svcall_vector\000"
 776      6C6C5F76 
 776      6563746F 
 776      7200
 777              	.LASF2:
ARM GAS  /tmp/cclJEHOb.s 			page 15


 778 0041 756E7369 		.ascii	"unsigned char\000"
 778      676E6564 
 778      20636861 
 778      7200
 779              	.LASF6:
 780 004f 6C6F6E67 		.ascii	"long unsigned int\000"
 780      20756E73 
 780      69676E65 
 780      6420696E 
 780      7400
 781              	.LASF4:
 782 0061 73686F72 		.ascii	"short unsigned int\000"
 782      7420756E 
 782      7369676E 
 782      65642069 
 782      6E7400
 783              	.LASF35:
 784 0074 474E5520 		.ascii	"GNU C 4.9.3 20141119 (release) [ARM/embedded-4_9-br"
 784      4320342E 
 784      392E3320 
 784      32303134 
 784      31313139 
 785 00a7 616E6368 		.ascii	"anch revision 218278] -mcpu=cortex-m4 -mfloat-abi=h"
 785      20726576 
 785      6973696F 
 785      6E203231 
 785      38323738 
 786 00da 61726420 		.ascii	"ard -mfpu=fpv4-sp-d16 -mno-thumb-interwork -mthumb "
 786      2D6D6670 
 786      753D6670 
 786      76342D73 
 786      702D6431 
 787 010d 2D676764 		.ascii	"-ggdb -O0 -fomit-frame-pointer -falign-functions=16"
 787      62202D4F 
 787      30202D66 
 787      6F6D6974 
 787      2D667261 
 788 0140 202D6666 		.ascii	" -ffunction-sections -fdata-sections -fno-common -f"
 788      756E6374 
 788      696F6E2D 
 788      73656374 
 788      696F6E73 
 789 0173 73696E67 		.ascii	"single-precision-constant\000"
 789      6C652D70 
 789      72656369 
 789      73696F6E 
 789      2D636F6E 
 790              	.LASF22:
 791 018d 76656374 		.ascii	"vector1c\000"
 791      6F723163 
 791      00
 792              	.LASF30:
 793 0196 73797374 		.ascii	"systick_vector\000"
 793      69636B5F 
 793      76656374 
 793      6F7200
 794              	.LASF9:
ARM GAS  /tmp/cclJEHOb.s 			page 16


 795 01a5 5F5F7569 		.ascii	"__uint32_t\000"
 795      6E743332 
 795      5F7400
 796              	.LASF0:
 797 01b0 756E7369 		.ascii	"unsigned int\000"
 797      676E6564 
 797      20696E74 
 797      00
 798              	.LASF17:
 799 01bd 6E6D695F 		.ascii	"nmi_vector\000"
 799      76656374 
 799      6F7200
 800              	.LASF8:
 801 01c8 6C6F6E67 		.ascii	"long long unsigned int\000"
 801      206C6F6E 
 801      6720756E 
 801      7369676E 
 801      65642069 
 802              	.LASF20:
 803 01df 62757366 		.ascii	"busfault_vector\000"
 803      61756C74 
 803      5F766563 
 803      746F7200 
 804              	.LASF25:
 805 01ef 76656374 		.ascii	"vector28\000"
 805      6F723238 
 805      00
 806              	.LASF21:
 807 01f8 75736167 		.ascii	"usagefault_vector\000"
 807      65666175 
 807      6C745F76 
 807      6563746F 
 807      7200
 808              	.LASF32:
 809 020a 76656374 		.ascii	"vectors_t\000"
 809      6F72735F 
 809      7400
 810              	.LASF12:
 811 0214 73697A65 		.ascii	"sizetype\000"
 811      74797065 
 811      00
 812              	.LASF29:
 813 021d 70656E64 		.ascii	"pendsv_vector\000"
 813      73765F76 
 813      6563746F 
 813      7200
 814              	.LASF18:
 815 022b 68617264 		.ascii	"hardfault_vector\000"
 815      6661756C 
 815      745F7665 
 815      63746F72 
 815      00
 816              	.LASF7:
 817 023c 6C6F6E67 		.ascii	"long long int\000"
 817      206C6F6E 
 817      6720696E 
 817      7400
ARM GAS  /tmp/cclJEHOb.s 			page 17


 818              	.LASF13:
 819 024a 63686172 		.ascii	"char\000"
 819      00
 820              	.LASF19:
 821 024f 6D656D6D 		.ascii	"memmanage_vector\000"
 821      616E6167 
 821      655F7665 
 821      63746F72 
 821      00
 822              	.LASF37:
 823 0260 5F756E68 		.ascii	"_unhandled_exception\000"
 823      616E646C 
 823      65645F65 
 823      78636570 
 823      74696F6E 
 824              	.LASF31:
 825 0275 76656374 		.ascii	"vectors\000"
 825      6F727300 
 826              	.LASF3:
 827 027d 73686F72 		.ascii	"short int\000"
 827      7420696E 
 827      7400
 828              	.LASF16:
 829 0287 72657365 		.ascii	"reset_vector\000"
 829      745F7665 
 829      63746F72 
 829      00
 830              	.LASF10:
 831 0294 75696E74 		.ascii	"uint32_t\000"
 831      33325F74 
 831      00
 832              	.LASF5:
 833 029d 6C6F6E67 		.ascii	"long int\000"
 833      20696E74 
 833      00
 834              	.LASF36:
 835 02a6 2F686F6D 		.ascii	"/home/denny/r2p-sdk/core/ChibiOS/os/ports/GCC/ARMCM"
 835      652F6465 
 835      6E6E792F 
 835      7232702D 
 835      73646B2F 
 836 02d9 782F5354 		.ascii	"x/STM32F3xx/vectors.c\000"
 836      4D333246 
 836      3378782F 
 836      76656374 
 836      6F72732E 
 837              	.LASF1:
 838 02ef 7369676E 		.ascii	"signed char\000"
 838      65642063 
 838      68617200 
 839              	.LASF27:
 840 02fb 64656275 		.ascii	"debugmonitor_vector\000"
 840      676D6F6E 
 840      69746F72 
 840      5F766563 
 840      746F7200 
 841              	.LASF23:
ARM GAS  /tmp/cclJEHOb.s 			page 18


 842 030f 76656374 		.ascii	"vector20\000"
 842      6F723230 
 842      00
 843              	.LASF11:
 844 0318 5F426F6F 		.ascii	"_Bool\000"
 844      6C00
 845              	.LASF33:
 846 031e 5F5F6D61 		.ascii	"__main_stack_end__\000"
 846      696E5F73 
 846      7461636B 
 846      5F656E64 
 846      5F5F00
 847              		.ident	"GCC: (GNU Tools for ARM Embedded Processors) 4.9.3 20141119 (release) [ARM/embedded-4_9-br
ARM GAS  /tmp/cclJEHOb.s 			page 19


DEFINED SYMBOLS
                            *ABS*:00000000 vectors.c
     /tmp/cclJEHOb.s:25     vectors:00000000 _vectors
     /tmp/cclJEHOb.s:22     vectors:00000000 $d
     /tmp/cclJEHOb.s:131    .text._unhandled_exception:00000000 NMIVector
     /tmp/cclJEHOb.s:131    .text._unhandled_exception:00000000 HardFaultVector
     /tmp/cclJEHOb.s:131    .text._unhandled_exception:00000000 MemManageVector
     /tmp/cclJEHOb.s:131    .text._unhandled_exception:00000000 BusFaultVector
     /tmp/cclJEHOb.s:131    .text._unhandled_exception:00000000 UsageFaultVector
     /tmp/cclJEHOb.s:131    .text._unhandled_exception:00000000 Vector1C
     /tmp/cclJEHOb.s:131    .text._unhandled_exception:00000000 Vector20
     /tmp/cclJEHOb.s:131    .text._unhandled_exception:00000000 Vector24
     /tmp/cclJEHOb.s:131    .text._unhandled_exception:00000000 Vector28
     /tmp/cclJEHOb.s:131    .text._unhandled_exception:00000000 SVCallVector
     /tmp/cclJEHOb.s:131    .text._unhandled_exception:00000000 DebugMonitorVector
     /tmp/cclJEHOb.s:131    .text._unhandled_exception:00000000 Vector34
     /tmp/cclJEHOb.s:131    .text._unhandled_exception:00000000 PendSVVector
     /tmp/cclJEHOb.s:131    .text._unhandled_exception:00000000 SysTickVector
     /tmp/cclJEHOb.s:131    .text._unhandled_exception:00000000 Vector40
     /tmp/cclJEHOb.s:131    .text._unhandled_exception:00000000 Vector44
     /tmp/cclJEHOb.s:131    .text._unhandled_exception:00000000 Vector48
     /tmp/cclJEHOb.s:131    .text._unhandled_exception:00000000 Vector4C
     /tmp/cclJEHOb.s:131    .text._unhandled_exception:00000000 Vector50
     /tmp/cclJEHOb.s:131    .text._unhandled_exception:00000000 Vector54
     /tmp/cclJEHOb.s:131    .text._unhandled_exception:00000000 Vector58
     /tmp/cclJEHOb.s:131    .text._unhandled_exception:00000000 Vector5C
     /tmp/cclJEHOb.s:131    .text._unhandled_exception:00000000 Vector60
     /tmp/cclJEHOb.s:131    .text._unhandled_exception:00000000 Vector64
     /tmp/cclJEHOb.s:131    .text._unhandled_exception:00000000 Vector68
     /tmp/cclJEHOb.s:131    .text._unhandled_exception:00000000 Vector6C
     /tmp/cclJEHOb.s:131    .text._unhandled_exception:00000000 Vector70
     /tmp/cclJEHOb.s:131    .text._unhandled_exception:00000000 Vector74
     /tmp/cclJEHOb.s:131    .text._unhandled_exception:00000000 Vector78
     /tmp/cclJEHOb.s:131    .text._unhandled_exception:00000000 Vector7C
     /tmp/cclJEHOb.s:131    .text._unhandled_exception:00000000 Vector80
     /tmp/cclJEHOb.s:131    .text._unhandled_exception:00000000 Vector84
     /tmp/cclJEHOb.s:131    .text._unhandled_exception:00000000 Vector88
     /tmp/cclJEHOb.s:131    .text._unhandled_exception:00000000 Vector8C
     /tmp/cclJEHOb.s:131    .text._unhandled_exception:00000000 Vector90
     /tmp/cclJEHOb.s:131    .text._unhandled_exception:00000000 Vector94
     /tmp/cclJEHOb.s:131    .text._unhandled_exception:00000000 Vector98
     /tmp/cclJEHOb.s:131    .text._unhandled_exception:00000000 Vector9C
     /tmp/cclJEHOb.s:131    .text._unhandled_exception:00000000 VectorA0
     /tmp/cclJEHOb.s:131    .text._unhandled_exception:00000000 VectorA4
     /tmp/cclJEHOb.s:131    .text._unhandled_exception:00000000 VectorA8
     /tmp/cclJEHOb.s:131    .text._unhandled_exception:00000000 VectorAC
     /tmp/cclJEHOb.s:131    .text._unhandled_exception:00000000 VectorB0
     /tmp/cclJEHOb.s:131    .text._unhandled_exception:00000000 VectorB4
     /tmp/cclJEHOb.s:131    .text._unhandled_exception:00000000 VectorB8
     /tmp/cclJEHOb.s:131    .text._unhandled_exception:00000000 VectorBC
     /tmp/cclJEHOb.s:131    .text._unhandled_exception:00000000 VectorC0
     /tmp/cclJEHOb.s:131    .text._unhandled_exception:00000000 VectorC4
     /tmp/cclJEHOb.s:131    .text._unhandled_exception:00000000 VectorC8
     /tmp/cclJEHOb.s:131    .text._unhandled_exception:00000000 VectorCC
     /tmp/cclJEHOb.s:131    .text._unhandled_exception:00000000 VectorD0
     /tmp/cclJEHOb.s:131    .text._unhandled_exception:00000000 VectorD4
     /tmp/cclJEHOb.s:131    .text._unhandled_exception:00000000 VectorD8
ARM GAS  /tmp/cclJEHOb.s 			page 20


     /tmp/cclJEHOb.s:131    .text._unhandled_exception:00000000 VectorDC
     /tmp/cclJEHOb.s:131    .text._unhandled_exception:00000000 VectorE0
     /tmp/cclJEHOb.s:131    .text._unhandled_exception:00000000 VectorE4
     /tmp/cclJEHOb.s:131    .text._unhandled_exception:00000000 VectorE8
     /tmp/cclJEHOb.s:131    .text._unhandled_exception:00000000 VectorEC
     /tmp/cclJEHOb.s:131    .text._unhandled_exception:00000000 VectorF0
     /tmp/cclJEHOb.s:131    .text._unhandled_exception:00000000 VectorF4
     /tmp/cclJEHOb.s:131    .text._unhandled_exception:00000000 VectorF8
     /tmp/cclJEHOb.s:131    .text._unhandled_exception:00000000 VectorFC
     /tmp/cclJEHOb.s:131    .text._unhandled_exception:00000000 Vector100
     /tmp/cclJEHOb.s:131    .text._unhandled_exception:00000000 Vector104
     /tmp/cclJEHOb.s:131    .text._unhandled_exception:00000000 Vector108
     /tmp/cclJEHOb.s:131    .text._unhandled_exception:00000000 Vector10C
     /tmp/cclJEHOb.s:131    .text._unhandled_exception:00000000 Vector110
     /tmp/cclJEHOb.s:131    .text._unhandled_exception:00000000 Vector114
     /tmp/cclJEHOb.s:131    .text._unhandled_exception:00000000 Vector118
     /tmp/cclJEHOb.s:131    .text._unhandled_exception:00000000 Vector11C
     /tmp/cclJEHOb.s:131    .text._unhandled_exception:00000000 Vector120
     /tmp/cclJEHOb.s:131    .text._unhandled_exception:00000000 Vector124
     /tmp/cclJEHOb.s:131    .text._unhandled_exception:00000000 Vector128
     /tmp/cclJEHOb.s:131    .text._unhandled_exception:00000000 Vector12C
     /tmp/cclJEHOb.s:131    .text._unhandled_exception:00000000 Vector130
     /tmp/cclJEHOb.s:131    .text._unhandled_exception:00000000 Vector134
     /tmp/cclJEHOb.s:131    .text._unhandled_exception:00000000 Vector138
     /tmp/cclJEHOb.s:131    .text._unhandled_exception:00000000 Vector13C
     /tmp/cclJEHOb.s:131    .text._unhandled_exception:00000000 Vector140
     /tmp/cclJEHOb.s:131    .text._unhandled_exception:00000000 Vector144
     /tmp/cclJEHOb.s:131    .text._unhandled_exception:00000000 Vector148
     /tmp/cclJEHOb.s:131    .text._unhandled_exception:00000000 Vector14C
     /tmp/cclJEHOb.s:131    .text._unhandled_exception:00000000 Vector150
     /tmp/cclJEHOb.s:131    .text._unhandled_exception:00000000 Vector154
     /tmp/cclJEHOb.s:131    .text._unhandled_exception:00000000 Vector158
     /tmp/cclJEHOb.s:131    .text._unhandled_exception:00000000 Vector15C
     /tmp/cclJEHOb.s:131    .text._unhandled_exception:00000000 Vector160
     /tmp/cclJEHOb.s:131    .text._unhandled_exception:00000000 Vector164
     /tmp/cclJEHOb.s:131    .text._unhandled_exception:00000000 Vector168
     /tmp/cclJEHOb.s:131    .text._unhandled_exception:00000000 Vector16C
     /tmp/cclJEHOb.s:131    .text._unhandled_exception:00000000 Vector170
     /tmp/cclJEHOb.s:131    .text._unhandled_exception:00000000 Vector174
     /tmp/cclJEHOb.s:131    .text._unhandled_exception:00000000 Vector178
     /tmp/cclJEHOb.s:131    .text._unhandled_exception:00000000 Vector17C
     /tmp/cclJEHOb.s:131    .text._unhandled_exception:00000000 Vector180
     /tmp/cclJEHOb.s:131    .text._unhandled_exception:00000000 Vector184
     /tmp/cclJEHOb.s:125    .text._unhandled_exception:00000000 $t
     /tmp/cclJEHOb.s:131    .text._unhandled_exception:00000000 _unhandled_exception
                     .debug_frame:00000010 $d

UNDEFINED SYMBOLS
__main_stack_end__
ResetHandler
