ARM GAS  /tmp/ccodmWjC.s 			page 1


   1              		.syntax unified
   2              		.cpu cortex-m4
   3              		.eabi_attribute 27, 3
   4              		.eabi_attribute 28, 1
   5              		.fpu fpv4-sp-d16
   6              		.eabi_attribute 20, 1
   7              		.eabi_attribute 21, 1
   8              		.eabi_attribute 23, 3
   9              		.eabi_attribute 24, 1
  10              		.eabi_attribute 25, 1
  11              		.eabi_attribute 26, 1
  12              		.eabi_attribute 30, 6
  13              		.eabi_attribute 34, 1
  14              		.eabi_attribute 18, 4
  15              		.thumb
  16              		.file	"chcore_v7m.c"
  17              		.text
  18              	.Ltext0:
  19              		.cfi_sections	.debug_frame
  20              		.section	.text.SysTickVector,"ax",%progbits
  21              		.align	2
  22              		.p2align 4,,15
  23              		.global	SysTickVector
  24              		.thumb
  25              		.thumb_func
  26              		.type	SysTickVector, %function
  27              	SysTickVector:
  28              	.LFB7:
  29              		.file 1 "/home/denny/r2p-sdk/core/ChibiOS/os/ports/GCC/ARMCMx/chcore_v7m.c"
  30              		.loc 1 47 0
  31              		.cfi_startproc
  32              		@ args = 0, pretend = 0, frame = 0
  33              		@ frame_needed = 0, uses_anonymous_args = 0
  34 0000 08B5     		push	{r3, lr}
  35              		.cfi_def_cfa_offset 8
  36              		.cfi_offset 3, -8
  37              		.cfi_offset 14, -4
  38              		.loc 1 49 0
  39 0002 FFF7FEFF 		bl	dbg_check_enter_isr
  40              	.LBB2:
  41              		.loc 1 51 0
  42 0006 2023     		movs	r3, #32
  43              	@ 51 "/home/denny/r2p-sdk/core/ChibiOS/os/ports/GCC/ARMCMx/chcore_v7m.c" 1
  44 0008 83F31188 		msr     BASEPRI, r3
  45              	@ 0 "" 2
  46              		.thumb
  47              	.LBE2:
  48 000c FFF7FEFF 		bl	dbg_check_lock_from_isr
  49              		.loc 1 52 0
  50 0010 FFF7FEFF 		bl	chSysTimerHandlerI
  51              		.loc 1 53 0
  52 0014 FFF7FEFF 		bl	dbg_check_unlock_from_isr
  53              	.LBB3:
  54 0018 0023     		movs	r3, #0
  55              	@ 53 "/home/denny/r2p-sdk/core/ChibiOS/os/ports/GCC/ARMCMx/chcore_v7m.c" 1
  56 001a 83F31188 		msr     BASEPRI, r3
  57              	@ 0 "" 2
ARM GAS  /tmp/ccodmWjC.s 			page 2


  58              		.thumb
  59              	.LBE3:
  60              		.loc 1 55 0
  61 001e FFF7FEFF 		bl	dbg_check_leave_isr
  62 0022 FFF7FEFF 		bl	_port_irq_epilogue
  63              		.loc 1 56 0
  64 0026 08BD     		pop	{r3, pc}
  65              		.cfi_endproc
  66              	.LFE7:
  67              		.size	SysTickVector, .-SysTickVector
  68 0028 AFF30080 		.section	.text.SVCallVector,"ax",%progbits
  68      AFF30080 
  69              		.align	2
  70              		.p2align 4,,15
  71              		.global	SVCallVector
  72              		.thumb
  73              		.thumb_func
  74              		.type	SVCallVector, %function
  75              	SVCallVector:
  76              	.LFB8:
  77              		.loc 1 65 0
  78              		.cfi_startproc
  79              		@ args = 0, pretend = 0, frame = 8
  80              		@ frame_needed = 0, uses_anonymous_args = 0
  81              		@ link register save eliminated.
  82 0000 82B0     		sub	sp, sp, #8
  83              		.cfi_def_cfa_offset 8
  84              		.loc 1 70 0
  85 0002 0A4A     		ldr	r2, .L3
  86 0004 094B     		ldr	r3, .L3
  87 0006 5B68     		ldr	r3, [r3, #4]
  88 0008 23F00103 		bic	r3, r3, #1
  89 000c 5360     		str	r3, [r2, #4]
  90              		.loc 1 74 0
  91              	@ 74 "/home/denny/r2p-sdk/core/ChibiOS/os/ports/GCC/ARMCMx/chcore_v7m.c" 1
  92 000e EFF30983 		mrs     r3, PSP
  93              	@ 0 "" 2
  94              		.thumb
  95 0012 0193     		str	r3, [sp, #4]
  96              		.loc 1 78 0
  97 0014 019B     		ldr	r3, [sp, #4]
  98 0016 6833     		adds	r3, r3, #104
  99 0018 0193     		str	r3, [sp, #4]
 100              		.loc 1 81 0
 101 001a 019B     		ldr	r3, [sp, #4]
 102              	@ 81 "/home/denny/r2p-sdk/core/ChibiOS/os/ports/GCC/ARMCMx/chcore_v7m.c" 1
 103 001c 83F30988 		msr     PSP, r3
 104              	@ 0 "" 2
 105              		.thumb
 106              	.LBB4:
 107              		.loc 1 82 0
 108 0020 0023     		movs	r3, #0
 109              	@ 82 "/home/denny/r2p-sdk/core/ChibiOS/os/ports/GCC/ARMCMx/chcore_v7m.c" 1
 110 0022 83F31188 		msr     BASEPRI, r3
 111              	@ 0 "" 2
 112              		.thumb
 113              	.LBE4:
ARM GAS  /tmp/ccodmWjC.s 			page 3


 114              		.loc 1 83 0
 115 0026 02B0     		add	sp, sp, #8
 116              		.cfi_def_cfa_offset 0
 117              		@ sp needed
 118 0028 7047     		bx	lr
 119              	.L4:
 120 002a 00BF     		.align	2
 121              	.L3:
 122 002c 30EF00E0 		.word	-536809680
 123              		.cfi_endproc
 124              	.LFE8:
 125              		.size	SVCallVector, .-SVCallVector
 126              		.section	.text._port_init,"ax",%progbits
 127              		.align	2
 128              		.p2align 4,,15
 129              		.global	_port_init
 130              		.thumb
 131              		.thumb_func
 132              		.type	_port_init, %function
 133              	_port_init:
 134              	.LFB9:
 135              		.loc 1 120 0
 136              		.cfi_startproc
 137              		@ args = 0, pretend = 0, frame = 0
 138              		@ frame_needed = 0, uses_anonymous_args = 0
 139 0000 08B5     		push	{r3, lr}
 140              		.cfi_def_cfa_offset 8
 141              		.cfi_offset 3, -8
 142              		.cfi_offset 14, -4
 143              		.loc 1 123 0
 144 0002 094B     		ldr	r3, .L6
 145 0004 0022     		movs	r2, #0
 146 0006 9A60     		str	r2, [r3, #8]
 147              		.loc 1 124 0
 148 0008 074B     		ldr	r3, .L6
 149 000a 084A     		ldr	r2, .L6+4
 150 000c DA60     		str	r2, [r3, #12]
 151              		.loc 1 127 0
 152 000e 0720     		movs	r0, #7
 153 0010 1021     		movs	r1, #16
 154 0012 FFF7FEFF 		bl	nvicSetSystemHandlerPriority
 155              		.loc 1 129 0
 156 0016 0A20     		movs	r0, #10
 157 0018 2021     		movs	r1, #32
 158 001a FFF7FEFF 		bl	nvicSetSystemHandlerPriority
 159              		.loc 1 131 0
 160 001e 0B20     		movs	r0, #11
 161 0020 8021     		movs	r1, #128
 162 0022 FFF7FEFF 		bl	nvicSetSystemHandlerPriority
 163              		.loc 1 133 0
 164 0026 08BD     		pop	{r3, pc}
 165              	.L7:
 166              		.align	2
 167              	.L6:
 168 0028 00ED00E0 		.word	-536810240
 169 002c 0003FA05 		.word	100270848
 170              		.cfi_endproc
ARM GAS  /tmp/ccodmWjC.s 			page 4


 171              	.LFE9:
 172              		.size	_port_init, .-_port_init
 173              		.section	.text._port_irq_epilogue,"ax",%progbits
 174              		.align	2
 175              		.p2align 4,,15
 176              		.global	_port_irq_epilogue
 177              		.thumb
 178              		.thumb_func
 179              		.type	_port_irq_epilogue, %function
 180              	_port_irq_epilogue:
 181              	.LFB10:
 182              		.loc 1 150 0
 183              		.cfi_startproc
 184              		@ args = 0, pretend = 0, frame = 8
 185              		@ frame_needed = 0, uses_anonymous_args = 0
 186              		@ link register save eliminated.
 187 0000 82B0     		sub	sp, sp, #8
 188              		.cfi_def_cfa_offset 8
 189              	.LBB5:
 190              		.loc 1 152 0
 191 0002 2023     		movs	r3, #32
 192              	@ 152 "/home/denny/r2p-sdk/core/ChibiOS/os/ports/GCC/ARMCMx/chcore_v7m.c" 1
 193 0004 83F31188 		msr     BASEPRI, r3
 194              	@ 0 "" 2
 195              		.thumb
 196              	.LBE5:
 197              		.loc 1 153 0
 198 0008 204B     		ldr	r3, .L15
 199 000a 5B68     		ldr	r3, [r3, #4]
 200 000c 03F40063 		and	r3, r3, #2048
 201 0010 002B     		cmp	r3, #0
 202 0012 35D0     		beq	.L9
 203              	.LBB6:
 204              		.loc 1 159 0
 205              	@ 159 "/home/denny/r2p-sdk/core/ChibiOS/os/ports/GCC/ARMCMx/chcore_v7m.c" 1
 206 0014 F1EE10FA 		vmrs    APSR_nzcv, FPSCR
 207              	@ 0 "" 2
 208              		.loc 1 163 0
 209              	@ 163 "/home/denny/r2p-sdk/core/ChibiOS/os/ports/GCC/ARMCMx/chcore_v7m.c" 1
 210 0018 EFF30983 		mrs     r3, PSP
 211              	@ 0 "" 2
 212              		.thumb
 213 001c 0193     		str	r3, [sp, #4]
 214              		.loc 1 167 0
 215 001e 019B     		ldr	r3, [sp, #4]
 216 0020 683B     		subs	r3, r3, #104
 217 0022 0193     		str	r3, [sp, #4]
 218              		.loc 1 168 0
 219 0024 019B     		ldr	r3, [sp, #4]
 220 0026 4FF08072 		mov	r2, #16777216
 221 002a DA61     		str	r2, [r3, #28]
 222              		.loc 1 169 0
 223 002c 019B     		ldr	r3, [sp, #4]
 224              	@ 169 "/home/denny/r2p-sdk/core/ChibiOS/os/ports/GCC/ARMCMx/chcore_v7m.c" 1
 225 002e 83F30988 		msr     PSP, r3
 226              	@ 0 "" 2
 227              		.loc 1 173 0
ARM GAS  /tmp/ccodmWjC.s 			page 5


 228              		.thumb
 229 0032 174B     		ldr	r3, .L15+4
 230 0034 9B69     		ldr	r3, [r3, #24]
 231 0036 93F82330 		ldrb	r3, [r3, #35]	@ zero_extendqisi2
 232 003a 002B     		cmp	r3, #0
 233 003c 0BD0     		beq	.L10
 234              		.loc 1 173 0 is_stmt 0 discriminator 1
 235 003e 144B     		ldr	r3, .L15+4
 236 0040 1B68     		ldr	r3, [r3]
 237 0042 9A68     		ldr	r2, [r3, #8]
 238 0044 124B     		ldr	r3, .L15+4
 239 0046 9B69     		ldr	r3, [r3, #24]
 240 0048 9B68     		ldr	r3, [r3, #8]
 241 004a 9A42     		cmp	r2, r3
 242 004c 8CBF     		ite	hi
 243 004e 0123     		movhi	r3, #1
 244 0050 0023     		movls	r3, #0
 245 0052 DBB2     		uxtb	r3, r3
 246 0054 0AE0     		b	.L11
 247              	.L10:
 248              		.loc 1 173 0 discriminator 2
 249 0056 0E4B     		ldr	r3, .L15+4
 250 0058 1B68     		ldr	r3, [r3]
 251 005a 9A68     		ldr	r2, [r3, #8]
 252 005c 0C4B     		ldr	r3, .L15+4
 253 005e 9B69     		ldr	r3, [r3, #24]
 254 0060 9B68     		ldr	r3, [r3, #8]
 255 0062 9A42     		cmp	r2, r3
 256 0064 2CBF     		ite	cs
 257 0066 0123     		movcs	r3, #1
 258 0068 0023     		movcc	r3, #0
 259 006a DBB2     		uxtb	r3, r3
 260              	.L11:
 261              		.loc 1 173 0 discriminator 4
 262 006c 002B     		cmp	r3, #0
 263 006e 03D0     		beq	.L12
 264              		.loc 1 175 0 is_stmt 1
 265 0070 019B     		ldr	r3, [sp, #4]
 266 0072 084A     		ldr	r2, .L15+8
 267 0074 9A61     		str	r2, [r3, #24]
 268              		.loc 1 185 0
 269 0076 06E0     		b	.L8
 270              	.L12:
 271              		.loc 1 180 0
 272 0078 019B     		ldr	r3, [sp, #4]
 273 007a 074A     		ldr	r2, .L15+12
 274 007c 9A61     		str	r2, [r3, #24]
 275              		.loc 1 185 0
 276 007e 02E0     		b	.L8
 277              	.L9:
 278              	.LBE6:
 279              	.LBB7:
 280              		.loc 1 187 0
 281 0080 0023     		movs	r3, #0
 282              	@ 187 "/home/denny/r2p-sdk/core/ChibiOS/os/ports/GCC/ARMCMx/chcore_v7m.c" 1
 283 0082 83F31188 		msr     BASEPRI, r3
 284              	@ 0 "" 2
ARM GAS  /tmp/ccodmWjC.s 			page 6


 285              		.thumb
 286              	.L8:
 287              	.LBE7:
 288              		.loc 1 188 0
 289 0086 02B0     		add	sp, sp, #8
 290              		.cfi_def_cfa_offset 0
 291              		@ sp needed
 292 0088 7047     		bx	lr
 293              	.L16:
 294 008a 00BF     		.align	2
 295              	.L15:
 296 008c 00ED00E0 		.word	-536810240
 297 0090 00000000 		.word	rlist
 298 0094 00000000 		.word	_port_switch_from_isr
 299 0098 0C000000 		.word	_port_exit_from_isr
 300              		.cfi_endproc
 301              	.LFE10:
 302              		.size	_port_irq_epilogue, .-_port_irq_epilogue
 303 009c AFF30080 		.section	.text._port_switch_from_isr,"ax",%progbits
 304              		.align	2
 305              		.p2align 4,,15
 306              		.global	_port_switch_from_isr
 307              		.thumb
 308              		.thumb_func
 309              		.type	_port_switch_from_isr, %function
 310              	_port_switch_from_isr:
 311              	.LFB11:
 312              		.loc 1 197 0
 313              		.cfi_startproc
 314              		@ Naked Function: prologue and epilogue provided by programmer.
 315              		@ args = 0, pretend = 0, frame = 0
 316              		@ frame_needed = 0, uses_anonymous_args = 0
 317              		.loc 1 199 0
 318 0000 FFF7FEFF 		bl	dbg_check_lock
 319              		.loc 1 200 0
 320 0004 FFF7FEFF 		bl	chSchDoReschedule
 321              		.loc 1 201 0
 322 0008 FFF7FEFF 		bl	dbg_check_unlock
 323              		.loc 1 202 0
 324              	@ 202 "/home/denny/r2p-sdk/core/ChibiOS/os/ports/GCC/ARMCMx/chcore_v7m.c" 1
 325              		_port_exit_from_isr:
 326              	@ 0 "" 2
 327              		.loc 1 204 0
 328              	@ 204 "/home/denny/r2p-sdk/core/ChibiOS/os/ports/GCC/ARMCMx/chcore_v7m.c" 1
 329 000c 00DF     		svc     #0
 330              	@ 0 "" 2
 331              		.loc 1 211 0
 332              		.thumb
 333              		.cfi_endproc
 334              	.LFE11:
 335              		.size	_port_switch_from_isr, .-_port_switch_from_isr
 336 000e 00BF     		.section	.text._port_switch,"ax",%progbits
 337              		.align	2
 338              		.p2align 4,,15
 339              		.global	_port_switch
 340              		.thumb
 341              		.thumb_func
ARM GAS  /tmp/ccodmWjC.s 			page 7


 342              		.type	_port_switch, %function
 343              	_port_switch:
 344              	.LFB12:
 345              		.loc 1 226 0
 346              		.cfi_startproc
 347              		@ Naked Function: prologue and epilogue provided by programmer.
 348              		@ args = 0, pretend = 0, frame = 0
 349              		@ frame_needed = 0, uses_anonymous_args = 0
 350 0000 0346     		mov	r3, r0
 351 0002 0A46     		mov	r2, r1
 352              		.loc 1 228 0
 353              	@ 228 "/home/denny/r2p-sdk/core/ChibiOS/os/ports/GCC/ARMCMx/chcore_v7m.c" 1
 354 0004 2DE9F04F 		push    {r4, r5, r6, r7, r8, r9, r10, r11, lr}
 355              	@ 0 "" 2
 356              		.loc 1 231 0
 357              	@ 231 "/home/denny/r2p-sdk/core/ChibiOS/os/ports/GCC/ARMCMx/chcore_v7m.c" 1
 358 0008 2DED108A 		vpush   {s16-s31}
 359              	@ 0 "" 2
 360              		.loc 1 234 0
 361              	@ 234 "/home/denny/r2p-sdk/core/ChibiOS/os/ports/GCC/ARMCMx/chcore_v7m.c" 1
 362 000c C2F80CD0 		str     sp, [r2, #12]                          
 363 0010 D3F80CD0 		ldr     sp, [r3, #12]
 364              	@ 0 "" 2
 365              		.loc 1 238 0
 366              	@ 238 "/home/denny/r2p-sdk/core/ChibiOS/os/ports/GCC/ARMCMx/chcore_v7m.c" 1
 367 0014 BDEC108A 		vpop    {s16-s31}
 368              	@ 0 "" 2
 369              		.loc 1 240 0
 370              	@ 240 "/home/denny/r2p-sdk/core/ChibiOS/os/ports/GCC/ARMCMx/chcore_v7m.c" 1
 371 0018 BDE8F08F 		pop     {r4, r5, r6, r7, r8, r9, r10, r11, pc}
 372              	@ 0 "" 2
 373              		.loc 1 242 0
 374              		.thumb
 375              		.cfi_endproc
 376              	.LFE12:
 377              		.size	_port_switch, .-_port_switch
 378 001c AFF30080 		.section	.text._port_thread_start,"ax",%progbits
 379              		.align	2
 380              		.p2align 4,,15
 381              		.global	_port_thread_start
 382              		.thumb
 383              		.thumb_func
 384              		.type	_port_thread_start, %function
 385              	_port_thread_start:
 386              	.LFB13:
 387              		.loc 1 249 0
 388              		.cfi_startproc
 389              		@ args = 0, pretend = 0, frame = 0
 390              		@ frame_needed = 0, uses_anonymous_args = 0
 391 0000 08B5     		push	{r3, lr}
 392              		.cfi_def_cfa_offset 8
 393              		.cfi_offset 3, -8
 394              		.cfi_offset 14, -4
 395              		.loc 1 251 0
 396 0002 FFF7FEFF 		bl	dbg_check_unlock
 397              	.LBB8:
 398 0006 0023     		movs	r3, #0
ARM GAS  /tmp/ccodmWjC.s 			page 8


 399              	@ 251 "/home/denny/r2p-sdk/core/ChibiOS/os/ports/GCC/ARMCMx/chcore_v7m.c" 1
 400 0008 83F31188 		msr     BASEPRI, r3
 401              	@ 0 "" 2
 402              		.thumb
 403              	.LBE8:
 404              		.loc 1 252 0
 405              	@ 252 "/home/denny/r2p-sdk/core/ChibiOS/os/ports/GCC/ARMCMx/chcore_v7m.c" 1
 406 000c 2846     		mov     r0, r5                                 
 407 000e A047     		blx     r4                                     
 408 0010 FFF7FEFF 		bl      chThdExit
 409              	@ 0 "" 2
 410              		.loc 1 255 0
 411              		.thumb
 412 0014 08BD     		pop	{r3, pc}
 413              		.cfi_endproc
 414              	.LFE13:
 415              		.size	_port_thread_start, .-_port_thread_start
 416 0016 00BFAFF3 		.text
 416      0080AFF3 
 416      0080
 417              	.Letext0:
 418              		.file 2 "/home/denny/r2p-sdk/tools/gcc-arm-none-eabi-4_9-2014q4/arm-none-eabi/include/machine/_def
 419              		.file 3 "/home/denny/r2p-sdk/tools/gcc-arm-none-eabi-4_9-2014q4/arm-none-eabi/include/stdint.h"
 420              		.file 4 "/home/denny/r2p-sdk/core/ChibiOS/os/ports/GCC/ARMCMx/chtypes.h"
 421              		.file 5 "/home/denny/r2p-sdk/core/ChibiOS/os/kernel/include/chlists.h"
 422              		.file 6 "/home/denny/r2p-sdk/core/ChibiOS/os/kernel/include/chthreads.h"
 423              		.file 7 "/home/denny/r2p-sdk/core/ChibiOS/os/ports/GCC/ARMCMx/chcore_v7m.h"
 424              		.file 8 "/home/denny/r2p-sdk/core/ChibiOS/os/ports/common/ARMCMx/nvic.h"
 425              		.file 9 "/home/denny/r2p-sdk/core/ChibiOS/os/kernel/include/chschd.h"
 426              		.file 10 "/home/denny/r2p-sdk/core/ChibiOS/os/kernel/include/chmtx.h"
 427              		.section	.debug_info,"",%progbits
 428              	.Ldebug_info0:
 429 0000 A3090000 		.4byte	0x9a3
 430 0004 0400     		.2byte	0x4
 431 0006 00000000 		.4byte	.Ldebug_abbrev0
 432 000a 04       		.byte	0x4
 433 000b 01       		.uleb128 0x1
 434 000c E2030000 		.4byte	.LASF106
 435 0010 01       		.byte	0x1
 436 0011 0C030000 		.4byte	.LASF107
 437 0015 00000000 		.4byte	.Ldebug_ranges0+0
 438 0019 00000000 		.4byte	0
 439 001d 00000000 		.4byte	.Ldebug_line0
 440 0021 02       		.uleb128 0x2
 441 0022 04       		.byte	0x4
 442 0023 05       		.byte	0x5
 443 0024 696E7400 		.ascii	"int\000"
 444 0028 03       		.uleb128 0x3
 445 0029 04       		.byte	0x4
 446 002a 07       		.byte	0x7
 447 002b F7000000 		.4byte	.LASF0
 448 002f 03       		.uleb128 0x3
 449 0030 01       		.byte	0x1
 450 0031 06       		.byte	0x6
 451 0032 6F000000 		.4byte	.LASF1
 452 0036 04       		.uleb128 0x4
 453 0037 1D000000 		.4byte	.LASF5
ARM GAS  /tmp/ccodmWjC.s 			page 9


 454 003b 02       		.byte	0x2
 455 003c 1D       		.byte	0x1d
 456 003d 41000000 		.4byte	0x41
 457 0041 03       		.uleb128 0x3
 458 0042 01       		.byte	0x1
 459 0043 08       		.byte	0x8
 460 0044 64020000 		.4byte	.LASF2
 461 0048 03       		.uleb128 0x3
 462 0049 02       		.byte	0x2
 463 004a 05       		.byte	0x5
 464 004b 82020000 		.4byte	.LASF3
 465 004f 03       		.uleb128 0x3
 466 0050 02       		.byte	0x2
 467 0051 07       		.byte	0x7
 468 0052 54010000 		.4byte	.LASF4
 469 0056 04       		.uleb128 0x4
 470 0057 6A030000 		.4byte	.LASF6
 471 005b 02       		.byte	0x2
 472 005c 3F       		.byte	0x3f
 473 005d 61000000 		.4byte	0x61
 474 0061 03       		.uleb128 0x3
 475 0062 04       		.byte	0x4
 476 0063 05       		.byte	0x5
 477 0064 95000000 		.4byte	.LASF7
 478 0068 04       		.uleb128 0x4
 479 0069 CF000000 		.4byte	.LASF8
 480 006d 02       		.byte	0x2
 481 006e 41       		.byte	0x41
 482 006f 73000000 		.4byte	0x73
 483 0073 03       		.uleb128 0x3
 484 0074 04       		.byte	0x4
 485 0075 07       		.byte	0x7
 486 0076 1F010000 		.4byte	.LASF9
 487 007a 03       		.uleb128 0x3
 488 007b 08       		.byte	0x8
 489 007c 05       		.byte	0x5
 490 007d 61000000 		.4byte	.LASF10
 491 0081 04       		.uleb128 0x4
 492 0082 23020000 		.4byte	.LASF11
 493 0086 02       		.byte	0x2
 494 0087 5B       		.byte	0x5b
 495 0088 8C000000 		.4byte	0x8c
 496 008c 03       		.uleb128 0x3
 497 008d 08       		.byte	0x8
 498 008e 07       		.byte	0x7
 499 008f 3D000000 		.4byte	.LASF12
 500 0093 04       		.uleb128 0x4
 501 0094 AE030000 		.4byte	.LASF13
 502 0098 03       		.byte	0x3
 503 0099 15       		.byte	0x15
 504 009a 36000000 		.4byte	0x36
 505 009e 04       		.uleb128 0x4
 506 009f 5C020000 		.4byte	.LASF14
 507 00a3 03       		.byte	0x3
 508 00a4 2C       		.byte	0x2c
 509 00a5 56000000 		.4byte	0x56
 510 00a9 04       		.uleb128 0x4
ARM GAS  /tmp/ccodmWjC.s 			page 10


 511 00aa E6020000 		.4byte	.LASF15
 512 00ae 03       		.byte	0x3
 513 00af 2D       		.byte	0x2d
 514 00b0 68000000 		.4byte	0x68
 515 00b4 04       		.uleb128 0x4
 516 00b5 14000000 		.4byte	.LASF16
 517 00b9 03       		.byte	0x3
 518 00ba 39       		.byte	0x39
 519 00bb 81000000 		.4byte	0x81
 520 00bf 03       		.uleb128 0x3
 521 00c0 01       		.byte	0x1
 522 00c1 02       		.byte	0x2
 523 00c2 56020000 		.4byte	.LASF17
 524 00c6 04       		.uleb128 0x4
 525 00c7 9E010000 		.4byte	.LASF18
 526 00cb 04       		.byte	0x4
 527 00cc 2C       		.byte	0x2c
 528 00cd 93000000 		.4byte	0x93
 529 00d1 04       		.uleb128 0x4
 530 00d2 AB000000 		.4byte	.LASF19
 531 00d6 04       		.byte	0x4
 532 00d7 2D       		.byte	0x2d
 533 00d8 93000000 		.4byte	0x93
 534 00dc 04       		.uleb128 0x4
 535 00dd 3A020000 		.4byte	.LASF20
 536 00e1 04       		.byte	0x4
 537 00e2 2E       		.byte	0x2e
 538 00e3 93000000 		.4byte	0x93
 539 00e7 04       		.uleb128 0x4
 540 00e8 8B000000 		.4byte	.LASF21
 541 00ec 04       		.byte	0x4
 542 00ed 2F       		.byte	0x2f
 543 00ee 93000000 		.4byte	0x93
 544 00f2 04       		.uleb128 0x4
 545 00f3 4E020000 		.4byte	.LASF22
 546 00f7 04       		.byte	0x4
 547 00f8 30       		.byte	0x30
 548 00f9 A9000000 		.4byte	0xa9
 549 00fd 04       		.uleb128 0x4
 550 00fe 6C010000 		.4byte	.LASF23
 551 0102 04       		.byte	0x4
 552 0103 31       		.byte	0x31
 553 0104 9E000000 		.4byte	0x9e
 554 0108 04       		.uleb128 0x4
 555 0109 C5010000 		.4byte	.LASF24
 556 010d 04       		.byte	0x4
 557 010e 33       		.byte	0x33
 558 010f A9000000 		.4byte	0xa9
 559 0113 04       		.uleb128 0x4
 560 0114 55030000 		.4byte	.LASF25
 561 0118 04       		.byte	0x4
 562 0119 35       		.byte	0x35
 563 011a A9000000 		.4byte	0xa9
 564 011e 04       		.uleb128 0x4
 565 011f D4020000 		.4byte	.LASF26
 566 0123 05       		.byte	0x5
 567 0124 2A       		.byte	0x2a
ARM GAS  /tmp/ccodmWjC.s 			page 11


 568 0125 29010000 		.4byte	0x129
 569 0129 05       		.uleb128 0x5
 570 012a D4020000 		.4byte	.LASF26
 571 012e 4C       		.byte	0x4c
 572 012f 06       		.byte	0x6
 573 0130 5E       		.byte	0x5e
 574 0131 32020000 		.4byte	0x232
 575 0135 06       		.uleb128 0x6
 576 0136 B9020000 		.4byte	.LASF27
 577 013a 06       		.byte	0x6
 578 013b 5F       		.byte	0x5f
 579 013c 53020000 		.4byte	0x253
 580 0140 00       		.byte	0
 581 0141 06       		.uleb128 0x6
 582 0142 47020000 		.4byte	.LASF28
 583 0146 06       		.byte	0x6
 584 0147 61       		.byte	0x61
 585 0148 53020000 		.4byte	0x253
 586 014c 04       		.byte	0x4
 587 014d 06       		.uleb128 0x6
 588 014e 5A000000 		.4byte	.LASF29
 589 0152 06       		.byte	0x6
 590 0153 63       		.byte	0x63
 591 0154 F2000000 		.4byte	0xf2
 592 0158 08       		.byte	0x8
 593 0159 06       		.uleb128 0x6
 594 015a FB040000 		.4byte	.LASF30
 595 015e 06       		.byte	0x6
 596 015f 64       		.byte	0x64
 597 0160 27050000 		.4byte	0x527
 598 0164 0C       		.byte	0xc
 599 0165 06       		.uleb128 0x6
 600 0166 B4000000 		.4byte	.LASF31
 601 016a 06       		.byte	0x6
 602 016b 66       		.byte	0x66
 603 016c 53020000 		.4byte	0x253
 604 0170 10       		.byte	0x10
 605 0171 06       		.uleb128 0x6
 606 0172 F6010000 		.4byte	.LASF32
 607 0176 06       		.byte	0x6
 608 0177 67       		.byte	0x67
 609 0178 53020000 		.4byte	0x253
 610 017c 14       		.byte	0x14
 611 017d 06       		.uleb128 0x6
 612 017e C8030000 		.4byte	.LASF33
 613 0182 06       		.byte	0x6
 614 0183 6E       		.byte	0x6e
 615 0184 11080000 		.4byte	0x811
 616 0188 18       		.byte	0x18
 617 0189 06       		.uleb128 0x6
 618 018a EC000000 		.4byte	.LASF34
 619 018e 06       		.byte	0x6
 620 018f 74       		.byte	0x74
 621 0190 23080000 		.4byte	0x823
 622 0194 1C       		.byte	0x1c
 623 0195 06       		.uleb128 0x6
 624 0196 8C020000 		.4byte	.LASF35
ARM GAS  /tmp/ccodmWjC.s 			page 12


 625 019a 06       		.byte	0x6
 626 019b 79       		.byte	0x79
 627 019c D1000000 		.4byte	0xd1
 628 01a0 20       		.byte	0x20
 629 01a1 06       		.uleb128 0x6
 630 01a2 C6020000 		.4byte	.LASF36
 631 01a6 06       		.byte	0x6
 632 01a7 7D       		.byte	0x7d
 633 01a8 C6000000 		.4byte	0xc6
 634 01ac 21       		.byte	0x21
 635 01ad 06       		.uleb128 0x6
 636 01ae 92030000 		.4byte	.LASF37
 637 01b2 06       		.byte	0x6
 638 01b3 82       		.byte	0x82
 639 01b4 DC000000 		.4byte	0xdc
 640 01b8 22       		.byte	0x22
 641 01b9 06       		.uleb128 0x6
 642 01ba 9C020000 		.4byte	.LASF38
 643 01be 06       		.byte	0x6
 644 01bf 88       		.byte	0x88
 645 01c0 E7000000 		.4byte	0xe7
 646 01c4 23       		.byte	0x23
 647 01c5 06       		.uleb128 0x6
 648 01c6 74030000 		.4byte	.LASF39
 649 01ca 06       		.byte	0x6
 650 01cb 8F       		.byte	0x8f
 651 01cc 39070000 		.4byte	0x739
 652 01d0 24       		.byte	0x24
 653 01d1 07       		.uleb128 0x7
 654 01d2 705F7500 		.ascii	"p_u\000"
 655 01d6 06       		.byte	0x6
 656 01d7 B4       		.byte	0xb4
 657 01d8 DC070000 		.4byte	0x7dc
 658 01dc 28       		.byte	0x28
 659 01dd 06       		.uleb128 0x6
 660 01de 01050000 		.4byte	.LASF40
 661 01e2 06       		.byte	0x6
 662 01e3 B9       		.byte	0xb9
 663 01e4 79020000 		.4byte	0x279
 664 01e8 2C       		.byte	0x2c
 665 01e9 06       		.uleb128 0x6
 666 01ea 87030000 		.4byte	.LASF41
 667 01ee 06       		.byte	0x6
 668 01ef BF       		.byte	0xbf
 669 01f0 59020000 		.4byte	0x259
 670 01f4 30       		.byte	0x30
 671 01f5 06       		.uleb128 0x6
 672 01f6 00000000 		.4byte	.LASF42
 673 01fa 06       		.byte	0x6
 674 01fb C3       		.byte	0xc3
 675 01fc FD000000 		.4byte	0xfd
 676 0200 38       		.byte	0x38
 677 0201 06       		.uleb128 0x6
 678 0202 DB020000 		.4byte	.LASF43
 679 0206 06       		.byte	0x6
 680 0207 C9       		.byte	0xc9
 681 0208 08010000 		.4byte	0x108
ARM GAS  /tmp/ccodmWjC.s 			page 13


 682 020c 3C       		.byte	0x3c
 683 020d 06       		.uleb128 0x6
 684 020e 78020000 		.4byte	.LASF44
 685 0212 06       		.byte	0x6
 686 0213 D0       		.byte	0xd0
 687 0214 29080000 		.4byte	0x829
 688 0218 40       		.byte	0x40
 689 0219 06       		.uleb128 0x6
 690 021a 5F030000 		.4byte	.LASF45
 691 021e 06       		.byte	0x6
 692 021f D4       		.byte	0xd4
 693 0220 F2000000 		.4byte	0xf2
 694 0224 44       		.byte	0x44
 695 0225 06       		.uleb128 0x6
 696 0226 7B000000 		.4byte	.LASF46
 697 022a 06       		.byte	0x6
 698 022b DA       		.byte	0xda
 699 022c 8F020000 		.4byte	0x28f
 700 0230 48       		.byte	0x48
 701 0231 00       		.byte	0
 702 0232 08       		.uleb128 0x8
 703 0233 08       		.byte	0x8
 704 0234 05       		.byte	0x5
 705 0235 61       		.byte	0x61
 706 0236 53020000 		.4byte	0x253
 707 023a 06       		.uleb128 0x6
 708 023b B9020000 		.4byte	.LASF27
 709 023f 05       		.byte	0x5
 710 0240 62       		.byte	0x62
 711 0241 53020000 		.4byte	0x253
 712 0245 00       		.byte	0
 713 0246 06       		.uleb128 0x6
 714 0247 47020000 		.4byte	.LASF28
 715 024b 05       		.byte	0x5
 716 024c 64       		.byte	0x64
 717 024d 53020000 		.4byte	0x253
 718 0251 04       		.byte	0x4
 719 0252 00       		.byte	0
 720 0253 09       		.uleb128 0x9
 721 0254 04       		.byte	0x4
 722 0255 1E010000 		.4byte	0x11e
 723 0259 04       		.uleb128 0x4
 724 025a 04020000 		.4byte	.LASF47
 725 025e 05       		.byte	0x5
 726 025f 66       		.byte	0x66
 727 0260 32020000 		.4byte	0x232
 728 0264 08       		.uleb128 0x8
 729 0265 04       		.byte	0x4
 730 0266 05       		.byte	0x5
 731 0267 6B       		.byte	0x6b
 732 0268 79020000 		.4byte	0x279
 733 026c 06       		.uleb128 0x6
 734 026d B9020000 		.4byte	.LASF27
 735 0271 05       		.byte	0x5
 736 0272 6D       		.byte	0x6d
 737 0273 53020000 		.4byte	0x253
 738 0277 00       		.byte	0
ARM GAS  /tmp/ccodmWjC.s 			page 14


 739 0278 00       		.byte	0
 740 0279 04       		.uleb128 0x4
 741 027a B9010000 		.4byte	.LASF48
 742 027e 05       		.byte	0x5
 743 027f 70       		.byte	0x70
 744 0280 64020000 		.4byte	0x264
 745 0284 04       		.uleb128 0x4
 746 0285 DA000000 		.4byte	.LASF49
 747 0289 07       		.byte	0x7
 748 028a E5       		.byte	0xe5
 749 028b 8F020000 		.4byte	0x28f
 750 028f 0A       		.uleb128 0xa
 751 0290 04       		.byte	0x4
 752 0291 04       		.uleb128 0x4
 753 0292 D7010000 		.4byte	.LASF50
 754 0296 07       		.byte	0x7
 755 0297 EB       		.byte	0xeb
 756 0298 B4000000 		.4byte	0xb4
 757 029c 05       		.uleb128 0x5
 758 029d 0B010000 		.4byte	.LASF51
 759 02a1 68       		.byte	0x68
 760 02a2 07       		.byte	0x7
 761 02a3 ED       		.byte	0xed
 762 02a4 DB030000 		.4byte	0x3db
 763 02a8 07       		.uleb128 0x7
 764 02a9 723000   		.ascii	"r0\000"
 765 02ac 07       		.byte	0x7
 766 02ad EE       		.byte	0xee
 767 02ae 84020000 		.4byte	0x284
 768 02b2 00       		.byte	0
 769 02b3 07       		.uleb128 0x7
 770 02b4 723100   		.ascii	"r1\000"
 771 02b7 07       		.byte	0x7
 772 02b8 EF       		.byte	0xef
 773 02b9 84020000 		.4byte	0x284
 774 02bd 04       		.byte	0x4
 775 02be 07       		.uleb128 0x7
 776 02bf 723200   		.ascii	"r2\000"
 777 02c2 07       		.byte	0x7
 778 02c3 F0       		.byte	0xf0
 779 02c4 84020000 		.4byte	0x284
 780 02c8 08       		.byte	0x8
 781 02c9 07       		.uleb128 0x7
 782 02ca 723300   		.ascii	"r3\000"
 783 02cd 07       		.byte	0x7
 784 02ce F1       		.byte	0xf1
 785 02cf 84020000 		.4byte	0x284
 786 02d3 0C       		.byte	0xc
 787 02d4 07       		.uleb128 0x7
 788 02d5 72313200 		.ascii	"r12\000"
 789 02d9 07       		.byte	0x7
 790 02da F2       		.byte	0xf2
 791 02db 84020000 		.4byte	0x284
 792 02df 10       		.byte	0x10
 793 02e0 06       		.uleb128 0x6
 794 02e1 04010000 		.4byte	.LASF52
 795 02e5 07       		.byte	0x7
ARM GAS  /tmp/ccodmWjC.s 			page 15


 796 02e6 F3       		.byte	0xf3
 797 02e7 84020000 		.4byte	0x284
 798 02eb 14       		.byte	0x14
 799 02ec 07       		.uleb128 0x7
 800 02ed 706300   		.ascii	"pc\000"
 801 02f0 07       		.byte	0x7
 802 02f1 F4       		.byte	0xf4
 803 02f2 84020000 		.4byte	0x284
 804 02f6 18       		.byte	0x18
 805 02f7 06       		.uleb128 0x6
 806 02f8 A6020000 		.4byte	.LASF53
 807 02fc 07       		.byte	0x7
 808 02fd F5       		.byte	0xf5
 809 02fe 84020000 		.4byte	0x284
 810 0302 1C       		.byte	0x1c
 811 0303 07       		.uleb128 0x7
 812 0304 733000   		.ascii	"s0\000"
 813 0307 07       		.byte	0x7
 814 0308 F7       		.byte	0xf7
 815 0309 84020000 		.4byte	0x284
 816 030d 20       		.byte	0x20
 817 030e 07       		.uleb128 0x7
 818 030f 733100   		.ascii	"s1\000"
 819 0312 07       		.byte	0x7
 820 0313 F8       		.byte	0xf8
 821 0314 84020000 		.4byte	0x284
 822 0318 24       		.byte	0x24
 823 0319 07       		.uleb128 0x7
 824 031a 733200   		.ascii	"s2\000"
 825 031d 07       		.byte	0x7
 826 031e F9       		.byte	0xf9
 827 031f 84020000 		.4byte	0x284
 828 0323 28       		.byte	0x28
 829 0324 07       		.uleb128 0x7
 830 0325 733300   		.ascii	"s3\000"
 831 0328 07       		.byte	0x7
 832 0329 FA       		.byte	0xfa
 833 032a 84020000 		.4byte	0x284
 834 032e 2C       		.byte	0x2c
 835 032f 07       		.uleb128 0x7
 836 0330 733400   		.ascii	"s4\000"
 837 0333 07       		.byte	0x7
 838 0334 FB       		.byte	0xfb
 839 0335 84020000 		.4byte	0x284
 840 0339 30       		.byte	0x30
 841 033a 07       		.uleb128 0x7
 842 033b 733500   		.ascii	"s5\000"
 843 033e 07       		.byte	0x7
 844 033f FC       		.byte	0xfc
 845 0340 84020000 		.4byte	0x284
 846 0344 34       		.byte	0x34
 847 0345 07       		.uleb128 0x7
 848 0346 733600   		.ascii	"s6\000"
 849 0349 07       		.byte	0x7
 850 034a FD       		.byte	0xfd
 851 034b 84020000 		.4byte	0x284
 852 034f 38       		.byte	0x38
ARM GAS  /tmp/ccodmWjC.s 			page 16


 853 0350 07       		.uleb128 0x7
 854 0351 733700   		.ascii	"s7\000"
 855 0354 07       		.byte	0x7
 856 0355 FE       		.byte	0xfe
 857 0356 84020000 		.4byte	0x284
 858 035a 3C       		.byte	0x3c
 859 035b 07       		.uleb128 0x7
 860 035c 733800   		.ascii	"s8\000"
 861 035f 07       		.byte	0x7
 862 0360 FF       		.byte	0xff
 863 0361 84020000 		.4byte	0x284
 864 0365 40       		.byte	0x40
 865 0366 0B       		.uleb128 0xb
 866 0367 733900   		.ascii	"s9\000"
 867 036a 07       		.byte	0x7
 868 036b 0001     		.2byte	0x100
 869 036d 84020000 		.4byte	0x284
 870 0371 44       		.byte	0x44
 871 0372 0B       		.uleb128 0xb
 872 0373 73313000 		.ascii	"s10\000"
 873 0377 07       		.byte	0x7
 874 0378 0101     		.2byte	0x101
 875 037a 84020000 		.4byte	0x284
 876 037e 48       		.byte	0x48
 877 037f 0B       		.uleb128 0xb
 878 0380 73313100 		.ascii	"s11\000"
 879 0384 07       		.byte	0x7
 880 0385 0201     		.2byte	0x102
 881 0387 84020000 		.4byte	0x284
 882 038b 4C       		.byte	0x4c
 883 038c 0B       		.uleb128 0xb
 884 038d 73313200 		.ascii	"s12\000"
 885 0391 07       		.byte	0x7
 886 0392 0301     		.2byte	0x103
 887 0394 84020000 		.4byte	0x284
 888 0398 50       		.byte	0x50
 889 0399 0B       		.uleb128 0xb
 890 039a 73313300 		.ascii	"s13\000"
 891 039e 07       		.byte	0x7
 892 039f 0401     		.2byte	0x104
 893 03a1 84020000 		.4byte	0x284
 894 03a5 54       		.byte	0x54
 895 03a6 0B       		.uleb128 0xb
 896 03a7 73313400 		.ascii	"s14\000"
 897 03ab 07       		.byte	0x7
 898 03ac 0501     		.2byte	0x105
 899 03ae 84020000 		.4byte	0x284
 900 03b2 58       		.byte	0x58
 901 03b3 0B       		.uleb128 0xb
 902 03b4 73313500 		.ascii	"s15\000"
 903 03b8 07       		.byte	0x7
 904 03b9 0601     		.2byte	0x106
 905 03bb 84020000 		.4byte	0x284
 906 03bf 5C       		.byte	0x5c
 907 03c0 0C       		.uleb128 0xc
 908 03c1 C0020000 		.4byte	.LASF54
 909 03c5 07       		.byte	0x7
ARM GAS  /tmp/ccodmWjC.s 			page 17


 910 03c6 0701     		.2byte	0x107
 911 03c8 84020000 		.4byte	0x284
 912 03cc 60       		.byte	0x60
 913 03cd 0C       		.uleb128 0xc
 914 03ce E3000000 		.4byte	.LASF55
 915 03d2 07       		.byte	0x7
 916 03d3 0801     		.2byte	0x108
 917 03d5 84020000 		.4byte	0x284
 918 03d9 64       		.byte	0x64
 919 03da 00       		.byte	0
 920 03db 0D       		.uleb128 0xd
 921 03dc 80030000 		.4byte	.LASF56
 922 03e0 64       		.byte	0x64
 923 03e1 07       		.byte	0x7
 924 03e2 0C01     		.2byte	0x10c
 925 03e4 27050000 		.4byte	0x527
 926 03e8 0B       		.uleb128 0xb
 927 03e9 73313600 		.ascii	"s16\000"
 928 03ed 07       		.byte	0x7
 929 03ee 0E01     		.2byte	0x10e
 930 03f0 84020000 		.4byte	0x284
 931 03f4 00       		.byte	0
 932 03f5 0B       		.uleb128 0xb
 933 03f6 73313700 		.ascii	"s17\000"
 934 03fa 07       		.byte	0x7
 935 03fb 0F01     		.2byte	0x10f
 936 03fd 84020000 		.4byte	0x284
 937 0401 04       		.byte	0x4
 938 0402 0B       		.uleb128 0xb
 939 0403 73313800 		.ascii	"s18\000"
 940 0407 07       		.byte	0x7
 941 0408 1001     		.2byte	0x110
 942 040a 84020000 		.4byte	0x284
 943 040e 08       		.byte	0x8
 944 040f 0B       		.uleb128 0xb
 945 0410 73313900 		.ascii	"s19\000"
 946 0414 07       		.byte	0x7
 947 0415 1101     		.2byte	0x111
 948 0417 84020000 		.4byte	0x284
 949 041b 0C       		.byte	0xc
 950 041c 0B       		.uleb128 0xb
 951 041d 73323000 		.ascii	"s20\000"
 952 0421 07       		.byte	0x7
 953 0422 1201     		.2byte	0x112
 954 0424 84020000 		.4byte	0x284
 955 0428 10       		.byte	0x10
 956 0429 0B       		.uleb128 0xb
 957 042a 73323100 		.ascii	"s21\000"
 958 042e 07       		.byte	0x7
 959 042f 1301     		.2byte	0x113
 960 0431 84020000 		.4byte	0x284
 961 0435 14       		.byte	0x14
 962 0436 0B       		.uleb128 0xb
 963 0437 73323200 		.ascii	"s22\000"
 964 043b 07       		.byte	0x7
 965 043c 1401     		.2byte	0x114
 966 043e 84020000 		.4byte	0x284
ARM GAS  /tmp/ccodmWjC.s 			page 18


 967 0442 18       		.byte	0x18
 968 0443 0B       		.uleb128 0xb
 969 0444 73323300 		.ascii	"s23\000"
 970 0448 07       		.byte	0x7
 971 0449 1501     		.2byte	0x115
 972 044b 84020000 		.4byte	0x284
 973 044f 1C       		.byte	0x1c
 974 0450 0B       		.uleb128 0xb
 975 0451 73323400 		.ascii	"s24\000"
 976 0455 07       		.byte	0x7
 977 0456 1601     		.2byte	0x116
 978 0458 84020000 		.4byte	0x284
 979 045c 20       		.byte	0x20
 980 045d 0B       		.uleb128 0xb
 981 045e 73323500 		.ascii	"s25\000"
 982 0462 07       		.byte	0x7
 983 0463 1701     		.2byte	0x117
 984 0465 84020000 		.4byte	0x284
 985 0469 24       		.byte	0x24
 986 046a 0B       		.uleb128 0xb
 987 046b 73323600 		.ascii	"s26\000"
 988 046f 07       		.byte	0x7
 989 0470 1801     		.2byte	0x118
 990 0472 84020000 		.4byte	0x284
 991 0476 28       		.byte	0x28
 992 0477 0B       		.uleb128 0xb
 993 0478 73323700 		.ascii	"s27\000"
 994 047c 07       		.byte	0x7
 995 047d 1901     		.2byte	0x119
 996 047f 84020000 		.4byte	0x284
 997 0483 2C       		.byte	0x2c
 998 0484 0B       		.uleb128 0xb
 999 0485 73323800 		.ascii	"s28\000"
 1000 0489 07       		.byte	0x7
 1001 048a 1A01     		.2byte	0x11a
 1002 048c 84020000 		.4byte	0x284
 1003 0490 30       		.byte	0x30
 1004 0491 0B       		.uleb128 0xb
 1005 0492 73323900 		.ascii	"s29\000"
 1006 0496 07       		.byte	0x7
 1007 0497 1B01     		.2byte	0x11b
 1008 0499 84020000 		.4byte	0x284
 1009 049d 34       		.byte	0x34
 1010 049e 0B       		.uleb128 0xb
 1011 049f 73333000 		.ascii	"s30\000"
 1012 04a3 07       		.byte	0x7
 1013 04a4 1C01     		.2byte	0x11c
 1014 04a6 84020000 		.4byte	0x284
 1015 04aa 38       		.byte	0x38
 1016 04ab 0B       		.uleb128 0xb
 1017 04ac 73333100 		.ascii	"s31\000"
 1018 04b0 07       		.byte	0x7
 1019 04b1 1D01     		.2byte	0x11d
 1020 04b3 84020000 		.4byte	0x284
 1021 04b7 3C       		.byte	0x3c
 1022 04b8 0B       		.uleb128 0xb
 1023 04b9 723400   		.ascii	"r4\000"
ARM GAS  /tmp/ccodmWjC.s 			page 19


 1024 04bc 07       		.byte	0x7
 1025 04bd 1F01     		.2byte	0x11f
 1026 04bf 84020000 		.4byte	0x284
 1027 04c3 40       		.byte	0x40
 1028 04c4 0B       		.uleb128 0xb
 1029 04c5 723500   		.ascii	"r5\000"
 1030 04c8 07       		.byte	0x7
 1031 04c9 2001     		.2byte	0x120
 1032 04cb 84020000 		.4byte	0x284
 1033 04cf 44       		.byte	0x44
 1034 04d0 0B       		.uleb128 0xb
 1035 04d1 723600   		.ascii	"r6\000"
 1036 04d4 07       		.byte	0x7
 1037 04d5 2101     		.2byte	0x121
 1038 04d7 84020000 		.4byte	0x284
 1039 04db 48       		.byte	0x48
 1040 04dc 0B       		.uleb128 0xb
 1041 04dd 723700   		.ascii	"r7\000"
 1042 04e0 07       		.byte	0x7
 1043 04e1 2201     		.2byte	0x122
 1044 04e3 84020000 		.4byte	0x284
 1045 04e7 4C       		.byte	0x4c
 1046 04e8 0B       		.uleb128 0xb
 1047 04e9 723800   		.ascii	"r8\000"
 1048 04ec 07       		.byte	0x7
 1049 04ed 2301     		.2byte	0x123
 1050 04ef 84020000 		.4byte	0x284
 1051 04f3 50       		.byte	0x50
 1052 04f4 0B       		.uleb128 0xb
 1053 04f5 723900   		.ascii	"r9\000"
 1054 04f8 07       		.byte	0x7
 1055 04f9 2401     		.2byte	0x124
 1056 04fb 84020000 		.4byte	0x284
 1057 04ff 54       		.byte	0x54
 1058 0500 0B       		.uleb128 0xb
 1059 0501 72313000 		.ascii	"r10\000"
 1060 0505 07       		.byte	0x7
 1061 0506 2501     		.2byte	0x125
 1062 0508 84020000 		.4byte	0x284
 1063 050c 58       		.byte	0x58
 1064 050d 0B       		.uleb128 0xb
 1065 050e 72313100 		.ascii	"r11\000"
 1066 0512 07       		.byte	0x7
 1067 0513 2601     		.2byte	0x126
 1068 0515 84020000 		.4byte	0x284
 1069 0519 5C       		.byte	0x5c
 1070 051a 0B       		.uleb128 0xb
 1071 051b 6C7200   		.ascii	"lr\000"
 1072 051e 07       		.byte	0x7
 1073 051f 2701     		.2byte	0x127
 1074 0521 84020000 		.4byte	0x284
 1075 0525 60       		.byte	0x60
 1076 0526 00       		.byte	0
 1077 0527 0D       		.uleb128 0xd
 1078 0528 4C010000 		.4byte	.LASF57
 1079 052c 04       		.byte	0x4
 1080 052d 07       		.byte	0x7
ARM GAS  /tmp/ccodmWjC.s 			page 20


 1081 052e 3101     		.2byte	0x131
 1082 0530 42050000 		.4byte	0x542
 1083 0534 0B       		.uleb128 0xb
 1084 0535 72313300 		.ascii	"r13\000"
 1085 0539 07       		.byte	0x7
 1086 053a 3201     		.2byte	0x132
 1087 053c 42050000 		.4byte	0x542
 1088 0540 00       		.byte	0
 1089 0541 00       		.byte	0
 1090 0542 09       		.uleb128 0x9
 1091 0543 04       		.byte	0x4
 1092 0544 DB030000 		.4byte	0x3db
 1093 0548 04       		.uleb128 0x4
 1094 0549 04030000 		.4byte	.LASF58
 1095 054d 08       		.byte	0x8
 1096 054e 3A       		.byte	0x3a
 1097 054f 53050000 		.4byte	0x553
 1098 0553 0E       		.uleb128 0xe
 1099 0554 A9000000 		.4byte	0xa9
 1100 0558 03       		.uleb128 0x3
 1101 0559 04       		.byte	0x4
 1102 055a 07       		.byte	0x7
 1103 055b E8010000 		.4byte	.LASF59
 1104 055f 08       		.uleb128 0x8
 1105 0560 8C       		.byte	0x8c
 1106 0561 08       		.byte	0x8
 1107 0562 89       		.byte	0x89
 1108 0563 64060000 		.4byte	0x664
 1109 0567 06       		.uleb128 0x6
 1110 0568 54000000 		.4byte	.LASF60
 1111 056c 08       		.byte	0x8
 1112 056d 8A       		.byte	0x8a
 1113 056e 48050000 		.4byte	0x548
 1114 0572 00       		.byte	0
 1115 0573 06       		.uleb128 0x6
 1116 0574 67010000 		.4byte	.LASF61
 1117 0578 08       		.byte	0x8
 1118 0579 8B       		.byte	0x8b
 1119 057a 48050000 		.4byte	0x548
 1120 057e 04       		.byte	0x4
 1121 057f 06       		.uleb128 0x6
 1122 0580 31010000 		.4byte	.LASF62
 1123 0584 08       		.byte	0x8
 1124 0585 8C       		.byte	0x8c
 1125 0586 48050000 		.4byte	0x548
 1126 058a 08       		.byte	0x8
 1127 058b 06       		.uleb128 0x6
 1128 058c 72010000 		.4byte	.LASF63
 1129 0590 08       		.byte	0x8
 1130 0591 8D       		.byte	0x8d
 1131 0592 48050000 		.4byte	0x548
 1132 0596 0C       		.byte	0xc
 1133 0597 07       		.uleb128 0x7
 1134 0598 53435200 		.ascii	"SCR\000"
 1135 059c 08       		.byte	0x8
 1136 059d 8E       		.byte	0x8e
 1137 059e 48050000 		.4byte	0x548
ARM GAS  /tmp/ccodmWjC.s 			page 21


 1138 05a2 10       		.byte	0x10
 1139 05a3 07       		.uleb128 0x7
 1140 05a4 43435200 		.ascii	"CCR\000"
 1141 05a8 08       		.byte	0x8
 1142 05a9 8F       		.byte	0x8f
 1143 05aa 48050000 		.4byte	0x548
 1144 05ae 14       		.byte	0x14
 1145 05af 06       		.uleb128 0x6
 1146 05b0 7B030000 		.4byte	.LASF64
 1147 05b4 08       		.byte	0x8
 1148 05b5 90       		.byte	0x90
 1149 05b6 74060000 		.4byte	0x674
 1150 05ba 18       		.byte	0x18
 1151 05bb 06       		.uleb128 0x6
 1152 05bc 72020000 		.4byte	.LASF65
 1153 05c0 08       		.byte	0x8
 1154 05c1 91       		.byte	0x91
 1155 05c2 48050000 		.4byte	0x548
 1156 05c6 24       		.byte	0x24
 1157 05c7 06       		.uleb128 0x6
 1158 05c8 F1010000 		.4byte	.LASF66
 1159 05cc 08       		.byte	0x8
 1160 05cd 92       		.byte	0x92
 1161 05ce 48050000 		.4byte	0x548
 1162 05d2 28       		.byte	0x28
 1163 05d3 06       		.uleb128 0x6
 1164 05d4 D5030000 		.4byte	.LASF67
 1165 05d8 08       		.byte	0x8
 1166 05d9 93       		.byte	0x93
 1167 05da 48050000 		.4byte	0x548
 1168 05de 2C       		.byte	0x2c
 1169 05df 06       		.uleb128 0x6
 1170 05e0 78010000 		.4byte	.LASF68
 1171 05e4 08       		.byte	0x8
 1172 05e5 94       		.byte	0x94
 1173 05e6 48050000 		.4byte	0x548
 1174 05ea 30       		.byte	0x30
 1175 05eb 06       		.uleb128 0x6
 1176 05ec 85010000 		.4byte	.LASF69
 1177 05f0 08       		.byte	0x8
 1178 05f1 95       		.byte	0x95
 1179 05f2 48050000 		.4byte	0x548
 1180 05f6 34       		.byte	0x34
 1181 05f7 06       		.uleb128 0x6
 1182 05f8 BC000000 		.4byte	.LASF70
 1183 05fc 08       		.byte	0x8
 1184 05fd 96       		.byte	0x96
 1185 05fe 48050000 		.4byte	0x548
 1186 0602 38       		.byte	0x38
 1187 0603 06       		.uleb128 0x6
 1188 0604 CA000000 		.4byte	.LASF71
 1189 0608 08       		.byte	0x8
 1190 0609 97       		.byte	0x97
 1191 060a 48050000 		.4byte	0x548
 1192 060e 3C       		.byte	0x3c
 1193 060f 07       		.uleb128 0x7
 1194 0610 50465200 		.ascii	"PFR\000"
ARM GAS  /tmp/ccodmWjC.s 			page 22


 1195 0614 08       		.byte	0x8
 1196 0615 98       		.byte	0x98
 1197 0616 89060000 		.4byte	0x689
 1198 061a 40       		.byte	0x40
 1199 061b 07       		.uleb128 0x7
 1200 061c 44465200 		.ascii	"DFR\000"
 1201 0620 08       		.byte	0x8
 1202 0621 99       		.byte	0x99
 1203 0622 48050000 		.4byte	0x548
 1204 0626 48       		.byte	0x48
 1205 0627 07       		.uleb128 0x7
 1206 0628 41445200 		.ascii	"ADR\000"
 1207 062c 08       		.byte	0x8
 1208 062d 9A       		.byte	0x9a
 1209 062e 48050000 		.4byte	0x548
 1210 0632 4C       		.byte	0x4c
 1211 0633 06       		.uleb128 0x6
 1212 0634 A3030000 		.4byte	.LASF72
 1213 0638 08       		.byte	0x8
 1214 0639 9B       		.byte	0x9b
 1215 063a 9E060000 		.4byte	0x69e
 1216 063e 50       		.byte	0x50
 1217 063f 07       		.uleb128 0x7
 1218 0640 53415200 		.ascii	"SAR\000"
 1219 0644 08       		.byte	0x8
 1220 0645 9C       		.byte	0x9c
 1221 0646 B3060000 		.4byte	0x6b3
 1222 064a 60       		.byte	0x60
 1223 064b 06       		.uleb128 0x6
 1224 064c F7020000 		.4byte	.LASF73
 1225 0650 08       		.byte	0x8
 1226 0651 9D       		.byte	0x9d
 1227 0652 B8060000 		.4byte	0x6b8
 1228 0656 74       		.byte	0x74
 1229 0657 06       		.uleb128 0x6
 1230 0658 CF030000 		.4byte	.LASF74
 1231 065c 08       		.byte	0x8
 1232 065d 9E       		.byte	0x9e
 1233 065e 48050000 		.4byte	0x548
 1234 0662 88       		.byte	0x88
 1235 0663 00       		.byte	0
 1236 0664 0F       		.uleb128 0xf
 1237 0665 48050000 		.4byte	0x548
 1238 0669 74060000 		.4byte	0x674
 1239 066d 10       		.uleb128 0x10
 1240 066e 58050000 		.4byte	0x558
 1241 0672 02       		.byte	0x2
 1242 0673 00       		.byte	0
 1243 0674 0E       		.uleb128 0xe
 1244 0675 64060000 		.4byte	0x664
 1245 0679 0F       		.uleb128 0xf
 1246 067a 48050000 		.4byte	0x548
 1247 067e 89060000 		.4byte	0x689
 1248 0682 10       		.uleb128 0x10
 1249 0683 58050000 		.4byte	0x558
 1250 0687 01       		.byte	0x1
 1251 0688 00       		.byte	0
ARM GAS  /tmp/ccodmWjC.s 			page 23


 1252 0689 0E       		.uleb128 0xe
 1253 068a 79060000 		.4byte	0x679
 1254 068e 0F       		.uleb128 0xf
 1255 068f 48050000 		.4byte	0x548
 1256 0693 9E060000 		.4byte	0x69e
 1257 0697 10       		.uleb128 0x10
 1258 0698 58050000 		.4byte	0x558
 1259 069c 03       		.byte	0x3
 1260 069d 00       		.byte	0
 1261 069e 0E       		.uleb128 0xe
 1262 069f 8E060000 		.4byte	0x68e
 1263 06a3 0F       		.uleb128 0xf
 1264 06a4 48050000 		.4byte	0x548
 1265 06a8 B3060000 		.4byte	0x6b3
 1266 06ac 10       		.uleb128 0x10
 1267 06ad 58050000 		.4byte	0x558
 1268 06b1 04       		.byte	0x4
 1269 06b2 00       		.byte	0
 1270 06b3 0E       		.uleb128 0xe
 1271 06b4 A3060000 		.4byte	0x6a3
 1272 06b8 0E       		.uleb128 0xe
 1273 06b9 A3060000 		.4byte	0x6a3
 1274 06bd 04       		.uleb128 0x4
 1275 06be 27000000 		.4byte	.LASF75
 1276 06c2 08       		.byte	0x8
 1277 06c3 9F       		.byte	0x9f
 1278 06c4 5F050000 		.4byte	0x55f
 1279 06c8 08       		.uleb128 0x8
 1280 06c9 18       		.byte	0x18
 1281 06ca 08       		.byte	0x8
 1282 06cb CC       		.byte	0xcc
 1283 06cc 19070000 		.4byte	0x719
 1284 06d0 06       		.uleb128 0x6
 1285 06d1 F7020000 		.4byte	.LASF73
 1286 06d5 08       		.byte	0x8
 1287 06d6 CD       		.byte	0xcd
 1288 06d7 29070000 		.4byte	0x729
 1289 06db 00       		.byte	0
 1290 06dc 06       		.uleb128 0x6
 1291 06dd E2010000 		.4byte	.LASF76
 1292 06e1 08       		.byte	0x8
 1293 06e2 CE       		.byte	0xce
 1294 06e3 48050000 		.4byte	0x548
 1295 06e7 04       		.byte	0x4
 1296 06e8 06       		.uleb128 0x6
 1297 06e9 CE020000 		.4byte	.LASF77
 1298 06ed 08       		.byte	0x8
 1299 06ee CF       		.byte	0xcf
 1300 06ef 48050000 		.4byte	0x548
 1301 06f3 08       		.byte	0x8
 1302 06f4 06       		.uleb128 0x6
 1303 06f5 0D000000 		.4byte	.LASF78
 1304 06f9 08       		.byte	0x8
 1305 06fa D0       		.byte	0xd0
 1306 06fb 48050000 		.4byte	0x548
 1307 06ff 0C       		.byte	0xc
 1308 0700 06       		.uleb128 0x6
ARM GAS  /tmp/ccodmWjC.s 			page 24


 1309 0701 2E020000 		.4byte	.LASF79
 1310 0705 08       		.byte	0x8
 1311 0706 D1       		.byte	0xd1
 1312 0707 48050000 		.4byte	0x548
 1313 070b 10       		.byte	0x10
 1314 070c 06       		.uleb128 0x6
 1315 070d 34020000 		.4byte	.LASF80
 1316 0711 08       		.byte	0x8
 1317 0712 D2       		.byte	0xd2
 1318 0713 48050000 		.4byte	0x548
 1319 0717 14       		.byte	0x14
 1320 0718 00       		.byte	0
 1321 0719 0F       		.uleb128 0xf
 1322 071a 48050000 		.4byte	0x548
 1323 071e 29070000 		.4byte	0x729
 1324 0722 10       		.uleb128 0x10
 1325 0723 58050000 		.4byte	0x558
 1326 0727 00       		.byte	0
 1327 0728 00       		.byte	0
 1328 0729 0E       		.uleb128 0xe
 1329 072a 19070000 		.4byte	0x719
 1330 072e 04       		.uleb128 0x4
 1331 072f 94020000 		.4byte	.LASF81
 1332 0733 08       		.byte	0x8
 1333 0734 D3       		.byte	0xd3
 1334 0735 C8060000 		.4byte	0x6c8
 1335 0739 0E       		.uleb128 0xe
 1336 073a 13010000 		.4byte	0x113
 1337 073e 08       		.uleb128 0x8
 1338 073f 1C       		.byte	0x1c
 1339 0740 09       		.byte	0x9
 1340 0741 5E       		.byte	0x5e
 1341 0742 8F070000 		.4byte	0x78f
 1342 0746 06       		.uleb128 0x6
 1343 0747 EF020000 		.4byte	.LASF82
 1344 074b 09       		.byte	0x9
 1345 074c 5F       		.byte	0x5f
 1346 074d 59020000 		.4byte	0x259
 1347 0751 00       		.byte	0
 1348 0752 06       		.uleb128 0x6
 1349 0753 AB020000 		.4byte	.LASF83
 1350 0757 09       		.byte	0x9
 1351 0758 60       		.byte	0x60
 1352 0759 F2000000 		.4byte	0xf2
 1353 075d 08       		.byte	0x8
 1354 075e 06       		.uleb128 0x6
 1355 075f FE010000 		.4byte	.LASF84
 1356 0763 09       		.byte	0x9
 1357 0764 62       		.byte	0x62
 1358 0765 27050000 		.4byte	0x527
 1359 0769 0C       		.byte	0xc
 1360 076a 06       		.uleb128 0x6
 1361 076b 7D010000 		.4byte	.LASF85
 1362 076f 09       		.byte	0x9
 1363 0770 65       		.byte	0x65
 1364 0771 53020000 		.4byte	0x253
 1365 0775 10       		.byte	0x10
ARM GAS  /tmp/ccodmWjC.s 			page 25


 1366 0776 06       		.uleb128 0x6
 1367 0777 1B020000 		.4byte	.LASF86
 1368 077b 09       		.byte	0x9
 1369 077c 66       		.byte	0x66
 1370 077d 53020000 		.4byte	0x253
 1371 0781 14       		.byte	0x14
 1372 0782 06       		.uleb128 0x6
 1373 0783 11020000 		.4byte	.LASF87
 1374 0787 09       		.byte	0x9
 1375 0788 69       		.byte	0x69
 1376 0789 53020000 		.4byte	0x253
 1377 078d 18       		.byte	0x18
 1378 078e 00       		.byte	0
 1379 078f 04       		.uleb128 0x4
 1380 0790 99030000 		.4byte	.LASF88
 1381 0794 09       		.byte	0x9
 1382 0795 6B       		.byte	0x6b
 1383 0796 3E070000 		.4byte	0x73e
 1384 079a 05       		.uleb128 0x5
 1385 079b D1010000 		.4byte	.LASF89
 1386 079f 10       		.byte	0x10
 1387 07a0 0A       		.byte	0xa
 1388 07a1 2C       		.byte	0x2c
 1389 07a2 CB070000 		.4byte	0x7cb
 1390 07a6 06       		.uleb128 0x6
 1391 07a7 83000000 		.4byte	.LASF90
 1392 07ab 0A       		.byte	0xa
 1393 07ac 2D       		.byte	0x2d
 1394 07ad 59020000 		.4byte	0x259
 1395 07b1 00       		.byte	0
 1396 07b2 06       		.uleb128 0x6
 1397 07b3 DA030000 		.4byte	.LASF91
 1398 07b7 0A       		.byte	0xa
 1399 07b8 2F       		.byte	0x2f
 1400 07b9 53020000 		.4byte	0x253
 1401 07bd 08       		.byte	0x8
 1402 07be 06       		.uleb128 0x6
 1403 07bf 4E030000 		.4byte	.LASF92
 1404 07c3 0A       		.byte	0xa
 1405 07c4 31       		.byte	0x31
 1406 07c5 CB070000 		.4byte	0x7cb
 1407 07c9 0C       		.byte	0xc
 1408 07ca 00       		.byte	0
 1409 07cb 09       		.uleb128 0x9
 1410 07cc 04       		.byte	0x4
 1411 07cd 9A070000 		.4byte	0x79a
 1412 07d1 04       		.uleb128 0x4
 1413 07d2 D1010000 		.4byte	.LASF89
 1414 07d6 0A       		.byte	0xa
 1415 07d7 33       		.byte	0x33
 1416 07d8 9A070000 		.4byte	0x79a
 1417 07dc 11       		.uleb128 0x11
 1418 07dd 04       		.byte	0x4
 1419 07de 06       		.byte	0x6
 1420 07df 96       		.byte	0x96
 1421 07e0 11080000 		.4byte	0x811
 1422 07e4 12       		.uleb128 0x12
ARM GAS  /tmp/ccodmWjC.s 			page 26


 1423 07e5 06000000 		.4byte	.LASF93
 1424 07e9 06       		.byte	0x6
 1425 07ea 9D       		.byte	0x9d
 1426 07eb FD000000 		.4byte	0xfd
 1427 07ef 12       		.uleb128 0x12
 1428 07f0 C1000000 		.4byte	.LASF94
 1429 07f4 06       		.byte	0x6
 1430 07f5 A4       		.byte	0xa4
 1431 07f6 FD000000 		.4byte	0xfd
 1432 07fa 12       		.uleb128 0x12
 1433 07fb C1030000 		.4byte	.LASF95
 1434 07ff 06       		.byte	0x6
 1435 0800 AB       		.byte	0xab
 1436 0801 8F020000 		.4byte	0x28f
 1437 0805 12       		.uleb128 0x12
 1438 0806 B2020000 		.4byte	.LASF96
 1439 080a 06       		.byte	0x6
 1440 080b B2       		.byte	0xb2
 1441 080c 08010000 		.4byte	0x108
 1442 0810 00       		.byte	0
 1443 0811 09       		.uleb128 0x9
 1444 0812 04       		.byte	0x4
 1445 0813 17080000 		.4byte	0x817
 1446 0817 13       		.uleb128 0x13
 1447 0818 1C080000 		.4byte	0x81c
 1448 081c 03       		.uleb128 0x3
 1449 081d 01       		.byte	0x1
 1450 081e 08       		.byte	0x8
 1451 081f FF020000 		.4byte	.LASF97
 1452 0823 09       		.uleb128 0x9
 1453 0824 04       		.byte	0x4
 1454 0825 91020000 		.4byte	0x291
 1455 0829 09       		.uleb128 0x9
 1456 082a 04       		.byte	0x4
 1457 082b D1070000 		.4byte	0x7d1
 1458 082f 14       		.uleb128 0x14
 1459 0830 2F000000 		.4byte	.LASF98
 1460 0834 01       		.byte	0x1
 1461 0835 2F       		.byte	0x2f
 1462 0836 00000000 		.4byte	.LFB7
 1463 083a 28000000 		.4byte	.LFE7-.LFB7
 1464 083e 01       		.uleb128 0x1
 1465 083f 9C       		.byte	0x9c
 1466 0840 77080000 		.4byte	0x877
 1467 0844 15       		.uleb128 0x15
 1468 0845 06000000 		.4byte	.LBB2
 1469 0849 06000000 		.4byte	.LBE2-.LBB2
 1470 084d 5F080000 		.4byte	0x85f
 1471 0851 16       		.uleb128 0x16
 1472 0852 746D7000 		.ascii	"tmp\000"
 1473 0856 01       		.byte	0x1
 1474 0857 33       		.byte	0x33
 1475 0858 A9000000 		.4byte	0xa9
 1476 085c 01       		.uleb128 0x1
 1477 085d 53       		.byte	0x53
 1478 085e 00       		.byte	0
 1479 085f 17       		.uleb128 0x17
ARM GAS  /tmp/ccodmWjC.s 			page 27


 1480 0860 18000000 		.4byte	.LBB3
 1481 0864 06000000 		.4byte	.LBE3-.LBB3
 1482 0868 16       		.uleb128 0x16
 1483 0869 746D7000 		.ascii	"tmp\000"
 1484 086d 01       		.byte	0x1
 1485 086e 35       		.byte	0x35
 1486 086f A9000000 		.4byte	0xa9
 1487 0873 01       		.uleb128 0x1
 1488 0874 53       		.byte	0x53
 1489 0875 00       		.byte	0
 1490 0876 00       		.byte	0
 1491 0877 18       		.uleb128 0x18
 1492 0878 9E000000 		.4byte	.LASF99
 1493 087c 01       		.byte	0x1
 1494 087d 41       		.byte	0x41
 1495 087e 00000000 		.4byte	.LFB8
 1496 0882 30000000 		.4byte	.LFE8-.LFB8
 1497 0886 01       		.uleb128 0x1
 1498 0887 9C       		.byte	0x9c
 1499 0888 B2080000 		.4byte	0x8b2
 1500 088c 19       		.uleb128 0x19
 1501 088d 42020000 		.4byte	.LASF100
 1502 0891 01       		.byte	0x1
 1503 0892 42       		.byte	0x42
 1504 0893 B2080000 		.4byte	0x8b2
 1505 0897 02       		.uleb128 0x2
 1506 0898 91       		.byte	0x91
 1507 0899 7C       		.sleb128 -4
 1508 089a 17       		.uleb128 0x17
 1509 089b 20000000 		.4byte	.LBB4
 1510 089f 06000000 		.4byte	.LBE4-.LBB4
 1511 08a3 16       		.uleb128 0x16
 1512 08a4 746D7000 		.ascii	"tmp\000"
 1513 08a8 01       		.byte	0x1
 1514 08a9 52       		.byte	0x52
 1515 08aa A9000000 		.4byte	0xa9
 1516 08ae 01       		.uleb128 0x1
 1517 08af 53       		.byte	0x53
 1518 08b0 00       		.byte	0
 1519 08b1 00       		.byte	0
 1520 08b2 09       		.uleb128 0x9
 1521 08b3 04       		.byte	0x4
 1522 08b4 9C020000 		.4byte	0x29c
 1523 08b8 1A       		.uleb128 0x1a
 1524 08b9 B6030000 		.4byte	.LASF102
 1525 08bd 01       		.byte	0x1
 1526 08be 78       		.byte	0x78
 1527 08bf 00000000 		.4byte	.LFB9
 1528 08c3 30000000 		.4byte	.LFE9-.LFB9
 1529 08c7 01       		.uleb128 0x1
 1530 08c8 9C       		.byte	0x9c
 1531 08c9 18       		.uleb128 0x18
 1532 08ca 8B010000 		.4byte	.LASF101
 1533 08ce 01       		.byte	0x1
 1534 08cf 96       		.byte	0x96
 1535 08d0 00000000 		.4byte	.LFB10
 1536 08d4 9C000000 		.4byte	.LFE10-.LFB10
ARM GAS  /tmp/ccodmWjC.s 			page 28


 1537 08d8 01       		.uleb128 0x1
 1538 08d9 9C       		.byte	0x9c
 1539 08da 2D090000 		.4byte	0x92d
 1540 08de 15       		.uleb128 0x15
 1541 08df 02000000 		.4byte	.LBB5
 1542 08e3 06000000 		.4byte	.LBE5-.LBB5
 1543 08e7 F9080000 		.4byte	0x8f9
 1544 08eb 16       		.uleb128 0x16
 1545 08ec 746D7000 		.ascii	"tmp\000"
 1546 08f0 01       		.byte	0x1
 1547 08f1 98       		.byte	0x98
 1548 08f2 A9000000 		.4byte	0xa9
 1549 08f6 01       		.uleb128 0x1
 1550 08f7 53       		.byte	0x53
 1551 08f8 00       		.byte	0
 1552 08f9 15       		.uleb128 0x15
 1553 08fa 14000000 		.4byte	.LBB6
 1554 08fe 6C000000 		.4byte	.LBE6-.LBB6
 1555 0902 15090000 		.4byte	0x915
 1556 0906 19       		.uleb128 0x19
 1557 0907 42020000 		.4byte	.LASF100
 1558 090b 01       		.byte	0x1
 1559 090c 9A       		.byte	0x9a
 1560 090d B2080000 		.4byte	0x8b2
 1561 0911 02       		.uleb128 0x2
 1562 0912 91       		.byte	0x91
 1563 0913 7C       		.sleb128 -4
 1564 0914 00       		.byte	0
 1565 0915 17       		.uleb128 0x17
 1566 0916 80000000 		.4byte	.LBB7
 1567 091a 06000000 		.4byte	.LBE7-.LBB7
 1568 091e 16       		.uleb128 0x16
 1569 091f 746D7000 		.ascii	"tmp\000"
 1570 0923 01       		.byte	0x1
 1571 0924 BB       		.byte	0xbb
 1572 0925 A9000000 		.4byte	0xa9
 1573 0929 01       		.uleb128 0x1
 1574 092a 53       		.byte	0x53
 1575 092b 00       		.byte	0
 1576 092c 00       		.byte	0
 1577 092d 1A       		.uleb128 0x1a
 1578 092e 36010000 		.4byte	.LASF103
 1579 0932 01       		.byte	0x1
 1580 0933 C5       		.byte	0xc5
 1581 0934 00000000 		.4byte	.LFB11
 1582 0938 0E000000 		.4byte	.LFE11-.LFB11
 1583 093c 01       		.uleb128 0x1
 1584 093d 9C       		.byte	0x9c
 1585 093e 18       		.uleb128 0x18
 1586 093f 12010000 		.4byte	.LASF104
 1587 0943 01       		.byte	0x1
 1588 0944 E2       		.byte	0xe2
 1589 0945 00000000 		.4byte	.LFB12
 1590 0949 1C000000 		.4byte	.LFE12-.LFB12
 1591 094d 01       		.uleb128 0x1
 1592 094e 9C       		.byte	0x9c
 1593 094f 6E090000 		.4byte	0x96e
ARM GAS  /tmp/ccodmWjC.s 			page 29


 1594 0953 1B       		.uleb128 0x1b
 1595 0954 6E747000 		.ascii	"ntp\000"
 1596 0958 01       		.byte	0x1
 1597 0959 E2       		.byte	0xe2
 1598 095a 53020000 		.4byte	0x253
 1599 095e 01       		.uleb128 0x1
 1600 095f 53       		.byte	0x53
 1601 0960 1B       		.uleb128 0x1b
 1602 0961 6F747000 		.ascii	"otp\000"
 1603 0965 01       		.byte	0x1
 1604 0966 E2       		.byte	0xe2
 1605 0967 53020000 		.4byte	0x253
 1606 096b 01       		.uleb128 0x1
 1607 096c 52       		.byte	0x52
 1608 096d 00       		.byte	0
 1609 096e 14       		.uleb128 0x14
 1610 096f A6010000 		.4byte	.LASF105
 1611 0973 01       		.byte	0x1
 1612 0974 F9       		.byte	0xf9
 1613 0975 00000000 		.4byte	.LFB13
 1614 0979 16000000 		.4byte	.LFE13-.LFB13
 1615 097d 01       		.uleb128 0x1
 1616 097e 9C       		.byte	0x9c
 1617 097f 9B090000 		.4byte	0x99b
 1618 0983 17       		.uleb128 0x17
 1619 0984 06000000 		.4byte	.LBB8
 1620 0988 06000000 		.4byte	.LBE8-.LBB8
 1621 098c 16       		.uleb128 0x16
 1622 098d 746D7000 		.ascii	"tmp\000"
 1623 0991 01       		.byte	0x1
 1624 0992 FB       		.byte	0xfb
 1625 0993 A9000000 		.4byte	0xa9
 1626 0997 01       		.uleb128 0x1
 1627 0998 53       		.byte	0x53
 1628 0999 00       		.byte	0
 1629 099a 00       		.byte	0
 1630 099b 1C       		.uleb128 0x1c
 1631 099c A8030000 		.4byte	.LASF108
 1632 09a0 09       		.byte	0x9
 1633 09a1 6F       		.byte	0x6f
 1634 09a2 8F070000 		.4byte	0x78f
 1635 09a6 00       		.byte	0
 1636              		.section	.debug_abbrev,"",%progbits
 1637              	.Ldebug_abbrev0:
 1638 0000 01       		.uleb128 0x1
 1639 0001 11       		.uleb128 0x11
 1640 0002 01       		.byte	0x1
 1641 0003 25       		.uleb128 0x25
 1642 0004 0E       		.uleb128 0xe
 1643 0005 13       		.uleb128 0x13
 1644 0006 0B       		.uleb128 0xb
 1645 0007 03       		.uleb128 0x3
 1646 0008 0E       		.uleb128 0xe
 1647 0009 55       		.uleb128 0x55
 1648 000a 17       		.uleb128 0x17
 1649 000b 11       		.uleb128 0x11
 1650 000c 01       		.uleb128 0x1
ARM GAS  /tmp/ccodmWjC.s 			page 30


 1651 000d 10       		.uleb128 0x10
 1652 000e 17       		.uleb128 0x17
 1653 000f 00       		.byte	0
 1654 0010 00       		.byte	0
 1655 0011 02       		.uleb128 0x2
 1656 0012 24       		.uleb128 0x24
 1657 0013 00       		.byte	0
 1658 0014 0B       		.uleb128 0xb
 1659 0015 0B       		.uleb128 0xb
 1660 0016 3E       		.uleb128 0x3e
 1661 0017 0B       		.uleb128 0xb
 1662 0018 03       		.uleb128 0x3
 1663 0019 08       		.uleb128 0x8
 1664 001a 00       		.byte	0
 1665 001b 00       		.byte	0
 1666 001c 03       		.uleb128 0x3
 1667 001d 24       		.uleb128 0x24
 1668 001e 00       		.byte	0
 1669 001f 0B       		.uleb128 0xb
 1670 0020 0B       		.uleb128 0xb
 1671 0021 3E       		.uleb128 0x3e
 1672 0022 0B       		.uleb128 0xb
 1673 0023 03       		.uleb128 0x3
 1674 0024 0E       		.uleb128 0xe
 1675 0025 00       		.byte	0
 1676 0026 00       		.byte	0
 1677 0027 04       		.uleb128 0x4
 1678 0028 16       		.uleb128 0x16
 1679 0029 00       		.byte	0
 1680 002a 03       		.uleb128 0x3
 1681 002b 0E       		.uleb128 0xe
 1682 002c 3A       		.uleb128 0x3a
 1683 002d 0B       		.uleb128 0xb
 1684 002e 3B       		.uleb128 0x3b
 1685 002f 0B       		.uleb128 0xb
 1686 0030 49       		.uleb128 0x49
 1687 0031 13       		.uleb128 0x13
 1688 0032 00       		.byte	0
 1689 0033 00       		.byte	0
 1690 0034 05       		.uleb128 0x5
 1691 0035 13       		.uleb128 0x13
 1692 0036 01       		.byte	0x1
 1693 0037 03       		.uleb128 0x3
 1694 0038 0E       		.uleb128 0xe
 1695 0039 0B       		.uleb128 0xb
 1696 003a 0B       		.uleb128 0xb
 1697 003b 3A       		.uleb128 0x3a
 1698 003c 0B       		.uleb128 0xb
 1699 003d 3B       		.uleb128 0x3b
 1700 003e 0B       		.uleb128 0xb
 1701 003f 01       		.uleb128 0x1
 1702 0040 13       		.uleb128 0x13
 1703 0041 00       		.byte	0
 1704 0042 00       		.byte	0
 1705 0043 06       		.uleb128 0x6
 1706 0044 0D       		.uleb128 0xd
 1707 0045 00       		.byte	0
ARM GAS  /tmp/ccodmWjC.s 			page 31


 1708 0046 03       		.uleb128 0x3
 1709 0047 0E       		.uleb128 0xe
 1710 0048 3A       		.uleb128 0x3a
 1711 0049 0B       		.uleb128 0xb
 1712 004a 3B       		.uleb128 0x3b
 1713 004b 0B       		.uleb128 0xb
 1714 004c 49       		.uleb128 0x49
 1715 004d 13       		.uleb128 0x13
 1716 004e 38       		.uleb128 0x38
 1717 004f 0B       		.uleb128 0xb
 1718 0050 00       		.byte	0
 1719 0051 00       		.byte	0
 1720 0052 07       		.uleb128 0x7
 1721 0053 0D       		.uleb128 0xd
 1722 0054 00       		.byte	0
 1723 0055 03       		.uleb128 0x3
 1724 0056 08       		.uleb128 0x8
 1725 0057 3A       		.uleb128 0x3a
 1726 0058 0B       		.uleb128 0xb
 1727 0059 3B       		.uleb128 0x3b
 1728 005a 0B       		.uleb128 0xb
 1729 005b 49       		.uleb128 0x49
 1730 005c 13       		.uleb128 0x13
 1731 005d 38       		.uleb128 0x38
 1732 005e 0B       		.uleb128 0xb
 1733 005f 00       		.byte	0
 1734 0060 00       		.byte	0
 1735 0061 08       		.uleb128 0x8
 1736 0062 13       		.uleb128 0x13
 1737 0063 01       		.byte	0x1
 1738 0064 0B       		.uleb128 0xb
 1739 0065 0B       		.uleb128 0xb
 1740 0066 3A       		.uleb128 0x3a
 1741 0067 0B       		.uleb128 0xb
 1742 0068 3B       		.uleb128 0x3b
 1743 0069 0B       		.uleb128 0xb
 1744 006a 01       		.uleb128 0x1
 1745 006b 13       		.uleb128 0x13
 1746 006c 00       		.byte	0
 1747 006d 00       		.byte	0
 1748 006e 09       		.uleb128 0x9
 1749 006f 0F       		.uleb128 0xf
 1750 0070 00       		.byte	0
 1751 0071 0B       		.uleb128 0xb
 1752 0072 0B       		.uleb128 0xb
 1753 0073 49       		.uleb128 0x49
 1754 0074 13       		.uleb128 0x13
 1755 0075 00       		.byte	0
 1756 0076 00       		.byte	0
 1757 0077 0A       		.uleb128 0xa
 1758 0078 0F       		.uleb128 0xf
 1759 0079 00       		.byte	0
 1760 007a 0B       		.uleb128 0xb
 1761 007b 0B       		.uleb128 0xb
 1762 007c 00       		.byte	0
 1763 007d 00       		.byte	0
 1764 007e 0B       		.uleb128 0xb
ARM GAS  /tmp/ccodmWjC.s 			page 32


 1765 007f 0D       		.uleb128 0xd
 1766 0080 00       		.byte	0
 1767 0081 03       		.uleb128 0x3
 1768 0082 08       		.uleb128 0x8
 1769 0083 3A       		.uleb128 0x3a
 1770 0084 0B       		.uleb128 0xb
 1771 0085 3B       		.uleb128 0x3b
 1772 0086 05       		.uleb128 0x5
 1773 0087 49       		.uleb128 0x49
 1774 0088 13       		.uleb128 0x13
 1775 0089 38       		.uleb128 0x38
 1776 008a 0B       		.uleb128 0xb
 1777 008b 00       		.byte	0
 1778 008c 00       		.byte	0
 1779 008d 0C       		.uleb128 0xc
 1780 008e 0D       		.uleb128 0xd
 1781 008f 00       		.byte	0
 1782 0090 03       		.uleb128 0x3
 1783 0091 0E       		.uleb128 0xe
 1784 0092 3A       		.uleb128 0x3a
 1785 0093 0B       		.uleb128 0xb
 1786 0094 3B       		.uleb128 0x3b
 1787 0095 05       		.uleb128 0x5
 1788 0096 49       		.uleb128 0x49
 1789 0097 13       		.uleb128 0x13
 1790 0098 38       		.uleb128 0x38
 1791 0099 0B       		.uleb128 0xb
 1792 009a 00       		.byte	0
 1793 009b 00       		.byte	0
 1794 009c 0D       		.uleb128 0xd
 1795 009d 13       		.uleb128 0x13
 1796 009e 01       		.byte	0x1
 1797 009f 03       		.uleb128 0x3
 1798 00a0 0E       		.uleb128 0xe
 1799 00a1 0B       		.uleb128 0xb
 1800 00a2 0B       		.uleb128 0xb
 1801 00a3 3A       		.uleb128 0x3a
 1802 00a4 0B       		.uleb128 0xb
 1803 00a5 3B       		.uleb128 0x3b
 1804 00a6 05       		.uleb128 0x5
 1805 00a7 01       		.uleb128 0x1
 1806 00a8 13       		.uleb128 0x13
 1807 00a9 00       		.byte	0
 1808 00aa 00       		.byte	0
 1809 00ab 0E       		.uleb128 0xe
 1810 00ac 35       		.uleb128 0x35
 1811 00ad 00       		.byte	0
 1812 00ae 49       		.uleb128 0x49
 1813 00af 13       		.uleb128 0x13
 1814 00b0 00       		.byte	0
 1815 00b1 00       		.byte	0
 1816 00b2 0F       		.uleb128 0xf
 1817 00b3 01       		.uleb128 0x1
 1818 00b4 01       		.byte	0x1
 1819 00b5 49       		.uleb128 0x49
 1820 00b6 13       		.uleb128 0x13
 1821 00b7 01       		.uleb128 0x1
ARM GAS  /tmp/ccodmWjC.s 			page 33


 1822 00b8 13       		.uleb128 0x13
 1823 00b9 00       		.byte	0
 1824 00ba 00       		.byte	0
 1825 00bb 10       		.uleb128 0x10
 1826 00bc 21       		.uleb128 0x21
 1827 00bd 00       		.byte	0
 1828 00be 49       		.uleb128 0x49
 1829 00bf 13       		.uleb128 0x13
 1830 00c0 2F       		.uleb128 0x2f
 1831 00c1 0B       		.uleb128 0xb
 1832 00c2 00       		.byte	0
 1833 00c3 00       		.byte	0
 1834 00c4 11       		.uleb128 0x11
 1835 00c5 17       		.uleb128 0x17
 1836 00c6 01       		.byte	0x1
 1837 00c7 0B       		.uleb128 0xb
 1838 00c8 0B       		.uleb128 0xb
 1839 00c9 3A       		.uleb128 0x3a
 1840 00ca 0B       		.uleb128 0xb
 1841 00cb 3B       		.uleb128 0x3b
 1842 00cc 0B       		.uleb128 0xb
 1843 00cd 01       		.uleb128 0x1
 1844 00ce 13       		.uleb128 0x13
 1845 00cf 00       		.byte	0
 1846 00d0 00       		.byte	0
 1847 00d1 12       		.uleb128 0x12
 1848 00d2 0D       		.uleb128 0xd
 1849 00d3 00       		.byte	0
 1850 00d4 03       		.uleb128 0x3
 1851 00d5 0E       		.uleb128 0xe
 1852 00d6 3A       		.uleb128 0x3a
 1853 00d7 0B       		.uleb128 0xb
 1854 00d8 3B       		.uleb128 0x3b
 1855 00d9 0B       		.uleb128 0xb
 1856 00da 49       		.uleb128 0x49
 1857 00db 13       		.uleb128 0x13
 1858 00dc 00       		.byte	0
 1859 00dd 00       		.byte	0
 1860 00de 13       		.uleb128 0x13
 1861 00df 26       		.uleb128 0x26
 1862 00e0 00       		.byte	0
 1863 00e1 49       		.uleb128 0x49
 1864 00e2 13       		.uleb128 0x13
 1865 00e3 00       		.byte	0
 1866 00e4 00       		.byte	0
 1867 00e5 14       		.uleb128 0x14
 1868 00e6 2E       		.uleb128 0x2e
 1869 00e7 01       		.byte	0x1
 1870 00e8 3F       		.uleb128 0x3f
 1871 00e9 19       		.uleb128 0x19
 1872 00ea 03       		.uleb128 0x3
 1873 00eb 0E       		.uleb128 0xe
 1874 00ec 3A       		.uleb128 0x3a
 1875 00ed 0B       		.uleb128 0xb
 1876 00ee 3B       		.uleb128 0x3b
 1877 00ef 0B       		.uleb128 0xb
 1878 00f0 27       		.uleb128 0x27
ARM GAS  /tmp/ccodmWjC.s 			page 34


 1879 00f1 19       		.uleb128 0x19
 1880 00f2 11       		.uleb128 0x11
 1881 00f3 01       		.uleb128 0x1
 1882 00f4 12       		.uleb128 0x12
 1883 00f5 06       		.uleb128 0x6
 1884 00f6 40       		.uleb128 0x40
 1885 00f7 18       		.uleb128 0x18
 1886 00f8 9642     		.uleb128 0x2116
 1887 00fa 19       		.uleb128 0x19
 1888 00fb 01       		.uleb128 0x1
 1889 00fc 13       		.uleb128 0x13
 1890 00fd 00       		.byte	0
 1891 00fe 00       		.byte	0
 1892 00ff 15       		.uleb128 0x15
 1893 0100 0B       		.uleb128 0xb
 1894 0101 01       		.byte	0x1
 1895 0102 11       		.uleb128 0x11
 1896 0103 01       		.uleb128 0x1
 1897 0104 12       		.uleb128 0x12
 1898 0105 06       		.uleb128 0x6
 1899 0106 01       		.uleb128 0x1
 1900 0107 13       		.uleb128 0x13
 1901 0108 00       		.byte	0
 1902 0109 00       		.byte	0
 1903 010a 16       		.uleb128 0x16
 1904 010b 34       		.uleb128 0x34
 1905 010c 00       		.byte	0
 1906 010d 03       		.uleb128 0x3
 1907 010e 08       		.uleb128 0x8
 1908 010f 3A       		.uleb128 0x3a
 1909 0110 0B       		.uleb128 0xb
 1910 0111 3B       		.uleb128 0x3b
 1911 0112 0B       		.uleb128 0xb
 1912 0113 49       		.uleb128 0x49
 1913 0114 13       		.uleb128 0x13
 1914 0115 02       		.uleb128 0x2
 1915 0116 18       		.uleb128 0x18
 1916 0117 00       		.byte	0
 1917 0118 00       		.byte	0
 1918 0119 17       		.uleb128 0x17
 1919 011a 0B       		.uleb128 0xb
 1920 011b 01       		.byte	0x1
 1921 011c 11       		.uleb128 0x11
 1922 011d 01       		.uleb128 0x1
 1923 011e 12       		.uleb128 0x12
 1924 011f 06       		.uleb128 0x6
 1925 0120 00       		.byte	0
 1926 0121 00       		.byte	0
 1927 0122 18       		.uleb128 0x18
 1928 0123 2E       		.uleb128 0x2e
 1929 0124 01       		.byte	0x1
 1930 0125 3F       		.uleb128 0x3f
 1931 0126 19       		.uleb128 0x19
 1932 0127 03       		.uleb128 0x3
 1933 0128 0E       		.uleb128 0xe
 1934 0129 3A       		.uleb128 0x3a
 1935 012a 0B       		.uleb128 0xb
ARM GAS  /tmp/ccodmWjC.s 			page 35


 1936 012b 3B       		.uleb128 0x3b
 1937 012c 0B       		.uleb128 0xb
 1938 012d 27       		.uleb128 0x27
 1939 012e 19       		.uleb128 0x19
 1940 012f 11       		.uleb128 0x11
 1941 0130 01       		.uleb128 0x1
 1942 0131 12       		.uleb128 0x12
 1943 0132 06       		.uleb128 0x6
 1944 0133 40       		.uleb128 0x40
 1945 0134 18       		.uleb128 0x18
 1946 0135 9742     		.uleb128 0x2117
 1947 0137 19       		.uleb128 0x19
 1948 0138 01       		.uleb128 0x1
 1949 0139 13       		.uleb128 0x13
 1950 013a 00       		.byte	0
 1951 013b 00       		.byte	0
 1952 013c 19       		.uleb128 0x19
 1953 013d 34       		.uleb128 0x34
 1954 013e 00       		.byte	0
 1955 013f 03       		.uleb128 0x3
 1956 0140 0E       		.uleb128 0xe
 1957 0141 3A       		.uleb128 0x3a
 1958 0142 0B       		.uleb128 0xb
 1959 0143 3B       		.uleb128 0x3b
 1960 0144 0B       		.uleb128 0xb
 1961 0145 49       		.uleb128 0x49
 1962 0146 13       		.uleb128 0x13
 1963 0147 02       		.uleb128 0x2
 1964 0148 18       		.uleb128 0x18
 1965 0149 00       		.byte	0
 1966 014a 00       		.byte	0
 1967 014b 1A       		.uleb128 0x1a
 1968 014c 2E       		.uleb128 0x2e
 1969 014d 00       		.byte	0
 1970 014e 3F       		.uleb128 0x3f
 1971 014f 19       		.uleb128 0x19
 1972 0150 03       		.uleb128 0x3
 1973 0151 0E       		.uleb128 0xe
 1974 0152 3A       		.uleb128 0x3a
 1975 0153 0B       		.uleb128 0xb
 1976 0154 3B       		.uleb128 0x3b
 1977 0155 0B       		.uleb128 0xb
 1978 0156 27       		.uleb128 0x27
 1979 0157 19       		.uleb128 0x19
 1980 0158 11       		.uleb128 0x11
 1981 0159 01       		.uleb128 0x1
 1982 015a 12       		.uleb128 0x12
 1983 015b 06       		.uleb128 0x6
 1984 015c 40       		.uleb128 0x40
 1985 015d 18       		.uleb128 0x18
 1986 015e 9642     		.uleb128 0x2116
 1987 0160 19       		.uleb128 0x19
 1988 0161 00       		.byte	0
 1989 0162 00       		.byte	0
 1990 0163 1B       		.uleb128 0x1b
 1991 0164 05       		.uleb128 0x5
 1992 0165 00       		.byte	0
ARM GAS  /tmp/ccodmWjC.s 			page 36


 1993 0166 03       		.uleb128 0x3
 1994 0167 08       		.uleb128 0x8
 1995 0168 3A       		.uleb128 0x3a
 1996 0169 0B       		.uleb128 0xb
 1997 016a 3B       		.uleb128 0x3b
 1998 016b 0B       		.uleb128 0xb
 1999 016c 49       		.uleb128 0x49
 2000 016d 13       		.uleb128 0x13
 2001 016e 02       		.uleb128 0x2
 2002 016f 18       		.uleb128 0x18
 2003 0170 00       		.byte	0
 2004 0171 00       		.byte	0
 2005 0172 1C       		.uleb128 0x1c
 2006 0173 34       		.uleb128 0x34
 2007 0174 00       		.byte	0
 2008 0175 03       		.uleb128 0x3
 2009 0176 0E       		.uleb128 0xe
 2010 0177 3A       		.uleb128 0x3a
 2011 0178 0B       		.uleb128 0xb
 2012 0179 3B       		.uleb128 0x3b
 2013 017a 0B       		.uleb128 0xb
 2014 017b 49       		.uleb128 0x49
 2015 017c 13       		.uleb128 0x13
 2016 017d 3F       		.uleb128 0x3f
 2017 017e 19       		.uleb128 0x19
 2018 017f 3C       		.uleb128 0x3c
 2019 0180 19       		.uleb128 0x19
 2020 0181 00       		.byte	0
 2021 0182 00       		.byte	0
 2022 0183 00       		.byte	0
 2023              		.section	.debug_aranges,"",%progbits
 2024 0000 4C000000 		.4byte	0x4c
 2025 0004 0200     		.2byte	0x2
 2026 0006 00000000 		.4byte	.Ldebug_info0
 2027 000a 04       		.byte	0x4
 2028 000b 00       		.byte	0
 2029 000c 0000     		.2byte	0
 2030 000e 0000     		.2byte	0
 2031 0010 00000000 		.4byte	.LFB7
 2032 0014 28000000 		.4byte	.LFE7-.LFB7
 2033 0018 00000000 		.4byte	.LFB8
 2034 001c 30000000 		.4byte	.LFE8-.LFB8
 2035 0020 00000000 		.4byte	.LFB9
 2036 0024 30000000 		.4byte	.LFE9-.LFB9
 2037 0028 00000000 		.4byte	.LFB10
 2038 002c 9C000000 		.4byte	.LFE10-.LFB10
 2039 0030 00000000 		.4byte	.LFB11
 2040 0034 0E000000 		.4byte	.LFE11-.LFB11
 2041 0038 00000000 		.4byte	.LFB12
 2042 003c 1C000000 		.4byte	.LFE12-.LFB12
 2043 0040 00000000 		.4byte	.LFB13
 2044 0044 16000000 		.4byte	.LFE13-.LFB13
 2045 0048 00000000 		.4byte	0
 2046 004c 00000000 		.4byte	0
 2047              		.section	.debug_ranges,"",%progbits
 2048              	.Ldebug_ranges0:
 2049 0000 00000000 		.4byte	.LFB7
ARM GAS  /tmp/ccodmWjC.s 			page 37


 2050 0004 28000000 		.4byte	.LFE7
 2051 0008 00000000 		.4byte	.LFB8
 2052 000c 30000000 		.4byte	.LFE8
 2053 0010 00000000 		.4byte	.LFB9
 2054 0014 30000000 		.4byte	.LFE9
 2055 0018 00000000 		.4byte	.LFB10
 2056 001c 9C000000 		.4byte	.LFE10
 2057 0020 00000000 		.4byte	.LFB11
 2058 0024 0E000000 		.4byte	.LFE11
 2059 0028 00000000 		.4byte	.LFB12
 2060 002c 1C000000 		.4byte	.LFE12
 2061 0030 00000000 		.4byte	.LFB13
 2062 0034 16000000 		.4byte	.LFE13
 2063 0038 00000000 		.4byte	0
 2064 003c 00000000 		.4byte	0
 2065              		.section	.debug_line,"",%progbits
 2066              	.Ldebug_line0:
 2067 0000 98020000 		.section	.debug_str,"MS",%progbits,1
 2067      0200DF01 
 2067      00000201 
 2067      FB0E0D00 
 2067      01010101 
 2068              	.LASF42:
 2069 0000 705F6D73 		.ascii	"p_msg\000"
 2069      6700
 2070              	.LASF93:
 2071 0006 7264796D 		.ascii	"rdymsg\000"
 2071      736700
 2072              	.LASF78:
 2073 000d 46504453 		.ascii	"FPDSCR\000"
 2073      435200
 2074              	.LASF16:
 2075 0014 75696E74 		.ascii	"uint64_t\000"
 2075      36345F74 
 2075      00
 2076              	.LASF5:
 2077 001d 5F5F7569 		.ascii	"__uint8_t\000"
 2077      6E74385F 
 2077      7400
 2078              	.LASF75:
 2079 0027 434D785F 		.ascii	"CMx_SCB\000"
 2079      53434200 
 2080              	.LASF98:
 2081 002f 53797354 		.ascii	"SysTickVector\000"
 2081      69636B56 
 2081      6563746F 
 2081      7200
 2082              	.LASF12:
 2083 003d 6C6F6E67 		.ascii	"long long unsigned int\000"
 2083      206C6F6E 
 2083      6720756E 
 2083      7369676E 
 2083      65642069 
 2084              	.LASF60:
 2085 0054 43505549 		.ascii	"CPUID\000"
 2085      4400
 2086              	.LASF29:
ARM GAS  /tmp/ccodmWjC.s 			page 38


 2087 005a 705F7072 		.ascii	"p_prio\000"
 2087      696F00
 2088              	.LASF10:
 2089 0061 6C6F6E67 		.ascii	"long long int\000"
 2089      206C6F6E 
 2089      6720696E 
 2089      7400
 2090              	.LASF1:
 2091 006f 7369676E 		.ascii	"signed char\000"
 2091      65642063 
 2091      68617200 
 2092              	.LASF46:
 2093 007b 705F6D70 		.ascii	"p_mpool\000"
 2093      6F6F6C00 
 2094              	.LASF90:
 2095 0083 6D5F7175 		.ascii	"m_queue\000"
 2095      65756500 
 2096              	.LASF21:
 2097 008b 74736C69 		.ascii	"tslices_t\000"
 2097      6365735F 
 2097      7400
 2098              	.LASF7:
 2099 0095 6C6F6E67 		.ascii	"long int\000"
 2099      20696E74 
 2099      00
 2100              	.LASF99:
 2101 009e 53564361 		.ascii	"SVCallVector\000"
 2101      6C6C5665 
 2101      63746F72 
 2101      00
 2102              	.LASF19:
 2103 00ab 74737461 		.ascii	"tstate_t\000"
 2103      74655F74 
 2103      00
 2104              	.LASF31:
 2105 00b4 705F6E65 		.ascii	"p_newer\000"
 2105      77657200 
 2106              	.LASF70:
 2107 00bc 42464152 		.ascii	"BFAR\000"
 2107      00
 2108              	.LASF94:
 2109 00c1 65786974 		.ascii	"exitcode\000"
 2109      636F6465 
 2109      00
 2110              	.LASF71:
 2111 00ca 41465352 		.ascii	"AFSR\000"
 2111      00
 2112              	.LASF8:
 2113 00cf 5F5F7569 		.ascii	"__uint32_t\000"
 2113      6E743332 
 2113      5F7400
 2114              	.LASF49:
 2115 00da 72656761 		.ascii	"regarm_t\000"
 2115      726D5F74 
 2115      00
 2116              	.LASF55:
 2117 00e3 72657365 		.ascii	"reserved\000"
ARM GAS  /tmp/ccodmWjC.s 			page 39


 2117      72766564 
 2117      00
 2118              	.LASF34:
 2119 00ec 705F7374 		.ascii	"p_stklimit\000"
 2119      6B6C696D 
 2119      697400
 2120              	.LASF0:
 2121 00f7 756E7369 		.ascii	"unsigned int\000"
 2121      676E6564 
 2121      20696E74 
 2121      00
 2122              	.LASF52:
 2123 0104 6C725F74 		.ascii	"lr_thd\000"
 2123      686400
 2124              	.LASF51:
 2125 010b 65787463 		.ascii	"extctx\000"
 2125      747800
 2126              	.LASF104:
 2127 0112 5F706F72 		.ascii	"_port_switch\000"
 2127      745F7377 
 2127      69746368 
 2127      00
 2128              	.LASF9:
 2129 011f 6C6F6E67 		.ascii	"long unsigned int\000"
 2129      20756E73 
 2129      69676E65 
 2129      6420696E 
 2129      7400
 2130              	.LASF62:
 2131 0131 56544F52 		.ascii	"VTOR\000"
 2131      00
 2132              	.LASF103:
 2133 0136 5F706F72 		.ascii	"_port_switch_from_isr\000"
 2133      745F7377 
 2133      69746368 
 2133      5F66726F 
 2133      6D5F6973 
 2134              	.LASF57:
 2135 014c 636F6E74 		.ascii	"context\000"
 2135      65787400 
 2136              	.LASF4:
 2137 0154 73686F72 		.ascii	"short unsigned int\000"
 2137      7420756E 
 2137      7369676E 
 2137      65642069 
 2137      6E7400
 2138              	.LASF61:
 2139 0167 49435352 		.ascii	"ICSR\000"
 2139      00
 2140              	.LASF23:
 2141 016c 6D73675F 		.ascii	"msg_t\000"
 2141      7400
 2142              	.LASF63:
 2143 0172 41495243 		.ascii	"AIRCR\000"
 2143      5200
 2144              	.LASF68:
 2145 0178 44465352 		.ascii	"DFSR\000"
ARM GAS  /tmp/ccodmWjC.s 			page 40


 2145      00
 2146              	.LASF85:
 2147 017d 725F6E65 		.ascii	"r_newer\000"
 2147      77657200 
 2148              	.LASF69:
 2149 0185 4D4D4641 		.ascii	"MMFAR\000"
 2149      5200
 2150              	.LASF101:
 2151 018b 5F706F72 		.ascii	"_port_irq_epilogue\000"
 2151      745F6972 
 2151      715F6570 
 2151      696C6F67 
 2151      756500
 2152              	.LASF18:
 2153 019e 746D6F64 		.ascii	"tmode_t\000"
 2153      655F7400 
 2154              	.LASF105:
 2155 01a6 5F706F72 		.ascii	"_port_thread_start\000"
 2155      745F7468 
 2155      72656164 
 2155      5F737461 
 2155      727400
 2156              	.LASF48:
 2157 01b9 54687265 		.ascii	"ThreadsList\000"
 2157      6164734C 
 2157      69737400 
 2158              	.LASF24:
 2159 01c5 6576656E 		.ascii	"eventmask_t\000"
 2159      746D6173 
 2159      6B5F7400 
 2160              	.LASF89:
 2161 01d1 4D757465 		.ascii	"Mutex\000"
 2161      7800
 2162              	.LASF50:
 2163 01d7 73746B61 		.ascii	"stkalign_t\000"
 2163      6C69676E 
 2163      5F7400
 2164              	.LASF76:
 2165 01e2 46504343 		.ascii	"FPCCR\000"
 2165      5200
 2166              	.LASF59:
 2167 01e8 73697A65 		.ascii	"sizetype\000"
 2167      74797065 
 2167      00
 2168              	.LASF66:
 2169 01f1 43465352 		.ascii	"CFSR\000"
 2169      00
 2170              	.LASF32:
 2171 01f6 705F6F6C 		.ascii	"p_older\000"
 2171      64657200 
 2172              	.LASF84:
 2173 01fe 725F6374 		.ascii	"r_ctx\000"
 2173      7800
 2174              	.LASF47:
 2175 0204 54687265 		.ascii	"ThreadsQueue\000"
 2175      61647351 
 2175      75657565 
ARM GAS  /tmp/ccodmWjC.s 			page 41


 2175      00
 2176              	.LASF87:
 2177 0211 725F6375 		.ascii	"r_current\000"
 2177      7272656E 
 2177      7400
 2178              	.LASF86:
 2179 021b 725F6F6C 		.ascii	"r_older\000"
 2179      64657200 
 2180              	.LASF11:
 2181 0223 5F5F7569 		.ascii	"__uint64_t\000"
 2181      6E743634 
 2181      5F7400
 2182              	.LASF79:
 2183 022e 4D564652 		.ascii	"MVFR0\000"
 2183      3000
 2184              	.LASF80:
 2185 0234 4D564652 		.ascii	"MVFR1\000"
 2185      3100
 2186              	.LASF20:
 2187 023a 74726566 		.ascii	"trefs_t\000"
 2187      735F7400 
 2188              	.LASF100:
 2189 0242 63747870 		.ascii	"ctxp\000"
 2189      00
 2190              	.LASF28:
 2191 0247 705F7072 		.ascii	"p_prev\000"
 2191      657600
 2192              	.LASF22:
 2193 024e 74707269 		.ascii	"tprio_t\000"
 2193      6F5F7400 
 2194              	.LASF17:
 2195 0256 5F426F6F 		.ascii	"_Bool\000"
 2195      6C00
 2196              	.LASF14:
 2197 025c 696E7433 		.ascii	"int32_t\000"
 2197      325F7400 
 2198              	.LASF2:
 2199 0264 756E7369 		.ascii	"unsigned char\000"
 2199      676E6564 
 2199      20636861 
 2199      7200
 2200              	.LASF65:
 2201 0272 53484353 		.ascii	"SHCSR\000"
 2201      5200
 2202              	.LASF44:
 2203 0278 705F6D74 		.ascii	"p_mtxlist\000"
 2203      786C6973 
 2203      7400
 2204              	.LASF3:
 2205 0282 73686F72 		.ascii	"short int\000"
 2205      7420696E 
 2205      7400
 2206              	.LASF35:
 2207 028c 705F7374 		.ascii	"p_state\000"
 2207      61746500 
 2208              	.LASF81:
 2209 0294 434D785F 		.ascii	"CMx_FPU\000"
ARM GAS  /tmp/ccodmWjC.s 			page 42


 2209      46505500 
 2210              	.LASF38:
 2211 029c 705F7072 		.ascii	"p_preempt\000"
 2211      65656D70 
 2211      7400
 2212              	.LASF53:
 2213 02a6 78707372 		.ascii	"xpsr\000"
 2213      00
 2214              	.LASF83:
 2215 02ab 725F7072 		.ascii	"r_prio\000"
 2215      696F00
 2216              	.LASF96:
 2217 02b2 65776D61 		.ascii	"ewmask\000"
 2217      736B00
 2218              	.LASF27:
 2219 02b9 705F6E65 		.ascii	"p_next\000"
 2219      787400
 2220              	.LASF54:
 2221 02c0 66707363 		.ascii	"fpscr\000"
 2221      7200
 2222              	.LASF36:
 2223 02c6 705F666C 		.ascii	"p_flags\000"
 2223      61677300 
 2224              	.LASF77:
 2225 02ce 46504341 		.ascii	"FPCAR\000"
 2225      5200
 2226              	.LASF26:
 2227 02d4 54687265 		.ascii	"Thread\000"
 2227      616400
 2228              	.LASF43:
 2229 02db 705F6570 		.ascii	"p_epending\000"
 2229      656E6469 
 2229      6E6700
 2230              	.LASF15:
 2231 02e6 75696E74 		.ascii	"uint32_t\000"
 2231      33325F74 
 2231      00
 2232              	.LASF82:
 2233 02ef 725F7175 		.ascii	"r_queue\000"
 2233      65756500 
 2234              	.LASF73:
 2235 02f7 756E7573 		.ascii	"unused1\000"
 2235      65643100 
 2236              	.LASF97:
 2237 02ff 63686172 		.ascii	"char\000"
 2237      00
 2238              	.LASF58:
 2239 0304 494F5245 		.ascii	"IOREG32\000"
 2239      47333200 
 2240              	.LASF107:
 2241 030c 2F686F6D 		.ascii	"/home/denny/r2p-sdk/core/ChibiOS/os/ports/GCC/ARMCM"
 2241      652F6465 
 2241      6E6E792F 
 2241      7232702D 
 2241      73646B2F 
 2242 033f 782F6368 		.ascii	"x/chcore_v7m.c\000"
 2242      636F7265 
ARM GAS  /tmp/ccodmWjC.s 			page 43


 2242      5F76376D 
 2242      2E6300
 2243              	.LASF92:
 2244 034e 6D5F6E65 		.ascii	"m_next\000"
 2244      787400
 2245              	.LASF25:
 2246 0355 73797374 		.ascii	"systime_t\000"
 2246      696D655F 
 2246      7400
 2247              	.LASF45:
 2248 035f 705F7265 		.ascii	"p_realprio\000"
 2248      616C7072 
 2248      696F00
 2249              	.LASF6:
 2250 036a 5F5F696E 		.ascii	"__int32_t\000"
 2250      7433325F 
 2250      7400
 2251              	.LASF39:
 2252 0374 705F7469 		.ascii	"p_time\000"
 2252      6D6500
 2253              	.LASF64:
 2254 037b 53485052 		.ascii	"SHPR\000"
 2254      00
 2255              	.LASF56:
 2256 0380 696E7463 		.ascii	"intctx\000"
 2256      747800
 2257              	.LASF41:
 2258 0387 705F6D73 		.ascii	"p_msgqueue\000"
 2258      67717565 
 2258      756500
 2259              	.LASF37:
 2260 0392 705F7265 		.ascii	"p_refs\000"
 2260      667300
 2261              	.LASF88:
 2262 0399 52656164 		.ascii	"ReadyList\000"
 2262      794C6973 
 2262      7400
 2263              	.LASF72:
 2264 03a3 4D4D4652 		.ascii	"MMFR\000"
 2264      00
 2265              	.LASF108:
 2266 03a8 726C6973 		.ascii	"rlist\000"
 2266      7400
 2267              	.LASF13:
 2268 03ae 75696E74 		.ascii	"uint8_t\000"
 2268      385F7400 
 2269              	.LASF102:
 2270 03b6 5F706F72 		.ascii	"_port_init\000"
 2270      745F696E 
 2270      697400
 2271              	.LASF95:
 2272 03c1 77746F62 		.ascii	"wtobjp\000"
 2272      6A7000
 2273              	.LASF33:
 2274 03c8 705F6E61 		.ascii	"p_name\000"
 2274      6D6500
 2275              	.LASF74:
ARM GAS  /tmp/ccodmWjC.s 			page 44


 2276 03cf 43504143 		.ascii	"CPACR\000"
 2276      5200
 2277              	.LASF67:
 2278 03d5 48465352 		.ascii	"HFSR\000"
 2278      00
 2279              	.LASF91:
 2280 03da 6D5F6F77 		.ascii	"m_owner\000"
 2280      6E657200 
 2281              	.LASF106:
 2282 03e2 474E5520 		.ascii	"GNU C 4.9.3 20141119 (release) [ARM/embedded-4_9-br"
 2282      4320342E 
 2282      392E3320 
 2282      32303134 
 2282      31313139 
 2283 0415 616E6368 		.ascii	"anch revision 218278] -mcpu=cortex-m4 -mfloat-abi=h"
 2283      20726576 
 2283      6973696F 
 2283      6E203231 
 2283      38323738 
 2284 0448 61726420 		.ascii	"ard -mfpu=fpv4-sp-d16 -mno-thumb-interwork -mthumb "
 2284      2D6D6670 
 2284      753D6670 
 2284      76342D73 
 2284      702D6431 
 2285 047b 2D676764 		.ascii	"-ggdb -O0 -fomit-frame-pointer -falign-functions=16"
 2285      62202D4F 
 2285      30202D66 
 2285      6F6D6974 
 2285      2D667261 
 2286 04ae 202D6666 		.ascii	" -ffunction-sections -fdata-sections -fno-common -f"
 2286      756E6374 
 2286      696F6E2D 
 2286      73656374 
 2286      696F6E73 
 2287 04e1 73696E67 		.ascii	"single-precision-constant\000"
 2287      6C652D70 
 2287      72656369 
 2287      73696F6E 
 2287      2D636F6E 
 2288              	.LASF30:
 2289 04fb 705F6374 		.ascii	"p_ctx\000"
 2289      7800
 2290              	.LASF40:
 2291 0501 705F7761 		.ascii	"p_waiting\000"
 2291      6974696E 
 2291      6700
 2292              		.ident	"GCC: (GNU Tools for ARM Embedded Processors) 4.9.3 20141119 (release) [ARM/embedded-4_9-br
ARM GAS  /tmp/ccodmWjC.s 			page 45


DEFINED SYMBOLS
                            *ABS*:00000000 chcore_v7m.c
     /tmp/ccodmWjC.s:21     .text.SysTickVector:00000000 $t
     /tmp/ccodmWjC.s:27     .text.SysTickVector:00000000 SysTickVector
     /tmp/ccodmWjC.s:180    .text._port_irq_epilogue:00000000 _port_irq_epilogue
     /tmp/ccodmWjC.s:69     .text.SVCallVector:00000000 $t
     /tmp/ccodmWjC.s:75     .text.SVCallVector:00000000 SVCallVector
     /tmp/ccodmWjC.s:122    .text.SVCallVector:0000002c $d
     /tmp/ccodmWjC.s:127    .text._port_init:00000000 $t
     /tmp/ccodmWjC.s:133    .text._port_init:00000000 _port_init
     /tmp/ccodmWjC.s:168    .text._port_init:00000028 $d
     /tmp/ccodmWjC.s:174    .text._port_irq_epilogue:00000000 $t
     /tmp/ccodmWjC.s:296    .text._port_irq_epilogue:0000008c $d
     /tmp/ccodmWjC.s:310    .text._port_switch_from_isr:00000000 _port_switch_from_isr
     /tmp/ccodmWjC.s:325    .text._port_switch_from_isr:0000000c _port_exit_from_isr
     /tmp/ccodmWjC.s:304    .text._port_switch_from_isr:00000000 $t
     /tmp/ccodmWjC.s:337    .text._port_switch:00000000 $t
     /tmp/ccodmWjC.s:343    .text._port_switch:00000000 _port_switch
     /tmp/ccodmWjC.s:379    .text._port_thread_start:00000000 $t
     /tmp/ccodmWjC.s:385    .text._port_thread_start:00000000 _port_thread_start
                     .debug_frame:00000010 $d
     /tmp/ccodmWjC.s:303    .text._port_irq_epilogue:0000009c $t

UNDEFINED SYMBOLS
dbg_check_enter_isr
dbg_check_lock_from_isr
chSysTimerHandlerI
dbg_check_unlock_from_isr
dbg_check_leave_isr
nvicSetSystemHandlerPriority
rlist
dbg_check_lock
chSchDoReschedule
dbg_check_unlock
chThdExit
