ARM GAS  /tmp/cchR4a3P.s 			page 1


   1              		.syntax unified
   2              		.cpu cortex-m4
   3              		.eabi_attribute 27, 3
   4              		.eabi_attribute 28, 1
   5              		.fpu fpv4-sp-d16
   6              		.eabi_attribute 20, 1
   7              		.eabi_attribute 21, 1
   8              		.eabi_attribute 23, 3
   9              		.eabi_attribute 24, 1
  10              		.eabi_attribute 25, 1
  11              		.eabi_attribute 26, 1
  12              		.eabi_attribute 30, 6
  13              		.eabi_attribute 34, 1
  14              		.eabi_attribute 18, 4
  15              		.thumb
  16              		.file	"chcond.c"
  17              		.text
  18              	.Ltext0:
  19              		.cfi_sections	.debug_frame
  20              		.section	.text.prio_insert,"ax",%progbits
  21              		.align	2
  22              		.p2align 4,,15
  23              		.thumb
  24              		.thumb_func
  25              		.type	prio_insert, %function
  26              	prio_insert:
  27              	.LFB0:
  28              		.file 1 "/home/ergae/r2p-sdk/core/ChibiOS/os/kernel/include/chinline.h"
  29              		.loc 1 41 0
  30              		.cfi_startproc
  31              		@ args = 0, pretend = 0, frame = 16
  32              		@ frame_needed = 0, uses_anonymous_args = 0
  33              		@ link register save eliminated.
  34 0000 84B0     		sub	sp, sp, #16
  35              		.cfi_def_cfa_offset 16
  36 0002 0190     		str	r0, [sp, #4]
  37 0004 0091     		str	r1, [sp]
  38              		.loc 1 43 0
  39 0006 009B     		ldr	r3, [sp]
  40 0008 0393     		str	r3, [sp, #12]
  41              	.L3:
  42              		.loc 1 45 0 discriminator 2
  43 000a 039B     		ldr	r3, [sp, #12]
  44 000c 1B68     		ldr	r3, [r3]
  45 000e 0393     		str	r3, [sp, #12]
  46              		.loc 1 46 0 discriminator 2
  47 0010 039A     		ldr	r2, [sp, #12]
  48 0012 009B     		ldr	r3, [sp]
  49 0014 9A42     		cmp	r2, r3
  50 0016 05D0     		beq	.L2
  51              		.loc 1 46 0 is_stmt 0 discriminator 1
  52 0018 039B     		ldr	r3, [sp, #12]
  53 001a 9A68     		ldr	r2, [r3, #8]
  54 001c 019B     		ldr	r3, [sp, #4]
  55 001e 9B68     		ldr	r3, [r3, #8]
  56 0020 9A42     		cmp	r2, r3
  57 0022 F2D2     		bcs	.L3
ARM GAS  /tmp/cchR4a3P.s 			page 2


  58              	.L2:
  59              		.loc 1 47 0 is_stmt 1
  60 0024 019B     		ldr	r3, [sp, #4]
  61 0026 039A     		ldr	r2, [sp, #12]
  62 0028 1A60     		str	r2, [r3]
  63              		.loc 1 48 0
  64 002a 039B     		ldr	r3, [sp, #12]
  65 002c 5A68     		ldr	r2, [r3, #4]
  66 002e 019B     		ldr	r3, [sp, #4]
  67 0030 5A60     		str	r2, [r3, #4]
  68              		.loc 1 49 0
  69 0032 019B     		ldr	r3, [sp, #4]
  70 0034 5B68     		ldr	r3, [r3, #4]
  71 0036 039A     		ldr	r2, [sp, #12]
  72 0038 0199     		ldr	r1, [sp, #4]
  73 003a 5160     		str	r1, [r2, #4]
  74 003c 039A     		ldr	r2, [sp, #12]
  75 003e 5268     		ldr	r2, [r2, #4]
  76 0040 1A60     		str	r2, [r3]
  77              		.loc 1 50 0
  78 0042 04B0     		add	sp, sp, #16
  79              		.cfi_def_cfa_offset 0
  80              		@ sp needed
  81 0044 7047     		bx	lr
  82              		.cfi_endproc
  83              	.LFE0:
  84              		.size	prio_insert, .-prio_insert
  85 0046 00BFAFF3 		.section	.text.fifo_remove,"ax",%progbits
  85      0080AFF3 
  85      0080
  86              		.align	2
  87              		.p2align 4,,15
  88              		.thumb
  89              		.thumb_func
  90              		.type	fifo_remove, %function
  91              	fifo_remove:
  92              	.LFB2:
  93              		.loc 1 59 0
  94              		.cfi_startproc
  95              		@ args = 0, pretend = 0, frame = 16
  96              		@ frame_needed = 0, uses_anonymous_args = 0
  97              		@ link register save eliminated.
  98 0000 84B0     		sub	sp, sp, #16
  99              		.cfi_def_cfa_offset 16
 100 0002 0190     		str	r0, [sp, #4]
 101              		.loc 1 60 0
 102 0004 019B     		ldr	r3, [sp, #4]
 103 0006 1B68     		ldr	r3, [r3]
 104 0008 0393     		str	r3, [sp, #12]
 105              		.loc 1 62 0
 106 000a 039B     		ldr	r3, [sp, #12]
 107 000c 1A68     		ldr	r2, [r3]
 108 000e 019B     		ldr	r3, [sp, #4]
 109 0010 1A60     		str	r2, [r3]
 110 0012 019B     		ldr	r3, [sp, #4]
 111 0014 1B68     		ldr	r3, [r3]
 112 0016 019A     		ldr	r2, [sp, #4]
ARM GAS  /tmp/cchR4a3P.s 			page 3


 113 0018 5A60     		str	r2, [r3, #4]
 114              		.loc 1 63 0
 115 001a 039B     		ldr	r3, [sp, #12]
 116              		.loc 1 64 0
 117 001c 1846     		mov	r0, r3
 118 001e 04B0     		add	sp, sp, #16
 119              		.cfi_def_cfa_offset 0
 120              		@ sp needed
 121 0020 7047     		bx	lr
 122              		.cfi_endproc
 123              	.LFE2:
 124              		.size	fifo_remove, .-fifo_remove
 125 0022 00BFAFF3 		.section	.rodata
 125      0080AFF3 
 125      0080AFF3 
 125      0080
 126              		.align	2
 127              	.LC0:
 128 0000 22636843 		.ascii	"\"chCondInit\"()\000"
 128      6F6E6449 
 128      6E697422 
 128      282900
 129              		.section	.text.chCondInit,"ax",%progbits
 130              		.align	2
 131              		.p2align 4,,15
 132              		.global	chCondInit
 133              		.thumb
 134              		.thumb_func
 135              		.type	chCondInit, %function
 136              	chCondInit:
 137              	.LFB7:
 138              		.file 2 "/home/ergae/r2p-sdk/core/ChibiOS/os/kernel/src/chcond.c"
 139              		.loc 2 59 0
 140              		.cfi_startproc
 141              		@ args = 0, pretend = 0, frame = 8
 142              		@ frame_needed = 0, uses_anonymous_args = 0
 143 0000 00B5     		push	{lr}
 144              		.cfi_def_cfa_offset 4
 145              		.cfi_offset 14, -4
 146 0002 83B0     		sub	sp, sp, #12
 147              		.cfi_def_cfa_offset 16
 148 0004 0190     		str	r0, [sp, #4]
 149              		.loc 2 61 0
 150 0006 019B     		ldr	r3, [sp, #4]
 151 0008 002B     		cmp	r3, #0
 152 000a 02D1     		bne	.L7
 153              		.loc 2 61 0 is_stmt 0 discriminator 1
 154 000c 0648     		ldr	r0, .L8
 155 000e FFF7FEFF 		bl	chDbgPanic
 156              	.L7:
 157              		.loc 2 63 0 is_stmt 1
 158 0012 019A     		ldr	r2, [sp, #4]
 159 0014 019B     		ldr	r3, [sp, #4]
 160 0016 5A60     		str	r2, [r3, #4]
 161 0018 019B     		ldr	r3, [sp, #4]
 162 001a 5A68     		ldr	r2, [r3, #4]
 163 001c 019B     		ldr	r3, [sp, #4]
ARM GAS  /tmp/cchR4a3P.s 			page 4


 164 001e 1A60     		str	r2, [r3]
 165              		.loc 2 64 0
 166 0020 03B0     		add	sp, sp, #12
 167              		.cfi_def_cfa_offset 4
 168              		@ sp needed
 169 0022 5DF804FB 		ldr	pc, [sp], #4
 170              	.L9:
 171 0026 00BF     		.align	2
 172              	.L8:
 173 0028 00000000 		.word	.LC0
 174              		.cfi_endproc
 175              	.LFE7:
 176              		.size	chCondInit, .-chCondInit
 177 002c AFF30080 		.section	.rodata
 178 000f 00       		.align	2
 179              	.LC1:
 180 0010 22636843 		.ascii	"\"chCondSignal\"()\000"
 180      6F6E6453 
 180      69676E61 
 180      6C222829 
 180      00
 181              		.section	.text.chCondSignal,"ax",%progbits
 182              		.align	2
 183              		.p2align 4,,15
 184              		.global	chCondSignal
 185              		.thumb
 186              		.thumb_func
 187              		.type	chCondSignal, %function
 188              	chCondSignal:
 189              	.LFB8:
 190              		.loc 2 73 0
 191              		.cfi_startproc
 192              		@ args = 0, pretend = 0, frame = 8
 193              		@ frame_needed = 0, uses_anonymous_args = 0
 194 0000 00B5     		push	{lr}
 195              		.cfi_def_cfa_offset 4
 196              		.cfi_offset 14, -4
 197 0002 83B0     		sub	sp, sp, #12
 198              		.cfi_def_cfa_offset 16
 199 0004 0190     		str	r0, [sp, #4]
 200              		.loc 2 75 0
 201 0006 019B     		ldr	r3, [sp, #4]
 202 0008 002B     		cmp	r3, #0
 203 000a 02D1     		bne	.L11
 204              		.loc 2 75 0 is_stmt 0 discriminator 1
 205 000c 0E48     		ldr	r0, .L13
 206 000e FFF7FEFF 		bl	chDbgPanic
 207              	.L11:
 208              	.LBB2:
 209              		.loc 2 77 0 is_stmt 1
 210 0012 2023     		movs	r3, #32
 211              	@ 77 "/home/ergae/r2p-sdk/core/ChibiOS/os/kernel/src/chcond.c" 1
 212 0014 83F31188 		msr     BASEPRI, r3
 213              	@ 0 "" 2
 214              		.thumb
 215              	.LBE2:
 216 0018 FFF7FEFF 		bl	dbg_check_lock
ARM GAS  /tmp/cchR4a3P.s 			page 5


 217              		.loc 2 78 0
 218 001c 019B     		ldr	r3, [sp, #4]
 219 001e 1A68     		ldr	r2, [r3]
 220 0020 019B     		ldr	r3, [sp, #4]
 221 0022 9A42     		cmp	r2, r3
 222 0024 08D0     		beq	.L12
 223              		.loc 2 79 0
 224 0026 019B     		ldr	r3, [sp, #4]
 225 0028 1846     		mov	r0, r3
 226 002a FFF7FEFF 		bl	fifo_remove
 227 002e 0346     		mov	r3, r0
 228 0030 1846     		mov	r0, r3
 229 0032 0021     		movs	r1, #0
 230 0034 FFF7FEFF 		bl	chSchWakeupS
 231              	.L12:
 232              		.loc 2 80 0
 233 0038 FFF7FEFF 		bl	dbg_check_unlock
 234              	.LBB3:
 235 003c 0023     		movs	r3, #0
 236              	@ 80 "/home/ergae/r2p-sdk/core/ChibiOS/os/kernel/src/chcond.c" 1
 237 003e 83F31188 		msr     BASEPRI, r3
 238              	@ 0 "" 2
 239              		.thumb
 240              	.LBE3:
 241              		.loc 2 81 0
 242 0042 03B0     		add	sp, sp, #12
 243              		.cfi_def_cfa_offset 4
 244              		@ sp needed
 245 0044 5DF804FB 		ldr	pc, [sp], #4
 246              	.L14:
 247              		.align	2
 248              	.L13:
 249 0048 10000000 		.word	.LC1
 250              		.cfi_endproc
 251              	.LFE8:
 252              		.size	chCondSignal, .-chCondSignal
 253 004c AFF30080 		.section	.rodata
 254 0021 000000   		.align	2
 255              	.LC2:
 256 0024 22636843 		.ascii	"\"chCondSignalI\"()\000"
 256      6F6E6453 
 256      69676E61 
 256      6C492228 
 256      2900
 257              		.section	.text.chCondSignalI,"ax",%progbits
 258              		.align	2
 259              		.p2align 4,,15
 260              		.global	chCondSignalI
 261              		.thumb
 262              		.thumb_func
 263              		.type	chCondSignalI, %function
 264              	chCondSignalI:
 265              	.LFB9:
 266              		.loc 2 94 0
 267              		.cfi_startproc
 268              		@ args = 0, pretend = 0, frame = 8
 269              		@ frame_needed = 0, uses_anonymous_args = 0
ARM GAS  /tmp/cchR4a3P.s 			page 6


 270 0000 00B5     		push	{lr}
 271              		.cfi_def_cfa_offset 4
 272              		.cfi_offset 14, -4
 273 0002 83B0     		sub	sp, sp, #12
 274              		.cfi_def_cfa_offset 16
 275 0004 0190     		str	r0, [sp, #4]
 276              		.loc 2 96 0
 277 0006 FFF7FEFF 		bl	chDbgCheckClassI
 278              		.loc 2 97 0
 279 000a 019B     		ldr	r3, [sp, #4]
 280 000c 002B     		cmp	r3, #0
 281 000e 02D1     		bne	.L16
 282              		.loc 2 97 0 is_stmt 0 discriminator 1
 283 0010 0A48     		ldr	r0, .L18
 284 0012 FFF7FEFF 		bl	chDbgPanic
 285              	.L16:
 286              		.loc 2 99 0 is_stmt 1
 287 0016 019B     		ldr	r3, [sp, #4]
 288 0018 1A68     		ldr	r2, [r3]
 289 001a 019B     		ldr	r3, [sp, #4]
 290 001c 9A42     		cmp	r2, r3
 291 001e 0AD0     		beq	.L15
 292              		.loc 2 100 0
 293 0020 019B     		ldr	r3, [sp, #4]
 294 0022 1846     		mov	r0, r3
 295 0024 FFF7FEFF 		bl	fifo_remove
 296 0028 0346     		mov	r3, r0
 297 002a 1846     		mov	r0, r3
 298 002c FFF7FEFF 		bl	chSchReadyI
 299 0030 0246     		mov	r2, r0
 300 0032 0023     		movs	r3, #0
 301 0034 9362     		str	r3, [r2, #40]
 302              	.L15:
 303              		.loc 2 101 0
 304 0036 03B0     		add	sp, sp, #12
 305              		.cfi_def_cfa_offset 4
 306              		@ sp needed
 307 0038 5DF804FB 		ldr	pc, [sp], #4
 308              	.L19:
 309              		.align	2
 310              	.L18:
 311 003c 24000000 		.word	.LC2
 312              		.cfi_endproc
 313              	.LFE9:
 314              		.size	chCondSignalI, .-chCondSignalI
 315              		.section	.text.chCondBroadcast,"ax",%progbits
 316              		.align	2
 317              		.p2align 4,,15
 318              		.global	chCondBroadcast
 319              		.thumb
 320              		.thumb_func
 321              		.type	chCondBroadcast, %function
 322              	chCondBroadcast:
 323              	.LFB10:
 324              		.loc 2 110 0
 325              		.cfi_startproc
 326              		@ args = 0, pretend = 0, frame = 8
ARM GAS  /tmp/cchR4a3P.s 			page 7


 327              		@ frame_needed = 0, uses_anonymous_args = 0
 328 0000 00B5     		push	{lr}
 329              		.cfi_def_cfa_offset 4
 330              		.cfi_offset 14, -4
 331 0002 83B0     		sub	sp, sp, #12
 332              		.cfi_def_cfa_offset 16
 333 0004 0190     		str	r0, [sp, #4]
 334              	.LBB4:
 335              		.loc 2 112 0
 336 0006 2023     		movs	r3, #32
 337              	@ 112 "/home/ergae/r2p-sdk/core/ChibiOS/os/kernel/src/chcond.c" 1
 338 0008 83F31188 		msr     BASEPRI, r3
 339              	@ 0 "" 2
 340              		.thumb
 341              	.LBE4:
 342 000c FFF7FEFF 		bl	dbg_check_lock
 343              		.loc 2 113 0
 344 0010 0198     		ldr	r0, [sp, #4]
 345 0012 FFF7FEFF 		bl	chCondBroadcastI
 346              		.loc 2 114 0
 347 0016 FFF7FEFF 		bl	chSchRescheduleS
 348              		.loc 2 115 0
 349 001a FFF7FEFF 		bl	dbg_check_unlock
 350              	.LBB5:
 351 001e 0023     		movs	r3, #0
 352              	@ 115 "/home/ergae/r2p-sdk/core/ChibiOS/os/kernel/src/chcond.c" 1
 353 0020 83F31188 		msr     BASEPRI, r3
 354              	@ 0 "" 2
 355              		.thumb
 356              	.LBE5:
 357              		.loc 2 116 0
 358 0024 03B0     		add	sp, sp, #12
 359              		.cfi_def_cfa_offset 4
 360              		@ sp needed
 361 0026 5DF804FB 		ldr	pc, [sp], #4
 362              		.cfi_endproc
 363              	.LFE10:
 364              		.size	chCondBroadcast, .-chCondBroadcast
 365 002a 00BFAFF3 		.section	.rodata
 365      0080
 366 0036 0000     		.align	2
 367              	.LC3:
 368 0038 22636843 		.ascii	"\"chCondBroadcastI\"()\000"
 368      6F6E6442 
 368      726F6164 
 368      63617374 
 368      49222829 
 369              		.section	.text.chCondBroadcastI,"ax",%progbits
 370              		.align	2
 371              		.p2align 4,,15
 372              		.global	chCondBroadcastI
 373              		.thumb
 374              		.thumb_func
 375              		.type	chCondBroadcastI, %function
 376              	chCondBroadcastI:
 377              	.LFB11:
 378              		.loc 2 129 0
ARM GAS  /tmp/cchR4a3P.s 			page 8


 379              		.cfi_startproc
 380              		@ args = 0, pretend = 0, frame = 8
 381              		@ frame_needed = 0, uses_anonymous_args = 0
 382 0000 00B5     		push	{lr}
 383              		.cfi_def_cfa_offset 4
 384              		.cfi_offset 14, -4
 385 0002 83B0     		sub	sp, sp, #12
 386              		.cfi_def_cfa_offset 16
 387 0004 0190     		str	r0, [sp, #4]
 388              		.loc 2 131 0
 389 0006 FFF7FEFF 		bl	chDbgCheckClassI
 390              		.loc 2 132 0
 391 000a 019B     		ldr	r3, [sp, #4]
 392 000c 002B     		cmp	r3, #0
 393 000e 02D1     		bne	.L22
 394              		.loc 2 132 0 is_stmt 0 discriminator 1
 395 0010 0B48     		ldr	r0, .L25
 396 0012 FFF7FEFF 		bl	chDbgPanic
 397              	.L22:
 398              		.loc 2 137 0 is_stmt 1
 399 0016 0BE0     		b	.L23
 400              	.L24:
 401              		.loc 2 138 0
 402 0018 019B     		ldr	r3, [sp, #4]
 403 001a 1846     		mov	r0, r3
 404 001c FFF7FEFF 		bl	fifo_remove
 405 0020 0346     		mov	r3, r0
 406 0022 1846     		mov	r0, r3
 407 0024 FFF7FEFF 		bl	chSchReadyI
 408 0028 0246     		mov	r2, r0
 409 002a 6FF00103 		mvn	r3, #1
 410 002e 9362     		str	r3, [r2, #40]
 411              	.L23:
 412              		.loc 2 137 0
 413 0030 019B     		ldr	r3, [sp, #4]
 414 0032 1A68     		ldr	r2, [r3]
 415 0034 019B     		ldr	r3, [sp, #4]
 416 0036 9A42     		cmp	r2, r3
 417 0038 EED1     		bne	.L24
 418              		.loc 2 139 0
 419 003a 03B0     		add	sp, sp, #12
 420              		.cfi_def_cfa_offset 4
 421              		@ sp needed
 422 003c 5DF804FB 		ldr	pc, [sp], #4
 423              	.L26:
 424              		.align	2
 425              	.L25:
 426 0040 38000000 		.word	.LC3
 427              		.cfi_endproc
 428              	.LFE11:
 429              		.size	chCondBroadcastI, .-chCondBroadcastI
 430 0044 AFF30080 		.section	.text.chCondWait,"ax",%progbits
 430      AFF30080 
 430      AFF30080 
 431              		.align	2
 432              		.p2align 4,,15
 433              		.global	chCondWait
ARM GAS  /tmp/cchR4a3P.s 			page 9


 434              		.thumb
 435              		.thumb_func
 436              		.type	chCondWait, %function
 437              	chCondWait:
 438              	.LFB12:
 439              		.loc 2 158 0
 440              		.cfi_startproc
 441              		@ args = 0, pretend = 0, frame = 16
 442              		@ frame_needed = 0, uses_anonymous_args = 0
 443 0000 00B5     		push	{lr}
 444              		.cfi_def_cfa_offset 4
 445              		.cfi_offset 14, -4
 446 0002 85B0     		sub	sp, sp, #20
 447              		.cfi_def_cfa_offset 24
 448 0004 0190     		str	r0, [sp, #4]
 449              	.LBB6:
 450              		.loc 2 161 0
 451 0006 2023     		movs	r3, #32
 452              	@ 161 "/home/ergae/r2p-sdk/core/ChibiOS/os/kernel/src/chcond.c" 1
 453 0008 83F31188 		msr     BASEPRI, r3
 454              	@ 0 "" 2
 455              		.thumb
 456              	.LBE6:
 457 000c FFF7FEFF 		bl	dbg_check_lock
 458              		.loc 2 162 0
 459 0010 0198     		ldr	r0, [sp, #4]
 460 0012 FFF7FEFF 		bl	chCondWaitS
 461 0016 0390     		str	r0, [sp, #12]
 462              		.loc 2 163 0
 463 0018 FFF7FEFF 		bl	dbg_check_unlock
 464              	.LBB7:
 465 001c 0023     		movs	r3, #0
 466              	@ 163 "/home/ergae/r2p-sdk/core/ChibiOS/os/kernel/src/chcond.c" 1
 467 001e 83F31188 		msr     BASEPRI, r3
 468              	@ 0 "" 2
 469              		.thumb
 470              	.LBE7:
 471              		.loc 2 164 0
 472 0022 039B     		ldr	r3, [sp, #12]
 473              		.loc 2 165 0
 474 0024 1846     		mov	r0, r3
 475 0026 05B0     		add	sp, sp, #20
 476              		.cfi_def_cfa_offset 4
 477              		@ sp needed
 478 0028 5DF804FB 		ldr	pc, [sp], #4
 479              		.cfi_endproc
 480              	.LFE12:
 481              		.size	chCondWait, .-chCondWait
 482 002c AFF30080 		.section	.rodata
 483 004d 000000   		.align	2
 484              	.LC4:
 485 0050 22636843 		.ascii	"\"chCondWaitS\"()\000"
 485      6F6E6457 
 485      61697453 
 485      22282900 
 486              		.align	2
 487              	.LC5:
ARM GAS  /tmp/cchR4a3P.s 			page 10


 488 0060 6368436F 		.ascii	"chCondWaitS(), #1\000"
 488      6E645761 
 488      69745328 
 488      292C2023 
 488      3100
 489              		.section	.text.chCondWaitS,"ax",%progbits
 490              		.align	2
 491              		.p2align 4,,15
 492              		.global	chCondWaitS
 493              		.thumb
 494              		.thumb_func
 495              		.type	chCondWaitS, %function
 496              	chCondWaitS:
 497              	.LFB13:
 498              		.loc 2 184 0
 499              		.cfi_startproc
 500              		@ args = 0, pretend = 0, frame = 24
 501              		@ frame_needed = 0, uses_anonymous_args = 0
 502 0000 00B5     		push	{lr}
 503              		.cfi_def_cfa_offset 4
 504              		.cfi_offset 14, -4
 505 0002 87B0     		sub	sp, sp, #28
 506              		.cfi_def_cfa_offset 32
 507 0004 0190     		str	r0, [sp, #4]
 508              		.loc 2 185 0
 509 0006 154B     		ldr	r3, .L33
 510 0008 9B69     		ldr	r3, [r3, #24]
 511 000a 0593     		str	r3, [sp, #20]
 512              		.loc 2 189 0
 513 000c FFF7FEFF 		bl	chDbgCheckClassS
 514              		.loc 2 190 0
 515 0010 019B     		ldr	r3, [sp, #4]
 516 0012 002B     		cmp	r3, #0
 517 0014 02D1     		bne	.L30
 518              		.loc 2 190 0 is_stmt 0 discriminator 1
 519 0016 1248     		ldr	r0, .L33+4
 520 0018 FFF7FEFF 		bl	chDbgPanic
 521              	.L30:
 522              		.loc 2 191 0 is_stmt 1
 523 001c 059B     		ldr	r3, [sp, #20]
 524 001e 1B6C     		ldr	r3, [r3, #64]
 525 0020 002B     		cmp	r3, #0
 526 0022 02D1     		bne	.L31
 527              		.loc 2 191 0 is_stmt 0 discriminator 1
 528 0024 0F48     		ldr	r0, .L33+8
 529 0026 FFF7FEFF 		bl	chDbgPanic
 530              	.L31:
 531              		.loc 2 195 0 is_stmt 1
 532 002a FFF7FEFF 		bl	chMtxUnlockS
 533 002e 0490     		str	r0, [sp, #16]
 534              		.loc 2 196 0
 535 0030 059B     		ldr	r3, [sp, #20]
 536 0032 019A     		ldr	r2, [sp, #4]
 537 0034 9A62     		str	r2, [r3, #40]
 538              		.loc 2 197 0
 539 0036 019B     		ldr	r3, [sp, #4]
 540 0038 0598     		ldr	r0, [sp, #20]
ARM GAS  /tmp/cchR4a3P.s 			page 11


 541 003a 1946     		mov	r1, r3
 542 003c FFF7FEFF 		bl	prio_insert
 543              		.loc 2 198 0
 544 0040 0520     		movs	r0, #5
 545 0042 FFF7FEFF 		bl	chSchGoSleepS
 546              		.loc 2 199 0
 547 0046 059B     		ldr	r3, [sp, #20]
 548 0048 9B6A     		ldr	r3, [r3, #40]
 549 004a 0393     		str	r3, [sp, #12]
 550              		.loc 2 200 0
 551 004c 0498     		ldr	r0, [sp, #16]
 552 004e FFF7FEFF 		bl	chMtxLockS
 553              		.loc 2 201 0
 554 0052 039B     		ldr	r3, [sp, #12]
 555              		.loc 2 202 0
 556 0054 1846     		mov	r0, r3
 557 0056 07B0     		add	sp, sp, #28
 558              		.cfi_def_cfa_offset 4
 559              		@ sp needed
 560 0058 5DF804FB 		ldr	pc, [sp], #4
 561              	.L34:
 562              		.align	2
 563              	.L33:
 564 005c 00000000 		.word	rlist
 565 0060 50000000 		.word	.LC4
 566 0064 60000000 		.word	.LC5
 567              		.cfi_endproc
 568              	.LFE13:
 569              		.size	chCondWaitS, .-chCondWaitS
 570 0068 AFF30080 		.section	.text.chCondWaitTimeout,"ax",%progbits
 570      AFF30080 
 571              		.align	2
 572              		.p2align 4,,15
 573              		.global	chCondWaitTimeout
 574              		.thumb
 575              		.thumb_func
 576              		.type	chCondWaitTimeout, %function
 577              	chCondWaitTimeout:
 578              	.LFB14:
 579              		.loc 2 233 0
 580              		.cfi_startproc
 581              		@ args = 0, pretend = 0, frame = 16
 582              		@ frame_needed = 0, uses_anonymous_args = 0
 583 0000 00B5     		push	{lr}
 584              		.cfi_def_cfa_offset 4
 585              		.cfi_offset 14, -4
 586 0002 85B0     		sub	sp, sp, #20
 587              		.cfi_def_cfa_offset 24
 588 0004 0190     		str	r0, [sp, #4]
 589 0006 0091     		str	r1, [sp]
 590              	.LBB8:
 591              		.loc 2 236 0
 592 0008 2023     		movs	r3, #32
 593              	@ 236 "/home/ergae/r2p-sdk/core/ChibiOS/os/kernel/src/chcond.c" 1
 594 000a 83F31188 		msr     BASEPRI, r3
 595              	@ 0 "" 2
 596              		.thumb
ARM GAS  /tmp/cchR4a3P.s 			page 12


 597              	.LBE8:
 598 000e FFF7FEFF 		bl	dbg_check_lock
 599              		.loc 2 237 0
 600 0012 0198     		ldr	r0, [sp, #4]
 601 0014 0099     		ldr	r1, [sp]
 602 0016 FFF7FEFF 		bl	chCondWaitTimeoutS
 603 001a 0390     		str	r0, [sp, #12]
 604              		.loc 2 238 0
 605 001c FFF7FEFF 		bl	dbg_check_unlock
 606              	.LBB9:
 607 0020 0023     		movs	r3, #0
 608              	@ 238 "/home/ergae/r2p-sdk/core/ChibiOS/os/kernel/src/chcond.c" 1
 609 0022 83F31188 		msr     BASEPRI, r3
 610              	@ 0 "" 2
 611              		.thumb
 612              	.LBE9:
 613              		.loc 2 239 0
 614 0026 039B     		ldr	r3, [sp, #12]
 615              		.loc 2 240 0
 616 0028 1846     		mov	r0, r3
 617 002a 05B0     		add	sp, sp, #20
 618              		.cfi_def_cfa_offset 4
 619              		@ sp needed
 620 002c 5DF804FB 		ldr	pc, [sp], #4
 621              		.cfi_endproc
 622              	.LFE14:
 623              		.size	chCondWaitTimeout, .-chCondWaitTimeout
 624              		.section	.rodata
 625 0072 0000     		.align	2
 626              	.LC6:
 627 0074 22636843 		.ascii	"\"chCondWaitTimeoutS\"()\000"
 627      6F6E6457 
 627      61697454 
 627      696D656F 
 627      75745322 
 628 008b 00       		.align	2
 629              	.LC7:
 630 008c 6368436F 		.ascii	"chCondWaitTimeoutS(), #1\000"
 630      6E645761 
 630      69745469 
 630      6D656F75 
 630      74532829 
 631 00a5 000000   		.section	.text.chCondWaitTimeoutS,"ax",%progbits
 632              		.align	2
 633              		.p2align 4,,15
 634              		.global	chCondWaitTimeoutS
 635              		.thumb
 636              		.thumb_func
 637              		.type	chCondWaitTimeoutS, %function
 638              	chCondWaitTimeoutS:
 639              	.LFB15:
 640              		.loc 2 270 0
 641              		.cfi_startproc
 642              		@ args = 0, pretend = 0, frame = 16
 643              		@ frame_needed = 0, uses_anonymous_args = 0
 644 0000 00B5     		push	{lr}
 645              		.cfi_def_cfa_offset 4
ARM GAS  /tmp/cchR4a3P.s 			page 13


 646              		.cfi_offset 14, -4
 647 0002 85B0     		sub	sp, sp, #20
 648              		.cfi_def_cfa_offset 24
 649 0004 0190     		str	r0, [sp, #4]
 650 0006 0091     		str	r1, [sp]
 651              		.loc 2 274 0
 652 0008 FFF7FEFF 		bl	chDbgCheckClassS
 653              		.loc 2 275 0
 654 000c 019B     		ldr	r3, [sp, #4]
 655 000e 002B     		cmp	r3, #0
 656 0010 02D0     		beq	.L38
 657              		.loc 2 275 0 is_stmt 0 discriminator 2
 658 0012 009B     		ldr	r3, [sp]
 659 0014 002B     		cmp	r3, #0
 660 0016 02D1     		bne	.L39
 661              	.L38:
 662              		.loc 2 275 0 discriminator 3
 663 0018 1448     		ldr	r0, .L43
 664 001a FFF7FEFF 		bl	chDbgPanic
 665              	.L39:
 666              		.loc 2 276 0 is_stmt 1
 667 001e 144B     		ldr	r3, .L43+4
 668 0020 9B69     		ldr	r3, [r3, #24]
 669 0022 1B6C     		ldr	r3, [r3, #64]
 670 0024 002B     		cmp	r3, #0
 671 0026 02D1     		bne	.L40
 672              		.loc 2 276 0 is_stmt 0 discriminator 1
 673 0028 1248     		ldr	r0, .L43+8
 674 002a FFF7FEFF 		bl	chDbgPanic
 675              	.L40:
 676              		.loc 2 280 0 is_stmt 1
 677 002e FFF7FEFF 		bl	chMtxUnlockS
 678 0032 0390     		str	r0, [sp, #12]
 679              		.loc 2 281 0
 680 0034 0E4B     		ldr	r3, .L43+4
 681 0036 9B69     		ldr	r3, [r3, #24]
 682 0038 019A     		ldr	r2, [sp, #4]
 683 003a 9A62     		str	r2, [r3, #40]
 684              		.loc 2 282 0
 685 003c 0C4B     		ldr	r3, .L43+4
 686 003e 9A69     		ldr	r2, [r3, #24]
 687 0040 019B     		ldr	r3, [sp, #4]
 688 0042 1046     		mov	r0, r2
 689 0044 1946     		mov	r1, r3
 690 0046 FFF7FEFF 		bl	prio_insert
 691              		.loc 2 283 0
 692 004a 0520     		movs	r0, #5
 693 004c 0099     		ldr	r1, [sp]
 694 004e FFF7FEFF 		bl	chSchGoSleepTimeoutS
 695 0052 0290     		str	r0, [sp, #8]
 696              		.loc 2 284 0
 697 0054 029B     		ldr	r3, [sp, #8]
 698 0056 B3F1FF3F 		cmp	r3, #-1
 699 005a 02D0     		beq	.L41
 700              		.loc 2 285 0
 701 005c 0398     		ldr	r0, [sp, #12]
 702 005e FFF7FEFF 		bl	chMtxLockS
ARM GAS  /tmp/cchR4a3P.s 			page 14


 703              	.L41:
 704              		.loc 2 286 0
 705 0062 029B     		ldr	r3, [sp, #8]
 706              		.loc 2 287 0
 707 0064 1846     		mov	r0, r3
 708 0066 05B0     		add	sp, sp, #20
 709              		.cfi_def_cfa_offset 4
 710              		@ sp needed
 711 0068 5DF804FB 		ldr	pc, [sp], #4
 712              	.L44:
 713              		.align	2
 714              	.L43:
 715 006c 74000000 		.word	.LC6
 716 0070 00000000 		.word	rlist
 717 0074 8C000000 		.word	.LC7
 718              		.cfi_endproc
 719              	.LFE15:
 720              		.size	chCondWaitTimeoutS, .-chCondWaitTimeoutS
 721 0078 AFF30080 		.text
 721      AFF30080 
 722              	.Letext0:
 723              		.file 3 "/home/ergae/r2p-sdk/tools/gcc-arm-none-eabi-4_9-2014q4/arm-none-eabi/include/machine/_def
 724              		.file 4 "/home/ergae/r2p-sdk/tools/gcc-arm-none-eabi-4_9-2014q4/arm-none-eabi/include/stdint.h"
 725              		.file 5 "/home/ergae/r2p-sdk/core/ChibiOS/os/ports/GCC/ARMCMx/chtypes.h"
 726              		.file 6 "/home/ergae/r2p-sdk/core/ChibiOS/os/kernel/include/chlists.h"
 727              		.file 7 "/home/ergae/r2p-sdk/core/ChibiOS/os/kernel/include/chthreads.h"
 728              		.file 8 "/home/ergae/r2p-sdk/core/ChibiOS/os/ports/GCC/ARMCMx/chcore_v7m.h"
 729              		.file 9 "/home/ergae/r2p-sdk/core/ChibiOS/os/kernel/include/chschd.h"
 730              		.file 10 "/home/ergae/r2p-sdk/core/ChibiOS/os/kernel/include/chmtx.h"
 731              		.file 11 "/home/ergae/r2p-sdk/core/ChibiOS/os/kernel/include/chcond.h"
 732              		.section	.debug_info,"",%progbits
 733              	.Ldebug_info0:
 734 0000 45080000 		.4byte	0x845
 735 0004 0400     		.2byte	0x4
 736 0006 00000000 		.4byte	.Ldebug_abbrev0
 737 000a 04       		.byte	0x4
 738 000b 01       		.uleb128 0x1
 739 000c 68030000 		.4byte	.LASF82
 740 0010 01       		.byte	0x1
 741 0011 5E010000 		.4byte	.LASF83
 742 0015 00000000 		.4byte	.Ldebug_ranges0+0
 743 0019 00000000 		.4byte	0
 744 001d 00000000 		.4byte	.Ldebug_line0
 745 0021 02       		.uleb128 0x2
 746 0022 04       		.byte	0x4
 747 0023 05       		.byte	0x5
 748 0024 696E7400 		.ascii	"int\000"
 749 0028 03       		.uleb128 0x3
 750 0029 04       		.byte	0x4
 751 002a 07       		.byte	0x7
 752 002b E5000000 		.4byte	.LASF0
 753 002f 03       		.uleb128 0x3
 754 0030 01       		.byte	0x1
 755 0031 06       		.byte	0x6
 756 0032 68000000 		.4byte	.LASF1
 757 0036 04       		.uleb128 0x4
 758 0037 21000000 		.4byte	.LASF5
ARM GAS  /tmp/cchR4a3P.s 			page 15


 759 003b 03       		.byte	0x3
 760 003c 1D       		.byte	0x1d
 761 003d 41000000 		.4byte	0x41
 762 0041 03       		.uleb128 0x3
 763 0042 01       		.byte	0x1
 764 0043 08       		.byte	0x8
 765 0044 32020000 		.4byte	.LASF2
 766 0048 03       		.uleb128 0x3
 767 0049 02       		.byte	0x2
 768 004a 05       		.byte	0x5
 769 004b 4A020000 		.4byte	.LASF3
 770 004f 03       		.uleb128 0x3
 771 0050 02       		.byte	0x2
 772 0051 07       		.byte	0x7
 773 0052 0C010000 		.4byte	.LASF4
 774 0056 04       		.uleb128 0x4
 775 0057 E7020000 		.4byte	.LASF6
 776 005b 03       		.byte	0x3
 777 005c 3F       		.byte	0x3f
 778 005d 61000000 		.4byte	0x61
 779 0061 03       		.uleb128 0x3
 780 0062 04       		.byte	0x4
 781 0063 05       		.byte	0x5
 782 0064 96000000 		.4byte	.LASF7
 783 0068 04       		.uleb128 0x4
 784 0069 B9000000 		.4byte	.LASF8
 785 006d 03       		.byte	0x3
 786 006e 41       		.byte	0x41
 787 006f 73000000 		.4byte	0x73
 788 0073 03       		.uleb128 0x3
 789 0074 04       		.byte	0x4
 790 0075 07       		.byte	0x7
 791 0076 F2000000 		.4byte	.LASF9
 792 007a 03       		.uleb128 0x3
 793 007b 08       		.byte	0x8
 794 007c 05       		.byte	0x5
 795 007d 5A000000 		.4byte	.LASF10
 796 0081 04       		.uleb128 0x4
 797 0082 F4010000 		.4byte	.LASF11
 798 0086 03       		.byte	0x3
 799 0087 5B       		.byte	0x5b
 800 0088 8C000000 		.4byte	0x8c
 801 008c 03       		.uleb128 0x3
 802 008d 08       		.byte	0x8
 803 008e 07       		.byte	0x7
 804 008f 2B000000 		.4byte	.LASF12
 805 0093 04       		.uleb128 0x4
 806 0094 38030000 		.4byte	.LASF13
 807 0098 04       		.byte	0x4
 808 0099 15       		.byte	0x15
 809 009a 36000000 		.4byte	0x36
 810 009e 04       		.uleb128 0x4
 811 009f 2A020000 		.4byte	.LASF14
 812 00a3 04       		.byte	0x4
 813 00a4 2C       		.byte	0x2c
 814 00a5 56000000 		.4byte	0x56
 815 00a9 04       		.uleb128 0x4
ARM GAS  /tmp/cchR4a3P.s 			page 16


 816 00aa 9D020000 		.4byte	.LASF15
 817 00ae 04       		.byte	0x4
 818 00af 2D       		.byte	0x2d
 819 00b0 68000000 		.4byte	0x68
 820 00b4 04       		.uleb128 0x4
 821 00b5 18000000 		.4byte	.LASF16
 822 00b9 04       		.byte	0x4
 823 00ba 39       		.byte	0x39
 824 00bb 81000000 		.4byte	0x81
 825 00bf 03       		.uleb128 0x3
 826 00c0 01       		.byte	0x1
 827 00c1 02       		.byte	0x2
 828 00c2 24020000 		.4byte	.LASF17
 829 00c6 04       		.uleb128 0x4
 830 00c7 2D010000 		.4byte	.LASF18
 831 00cb 05       		.byte	0x5
 832 00cc 2C       		.byte	0x2c
 833 00cd 93000000 		.4byte	0x93
 834 00d1 04       		.uleb128 0x4
 835 00d2 9F000000 		.4byte	.LASF19
 836 00d6 05       		.byte	0x5
 837 00d7 2D       		.byte	0x2d
 838 00d8 93000000 		.4byte	0x93
 839 00dc 04       		.uleb128 0x4
 840 00dd FF010000 		.4byte	.LASF20
 841 00e1 05       		.byte	0x5
 842 00e2 2E       		.byte	0x2e
 843 00e3 93000000 		.4byte	0x93
 844 00e7 04       		.uleb128 0x4
 845 00e8 84000000 		.4byte	.LASF21
 846 00ec 05       		.byte	0x5
 847 00ed 2F       		.byte	0x2f
 848 00ee 93000000 		.4byte	0x93
 849 00f2 04       		.uleb128 0x4
 850 00f3 0E020000 		.4byte	.LASF22
 851 00f7 05       		.byte	0x5
 852 00f8 30       		.byte	0x30
 853 00f9 A9000000 		.4byte	0xa9
 854 00fd 04       		.uleb128 0x4
 855 00fe 1F010000 		.4byte	.LASF23
 856 0102 05       		.byte	0x5
 857 0103 31       		.byte	0x31
 858 0104 9E000000 		.4byte	0x9e
 859 0108 04       		.uleb128 0x4
 860 0109 41010000 		.4byte	.LASF24
 861 010d 05       		.byte	0x5
 862 010e 33       		.byte	0x33
 863 010f A9000000 		.4byte	0xa9
 864 0113 04       		.uleb128 0x4
 865 0114 D2020000 		.4byte	.LASF25
 866 0118 05       		.byte	0x5
 867 0119 35       		.byte	0x35
 868 011a A9000000 		.4byte	0xa9
 869 011e 04       		.uleb128 0x4
 870 011f 83020000 		.4byte	.LASF26
 871 0123 06       		.byte	0x6
 872 0124 2A       		.byte	0x2a
ARM GAS  /tmp/cchR4a3P.s 			page 17


 873 0125 29010000 		.4byte	0x129
 874 0129 05       		.uleb128 0x5
 875 012a 83020000 		.4byte	.LASF26
 876 012e 4C       		.byte	0x4c
 877 012f 07       		.byte	0x7
 878 0130 5E       		.byte	0x5e
 879 0131 32020000 		.4byte	0x232
 880 0135 06       		.uleb128 0x6
 881 0136 74020000 		.4byte	.LASF27
 882 013a 07       		.byte	0x7
 883 013b 5F       		.byte	0x5f
 884 013c 53020000 		.4byte	0x253
 885 0140 00       		.byte	0
 886 0141 06       		.uleb128 0x6
 887 0142 07020000 		.4byte	.LASF28
 888 0146 07       		.byte	0x7
 889 0147 61       		.byte	0x61
 890 0148 53020000 		.4byte	0x253
 891 014c 04       		.byte	0x4
 892 014d 06       		.uleb128 0x6
 893 014e 53000000 		.4byte	.LASF29
 894 0152 07       		.byte	0x7
 895 0153 63       		.byte	0x63
 896 0154 F2000000 		.4byte	0xf2
 897 0158 08       		.byte	0x8
 898 0159 06       		.uleb128 0x6
 899 015a 81040000 		.4byte	.LASF30
 900 015e 07       		.byte	0x7
 901 015f 64       		.byte	0x64
 902 0160 E8030000 		.4byte	0x3e8
 903 0164 0C       		.byte	0xc
 904 0165 06       		.uleb128 0x6
 905 0166 A8000000 		.4byte	.LASF31
 906 016a 07       		.byte	0x7
 907 016b 66       		.byte	0x66
 908 016c 53020000 		.4byte	0x253
 909 0170 10       		.byte	0x10
 910 0171 06       		.uleb128 0x6
 911 0172 B2010000 		.4byte	.LASF32
 912 0176 07       		.byte	0x7
 913 0177 67       		.byte	0x67
 914 0178 53020000 		.4byte	0x253
 915 017c 14       		.byte	0x14
 916 017d 06       		.uleb128 0x6
 917 017e 47030000 		.4byte	.LASF33
 918 0182 07       		.byte	0x7
 919 0183 6E       		.byte	0x6e
 920 0184 0C050000 		.4byte	0x50c
 921 0188 18       		.byte	0x18
 922 0189 06       		.uleb128 0x6
 923 018a DA000000 		.4byte	.LASF34
 924 018e 07       		.byte	0x7
 925 018f 74       		.byte	0x74
 926 0190 1E050000 		.4byte	0x51e
 927 0194 1C       		.byte	0x1c
 928 0195 06       		.uleb128 0x6
 929 0196 54020000 		.4byte	.LASF35
ARM GAS  /tmp/cchR4a3P.s 			page 18


 930 019a 07       		.byte	0x7
 931 019b 79       		.byte	0x79
 932 019c D1000000 		.4byte	0xd1
 933 01a0 20       		.byte	0x20
 934 01a1 06       		.uleb128 0x6
 935 01a2 7B020000 		.4byte	.LASF36
 936 01a6 07       		.byte	0x7
 937 01a7 7D       		.byte	0x7d
 938 01a8 C6000000 		.4byte	0xc6
 939 01ac 21       		.byte	0x21
 940 01ad 06       		.uleb128 0x6
 941 01ae 21030000 		.4byte	.LASF37
 942 01b2 07       		.byte	0x7
 943 01b3 82       		.byte	0x82
 944 01b4 DC000000 		.4byte	0xdc
 945 01b8 22       		.byte	0x22
 946 01b9 06       		.uleb128 0x6
 947 01ba 5C020000 		.4byte	.LASF38
 948 01be 07       		.byte	0x7
 949 01bf 88       		.byte	0x88
 950 01c0 E7000000 		.4byte	0xe7
 951 01c4 23       		.byte	0x23
 952 01c5 06       		.uleb128 0x6
 953 01c6 08030000 		.4byte	.LASF39
 954 01ca 07       		.byte	0x7
 955 01cb 8F       		.byte	0x8f
 956 01cc 10040000 		.4byte	0x410
 957 01d0 24       		.byte	0x24
 958 01d1 07       		.uleb128 0x7
 959 01d2 705F7500 		.ascii	"p_u\000"
 960 01d6 07       		.byte	0x7
 961 01d7 B4       		.byte	0xb4
 962 01d8 D7040000 		.4byte	0x4d7
 963 01dc 28       		.byte	0x28
 964 01dd 06       		.uleb128 0x6
 965 01de 87040000 		.4byte	.LASF40
 966 01e2 07       		.byte	0x7
 967 01e3 B9       		.byte	0xb9
 968 01e4 79020000 		.4byte	0x279
 969 01e8 2C       		.byte	0x2c
 970 01e9 06       		.uleb128 0x6
 971 01ea 16030000 		.4byte	.LASF41
 972 01ee 07       		.byte	0x7
 973 01ef BF       		.byte	0xbf
 974 01f0 59020000 		.4byte	0x259
 975 01f4 30       		.byte	0x30
 976 01f5 06       		.uleb128 0x6
 977 01f6 00000000 		.4byte	.LASF42
 978 01fa 07       		.byte	0x7
 979 01fb C3       		.byte	0xc3
 980 01fc FD000000 		.4byte	0xfd
 981 0200 38       		.byte	0x38
 982 0201 06       		.uleb128 0x6
 983 0202 92020000 		.4byte	.LASF43
 984 0206 07       		.byte	0x7
 985 0207 C9       		.byte	0xc9
 986 0208 08010000 		.4byte	0x108
ARM GAS  /tmp/cchR4a3P.s 			page 19


 987 020c 3C       		.byte	0x3c
 988 020d 06       		.uleb128 0x6
 989 020e 40020000 		.4byte	.LASF44
 990 0212 07       		.byte	0x7
 991 0213 D0       		.byte	0xd0
 992 0214 24050000 		.4byte	0x524
 993 0218 40       		.byte	0x40
 994 0219 06       		.uleb128 0x6
 995 021a DC020000 		.4byte	.LASF45
 996 021e 07       		.byte	0x7
 997 021f D4       		.byte	0xd4
 998 0220 F2000000 		.4byte	0xf2
 999 0224 44       		.byte	0x44
 1000 0225 06       		.uleb128 0x6
 1001 0226 74000000 		.4byte	.LASF46
 1002 022a 07       		.byte	0x7
 1003 022b DA       		.byte	0xda
 1004 022c 8F020000 		.4byte	0x28f
 1005 0230 48       		.byte	0x48
 1006 0231 00       		.byte	0
 1007 0232 08       		.uleb128 0x8
 1008 0233 08       		.byte	0x8
 1009 0234 06       		.byte	0x6
 1010 0235 61       		.byte	0x61
 1011 0236 53020000 		.4byte	0x253
 1012 023a 06       		.uleb128 0x6
 1013 023b 74020000 		.4byte	.LASF27
 1014 023f 06       		.byte	0x6
 1015 0240 62       		.byte	0x62
 1016 0241 53020000 		.4byte	0x253
 1017 0245 00       		.byte	0
 1018 0246 06       		.uleb128 0x6
 1019 0247 07020000 		.4byte	.LASF28
 1020 024b 06       		.byte	0x6
 1021 024c 64       		.byte	0x64
 1022 024d 53020000 		.4byte	0x253
 1023 0251 04       		.byte	0x4
 1024 0252 00       		.byte	0
 1025 0253 09       		.uleb128 0x9
 1026 0254 04       		.byte	0x4
 1027 0255 1E010000 		.4byte	0x11e
 1028 0259 04       		.uleb128 0x4
 1029 025a C0010000 		.4byte	.LASF47
 1030 025e 06       		.byte	0x6
 1031 025f 66       		.byte	0x66
 1032 0260 32020000 		.4byte	0x232
 1033 0264 08       		.uleb128 0x8
 1034 0265 04       		.byte	0x4
 1035 0266 06       		.byte	0x6
 1036 0267 6B       		.byte	0x6b
 1037 0268 79020000 		.4byte	0x279
 1038 026c 06       		.uleb128 0x6
 1039 026d 74020000 		.4byte	.LASF27
 1040 0271 06       		.byte	0x6
 1041 0272 6D       		.byte	0x6d
 1042 0273 53020000 		.4byte	0x253
 1043 0277 00       		.byte	0
ARM GAS  /tmp/cchR4a3P.s 			page 20


 1044 0278 00       		.byte	0
 1045 0279 04       		.uleb128 0x4
 1046 027a 35010000 		.4byte	.LASF48
 1047 027e 06       		.byte	0x6
 1048 027f 70       		.byte	0x70
 1049 0280 64020000 		.4byte	0x264
 1050 0284 04       		.uleb128 0x4
 1051 0285 C4000000 		.4byte	.LASF49
 1052 0289 08       		.byte	0x8
 1053 028a E5       		.byte	0xe5
 1054 028b 8F020000 		.4byte	0x28f
 1055 028f 0A       		.uleb128 0xa
 1056 0290 04       		.byte	0x4
 1057 0291 04       		.uleb128 0x4
 1058 0292 53010000 		.4byte	.LASF50
 1059 0296 08       		.byte	0x8
 1060 0297 EB       		.byte	0xeb
 1061 0298 B4000000 		.4byte	0xb4
 1062 029c 0B       		.uleb128 0xb
 1063 029d 0F030000 		.4byte	.LASF51
 1064 02a1 64       		.byte	0x64
 1065 02a2 08       		.byte	0x8
 1066 02a3 0C01     		.2byte	0x10c
 1067 02a5 E8030000 		.4byte	0x3e8
 1068 02a9 0C       		.uleb128 0xc
 1069 02aa 73313600 		.ascii	"s16\000"
 1070 02ae 08       		.byte	0x8
 1071 02af 0E01     		.2byte	0x10e
 1072 02b1 84020000 		.4byte	0x284
 1073 02b5 00       		.byte	0
 1074 02b6 0C       		.uleb128 0xc
 1075 02b7 73313700 		.ascii	"s17\000"
 1076 02bb 08       		.byte	0x8
 1077 02bc 0F01     		.2byte	0x10f
 1078 02be 84020000 		.4byte	0x284
 1079 02c2 04       		.byte	0x4
 1080 02c3 0C       		.uleb128 0xc
 1081 02c4 73313800 		.ascii	"s18\000"
 1082 02c8 08       		.byte	0x8
 1083 02c9 1001     		.2byte	0x110
 1084 02cb 84020000 		.4byte	0x284
 1085 02cf 08       		.byte	0x8
 1086 02d0 0C       		.uleb128 0xc
 1087 02d1 73313900 		.ascii	"s19\000"
 1088 02d5 08       		.byte	0x8
 1089 02d6 1101     		.2byte	0x111
 1090 02d8 84020000 		.4byte	0x284
 1091 02dc 0C       		.byte	0xc
 1092 02dd 0C       		.uleb128 0xc
 1093 02de 73323000 		.ascii	"s20\000"
 1094 02e2 08       		.byte	0x8
 1095 02e3 1201     		.2byte	0x112
 1096 02e5 84020000 		.4byte	0x284
 1097 02e9 10       		.byte	0x10
 1098 02ea 0C       		.uleb128 0xc
 1099 02eb 73323100 		.ascii	"s21\000"
 1100 02ef 08       		.byte	0x8
ARM GAS  /tmp/cchR4a3P.s 			page 21


 1101 02f0 1301     		.2byte	0x113
 1102 02f2 84020000 		.4byte	0x284
 1103 02f6 14       		.byte	0x14
 1104 02f7 0C       		.uleb128 0xc
 1105 02f8 73323200 		.ascii	"s22\000"
 1106 02fc 08       		.byte	0x8
 1107 02fd 1401     		.2byte	0x114
 1108 02ff 84020000 		.4byte	0x284
 1109 0303 18       		.byte	0x18
 1110 0304 0C       		.uleb128 0xc
 1111 0305 73323300 		.ascii	"s23\000"
 1112 0309 08       		.byte	0x8
 1113 030a 1501     		.2byte	0x115
 1114 030c 84020000 		.4byte	0x284
 1115 0310 1C       		.byte	0x1c
 1116 0311 0C       		.uleb128 0xc
 1117 0312 73323400 		.ascii	"s24\000"
 1118 0316 08       		.byte	0x8
 1119 0317 1601     		.2byte	0x116
 1120 0319 84020000 		.4byte	0x284
 1121 031d 20       		.byte	0x20
 1122 031e 0C       		.uleb128 0xc
 1123 031f 73323500 		.ascii	"s25\000"
 1124 0323 08       		.byte	0x8
 1125 0324 1701     		.2byte	0x117
 1126 0326 84020000 		.4byte	0x284
 1127 032a 24       		.byte	0x24
 1128 032b 0C       		.uleb128 0xc
 1129 032c 73323600 		.ascii	"s26\000"
 1130 0330 08       		.byte	0x8
 1131 0331 1801     		.2byte	0x118
 1132 0333 84020000 		.4byte	0x284
 1133 0337 28       		.byte	0x28
 1134 0338 0C       		.uleb128 0xc
 1135 0339 73323700 		.ascii	"s27\000"
 1136 033d 08       		.byte	0x8
 1137 033e 1901     		.2byte	0x119
 1138 0340 84020000 		.4byte	0x284
 1139 0344 2C       		.byte	0x2c
 1140 0345 0C       		.uleb128 0xc
 1141 0346 73323800 		.ascii	"s28\000"
 1142 034a 08       		.byte	0x8
 1143 034b 1A01     		.2byte	0x11a
 1144 034d 84020000 		.4byte	0x284
 1145 0351 30       		.byte	0x30
 1146 0352 0C       		.uleb128 0xc
 1147 0353 73323900 		.ascii	"s29\000"
 1148 0357 08       		.byte	0x8
 1149 0358 1B01     		.2byte	0x11b
 1150 035a 84020000 		.4byte	0x284
 1151 035e 34       		.byte	0x34
 1152 035f 0C       		.uleb128 0xc
 1153 0360 73333000 		.ascii	"s30\000"
 1154 0364 08       		.byte	0x8
 1155 0365 1C01     		.2byte	0x11c
 1156 0367 84020000 		.4byte	0x284
 1157 036b 38       		.byte	0x38
ARM GAS  /tmp/cchR4a3P.s 			page 22


 1158 036c 0C       		.uleb128 0xc
 1159 036d 73333100 		.ascii	"s31\000"
 1160 0371 08       		.byte	0x8
 1161 0372 1D01     		.2byte	0x11d
 1162 0374 84020000 		.4byte	0x284
 1163 0378 3C       		.byte	0x3c
 1164 0379 0C       		.uleb128 0xc
 1165 037a 723400   		.ascii	"r4\000"
 1166 037d 08       		.byte	0x8
 1167 037e 1F01     		.2byte	0x11f
 1168 0380 84020000 		.4byte	0x284
 1169 0384 40       		.byte	0x40
 1170 0385 0C       		.uleb128 0xc
 1171 0386 723500   		.ascii	"r5\000"
 1172 0389 08       		.byte	0x8
 1173 038a 2001     		.2byte	0x120
 1174 038c 84020000 		.4byte	0x284
 1175 0390 44       		.byte	0x44
 1176 0391 0C       		.uleb128 0xc
 1177 0392 723600   		.ascii	"r6\000"
 1178 0395 08       		.byte	0x8
 1179 0396 2101     		.2byte	0x121
 1180 0398 84020000 		.4byte	0x284
 1181 039c 48       		.byte	0x48
 1182 039d 0C       		.uleb128 0xc
 1183 039e 723700   		.ascii	"r7\000"
 1184 03a1 08       		.byte	0x8
 1185 03a2 2201     		.2byte	0x122
 1186 03a4 84020000 		.4byte	0x284
 1187 03a8 4C       		.byte	0x4c
 1188 03a9 0C       		.uleb128 0xc
 1189 03aa 723800   		.ascii	"r8\000"
 1190 03ad 08       		.byte	0x8
 1191 03ae 2301     		.2byte	0x123
 1192 03b0 84020000 		.4byte	0x284
 1193 03b4 50       		.byte	0x50
 1194 03b5 0C       		.uleb128 0xc
 1195 03b6 723900   		.ascii	"r9\000"
 1196 03b9 08       		.byte	0x8
 1197 03ba 2401     		.2byte	0x124
 1198 03bc 84020000 		.4byte	0x284
 1199 03c0 54       		.byte	0x54
 1200 03c1 0C       		.uleb128 0xc
 1201 03c2 72313000 		.ascii	"r10\000"
 1202 03c6 08       		.byte	0x8
 1203 03c7 2501     		.2byte	0x125
 1204 03c9 84020000 		.4byte	0x284
 1205 03cd 58       		.byte	0x58
 1206 03ce 0C       		.uleb128 0xc
 1207 03cf 72313100 		.ascii	"r11\000"
 1208 03d3 08       		.byte	0x8
 1209 03d4 2601     		.2byte	0x126
 1210 03d6 84020000 		.4byte	0x284
 1211 03da 5C       		.byte	0x5c
 1212 03db 0C       		.uleb128 0xc
 1213 03dc 6C7200   		.ascii	"lr\000"
 1214 03df 08       		.byte	0x8
ARM GAS  /tmp/cchR4a3P.s 			page 23


 1215 03e0 2701     		.2byte	0x127
 1216 03e2 84020000 		.4byte	0x284
 1217 03e6 60       		.byte	0x60
 1218 03e7 00       		.byte	0
 1219 03e8 0B       		.uleb128 0xb
 1220 03e9 04010000 		.4byte	.LASF52
 1221 03ed 04       		.byte	0x4
 1222 03ee 08       		.byte	0x8
 1223 03ef 3101     		.2byte	0x131
 1224 03f1 03040000 		.4byte	0x403
 1225 03f5 0C       		.uleb128 0xc
 1226 03f6 72313300 		.ascii	"r13\000"
 1227 03fa 08       		.byte	0x8
 1228 03fb 3201     		.2byte	0x132
 1229 03fd 03040000 		.4byte	0x403
 1230 0401 00       		.byte	0
 1231 0402 00       		.byte	0
 1232 0403 09       		.uleb128 0x9
 1233 0404 04       		.byte	0x4
 1234 0405 9C020000 		.4byte	0x29c
 1235 0409 03       		.uleb128 0x3
 1236 040a 04       		.byte	0x4
 1237 040b 07       		.byte	0x7
 1238 040c 96010000 		.4byte	.LASF53
 1239 0410 0D       		.uleb128 0xd
 1240 0411 13010000 		.4byte	0x113
 1241 0415 08       		.uleb128 0x8
 1242 0416 1C       		.byte	0x1c
 1243 0417 09       		.byte	0x9
 1244 0418 5E       		.byte	0x5e
 1245 0419 66040000 		.4byte	0x466
 1246 041d 06       		.uleb128 0x6
 1247 041e A6020000 		.4byte	.LASF54
 1248 0422 09       		.byte	0x9
 1249 0423 5F       		.byte	0x5f
 1250 0424 59020000 		.4byte	0x259
 1251 0428 00       		.byte	0
 1252 0429 06       		.uleb128 0x6
 1253 042a 66020000 		.4byte	.LASF55
 1254 042e 09       		.byte	0x9
 1255 042f 60       		.byte	0x60
 1256 0430 F2000000 		.4byte	0xf2
 1257 0434 08       		.byte	0x8
 1258 0435 06       		.uleb128 0x6
 1259 0436 BA010000 		.4byte	.LASF56
 1260 043a 09       		.byte	0x9
 1261 043b 62       		.byte	0x62
 1262 043c E8030000 		.4byte	0x3e8
 1263 0440 0C       		.byte	0xc
 1264 0441 06       		.uleb128 0x6
 1265 0442 25010000 		.4byte	.LASF57
 1266 0446 09       		.byte	0x9
 1267 0447 65       		.byte	0x65
 1268 0448 53020000 		.4byte	0x253
 1269 044c 10       		.byte	0x10
 1270 044d 06       		.uleb128 0x6
 1271 044e DC010000 		.4byte	.LASF58
ARM GAS  /tmp/cchR4a3P.s 			page 24


 1272 0452 09       		.byte	0x9
 1273 0453 66       		.byte	0x66
 1274 0454 53020000 		.4byte	0x253
 1275 0458 14       		.byte	0x14
 1276 0459 06       		.uleb128 0x6
 1277 045a D2010000 		.4byte	.LASF59
 1278 045e 09       		.byte	0x9
 1279 045f 69       		.byte	0x69
 1280 0460 53020000 		.4byte	0x253
 1281 0464 18       		.byte	0x18
 1282 0465 00       		.byte	0
 1283 0466 04       		.uleb128 0x4
 1284 0467 28030000 		.4byte	.LASF60
 1285 046b 09       		.byte	0x9
 1286 046c 6B       		.byte	0x6b
 1287 046d 15040000 		.4byte	0x415
 1288 0471 05       		.uleb128 0x5
 1289 0472 4D010000 		.4byte	.LASF61
 1290 0476 10       		.byte	0x10
 1291 0477 0A       		.byte	0xa
 1292 0478 2C       		.byte	0x2c
 1293 0479 A2040000 		.4byte	0x4a2
 1294 047d 06       		.uleb128 0x6
 1295 047e 7C000000 		.4byte	.LASF62
 1296 0482 0A       		.byte	0xa
 1297 0483 2D       		.byte	0x2d
 1298 0484 59020000 		.4byte	0x259
 1299 0488 00       		.byte	0
 1300 0489 06       		.uleb128 0x6
 1301 048a 60030000 		.4byte	.LASF63
 1302 048e 0A       		.byte	0xa
 1303 048f 2F       		.byte	0x2f
 1304 0490 53020000 		.4byte	0x253
 1305 0494 08       		.byte	0x8
 1306 0495 06       		.uleb128 0x6
 1307 0496 CB020000 		.4byte	.LASF64
 1308 049a 0A       		.byte	0xa
 1309 049b 31       		.byte	0x31
 1310 049c A2040000 		.4byte	0x4a2
 1311 04a0 0C       		.byte	0xc
 1312 04a1 00       		.byte	0
 1313 04a2 09       		.uleb128 0x9
 1314 04a3 04       		.byte	0x4
 1315 04a4 71040000 		.4byte	0x471
 1316 04a8 04       		.uleb128 0x4
 1317 04a9 4D010000 		.4byte	.LASF61
 1318 04ad 0A       		.byte	0xa
 1319 04ae 33       		.byte	0x33
 1320 04af 71040000 		.4byte	0x471
 1321 04b3 05       		.uleb128 0x5
 1322 04b4 8E000000 		.4byte	.LASF65
 1323 04b8 08       		.byte	0x8
 1324 04b9 0B       		.byte	0xb
 1325 04ba 36       		.byte	0x36
 1326 04bb CC040000 		.4byte	0x4cc
 1327 04bf 06       		.uleb128 0x6
 1328 04c0 8A020000 		.4byte	.LASF66
ARM GAS  /tmp/cchR4a3P.s 			page 25


 1329 04c4 0B       		.byte	0xb
 1330 04c5 37       		.byte	0x37
 1331 04c6 59020000 		.4byte	0x259
 1332 04ca 00       		.byte	0
 1333 04cb 00       		.byte	0
 1334 04cc 04       		.uleb128 0x4
 1335 04cd 8E000000 		.4byte	.LASF65
 1336 04d1 0B       		.byte	0xb
 1337 04d2 38       		.byte	0x38
 1338 04d3 B3040000 		.4byte	0x4b3
 1339 04d7 0E       		.uleb128 0xe
 1340 04d8 04       		.byte	0x4
 1341 04d9 07       		.byte	0x7
 1342 04da 96       		.byte	0x96
 1343 04db 0C050000 		.4byte	0x50c
 1344 04df 0F       		.uleb128 0xf
 1345 04e0 11000000 		.4byte	.LASF67
 1346 04e4 07       		.byte	0x7
 1347 04e5 9D       		.byte	0x9d
 1348 04e6 FD000000 		.4byte	0xfd
 1349 04ea 0F       		.uleb128 0xf
 1350 04eb B0000000 		.4byte	.LASF68
 1351 04ef 07       		.byte	0x7
 1352 04f0 A4       		.byte	0xa4
 1353 04f1 FD000000 		.4byte	0xfd
 1354 04f5 0F       		.uleb128 0xf
 1355 04f6 40030000 		.4byte	.LASF69
 1356 04fa 07       		.byte	0x7
 1357 04fb AB       		.byte	0xab
 1358 04fc 8F020000 		.4byte	0x28f
 1359 0500 0F       		.uleb128 0xf
 1360 0501 6D020000 		.4byte	.LASF70
 1361 0505 07       		.byte	0x7
 1362 0506 B2       		.byte	0xb2
 1363 0507 08010000 		.4byte	0x108
 1364 050b 00       		.byte	0
 1365 050c 09       		.uleb128 0x9
 1366 050d 04       		.byte	0x4
 1367 050e 12050000 		.4byte	0x512
 1368 0512 10       		.uleb128 0x10
 1369 0513 17050000 		.4byte	0x517
 1370 0517 03       		.uleb128 0x3
 1371 0518 01       		.byte	0x1
 1372 0519 08       		.byte	0x8
 1373 051a AE020000 		.4byte	.LASF71
 1374 051e 09       		.uleb128 0x9
 1375 051f 04       		.byte	0x4
 1376 0520 91020000 		.4byte	0x291
 1377 0524 09       		.uleb128 0x9
 1378 0525 04       		.byte	0x4
 1379 0526 A8040000 		.4byte	0x4a8
 1380 052a 11       		.uleb128 0x11
 1381 052b F1020000 		.4byte	.LASF84
 1382 052f 01       		.byte	0x1
 1383 0530 29       		.byte	0x29
 1384 0531 00000000 		.4byte	.LFB0
 1385 0535 46000000 		.4byte	.LFE0-.LFB0
ARM GAS  /tmp/cchR4a3P.s 			page 26


 1386 0539 01       		.uleb128 0x1
 1387 053a 9C       		.byte	0x9c
 1388 053b 68050000 		.4byte	0x568
 1389 053f 12       		.uleb128 0x12
 1390 0540 747000   		.ascii	"tp\000"
 1391 0543 01       		.byte	0x1
 1392 0544 29       		.byte	0x29
 1393 0545 53020000 		.4byte	0x253
 1394 0549 02       		.uleb128 0x2
 1395 054a 91       		.byte	0x91
 1396 054b 74       		.sleb128 -12
 1397 054c 12       		.uleb128 0x12
 1398 054d 74717000 		.ascii	"tqp\000"
 1399 0551 01       		.byte	0x1
 1400 0552 29       		.byte	0x29
 1401 0553 68050000 		.4byte	0x568
 1402 0557 02       		.uleb128 0x2
 1403 0558 91       		.byte	0x91
 1404 0559 70       		.sleb128 -16
 1405 055a 13       		.uleb128 0x13
 1406 055b 637000   		.ascii	"cp\000"
 1407 055e 01       		.byte	0x1
 1408 055f 2B       		.byte	0x2b
 1409 0560 53020000 		.4byte	0x253
 1410 0564 02       		.uleb128 0x2
 1411 0565 91       		.byte	0x91
 1412 0566 7C       		.sleb128 -4
 1413 0567 00       		.byte	0
 1414 0568 09       		.uleb128 0x9
 1415 0569 04       		.byte	0x4
 1416 056a 59020000 		.4byte	0x259
 1417 056e 14       		.uleb128 0x14
 1418 056f B3020000 		.4byte	.LASF85
 1419 0573 01       		.byte	0x1
 1420 0574 3B       		.byte	0x3b
 1421 0575 53020000 		.4byte	0x253
 1422 0579 00000000 		.4byte	.LFB2
 1423 057d 22000000 		.4byte	.LFE2-.LFB2
 1424 0581 01       		.uleb128 0x1
 1425 0582 9C       		.byte	0x9c
 1426 0583 A3050000 		.4byte	0x5a3
 1427 0587 12       		.uleb128 0x12
 1428 0588 74717000 		.ascii	"tqp\000"
 1429 058c 01       		.byte	0x1
 1430 058d 3B       		.byte	0x3b
 1431 058e 68050000 		.4byte	0x568
 1432 0592 02       		.uleb128 0x2
 1433 0593 91       		.byte	0x91
 1434 0594 74       		.sleb128 -12
 1435 0595 13       		.uleb128 0x13
 1436 0596 747000   		.ascii	"tp\000"
 1437 0599 01       		.byte	0x1
 1438 059a 3C       		.byte	0x3c
 1439 059b 53020000 		.4byte	0x253
 1440 059f 02       		.uleb128 0x2
 1441 05a0 91       		.byte	0x91
 1442 05a1 7C       		.sleb128 -4
ARM GAS  /tmp/cchR4a3P.s 			page 27


 1443 05a2 00       		.byte	0
 1444 05a3 15       		.uleb128 0x15
 1445 05a4 06000000 		.4byte	.LASF72
 1446 05a8 02       		.byte	0x2
 1447 05a9 3B       		.byte	0x3b
 1448 05aa 00000000 		.4byte	.LFB7
 1449 05ae 2C000000 		.4byte	.LFE7-.LFB7
 1450 05b2 01       		.uleb128 0x1
 1451 05b3 9C       		.byte	0x9c
 1452 05b4 C6050000 		.4byte	0x5c6
 1453 05b8 12       		.uleb128 0x12
 1454 05b9 637000   		.ascii	"cp\000"
 1455 05bc 02       		.byte	0x2
 1456 05bd 3B       		.byte	0x3b
 1457 05be C6050000 		.4byte	0x5c6
 1458 05c2 02       		.uleb128 0x2
 1459 05c3 91       		.byte	0x91
 1460 05c4 74       		.sleb128 -12
 1461 05c5 00       		.byte	0
 1462 05c6 09       		.uleb128 0x9
 1463 05c7 04       		.byte	0x4
 1464 05c8 CC040000 		.4byte	0x4cc
 1465 05cc 15       		.uleb128 0x15
 1466 05cd CD000000 		.4byte	.LASF73
 1467 05d1 02       		.byte	0x2
 1468 05d2 49       		.byte	0x49
 1469 05d3 00000000 		.4byte	.LFB8
 1470 05d7 4C000000 		.4byte	.LFE8-.LFB8
 1471 05db 01       		.uleb128 0x1
 1472 05dc 9C       		.byte	0x9c
 1473 05dd 21060000 		.4byte	0x621
 1474 05e1 12       		.uleb128 0x12
 1475 05e2 637000   		.ascii	"cp\000"
 1476 05e5 02       		.byte	0x2
 1477 05e6 49       		.byte	0x49
 1478 05e7 C6050000 		.4byte	0x5c6
 1479 05eb 02       		.uleb128 0x2
 1480 05ec 91       		.byte	0x91
 1481 05ed 74       		.sleb128 -12
 1482 05ee 16       		.uleb128 0x16
 1483 05ef 12000000 		.4byte	.LBB2
 1484 05f3 06000000 		.4byte	.LBE2-.LBB2
 1485 05f7 09060000 		.4byte	0x609
 1486 05fb 13       		.uleb128 0x13
 1487 05fc 746D7000 		.ascii	"tmp\000"
 1488 0600 02       		.byte	0x2
 1489 0601 4D       		.byte	0x4d
 1490 0602 A9000000 		.4byte	0xa9
 1491 0606 01       		.uleb128 0x1
 1492 0607 53       		.byte	0x53
 1493 0608 00       		.byte	0
 1494 0609 17       		.uleb128 0x17
 1495 060a 3C000000 		.4byte	.LBB3
 1496 060e 06000000 		.4byte	.LBE3-.LBB3
 1497 0612 13       		.uleb128 0x13
 1498 0613 746D7000 		.ascii	"tmp\000"
 1499 0617 02       		.byte	0x2
ARM GAS  /tmp/cchR4a3P.s 			page 28


 1500 0618 50       		.byte	0x50
 1501 0619 A9000000 		.4byte	0xa9
 1502 061d 01       		.uleb128 0x1
 1503 061e 53       		.byte	0x53
 1504 061f 00       		.byte	0
 1505 0620 00       		.byte	0
 1506 0621 15       		.uleb128 0x15
 1507 0622 16020000 		.4byte	.LASF74
 1508 0626 02       		.byte	0x2
 1509 0627 5E       		.byte	0x5e
 1510 0628 00000000 		.4byte	.LFB9
 1511 062c 40000000 		.4byte	.LFE9-.LFB9
 1512 0630 01       		.uleb128 0x1
 1513 0631 9C       		.byte	0x9c
 1514 0632 44060000 		.4byte	0x644
 1515 0636 12       		.uleb128 0x12
 1516 0637 637000   		.ascii	"cp\000"
 1517 063a 02       		.byte	0x2
 1518 063b 5E       		.byte	0x5e
 1519 063c C6050000 		.4byte	0x5c6
 1520 0640 02       		.uleb128 0x2
 1521 0641 91       		.byte	0x91
 1522 0642 74       		.sleb128 -12
 1523 0643 00       		.byte	0
 1524 0644 15       		.uleb128 0x15
 1525 0645 E4010000 		.4byte	.LASF75
 1526 0649 02       		.byte	0x2
 1527 064a 6E       		.byte	0x6e
 1528 064b 00000000 		.4byte	.LFB10
 1529 064f 2A000000 		.4byte	.LFE10-.LFB10
 1530 0653 01       		.uleb128 0x1
 1531 0654 9C       		.byte	0x9c
 1532 0655 99060000 		.4byte	0x699
 1533 0659 12       		.uleb128 0x12
 1534 065a 637000   		.ascii	"cp\000"
 1535 065d 02       		.byte	0x2
 1536 065e 6E       		.byte	0x6e
 1537 065f C6050000 		.4byte	0x5c6
 1538 0663 02       		.uleb128 0x2
 1539 0664 91       		.byte	0x91
 1540 0665 74       		.sleb128 -12
 1541 0666 16       		.uleb128 0x16
 1542 0667 06000000 		.4byte	.LBB4
 1543 066b 06000000 		.4byte	.LBE4-.LBB4
 1544 066f 81060000 		.4byte	0x681
 1545 0673 13       		.uleb128 0x13
 1546 0674 746D7000 		.ascii	"tmp\000"
 1547 0678 02       		.byte	0x2
 1548 0679 70       		.byte	0x70
 1549 067a A9000000 		.4byte	0xa9
 1550 067e 01       		.uleb128 0x1
 1551 067f 53       		.byte	0x53
 1552 0680 00       		.byte	0
 1553 0681 17       		.uleb128 0x17
 1554 0682 1E000000 		.4byte	.LBB5
 1555 0686 06000000 		.4byte	.LBE5-.LBB5
 1556 068a 13       		.uleb128 0x13
ARM GAS  /tmp/cchR4a3P.s 			page 29


 1557 068b 746D7000 		.ascii	"tmp\000"
 1558 068f 02       		.byte	0x2
 1559 0690 73       		.byte	0x73
 1560 0691 A9000000 		.4byte	0xa9
 1561 0695 01       		.uleb128 0x1
 1562 0696 53       		.byte	0x53
 1563 0697 00       		.byte	0
 1564 0698 00       		.byte	0
 1565 0699 15       		.uleb128 0x15
 1566 069a 42000000 		.4byte	.LASF76
 1567 069e 02       		.byte	0x2
 1568 069f 81       		.byte	0x81
 1569 06a0 00000000 		.4byte	.LFB11
 1570 06a4 44000000 		.4byte	.LFE11-.LFB11
 1571 06a8 01       		.uleb128 0x1
 1572 06a9 9C       		.byte	0x9c
 1573 06aa BC060000 		.4byte	0x6bc
 1574 06ae 12       		.uleb128 0x12
 1575 06af 637000   		.ascii	"cp\000"
 1576 06b2 02       		.byte	0x2
 1577 06b3 81       		.byte	0x81
 1578 06b4 C6050000 		.4byte	0x5c6
 1579 06b8 02       		.uleb128 0x2
 1580 06b9 91       		.byte	0x91
 1581 06ba 74       		.sleb128 -12
 1582 06bb 00       		.byte	0
 1583 06bc 18       		.uleb128 0x18
 1584 06bd FD020000 		.4byte	.LASF77
 1585 06c1 02       		.byte	0x2
 1586 06c2 9E       		.byte	0x9e
 1587 06c3 FD000000 		.4byte	0xfd
 1588 06c7 00000000 		.4byte	.LFB12
 1589 06cb 2C000000 		.4byte	.LFE12-.LFB12
 1590 06cf 01       		.uleb128 0x1
 1591 06d0 9C       		.byte	0x9c
 1592 06d1 23070000 		.4byte	0x723
 1593 06d5 12       		.uleb128 0x12
 1594 06d6 637000   		.ascii	"cp\000"
 1595 06d9 02       		.byte	0x2
 1596 06da 9E       		.byte	0x9e
 1597 06db C6050000 		.4byte	0x5c6
 1598 06df 02       		.uleb128 0x2
 1599 06e0 91       		.byte	0x91
 1600 06e1 6C       		.sleb128 -20
 1601 06e2 13       		.uleb128 0x13
 1602 06e3 6D736700 		.ascii	"msg\000"
 1603 06e7 02       		.byte	0x2
 1604 06e8 9F       		.byte	0x9f
 1605 06e9 FD000000 		.4byte	0xfd
 1606 06ed 02       		.uleb128 0x2
 1607 06ee 91       		.byte	0x91
 1608 06ef 74       		.sleb128 -12
 1609 06f0 16       		.uleb128 0x16
 1610 06f1 06000000 		.4byte	.LBB6
 1611 06f5 06000000 		.4byte	.LBE6-.LBB6
 1612 06f9 0B070000 		.4byte	0x70b
 1613 06fd 13       		.uleb128 0x13
ARM GAS  /tmp/cchR4a3P.s 			page 30


 1614 06fe 746D7000 		.ascii	"tmp\000"
 1615 0702 02       		.byte	0x2
 1616 0703 A1       		.byte	0xa1
 1617 0704 A9000000 		.4byte	0xa9
 1618 0708 01       		.uleb128 0x1
 1619 0709 53       		.byte	0x53
 1620 070a 00       		.byte	0
 1621 070b 17       		.uleb128 0x17
 1622 070c 1C000000 		.4byte	.LBB7
 1623 0710 06000000 		.4byte	.LBE7-.LBB7
 1624 0714 13       		.uleb128 0x13
 1625 0715 746D7000 		.ascii	"tmp\000"
 1626 0719 02       		.byte	0x2
 1627 071a A3       		.byte	0xa3
 1628 071b A9000000 		.4byte	0xa9
 1629 071f 01       		.uleb128 0x1
 1630 0720 53       		.byte	0x53
 1631 0721 00       		.byte	0
 1632 0722 00       		.byte	0
 1633 0723 18       		.uleb128 0x18
 1634 0724 BF020000 		.4byte	.LASF78
 1635 0728 02       		.byte	0x2
 1636 0729 B8       		.byte	0xb8
 1637 072a FD000000 		.4byte	0xfd
 1638 072e 00000000 		.4byte	.LFB13
 1639 0732 68000000 		.4byte	.LFE13-.LFB13
 1640 0736 01       		.uleb128 0x1
 1641 0737 9C       		.byte	0x9c
 1642 0738 73070000 		.4byte	0x773
 1643 073c 12       		.uleb128 0x12
 1644 073d 637000   		.ascii	"cp\000"
 1645 0740 02       		.byte	0x2
 1646 0741 B8       		.byte	0xb8
 1647 0742 C6050000 		.4byte	0x5c6
 1648 0746 02       		.uleb128 0x2
 1649 0747 91       		.byte	0x91
 1650 0748 64       		.sleb128 -28
 1651 0749 13       		.uleb128 0x13
 1652 074a 63747000 		.ascii	"ctp\000"
 1653 074e 02       		.byte	0x2
 1654 074f B9       		.byte	0xb9
 1655 0750 53020000 		.4byte	0x253
 1656 0754 02       		.uleb128 0x2
 1657 0755 91       		.byte	0x91
 1658 0756 74       		.sleb128 -12
 1659 0757 13       		.uleb128 0x13
 1660 0758 6D7000   		.ascii	"mp\000"
 1661 075b 02       		.byte	0x2
 1662 075c BA       		.byte	0xba
 1663 075d 24050000 		.4byte	0x524
 1664 0761 02       		.uleb128 0x2
 1665 0762 91       		.byte	0x91
 1666 0763 70       		.sleb128 -16
 1667 0764 13       		.uleb128 0x13
 1668 0765 6D736700 		.ascii	"msg\000"
 1669 0769 02       		.byte	0x2
 1670 076a BB       		.byte	0xbb
ARM GAS  /tmp/cchR4a3P.s 			page 31


 1671 076b FD000000 		.4byte	0xfd
 1672 076f 02       		.uleb128 0x2
 1673 0770 91       		.byte	0x91
 1674 0771 6C       		.sleb128 -20
 1675 0772 00       		.byte	0
 1676 0773 18       		.uleb128 0x18
 1677 0774 4E030000 		.4byte	.LASF79
 1678 0778 02       		.byte	0x2
 1679 0779 E9       		.byte	0xe9
 1680 077a FD000000 		.4byte	0xfd
 1681 077e 00000000 		.4byte	.LFB14
 1682 0782 30000000 		.4byte	.LFE14-.LFB14
 1683 0786 01       		.uleb128 0x1
 1684 0787 9C       		.byte	0x9c
 1685 0788 E8070000 		.4byte	0x7e8
 1686 078c 12       		.uleb128 0x12
 1687 078d 637000   		.ascii	"cp\000"
 1688 0790 02       		.byte	0x2
 1689 0791 E9       		.byte	0xe9
 1690 0792 C6050000 		.4byte	0x5c6
 1691 0796 02       		.uleb128 0x2
 1692 0797 91       		.byte	0x91
 1693 0798 6C       		.sleb128 -20
 1694 0799 19       		.uleb128 0x19
 1695 079a CD010000 		.4byte	.LASF80
 1696 079e 02       		.byte	0x2
 1697 079f E9       		.byte	0xe9
 1698 07a0 13010000 		.4byte	0x113
 1699 07a4 02       		.uleb128 0x2
 1700 07a5 91       		.byte	0x91
 1701 07a6 68       		.sleb128 -24
 1702 07a7 13       		.uleb128 0x13
 1703 07a8 6D736700 		.ascii	"msg\000"
 1704 07ac 02       		.byte	0x2
 1705 07ad EA       		.byte	0xea
 1706 07ae FD000000 		.4byte	0xfd
 1707 07b2 02       		.uleb128 0x2
 1708 07b3 91       		.byte	0x91
 1709 07b4 74       		.sleb128 -12
 1710 07b5 16       		.uleb128 0x16
 1711 07b6 08000000 		.4byte	.LBB8
 1712 07ba 06000000 		.4byte	.LBE8-.LBB8
 1713 07be D0070000 		.4byte	0x7d0
 1714 07c2 13       		.uleb128 0x13
 1715 07c3 746D7000 		.ascii	"tmp\000"
 1716 07c7 02       		.byte	0x2
 1717 07c8 EC       		.byte	0xec
 1718 07c9 A9000000 		.4byte	0xa9
 1719 07cd 01       		.uleb128 0x1
 1720 07ce 53       		.byte	0x53
 1721 07cf 00       		.byte	0
 1722 07d0 17       		.uleb128 0x17
 1723 07d1 20000000 		.4byte	.LBB9
 1724 07d5 06000000 		.4byte	.LBE9-.LBB9
 1725 07d9 13       		.uleb128 0x13
 1726 07da 746D7000 		.ascii	"tmp\000"
 1727 07de 02       		.byte	0x2
ARM GAS  /tmp/cchR4a3P.s 			page 32


 1728 07df EE       		.byte	0xee
 1729 07e0 A9000000 		.4byte	0xa9
 1730 07e4 01       		.uleb128 0x1
 1731 07e5 53       		.byte	0x53
 1732 07e6 00       		.byte	0
 1733 07e7 00       		.byte	0
 1734 07e8 1A       		.uleb128 0x1a
 1735 07e9 9F010000 		.4byte	.LASF81
 1736 07ed 02       		.byte	0x2
 1737 07ee 0E01     		.2byte	0x10e
 1738 07f0 FD000000 		.4byte	0xfd
 1739 07f4 00000000 		.4byte	.LFB15
 1740 07f8 78000000 		.4byte	.LFE15-.LFB15
 1741 07fc 01       		.uleb128 0x1
 1742 07fd 9C       		.byte	0x9c
 1743 07fe 3D080000 		.4byte	0x83d
 1744 0802 1B       		.uleb128 0x1b
 1745 0803 637000   		.ascii	"cp\000"
 1746 0806 02       		.byte	0x2
 1747 0807 0E01     		.2byte	0x10e
 1748 0809 C6050000 		.4byte	0x5c6
 1749 080d 02       		.uleb128 0x2
 1750 080e 91       		.byte	0x91
 1751 080f 6C       		.sleb128 -20
 1752 0810 1C       		.uleb128 0x1c
 1753 0811 CD010000 		.4byte	.LASF80
 1754 0815 02       		.byte	0x2
 1755 0816 0E01     		.2byte	0x10e
 1756 0818 13010000 		.4byte	0x113
 1757 081c 02       		.uleb128 0x2
 1758 081d 91       		.byte	0x91
 1759 081e 68       		.sleb128 -24
 1760 081f 1D       		.uleb128 0x1d
 1761 0820 6D7000   		.ascii	"mp\000"
 1762 0823 02       		.byte	0x2
 1763 0824 0F01     		.2byte	0x10f
 1764 0826 24050000 		.4byte	0x524
 1765 082a 02       		.uleb128 0x2
 1766 082b 91       		.byte	0x91
 1767 082c 74       		.sleb128 -12
 1768 082d 1D       		.uleb128 0x1d
 1769 082e 6D736700 		.ascii	"msg\000"
 1770 0832 02       		.byte	0x2
 1771 0833 1001     		.2byte	0x110
 1772 0835 FD000000 		.4byte	0xfd
 1773 0839 02       		.uleb128 0x2
 1774 083a 91       		.byte	0x91
 1775 083b 70       		.sleb128 -16
 1776 083c 00       		.byte	0
 1777 083d 1E       		.uleb128 0x1e
 1778 083e 32030000 		.4byte	.LASF86
 1779 0842 09       		.byte	0x9
 1780 0843 6F       		.byte	0x6f
 1781 0844 66040000 		.4byte	0x466
 1782 0848 00       		.byte	0
 1783              		.section	.debug_abbrev,"",%progbits
 1784              	.Ldebug_abbrev0:
ARM GAS  /tmp/cchR4a3P.s 			page 33


 1785 0000 01       		.uleb128 0x1
 1786 0001 11       		.uleb128 0x11
 1787 0002 01       		.byte	0x1
 1788 0003 25       		.uleb128 0x25
 1789 0004 0E       		.uleb128 0xe
 1790 0005 13       		.uleb128 0x13
 1791 0006 0B       		.uleb128 0xb
 1792 0007 03       		.uleb128 0x3
 1793 0008 0E       		.uleb128 0xe
 1794 0009 55       		.uleb128 0x55
 1795 000a 17       		.uleb128 0x17
 1796 000b 11       		.uleb128 0x11
 1797 000c 01       		.uleb128 0x1
 1798 000d 10       		.uleb128 0x10
 1799 000e 17       		.uleb128 0x17
 1800 000f 00       		.byte	0
 1801 0010 00       		.byte	0
 1802 0011 02       		.uleb128 0x2
 1803 0012 24       		.uleb128 0x24
 1804 0013 00       		.byte	0
 1805 0014 0B       		.uleb128 0xb
 1806 0015 0B       		.uleb128 0xb
 1807 0016 3E       		.uleb128 0x3e
 1808 0017 0B       		.uleb128 0xb
 1809 0018 03       		.uleb128 0x3
 1810 0019 08       		.uleb128 0x8
 1811 001a 00       		.byte	0
 1812 001b 00       		.byte	0
 1813 001c 03       		.uleb128 0x3
 1814 001d 24       		.uleb128 0x24
 1815 001e 00       		.byte	0
 1816 001f 0B       		.uleb128 0xb
 1817 0020 0B       		.uleb128 0xb
 1818 0021 3E       		.uleb128 0x3e
 1819 0022 0B       		.uleb128 0xb
 1820 0023 03       		.uleb128 0x3
 1821 0024 0E       		.uleb128 0xe
 1822 0025 00       		.byte	0
 1823 0026 00       		.byte	0
 1824 0027 04       		.uleb128 0x4
 1825 0028 16       		.uleb128 0x16
 1826 0029 00       		.byte	0
 1827 002a 03       		.uleb128 0x3
 1828 002b 0E       		.uleb128 0xe
 1829 002c 3A       		.uleb128 0x3a
 1830 002d 0B       		.uleb128 0xb
 1831 002e 3B       		.uleb128 0x3b
 1832 002f 0B       		.uleb128 0xb
 1833 0030 49       		.uleb128 0x49
 1834 0031 13       		.uleb128 0x13
 1835 0032 00       		.byte	0
 1836 0033 00       		.byte	0
 1837 0034 05       		.uleb128 0x5
 1838 0035 13       		.uleb128 0x13
 1839 0036 01       		.byte	0x1
 1840 0037 03       		.uleb128 0x3
 1841 0038 0E       		.uleb128 0xe
ARM GAS  /tmp/cchR4a3P.s 			page 34


 1842 0039 0B       		.uleb128 0xb
 1843 003a 0B       		.uleb128 0xb
 1844 003b 3A       		.uleb128 0x3a
 1845 003c 0B       		.uleb128 0xb
 1846 003d 3B       		.uleb128 0x3b
 1847 003e 0B       		.uleb128 0xb
 1848 003f 01       		.uleb128 0x1
 1849 0040 13       		.uleb128 0x13
 1850 0041 00       		.byte	0
 1851 0042 00       		.byte	0
 1852 0043 06       		.uleb128 0x6
 1853 0044 0D       		.uleb128 0xd
 1854 0045 00       		.byte	0
 1855 0046 03       		.uleb128 0x3
 1856 0047 0E       		.uleb128 0xe
 1857 0048 3A       		.uleb128 0x3a
 1858 0049 0B       		.uleb128 0xb
 1859 004a 3B       		.uleb128 0x3b
 1860 004b 0B       		.uleb128 0xb
 1861 004c 49       		.uleb128 0x49
 1862 004d 13       		.uleb128 0x13
 1863 004e 38       		.uleb128 0x38
 1864 004f 0B       		.uleb128 0xb
 1865 0050 00       		.byte	0
 1866 0051 00       		.byte	0
 1867 0052 07       		.uleb128 0x7
 1868 0053 0D       		.uleb128 0xd
 1869 0054 00       		.byte	0
 1870 0055 03       		.uleb128 0x3
 1871 0056 08       		.uleb128 0x8
 1872 0057 3A       		.uleb128 0x3a
 1873 0058 0B       		.uleb128 0xb
 1874 0059 3B       		.uleb128 0x3b
 1875 005a 0B       		.uleb128 0xb
 1876 005b 49       		.uleb128 0x49
 1877 005c 13       		.uleb128 0x13
 1878 005d 38       		.uleb128 0x38
 1879 005e 0B       		.uleb128 0xb
 1880 005f 00       		.byte	0
 1881 0060 00       		.byte	0
 1882 0061 08       		.uleb128 0x8
 1883 0062 13       		.uleb128 0x13
 1884 0063 01       		.byte	0x1
 1885 0064 0B       		.uleb128 0xb
 1886 0065 0B       		.uleb128 0xb
 1887 0066 3A       		.uleb128 0x3a
 1888 0067 0B       		.uleb128 0xb
 1889 0068 3B       		.uleb128 0x3b
 1890 0069 0B       		.uleb128 0xb
 1891 006a 01       		.uleb128 0x1
 1892 006b 13       		.uleb128 0x13
 1893 006c 00       		.byte	0
 1894 006d 00       		.byte	0
 1895 006e 09       		.uleb128 0x9
 1896 006f 0F       		.uleb128 0xf
 1897 0070 00       		.byte	0
 1898 0071 0B       		.uleb128 0xb
ARM GAS  /tmp/cchR4a3P.s 			page 35


 1899 0072 0B       		.uleb128 0xb
 1900 0073 49       		.uleb128 0x49
 1901 0074 13       		.uleb128 0x13
 1902 0075 00       		.byte	0
 1903 0076 00       		.byte	0
 1904 0077 0A       		.uleb128 0xa
 1905 0078 0F       		.uleb128 0xf
 1906 0079 00       		.byte	0
 1907 007a 0B       		.uleb128 0xb
 1908 007b 0B       		.uleb128 0xb
 1909 007c 00       		.byte	0
 1910 007d 00       		.byte	0
 1911 007e 0B       		.uleb128 0xb
 1912 007f 13       		.uleb128 0x13
 1913 0080 01       		.byte	0x1
 1914 0081 03       		.uleb128 0x3
 1915 0082 0E       		.uleb128 0xe
 1916 0083 0B       		.uleb128 0xb
 1917 0084 0B       		.uleb128 0xb
 1918 0085 3A       		.uleb128 0x3a
 1919 0086 0B       		.uleb128 0xb
 1920 0087 3B       		.uleb128 0x3b
 1921 0088 05       		.uleb128 0x5
 1922 0089 01       		.uleb128 0x1
 1923 008a 13       		.uleb128 0x13
 1924 008b 00       		.byte	0
 1925 008c 00       		.byte	0
 1926 008d 0C       		.uleb128 0xc
 1927 008e 0D       		.uleb128 0xd
 1928 008f 00       		.byte	0
 1929 0090 03       		.uleb128 0x3
 1930 0091 08       		.uleb128 0x8
 1931 0092 3A       		.uleb128 0x3a
 1932 0093 0B       		.uleb128 0xb
 1933 0094 3B       		.uleb128 0x3b
 1934 0095 05       		.uleb128 0x5
 1935 0096 49       		.uleb128 0x49
 1936 0097 13       		.uleb128 0x13
 1937 0098 38       		.uleb128 0x38
 1938 0099 0B       		.uleb128 0xb
 1939 009a 00       		.byte	0
 1940 009b 00       		.byte	0
 1941 009c 0D       		.uleb128 0xd
 1942 009d 35       		.uleb128 0x35
 1943 009e 00       		.byte	0
 1944 009f 49       		.uleb128 0x49
 1945 00a0 13       		.uleb128 0x13
 1946 00a1 00       		.byte	0
 1947 00a2 00       		.byte	0
 1948 00a3 0E       		.uleb128 0xe
 1949 00a4 17       		.uleb128 0x17
 1950 00a5 01       		.byte	0x1
 1951 00a6 0B       		.uleb128 0xb
 1952 00a7 0B       		.uleb128 0xb
 1953 00a8 3A       		.uleb128 0x3a
 1954 00a9 0B       		.uleb128 0xb
 1955 00aa 3B       		.uleb128 0x3b
ARM GAS  /tmp/cchR4a3P.s 			page 36


 1956 00ab 0B       		.uleb128 0xb
 1957 00ac 01       		.uleb128 0x1
 1958 00ad 13       		.uleb128 0x13
 1959 00ae 00       		.byte	0
 1960 00af 00       		.byte	0
 1961 00b0 0F       		.uleb128 0xf
 1962 00b1 0D       		.uleb128 0xd
 1963 00b2 00       		.byte	0
 1964 00b3 03       		.uleb128 0x3
 1965 00b4 0E       		.uleb128 0xe
 1966 00b5 3A       		.uleb128 0x3a
 1967 00b6 0B       		.uleb128 0xb
 1968 00b7 3B       		.uleb128 0x3b
 1969 00b8 0B       		.uleb128 0xb
 1970 00b9 49       		.uleb128 0x49
 1971 00ba 13       		.uleb128 0x13
 1972 00bb 00       		.byte	0
 1973 00bc 00       		.byte	0
 1974 00bd 10       		.uleb128 0x10
 1975 00be 26       		.uleb128 0x26
 1976 00bf 00       		.byte	0
 1977 00c0 49       		.uleb128 0x49
 1978 00c1 13       		.uleb128 0x13
 1979 00c2 00       		.byte	0
 1980 00c3 00       		.byte	0
 1981 00c4 11       		.uleb128 0x11
 1982 00c5 2E       		.uleb128 0x2e
 1983 00c6 01       		.byte	0x1
 1984 00c7 03       		.uleb128 0x3
 1985 00c8 0E       		.uleb128 0xe
 1986 00c9 3A       		.uleb128 0x3a
 1987 00ca 0B       		.uleb128 0xb
 1988 00cb 3B       		.uleb128 0x3b
 1989 00cc 0B       		.uleb128 0xb
 1990 00cd 27       		.uleb128 0x27
 1991 00ce 19       		.uleb128 0x19
 1992 00cf 11       		.uleb128 0x11
 1993 00d0 01       		.uleb128 0x1
 1994 00d1 12       		.uleb128 0x12
 1995 00d2 06       		.uleb128 0x6
 1996 00d3 40       		.uleb128 0x40
 1997 00d4 18       		.uleb128 0x18
 1998 00d5 9742     		.uleb128 0x2117
 1999 00d7 19       		.uleb128 0x19
 2000 00d8 01       		.uleb128 0x1
 2001 00d9 13       		.uleb128 0x13
 2002 00da 00       		.byte	0
 2003 00db 00       		.byte	0
 2004 00dc 12       		.uleb128 0x12
 2005 00dd 05       		.uleb128 0x5
 2006 00de 00       		.byte	0
 2007 00df 03       		.uleb128 0x3
 2008 00e0 08       		.uleb128 0x8
 2009 00e1 3A       		.uleb128 0x3a
 2010 00e2 0B       		.uleb128 0xb
 2011 00e3 3B       		.uleb128 0x3b
 2012 00e4 0B       		.uleb128 0xb
ARM GAS  /tmp/cchR4a3P.s 			page 37


 2013 00e5 49       		.uleb128 0x49
 2014 00e6 13       		.uleb128 0x13
 2015 00e7 02       		.uleb128 0x2
 2016 00e8 18       		.uleb128 0x18
 2017 00e9 00       		.byte	0
 2018 00ea 00       		.byte	0
 2019 00eb 13       		.uleb128 0x13
 2020 00ec 34       		.uleb128 0x34
 2021 00ed 00       		.byte	0
 2022 00ee 03       		.uleb128 0x3
 2023 00ef 08       		.uleb128 0x8
 2024 00f0 3A       		.uleb128 0x3a
 2025 00f1 0B       		.uleb128 0xb
 2026 00f2 3B       		.uleb128 0x3b
 2027 00f3 0B       		.uleb128 0xb
 2028 00f4 49       		.uleb128 0x49
 2029 00f5 13       		.uleb128 0x13
 2030 00f6 02       		.uleb128 0x2
 2031 00f7 18       		.uleb128 0x18
 2032 00f8 00       		.byte	0
 2033 00f9 00       		.byte	0
 2034 00fa 14       		.uleb128 0x14
 2035 00fb 2E       		.uleb128 0x2e
 2036 00fc 01       		.byte	0x1
 2037 00fd 03       		.uleb128 0x3
 2038 00fe 0E       		.uleb128 0xe
 2039 00ff 3A       		.uleb128 0x3a
 2040 0100 0B       		.uleb128 0xb
 2041 0101 3B       		.uleb128 0x3b
 2042 0102 0B       		.uleb128 0xb
 2043 0103 27       		.uleb128 0x27
 2044 0104 19       		.uleb128 0x19
 2045 0105 49       		.uleb128 0x49
 2046 0106 13       		.uleb128 0x13
 2047 0107 11       		.uleb128 0x11
 2048 0108 01       		.uleb128 0x1
 2049 0109 12       		.uleb128 0x12
 2050 010a 06       		.uleb128 0x6
 2051 010b 40       		.uleb128 0x40
 2052 010c 18       		.uleb128 0x18
 2053 010d 9742     		.uleb128 0x2117
 2054 010f 19       		.uleb128 0x19
 2055 0110 01       		.uleb128 0x1
 2056 0111 13       		.uleb128 0x13
 2057 0112 00       		.byte	0
 2058 0113 00       		.byte	0
 2059 0114 15       		.uleb128 0x15
 2060 0115 2E       		.uleb128 0x2e
 2061 0116 01       		.byte	0x1
 2062 0117 3F       		.uleb128 0x3f
 2063 0118 19       		.uleb128 0x19
 2064 0119 03       		.uleb128 0x3
 2065 011a 0E       		.uleb128 0xe
 2066 011b 3A       		.uleb128 0x3a
 2067 011c 0B       		.uleb128 0xb
 2068 011d 3B       		.uleb128 0x3b
 2069 011e 0B       		.uleb128 0xb
ARM GAS  /tmp/cchR4a3P.s 			page 38


 2070 011f 27       		.uleb128 0x27
 2071 0120 19       		.uleb128 0x19
 2072 0121 11       		.uleb128 0x11
 2073 0122 01       		.uleb128 0x1
 2074 0123 12       		.uleb128 0x12
 2075 0124 06       		.uleb128 0x6
 2076 0125 40       		.uleb128 0x40
 2077 0126 18       		.uleb128 0x18
 2078 0127 9642     		.uleb128 0x2116
 2079 0129 19       		.uleb128 0x19
 2080 012a 01       		.uleb128 0x1
 2081 012b 13       		.uleb128 0x13
 2082 012c 00       		.byte	0
 2083 012d 00       		.byte	0
 2084 012e 16       		.uleb128 0x16
 2085 012f 0B       		.uleb128 0xb
 2086 0130 01       		.byte	0x1
 2087 0131 11       		.uleb128 0x11
 2088 0132 01       		.uleb128 0x1
 2089 0133 12       		.uleb128 0x12
 2090 0134 06       		.uleb128 0x6
 2091 0135 01       		.uleb128 0x1
 2092 0136 13       		.uleb128 0x13
 2093 0137 00       		.byte	0
 2094 0138 00       		.byte	0
 2095 0139 17       		.uleb128 0x17
 2096 013a 0B       		.uleb128 0xb
 2097 013b 01       		.byte	0x1
 2098 013c 11       		.uleb128 0x11
 2099 013d 01       		.uleb128 0x1
 2100 013e 12       		.uleb128 0x12
 2101 013f 06       		.uleb128 0x6
 2102 0140 00       		.byte	0
 2103 0141 00       		.byte	0
 2104 0142 18       		.uleb128 0x18
 2105 0143 2E       		.uleb128 0x2e
 2106 0144 01       		.byte	0x1
 2107 0145 3F       		.uleb128 0x3f
 2108 0146 19       		.uleb128 0x19
 2109 0147 03       		.uleb128 0x3
 2110 0148 0E       		.uleb128 0xe
 2111 0149 3A       		.uleb128 0x3a
 2112 014a 0B       		.uleb128 0xb
 2113 014b 3B       		.uleb128 0x3b
 2114 014c 0B       		.uleb128 0xb
 2115 014d 27       		.uleb128 0x27
 2116 014e 19       		.uleb128 0x19
 2117 014f 49       		.uleb128 0x49
 2118 0150 13       		.uleb128 0x13
 2119 0151 11       		.uleb128 0x11
 2120 0152 01       		.uleb128 0x1
 2121 0153 12       		.uleb128 0x12
 2122 0154 06       		.uleb128 0x6
 2123 0155 40       		.uleb128 0x40
 2124 0156 18       		.uleb128 0x18
 2125 0157 9642     		.uleb128 0x2116
 2126 0159 19       		.uleb128 0x19
ARM GAS  /tmp/cchR4a3P.s 			page 39


 2127 015a 01       		.uleb128 0x1
 2128 015b 13       		.uleb128 0x13
 2129 015c 00       		.byte	0
 2130 015d 00       		.byte	0
 2131 015e 19       		.uleb128 0x19
 2132 015f 05       		.uleb128 0x5
 2133 0160 00       		.byte	0
 2134 0161 03       		.uleb128 0x3
 2135 0162 0E       		.uleb128 0xe
 2136 0163 3A       		.uleb128 0x3a
 2137 0164 0B       		.uleb128 0xb
 2138 0165 3B       		.uleb128 0x3b
 2139 0166 0B       		.uleb128 0xb
 2140 0167 49       		.uleb128 0x49
 2141 0168 13       		.uleb128 0x13
 2142 0169 02       		.uleb128 0x2
 2143 016a 18       		.uleb128 0x18
 2144 016b 00       		.byte	0
 2145 016c 00       		.byte	0
 2146 016d 1A       		.uleb128 0x1a
 2147 016e 2E       		.uleb128 0x2e
 2148 016f 01       		.byte	0x1
 2149 0170 3F       		.uleb128 0x3f
 2150 0171 19       		.uleb128 0x19
 2151 0172 03       		.uleb128 0x3
 2152 0173 0E       		.uleb128 0xe
 2153 0174 3A       		.uleb128 0x3a
 2154 0175 0B       		.uleb128 0xb
 2155 0176 3B       		.uleb128 0x3b
 2156 0177 05       		.uleb128 0x5
 2157 0178 27       		.uleb128 0x27
 2158 0179 19       		.uleb128 0x19
 2159 017a 49       		.uleb128 0x49
 2160 017b 13       		.uleb128 0x13
 2161 017c 11       		.uleb128 0x11
 2162 017d 01       		.uleb128 0x1
 2163 017e 12       		.uleb128 0x12
 2164 017f 06       		.uleb128 0x6
 2165 0180 40       		.uleb128 0x40
 2166 0181 18       		.uleb128 0x18
 2167 0182 9642     		.uleb128 0x2116
 2168 0184 19       		.uleb128 0x19
 2169 0185 01       		.uleb128 0x1
 2170 0186 13       		.uleb128 0x13
 2171 0187 00       		.byte	0
 2172 0188 00       		.byte	0
 2173 0189 1B       		.uleb128 0x1b
 2174 018a 05       		.uleb128 0x5
 2175 018b 00       		.byte	0
 2176 018c 03       		.uleb128 0x3
 2177 018d 08       		.uleb128 0x8
 2178 018e 3A       		.uleb128 0x3a
 2179 018f 0B       		.uleb128 0xb
 2180 0190 3B       		.uleb128 0x3b
 2181 0191 05       		.uleb128 0x5
 2182 0192 49       		.uleb128 0x49
 2183 0193 13       		.uleb128 0x13
ARM GAS  /tmp/cchR4a3P.s 			page 40


 2184 0194 02       		.uleb128 0x2
 2185 0195 18       		.uleb128 0x18
 2186 0196 00       		.byte	0
 2187 0197 00       		.byte	0
 2188 0198 1C       		.uleb128 0x1c
 2189 0199 05       		.uleb128 0x5
 2190 019a 00       		.byte	0
 2191 019b 03       		.uleb128 0x3
 2192 019c 0E       		.uleb128 0xe
 2193 019d 3A       		.uleb128 0x3a
 2194 019e 0B       		.uleb128 0xb
 2195 019f 3B       		.uleb128 0x3b
 2196 01a0 05       		.uleb128 0x5
 2197 01a1 49       		.uleb128 0x49
 2198 01a2 13       		.uleb128 0x13
 2199 01a3 02       		.uleb128 0x2
 2200 01a4 18       		.uleb128 0x18
 2201 01a5 00       		.byte	0
 2202 01a6 00       		.byte	0
 2203 01a7 1D       		.uleb128 0x1d
 2204 01a8 34       		.uleb128 0x34
 2205 01a9 00       		.byte	0
 2206 01aa 03       		.uleb128 0x3
 2207 01ab 08       		.uleb128 0x8
 2208 01ac 3A       		.uleb128 0x3a
 2209 01ad 0B       		.uleb128 0xb
 2210 01ae 3B       		.uleb128 0x3b
 2211 01af 05       		.uleb128 0x5
 2212 01b0 49       		.uleb128 0x49
 2213 01b1 13       		.uleb128 0x13
 2214 01b2 02       		.uleb128 0x2
 2215 01b3 18       		.uleb128 0x18
 2216 01b4 00       		.byte	0
 2217 01b5 00       		.byte	0
 2218 01b6 1E       		.uleb128 0x1e
 2219 01b7 34       		.uleb128 0x34
 2220 01b8 00       		.byte	0
 2221 01b9 03       		.uleb128 0x3
 2222 01ba 0E       		.uleb128 0xe
 2223 01bb 3A       		.uleb128 0x3a
 2224 01bc 0B       		.uleb128 0xb
 2225 01bd 3B       		.uleb128 0x3b
 2226 01be 0B       		.uleb128 0xb
 2227 01bf 49       		.uleb128 0x49
 2228 01c0 13       		.uleb128 0x13
 2229 01c1 3F       		.uleb128 0x3f
 2230 01c2 19       		.uleb128 0x19
 2231 01c3 3C       		.uleb128 0x3c
 2232 01c4 19       		.uleb128 0x19
 2233 01c5 00       		.byte	0
 2234 01c6 00       		.byte	0
 2235 01c7 00       		.byte	0
 2236              		.section	.debug_aranges,"",%progbits
 2237 0000 6C000000 		.4byte	0x6c
 2238 0004 0200     		.2byte	0x2
 2239 0006 00000000 		.4byte	.Ldebug_info0
 2240 000a 04       		.byte	0x4
ARM GAS  /tmp/cchR4a3P.s 			page 41


 2241 000b 00       		.byte	0
 2242 000c 0000     		.2byte	0
 2243 000e 0000     		.2byte	0
 2244 0010 00000000 		.4byte	.LFB0
 2245 0014 46000000 		.4byte	.LFE0-.LFB0
 2246 0018 00000000 		.4byte	.LFB2
 2247 001c 22000000 		.4byte	.LFE2-.LFB2
 2248 0020 00000000 		.4byte	.LFB7
 2249 0024 2C000000 		.4byte	.LFE7-.LFB7
 2250 0028 00000000 		.4byte	.LFB8
 2251 002c 4C000000 		.4byte	.LFE8-.LFB8
 2252 0030 00000000 		.4byte	.LFB9
 2253 0034 40000000 		.4byte	.LFE9-.LFB9
 2254 0038 00000000 		.4byte	.LFB10
 2255 003c 2A000000 		.4byte	.LFE10-.LFB10
 2256 0040 00000000 		.4byte	.LFB11
 2257 0044 44000000 		.4byte	.LFE11-.LFB11
 2258 0048 00000000 		.4byte	.LFB12
 2259 004c 2C000000 		.4byte	.LFE12-.LFB12
 2260 0050 00000000 		.4byte	.LFB13
 2261 0054 68000000 		.4byte	.LFE13-.LFB13
 2262 0058 00000000 		.4byte	.LFB14
 2263 005c 30000000 		.4byte	.LFE14-.LFB14
 2264 0060 00000000 		.4byte	.LFB15
 2265 0064 78000000 		.4byte	.LFE15-.LFB15
 2266 0068 00000000 		.4byte	0
 2267 006c 00000000 		.4byte	0
 2268              		.section	.debug_ranges,"",%progbits
 2269              	.Ldebug_ranges0:
 2270 0000 00000000 		.4byte	.LFB0
 2271 0004 46000000 		.4byte	.LFE0
 2272 0008 00000000 		.4byte	.LFB2
 2273 000c 22000000 		.4byte	.LFE2
 2274 0010 00000000 		.4byte	.LFB7
 2275 0014 2C000000 		.4byte	.LFE7
 2276 0018 00000000 		.4byte	.LFB8
 2277 001c 4C000000 		.4byte	.LFE8
 2278 0020 00000000 		.4byte	.LFB9
 2279 0024 40000000 		.4byte	.LFE9
 2280 0028 00000000 		.4byte	.LFB10
 2281 002c 2A000000 		.4byte	.LFE10
 2282 0030 00000000 		.4byte	.LFB11
 2283 0034 44000000 		.4byte	.LFE11
 2284 0038 00000000 		.4byte	.LFB12
 2285 003c 2C000000 		.4byte	.LFE12
 2286 0040 00000000 		.4byte	.LFB13
 2287 0044 68000000 		.4byte	.LFE13
 2288 0048 00000000 		.4byte	.LFB14
 2289 004c 30000000 		.4byte	.LFE14
 2290 0050 00000000 		.4byte	.LFB15
 2291 0054 78000000 		.4byte	.LFE15
 2292 0058 00000000 		.4byte	0
 2293 005c 00000000 		.4byte	0
 2294              		.section	.debug_line,"",%progbits
 2295              	.Ldebug_line0:
 2296 0000 38030000 		.section	.debug_str,"MS",%progbits,1
 2296      0200E201 
ARM GAS  /tmp/cchR4a3P.s 			page 42


 2296      00000201 
 2296      FB0E0D00 
 2296      01010101 
 2297              	.LASF42:
 2298 0000 705F6D73 		.ascii	"p_msg\000"
 2298      6700
 2299              	.LASF72:
 2300 0006 6368436F 		.ascii	"chCondInit\000"
 2300      6E64496E 
 2300      697400
 2301              	.LASF67:
 2302 0011 7264796D 		.ascii	"rdymsg\000"
 2302      736700
 2303              	.LASF16:
 2304 0018 75696E74 		.ascii	"uint64_t\000"
 2304      36345F74 
 2304      00
 2305              	.LASF5:
 2306 0021 5F5F7569 		.ascii	"__uint8_t\000"
 2306      6E74385F 
 2306      7400
 2307              	.LASF12:
 2308 002b 6C6F6E67 		.ascii	"long long unsigned int\000"
 2308      206C6F6E 
 2308      6720756E 
 2308      7369676E 
 2308      65642069 
 2309              	.LASF76:
 2310 0042 6368436F 		.ascii	"chCondBroadcastI\000"
 2310      6E644272 
 2310      6F616463 
 2310      61737449 
 2310      00
 2311              	.LASF29:
 2312 0053 705F7072 		.ascii	"p_prio\000"
 2312      696F00
 2313              	.LASF10:
 2314 005a 6C6F6E67 		.ascii	"long long int\000"
 2314      206C6F6E 
 2314      6720696E 
 2314      7400
 2315              	.LASF1:
 2316 0068 7369676E 		.ascii	"signed char\000"
 2316      65642063 
 2316      68617200 
 2317              	.LASF46:
 2318 0074 705F6D70 		.ascii	"p_mpool\000"
 2318      6F6F6C00 
 2319              	.LASF62:
 2320 007c 6D5F7175 		.ascii	"m_queue\000"
 2320      65756500 
 2321              	.LASF21:
 2322 0084 74736C69 		.ascii	"tslices_t\000"
 2322      6365735F 
 2322      7400
 2323              	.LASF65:
 2324 008e 436F6E64 		.ascii	"CondVar\000"
ARM GAS  /tmp/cchR4a3P.s 			page 43


 2324      56617200 
 2325              	.LASF7:
 2326 0096 6C6F6E67 		.ascii	"long int\000"
 2326      20696E74 
 2326      00
 2327              	.LASF19:
 2328 009f 74737461 		.ascii	"tstate_t\000"
 2328      74655F74 
 2328      00
 2329              	.LASF31:
 2330 00a8 705F6E65 		.ascii	"p_newer\000"
 2330      77657200 
 2331              	.LASF68:
 2332 00b0 65786974 		.ascii	"exitcode\000"
 2332      636F6465 
 2332      00
 2333              	.LASF8:
 2334 00b9 5F5F7569 		.ascii	"__uint32_t\000"
 2334      6E743332 
 2334      5F7400
 2335              	.LASF49:
 2336 00c4 72656761 		.ascii	"regarm_t\000"
 2336      726D5F74 
 2336      00
 2337              	.LASF73:
 2338 00cd 6368436F 		.ascii	"chCondSignal\000"
 2338      6E645369 
 2338      676E616C 
 2338      00
 2339              	.LASF34:
 2340 00da 705F7374 		.ascii	"p_stklimit\000"
 2340      6B6C696D 
 2340      697400
 2341              	.LASF0:
 2342 00e5 756E7369 		.ascii	"unsigned int\000"
 2342      676E6564 
 2342      20696E74 
 2342      00
 2343              	.LASF9:
 2344 00f2 6C6F6E67 		.ascii	"long unsigned int\000"
 2344      20756E73 
 2344      69676E65 
 2344      6420696E 
 2344      7400
 2345              	.LASF52:
 2346 0104 636F6E74 		.ascii	"context\000"
 2346      65787400 
 2347              	.LASF4:
 2348 010c 73686F72 		.ascii	"short unsigned int\000"
 2348      7420756E 
 2348      7369676E 
 2348      65642069 
 2348      6E7400
 2349              	.LASF23:
 2350 011f 6D73675F 		.ascii	"msg_t\000"
 2350      7400
 2351              	.LASF57:
ARM GAS  /tmp/cchR4a3P.s 			page 44


 2352 0125 725F6E65 		.ascii	"r_newer\000"
 2352      77657200 
 2353              	.LASF18:
 2354 012d 746D6F64 		.ascii	"tmode_t\000"
 2354      655F7400 
 2355              	.LASF48:
 2356 0135 54687265 		.ascii	"ThreadsList\000"
 2356      6164734C 
 2356      69737400 
 2357              	.LASF24:
 2358 0141 6576656E 		.ascii	"eventmask_t\000"
 2358      746D6173 
 2358      6B5F7400 
 2359              	.LASF61:
 2360 014d 4D757465 		.ascii	"Mutex\000"
 2360      7800
 2361              	.LASF50:
 2362 0153 73746B61 		.ascii	"stkalign_t\000"
 2362      6C69676E 
 2362      5F7400
 2363              	.LASF83:
 2364 015e 2F686F6D 		.ascii	"/home/ergae/r2p-sdk/core/ChibiOS/os/kernel/src/chco"
 2364      652F6572 
 2364      6761652F 
 2364      7232702D 
 2364      73646B2F 
 2365 0191 6E642E63 		.ascii	"nd.c\000"
 2365      00
 2366              	.LASF53:
 2367 0196 73697A65 		.ascii	"sizetype\000"
 2367      74797065 
 2367      00
 2368              	.LASF81:
 2369 019f 6368436F 		.ascii	"chCondWaitTimeoutS\000"
 2369      6E645761 
 2369      69745469 
 2369      6D656F75 
 2369      745300
 2370              	.LASF32:
 2371 01b2 705F6F6C 		.ascii	"p_older\000"
 2371      64657200 
 2372              	.LASF56:
 2373 01ba 725F6374 		.ascii	"r_ctx\000"
 2373      7800
 2374              	.LASF47:
 2375 01c0 54687265 		.ascii	"ThreadsQueue\000"
 2375      61647351 
 2375      75657565 
 2375      00
 2376              	.LASF80:
 2377 01cd 74696D65 		.ascii	"time\000"
 2377      00
 2378              	.LASF59:
 2379 01d2 725F6375 		.ascii	"r_current\000"
 2379      7272656E 
 2379      7400
 2380              	.LASF58:
ARM GAS  /tmp/cchR4a3P.s 			page 45


 2381 01dc 725F6F6C 		.ascii	"r_older\000"
 2381      64657200 
 2382              	.LASF75:
 2383 01e4 6368436F 		.ascii	"chCondBroadcast\000"
 2383      6E644272 
 2383      6F616463 
 2383      61737400 
 2384              	.LASF11:
 2385 01f4 5F5F7569 		.ascii	"__uint64_t\000"
 2385      6E743634 
 2385      5F7400
 2386              	.LASF20:
 2387 01ff 74726566 		.ascii	"trefs_t\000"
 2387      735F7400 
 2388              	.LASF28:
 2389 0207 705F7072 		.ascii	"p_prev\000"
 2389      657600
 2390              	.LASF22:
 2391 020e 74707269 		.ascii	"tprio_t\000"
 2391      6F5F7400 
 2392              	.LASF74:
 2393 0216 6368436F 		.ascii	"chCondSignalI\000"
 2393      6E645369 
 2393      676E616C 
 2393      4900
 2394              	.LASF17:
 2395 0224 5F426F6F 		.ascii	"_Bool\000"
 2395      6C00
 2396              	.LASF14:
 2397 022a 696E7433 		.ascii	"int32_t\000"
 2397      325F7400 
 2398              	.LASF2:
 2399 0232 756E7369 		.ascii	"unsigned char\000"
 2399      676E6564 
 2399      20636861 
 2399      7200
 2400              	.LASF44:
 2401 0240 705F6D74 		.ascii	"p_mtxlist\000"
 2401      786C6973 
 2401      7400
 2402              	.LASF3:
 2403 024a 73686F72 		.ascii	"short int\000"
 2403      7420696E 
 2403      7400
 2404              	.LASF35:
 2405 0254 705F7374 		.ascii	"p_state\000"
 2405      61746500 
 2406              	.LASF38:
 2407 025c 705F7072 		.ascii	"p_preempt\000"
 2407      65656D70 
 2407      7400
 2408              	.LASF55:
 2409 0266 725F7072 		.ascii	"r_prio\000"
 2409      696F00
 2410              	.LASF70:
 2411 026d 65776D61 		.ascii	"ewmask\000"
 2411      736B00
ARM GAS  /tmp/cchR4a3P.s 			page 46


 2412              	.LASF27:
 2413 0274 705F6E65 		.ascii	"p_next\000"
 2413      787400
 2414              	.LASF36:
 2415 027b 705F666C 		.ascii	"p_flags\000"
 2415      61677300 
 2416              	.LASF26:
 2417 0283 54687265 		.ascii	"Thread\000"
 2417      616400
 2418              	.LASF66:
 2419 028a 635F7175 		.ascii	"c_queue\000"
 2419      65756500 
 2420              	.LASF43:
 2421 0292 705F6570 		.ascii	"p_epending\000"
 2421      656E6469 
 2421      6E6700
 2422              	.LASF15:
 2423 029d 75696E74 		.ascii	"uint32_t\000"
 2423      33325F74 
 2423      00
 2424              	.LASF54:
 2425 02a6 725F7175 		.ascii	"r_queue\000"
 2425      65756500 
 2426              	.LASF71:
 2427 02ae 63686172 		.ascii	"char\000"
 2427      00
 2428              	.LASF85:
 2429 02b3 6669666F 		.ascii	"fifo_remove\000"
 2429      5F72656D 
 2429      6F766500 
 2430              	.LASF78:
 2431 02bf 6368436F 		.ascii	"chCondWaitS\000"
 2431      6E645761 
 2431      69745300 
 2432              	.LASF64:
 2433 02cb 6D5F6E65 		.ascii	"m_next\000"
 2433      787400
 2434              	.LASF25:
 2435 02d2 73797374 		.ascii	"systime_t\000"
 2435      696D655F 
 2435      7400
 2436              	.LASF45:
 2437 02dc 705F7265 		.ascii	"p_realprio\000"
 2437      616C7072 
 2437      696F00
 2438              	.LASF6:
 2439 02e7 5F5F696E 		.ascii	"__int32_t\000"
 2439      7433325F 
 2439      7400
 2440              	.LASF84:
 2441 02f1 7072696F 		.ascii	"prio_insert\000"
 2441      5F696E73 
 2441      65727400 
 2442              	.LASF77:
 2443 02fd 6368436F 		.ascii	"chCondWait\000"
 2443      6E645761 
 2443      697400
ARM GAS  /tmp/cchR4a3P.s 			page 47


 2444              	.LASF39:
 2445 0308 705F7469 		.ascii	"p_time\000"
 2445      6D6500
 2446              	.LASF51:
 2447 030f 696E7463 		.ascii	"intctx\000"
 2447      747800
 2448              	.LASF41:
 2449 0316 705F6D73 		.ascii	"p_msgqueue\000"
 2449      67717565 
 2449      756500
 2450              	.LASF37:
 2451 0321 705F7265 		.ascii	"p_refs\000"
 2451      667300
 2452              	.LASF60:
 2453 0328 52656164 		.ascii	"ReadyList\000"
 2453      794C6973 
 2453      7400
 2454              	.LASF86:
 2455 0332 726C6973 		.ascii	"rlist\000"
 2455      7400
 2456              	.LASF13:
 2457 0338 75696E74 		.ascii	"uint8_t\000"
 2457      385F7400 
 2458              	.LASF69:
 2459 0340 77746F62 		.ascii	"wtobjp\000"
 2459      6A7000
 2460              	.LASF33:
 2461 0347 705F6E61 		.ascii	"p_name\000"
 2461      6D6500
 2462              	.LASF79:
 2463 034e 6368436F 		.ascii	"chCondWaitTimeout\000"
 2463      6E645761 
 2463      69745469 
 2463      6D656F75 
 2463      7400
 2464              	.LASF63:
 2465 0360 6D5F6F77 		.ascii	"m_owner\000"
 2465      6E657200 
 2466              	.LASF82:
 2467 0368 474E5520 		.ascii	"GNU C 4.9.3 20141119 (release) [ARM/embedded-4_9-br"
 2467      4320342E 
 2467      392E3320 
 2467      32303134 
 2467      31313139 
 2468 039b 616E6368 		.ascii	"anch revision 218278] -mcpu=cortex-m4 -mfloat-abi=h"
 2468      20726576 
 2468      6973696F 
 2468      6E203231 
 2468      38323738 
 2469 03ce 61726420 		.ascii	"ard -mfpu=fpv4-sp-d16 -mno-thumb-interwork -mthumb "
 2469      2D6D6670 
 2469      753D6670 
 2469      76342D73 
 2469      702D6431 
 2470 0401 2D676764 		.ascii	"-ggdb -O0 -fomit-frame-pointer -falign-functions=16"
 2470      62202D4F 
 2470      30202D66 
ARM GAS  /tmp/cchR4a3P.s 			page 48


 2470      6F6D6974 
 2470      2D667261 
 2471 0434 202D6666 		.ascii	" -ffunction-sections -fdata-sections -fno-common -f"
 2471      756E6374 
 2471      696F6E2D 
 2471      73656374 
 2471      696F6E73 
 2472 0467 73696E67 		.ascii	"single-precision-constant\000"
 2472      6C652D70 
 2472      72656369 
 2472      73696F6E 
 2472      2D636F6E 
 2473              	.LASF30:
 2474 0481 705F6374 		.ascii	"p_ctx\000"
 2474      7800
 2475              	.LASF40:
 2476 0487 705F7761 		.ascii	"p_waiting\000"
 2476      6974696E 
 2476      6700
 2477              		.ident	"GCC: (GNU Tools for ARM Embedded Processors) 4.9.3 20141119 (release) [ARM/embedded-4_9-br
ARM GAS  /tmp/cchR4a3P.s 			page 49


DEFINED SYMBOLS
                            *ABS*:00000000 chcond.c
     /tmp/cchR4a3P.s:21     .text.prio_insert:00000000 $t
     /tmp/cchR4a3P.s:26     .text.prio_insert:00000000 prio_insert
     /tmp/cchR4a3P.s:86     .text.fifo_remove:00000000 $t
     /tmp/cchR4a3P.s:91     .text.fifo_remove:00000000 fifo_remove
     /tmp/cchR4a3P.s:126    .rodata:00000000 $d
     /tmp/cchR4a3P.s:130    .text.chCondInit:00000000 $t
     /tmp/cchR4a3P.s:136    .text.chCondInit:00000000 chCondInit
     /tmp/cchR4a3P.s:173    .text.chCondInit:00000028 $d
     /tmp/cchR4a3P.s:182    .text.chCondSignal:00000000 $t
     /tmp/cchR4a3P.s:188    .text.chCondSignal:00000000 chCondSignal
     /tmp/cchR4a3P.s:249    .text.chCondSignal:00000048 $d
     /tmp/cchR4a3P.s:258    .text.chCondSignalI:00000000 $t
     /tmp/cchR4a3P.s:264    .text.chCondSignalI:00000000 chCondSignalI
     /tmp/cchR4a3P.s:311    .text.chCondSignalI:0000003c $d
     /tmp/cchR4a3P.s:316    .text.chCondBroadcast:00000000 $t
     /tmp/cchR4a3P.s:322    .text.chCondBroadcast:00000000 chCondBroadcast
     /tmp/cchR4a3P.s:376    .text.chCondBroadcastI:00000000 chCondBroadcastI
     /tmp/cchR4a3P.s:370    .text.chCondBroadcastI:00000000 $t
     /tmp/cchR4a3P.s:426    .text.chCondBroadcastI:00000040 $d
     /tmp/cchR4a3P.s:431    .text.chCondWait:00000000 $t
     /tmp/cchR4a3P.s:437    .text.chCondWait:00000000 chCondWait
     /tmp/cchR4a3P.s:496    .text.chCondWaitS:00000000 chCondWaitS
     /tmp/cchR4a3P.s:490    .text.chCondWaitS:00000000 $t
     /tmp/cchR4a3P.s:564    .text.chCondWaitS:0000005c $d
     /tmp/cchR4a3P.s:571    .text.chCondWaitTimeout:00000000 $t
     /tmp/cchR4a3P.s:577    .text.chCondWaitTimeout:00000000 chCondWaitTimeout
     /tmp/cchR4a3P.s:638    .text.chCondWaitTimeoutS:00000000 chCondWaitTimeoutS
     /tmp/cchR4a3P.s:632    .text.chCondWaitTimeoutS:00000000 $t
     /tmp/cchR4a3P.s:715    .text.chCondWaitTimeoutS:0000006c $d
                     .debug_frame:00000010 $d
     /tmp/cchR4a3P.s:177    .text.chCondInit:0000002c $t
     /tmp/cchR4a3P.s:253    .text.chCondSignal:0000004c $t
     /tmp/cchR4a3P.s:430    .text.chCondBroadcastI:00000044 $t
     /tmp/cchR4a3P.s:570    .text.chCondWaitS:00000068 $t
     /tmp/cchR4a3P.s:721    .text.chCondWaitTimeoutS:00000078 $t

UNDEFINED SYMBOLS
chDbgPanic
dbg_check_lock
chSchWakeupS
dbg_check_unlock
chDbgCheckClassI
chSchReadyI
chSchRescheduleS
chDbgCheckClassS
chMtxUnlockS
chSchGoSleepS
chMtxLockS
rlist
chSchGoSleepTimeoutS
