ARM GAS  /tmp/ccgWp5m1.s 			page 1


   1              		.syntax unified
   2              		.cpu cortex-m4
   3              		.eabi_attribute 27, 3
   4              		.eabi_attribute 28, 1
   5              		.fpu fpv4-sp-d16
   6              		.eabi_attribute 20, 1
   7              		.eabi_attribute 21, 1
   8              		.eabi_attribute 23, 3
   9              		.eabi_attribute 24, 1
  10              		.eabi_attribute 25, 1
  11              		.eabi_attribute 26, 1
  12              		.eabi_attribute 30, 6
  13              		.eabi_attribute 34, 1
  14              		.eabi_attribute 18, 4
  15              		.thumb
  16              		.file	"chmempools.c"
  17              		.text
  18              	.Ltext0:
  19              		.cfi_sections	.debug_frame
  20              		.section	.rodata
  21              		.align	2
  22              	.LC0:
  23 0000 22636850 		.ascii	"\"chPoolInit\"()\000"
  23      6F6F6C49 
  23      6E697422 
  23      282900
  24              		.section	.text.chPoolInit,"ax",%progbits
  25              		.align	2
  26              		.p2align 4,,15
  27              		.global	chPoolInit
  28              		.thumb
  29              		.thumb_func
  30              		.type	chPoolInit, %function
  31              	chPoolInit:
  32              	.LFB7:
  33              		.file 1 "/home/ergae/r2p-sdk/core/ChibiOS/os/kernel/src/chmempools.c"
  34              		.loc 1 62 0
  35              		.cfi_startproc
  36              		@ args = 0, pretend = 0, frame = 16
  37              		@ frame_needed = 0, uses_anonymous_args = 0
  38 0000 00B5     		push	{lr}
  39              		.cfi_def_cfa_offset 4
  40              		.cfi_offset 14, -4
  41 0002 85B0     		sub	sp, sp, #20
  42              		.cfi_def_cfa_offset 24
  43 0004 0390     		str	r0, [sp, #12]
  44 0006 0291     		str	r1, [sp, #8]
  45 0008 0192     		str	r2, [sp, #4]
  46              		.loc 1 64 0
  47 000a 039B     		ldr	r3, [sp, #12]
  48 000c 002B     		cmp	r3, #0
  49 000e 02D0     		beq	.L2
  50              		.loc 1 64 0 is_stmt 0 discriminator 2
  51 0010 029B     		ldr	r3, [sp, #8]
  52 0012 032B     		cmp	r3, #3
  53 0014 02D8     		bhi	.L3
  54              	.L2:
ARM GAS  /tmp/ccgWp5m1.s 			page 2


  55              		.loc 1 64 0 discriminator 3
  56 0016 0748     		ldr	r0, .L4
  57 0018 FFF7FEFF 		bl	chDbgPanic
  58              	.L3:
  59              		.loc 1 66 0 is_stmt 1
  60 001c 039B     		ldr	r3, [sp, #12]
  61 001e 0022     		movs	r2, #0
  62 0020 1A60     		str	r2, [r3]
  63              		.loc 1 67 0
  64 0022 039B     		ldr	r3, [sp, #12]
  65 0024 029A     		ldr	r2, [sp, #8]
  66 0026 5A60     		str	r2, [r3, #4]
  67              		.loc 1 68 0
  68 0028 039B     		ldr	r3, [sp, #12]
  69 002a 019A     		ldr	r2, [sp, #4]
  70 002c 9A60     		str	r2, [r3, #8]
  71              		.loc 1 69 0
  72 002e 05B0     		add	sp, sp, #20
  73              		.cfi_def_cfa_offset 4
  74              		@ sp needed
  75 0030 5DF804FB 		ldr	pc, [sp], #4
  76              	.L5:
  77              		.align	2
  78              	.L4:
  79 0034 00000000 		.word	.LC0
  80              		.cfi_endproc
  81              	.LFE7:
  82              		.size	chPoolInit, .-chPoolInit
  83 0038 AFF30080 		.section	.rodata
  83      AFF30080 
  84 000f 00       		.align	2
  85              	.LC1:
  86 0010 22636850 		.ascii	"\"chPoolLoadArray\"()\000"
  86      6F6F6C4C 
  86      6F616441 
  86      72726179 
  86      22282900 
  87              		.section	.text.chPoolLoadArray,"ax",%progbits
  88              		.align	2
  89              		.p2align 4,,15
  90              		.global	chPoolLoadArray
  91              		.thumb
  92              		.thumb_func
  93              		.type	chPoolLoadArray, %function
  94              	chPoolLoadArray:
  95              	.LFB8:
  96              		.loc 1 84 0
  97              		.cfi_startproc
  98              		@ args = 0, pretend = 0, frame = 16
  99              		@ frame_needed = 0, uses_anonymous_args = 0
 100 0000 00B5     		push	{lr}
 101              		.cfi_def_cfa_offset 4
 102              		.cfi_offset 14, -4
 103 0002 85B0     		sub	sp, sp, #20
 104              		.cfi_def_cfa_offset 24
 105 0004 0390     		str	r0, [sp, #12]
 106 0006 0291     		str	r1, [sp, #8]
ARM GAS  /tmp/ccgWp5m1.s 			page 3


 107 0008 0192     		str	r2, [sp, #4]
 108              		.loc 1 86 0
 109 000a 039B     		ldr	r3, [sp, #12]
 110 000c 002B     		cmp	r3, #0
 111 000e 02D0     		beq	.L7
 112              		.loc 1 86 0 is_stmt 0 discriminator 2
 113 0010 019B     		ldr	r3, [sp, #4]
 114 0012 002B     		cmp	r3, #0
 115 0014 02D1     		bne	.L8
 116              	.L7:
 117              		.loc 1 86 0 discriminator 3
 118 0016 0B48     		ldr	r0, .L11
 119 0018 FFF7FEFF 		bl	chDbgPanic
 120              	.L8:
 121              		.loc 1 88 0 is_stmt 1
 122 001c 0BE0     		b	.L9
 123              	.L10:
 124              		.loc 1 89 0
 125 001e 0398     		ldr	r0, [sp, #12]
 126 0020 0299     		ldr	r1, [sp, #8]
 127 0022 FFF7FEFF 		bl	chPoolFree
 128              		.loc 1 90 0
 129 0026 039B     		ldr	r3, [sp, #12]
 130 0028 5B68     		ldr	r3, [r3, #4]
 131 002a 029A     		ldr	r2, [sp, #8]
 132 002c 1344     		add	r3, r3, r2
 133 002e 0293     		str	r3, [sp, #8]
 134              		.loc 1 91 0
 135 0030 019B     		ldr	r3, [sp, #4]
 136 0032 013B     		subs	r3, r3, #1
 137 0034 0193     		str	r3, [sp, #4]
 138              	.L9:
 139              		.loc 1 88 0
 140 0036 019B     		ldr	r3, [sp, #4]
 141 0038 002B     		cmp	r3, #0
 142 003a F0D1     		bne	.L10
 143              		.loc 1 93 0
 144 003c 05B0     		add	sp, sp, #20
 145              		.cfi_def_cfa_offset 4
 146              		@ sp needed
 147 003e 5DF804FB 		ldr	pc, [sp], #4
 148              	.L12:
 149 0042 00BF     		.align	2
 150              	.L11:
 151 0044 10000000 		.word	.LC1
 152              		.cfi_endproc
 153              	.LFE8:
 154              		.size	chPoolLoadArray, .-chPoolLoadArray
 155 0048 AFF30080 		.section	.rodata
 155      AFF30080 
 156              		.align	2
 157              	.LC2:
 158 0024 22636850 		.ascii	"\"chPoolAllocI\"()\000"
 158      6F6F6C41 
 158      6C6C6F63 
 158      49222829 
 158      00
ARM GAS  /tmp/ccgWp5m1.s 			page 4


 159              		.section	.text.chPoolAllocI,"ax",%progbits
 160              		.align	2
 161              		.p2align 4,,15
 162              		.global	chPoolAllocI
 163              		.thumb
 164              		.thumb_func
 165              		.type	chPoolAllocI, %function
 166              	chPoolAllocI:
 167              	.LFB9:
 168              		.loc 1 105 0
 169              		.cfi_startproc
 170              		@ args = 0, pretend = 0, frame = 16
 171              		@ frame_needed = 0, uses_anonymous_args = 0
 172 0000 00B5     		push	{lr}
 173              		.cfi_def_cfa_offset 4
 174              		.cfi_offset 14, -4
 175 0002 85B0     		sub	sp, sp, #20
 176              		.cfi_def_cfa_offset 24
 177 0004 0190     		str	r0, [sp, #4]
 178              		.loc 1 108 0
 179 0006 FFF7FEFF 		bl	chDbgCheckClassI
 180              		.loc 1 109 0
 181 000a 019B     		ldr	r3, [sp, #4]
 182 000c 002B     		cmp	r3, #0
 183 000e 02D1     		bne	.L14
 184              		.loc 1 109 0 is_stmt 0 discriminator 1
 185 0010 0F48     		ldr	r0, .L18
 186 0012 FFF7FEFF 		bl	chDbgPanic
 187              	.L14:
 188              		.loc 1 111 0 is_stmt 1
 189 0016 019B     		ldr	r3, [sp, #4]
 190 0018 1B68     		ldr	r3, [r3]
 191 001a 0393     		str	r3, [sp, #12]
 192 001c 039B     		ldr	r3, [sp, #12]
 193 001e 002B     		cmp	r3, #0
 194 0020 05D0     		beq	.L15
 195              		.loc 1 112 0
 196 0022 019B     		ldr	r3, [sp, #4]
 197 0024 1B68     		ldr	r3, [r3]
 198 0026 1A68     		ldr	r2, [r3]
 199 0028 019B     		ldr	r3, [sp, #4]
 200 002a 1A60     		str	r2, [r3]
 201 002c 0AE0     		b	.L16
 202              	.L15:
 203              		.loc 1 113 0
 204 002e 019B     		ldr	r3, [sp, #4]
 205 0030 9B68     		ldr	r3, [r3, #8]
 206 0032 002B     		cmp	r3, #0
 207 0034 06D0     		beq	.L16
 208              		.loc 1 114 0
 209 0036 019B     		ldr	r3, [sp, #4]
 210 0038 9B68     		ldr	r3, [r3, #8]
 211 003a 019A     		ldr	r2, [sp, #4]
 212 003c 5268     		ldr	r2, [r2, #4]
 213 003e 1046     		mov	r0, r2
 214 0040 9847     		blx	r3
 215 0042 0390     		str	r0, [sp, #12]
ARM GAS  /tmp/ccgWp5m1.s 			page 5


 216              	.L16:
 217              		.loc 1 115 0
 218 0044 039B     		ldr	r3, [sp, #12]
 219              		.loc 1 116 0
 220 0046 1846     		mov	r0, r3
 221 0048 05B0     		add	sp, sp, #20
 222              		.cfi_def_cfa_offset 4
 223              		@ sp needed
 224 004a 5DF804FB 		ldr	pc, [sp], #4
 225              	.L19:
 226 004e 00BF     		.align	2
 227              	.L18:
 228 0050 24000000 		.word	.LC2
 229              		.cfi_endproc
 230              	.LFE9:
 231              		.size	chPoolAllocI, .-chPoolAllocI
 232 0054 AFF30080 		.section	.text.chPoolAlloc,"ax",%progbits
 232      AFF30080 
 232      AFF30080 
 233              		.align	2
 234              		.p2align 4,,15
 235              		.global	chPoolAlloc
 236              		.thumb
 237              		.thumb_func
 238              		.type	chPoolAlloc, %function
 239              	chPoolAlloc:
 240              	.LFB10:
 241              		.loc 1 128 0
 242              		.cfi_startproc
 243              		@ args = 0, pretend = 0, frame = 16
 244              		@ frame_needed = 0, uses_anonymous_args = 0
 245 0000 00B5     		push	{lr}
 246              		.cfi_def_cfa_offset 4
 247              		.cfi_offset 14, -4
 248 0002 85B0     		sub	sp, sp, #20
 249              		.cfi_def_cfa_offset 24
 250 0004 0190     		str	r0, [sp, #4]
 251              	.LBB2:
 252              		.loc 1 131 0
 253 0006 2023     		movs	r3, #32
 254              	@ 131 "/home/ergae/r2p-sdk/core/ChibiOS/os/kernel/src/chmempools.c" 1
 255 0008 83F31188 		msr     BASEPRI, r3
 256              	@ 0 "" 2
 257              		.thumb
 258              	.LBE2:
 259 000c FFF7FEFF 		bl	dbg_check_lock
 260              		.loc 1 132 0
 261 0010 0198     		ldr	r0, [sp, #4]
 262 0012 FFF7FEFF 		bl	chPoolAllocI
 263 0016 0390     		str	r0, [sp, #12]
 264              		.loc 1 133 0
 265 0018 FFF7FEFF 		bl	dbg_check_unlock
 266              	.LBB3:
 267 001c 0023     		movs	r3, #0
 268              	@ 133 "/home/ergae/r2p-sdk/core/ChibiOS/os/kernel/src/chmempools.c" 1
 269 001e 83F31188 		msr     BASEPRI, r3
 270              	@ 0 "" 2
ARM GAS  /tmp/ccgWp5m1.s 			page 6


 271              		.thumb
 272              	.LBE3:
 273              		.loc 1 134 0
 274 0022 039B     		ldr	r3, [sp, #12]
 275              		.loc 1 135 0
 276 0024 1846     		mov	r0, r3
 277 0026 05B0     		add	sp, sp, #20
 278              		.cfi_def_cfa_offset 4
 279              		@ sp needed
 280 0028 5DF804FB 		ldr	pc, [sp], #4
 281              		.cfi_endproc
 282              	.LFE10:
 283              		.size	chPoolAlloc, .-chPoolAlloc
 284 002c AFF30080 		.section	.rodata
 285 0035 000000   		.align	2
 286              	.LC3:
 287 0038 22636850 		.ascii	"\"chPoolFreeI\"()\000"
 287      6F6F6C46 
 287      72656549 
 287      22282900 
 288              		.section	.text.chPoolFreeI,"ax",%progbits
 289              		.align	2
 290              		.p2align 4,,15
 291              		.global	chPoolFreeI
 292              		.thumb
 293              		.thumb_func
 294              		.type	chPoolFreeI, %function
 295              	chPoolFreeI:
 296              	.LFB11:
 297              		.loc 1 149 0
 298              		.cfi_startproc
 299              		@ args = 0, pretend = 0, frame = 16
 300              		@ frame_needed = 0, uses_anonymous_args = 0
 301 0000 00B5     		push	{lr}
 302              		.cfi_def_cfa_offset 4
 303              		.cfi_offset 14, -4
 304 0002 85B0     		sub	sp, sp, #20
 305              		.cfi_def_cfa_offset 24
 306 0004 0190     		str	r0, [sp, #4]
 307 0006 0091     		str	r1, [sp]
 308              		.loc 1 150 0
 309 0008 009B     		ldr	r3, [sp]
 310 000a 0393     		str	r3, [sp, #12]
 311              		.loc 1 152 0
 312 000c FFF7FEFF 		bl	chDbgCheckClassI
 313              		.loc 1 153 0
 314 0010 019B     		ldr	r3, [sp, #4]
 315 0012 002B     		cmp	r3, #0
 316 0014 02D0     		beq	.L23
 317              		.loc 1 153 0 is_stmt 0 discriminator 2
 318 0016 009B     		ldr	r3, [sp]
 319 0018 002B     		cmp	r3, #0
 320 001a 02D1     		bne	.L24
 321              	.L23:
 322              		.loc 1 153 0 discriminator 3
 323 001c 0648     		ldr	r0, .L25
 324 001e FFF7FEFF 		bl	chDbgPanic
ARM GAS  /tmp/ccgWp5m1.s 			page 7


 325              	.L24:
 326              		.loc 1 155 0 is_stmt 1
 327 0022 019B     		ldr	r3, [sp, #4]
 328 0024 1A68     		ldr	r2, [r3]
 329 0026 039B     		ldr	r3, [sp, #12]
 330 0028 1A60     		str	r2, [r3]
 331              		.loc 1 156 0
 332 002a 019B     		ldr	r3, [sp, #4]
 333 002c 039A     		ldr	r2, [sp, #12]
 334 002e 1A60     		str	r2, [r3]
 335              		.loc 1 157 0
 336 0030 05B0     		add	sp, sp, #20
 337              		.cfi_def_cfa_offset 4
 338              		@ sp needed
 339 0032 5DF804FB 		ldr	pc, [sp], #4
 340              	.L26:
 341 0036 00BF     		.align	2
 342              	.L25:
 343 0038 38000000 		.word	.LC3
 344              		.cfi_endproc
 345              	.LFE11:
 346              		.size	chPoolFreeI, .-chPoolFreeI
 347 003c AFF30080 		.section	.text.chPoolFree,"ax",%progbits
 348              		.align	2
 349              		.p2align 4,,15
 350              		.global	chPoolFree
 351              		.thumb
 352              		.thumb_func
 353              		.type	chPoolFree, %function
 354              	chPoolFree:
 355              	.LFB12:
 356              		.loc 1 171 0
 357              		.cfi_startproc
 358              		@ args = 0, pretend = 0, frame = 8
 359              		@ frame_needed = 0, uses_anonymous_args = 0
 360 0000 00B5     		push	{lr}
 361              		.cfi_def_cfa_offset 4
 362              		.cfi_offset 14, -4
 363 0002 83B0     		sub	sp, sp, #12
 364              		.cfi_def_cfa_offset 16
 365 0004 0190     		str	r0, [sp, #4]
 366 0006 0091     		str	r1, [sp]
 367              	.LBB4:
 368              		.loc 1 173 0
 369 0008 2023     		movs	r3, #32
 370              	@ 173 "/home/ergae/r2p-sdk/core/ChibiOS/os/kernel/src/chmempools.c" 1
 371 000a 83F31188 		msr     BASEPRI, r3
 372              	@ 0 "" 2
 373              		.thumb
 374              	.LBE4:
 375 000e FFF7FEFF 		bl	dbg_check_lock
 376              		.loc 1 174 0
 377 0012 0198     		ldr	r0, [sp, #4]
 378 0014 0099     		ldr	r1, [sp]
 379 0016 FFF7FEFF 		bl	chPoolFreeI
 380              		.loc 1 175 0
 381 001a FFF7FEFF 		bl	dbg_check_unlock
ARM GAS  /tmp/ccgWp5m1.s 			page 8


 382              	.LBB5:
 383 001e 0023     		movs	r3, #0
 384              	@ 175 "/home/ergae/r2p-sdk/core/ChibiOS/os/kernel/src/chmempools.c" 1
 385 0020 83F31188 		msr     BASEPRI, r3
 386              	@ 0 "" 2
 387              		.thumb
 388              	.LBE5:
 389              		.loc 1 176 0
 390 0024 03B0     		add	sp, sp, #12
 391              		.cfi_def_cfa_offset 4
 392              		@ sp needed
 393 0026 5DF804FB 		ldr	pc, [sp], #4
 394              		.cfi_endproc
 395              	.LFE12:
 396              		.size	chPoolFree, .-chPoolFree
 397 002a 00BFAFF3 		.text
 397      0080
 398              	.Letext0:
 399              		.file 2 "/home/ergae/r2p-sdk/tools/gcc-arm-none-eabi-4_9-2014q4/lib/gcc/arm-none-eabi/4.9.3/includ
 400              		.file 3 "/home/ergae/r2p-sdk/tools/gcc-arm-none-eabi-4_9-2014q4/arm-none-eabi/include/machine/_def
 401              		.file 4 "/home/ergae/r2p-sdk/tools/gcc-arm-none-eabi-4_9-2014q4/arm-none-eabi/include/stdint.h"
 402              		.file 5 "/home/ergae/r2p-sdk/core/ChibiOS/os/kernel/include/chmemcore.h"
 403              		.file 6 "/home/ergae/r2p-sdk/core/ChibiOS/os/kernel/include/chmempools.h"
 404              		.section	.debug_info,"",%progbits
 405              	.Ldebug_info0:
 406 0000 E3020000 		.4byte	0x2e3
 407 0004 0400     		.2byte	0x4
 408 0006 00000000 		.4byte	.Ldebug_abbrev0
 409 000a 04       		.byte	0x4
 410 000b 01       		.uleb128 0x1
 411 000c 89000000 		.4byte	.LASF31
 412 0010 01       		.byte	0x1
 413 0011 20020000 		.4byte	.LASF32
 414 0015 00000000 		.4byte	.Ldebug_ranges0+0
 415 0019 00000000 		.4byte	0
 416 001d 00000000 		.4byte	.Ldebug_line0
 417 0021 02       		.uleb128 0x2
 418 0022 04       		.byte	0x4
 419 0023 05       		.byte	0x5
 420 0024 696E7400 		.ascii	"int\000"
 421 0028 03       		.uleb128 0x3
 422 0029 0A000000 		.4byte	.LASF2
 423 002d 02       		.byte	0x2
 424 002e D4       		.byte	0xd4
 425 002f 33000000 		.4byte	0x33
 426 0033 04       		.uleb128 0x4
 427 0034 04       		.byte	0x4
 428 0035 07       		.byte	0x7
 429 0036 D5010000 		.4byte	.LASF0
 430 003a 04       		.uleb128 0x4
 431 003b 01       		.byte	0x1
 432 003c 06       		.byte	0x6
 433 003d A2020000 		.4byte	.LASF1
 434 0041 03       		.uleb128 0x3
 435 0042 00000000 		.4byte	.LASF3
 436 0046 03       		.byte	0x3
 437 0047 1D       		.byte	0x1d
ARM GAS  /tmp/ccgWp5m1.s 			page 9


 438 0048 4C000000 		.4byte	0x4c
 439 004c 04       		.uleb128 0x4
 440 004d 01       		.byte	0x1
 441 004e 08       		.byte	0x8
 442 004f 7B000000 		.4byte	.LASF4
 443 0053 04       		.uleb128 0x4
 444 0054 02       		.byte	0x2
 445 0055 05       		.byte	0x5
 446 0056 7A020000 		.4byte	.LASF5
 447 005a 04       		.uleb128 0x4
 448 005b 02       		.byte	0x2
 449 005c 07       		.byte	0x7
 450 005d 53000000 		.4byte	.LASF6
 451 0061 04       		.uleb128 0x4
 452 0062 04       		.byte	0x4
 453 0063 05       		.byte	0x5
 454 0064 99020000 		.4byte	.LASF7
 455 0068 03       		.uleb128 0x3
 456 0069 A2010000 		.4byte	.LASF8
 457 006d 03       		.byte	0x3
 458 006e 41       		.byte	0x41
 459 006f 73000000 		.4byte	0x73
 460 0073 04       		.uleb128 0x4
 461 0074 04       		.byte	0x4
 462 0075 07       		.byte	0x7
 463 0076 41000000 		.4byte	.LASF9
 464 007a 04       		.uleb128 0x4
 465 007b 08       		.byte	0x8
 466 007c 05       		.byte	0x5
 467 007d 12020000 		.4byte	.LASF10
 468 0081 04       		.uleb128 0x4
 469 0082 08       		.byte	0x8
 470 0083 07       		.byte	0x7
 471 0084 E2010000 		.4byte	.LASF11
 472 0088 03       		.uleb128 0x3
 473 0089 F9010000 		.4byte	.LASF12
 474 008d 04       		.byte	0x4
 475 008e 15       		.byte	0x15
 476 008f 41000000 		.4byte	0x41
 477 0093 03       		.uleb128 0x3
 478 0094 90020000 		.4byte	.LASF13
 479 0098 04       		.byte	0x4
 480 0099 2D       		.byte	0x2d
 481 009a 68000000 		.4byte	0x68
 482 009e 04       		.uleb128 0x4
 483 009f 01       		.byte	0x1
 484 00a0 02       		.byte	0x2
 485 00a1 B6020000 		.4byte	.LASF14
 486 00a5 05       		.uleb128 0x5
 487 00a6 04       		.byte	0x4
 488 00a7 04       		.uleb128 0x4
 489 00a8 04       		.byte	0x4
 490 00a9 07       		.byte	0x7
 491 00aa 09020000 		.4byte	.LASF15
 492 00ae 03       		.uleb128 0x3
 493 00af 61020000 		.4byte	.LASF16
 494 00b3 05       		.byte	0x5
ARM GAS  /tmp/ccgWp5m1.s 			page 10


 495 00b4 2C       		.byte	0x2c
 496 00b5 B9000000 		.4byte	0xb9
 497 00b9 06       		.uleb128 0x6
 498 00ba 04       		.byte	0x4
 499 00bb BF000000 		.4byte	0xbf
 500 00bf 07       		.uleb128 0x7
 501 00c0 A5000000 		.4byte	0xa5
 502 00c4 CE000000 		.4byte	0xce
 503 00c8 08       		.uleb128 0x8
 504 00c9 28000000 		.4byte	0x28
 505 00cd 00       		.byte	0
 506 00ce 09       		.uleb128 0x9
 507 00cf 30000000 		.4byte	.LASF33
 508 00d3 04       		.byte	0x4
 509 00d4 06       		.byte	0x6
 510 00d5 2C       		.byte	0x2c
 511 00d6 E7000000 		.4byte	0xe7
 512 00da 0A       		.uleb128 0xa
 513 00db 01020000 		.4byte	.LASF17
 514 00df 06       		.byte	0x6
 515 00e0 2D       		.byte	0x2d
 516 00e1 E7000000 		.4byte	0xe7
 517 00e5 00       		.byte	0
 518 00e6 00       		.byte	0
 519 00e7 06       		.uleb128 0x6
 520 00e8 04       		.byte	0x4
 521 00e9 CE000000 		.4byte	0xce
 522 00ed 0B       		.uleb128 0xb
 523 00ee 0C       		.byte	0xc
 524 00ef 06       		.byte	0x6
 525 00f0 34       		.byte	0x34
 526 00f1 1A010000 		.4byte	0x11a
 527 00f5 0A       		.uleb128 0xa
 528 00f6 AE020000 		.4byte	.LASF18
 529 00fa 06       		.byte	0x6
 530 00fb 35       		.byte	0x35
 531 00fc E7000000 		.4byte	0xe7
 532 0100 00       		.byte	0
 533 0101 0A       		.uleb128 0xa
 534 0102 11000000 		.4byte	.LASF19
 535 0106 06       		.byte	0x6
 536 0107 36       		.byte	0x36
 537 0108 28000000 		.4byte	0x28
 538 010c 04       		.byte	0x4
 539 010d 0A       		.uleb128 0xa
 540 010e 6E020000 		.4byte	.LASF20
 541 0112 06       		.byte	0x6
 542 0113 38       		.byte	0x38
 543 0114 AE000000 		.4byte	0xae
 544 0118 08       		.byte	0x8
 545 0119 00       		.byte	0
 546 011a 03       		.uleb128 0x3
 547 011b B8010000 		.4byte	.LASF21
 548 011f 06       		.byte	0x6
 549 0120 3A       		.byte	0x3a
 550 0121 ED000000 		.4byte	0xed
 551 0125 04       		.uleb128 0x4
ARM GAS  /tmp/ccgWp5m1.s 			page 11


 552 0126 01       		.byte	0x1
 553 0127 08       		.byte	0x8
 554 0128 5C020000 		.4byte	.LASF22
 555 012c 0C       		.uleb128 0xc
 556 012d BC020000 		.4byte	.LASF25
 557 0131 01       		.byte	0x1
 558 0132 3E       		.byte	0x3e
 559 0133 00000000 		.4byte	.LFB7
 560 0137 38000000 		.4byte	.LFE7-.LFB7
 561 013b 01       		.uleb128 0x1
 562 013c 9C       		.byte	0x9c
 563 013d 6B010000 		.4byte	0x16b
 564 0141 0D       		.uleb128 0xd
 565 0142 6D7000   		.ascii	"mp\000"
 566 0145 01       		.byte	0x1
 567 0146 3E       		.byte	0x3e
 568 0147 6B010000 		.4byte	0x16b
 569 014b 02       		.uleb128 0x2
 570 014c 91       		.byte	0x91
 571 014d 74       		.sleb128 -12
 572 014e 0E       		.uleb128 0xe
 573 014f 3C000000 		.4byte	.LASF23
 574 0153 01       		.byte	0x1
 575 0154 3E       		.byte	0x3e
 576 0155 28000000 		.4byte	0x28
 577 0159 02       		.uleb128 0x2
 578 015a 91       		.byte	0x91
 579 015b 70       		.sleb128 -16
 580 015c 0E       		.uleb128 0xe
 581 015d 66000000 		.4byte	.LASF24
 582 0161 01       		.byte	0x1
 583 0162 3E       		.byte	0x3e
 584 0163 AE000000 		.4byte	0xae
 585 0167 02       		.uleb128 0x2
 586 0168 91       		.byte	0x91
 587 0169 6C       		.sleb128 -20
 588 016a 00       		.byte	0
 589 016b 06       		.uleb128 0x6
 590 016c 04       		.byte	0x4
 591 016d 1A010000 		.4byte	0x11a
 592 0171 0C       		.uleb128 0xc
 593 0172 20000000 		.4byte	.LASF26
 594 0176 01       		.byte	0x1
 595 0177 54       		.byte	0x54
 596 0178 00000000 		.4byte	.LFB8
 597 017c 48000000 		.4byte	.LFE8-.LFB8
 598 0180 01       		.uleb128 0x1
 599 0181 9C       		.byte	0x9c
 600 0182 AC010000 		.4byte	0x1ac
 601 0186 0D       		.uleb128 0xd
 602 0187 6D7000   		.ascii	"mp\000"
 603 018a 01       		.byte	0x1
 604 018b 54       		.byte	0x54
 605 018c 6B010000 		.4byte	0x16b
 606 0190 02       		.uleb128 0x2
 607 0191 91       		.byte	0x91
 608 0192 74       		.sleb128 -12
ARM GAS  /tmp/ccgWp5m1.s 			page 12


 609 0193 0D       		.uleb128 0xd
 610 0194 7000     		.ascii	"p\000"
 611 0196 01       		.byte	0x1
 612 0197 54       		.byte	0x54
 613 0198 A5000000 		.4byte	0xa5
 614 019c 02       		.uleb128 0x2
 615 019d 91       		.byte	0x91
 616 019e 70       		.sleb128 -16
 617 019f 0D       		.uleb128 0xd
 618 01a0 6E00     		.ascii	"n\000"
 619 01a2 01       		.byte	0x1
 620 01a3 54       		.byte	0x54
 621 01a4 28000000 		.4byte	0x28
 622 01a8 02       		.uleb128 0x2
 623 01a9 91       		.byte	0x91
 624 01aa 6C       		.sleb128 -20
 625 01ab 00       		.byte	0
 626 01ac 0F       		.uleb128 0xf
 627 01ad C8010000 		.4byte	.LASF27
 628 01b1 01       		.byte	0x1
 629 01b2 69       		.byte	0x69
 630 01b3 A5000000 		.4byte	0xa5
 631 01b7 00000000 		.4byte	.LFB9
 632 01bb 54000000 		.4byte	.LFE9-.LFB9
 633 01bf 01       		.uleb128 0x1
 634 01c0 9C       		.byte	0x9c
 635 01c1 E1010000 		.4byte	0x1e1
 636 01c5 0D       		.uleb128 0xd
 637 01c6 6D7000   		.ascii	"mp\000"
 638 01c9 01       		.byte	0x1
 639 01ca 69       		.byte	0x69
 640 01cb 6B010000 		.4byte	0x16b
 641 01cf 02       		.uleb128 0x2
 642 01d0 91       		.byte	0x91
 643 01d1 6C       		.sleb128 -20
 644 01d2 10       		.uleb128 0x10
 645 01d3 C3010000 		.4byte	.LASF29
 646 01d7 01       		.byte	0x1
 647 01d8 6A       		.byte	0x6a
 648 01d9 A5000000 		.4byte	0xa5
 649 01dd 02       		.uleb128 0x2
 650 01de 91       		.byte	0x91
 651 01df 74       		.sleb128 -12
 652 01e0 00       		.byte	0
 653 01e1 0F       		.uleb128 0xf
 654 01e2 84020000 		.4byte	.LASF28
 655 01e6 01       		.byte	0x1
 656 01e7 80       		.byte	0x80
 657 01e8 A5000000 		.4byte	0xa5
 658 01ec 00000000 		.4byte	.LFB10
 659 01f0 2C000000 		.4byte	.LFE10-.LFB10
 660 01f4 01       		.uleb128 0x1
 661 01f5 9C       		.byte	0x9c
 662 01f6 48020000 		.4byte	0x248
 663 01fa 0D       		.uleb128 0xd
 664 01fb 6D7000   		.ascii	"mp\000"
 665 01fe 01       		.byte	0x1
ARM GAS  /tmp/ccgWp5m1.s 			page 13


 666 01ff 80       		.byte	0x80
 667 0200 6B010000 		.4byte	0x16b
 668 0204 02       		.uleb128 0x2
 669 0205 91       		.byte	0x91
 670 0206 6C       		.sleb128 -20
 671 0207 10       		.uleb128 0x10
 672 0208 C3010000 		.4byte	.LASF29
 673 020c 01       		.byte	0x1
 674 020d 81       		.byte	0x81
 675 020e A5000000 		.4byte	0xa5
 676 0212 02       		.uleb128 0x2
 677 0213 91       		.byte	0x91
 678 0214 74       		.sleb128 -12
 679 0215 11       		.uleb128 0x11
 680 0216 06000000 		.4byte	.LBB2
 681 021a 06000000 		.4byte	.LBE2-.LBB2
 682 021e 30020000 		.4byte	0x230
 683 0222 12       		.uleb128 0x12
 684 0223 746D7000 		.ascii	"tmp\000"
 685 0227 01       		.byte	0x1
 686 0228 83       		.byte	0x83
 687 0229 93000000 		.4byte	0x93
 688 022d 01       		.uleb128 0x1
 689 022e 53       		.byte	0x53
 690 022f 00       		.byte	0
 691 0230 13       		.uleb128 0x13
 692 0231 1C000000 		.4byte	.LBB3
 693 0235 06000000 		.4byte	.LBE3-.LBB3
 694 0239 12       		.uleb128 0x12
 695 023a 746D7000 		.ascii	"tmp\000"
 696 023e 01       		.byte	0x1
 697 023f 85       		.byte	0x85
 698 0240 93000000 		.4byte	0x93
 699 0244 01       		.uleb128 0x1
 700 0245 53       		.byte	0x53
 701 0246 00       		.byte	0
 702 0247 00       		.byte	0
 703 0248 0C       		.uleb128 0xc
 704 0249 6F000000 		.4byte	.LASF30
 705 024d 01       		.byte	0x1
 706 024e 95       		.byte	0x95
 707 024f 00000000 		.4byte	.LFB11
 708 0253 3C000000 		.4byte	.LFE11-.LFB11
 709 0257 01       		.uleb128 0x1
 710 0258 9C       		.byte	0x9c
 711 0259 87020000 		.4byte	0x287
 712 025d 0D       		.uleb128 0xd
 713 025e 6D7000   		.ascii	"mp\000"
 714 0261 01       		.byte	0x1
 715 0262 95       		.byte	0x95
 716 0263 6B010000 		.4byte	0x16b
 717 0267 02       		.uleb128 0x2
 718 0268 91       		.byte	0x91
 719 0269 6C       		.sleb128 -20
 720 026a 0E       		.uleb128 0xe
 721 026b C3010000 		.4byte	.LASF29
 722 026f 01       		.byte	0x1
ARM GAS  /tmp/ccgWp5m1.s 			page 14


 723 0270 95       		.byte	0x95
 724 0271 A5000000 		.4byte	0xa5
 725 0275 02       		.uleb128 0x2
 726 0276 91       		.byte	0x91
 727 0277 68       		.sleb128 -24
 728 0278 12       		.uleb128 0x12
 729 0279 70687000 		.ascii	"php\000"
 730 027d 01       		.byte	0x1
 731 027e 96       		.byte	0x96
 732 027f E7000000 		.4byte	0xe7
 733 0283 02       		.uleb128 0x2
 734 0284 91       		.byte	0x91
 735 0285 74       		.sleb128 -12
 736 0286 00       		.byte	0
 737 0287 14       		.uleb128 0x14
 738 0288 AD010000 		.4byte	.LASF34
 739 028c 01       		.byte	0x1
 740 028d AB       		.byte	0xab
 741 028e 00000000 		.4byte	.LFB12
 742 0292 2A000000 		.4byte	.LFE12-.LFB12
 743 0296 01       		.uleb128 0x1
 744 0297 9C       		.byte	0x9c
 745 0298 0D       		.uleb128 0xd
 746 0299 6D7000   		.ascii	"mp\000"
 747 029c 01       		.byte	0x1
 748 029d AB       		.byte	0xab
 749 029e 6B010000 		.4byte	0x16b
 750 02a2 02       		.uleb128 0x2
 751 02a3 91       		.byte	0x91
 752 02a4 74       		.sleb128 -12
 753 02a5 0E       		.uleb128 0xe
 754 02a6 C3010000 		.4byte	.LASF29
 755 02aa 01       		.byte	0x1
 756 02ab AB       		.byte	0xab
 757 02ac A5000000 		.4byte	0xa5
 758 02b0 02       		.uleb128 0x2
 759 02b1 91       		.byte	0x91
 760 02b2 70       		.sleb128 -16
 761 02b3 11       		.uleb128 0x11
 762 02b4 08000000 		.4byte	.LBB4
 763 02b8 06000000 		.4byte	.LBE4-.LBB4
 764 02bc CE020000 		.4byte	0x2ce
 765 02c0 12       		.uleb128 0x12
 766 02c1 746D7000 		.ascii	"tmp\000"
 767 02c5 01       		.byte	0x1
 768 02c6 AD       		.byte	0xad
 769 02c7 93000000 		.4byte	0x93
 770 02cb 01       		.uleb128 0x1
 771 02cc 53       		.byte	0x53
 772 02cd 00       		.byte	0
 773 02ce 13       		.uleb128 0x13
 774 02cf 1E000000 		.4byte	.LBB5
 775 02d3 06000000 		.4byte	.LBE5-.LBB5
 776 02d7 12       		.uleb128 0x12
 777 02d8 746D7000 		.ascii	"tmp\000"
 778 02dc 01       		.byte	0x1
 779 02dd AF       		.byte	0xaf
ARM GAS  /tmp/ccgWp5m1.s 			page 15


 780 02de 93000000 		.4byte	0x93
 781 02e2 01       		.uleb128 0x1
 782 02e3 53       		.byte	0x53
 783 02e4 00       		.byte	0
 784 02e5 00       		.byte	0
 785 02e6 00       		.byte	0
 786              		.section	.debug_abbrev,"",%progbits
 787              	.Ldebug_abbrev0:
 788 0000 01       		.uleb128 0x1
 789 0001 11       		.uleb128 0x11
 790 0002 01       		.byte	0x1
 791 0003 25       		.uleb128 0x25
 792 0004 0E       		.uleb128 0xe
 793 0005 13       		.uleb128 0x13
 794 0006 0B       		.uleb128 0xb
 795 0007 03       		.uleb128 0x3
 796 0008 0E       		.uleb128 0xe
 797 0009 55       		.uleb128 0x55
 798 000a 17       		.uleb128 0x17
 799 000b 11       		.uleb128 0x11
 800 000c 01       		.uleb128 0x1
 801 000d 10       		.uleb128 0x10
 802 000e 17       		.uleb128 0x17
 803 000f 00       		.byte	0
 804 0010 00       		.byte	0
 805 0011 02       		.uleb128 0x2
 806 0012 24       		.uleb128 0x24
 807 0013 00       		.byte	0
 808 0014 0B       		.uleb128 0xb
 809 0015 0B       		.uleb128 0xb
 810 0016 3E       		.uleb128 0x3e
 811 0017 0B       		.uleb128 0xb
 812 0018 03       		.uleb128 0x3
 813 0019 08       		.uleb128 0x8
 814 001a 00       		.byte	0
 815 001b 00       		.byte	0
 816 001c 03       		.uleb128 0x3
 817 001d 16       		.uleb128 0x16
 818 001e 00       		.byte	0
 819 001f 03       		.uleb128 0x3
 820 0020 0E       		.uleb128 0xe
 821 0021 3A       		.uleb128 0x3a
 822 0022 0B       		.uleb128 0xb
 823 0023 3B       		.uleb128 0x3b
 824 0024 0B       		.uleb128 0xb
 825 0025 49       		.uleb128 0x49
 826 0026 13       		.uleb128 0x13
 827 0027 00       		.byte	0
 828 0028 00       		.byte	0
 829 0029 04       		.uleb128 0x4
 830 002a 24       		.uleb128 0x24
 831 002b 00       		.byte	0
 832 002c 0B       		.uleb128 0xb
 833 002d 0B       		.uleb128 0xb
 834 002e 3E       		.uleb128 0x3e
 835 002f 0B       		.uleb128 0xb
 836 0030 03       		.uleb128 0x3
ARM GAS  /tmp/ccgWp5m1.s 			page 16


 837 0031 0E       		.uleb128 0xe
 838 0032 00       		.byte	0
 839 0033 00       		.byte	0
 840 0034 05       		.uleb128 0x5
 841 0035 0F       		.uleb128 0xf
 842 0036 00       		.byte	0
 843 0037 0B       		.uleb128 0xb
 844 0038 0B       		.uleb128 0xb
 845 0039 00       		.byte	0
 846 003a 00       		.byte	0
 847 003b 06       		.uleb128 0x6
 848 003c 0F       		.uleb128 0xf
 849 003d 00       		.byte	0
 850 003e 0B       		.uleb128 0xb
 851 003f 0B       		.uleb128 0xb
 852 0040 49       		.uleb128 0x49
 853 0041 13       		.uleb128 0x13
 854 0042 00       		.byte	0
 855 0043 00       		.byte	0
 856 0044 07       		.uleb128 0x7
 857 0045 15       		.uleb128 0x15
 858 0046 01       		.byte	0x1
 859 0047 27       		.uleb128 0x27
 860 0048 19       		.uleb128 0x19
 861 0049 49       		.uleb128 0x49
 862 004a 13       		.uleb128 0x13
 863 004b 01       		.uleb128 0x1
 864 004c 13       		.uleb128 0x13
 865 004d 00       		.byte	0
 866 004e 00       		.byte	0
 867 004f 08       		.uleb128 0x8
 868 0050 05       		.uleb128 0x5
 869 0051 00       		.byte	0
 870 0052 49       		.uleb128 0x49
 871 0053 13       		.uleb128 0x13
 872 0054 00       		.byte	0
 873 0055 00       		.byte	0
 874 0056 09       		.uleb128 0x9
 875 0057 13       		.uleb128 0x13
 876 0058 01       		.byte	0x1
 877 0059 03       		.uleb128 0x3
 878 005a 0E       		.uleb128 0xe
 879 005b 0B       		.uleb128 0xb
 880 005c 0B       		.uleb128 0xb
 881 005d 3A       		.uleb128 0x3a
 882 005e 0B       		.uleb128 0xb
 883 005f 3B       		.uleb128 0x3b
 884 0060 0B       		.uleb128 0xb
 885 0061 01       		.uleb128 0x1
 886 0062 13       		.uleb128 0x13
 887 0063 00       		.byte	0
 888 0064 00       		.byte	0
 889 0065 0A       		.uleb128 0xa
 890 0066 0D       		.uleb128 0xd
 891 0067 00       		.byte	0
 892 0068 03       		.uleb128 0x3
 893 0069 0E       		.uleb128 0xe
ARM GAS  /tmp/ccgWp5m1.s 			page 17


 894 006a 3A       		.uleb128 0x3a
 895 006b 0B       		.uleb128 0xb
 896 006c 3B       		.uleb128 0x3b
 897 006d 0B       		.uleb128 0xb
 898 006e 49       		.uleb128 0x49
 899 006f 13       		.uleb128 0x13
 900 0070 38       		.uleb128 0x38
 901 0071 0B       		.uleb128 0xb
 902 0072 00       		.byte	0
 903 0073 00       		.byte	0
 904 0074 0B       		.uleb128 0xb
 905 0075 13       		.uleb128 0x13
 906 0076 01       		.byte	0x1
 907 0077 0B       		.uleb128 0xb
 908 0078 0B       		.uleb128 0xb
 909 0079 3A       		.uleb128 0x3a
 910 007a 0B       		.uleb128 0xb
 911 007b 3B       		.uleb128 0x3b
 912 007c 0B       		.uleb128 0xb
 913 007d 01       		.uleb128 0x1
 914 007e 13       		.uleb128 0x13
 915 007f 00       		.byte	0
 916 0080 00       		.byte	0
 917 0081 0C       		.uleb128 0xc
 918 0082 2E       		.uleb128 0x2e
 919 0083 01       		.byte	0x1
 920 0084 3F       		.uleb128 0x3f
 921 0085 19       		.uleb128 0x19
 922 0086 03       		.uleb128 0x3
 923 0087 0E       		.uleb128 0xe
 924 0088 3A       		.uleb128 0x3a
 925 0089 0B       		.uleb128 0xb
 926 008a 3B       		.uleb128 0x3b
 927 008b 0B       		.uleb128 0xb
 928 008c 27       		.uleb128 0x27
 929 008d 19       		.uleb128 0x19
 930 008e 11       		.uleb128 0x11
 931 008f 01       		.uleb128 0x1
 932 0090 12       		.uleb128 0x12
 933 0091 06       		.uleb128 0x6
 934 0092 40       		.uleb128 0x40
 935 0093 18       		.uleb128 0x18
 936 0094 9642     		.uleb128 0x2116
 937 0096 19       		.uleb128 0x19
 938 0097 01       		.uleb128 0x1
 939 0098 13       		.uleb128 0x13
 940 0099 00       		.byte	0
 941 009a 00       		.byte	0
 942 009b 0D       		.uleb128 0xd
 943 009c 05       		.uleb128 0x5
 944 009d 00       		.byte	0
 945 009e 03       		.uleb128 0x3
 946 009f 08       		.uleb128 0x8
 947 00a0 3A       		.uleb128 0x3a
 948 00a1 0B       		.uleb128 0xb
 949 00a2 3B       		.uleb128 0x3b
 950 00a3 0B       		.uleb128 0xb
ARM GAS  /tmp/ccgWp5m1.s 			page 18


 951 00a4 49       		.uleb128 0x49
 952 00a5 13       		.uleb128 0x13
 953 00a6 02       		.uleb128 0x2
 954 00a7 18       		.uleb128 0x18
 955 00a8 00       		.byte	0
 956 00a9 00       		.byte	0
 957 00aa 0E       		.uleb128 0xe
 958 00ab 05       		.uleb128 0x5
 959 00ac 00       		.byte	0
 960 00ad 03       		.uleb128 0x3
 961 00ae 0E       		.uleb128 0xe
 962 00af 3A       		.uleb128 0x3a
 963 00b0 0B       		.uleb128 0xb
 964 00b1 3B       		.uleb128 0x3b
 965 00b2 0B       		.uleb128 0xb
 966 00b3 49       		.uleb128 0x49
 967 00b4 13       		.uleb128 0x13
 968 00b5 02       		.uleb128 0x2
 969 00b6 18       		.uleb128 0x18
 970 00b7 00       		.byte	0
 971 00b8 00       		.byte	0
 972 00b9 0F       		.uleb128 0xf
 973 00ba 2E       		.uleb128 0x2e
 974 00bb 01       		.byte	0x1
 975 00bc 3F       		.uleb128 0x3f
 976 00bd 19       		.uleb128 0x19
 977 00be 03       		.uleb128 0x3
 978 00bf 0E       		.uleb128 0xe
 979 00c0 3A       		.uleb128 0x3a
 980 00c1 0B       		.uleb128 0xb
 981 00c2 3B       		.uleb128 0x3b
 982 00c3 0B       		.uleb128 0xb
 983 00c4 27       		.uleb128 0x27
 984 00c5 19       		.uleb128 0x19
 985 00c6 49       		.uleb128 0x49
 986 00c7 13       		.uleb128 0x13
 987 00c8 11       		.uleb128 0x11
 988 00c9 01       		.uleb128 0x1
 989 00ca 12       		.uleb128 0x12
 990 00cb 06       		.uleb128 0x6
 991 00cc 40       		.uleb128 0x40
 992 00cd 18       		.uleb128 0x18
 993 00ce 9642     		.uleb128 0x2116
 994 00d0 19       		.uleb128 0x19
 995 00d1 01       		.uleb128 0x1
 996 00d2 13       		.uleb128 0x13
 997 00d3 00       		.byte	0
 998 00d4 00       		.byte	0
 999 00d5 10       		.uleb128 0x10
 1000 00d6 34       		.uleb128 0x34
 1001 00d7 00       		.byte	0
 1002 00d8 03       		.uleb128 0x3
 1003 00d9 0E       		.uleb128 0xe
 1004 00da 3A       		.uleb128 0x3a
 1005 00db 0B       		.uleb128 0xb
 1006 00dc 3B       		.uleb128 0x3b
 1007 00dd 0B       		.uleb128 0xb
ARM GAS  /tmp/ccgWp5m1.s 			page 19


 1008 00de 49       		.uleb128 0x49
 1009 00df 13       		.uleb128 0x13
 1010 00e0 02       		.uleb128 0x2
 1011 00e1 18       		.uleb128 0x18
 1012 00e2 00       		.byte	0
 1013 00e3 00       		.byte	0
 1014 00e4 11       		.uleb128 0x11
 1015 00e5 0B       		.uleb128 0xb
 1016 00e6 01       		.byte	0x1
 1017 00e7 11       		.uleb128 0x11
 1018 00e8 01       		.uleb128 0x1
 1019 00e9 12       		.uleb128 0x12
 1020 00ea 06       		.uleb128 0x6
 1021 00eb 01       		.uleb128 0x1
 1022 00ec 13       		.uleb128 0x13
 1023 00ed 00       		.byte	0
 1024 00ee 00       		.byte	0
 1025 00ef 12       		.uleb128 0x12
 1026 00f0 34       		.uleb128 0x34
 1027 00f1 00       		.byte	0
 1028 00f2 03       		.uleb128 0x3
 1029 00f3 08       		.uleb128 0x8
 1030 00f4 3A       		.uleb128 0x3a
 1031 00f5 0B       		.uleb128 0xb
 1032 00f6 3B       		.uleb128 0x3b
 1033 00f7 0B       		.uleb128 0xb
 1034 00f8 49       		.uleb128 0x49
 1035 00f9 13       		.uleb128 0x13
 1036 00fa 02       		.uleb128 0x2
 1037 00fb 18       		.uleb128 0x18
 1038 00fc 00       		.byte	0
 1039 00fd 00       		.byte	0
 1040 00fe 13       		.uleb128 0x13
 1041 00ff 0B       		.uleb128 0xb
 1042 0100 01       		.byte	0x1
 1043 0101 11       		.uleb128 0x11
 1044 0102 01       		.uleb128 0x1
 1045 0103 12       		.uleb128 0x12
 1046 0104 06       		.uleb128 0x6
 1047 0105 00       		.byte	0
 1048 0106 00       		.byte	0
 1049 0107 14       		.uleb128 0x14
 1050 0108 2E       		.uleb128 0x2e
 1051 0109 01       		.byte	0x1
 1052 010a 3F       		.uleb128 0x3f
 1053 010b 19       		.uleb128 0x19
 1054 010c 03       		.uleb128 0x3
 1055 010d 0E       		.uleb128 0xe
 1056 010e 3A       		.uleb128 0x3a
 1057 010f 0B       		.uleb128 0xb
 1058 0110 3B       		.uleb128 0x3b
 1059 0111 0B       		.uleb128 0xb
 1060 0112 27       		.uleb128 0x27
 1061 0113 19       		.uleb128 0x19
 1062 0114 11       		.uleb128 0x11
 1063 0115 01       		.uleb128 0x1
 1064 0116 12       		.uleb128 0x12
ARM GAS  /tmp/ccgWp5m1.s 			page 20


 1065 0117 06       		.uleb128 0x6
 1066 0118 40       		.uleb128 0x40
 1067 0119 18       		.uleb128 0x18
 1068 011a 9642     		.uleb128 0x2116
 1069 011c 19       		.uleb128 0x19
 1070 011d 00       		.byte	0
 1071 011e 00       		.byte	0
 1072 011f 00       		.byte	0
 1073              		.section	.debug_aranges,"",%progbits
 1074 0000 44000000 		.4byte	0x44
 1075 0004 0200     		.2byte	0x2
 1076 0006 00000000 		.4byte	.Ldebug_info0
 1077 000a 04       		.byte	0x4
 1078 000b 00       		.byte	0
 1079 000c 0000     		.2byte	0
 1080 000e 0000     		.2byte	0
 1081 0010 00000000 		.4byte	.LFB7
 1082 0014 38000000 		.4byte	.LFE7-.LFB7
 1083 0018 00000000 		.4byte	.LFB8
 1084 001c 48000000 		.4byte	.LFE8-.LFB8
 1085 0020 00000000 		.4byte	.LFB9
 1086 0024 54000000 		.4byte	.LFE9-.LFB9
 1087 0028 00000000 		.4byte	.LFB10
 1088 002c 2C000000 		.4byte	.LFE10-.LFB10
 1089 0030 00000000 		.4byte	.LFB11
 1090 0034 3C000000 		.4byte	.LFE11-.LFB11
 1091 0038 00000000 		.4byte	.LFB12
 1092 003c 2A000000 		.4byte	.LFE12-.LFB12
 1093 0040 00000000 		.4byte	0
 1094 0044 00000000 		.4byte	0
 1095              		.section	.debug_ranges,"",%progbits
 1096              	.Ldebug_ranges0:
 1097 0000 00000000 		.4byte	.LFB7
 1098 0004 38000000 		.4byte	.LFE7
 1099 0008 00000000 		.4byte	.LFB8
 1100 000c 48000000 		.4byte	.LFE8
 1101 0010 00000000 		.4byte	.LFB9
 1102 0014 54000000 		.4byte	.LFE9
 1103 0018 00000000 		.4byte	.LFB10
 1104 001c 2C000000 		.4byte	.LFE10
 1105 0020 00000000 		.4byte	.LFB11
 1106 0024 3C000000 		.4byte	.LFE11
 1107 0028 00000000 		.4byte	.LFB12
 1108 002c 2A000000 		.4byte	.LFE12
 1109 0030 00000000 		.4byte	0
 1110 0034 00000000 		.4byte	0
 1111              		.section	.debug_line,"",%progbits
 1112              	.Ldebug_line0:
 1113 0000 80020000 		.section	.debug_str,"MS",%progbits,1
 1113      0200CD01 
 1113      00000201 
 1113      FB0E0D00 
 1113      01010101 
 1114              	.LASF3:
 1115 0000 5F5F7569 		.ascii	"__uint8_t\000"
 1115      6E74385F 
 1115      7400
ARM GAS  /tmp/ccgWp5m1.s 			page 21


 1116              	.LASF2:
 1117 000a 73697A65 		.ascii	"size_t\000"
 1117      5F7400
 1118              	.LASF19:
 1119 0011 6D705F6F 		.ascii	"mp_object_size\000"
 1119      626A6563 
 1119      745F7369 
 1119      7A6500
 1120              	.LASF26:
 1121 0020 6368506F 		.ascii	"chPoolLoadArray\000"
 1121      6F6C4C6F 
 1121      61644172 
 1121      72617900 
 1122              	.LASF33:
 1123 0030 706F6F6C 		.ascii	"pool_header\000"
 1123      5F686561 
 1123      64657200 
 1124              	.LASF23:
 1125 003c 73697A65 		.ascii	"size\000"
 1125      00
 1126              	.LASF9:
 1127 0041 6C6F6E67 		.ascii	"long unsigned int\000"
 1127      20756E73 
 1127      69676E65 
 1127      6420696E 
 1127      7400
 1128              	.LASF6:
 1129 0053 73686F72 		.ascii	"short unsigned int\000"
 1129      7420756E 
 1129      7369676E 
 1129      65642069 
 1129      6E7400
 1130              	.LASF24:
 1131 0066 70726F76 		.ascii	"provider\000"
 1131      69646572 
 1131      00
 1132              	.LASF30:
 1133 006f 6368506F 		.ascii	"chPoolFreeI\000"
 1133      6F6C4672 
 1133      65654900 
 1134              	.LASF4:
 1135 007b 756E7369 		.ascii	"unsigned char\000"
 1135      676E6564 
 1135      20636861 
 1135      7200
 1136              	.LASF31:
 1137 0089 474E5520 		.ascii	"GNU C 4.9.3 20141119 (release) [ARM/embedded-4_9-br"
 1137      4320342E 
 1137      392E3320 
 1137      32303134 
 1137      31313139 
 1138 00bc 616E6368 		.ascii	"anch revision 218278] -mcpu=cortex-m4 -mfloat-abi=h"
 1138      20726576 
 1138      6973696F 
 1138      6E203231 
 1138      38323738 
 1139 00ef 61726420 		.ascii	"ard -mfpu=fpv4-sp-d16 -mno-thumb-interwork -mthumb "
ARM GAS  /tmp/ccgWp5m1.s 			page 22


 1139      2D6D6670 
 1139      753D6670 
 1139      76342D73 
 1139      702D6431 
 1140 0122 2D676764 		.ascii	"-ggdb -O0 -fomit-frame-pointer -falign-functions=16"
 1140      62202D4F 
 1140      30202D66 
 1140      6F6D6974 
 1140      2D667261 
 1141 0155 202D6666 		.ascii	" -ffunction-sections -fdata-sections -fno-common -f"
 1141      756E6374 
 1141      696F6E2D 
 1141      73656374 
 1141      696F6E73 
 1142 0188 73696E67 		.ascii	"single-precision-constant\000"
 1142      6C652D70 
 1142      72656369 
 1142      73696F6E 
 1142      2D636F6E 
 1143              	.LASF8:
 1144 01a2 5F5F7569 		.ascii	"__uint32_t\000"
 1144      6E743332 
 1144      5F7400
 1145              	.LASF34:
 1146 01ad 6368506F 		.ascii	"chPoolFree\000"
 1146      6F6C4672 
 1146      656500
 1147              	.LASF21:
 1148 01b8 4D656D6F 		.ascii	"MemoryPool\000"
 1148      7279506F 
 1148      6F6C00
 1149              	.LASF29:
 1150 01c3 6F626A70 		.ascii	"objp\000"
 1150      00
 1151              	.LASF27:
 1152 01c8 6368506F 		.ascii	"chPoolAllocI\000"
 1152      6F6C416C 
 1152      6C6F6349 
 1152      00
 1153              	.LASF0:
 1154 01d5 756E7369 		.ascii	"unsigned int\000"
 1154      676E6564 
 1154      20696E74 
 1154      00
 1155              	.LASF11:
 1156 01e2 6C6F6E67 		.ascii	"long long unsigned int\000"
 1156      206C6F6E 
 1156      6720756E 
 1156      7369676E 
 1156      65642069 
 1157              	.LASF12:
 1158 01f9 75696E74 		.ascii	"uint8_t\000"
 1158      385F7400 
 1159              	.LASF17:
 1160 0201 70685F6E 		.ascii	"ph_next\000"
 1160      65787400 
 1161              	.LASF15:
ARM GAS  /tmp/ccgWp5m1.s 			page 23


 1162 0209 73697A65 		.ascii	"sizetype\000"
 1162      74797065 
 1162      00
 1163              	.LASF10:
 1164 0212 6C6F6E67 		.ascii	"long long int\000"
 1164      206C6F6E 
 1164      6720696E 
 1164      7400
 1165              	.LASF32:
 1166 0220 2F686F6D 		.ascii	"/home/ergae/r2p-sdk/core/ChibiOS/os/kernel/src/chme"
 1166      652F6572 
 1166      6761652F 
 1166      7232702D 
 1166      73646B2F 
 1167 0253 6D706F6F 		.ascii	"mpools.c\000"
 1167      6C732E63 
 1167      00
 1168              	.LASF22:
 1169 025c 63686172 		.ascii	"char\000"
 1169      00
 1170              	.LASF16:
 1171 0261 6D656D67 		.ascii	"memgetfunc_t\000"
 1171      65746675 
 1171      6E635F74 
 1171      00
 1172              	.LASF20:
 1173 026e 6D705F70 		.ascii	"mp_provider\000"
 1173      726F7669 
 1173      64657200 
 1174              	.LASF5:
 1175 027a 73686F72 		.ascii	"short int\000"
 1175      7420696E 
 1175      7400
 1176              	.LASF28:
 1177 0284 6368506F 		.ascii	"chPoolAlloc\000"
 1177      6F6C416C 
 1177      6C6F6300 
 1178              	.LASF13:
 1179 0290 75696E74 		.ascii	"uint32_t\000"
 1179      33325F74 
 1179      00
 1180              	.LASF7:
 1181 0299 6C6F6E67 		.ascii	"long int\000"
 1181      20696E74 
 1181      00
 1182              	.LASF1:
 1183 02a2 7369676E 		.ascii	"signed char\000"
 1183      65642063 
 1183      68617200 
 1184              	.LASF18:
 1185 02ae 6D705F6E 		.ascii	"mp_next\000"
 1185      65787400 
 1186              	.LASF14:
 1187 02b6 5F426F6F 		.ascii	"_Bool\000"
 1187      6C00
 1188              	.LASF25:
 1189 02bc 6368506F 		.ascii	"chPoolInit\000"
ARM GAS  /tmp/ccgWp5m1.s 			page 24


 1189      6F6C496E 
 1189      697400
 1190              		.ident	"GCC: (GNU Tools for ARM Embedded Processors) 4.9.3 20141119 (release) [ARM/embedded-4_9-br
ARM GAS  /tmp/ccgWp5m1.s 			page 25


DEFINED SYMBOLS
                            *ABS*:00000000 chmempools.c
     /tmp/ccgWp5m1.s:21     .rodata:00000000 $d
     /tmp/ccgWp5m1.s:25     .text.chPoolInit:00000000 $t
     /tmp/ccgWp5m1.s:31     .text.chPoolInit:00000000 chPoolInit
     /tmp/ccgWp5m1.s:79     .text.chPoolInit:00000034 $d
     /tmp/ccgWp5m1.s:88     .text.chPoolLoadArray:00000000 $t
     /tmp/ccgWp5m1.s:94     .text.chPoolLoadArray:00000000 chPoolLoadArray
     /tmp/ccgWp5m1.s:354    .text.chPoolFree:00000000 chPoolFree
     /tmp/ccgWp5m1.s:151    .text.chPoolLoadArray:00000044 $d
     /tmp/ccgWp5m1.s:160    .text.chPoolAllocI:00000000 $t
     /tmp/ccgWp5m1.s:166    .text.chPoolAllocI:00000000 chPoolAllocI
     /tmp/ccgWp5m1.s:228    .text.chPoolAllocI:00000050 $d
     /tmp/ccgWp5m1.s:233    .text.chPoolAlloc:00000000 $t
     /tmp/ccgWp5m1.s:239    .text.chPoolAlloc:00000000 chPoolAlloc
     /tmp/ccgWp5m1.s:289    .text.chPoolFreeI:00000000 $t
     /tmp/ccgWp5m1.s:295    .text.chPoolFreeI:00000000 chPoolFreeI
     /tmp/ccgWp5m1.s:343    .text.chPoolFreeI:00000038 $d
     /tmp/ccgWp5m1.s:348    .text.chPoolFree:00000000 $t
                     .debug_frame:00000010 $d
     /tmp/ccgWp5m1.s:83     .text.chPoolInit:00000038 $t
     /tmp/ccgWp5m1.s:155    .text.chPoolLoadArray:00000048 $t
     /tmp/ccgWp5m1.s:232    .text.chPoolAllocI:00000054 $t
     /tmp/ccgWp5m1.s:347    .text.chPoolFreeI:0000003c $t

UNDEFINED SYMBOLS
chDbgPanic
chDbgCheckClassI
dbg_check_lock
dbg_check_unlock
