ARM GAS  /tmp/ccQru8e5.s 			page 1


   1              		.syntax unified
   2              		.cpu cortex-m4
   3              		.eabi_attribute 27, 3
   4              		.eabi_attribute 28, 1
   5              		.fpu fpv4-sp-d16
   6              		.eabi_attribute 20, 1
   7              		.eabi_attribute 21, 1
   8              		.eabi_attribute 23, 3
   9              		.eabi_attribute 24, 1
  10              		.eabi_attribute 25, 1
  11              		.eabi_attribute 26, 1
  12              		.eabi_attribute 30, 6
  13              		.eabi_attribute 34, 1
  14              		.eabi_attribute 18, 4
  15              		.thumb
  16              		.file	"chsys.c"
  17              		.text
  18              	.Ltext0:
  19              		.cfi_sections	.debug_frame
  20              		.global	_idle_thread_wa
  21              		.section	.bss._idle_thread_wa,"aw",%nobits
  22              		.align	3
  23              		.type	_idle_thread_wa, %object
  24              		.size	_idle_thread_wa, 360
  25              	_idle_thread_wa:
  26 0000 00000000 		.space	360
  26      00000000 
  26      00000000 
  26      00000000 
  26      00000000 
  27              		.section	.rodata
  28              		.align	2
  29              	.LC0:
  30 0000 69646C65 		.ascii	"idle\000"
  30      00
  31 0005 000000   		.section	.text._idle_thread,"ax",%progbits
  32              		.align	2
  33              		.p2align 4,,15
  34              		.global	_idle_thread
  35              		.thumb
  36              		.thumb_func
  37              		.type	_idle_thread, %function
  38              	_idle_thread:
  39              	.LFB7:
  40              		.file 1 "/home/ergae/r2p-sdk/core/ChibiOS/os/kernel/src/chsys.c"
  41              		.loc 1 61 0
  42              		.cfi_startproc
  43              		@ args = 0, pretend = 0, frame = 8
  44              		@ frame_needed = 0, uses_anonymous_args = 0
  45              		@ link register save eliminated.
  46 0000 82B0     		sub	sp, sp, #8
  47              		.cfi_def_cfa_offset 8
  48 0002 0190     		str	r0, [sp, #4]
  49              		.loc 1 64 0
  50 0004 024B     		ldr	r3, .L3
  51 0006 9B69     		ldr	r3, [r3, #24]
  52 0008 024A     		ldr	r2, .L3+4
ARM GAS  /tmp/ccQru8e5.s 			page 2


  53 000a 9A61     		str	r2, [r3, #24]
  54              	.L2:
  55              		.loc 1 68 0 discriminator 1
  56 000c FEE7     		b	.L2
  57              	.L4:
  58 000e 00BF     		.align	2
  59              	.L3:
  60 0010 00000000 		.word	rlist
  61 0014 00000000 		.word	.LC0
  62              		.cfi_endproc
  63              	.LFE7:
  64              		.size	_idle_thread, .-_idle_thread
  65 0018 AFF30080 		.section	.text.chSysInit,"ax",%progbits
  65      AFF30080 
  66              		.align	2
  67              		.p2align 4,,15
  68              		.global	chSysInit
  69              		.thumb
  70              		.thumb_func
  71              		.type	chSysInit, %function
  72              	chSysInit:
  73              	.LFB8:
  74              		.loc 1 84 0
  75              		.cfi_startproc
  76              		@ args = 0, pretend = 0, frame = 0
  77              		@ frame_needed = 0, uses_anonymous_args = 0
  78 0000 00B5     		push	{lr}
  79              		.cfi_def_cfa_offset 4
  80              		.cfi_offset 14, -4
  81 0002 83B0     		sub	sp, sp, #12
  82              		.cfi_def_cfa_offset 16
  83              		.loc 1 90 0
  84 0004 FFF7FEFF 		bl	_port_init
  85              		.loc 1 91 0
  86 0008 FFF7FEFF 		bl	_scheduler_init
  87              		.loc 1 92 0
  88 000c FFF7FEFF 		bl	_vt_init
  89              		.loc 1 94 0
  90 0010 FFF7FEFF 		bl	_core_init
  91              		.loc 1 97 0
  92 0014 FFF7FEFF 		bl	_heap_init
  93              		.loc 1 100 0
  94 0018 FFF7FEFF 		bl	_trace_init
  95              		.loc 1 104 0
  96 001c 1248     		ldr	r0, .L6
  97 001e 4021     		movs	r1, #64
  98 0020 FFF7FEFF 		bl	_thread_init
  99 0024 0246     		mov	r2, r0
 100 0026 114B     		ldr	r3, .L6+4
 101 0028 9A61     		str	r2, [r3, #24]
 102              		.loc 1 105 0
 103 002a 104B     		ldr	r3, .L6+4
 104 002c 9B69     		ldr	r3, [r3, #24]
 105 002e 0122     		movs	r2, #1
 106 0030 83F82020 		strb	r2, [r3, #32]
 107              		.loc 1 109 0
 108 0034 0D4B     		ldr	r3, .L6+4
ARM GAS  /tmp/ccQru8e5.s 			page 3


 109 0036 9B69     		ldr	r3, [r3, #24]
 110 0038 0D4A     		ldr	r2, .L6+8
 111 003a DA61     		str	r2, [r3, #28]
 112              		.loc 1 111 0
 113 003c FFF7FEFF 		bl	dbg_check_enable
 114              	.LBB2:
 115 0040 0023     		movs	r3, #0
 116              	@ 111 "/home/ergae/r2p-sdk/core/ChibiOS/os/kernel/src/chsys.c" 1
 117 0042 83F31188 		msr     BASEPRI, r3                    
 118 0046 62B6     		cpsie   i
 119              	@ 0 "" 2
 120              		.thumb
 121              	.LBE2:
 122              		.loc 1 115 0
 123 0048 084B     		ldr	r3, .L6+4
 124 004a 9B69     		ldr	r3, [r3, #24]
 125 004c 094A     		ldr	r2, .L6+12
 126 004e 9A61     		str	r2, [r3, #24]
 127              		.loc 1 121 0
 128 0050 0023     		movs	r3, #0
 129 0052 0093     		str	r3, [sp]
 130 0054 0848     		ldr	r0, .L6+16
 131 0056 4FF4B471 		mov	r1, #360
 132 005a 0122     		movs	r2, #1
 133 005c 074B     		ldr	r3, .L6+20
 134 005e FFF7FEFF 		bl	chThdCreateStatic
 135              		.loc 1 124 0
 136 0062 03B0     		add	sp, sp, #12
 137              		.cfi_def_cfa_offset 4
 138              		@ sp needed
 139 0064 5DF804FB 		ldr	pc, [sp], #4
 140              	.L7:
 141              		.align	2
 142              	.L6:
 143 0068 00000000 		.word	mainthread.4902
 144 006c 00000000 		.word	rlist
 145 0070 00000000 		.word	__main_thread_stack_base__
 146 0074 00000000 		.word	ch_debug
 147 0078 00000000 		.word	_idle_thread_wa
 148 007c 00000000 		.word	_idle_thread
 149              		.cfi_endproc
 150              	.LFE8:
 151              		.size	chSysInit, .-chSysInit
 152              		.section	.text.chSysTimerHandlerI,"ax",%progbits
 153              		.align	2
 154              		.p2align 4,,15
 155              		.global	chSysTimerHandlerI
 156              		.thumb
 157              		.thumb_func
 158              		.type	chSysTimerHandlerI, %function
 159              	chSysTimerHandlerI:
 160              	.LFB9:
 161              		.loc 1 137 0
 162              		.cfi_startproc
 163              		@ args = 0, pretend = 0, frame = 8
 164              		@ frame_needed = 0, uses_anonymous_args = 0
 165 0000 00B5     		push	{lr}
ARM GAS  /tmp/ccQru8e5.s 			page 4


 166              		.cfi_def_cfa_offset 4
 167              		.cfi_offset 14, -4
 168 0002 83B0     		sub	sp, sp, #12
 169              		.cfi_def_cfa_offset 16
 170              		.loc 1 139 0
 171 0004 FFF7FEFF 		bl	chDbgCheckClassI
 172              		.loc 1 143 0
 173 0008 244B     		ldr	r3, .L13
 174 000a 9B69     		ldr	r3, [r3, #24]
 175 000c 93F82330 		ldrb	r3, [r3, #35]	@ zero_extendqisi2
 176 0010 002B     		cmp	r3, #0
 177 0012 07D0     		beq	.L9
 178              		.loc 1 145 0
 179 0014 214B     		ldr	r3, .L13
 180 0016 9B69     		ldr	r3, [r3, #24]
 181 0018 93F82320 		ldrb	r2, [r3, #35]	@ zero_extendqisi2
 182 001c 013A     		subs	r2, r2, #1
 183 001e D2B2     		uxtb	r2, r2
 184 0020 83F82320 		strb	r2, [r3, #35]
 185              	.L9:
 186              		.loc 1 148 0
 187 0024 1D4B     		ldr	r3, .L13
 188 0026 9B69     		ldr	r3, [r3, #24]
 189 0028 5A6A     		ldr	r2, [r3, #36]
 190 002a 0132     		adds	r2, r2, #1
 191 002c 5A62     		str	r2, [r3, #36]
 192              		.loc 1 150 0
 193 002e 1C4B     		ldr	r3, .L13+4
 194 0030 DB68     		ldr	r3, [r3, #12]
 195 0032 0133     		adds	r3, r3, #1
 196 0034 1A4A     		ldr	r2, .L13+4
 197 0036 D360     		str	r3, [r2, #12]
 198 0038 194B     		ldr	r3, .L13+4
 199 003a 1B68     		ldr	r3, [r3]
 200 003c 184A     		ldr	r2, .L13+4
 201 003e 9342     		cmp	r3, r2
 202 0040 29D0     		beq	.L8
 203              	.LBB3:
 204              		.loc 1 150 0 is_stmt 0 discriminator 1
 205 0042 174B     		ldr	r3, .L13+4
 206 0044 1B68     		ldr	r3, [r3]
 207 0046 9A68     		ldr	r2, [r3, #8]
 208 0048 013A     		subs	r2, r2, #1
 209 004a 9A60     		str	r2, [r3, #8]
 210 004c 1CE0     		b	.L11
 211              	.L12:
 212              	.LBB4:
 213              		.loc 1 150 0 discriminator 4
 214 004e 019B     		ldr	r3, [sp, #4]
 215 0050 DB68     		ldr	r3, [r3, #12]
 216 0052 0093     		str	r3, [sp]
 217 0054 019B     		ldr	r3, [sp, #4]
 218 0056 0022     		movs	r2, #0
 219 0058 DA60     		str	r2, [r3, #12]
 220 005a 019B     		ldr	r3, [sp, #4]
 221 005c 1B68     		ldr	r3, [r3]
 222 005e 104A     		ldr	r2, .L13+4
ARM GAS  /tmp/ccQru8e5.s 			page 5


 223 0060 5A60     		str	r2, [r3, #4]
 224 0062 019B     		ldr	r3, [sp, #4]
 225 0064 1B68     		ldr	r3, [r3]
 226 0066 0E4A     		ldr	r2, .L13+4
 227 0068 1360     		str	r3, [r2]
 228 006a FFF7FEFF 		bl	dbg_check_unlock_from_isr
 229              	.LBB5:
 230 006e 0023     		movs	r3, #0
 231              	@ 150 "/home/ergae/r2p-sdk/core/ChibiOS/os/kernel/src/chsys.c" 1
 232 0070 83F31188 		msr     BASEPRI, r3
 233              	@ 0 "" 2
 234              		.thumb
 235              	.LBE5:
 236 0074 019B     		ldr	r3, [sp, #4]
 237 0076 1A69     		ldr	r2, [r3, #16]
 238 0078 009B     		ldr	r3, [sp]
 239 007a 1046     		mov	r0, r2
 240 007c 9847     		blx	r3
 241              	.LBB6:
 242 007e 2023     		movs	r3, #32
 243              	@ 150 "/home/ergae/r2p-sdk/core/ChibiOS/os/kernel/src/chsys.c" 1
 244 0080 83F31188 		msr     BASEPRI, r3
 245              	@ 0 "" 2
 246              		.thumb
 247              	.LBE6:
 248 0084 FFF7FEFF 		bl	dbg_check_lock_from_isr
 249              	.L11:
 250              	.LBE4:
 251              		.loc 1 150 0 discriminator 2
 252 0088 054B     		ldr	r3, .L13+4
 253 008a 1B68     		ldr	r3, [r3]
 254 008c 0193     		str	r3, [sp, #4]
 255 008e 019B     		ldr	r3, [sp, #4]
 256 0090 9B68     		ldr	r3, [r3, #8]
 257 0092 002B     		cmp	r3, #0
 258 0094 DBD0     		beq	.L12
 259              	.L8:
 260              	.LBE3:
 261              		.loc 1 154 0 is_stmt 1
 262 0096 03B0     		add	sp, sp, #12
 263              		.cfi_def_cfa_offset 4
 264              		@ sp needed
 265 0098 5DF804FB 		ldr	pc, [sp], #4
 266              	.L14:
 267              		.align	2
 268              	.L13:
 269 009c 00000000 		.word	rlist
 270 00a0 00000000 		.word	vtlist
 271              		.cfi_endproc
 272              	.LFE9:
 273              		.size	chSysTimerHandlerI, .-chSysTimerHandlerI
 274 00a4 AFF30080 		.section	.bss.mainthread.4902,"aw",%nobits
 274      AFF30080 
 274      AFF30080 
 275              		.align	2
 276              		.type	mainthread.4902, %object
 277              		.size	mainthread.4902, 76
ARM GAS  /tmp/ccQru8e5.s 			page 6


 278              	mainthread.4902:
 279 0000 00000000 		.space	76
 279      00000000 
 279      00000000 
 279      00000000 
 279      00000000 
 280              		.text
 281              	.Letext0:
 282              		.file 2 "/home/ergae/r2p-sdk/tools/gcc-arm-none-eabi-4_9-2014q4/arm-none-eabi/include/machine/_def
 283              		.file 3 "/home/ergae/r2p-sdk/tools/gcc-arm-none-eabi-4_9-2014q4/arm-none-eabi/include/stdint.h"
 284              		.file 4 "/home/ergae/r2p-sdk/core/ChibiOS/os/ports/GCC/ARMCMx/chtypes.h"
 285              		.file 5 "/home/ergae/r2p-sdk/core/ChibiOS/os/kernel/include/chlists.h"
 286              		.file 6 "/home/ergae/r2p-sdk/core/ChibiOS/os/kernel/include/chthreads.h"
 287              		.file 7 "/home/ergae/r2p-sdk/core/ChibiOS/os/ports/GCC/ARMCMx/chcore_v7m.h"
 288              		.file 8 "/home/ergae/r2p-sdk/core/ChibiOS/os/kernel/include/chvt.h"
 289              		.file 9 "/home/ergae/r2p-sdk/core/ChibiOS/os/kernel/include/chschd.h"
 290              		.file 10 "/home/ergae/r2p-sdk/core/ChibiOS/os/kernel/include/chmtx.h"
 291              		.file 11 "/home/ergae/r2p-sdk/core/ChibiOS/os/kernel/include/chregistry.h"
 292              		.section	.debug_info,"",%progbits
 293              	.Ldebug_info0:
 294 0000 23080000 		.4byte	0x823
 295 0004 0400     		.2byte	0x4
 296 0006 00000000 		.4byte	.Ldebug_abbrev0
 297 000a 04       		.byte	0x4
 298 000b 01       		.uleb128 0x1
 299 000c 78040000 		.4byte	.LASF110
 300 0010 01       		.byte	0x1
 301 0011 ED000000 		.4byte	.LASF111
 302 0015 00000000 		.4byte	.Ldebug_ranges0+0
 303 0019 00000000 		.4byte	0
 304 001d 00000000 		.4byte	.Ldebug_line0
 305 0021 02       		.uleb128 0x2
 306 0022 04       		.byte	0x4
 307 0023 05       		.byte	0x5
 308 0024 696E7400 		.ascii	"int\000"
 309 0028 03       		.uleb128 0x3
 310 0029 04       		.byte	0x4
 311 002a 07       		.byte	0x7
 312 002b 92010000 		.4byte	.LASF0
 313 002f 03       		.uleb128 0x3
 314 0030 01       		.byte	0x1
 315 0031 06       		.byte	0x6
 316 0032 A1000000 		.4byte	.LASF1
 317 0036 04       		.uleb128 0x4
 318 0037 2B000000 		.4byte	.LASF4
 319 003b 02       		.byte	0x2
 320 003c 1D       		.byte	0x1d
 321 003d 41000000 		.4byte	0x41
 322 0041 03       		.uleb128 0x3
 323 0042 01       		.byte	0x1
 324 0043 08       		.byte	0x8
 325 0044 02030000 		.4byte	.LASF2
 326 0048 03       		.uleb128 0x3
 327 0049 02       		.byte	0x2
 328 004a 05       		.byte	0x5
 329 004b 1A030000 		.4byte	.LASF3
 330 004f 04       		.uleb128 0x4
ARM GAS  /tmp/ccQru8e5.s 			page 7


 331 0050 AF030000 		.4byte	.LASF5
 332 0054 02       		.byte	0x2
 333 0055 2B       		.byte	0x2b
 334 0056 5A000000 		.4byte	0x5a
 335 005a 03       		.uleb128 0x3
 336 005b 02       		.byte	0x2
 337 005c 07       		.byte	0x7
 338 005d EE010000 		.4byte	.LASF6
 339 0061 04       		.uleb128 0x4
 340 0062 F1030000 		.4byte	.LASF7
 341 0066 02       		.byte	0x2
 342 0067 3F       		.byte	0x3f
 343 0068 6C000000 		.4byte	0x6c
 344 006c 03       		.uleb128 0x3
 345 006d 04       		.byte	0x4
 346 006e 05       		.byte	0x5
 347 006f E4000000 		.4byte	.LASF8
 348 0073 04       		.uleb128 0x4
 349 0074 61010000 		.4byte	.LASF9
 350 0078 02       		.byte	0x2
 351 0079 41       		.byte	0x41
 352 007a 7E000000 		.4byte	0x7e
 353 007e 03       		.uleb128 0x3
 354 007f 04       		.byte	0x4
 355 0080 07       		.byte	0x7
 356 0081 A7010000 		.4byte	.LASF10
 357 0085 03       		.uleb128 0x3
 358 0086 08       		.byte	0x8
 359 0087 05       		.byte	0x5
 360 0088 93000000 		.4byte	.LASF11
 361 008c 04       		.uleb128 0x4
 362 008d C7020000 		.4byte	.LASF12
 363 0091 02       		.byte	0x2
 364 0092 5B       		.byte	0x5b
 365 0093 97000000 		.4byte	0x97
 366 0097 03       		.uleb128 0x3
 367 0098 08       		.byte	0x8
 368 0099 07       		.byte	0x7
 369 009a 5D000000 		.4byte	.LASF13
 370 009e 04       		.uleb128 0x4
 371 009f 3D040000 		.4byte	.LASF14
 372 00a3 03       		.byte	0x3
 373 00a4 15       		.byte	0x15
 374 00a5 36000000 		.4byte	0x36
 375 00a9 04       		.uleb128 0x4
 376 00aa 2D010000 		.4byte	.LASF15
 377 00ae 03       		.byte	0x3
 378 00af 21       		.byte	0x21
 379 00b0 4F000000 		.4byte	0x4f
 380 00b4 04       		.uleb128 0x4
 381 00b5 FA020000 		.4byte	.LASF16
 382 00b9 03       		.byte	0x3
 383 00ba 2C       		.byte	0x2c
 384 00bb 61000000 		.4byte	0x61
 385 00bf 04       		.uleb128 0x4
 386 00c0 8D030000 		.4byte	.LASF17
 387 00c4 03       		.byte	0x3
ARM GAS  /tmp/ccQru8e5.s 			page 8


 388 00c5 2D       		.byte	0x2d
 389 00c6 73000000 		.4byte	0x73
 390 00ca 04       		.uleb128 0x4
 391 00cb 22000000 		.4byte	.LASF18
 392 00cf 03       		.byte	0x3
 393 00d0 39       		.byte	0x39
 394 00d1 8C000000 		.4byte	0x8c
 395 00d5 03       		.uleb128 0x3
 396 00d6 01       		.byte	0x1
 397 00d7 02       		.byte	0x2
 398 00d8 F4020000 		.4byte	.LASF19
 399 00dc 04       		.uleb128 0x4
 400 00dd 0F020000 		.4byte	.LASF20
 401 00e1 04       		.byte	0x4
 402 00e2 2C       		.byte	0x2c
 403 00e3 9E000000 		.4byte	0x9e
 404 00e7 04       		.uleb128 0x4
 405 00e8 24010000 		.4byte	.LASF21
 406 00ec 04       		.byte	0x4
 407 00ed 2D       		.byte	0x2d
 408 00ee 9E000000 		.4byte	0x9e
 409 00f2 04       		.uleb128 0x4
 410 00f3 D2020000 		.4byte	.LASF22
 411 00f7 04       		.byte	0x4
 412 00f8 2E       		.byte	0x2e
 413 00f9 9E000000 		.4byte	0x9e
 414 00fd 04       		.uleb128 0x4
 415 00fe DA000000 		.4byte	.LASF23
 416 0102 04       		.byte	0x4
 417 0103 2F       		.byte	0x2f
 418 0104 9E000000 		.4byte	0x9e
 419 0108 04       		.uleb128 0x4
 420 0109 EC020000 		.4byte	.LASF24
 421 010d 04       		.byte	0x4
 422 010e 30       		.byte	0x30
 423 010f BF000000 		.4byte	0xbf
 424 0113 04       		.uleb128 0x4
 425 0114 01020000 		.4byte	.LASF25
 426 0118 04       		.byte	0x4
 427 0119 31       		.byte	0x31
 428 011a B4000000 		.4byte	0xb4
 429 011e 04       		.uleb128 0x4
 430 011f 23020000 		.4byte	.LASF26
 431 0123 04       		.byte	0x4
 432 0124 33       		.byte	0x33
 433 0125 BF000000 		.4byte	0xbf
 434 0129 04       		.uleb128 0x4
 435 012a DC030000 		.4byte	.LASF27
 436 012e 04       		.byte	0x4
 437 012f 35       		.byte	0x35
 438 0130 BF000000 		.4byte	0xbf
 439 0134 04       		.uleb128 0x4
 440 0135 6E030000 		.4byte	.LASF28
 441 0139 05       		.byte	0x5
 442 013a 2A       		.byte	0x2a
 443 013b 3F010000 		.4byte	0x13f
 444 013f 05       		.uleb128 0x5
ARM GAS  /tmp/ccQru8e5.s 			page 9


 445 0140 6E030000 		.4byte	.LASF28
 446 0144 4C       		.byte	0x4c
 447 0145 06       		.byte	0x6
 448 0146 5E       		.byte	0x5e
 449 0147 48020000 		.4byte	0x248
 450 014b 06       		.uleb128 0x6
 451 014c 50030000 		.4byte	.LASF29
 452 0150 06       		.byte	0x6
 453 0151 5F       		.byte	0x5f
 454 0152 69020000 		.4byte	0x269
 455 0156 00       		.byte	0
 456 0157 06       		.uleb128 0x6
 457 0158 E5020000 		.4byte	.LASF30
 458 015c 06       		.byte	0x6
 459 015d 61       		.byte	0x61
 460 015e 69020000 		.4byte	0x269
 461 0162 04       		.byte	0x4
 462 0163 06       		.uleb128 0x6
 463 0164 7F000000 		.4byte	.LASF31
 464 0168 06       		.byte	0x6
 465 0169 63       		.byte	0x63
 466 016a 08010000 		.4byte	0x108
 467 016e 08       		.byte	0x8
 468 016f 06       		.uleb128 0x6
 469 0170 91050000 		.4byte	.LASF32
 470 0174 06       		.byte	0x6
 471 0175 64       		.byte	0x64
 472 0176 FE030000 		.4byte	0x3fe
 473 017a 0C       		.byte	0xc
 474 017b 06       		.uleb128 0x6
 475 017c 40010000 		.4byte	.LASF33
 476 0180 06       		.byte	0x6
 477 0181 66       		.byte	0x66
 478 0182 69020000 		.4byte	0x269
 479 0186 10       		.byte	0x10
 480 0187 06       		.uleb128 0x6
 481 0188 85020000 		.4byte	.LASF34
 482 018c 06       		.byte	0x6
 483 018d 67       		.byte	0x67
 484 018e 69020000 		.4byte	0x269
 485 0192 14       		.byte	0x14
 486 0193 06       		.uleb128 0x6
 487 0194 4C040000 		.4byte	.LASF35
 488 0198 06       		.byte	0x6
 489 0199 6E       		.byte	0x6e
 490 019a B8050000 		.4byte	0x5b8
 491 019e 18       		.byte	0x18
 492 019f 06       		.uleb128 0x6
 493 01a0 87010000 		.4byte	.LASF36
 494 01a4 06       		.byte	0x6
 495 01a5 74       		.byte	0x74
 496 01a6 CA050000 		.4byte	0x5ca
 497 01aa 1C       		.byte	0x1c
 498 01ab 06       		.uleb128 0x6
 499 01ac 24030000 		.4byte	.LASF37
 500 01b0 06       		.byte	0x6
 501 01b1 79       		.byte	0x79
ARM GAS  /tmp/ccQru8e5.s 			page 10


 502 01b2 E7000000 		.4byte	0xe7
 503 01b6 20       		.byte	0x20
 504 01b7 06       		.uleb128 0x6
 505 01b8 66030000 		.4byte	.LASF38
 506 01bc 06       		.byte	0x6
 507 01bd 7D       		.byte	0x7d
 508 01be DC000000 		.4byte	0xdc
 509 01c2 21       		.byte	0x21
 510 01c3 06       		.uleb128 0x6
 511 01c4 26040000 		.4byte	.LASF39
 512 01c8 06       		.byte	0x6
 513 01c9 82       		.byte	0x82
 514 01ca F2000000 		.4byte	0xf2
 515 01ce 22       		.byte	0x22
 516 01cf 06       		.uleb128 0x6
 517 01d0 2C030000 		.4byte	.LASF40
 518 01d4 06       		.byte	0x6
 519 01d5 88       		.byte	0x88
 520 01d6 FD000000 		.4byte	0xfd
 521 01da 23       		.byte	0x23
 522 01db 06       		.uleb128 0x6
 523 01dc FB030000 		.4byte	.LASF41
 524 01e0 06       		.byte	0x6
 525 01e1 8F       		.byte	0x8f
 526 01e2 D5040000 		.4byte	0x4d5
 527 01e6 24       		.byte	0x24
 528 01e7 07       		.uleb128 0x7
 529 01e8 705F7500 		.ascii	"p_u\000"
 530 01ec 06       		.byte	0x6
 531 01ed B4       		.byte	0xb4
 532 01ee 83050000 		.4byte	0x583
 533 01f2 28       		.byte	0x28
 534 01f3 06       		.uleb128 0x6
 535 01f4 97050000 		.4byte	.LASF42
 536 01f8 06       		.byte	0x6
 537 01f9 B9       		.byte	0xb9
 538 01fa 8F020000 		.4byte	0x28f
 539 01fe 2C       		.byte	0x2c
 540 01ff 06       		.uleb128 0x6
 541 0200 09040000 		.4byte	.LASF43
 542 0204 06       		.byte	0x6
 543 0205 BF       		.byte	0xbf
 544 0206 6F020000 		.4byte	0x26f
 545 020a 30       		.byte	0x30
 546 020b 06       		.uleb128 0x6
 547 020c 15000000 		.4byte	.LASF44
 548 0210 06       		.byte	0x6
 549 0211 C3       		.byte	0xc3
 550 0212 13010000 		.4byte	0x113
 551 0216 38       		.byte	0x38
 552 0217 06       		.uleb128 0x6
 553 0218 82030000 		.4byte	.LASF45
 554 021c 06       		.byte	0x6
 555 021d C9       		.byte	0xc9
 556 021e 1E010000 		.4byte	0x11e
 557 0222 3C       		.byte	0x3c
 558 0223 06       		.uleb128 0x6
ARM GAS  /tmp/ccQru8e5.s 			page 11


 559 0224 10030000 		.4byte	.LASF46
 560 0228 06       		.byte	0x6
 561 0229 D0       		.byte	0xd0
 562 022a D0050000 		.4byte	0x5d0
 563 022e 40       		.byte	0x40
 564 022f 06       		.uleb128 0x6
 565 0230 E6030000 		.4byte	.LASF47
 566 0234 06       		.byte	0x6
 567 0235 D4       		.byte	0xd4
 568 0236 08010000 		.4byte	0x108
 569 023a 44       		.byte	0x44
 570 023b 06       		.uleb128 0x6
 571 023c CA000000 		.4byte	.LASF48
 572 0240 06       		.byte	0x6
 573 0241 DA       		.byte	0xda
 574 0242 A5020000 		.4byte	0x2a5
 575 0246 48       		.byte	0x48
 576 0247 00       		.byte	0
 577 0248 08       		.uleb128 0x8
 578 0249 08       		.byte	0x8
 579 024a 05       		.byte	0x5
 580 024b 61       		.byte	0x61
 581 024c 69020000 		.4byte	0x269
 582 0250 06       		.uleb128 0x6
 583 0251 50030000 		.4byte	.LASF29
 584 0255 05       		.byte	0x5
 585 0256 62       		.byte	0x62
 586 0257 69020000 		.4byte	0x269
 587 025b 00       		.byte	0
 588 025c 06       		.uleb128 0x6
 589 025d E5020000 		.4byte	.LASF30
 590 0261 05       		.byte	0x5
 591 0262 64       		.byte	0x64
 592 0263 69020000 		.4byte	0x269
 593 0267 04       		.byte	0x4
 594 0268 00       		.byte	0
 595 0269 09       		.uleb128 0x9
 596 026a 04       		.byte	0x4
 597 026b 34010000 		.4byte	0x134
 598 026f 04       		.uleb128 0x4
 599 0270 93020000 		.4byte	.LASF49
 600 0274 05       		.byte	0x5
 601 0275 66       		.byte	0x66
 602 0276 48020000 		.4byte	0x248
 603 027a 08       		.uleb128 0x8
 604 027b 04       		.byte	0x4
 605 027c 05       		.byte	0x5
 606 027d 6B       		.byte	0x6b
 607 027e 8F020000 		.4byte	0x28f
 608 0282 06       		.uleb128 0x6
 609 0283 50030000 		.4byte	.LASF29
 610 0287 05       		.byte	0x5
 611 0288 6D       		.byte	0x6d
 612 0289 69020000 		.4byte	0x269
 613 028d 00       		.byte	0
 614 028e 00       		.byte	0
 615 028f 04       		.uleb128 0x4
ARM GAS  /tmp/ccQru8e5.s 			page 12


 616 0290 17020000 		.4byte	.LASF50
 617 0294 05       		.byte	0x5
 618 0295 70       		.byte	0x70
 619 0296 7A020000 		.4byte	0x27a
 620 029a 04       		.uleb128 0x4
 621 029b 6C010000 		.4byte	.LASF51
 622 029f 07       		.byte	0x7
 623 02a0 E5       		.byte	0xe5
 624 02a1 A5020000 		.4byte	0x2a5
 625 02a5 0A       		.uleb128 0xa
 626 02a6 04       		.byte	0x4
 627 02a7 04       		.uleb128 0x4
 628 02a8 35020000 		.4byte	.LASF52
 629 02ac 07       		.byte	0x7
 630 02ad EB       		.byte	0xeb
 631 02ae CA000000 		.4byte	0xca
 632 02b2 0B       		.uleb128 0xb
 633 02b3 02040000 		.4byte	.LASF53
 634 02b7 64       		.byte	0x64
 635 02b8 07       		.byte	0x7
 636 02b9 0C01     		.2byte	0x10c
 637 02bb FE030000 		.4byte	0x3fe
 638 02bf 0C       		.uleb128 0xc
 639 02c0 73313600 		.ascii	"s16\000"
 640 02c4 07       		.byte	0x7
 641 02c5 0E01     		.2byte	0x10e
 642 02c7 9A020000 		.4byte	0x29a
 643 02cb 00       		.byte	0
 644 02cc 0C       		.uleb128 0xc
 645 02cd 73313700 		.ascii	"s17\000"
 646 02d1 07       		.byte	0x7
 647 02d2 0F01     		.2byte	0x10f
 648 02d4 9A020000 		.4byte	0x29a
 649 02d8 04       		.byte	0x4
 650 02d9 0C       		.uleb128 0xc
 651 02da 73313800 		.ascii	"s18\000"
 652 02de 07       		.byte	0x7
 653 02df 1001     		.2byte	0x110
 654 02e1 9A020000 		.4byte	0x29a
 655 02e5 08       		.byte	0x8
 656 02e6 0C       		.uleb128 0xc
 657 02e7 73313900 		.ascii	"s19\000"
 658 02eb 07       		.byte	0x7
 659 02ec 1101     		.2byte	0x111
 660 02ee 9A020000 		.4byte	0x29a
 661 02f2 0C       		.byte	0xc
 662 02f3 0C       		.uleb128 0xc
 663 02f4 73323000 		.ascii	"s20\000"
 664 02f8 07       		.byte	0x7
 665 02f9 1201     		.2byte	0x112
 666 02fb 9A020000 		.4byte	0x29a
 667 02ff 10       		.byte	0x10
 668 0300 0C       		.uleb128 0xc
 669 0301 73323100 		.ascii	"s21\000"
 670 0305 07       		.byte	0x7
 671 0306 1301     		.2byte	0x113
 672 0308 9A020000 		.4byte	0x29a
ARM GAS  /tmp/ccQru8e5.s 			page 13


 673 030c 14       		.byte	0x14
 674 030d 0C       		.uleb128 0xc
 675 030e 73323200 		.ascii	"s22\000"
 676 0312 07       		.byte	0x7
 677 0313 1401     		.2byte	0x114
 678 0315 9A020000 		.4byte	0x29a
 679 0319 18       		.byte	0x18
 680 031a 0C       		.uleb128 0xc
 681 031b 73323300 		.ascii	"s23\000"
 682 031f 07       		.byte	0x7
 683 0320 1501     		.2byte	0x115
 684 0322 9A020000 		.4byte	0x29a
 685 0326 1C       		.byte	0x1c
 686 0327 0C       		.uleb128 0xc
 687 0328 73323400 		.ascii	"s24\000"
 688 032c 07       		.byte	0x7
 689 032d 1601     		.2byte	0x116
 690 032f 9A020000 		.4byte	0x29a
 691 0333 20       		.byte	0x20
 692 0334 0C       		.uleb128 0xc
 693 0335 73323500 		.ascii	"s25\000"
 694 0339 07       		.byte	0x7
 695 033a 1701     		.2byte	0x117
 696 033c 9A020000 		.4byte	0x29a
 697 0340 24       		.byte	0x24
 698 0341 0C       		.uleb128 0xc
 699 0342 73323600 		.ascii	"s26\000"
 700 0346 07       		.byte	0x7
 701 0347 1801     		.2byte	0x118
 702 0349 9A020000 		.4byte	0x29a
 703 034d 28       		.byte	0x28
 704 034e 0C       		.uleb128 0xc
 705 034f 73323700 		.ascii	"s27\000"
 706 0353 07       		.byte	0x7
 707 0354 1901     		.2byte	0x119
 708 0356 9A020000 		.4byte	0x29a
 709 035a 2C       		.byte	0x2c
 710 035b 0C       		.uleb128 0xc
 711 035c 73323800 		.ascii	"s28\000"
 712 0360 07       		.byte	0x7
 713 0361 1A01     		.2byte	0x11a
 714 0363 9A020000 		.4byte	0x29a
 715 0367 30       		.byte	0x30
 716 0368 0C       		.uleb128 0xc
 717 0369 73323900 		.ascii	"s29\000"
 718 036d 07       		.byte	0x7
 719 036e 1B01     		.2byte	0x11b
 720 0370 9A020000 		.4byte	0x29a
 721 0374 34       		.byte	0x34
 722 0375 0C       		.uleb128 0xc
 723 0376 73333000 		.ascii	"s30\000"
 724 037a 07       		.byte	0x7
 725 037b 1C01     		.2byte	0x11c
 726 037d 9A020000 		.4byte	0x29a
 727 0381 38       		.byte	0x38
 728 0382 0C       		.uleb128 0xc
 729 0383 73333100 		.ascii	"s31\000"
ARM GAS  /tmp/ccQru8e5.s 			page 14


 730 0387 07       		.byte	0x7
 731 0388 1D01     		.2byte	0x11d
 732 038a 9A020000 		.4byte	0x29a
 733 038e 3C       		.byte	0x3c
 734 038f 0C       		.uleb128 0xc
 735 0390 723400   		.ascii	"r4\000"
 736 0393 07       		.byte	0x7
 737 0394 1F01     		.2byte	0x11f
 738 0396 9A020000 		.4byte	0x29a
 739 039a 40       		.byte	0x40
 740 039b 0C       		.uleb128 0xc
 741 039c 723500   		.ascii	"r5\000"
 742 039f 07       		.byte	0x7
 743 03a0 2001     		.2byte	0x120
 744 03a2 9A020000 		.4byte	0x29a
 745 03a6 44       		.byte	0x44
 746 03a7 0C       		.uleb128 0xc
 747 03a8 723600   		.ascii	"r6\000"
 748 03ab 07       		.byte	0x7
 749 03ac 2101     		.2byte	0x121
 750 03ae 9A020000 		.4byte	0x29a
 751 03b2 48       		.byte	0x48
 752 03b3 0C       		.uleb128 0xc
 753 03b4 723700   		.ascii	"r7\000"
 754 03b7 07       		.byte	0x7
 755 03b8 2201     		.2byte	0x122
 756 03ba 9A020000 		.4byte	0x29a
 757 03be 4C       		.byte	0x4c
 758 03bf 0C       		.uleb128 0xc
 759 03c0 723800   		.ascii	"r8\000"
 760 03c3 07       		.byte	0x7
 761 03c4 2301     		.2byte	0x123
 762 03c6 9A020000 		.4byte	0x29a
 763 03ca 50       		.byte	0x50
 764 03cb 0C       		.uleb128 0xc
 765 03cc 723900   		.ascii	"r9\000"
 766 03cf 07       		.byte	0x7
 767 03d0 2401     		.2byte	0x124
 768 03d2 9A020000 		.4byte	0x29a
 769 03d6 54       		.byte	0x54
 770 03d7 0C       		.uleb128 0xc
 771 03d8 72313000 		.ascii	"r10\000"
 772 03dc 07       		.byte	0x7
 773 03dd 2501     		.2byte	0x125
 774 03df 9A020000 		.4byte	0x29a
 775 03e3 58       		.byte	0x58
 776 03e4 0C       		.uleb128 0xc
 777 03e5 72313100 		.ascii	"r11\000"
 778 03e9 07       		.byte	0x7
 779 03ea 2601     		.2byte	0x126
 780 03ec 9A020000 		.4byte	0x29a
 781 03f0 5C       		.byte	0x5c
 782 03f1 0C       		.uleb128 0xc
 783 03f2 6C7200   		.ascii	"lr\000"
 784 03f5 07       		.byte	0x7
 785 03f6 2701     		.2byte	0x127
 786 03f8 9A020000 		.4byte	0x29a
ARM GAS  /tmp/ccQru8e5.s 			page 15


 787 03fc 60       		.byte	0x60
 788 03fd 00       		.byte	0
 789 03fe 0B       		.uleb128 0xb
 790 03ff E6010000 		.4byte	.LASF54
 791 0403 04       		.byte	0x4
 792 0404 07       		.byte	0x7
 793 0405 3101     		.2byte	0x131
 794 0407 19040000 		.4byte	0x419
 795 040b 0C       		.uleb128 0xc
 796 040c 72313300 		.ascii	"r13\000"
 797 0410 07       		.byte	0x7
 798 0411 3201     		.2byte	0x132
 799 0413 19040000 		.4byte	0x419
 800 0417 00       		.byte	0
 801 0418 00       		.byte	0
 802 0419 09       		.uleb128 0x9
 803 041a 04       		.byte	0x4
 804 041b B2020000 		.4byte	0x2b2
 805 041f 03       		.uleb128 0x3
 806 0420 04       		.byte	0x4
 807 0421 07       		.byte	0x7
 808 0422 5C020000 		.4byte	.LASF55
 809 0426 04       		.uleb128 0x4
 810 0427 C2010000 		.4byte	.LASF56
 811 042b 08       		.byte	0x8
 812 042c 58       		.byte	0x58
 813 042d 31040000 		.4byte	0x431
 814 0431 09       		.uleb128 0x9
 815 0432 04       		.byte	0x4
 816 0433 37040000 		.4byte	0x437
 817 0437 0D       		.uleb128 0xd
 818 0438 42040000 		.4byte	0x442
 819 043c 0E       		.uleb128 0xe
 820 043d A5020000 		.4byte	0x2a5
 821 0441 00       		.byte	0
 822 0442 04       		.uleb128 0x4
 823 0443 D9010000 		.4byte	.LASF57
 824 0447 08       		.byte	0x8
 825 0448 5D       		.byte	0x5d
 826 0449 4D040000 		.4byte	0x44d
 827 044d 05       		.uleb128 0x5
 828 044e D9010000 		.4byte	.LASF57
 829 0452 14       		.byte	0x14
 830 0453 08       		.byte	0x8
 831 0454 64       		.byte	0x64
 832 0455 96040000 		.4byte	0x496
 833 0459 06       		.uleb128 0x6
 834 045a 9F010000 		.4byte	.LASF58
 835 045e 08       		.byte	0x8
 836 045f 65       		.byte	0x65
 837 0460 96040000 		.4byte	0x496
 838 0464 00       		.byte	0
 839 0465 06       		.uleb128 0x6
 840 0466 75010000 		.4byte	.LASF59
 841 046a 08       		.byte	0x8
 842 046b 67       		.byte	0x67
 843 046c 96040000 		.4byte	0x496
ARM GAS  /tmp/ccQru8e5.s 			page 16


 844 0470 04       		.byte	0x4
 845 0471 06       		.uleb128 0x6
 846 0472 54020000 		.4byte	.LASF60
 847 0476 08       		.byte	0x8
 848 0477 69       		.byte	0x69
 849 0478 29010000 		.4byte	0x129
 850 047c 08       		.byte	0x8
 851 047d 06       		.uleb128 0x6
 852 047e 65020000 		.4byte	.LASF61
 853 0482 08       		.byte	0x8
 854 0483 6A       		.byte	0x6a
 855 0484 26040000 		.4byte	0x426
 856 0488 0C       		.byte	0xc
 857 0489 06       		.uleb128 0x6
 858 048a 14040000 		.4byte	.LASF62
 859 048e 08       		.byte	0x8
 860 048f 6C       		.byte	0x6c
 861 0490 A5020000 		.4byte	0x2a5
 862 0494 10       		.byte	0x10
 863 0495 00       		.byte	0
 864 0496 09       		.uleb128 0x9
 865 0497 04       		.byte	0x4
 866 0498 42040000 		.4byte	0x442
 867 049c 08       		.uleb128 0x8
 868 049d 10       		.byte	0x10
 869 049e 08       		.byte	0x8
 870 049f 76       		.byte	0x76
 871 04a0 D5040000 		.4byte	0x4d5
 872 04a4 06       		.uleb128 0x6
 873 04a5 9F010000 		.4byte	.LASF58
 874 04a9 08       		.byte	0x8
 875 04aa 77       		.byte	0x77
 876 04ab 96040000 		.4byte	0x496
 877 04af 00       		.byte	0
 878 04b0 06       		.uleb128 0x6
 879 04b1 75010000 		.4byte	.LASF59
 880 04b5 08       		.byte	0x8
 881 04b6 79       		.byte	0x79
 882 04b7 96040000 		.4byte	0x496
 883 04bb 04       		.byte	0x4
 884 04bc 06       		.uleb128 0x6
 885 04bd 54020000 		.4byte	.LASF60
 886 04c1 08       		.byte	0x8
 887 04c2 7B       		.byte	0x7b
 888 04c3 29010000 		.4byte	0x129
 889 04c7 08       		.byte	0x8
 890 04c8 06       		.uleb128 0x6
 891 04c9 53040000 		.4byte	.LASF63
 892 04cd 08       		.byte	0x8
 893 04ce 7C       		.byte	0x7c
 894 04cf D5040000 		.4byte	0x4d5
 895 04d3 0C       		.byte	0xc
 896 04d4 00       		.byte	0
 897 04d5 0F       		.uleb128 0xf
 898 04d6 29010000 		.4byte	0x129
 899 04da 04       		.uleb128 0x4
 900 04db 69040000 		.4byte	.LASF64
ARM GAS  /tmp/ccQru8e5.s 			page 17


 901 04df 08       		.byte	0x8
 902 04e0 7D       		.byte	0x7d
 903 04e1 9C040000 		.4byte	0x49c
 904 04e5 08       		.uleb128 0x8
 905 04e6 1C       		.byte	0x1c
 906 04e7 09       		.byte	0x9
 907 04e8 5E       		.byte	0x5e
 908 04e9 36050000 		.4byte	0x536
 909 04ed 06       		.uleb128 0x6
 910 04ee A2030000 		.4byte	.LASF65
 911 04f2 09       		.byte	0x9
 912 04f3 5F       		.byte	0x5f
 913 04f4 6F020000 		.4byte	0x26f
 914 04f8 00       		.byte	0
 915 04f9 06       		.uleb128 0x6
 916 04fa 42030000 		.4byte	.LASF66
 917 04fe 09       		.byte	0x9
 918 04ff 60       		.byte	0x60
 919 0500 08010000 		.4byte	0x108
 920 0504 08       		.byte	0x8
 921 0505 06       		.uleb128 0x6
 922 0506 8D020000 		.4byte	.LASF67
 923 050a 09       		.byte	0x9
 924 050b 62       		.byte	0x62
 925 050c FE030000 		.4byte	0x3fe
 926 0510 0C       		.byte	0xc
 927 0511 06       		.uleb128 0x6
 928 0512 07020000 		.4byte	.LASF68
 929 0516 09       		.byte	0x9
 930 0517 65       		.byte	0x65
 931 0518 69020000 		.4byte	0x269
 932 051c 10       		.byte	0x10
 933 051d 06       		.uleb128 0x6
 934 051e B2020000 		.4byte	.LASF69
 935 0522 09       		.byte	0x9
 936 0523 66       		.byte	0x66
 937 0524 69020000 		.4byte	0x269
 938 0528 14       		.byte	0x14
 939 0529 06       		.uleb128 0x6
 940 052a A8020000 		.4byte	.LASF70
 941 052e 09       		.byte	0x9
 942 052f 69       		.byte	0x69
 943 0530 69020000 		.4byte	0x269
 944 0534 18       		.byte	0x18
 945 0535 00       		.byte	0
 946 0536 04       		.uleb128 0x4
 947 0537 2D040000 		.4byte	.LASF71
 948 053b 09       		.byte	0x9
 949 053c 6B       		.byte	0x6b
 950 053d E5040000 		.4byte	0x4e5
 951 0541 05       		.uleb128 0x5
 952 0542 2F020000 		.4byte	.LASF72
 953 0546 10       		.byte	0x10
 954 0547 0A       		.byte	0xa
 955 0548 2C       		.byte	0x2c
 956 0549 72050000 		.4byte	0x572
 957 054d 06       		.uleb128 0x6
ARM GAS  /tmp/ccQru8e5.s 			page 18


 958 054e D2000000 		.4byte	.LASF73
 959 0552 0A       		.byte	0xa
 960 0553 2D       		.byte	0x2d
 961 0554 6F020000 		.4byte	0x26f
 962 0558 00       		.byte	0
 963 0559 06       		.uleb128 0x6
 964 055a 70040000 		.4byte	.LASF74
 965 055e 0A       		.byte	0xa
 966 055f 2F       		.byte	0x2f
 967 0560 69020000 		.4byte	0x269
 968 0564 08       		.byte	0x8
 969 0565 06       		.uleb128 0x6
 970 0566 D5030000 		.4byte	.LASF75
 971 056a 0A       		.byte	0xa
 972 056b 31       		.byte	0x31
 973 056c 72050000 		.4byte	0x572
 974 0570 0C       		.byte	0xc
 975 0571 00       		.byte	0
 976 0572 09       		.uleb128 0x9
 977 0573 04       		.byte	0x4
 978 0574 41050000 		.4byte	0x541
 979 0578 04       		.uleb128 0x4
 980 0579 2F020000 		.4byte	.LASF72
 981 057d 0A       		.byte	0xa
 982 057e 33       		.byte	0x33
 983 057f 41050000 		.4byte	0x541
 984 0583 10       		.uleb128 0x10
 985 0584 04       		.byte	0x4
 986 0585 06       		.byte	0x6
 987 0586 96       		.byte	0x96
 988 0587 B8050000 		.4byte	0x5b8
 989 058b 11       		.uleb128 0x11
 990 058c 1B000000 		.4byte	.LASF76
 991 0590 06       		.byte	0x6
 992 0591 9D       		.byte	0x9d
 993 0592 13010000 		.4byte	0x113
 994 0596 11       		.uleb128 0x11
 995 0597 58010000 		.4byte	.LASF77
 996 059b 06       		.byte	0x6
 997 059c A4       		.byte	0xa4
 998 059d 13010000 		.4byte	0x113
 999 05a1 11       		.uleb128 0x11
 1000 05a2 45040000 		.4byte	.LASF78
 1001 05a6 06       		.byte	0x6
 1002 05a7 AB       		.byte	0xab
 1003 05a8 A5020000 		.4byte	0x2a5
 1004 05ac 11       		.uleb128 0x11
 1005 05ad 49030000 		.4byte	.LASF79
 1006 05b1 06       		.byte	0x6
 1007 05b2 B2       		.byte	0xb2
 1008 05b3 1E010000 		.4byte	0x11e
 1009 05b7 00       		.byte	0
 1010 05b8 09       		.uleb128 0x9
 1011 05b9 04       		.byte	0x4
 1012 05ba BE050000 		.4byte	0x5be
 1013 05be 12       		.uleb128 0x12
 1014 05bf C3050000 		.4byte	0x5c3
ARM GAS  /tmp/ccQru8e5.s 			page 19


 1015 05c3 03       		.uleb128 0x3
 1016 05c4 01       		.byte	0x1
 1017 05c5 08       		.byte	0x8
 1018 05c6 AA030000 		.4byte	.LASF80
 1019 05ca 09       		.uleb128 0x9
 1020 05cb 04       		.byte	0x4
 1021 05cc A7020000 		.4byte	0x2a7
 1022 05d0 09       		.uleb128 0x9
 1023 05d1 04       		.byte	0x4
 1024 05d2 78050000 		.4byte	0x578
 1025 05d6 04       		.uleb128 0x4
 1026 05d7 00000000 		.4byte	.LASF81
 1027 05db 06       		.byte	0x6
 1028 05dc E5       		.byte	0xe5
 1029 05dd E1050000 		.4byte	0x5e1
 1030 05e1 09       		.uleb128 0x9
 1031 05e2 04       		.byte	0x4
 1032 05e3 E7050000 		.4byte	0x5e7
 1033 05e7 13       		.uleb128 0x13
 1034 05e8 13010000 		.4byte	0x113
 1035 05ec F6050000 		.4byte	0x5f6
 1036 05f0 0E       		.uleb128 0xe
 1037 05f1 A5020000 		.4byte	0x2a5
 1038 05f5 00       		.byte	0
 1039 05f6 08       		.uleb128 0x8
 1040 05f7 16       		.byte	0x16
 1041 05f8 0B       		.byte	0xb
 1042 05f9 2C       		.byte	0x2c
 1043 05fa D7060000 		.4byte	0x6d7
 1044 05fe 06       		.uleb128 0x6
 1045 05ff CB010000 		.4byte	.LASF82
 1046 0603 0B       		.byte	0xb
 1047 0604 2D       		.byte	0x2d
 1048 0605 D7060000 		.4byte	0x6d7
 1049 0609 00       		.byte	0
 1050 060a 06       		.uleb128 0x6
 1051 060b 40020000 		.4byte	.LASF83
 1052 060f 0B       		.byte	0xb
 1053 0610 2E       		.byte	0x2e
 1054 0611 9E000000 		.4byte	0x9e
 1055 0615 04       		.byte	0x4
 1056 0616 06       		.uleb128 0x6
 1057 0617 A0020000 		.4byte	.LASF84
 1058 061b 0B       		.byte	0xb
 1059 061c 2F       		.byte	0x2f
 1060 061d 9E000000 		.4byte	0x9e
 1061 0621 05       		.byte	0x5
 1062 0622 06       		.uleb128 0x6
 1063 0623 5E040000 		.4byte	.LASF85
 1064 0627 0B       		.byte	0xb
 1065 0628 30       		.byte	0x30
 1066 0629 A9000000 		.4byte	0xa9
 1067 062d 06       		.byte	0x6
 1068 062e 06       		.uleb128 0x6
 1069 062f DA020000 		.4byte	.LASF86
 1070 0633 0B       		.byte	0xb
 1071 0634 31       		.byte	0x31
ARM GAS  /tmp/ccQru8e5.s 			page 20


 1072 0635 9E000000 		.4byte	0x9e
 1073 0639 08       		.byte	0x8
 1074 063a 06       		.uleb128 0x6
 1075 063b 6D020000 		.4byte	.LASF87
 1076 063f 0B       		.byte	0xb
 1077 0640 32       		.byte	0x32
 1078 0641 9E000000 		.4byte	0x9e
 1079 0645 09       		.byte	0x9
 1080 0646 06       		.uleb128 0x6
 1081 0647 35000000 		.4byte	.LASF88
 1082 064b 0B       		.byte	0xb
 1083 064c 33       		.byte	0x33
 1084 064d 9E000000 		.4byte	0x9e
 1085 0651 0A       		.byte	0xa
 1086 0652 06       		.uleb128 0x6
 1087 0653 96030000 		.4byte	.LASF89
 1088 0657 0B       		.byte	0xb
 1089 0658 34       		.byte	0x34
 1090 0659 9E000000 		.4byte	0x9e
 1091 065d 0B       		.byte	0xb
 1092 065e 06       		.uleb128 0x6
 1093 065f 1B040000 		.4byte	.LASF90
 1094 0663 0B       		.byte	0xb
 1095 0664 35       		.byte	0x35
 1096 0665 9E000000 		.4byte	0x9e
 1097 0669 0C       		.byte	0xc
 1098 066a 06       		.uleb128 0x6
 1099 066b 75030000 		.4byte	.LASF91
 1100 066f 0B       		.byte	0xb
 1101 0670 36       		.byte	0x36
 1102 0671 9E000000 		.4byte	0x9e
 1103 0675 0D       		.byte	0xd
 1104 0676 06       		.uleb128 0x6
 1105 0677 08000000 		.4byte	.LASF92
 1106 067b 0B       		.byte	0xb
 1107 067c 37       		.byte	0x37
 1108 067d 9E000000 		.4byte	0x9e
 1109 0681 0E       		.byte	0xe
 1110 0682 06       		.uleb128 0x6
 1111 0683 79020000 		.4byte	.LASF93
 1112 0687 0B       		.byte	0xb
 1113 0688 38       		.byte	0x38
 1114 0689 9E000000 		.4byte	0x9e
 1115 068d 0F       		.byte	0xf
 1116 068e 06       		.uleb128 0x6
 1117 068f AD000000 		.4byte	.LASF94
 1118 0693 0B       		.byte	0xb
 1119 0694 39       		.byte	0x39
 1120 0695 9E000000 		.4byte	0x9e
 1121 0699 10       		.byte	0x10
 1122 069a 06       		.uleb128 0x6
 1123 069b 86000000 		.4byte	.LASF95
 1124 069f 0B       		.byte	0xb
 1125 06a0 3B       		.byte	0x3b
 1126 06a1 9E000000 		.4byte	0x9e
 1127 06a5 11       		.byte	0x11
 1128 06a6 06       		.uleb128 0x6
ARM GAS  /tmp/ccQru8e5.s 			page 21


 1129 06a7 BD000000 		.4byte	.LASF96
 1130 06ab 0B       		.byte	0xb
 1131 06ac 3C       		.byte	0x3c
 1132 06ad 9E000000 		.4byte	0x9e
 1133 06b1 12       		.byte	0x12
 1134 06b2 06       		.uleb128 0x6
 1135 06b3 48020000 		.4byte	.LASF97
 1136 06b7 0B       		.byte	0xb
 1137 06b8 3D       		.byte	0x3d
 1138 06b9 9E000000 		.4byte	0x9e
 1139 06bd 13       		.byte	0x13
 1140 06be 06       		.uleb128 0x6
 1141 06bf 57030000 		.4byte	.LASF98
 1142 06c3 0B       		.byte	0xb
 1143 06c4 3E       		.byte	0x3e
 1144 06c5 9E000000 		.4byte	0x9e
 1145 06c9 14       		.byte	0x14
 1146 06ca 06       		.uleb128 0x6
 1147 06cb 36030000 		.4byte	.LASF99
 1148 06cf 0B       		.byte	0xb
 1149 06d0 40       		.byte	0x40
 1150 06d1 9E000000 		.4byte	0x9e
 1151 06d5 15       		.byte	0x15
 1152 06d6 00       		.byte	0
 1153 06d7 14       		.uleb128 0x14
 1154 06d8 C3050000 		.4byte	0x5c3
 1155 06dc E7060000 		.4byte	0x6e7
 1156 06e0 15       		.uleb128 0x15
 1157 06e1 1F040000 		.4byte	0x41f
 1158 06e5 03       		.byte	0x3
 1159 06e6 00       		.byte	0
 1160 06e7 04       		.uleb128 0x4
 1161 06e8 36010000 		.4byte	.LASF100
 1162 06ec 0B       		.byte	0xb
 1163 06ed 41       		.byte	0x41
 1164 06ee F6050000 		.4byte	0x5f6
 1165 06f2 16       		.uleb128 0x16
 1166 06f3 BA020000 		.4byte	.LASF101
 1167 06f7 01       		.byte	0x1
 1168 06f8 3D       		.byte	0x3d
 1169 06f9 00000000 		.4byte	.LFB7
 1170 06fd 18000000 		.4byte	.LFE7-.LFB7
 1171 0701 01       		.uleb128 0x1
 1172 0702 9C       		.byte	0x9c
 1173 0703 14070000 		.4byte	0x714
 1174 0707 17       		.uleb128 0x17
 1175 0708 7000     		.ascii	"p\000"
 1176 070a 01       		.byte	0x1
 1177 070b 3D       		.byte	0x3d
 1178 070c A5020000 		.4byte	0x2a5
 1179 0710 02       		.uleb128 0x2
 1180 0711 91       		.byte	0x91
 1181 0712 7C       		.sleb128 -4
 1182 0713 00       		.byte	0
 1183 0714 18       		.uleb128 0x18
 1184 0715 7D010000 		.4byte	.LASF102
 1185 0719 01       		.byte	0x1
ARM GAS  /tmp/ccQru8e5.s 			page 22


 1186 071a 54       		.byte	0x54
 1187 071b 00000000 		.4byte	.LFB8
 1188 071f 80000000 		.4byte	.LFE8-.LFB8
 1189 0723 01       		.uleb128 0x1
 1190 0724 9C       		.byte	0x9c
 1191 0725 5D070000 		.4byte	0x75d
 1192 0729 19       		.uleb128 0x19
 1193 072a 74000000 		.4byte	.LASF103
 1194 072e 01       		.byte	0x1
 1195 072f 55       		.byte	0x55
 1196 0730 34010000 		.4byte	0x134
 1197 0734 05       		.uleb128 0x5
 1198 0735 03       		.byte	0x3
 1199 0736 00000000 		.4byte	mainthread.4902
 1200 073a 1A       		.uleb128 0x1a
 1201 073b BA030000 		.4byte	.LASF105
 1202 073f 01       		.byte	0x1
 1203 0740 57       		.byte	0x57
 1204 0741 A7020000 		.4byte	0x2a7
 1205 0745 1B       		.uleb128 0x1b
 1206 0746 40000000 		.4byte	.LBB2
 1207 074a 08000000 		.4byte	.LBE2-.LBB2
 1208 074e 1C       		.uleb128 0x1c
 1209 074f 746D7000 		.ascii	"tmp\000"
 1210 0753 01       		.byte	0x1
 1211 0754 6F       		.byte	0x6f
 1212 0755 BF000000 		.4byte	0xbf
 1213 0759 01       		.uleb128 0x1
 1214 075a 53       		.byte	0x53
 1215 075b 00       		.byte	0
 1216 075c 00       		.byte	0
 1217 075d 18       		.uleb128 0x18
 1218 075e 4A000000 		.4byte	.LASF104
 1219 0762 01       		.byte	0x1
 1220 0763 89       		.byte	0x89
 1221 0764 00000000 		.4byte	.LFB9
 1222 0768 A4000000 		.4byte	.LFE9-.LFB9
 1223 076c 01       		.uleb128 0x1
 1224 076d 9C       		.byte	0x9c
 1225 076e D4070000 		.4byte	0x7d4
 1226 0772 1B       		.uleb128 0x1b
 1227 0773 42000000 		.4byte	.LBB3
 1228 0777 54000000 		.4byte	.LBE3-.LBB3
 1229 077b 1C       		.uleb128 0x1c
 1230 077c 76747000 		.ascii	"vtp\000"
 1231 0780 01       		.byte	0x1
 1232 0781 96       		.byte	0x96
 1233 0782 96040000 		.4byte	0x496
 1234 0786 02       		.uleb128 0x2
 1235 0787 91       		.byte	0x91
 1236 0788 74       		.sleb128 -12
 1237 0789 1B       		.uleb128 0x1b
 1238 078a 4E000000 		.4byte	.LBB4
 1239 078e 3A000000 		.4byte	.LBE4-.LBB4
 1240 0792 1C       		.uleb128 0x1c
 1241 0793 666E00   		.ascii	"fn\000"
 1242 0796 01       		.byte	0x1
ARM GAS  /tmp/ccQru8e5.s 			page 23


 1243 0797 96       		.byte	0x96
 1244 0798 26040000 		.4byte	0x426
 1245 079c 02       		.uleb128 0x2
 1246 079d 91       		.byte	0x91
 1247 079e 70       		.sleb128 -16
 1248 079f 1D       		.uleb128 0x1d
 1249 07a0 6E000000 		.4byte	.LBB5
 1250 07a4 06000000 		.4byte	.LBE5-.LBB5
 1251 07a8 BA070000 		.4byte	0x7ba
 1252 07ac 1C       		.uleb128 0x1c
 1253 07ad 746D7000 		.ascii	"tmp\000"
 1254 07b1 01       		.byte	0x1
 1255 07b2 96       		.byte	0x96
 1256 07b3 BF000000 		.4byte	0xbf
 1257 07b7 01       		.uleb128 0x1
 1258 07b8 53       		.byte	0x53
 1259 07b9 00       		.byte	0
 1260 07ba 1B       		.uleb128 0x1b
 1261 07bb 7E000000 		.4byte	.LBB6
 1262 07bf 06000000 		.4byte	.LBE6-.LBB6
 1263 07c3 1C       		.uleb128 0x1c
 1264 07c4 746D7000 		.ascii	"tmp\000"
 1265 07c8 01       		.byte	0x1
 1266 07c9 96       		.byte	0x96
 1267 07ca BF000000 		.4byte	0xbf
 1268 07ce 01       		.uleb128 0x1
 1269 07cf 53       		.byte	0x53
 1270 07d0 00       		.byte	0
 1271 07d1 00       		.byte	0
 1272 07d2 00       		.byte	0
 1273 07d3 00       		.byte	0
 1274 07d4 1A       		.uleb128 0x1a
 1275 07d5 43000000 		.4byte	.LASF106
 1276 07d9 08       		.byte	0x8
 1277 07da F5       		.byte	0xf5
 1278 07db DA040000 		.4byte	0x4da
 1279 07df 1A       		.uleb128 0x1a
 1280 07e0 37040000 		.4byte	.LASF107
 1281 07e4 09       		.byte	0x9
 1282 07e5 6F       		.byte	0x6f
 1283 07e6 36050000 		.4byte	0x536
 1284 07ea 1A       		.uleb128 0x1a
 1285 07eb B9010000 		.4byte	.LASF108
 1286 07ef 0B       		.byte	0xb
 1287 07f0 7E       		.byte	0x7e
 1288 07f1 F5070000 		.4byte	0x7f5
 1289 07f5 12       		.uleb128 0x12
 1290 07f6 E7060000 		.4byte	0x6e7
 1291 07fa 14       		.uleb128 0x14
 1292 07fb A7020000 		.4byte	0x2a7
 1293 07ff 0A080000 		.4byte	0x80a
 1294 0803 15       		.uleb128 0x15
 1295 0804 1F040000 		.4byte	0x41f
 1296 0808 2C       		.byte	0x2c
 1297 0809 00       		.byte	0
 1298 080a 1E       		.uleb128 0x1e
 1299 080b 48010000 		.4byte	.LASF109
ARM GAS  /tmp/ccQru8e5.s 			page 24


 1300 080f 01       		.byte	0x1
 1301 0810 31       		.byte	0x31
 1302 0811 FA070000 		.4byte	0x7fa
 1303 0815 05       		.uleb128 0x5
 1304 0816 03       		.byte	0x3
 1305 0817 00000000 		.4byte	_idle_thread_wa
 1306 081b 1A       		.uleb128 0x1a
 1307 081c BA030000 		.4byte	.LASF105
 1308 0820 01       		.byte	0x1
 1309 0821 57       		.byte	0x57
 1310 0822 A7020000 		.4byte	0x2a7
 1311 0826 00       		.byte	0
 1312              		.section	.debug_abbrev,"",%progbits
 1313              	.Ldebug_abbrev0:
 1314 0000 01       		.uleb128 0x1
 1315 0001 11       		.uleb128 0x11
 1316 0002 01       		.byte	0x1
 1317 0003 25       		.uleb128 0x25
 1318 0004 0E       		.uleb128 0xe
 1319 0005 13       		.uleb128 0x13
 1320 0006 0B       		.uleb128 0xb
 1321 0007 03       		.uleb128 0x3
 1322 0008 0E       		.uleb128 0xe
 1323 0009 55       		.uleb128 0x55
 1324 000a 17       		.uleb128 0x17
 1325 000b 11       		.uleb128 0x11
 1326 000c 01       		.uleb128 0x1
 1327 000d 10       		.uleb128 0x10
 1328 000e 17       		.uleb128 0x17
 1329 000f 00       		.byte	0
 1330 0010 00       		.byte	0
 1331 0011 02       		.uleb128 0x2
 1332 0012 24       		.uleb128 0x24
 1333 0013 00       		.byte	0
 1334 0014 0B       		.uleb128 0xb
 1335 0015 0B       		.uleb128 0xb
 1336 0016 3E       		.uleb128 0x3e
 1337 0017 0B       		.uleb128 0xb
 1338 0018 03       		.uleb128 0x3
 1339 0019 08       		.uleb128 0x8
 1340 001a 00       		.byte	0
 1341 001b 00       		.byte	0
 1342 001c 03       		.uleb128 0x3
 1343 001d 24       		.uleb128 0x24
 1344 001e 00       		.byte	0
 1345 001f 0B       		.uleb128 0xb
 1346 0020 0B       		.uleb128 0xb
 1347 0021 3E       		.uleb128 0x3e
 1348 0022 0B       		.uleb128 0xb
 1349 0023 03       		.uleb128 0x3
 1350 0024 0E       		.uleb128 0xe
 1351 0025 00       		.byte	0
 1352 0026 00       		.byte	0
 1353 0027 04       		.uleb128 0x4
 1354 0028 16       		.uleb128 0x16
 1355 0029 00       		.byte	0
 1356 002a 03       		.uleb128 0x3
ARM GAS  /tmp/ccQru8e5.s 			page 25


 1357 002b 0E       		.uleb128 0xe
 1358 002c 3A       		.uleb128 0x3a
 1359 002d 0B       		.uleb128 0xb
 1360 002e 3B       		.uleb128 0x3b
 1361 002f 0B       		.uleb128 0xb
 1362 0030 49       		.uleb128 0x49
 1363 0031 13       		.uleb128 0x13
 1364 0032 00       		.byte	0
 1365 0033 00       		.byte	0
 1366 0034 05       		.uleb128 0x5
 1367 0035 13       		.uleb128 0x13
 1368 0036 01       		.byte	0x1
 1369 0037 03       		.uleb128 0x3
 1370 0038 0E       		.uleb128 0xe
 1371 0039 0B       		.uleb128 0xb
 1372 003a 0B       		.uleb128 0xb
 1373 003b 3A       		.uleb128 0x3a
 1374 003c 0B       		.uleb128 0xb
 1375 003d 3B       		.uleb128 0x3b
 1376 003e 0B       		.uleb128 0xb
 1377 003f 01       		.uleb128 0x1
 1378 0040 13       		.uleb128 0x13
 1379 0041 00       		.byte	0
 1380 0042 00       		.byte	0
 1381 0043 06       		.uleb128 0x6
 1382 0044 0D       		.uleb128 0xd
 1383 0045 00       		.byte	0
 1384 0046 03       		.uleb128 0x3
 1385 0047 0E       		.uleb128 0xe
 1386 0048 3A       		.uleb128 0x3a
 1387 0049 0B       		.uleb128 0xb
 1388 004a 3B       		.uleb128 0x3b
 1389 004b 0B       		.uleb128 0xb
 1390 004c 49       		.uleb128 0x49
 1391 004d 13       		.uleb128 0x13
 1392 004e 38       		.uleb128 0x38
 1393 004f 0B       		.uleb128 0xb
 1394 0050 00       		.byte	0
 1395 0051 00       		.byte	0
 1396 0052 07       		.uleb128 0x7
 1397 0053 0D       		.uleb128 0xd
 1398 0054 00       		.byte	0
 1399 0055 03       		.uleb128 0x3
 1400 0056 08       		.uleb128 0x8
 1401 0057 3A       		.uleb128 0x3a
 1402 0058 0B       		.uleb128 0xb
 1403 0059 3B       		.uleb128 0x3b
 1404 005a 0B       		.uleb128 0xb
 1405 005b 49       		.uleb128 0x49
 1406 005c 13       		.uleb128 0x13
 1407 005d 38       		.uleb128 0x38
 1408 005e 0B       		.uleb128 0xb
 1409 005f 00       		.byte	0
 1410 0060 00       		.byte	0
 1411 0061 08       		.uleb128 0x8
 1412 0062 13       		.uleb128 0x13
 1413 0063 01       		.byte	0x1
ARM GAS  /tmp/ccQru8e5.s 			page 26


 1414 0064 0B       		.uleb128 0xb
 1415 0065 0B       		.uleb128 0xb
 1416 0066 3A       		.uleb128 0x3a
 1417 0067 0B       		.uleb128 0xb
 1418 0068 3B       		.uleb128 0x3b
 1419 0069 0B       		.uleb128 0xb
 1420 006a 01       		.uleb128 0x1
 1421 006b 13       		.uleb128 0x13
 1422 006c 00       		.byte	0
 1423 006d 00       		.byte	0
 1424 006e 09       		.uleb128 0x9
 1425 006f 0F       		.uleb128 0xf
 1426 0070 00       		.byte	0
 1427 0071 0B       		.uleb128 0xb
 1428 0072 0B       		.uleb128 0xb
 1429 0073 49       		.uleb128 0x49
 1430 0074 13       		.uleb128 0x13
 1431 0075 00       		.byte	0
 1432 0076 00       		.byte	0
 1433 0077 0A       		.uleb128 0xa
 1434 0078 0F       		.uleb128 0xf
 1435 0079 00       		.byte	0
 1436 007a 0B       		.uleb128 0xb
 1437 007b 0B       		.uleb128 0xb
 1438 007c 00       		.byte	0
 1439 007d 00       		.byte	0
 1440 007e 0B       		.uleb128 0xb
 1441 007f 13       		.uleb128 0x13
 1442 0080 01       		.byte	0x1
 1443 0081 03       		.uleb128 0x3
 1444 0082 0E       		.uleb128 0xe
 1445 0083 0B       		.uleb128 0xb
 1446 0084 0B       		.uleb128 0xb
 1447 0085 3A       		.uleb128 0x3a
 1448 0086 0B       		.uleb128 0xb
 1449 0087 3B       		.uleb128 0x3b
 1450 0088 05       		.uleb128 0x5
 1451 0089 01       		.uleb128 0x1
 1452 008a 13       		.uleb128 0x13
 1453 008b 00       		.byte	0
 1454 008c 00       		.byte	0
 1455 008d 0C       		.uleb128 0xc
 1456 008e 0D       		.uleb128 0xd
 1457 008f 00       		.byte	0
 1458 0090 03       		.uleb128 0x3
 1459 0091 08       		.uleb128 0x8
 1460 0092 3A       		.uleb128 0x3a
 1461 0093 0B       		.uleb128 0xb
 1462 0094 3B       		.uleb128 0x3b
 1463 0095 05       		.uleb128 0x5
 1464 0096 49       		.uleb128 0x49
 1465 0097 13       		.uleb128 0x13
 1466 0098 38       		.uleb128 0x38
 1467 0099 0B       		.uleb128 0xb
 1468 009a 00       		.byte	0
 1469 009b 00       		.byte	0
 1470 009c 0D       		.uleb128 0xd
ARM GAS  /tmp/ccQru8e5.s 			page 27


 1471 009d 15       		.uleb128 0x15
 1472 009e 01       		.byte	0x1
 1473 009f 27       		.uleb128 0x27
 1474 00a0 19       		.uleb128 0x19
 1475 00a1 01       		.uleb128 0x1
 1476 00a2 13       		.uleb128 0x13
 1477 00a3 00       		.byte	0
 1478 00a4 00       		.byte	0
 1479 00a5 0E       		.uleb128 0xe
 1480 00a6 05       		.uleb128 0x5
 1481 00a7 00       		.byte	0
 1482 00a8 49       		.uleb128 0x49
 1483 00a9 13       		.uleb128 0x13
 1484 00aa 00       		.byte	0
 1485 00ab 00       		.byte	0
 1486 00ac 0F       		.uleb128 0xf
 1487 00ad 35       		.uleb128 0x35
 1488 00ae 00       		.byte	0
 1489 00af 49       		.uleb128 0x49
 1490 00b0 13       		.uleb128 0x13
 1491 00b1 00       		.byte	0
 1492 00b2 00       		.byte	0
 1493 00b3 10       		.uleb128 0x10
 1494 00b4 17       		.uleb128 0x17
 1495 00b5 01       		.byte	0x1
 1496 00b6 0B       		.uleb128 0xb
 1497 00b7 0B       		.uleb128 0xb
 1498 00b8 3A       		.uleb128 0x3a
 1499 00b9 0B       		.uleb128 0xb
 1500 00ba 3B       		.uleb128 0x3b
 1501 00bb 0B       		.uleb128 0xb
 1502 00bc 01       		.uleb128 0x1
 1503 00bd 13       		.uleb128 0x13
 1504 00be 00       		.byte	0
 1505 00bf 00       		.byte	0
 1506 00c0 11       		.uleb128 0x11
 1507 00c1 0D       		.uleb128 0xd
 1508 00c2 00       		.byte	0
 1509 00c3 03       		.uleb128 0x3
 1510 00c4 0E       		.uleb128 0xe
 1511 00c5 3A       		.uleb128 0x3a
 1512 00c6 0B       		.uleb128 0xb
 1513 00c7 3B       		.uleb128 0x3b
 1514 00c8 0B       		.uleb128 0xb
 1515 00c9 49       		.uleb128 0x49
 1516 00ca 13       		.uleb128 0x13
 1517 00cb 00       		.byte	0
 1518 00cc 00       		.byte	0
 1519 00cd 12       		.uleb128 0x12
 1520 00ce 26       		.uleb128 0x26
 1521 00cf 00       		.byte	0
 1522 00d0 49       		.uleb128 0x49
 1523 00d1 13       		.uleb128 0x13
 1524 00d2 00       		.byte	0
 1525 00d3 00       		.byte	0
 1526 00d4 13       		.uleb128 0x13
 1527 00d5 15       		.uleb128 0x15
ARM GAS  /tmp/ccQru8e5.s 			page 28


 1528 00d6 01       		.byte	0x1
 1529 00d7 27       		.uleb128 0x27
 1530 00d8 19       		.uleb128 0x19
 1531 00d9 49       		.uleb128 0x49
 1532 00da 13       		.uleb128 0x13
 1533 00db 01       		.uleb128 0x1
 1534 00dc 13       		.uleb128 0x13
 1535 00dd 00       		.byte	0
 1536 00de 00       		.byte	0
 1537 00df 14       		.uleb128 0x14
 1538 00e0 01       		.uleb128 0x1
 1539 00e1 01       		.byte	0x1
 1540 00e2 49       		.uleb128 0x49
 1541 00e3 13       		.uleb128 0x13
 1542 00e4 01       		.uleb128 0x1
 1543 00e5 13       		.uleb128 0x13
 1544 00e6 00       		.byte	0
 1545 00e7 00       		.byte	0
 1546 00e8 15       		.uleb128 0x15
 1547 00e9 21       		.uleb128 0x21
 1548 00ea 00       		.byte	0
 1549 00eb 49       		.uleb128 0x49
 1550 00ec 13       		.uleb128 0x13
 1551 00ed 2F       		.uleb128 0x2f
 1552 00ee 0B       		.uleb128 0xb
 1553 00ef 00       		.byte	0
 1554 00f0 00       		.byte	0
 1555 00f1 16       		.uleb128 0x16
 1556 00f2 2E       		.uleb128 0x2e
 1557 00f3 01       		.byte	0x1
 1558 00f4 3F       		.uleb128 0x3f
 1559 00f5 19       		.uleb128 0x19
 1560 00f6 03       		.uleb128 0x3
 1561 00f7 0E       		.uleb128 0xe
 1562 00f8 3A       		.uleb128 0x3a
 1563 00f9 0B       		.uleb128 0xb
 1564 00fa 3B       		.uleb128 0x3b
 1565 00fb 0B       		.uleb128 0xb
 1566 00fc 27       		.uleb128 0x27
 1567 00fd 19       		.uleb128 0x19
 1568 00fe 11       		.uleb128 0x11
 1569 00ff 01       		.uleb128 0x1
 1570 0100 12       		.uleb128 0x12
 1571 0101 06       		.uleb128 0x6
 1572 0102 40       		.uleb128 0x40
 1573 0103 18       		.uleb128 0x18
 1574 0104 9742     		.uleb128 0x2117
 1575 0106 19       		.uleb128 0x19
 1576 0107 01       		.uleb128 0x1
 1577 0108 13       		.uleb128 0x13
 1578 0109 00       		.byte	0
 1579 010a 00       		.byte	0
 1580 010b 17       		.uleb128 0x17
 1581 010c 05       		.uleb128 0x5
 1582 010d 00       		.byte	0
 1583 010e 03       		.uleb128 0x3
 1584 010f 08       		.uleb128 0x8
ARM GAS  /tmp/ccQru8e5.s 			page 29


 1585 0110 3A       		.uleb128 0x3a
 1586 0111 0B       		.uleb128 0xb
 1587 0112 3B       		.uleb128 0x3b
 1588 0113 0B       		.uleb128 0xb
 1589 0114 49       		.uleb128 0x49
 1590 0115 13       		.uleb128 0x13
 1591 0116 02       		.uleb128 0x2
 1592 0117 18       		.uleb128 0x18
 1593 0118 00       		.byte	0
 1594 0119 00       		.byte	0
 1595 011a 18       		.uleb128 0x18
 1596 011b 2E       		.uleb128 0x2e
 1597 011c 01       		.byte	0x1
 1598 011d 3F       		.uleb128 0x3f
 1599 011e 19       		.uleb128 0x19
 1600 011f 03       		.uleb128 0x3
 1601 0120 0E       		.uleb128 0xe
 1602 0121 3A       		.uleb128 0x3a
 1603 0122 0B       		.uleb128 0xb
 1604 0123 3B       		.uleb128 0x3b
 1605 0124 0B       		.uleb128 0xb
 1606 0125 27       		.uleb128 0x27
 1607 0126 19       		.uleb128 0x19
 1608 0127 11       		.uleb128 0x11
 1609 0128 01       		.uleb128 0x1
 1610 0129 12       		.uleb128 0x12
 1611 012a 06       		.uleb128 0x6
 1612 012b 40       		.uleb128 0x40
 1613 012c 18       		.uleb128 0x18
 1614 012d 9642     		.uleb128 0x2116
 1615 012f 19       		.uleb128 0x19
 1616 0130 01       		.uleb128 0x1
 1617 0131 13       		.uleb128 0x13
 1618 0132 00       		.byte	0
 1619 0133 00       		.byte	0
 1620 0134 19       		.uleb128 0x19
 1621 0135 34       		.uleb128 0x34
 1622 0136 00       		.byte	0
 1623 0137 03       		.uleb128 0x3
 1624 0138 0E       		.uleb128 0xe
 1625 0139 3A       		.uleb128 0x3a
 1626 013a 0B       		.uleb128 0xb
 1627 013b 3B       		.uleb128 0x3b
 1628 013c 0B       		.uleb128 0xb
 1629 013d 49       		.uleb128 0x49
 1630 013e 13       		.uleb128 0x13
 1631 013f 02       		.uleb128 0x2
 1632 0140 18       		.uleb128 0x18
 1633 0141 00       		.byte	0
 1634 0142 00       		.byte	0
 1635 0143 1A       		.uleb128 0x1a
 1636 0144 34       		.uleb128 0x34
 1637 0145 00       		.byte	0
 1638 0146 03       		.uleb128 0x3
 1639 0147 0E       		.uleb128 0xe
 1640 0148 3A       		.uleb128 0x3a
 1641 0149 0B       		.uleb128 0xb
ARM GAS  /tmp/ccQru8e5.s 			page 30


 1642 014a 3B       		.uleb128 0x3b
 1643 014b 0B       		.uleb128 0xb
 1644 014c 49       		.uleb128 0x49
 1645 014d 13       		.uleb128 0x13
 1646 014e 3F       		.uleb128 0x3f
 1647 014f 19       		.uleb128 0x19
 1648 0150 3C       		.uleb128 0x3c
 1649 0151 19       		.uleb128 0x19
 1650 0152 00       		.byte	0
 1651 0153 00       		.byte	0
 1652 0154 1B       		.uleb128 0x1b
 1653 0155 0B       		.uleb128 0xb
 1654 0156 01       		.byte	0x1
 1655 0157 11       		.uleb128 0x11
 1656 0158 01       		.uleb128 0x1
 1657 0159 12       		.uleb128 0x12
 1658 015a 06       		.uleb128 0x6
 1659 015b 00       		.byte	0
 1660 015c 00       		.byte	0
 1661 015d 1C       		.uleb128 0x1c
 1662 015e 34       		.uleb128 0x34
 1663 015f 00       		.byte	0
 1664 0160 03       		.uleb128 0x3
 1665 0161 08       		.uleb128 0x8
 1666 0162 3A       		.uleb128 0x3a
 1667 0163 0B       		.uleb128 0xb
 1668 0164 3B       		.uleb128 0x3b
 1669 0165 0B       		.uleb128 0xb
 1670 0166 49       		.uleb128 0x49
 1671 0167 13       		.uleb128 0x13
 1672 0168 02       		.uleb128 0x2
 1673 0169 18       		.uleb128 0x18
 1674 016a 00       		.byte	0
 1675 016b 00       		.byte	0
 1676 016c 1D       		.uleb128 0x1d
 1677 016d 0B       		.uleb128 0xb
 1678 016e 01       		.byte	0x1
 1679 016f 11       		.uleb128 0x11
 1680 0170 01       		.uleb128 0x1
 1681 0171 12       		.uleb128 0x12
 1682 0172 06       		.uleb128 0x6
 1683 0173 01       		.uleb128 0x1
 1684 0174 13       		.uleb128 0x13
 1685 0175 00       		.byte	0
 1686 0176 00       		.byte	0
 1687 0177 1E       		.uleb128 0x1e
 1688 0178 34       		.uleb128 0x34
 1689 0179 00       		.byte	0
 1690 017a 03       		.uleb128 0x3
 1691 017b 0E       		.uleb128 0xe
 1692 017c 3A       		.uleb128 0x3a
 1693 017d 0B       		.uleb128 0xb
 1694 017e 3B       		.uleb128 0x3b
 1695 017f 0B       		.uleb128 0xb
 1696 0180 49       		.uleb128 0x49
 1697 0181 13       		.uleb128 0x13
 1698 0182 3F       		.uleb128 0x3f
ARM GAS  /tmp/ccQru8e5.s 			page 31


 1699 0183 19       		.uleb128 0x19
 1700 0184 02       		.uleb128 0x2
 1701 0185 18       		.uleb128 0x18
 1702 0186 00       		.byte	0
 1703 0187 00       		.byte	0
 1704 0188 00       		.byte	0
 1705              		.section	.debug_aranges,"",%progbits
 1706 0000 2C000000 		.4byte	0x2c
 1707 0004 0200     		.2byte	0x2
 1708 0006 00000000 		.4byte	.Ldebug_info0
 1709 000a 04       		.byte	0x4
 1710 000b 00       		.byte	0
 1711 000c 0000     		.2byte	0
 1712 000e 0000     		.2byte	0
 1713 0010 00000000 		.4byte	.LFB7
 1714 0014 18000000 		.4byte	.LFE7-.LFB7
 1715 0018 00000000 		.4byte	.LFB8
 1716 001c 80000000 		.4byte	.LFE8-.LFB8
 1717 0020 00000000 		.4byte	.LFB9
 1718 0024 A4000000 		.4byte	.LFE9-.LFB9
 1719 0028 00000000 		.4byte	0
 1720 002c 00000000 		.4byte	0
 1721              		.section	.debug_ranges,"",%progbits
 1722              	.Ldebug_ranges0:
 1723 0000 00000000 		.4byte	.LFB7
 1724 0004 18000000 		.4byte	.LFE7
 1725 0008 00000000 		.4byte	.LFB8
 1726 000c 80000000 		.4byte	.LFE8
 1727 0010 00000000 		.4byte	.LFB9
 1728 0014 A4000000 		.4byte	.LFE9
 1729 0018 00000000 		.4byte	0
 1730 001c 00000000 		.4byte	0
 1731              		.section	.debug_line,"",%progbits
 1732              	.Ldebug_line0:
 1733 0000 41020000 		.section	.debug_str,"MS",%progbits,1
 1733      0200E101 
 1733      00000201 
 1733      FB0E0D00 
 1733      01010101 
 1734              	.LASF81:
 1735 0000 7466756E 		.ascii	"tfunc_t\000"
 1735      635F7400 
 1736              	.LASF92:
 1737 0008 63665F6F 		.ascii	"cf_off_older\000"
 1737      66665F6F 
 1737      6C646572 
 1737      00
 1738              	.LASF44:
 1739 0015 705F6D73 		.ascii	"p_msg\000"
 1739      6700
 1740              	.LASF76:
 1741 001b 7264796D 		.ascii	"rdymsg\000"
 1741      736700
 1742              	.LASF18:
 1743 0022 75696E74 		.ascii	"uint64_t\000"
 1743      36345F74 
 1743      00
ARM GAS  /tmp/ccQru8e5.s 			page 32


 1744              	.LASF4:
 1745 002b 5F5F7569 		.ascii	"__uint8_t\000"
 1745      6E74385F 
 1745      7400
 1746              	.LASF88:
 1747 0035 63685F74 		.ascii	"ch_threadsize\000"
 1747      68726561 
 1747      6473697A 
 1747      6500
 1748              	.LASF106:
 1749 0043 76746C69 		.ascii	"vtlist\000"
 1749      737400
 1750              	.LASF104:
 1751 004a 63685379 		.ascii	"chSysTimerHandlerI\000"
 1751      7354696D 
 1751      65724861 
 1751      6E646C65 
 1751      724900
 1752              	.LASF13:
 1753 005d 6C6F6E67 		.ascii	"long long unsigned int\000"
 1753      206C6F6E 
 1753      6720756E 
 1753      7369676E 
 1753      65642069 
 1754              	.LASF103:
 1755 0074 6D61696E 		.ascii	"mainthread\000"
 1755      74687265 
 1755      616400
 1756              	.LASF31:
 1757 007f 705F7072 		.ascii	"p_prio\000"
 1757      696F00
 1758              	.LASF95:
 1759 0086 63665F6F 		.ascii	"cf_off_state\000"
 1759      66665F73 
 1759      74617465 
 1759      00
 1760              	.LASF11:
 1761 0093 6C6F6E67 		.ascii	"long long int\000"
 1761      206C6F6E 
 1761      6720696E 
 1761      7400
 1762              	.LASF1:
 1763 00a1 7369676E 		.ascii	"signed char\000"
 1763      65642063 
 1763      68617200 
 1764              	.LASF94:
 1765 00ad 63665F6F 		.ascii	"cf_off_stklimit\000"
 1765      66665F73 
 1765      746B6C69 
 1765      6D697400 
 1766              	.LASF96:
 1767 00bd 63665F6F 		.ascii	"cf_off_flags\000"
 1767      66665F66 
 1767      6C616773 
 1767      00
 1768              	.LASF48:
 1769 00ca 705F6D70 		.ascii	"p_mpool\000"
ARM GAS  /tmp/ccQru8e5.s 			page 33


 1769      6F6F6C00 
 1770              	.LASF73:
 1771 00d2 6D5F7175 		.ascii	"m_queue\000"
 1771      65756500 
 1772              	.LASF23:
 1773 00da 74736C69 		.ascii	"tslices_t\000"
 1773      6365735F 
 1773      7400
 1774              	.LASF8:
 1775 00e4 6C6F6E67 		.ascii	"long int\000"
 1775      20696E74 
 1775      00
 1776              	.LASF111:
 1777 00ed 2F686F6D 		.ascii	"/home/ergae/r2p-sdk/core/ChibiOS/os/kernel/src/chsy"
 1777      652F6572 
 1777      6761652F 
 1777      7232702D 
 1777      73646B2F 
 1778 0120 732E6300 		.ascii	"s.c\000"
 1779              	.LASF21:
 1780 0124 74737461 		.ascii	"tstate_t\000"
 1780      74655F74 
 1780      00
 1781              	.LASF15:
 1782 012d 75696E74 		.ascii	"uint16_t\000"
 1782      31365F74 
 1782      00
 1783              	.LASF100:
 1784 0136 63686465 		.ascii	"chdebug_t\000"
 1784      6275675F 
 1784      7400
 1785              	.LASF33:
 1786 0140 705F6E65 		.ascii	"p_newer\000"
 1786      77657200 
 1787              	.LASF109:
 1788 0148 5F69646C 		.ascii	"_idle_thread_wa\000"
 1788      655F7468 
 1788      72656164 
 1788      5F776100 
 1789              	.LASF77:
 1790 0158 65786974 		.ascii	"exitcode\000"
 1790      636F6465 
 1790      00
 1791              	.LASF9:
 1792 0161 5F5F7569 		.ascii	"__uint32_t\000"
 1792      6E743332 
 1792      5F7400
 1793              	.LASF51:
 1794 016c 72656761 		.ascii	"regarm_t\000"
 1794      726D5F74 
 1794      00
 1795              	.LASF59:
 1796 0175 76745F70 		.ascii	"vt_prev\000"
 1796      72657600 
 1797              	.LASF102:
 1798 017d 63685379 		.ascii	"chSysInit\000"
 1798      73496E69 
ARM GAS  /tmp/ccQru8e5.s 			page 34


 1798      7400
 1799              	.LASF36:
 1800 0187 705F7374 		.ascii	"p_stklimit\000"
 1800      6B6C696D 
 1800      697400
 1801              	.LASF0:
 1802 0192 756E7369 		.ascii	"unsigned int\000"
 1802      676E6564 
 1802      20696E74 
 1802      00
 1803              	.LASF58:
 1804 019f 76745F6E 		.ascii	"vt_next\000"
 1804      65787400 
 1805              	.LASF10:
 1806 01a7 6C6F6E67 		.ascii	"long unsigned int\000"
 1806      20756E73 
 1806      69676E65 
 1806      6420696E 
 1806      7400
 1807              	.LASF108:
 1808 01b9 63685F64 		.ascii	"ch_debug\000"
 1808      65627567 
 1808      00
 1809              	.LASF56:
 1810 01c2 76746675 		.ascii	"vtfunc_t\000"
 1810      6E635F74 
 1810      00
 1811              	.LASF82:
 1812 01cb 63685F69 		.ascii	"ch_identifier\000"
 1812      64656E74 
 1812      69666965 
 1812      7200
 1813              	.LASF57:
 1814 01d9 56697274 		.ascii	"VirtualTimer\000"
 1814      75616C54 
 1814      696D6572 
 1814      00
 1815              	.LASF54:
 1816 01e6 636F6E74 		.ascii	"context\000"
 1816      65787400 
 1817              	.LASF6:
 1818 01ee 73686F72 		.ascii	"short unsigned int\000"
 1818      7420756E 
 1818      7369676E 
 1818      65642069 
 1818      6E7400
 1819              	.LASF25:
 1820 0201 6D73675F 		.ascii	"msg_t\000"
 1820      7400
 1821              	.LASF68:
 1822 0207 725F6E65 		.ascii	"r_newer\000"
 1822      77657200 
 1823              	.LASF20:
 1824 020f 746D6F64 		.ascii	"tmode_t\000"
 1824      655F7400 
 1825              	.LASF50:
 1826 0217 54687265 		.ascii	"ThreadsList\000"
ARM GAS  /tmp/ccQru8e5.s 			page 35


 1826      6164734C 
 1826      69737400 
 1827              	.LASF26:
 1828 0223 6576656E 		.ascii	"eventmask_t\000"
 1828      746D6173 
 1828      6B5F7400 
 1829              	.LASF72:
 1830 022f 4D757465 		.ascii	"Mutex\000"
 1830      7800
 1831              	.LASF52:
 1832 0235 73746B61 		.ascii	"stkalign_t\000"
 1832      6C69676E 
 1832      5F7400
 1833              	.LASF83:
 1834 0240 63685F7A 		.ascii	"ch_zero\000"
 1834      65726F00 
 1835              	.LASF97:
 1836 0248 63665F6F 		.ascii	"cf_off_refs\000"
 1836      66665F72 
 1836      65667300 
 1837              	.LASF60:
 1838 0254 76745F74 		.ascii	"vt_time\000"
 1838      696D6500 
 1839              	.LASF55:
 1840 025c 73697A65 		.ascii	"sizetype\000"
 1840      74797065 
 1840      00
 1841              	.LASF61:
 1842 0265 76745F66 		.ascii	"vt_func\000"
 1842      756E6300 
 1843              	.LASF87:
 1844 026d 63685F74 		.ascii	"ch_timesize\000"
 1844      696D6573 
 1844      697A6500 
 1845              	.LASF93:
 1846 0279 63665F6F 		.ascii	"cf_off_name\000"
 1846      66665F6E 
 1846      616D6500 
 1847              	.LASF34:
 1848 0285 705F6F6C 		.ascii	"p_older\000"
 1848      64657200 
 1849              	.LASF67:
 1850 028d 725F6374 		.ascii	"r_ctx\000"
 1850      7800
 1851              	.LASF49:
 1852 0293 54687265 		.ascii	"ThreadsQueue\000"
 1852      61647351 
 1852      75657565 
 1852      00
 1853              	.LASF84:
 1854 02a0 63685F73 		.ascii	"ch_size\000"
 1854      697A6500 
 1855              	.LASF70:
 1856 02a8 725F6375 		.ascii	"r_current\000"
 1856      7272656E 
 1856      7400
 1857              	.LASF69:
ARM GAS  /tmp/ccQru8e5.s 			page 36


 1858 02b2 725F6F6C 		.ascii	"r_older\000"
 1858      64657200 
 1859              	.LASF101:
 1860 02ba 5F69646C 		.ascii	"_idle_thread\000"
 1860      655F7468 
 1860      72656164 
 1860      00
 1861              	.LASF12:
 1862 02c7 5F5F7569 		.ascii	"__uint64_t\000"
 1862      6E743634 
 1862      5F7400
 1863              	.LASF22:
 1864 02d2 74726566 		.ascii	"trefs_t\000"
 1864      735F7400 
 1865              	.LASF86:
 1866 02da 63685F70 		.ascii	"ch_ptrsize\000"
 1866      74727369 
 1866      7A6500
 1867              	.LASF30:
 1868 02e5 705F7072 		.ascii	"p_prev\000"
 1868      657600
 1869              	.LASF24:
 1870 02ec 74707269 		.ascii	"tprio_t\000"
 1870      6F5F7400 
 1871              	.LASF19:
 1872 02f4 5F426F6F 		.ascii	"_Bool\000"
 1872      6C00
 1873              	.LASF16:
 1874 02fa 696E7433 		.ascii	"int32_t\000"
 1874      325F7400 
 1875              	.LASF2:
 1876 0302 756E7369 		.ascii	"unsigned char\000"
 1876      676E6564 
 1876      20636861 
 1876      7200
 1877              	.LASF46:
 1878 0310 705F6D74 		.ascii	"p_mtxlist\000"
 1878      786C6973 
 1878      7400
 1879              	.LASF3:
 1880 031a 73686F72 		.ascii	"short int\000"
 1880      7420696E 
 1880      7400
 1881              	.LASF37:
 1882 0324 705F7374 		.ascii	"p_state\000"
 1882      61746500 
 1883              	.LASF40:
 1884 032c 705F7072 		.ascii	"p_preempt\000"
 1884      65656D70 
 1884      7400
 1885              	.LASF99:
 1886 0336 63665F6F 		.ascii	"cf_off_time\000"
 1886      66665F74 
 1886      696D6500 
 1887              	.LASF66:
 1888 0342 725F7072 		.ascii	"r_prio\000"
 1888      696F00
ARM GAS  /tmp/ccQru8e5.s 			page 37


 1889              	.LASF79:
 1890 0349 65776D61 		.ascii	"ewmask\000"
 1890      736B00
 1891              	.LASF29:
 1892 0350 705F6E65 		.ascii	"p_next\000"
 1892      787400
 1893              	.LASF98:
 1894 0357 63665F6F 		.ascii	"cf_off_preempt\000"
 1894      66665F70 
 1894      7265656D 
 1894      707400
 1895              	.LASF38:
 1896 0366 705F666C 		.ascii	"p_flags\000"
 1896      61677300 
 1897              	.LASF28:
 1898 036e 54687265 		.ascii	"Thread\000"
 1898      616400
 1899              	.LASF91:
 1900 0375 63665F6F 		.ascii	"cf_off_newer\000"
 1900      66665F6E 
 1900      65776572 
 1900      00
 1901              	.LASF45:
 1902 0382 705F6570 		.ascii	"p_epending\000"
 1902      656E6469 
 1902      6E6700
 1903              	.LASF17:
 1904 038d 75696E74 		.ascii	"uint32_t\000"
 1904      33325F74 
 1904      00
 1905              	.LASF89:
 1906 0396 63665F6F 		.ascii	"cf_off_prio\000"
 1906      66665F70 
 1906      72696F00 
 1907              	.LASF65:
 1908 03a2 725F7175 		.ascii	"r_queue\000"
 1908      65756500 
 1909              	.LASF80:
 1910 03aa 63686172 		.ascii	"char\000"
 1910      00
 1911              	.LASF5:
 1912 03af 5F5F7569 		.ascii	"__uint16_t\000"
 1912      6E743136 
 1912      5F7400
 1913              	.LASF105:
 1914 03ba 5F5F6D61 		.ascii	"__main_thread_stack_base__\000"
 1914      696E5F74 
 1914      68726561 
 1914      645F7374 
 1914      61636B5F 
 1915              	.LASF75:
 1916 03d5 6D5F6E65 		.ascii	"m_next\000"
 1916      787400
 1917              	.LASF27:
 1918 03dc 73797374 		.ascii	"systime_t\000"
 1918      696D655F 
 1918      7400
ARM GAS  /tmp/ccQru8e5.s 			page 38


 1919              	.LASF47:
 1920 03e6 705F7265 		.ascii	"p_realprio\000"
 1920      616C7072 
 1920      696F00
 1921              	.LASF7:
 1922 03f1 5F5F696E 		.ascii	"__int32_t\000"
 1922      7433325F 
 1922      7400
 1923              	.LASF41:
 1924 03fb 705F7469 		.ascii	"p_time\000"
 1924      6D6500
 1925              	.LASF53:
 1926 0402 696E7463 		.ascii	"intctx\000"
 1926      747800
 1927              	.LASF43:
 1928 0409 705F6D73 		.ascii	"p_msgqueue\000"
 1928      67717565 
 1928      756500
 1929              	.LASF62:
 1930 0414 76745F70 		.ascii	"vt_par\000"
 1930      617200
 1931              	.LASF90:
 1932 041b 63665F6F 		.ascii	"cf_off_ctx\000"
 1932      66665F63 
 1932      747800
 1933              	.LASF39:
 1934 0426 705F7265 		.ascii	"p_refs\000"
 1934      667300
 1935              	.LASF71:
 1936 042d 52656164 		.ascii	"ReadyList\000"
 1936      794C6973 
 1936      7400
 1937              	.LASF107:
 1938 0437 726C6973 		.ascii	"rlist\000"
 1938      7400
 1939              	.LASF14:
 1940 043d 75696E74 		.ascii	"uint8_t\000"
 1940      385F7400 
 1941              	.LASF78:
 1942 0445 77746F62 		.ascii	"wtobjp\000"
 1942      6A7000
 1943              	.LASF35:
 1944 044c 705F6E61 		.ascii	"p_name\000"
 1944      6D6500
 1945              	.LASF63:
 1946 0453 76745F73 		.ascii	"vt_systime\000"
 1946      79737469 
 1946      6D6500
 1947              	.LASF85:
 1948 045e 63685F76 		.ascii	"ch_version\000"
 1948      65727369 
 1948      6F6E00
 1949              	.LASF64:
 1950 0469 56544C69 		.ascii	"VTList\000"
 1950      737400
 1951              	.LASF74:
 1952 0470 6D5F6F77 		.ascii	"m_owner\000"
ARM GAS  /tmp/ccQru8e5.s 			page 39


 1952      6E657200 
 1953              	.LASF110:
 1954 0478 474E5520 		.ascii	"GNU C 4.9.3 20141119 (release) [ARM/embedded-4_9-br"
 1954      4320342E 
 1954      392E3320 
 1954      32303134 
 1954      31313139 
 1955 04ab 616E6368 		.ascii	"anch revision 218278] -mcpu=cortex-m4 -mfloat-abi=h"
 1955      20726576 
 1955      6973696F 
 1955      6E203231 
 1955      38323738 
 1956 04de 61726420 		.ascii	"ard -mfpu=fpv4-sp-d16 -mno-thumb-interwork -mthumb "
 1956      2D6D6670 
 1956      753D6670 
 1956      76342D73 
 1956      702D6431 
 1957 0511 2D676764 		.ascii	"-ggdb -O0 -fomit-frame-pointer -falign-functions=16"
 1957      62202D4F 
 1957      30202D66 
 1957      6F6D6974 
 1957      2D667261 
 1958 0544 202D6666 		.ascii	" -ffunction-sections -fdata-sections -fno-common -f"
 1958      756E6374 
 1958      696F6E2D 
 1958      73656374 
 1958      696F6E73 
 1959 0577 73696E67 		.ascii	"single-precision-constant\000"
 1959      6C652D70 
 1959      72656369 
 1959      73696F6E 
 1959      2D636F6E 
 1960              	.LASF32:
 1961 0591 705F6374 		.ascii	"p_ctx\000"
 1961      7800
 1962              	.LASF42:
 1963 0597 705F7761 		.ascii	"p_waiting\000"
 1963      6974696E 
 1963      6700
 1964              		.ident	"GCC: (GNU Tools for ARM Embedded Processors) 4.9.3 20141119 (release) [ARM/embedded-4_9-br
ARM GAS  /tmp/ccQru8e5.s 			page 40


DEFINED SYMBOLS
                            *ABS*:00000000 chsys.c
     /tmp/ccQru8e5.s:25     .bss._idle_thread_wa:00000000 _idle_thread_wa
     /tmp/ccQru8e5.s:22     .bss._idle_thread_wa:00000000 $d
     /tmp/ccQru8e5.s:28     .rodata:00000000 $d
     /tmp/ccQru8e5.s:32     .text._idle_thread:00000000 $t
     /tmp/ccQru8e5.s:38     .text._idle_thread:00000000 _idle_thread
     /tmp/ccQru8e5.s:60     .text._idle_thread:00000010 $d
     /tmp/ccQru8e5.s:66     .text.chSysInit:00000000 $t
     /tmp/ccQru8e5.s:72     .text.chSysInit:00000000 chSysInit
     /tmp/ccQru8e5.s:143    .text.chSysInit:00000068 $d
     /tmp/ccQru8e5.s:278    .bss.mainthread.4902:00000000 mainthread.4902
     /tmp/ccQru8e5.s:153    .text.chSysTimerHandlerI:00000000 $t
     /tmp/ccQru8e5.s:159    .text.chSysTimerHandlerI:00000000 chSysTimerHandlerI
     /tmp/ccQru8e5.s:269    .text.chSysTimerHandlerI:0000009c $d
     /tmp/ccQru8e5.s:275    .bss.mainthread.4902:00000000 $d
                     .debug_frame:00000010 $d
     /tmp/ccQru8e5.s:65     .text._idle_thread:00000018 $t
     /tmp/ccQru8e5.s:274    .text.chSysTimerHandlerI:000000a4 $t

UNDEFINED SYMBOLS
rlist
_port_init
_scheduler_init
_vt_init
_core_init
_heap_init
_trace_init
_thread_init
dbg_check_enable
chThdCreateStatic
__main_thread_stack_base__
ch_debug
chDbgCheckClassI
dbg_check_unlock_from_isr
dbg_check_lock_from_isr
vtlist
