ARM GAS  /tmp/ccUPcstk.s 			page 1


   1              		.syntax unified
   2              		.cpu cortex-m4
   3              		.eabi_attribute 27, 3
   4              		.eabi_attribute 28, 1
   5              		.fpu fpv4-sp-d16
   6              		.eabi_attribute 20, 1
   7              		.eabi_attribute 21, 1
   8              		.eabi_attribute 23, 3
   9              		.eabi_attribute 24, 1
  10              		.eabi_attribute 25, 1
  11              		.eabi_attribute 26, 1
  12              		.eabi_attribute 30, 6
  13              		.eabi_attribute 34, 1
  14              		.eabi_attribute 18, 4
  15              		.thumb
  16              		.file	"chvt.c"
  17              		.text
  18              	.Ltext0:
  19              		.cfi_sections	.debug_frame
  20              		.global	vtlist
  21              		.section	.bss.vtlist,"aw",%nobits
  22              		.align	2
  23              		.type	vtlist, %object
  24              		.size	vtlist, 16
  25              	vtlist:
  26 0000 00000000 		.space	16
  26      00000000 
  26      00000000 
  26      00000000 
  27              		.section	.text._vt_init,"ax",%progbits
  28              		.align	2
  29              		.p2align 4,,15
  30              		.global	_vt_init
  31              		.thumb
  32              		.thumb_func
  33              		.type	_vt_init, %function
  34              	_vt_init:
  35              	.LFB7:
  36              		.file 1 "/home/ergae/r2p-sdk/core/ChibiOS/os/kernel/src/chvt.c"
  37              		.loc 1 50 0
  38              		.cfi_startproc
  39              		@ args = 0, pretend = 0, frame = 0
  40              		@ frame_needed = 0, uses_anonymous_args = 0
  41              		@ link register save eliminated.
  42              		.loc 1 52 0
  43 0000 074B     		ldr	r3, .L2
  44 0002 074A     		ldr	r2, .L2
  45 0004 5A60     		str	r2, [r3, #4]
  46 0006 064B     		ldr	r3, .L2
  47 0008 5B68     		ldr	r3, [r3, #4]
  48 000a 054A     		ldr	r2, .L2
  49 000c 1360     		str	r3, [r2]
  50              		.loc 1 53 0
  51 000e 044B     		ldr	r3, .L2
  52 0010 4FF0FF32 		mov	r2, #-1
  53 0014 9A60     		str	r2, [r3, #8]
  54              		.loc 1 54 0
ARM GAS  /tmp/ccUPcstk.s 			page 2


  55 0016 024B     		ldr	r3, .L2
  56 0018 0022     		movs	r2, #0
  57 001a DA60     		str	r2, [r3, #12]
  58              		.loc 1 55 0
  59 001c 7047     		bx	lr
  60              	.L3:
  61 001e 00BF     		.align	2
  62              	.L2:
  63 0020 00000000 		.word	vtlist
  64              		.cfi_endproc
  65              	.LFE7:
  66              		.size	_vt_init, .-_vt_init
  67 0024 AFF30080 		.section	.rodata
  67      AFF30080 
  67      AFF30080 
  68              		.align	2
  69              	.LC0:
  70 0000 22636856 		.ascii	"\"chVTSetI\"()\000"
  70      54536574 
  70      49222829 
  70      00
  71              		.section	.text.chVTSetI,"ax",%progbits
  72              		.align	2
  73              		.p2align 4,,15
  74              		.global	chVTSetI
  75              		.thumb
  76              		.thumb_func
  77              		.type	chVTSetI, %function
  78              	chVTSetI:
  79              	.LFB8:
  80              		.loc 1 76 0
  81              		.cfi_startproc
  82              		@ args = 0, pretend = 0, frame = 24
  83              		@ frame_needed = 0, uses_anonymous_args = 0
  84 0000 00B5     		push	{lr}
  85              		.cfi_def_cfa_offset 4
  86              		.cfi_offset 14, -4
  87 0002 87B0     		sub	sp, sp, #28
  88              		.cfi_def_cfa_offset 32
  89 0004 0390     		str	r0, [sp, #12]
  90 0006 0291     		str	r1, [sp, #8]
  91 0008 0192     		str	r2, [sp, #4]
  92 000a 0093     		str	r3, [sp]
  93              		.loc 1 79 0
  94 000c FFF7FEFF 		bl	chDbgCheckClassI
  95              		.loc 1 80 0
  96 0010 039B     		ldr	r3, [sp, #12]
  97 0012 002B     		cmp	r3, #0
  98 0014 05D0     		beq	.L5
  99              		.loc 1 80 0 is_stmt 0 discriminator 2
 100 0016 019B     		ldr	r3, [sp, #4]
 101 0018 002B     		cmp	r3, #0
 102 001a 02D0     		beq	.L5
 103              		.loc 1 80 0 discriminator 4
 104 001c 029B     		ldr	r3, [sp, #8]
 105 001e 002B     		cmp	r3, #0
 106 0020 02D1     		bne	.L6
ARM GAS  /tmp/ccUPcstk.s 			page 3


 107              	.L5:
 108              		.loc 1 80 0 discriminator 5
 109 0022 1D48     		ldr	r0, .L10
 110 0024 FFF7FEFF 		bl	chDbgPanic
 111              	.L6:
 112              		.loc 1 83 0 is_stmt 1
 113 0028 039B     		ldr	r3, [sp, #12]
 114 002a 009A     		ldr	r2, [sp]
 115 002c 1A61     		str	r2, [r3, #16]
 116              		.loc 1 84 0
 117 002e 039B     		ldr	r3, [sp, #12]
 118 0030 019A     		ldr	r2, [sp, #4]
 119 0032 DA60     		str	r2, [r3, #12]
 120              		.loc 1 85 0
 121 0034 194B     		ldr	r3, .L10+4
 122 0036 1B68     		ldr	r3, [r3]
 123 0038 0593     		str	r3, [sp, #20]
 124              		.loc 1 86 0
 125 003a 07E0     		b	.L7
 126              	.L8:
 127              		.loc 1 87 0
 128 003c 059B     		ldr	r3, [sp, #20]
 129 003e 9B68     		ldr	r3, [r3, #8]
 130 0040 029A     		ldr	r2, [sp, #8]
 131 0042 D31A     		subs	r3, r2, r3
 132 0044 0293     		str	r3, [sp, #8]
 133              		.loc 1 88 0
 134 0046 059B     		ldr	r3, [sp, #20]
 135 0048 1B68     		ldr	r3, [r3]
 136 004a 0593     		str	r3, [sp, #20]
 137              	.L7:
 138              		.loc 1 86 0
 139 004c 059B     		ldr	r3, [sp, #20]
 140 004e 9A68     		ldr	r2, [r3, #8]
 141 0050 029B     		ldr	r3, [sp, #8]
 142 0052 9A42     		cmp	r2, r3
 143 0054 F2D3     		bcc	.L8
 144              		.loc 1 91 0
 145 0056 039B     		ldr	r3, [sp, #12]
 146 0058 059A     		ldr	r2, [sp, #20]
 147 005a 1A60     		str	r2, [r3]
 148 005c 039B     		ldr	r3, [sp, #12]
 149 005e 1B68     		ldr	r3, [r3]
 150 0060 5A68     		ldr	r2, [r3, #4]
 151 0062 039B     		ldr	r3, [sp, #12]
 152 0064 5A60     		str	r2, [r3, #4]
 153              		.loc 1 92 0
 154 0066 039B     		ldr	r3, [sp, #12]
 155 0068 5B68     		ldr	r3, [r3, #4]
 156 006a 059A     		ldr	r2, [sp, #20]
 157 006c 0399     		ldr	r1, [sp, #12]
 158 006e 5160     		str	r1, [r2, #4]
 159 0070 059A     		ldr	r2, [sp, #20]
 160 0072 5268     		ldr	r2, [r2, #4]
 161 0074 1A60     		str	r2, [r3]
 162              		.loc 1 93 0
 163 0076 039B     		ldr	r3, [sp, #12]
ARM GAS  /tmp/ccUPcstk.s 			page 4


 164 0078 029A     		ldr	r2, [sp, #8]
 165 007a 9A60     		str	r2, [r3, #8]
 166              		.loc 1 94 0
 167 007c 059B     		ldr	r3, [sp, #20]
 168 007e 074A     		ldr	r2, .L10+4
 169 0080 9342     		cmp	r3, r2
 170 0082 05D0     		beq	.L4
 171              		.loc 1 95 0
 172 0084 059B     		ldr	r3, [sp, #20]
 173 0086 9A68     		ldr	r2, [r3, #8]
 174 0088 029B     		ldr	r3, [sp, #8]
 175 008a D21A     		subs	r2, r2, r3
 176 008c 059B     		ldr	r3, [sp, #20]
 177 008e 9A60     		str	r2, [r3, #8]
 178              	.L4:
 179              		.loc 1 96 0
 180 0090 07B0     		add	sp, sp, #28
 181              		.cfi_def_cfa_offset 4
 182              		@ sp needed
 183 0092 5DF804FB 		ldr	pc, [sp], #4
 184              	.L11:
 185 0096 00BF     		.align	2
 186              	.L10:
 187 0098 00000000 		.word	.LC0
 188 009c 00000000 		.word	vtlist
 189              		.cfi_endproc
 190              	.LFE8:
 191              		.size	chVTSetI, .-chVTSetI
 192              		.section	.rodata
 193 000d 000000   		.align	2
 194              	.LC1:
 195 0010 22636856 		.ascii	"\"chVTResetI\"()\000"
 195      54526573 
 195      65744922 
 195      282900
 196 001f 00       		.align	2
 197              	.LC2:
 198 0020 63685654 		.ascii	"chVTResetI(), #1\000"
 198      52657365 
 198      74492829 
 198      2C202331 
 198      00
 199 0031 000000   		.section	.text.chVTResetI,"ax",%progbits
 200              		.align	2
 201              		.p2align 4,,15
 202              		.global	chVTResetI
 203              		.thumb
 204              		.thumb_func
 205              		.type	chVTResetI, %function
 206              	chVTResetI:
 207              	.LFB9:
 208              		.loc 1 106 0
 209              		.cfi_startproc
 210              		@ args = 0, pretend = 0, frame = 8
 211              		@ frame_needed = 0, uses_anonymous_args = 0
 212 0000 00B5     		push	{lr}
 213              		.cfi_def_cfa_offset 4
ARM GAS  /tmp/ccUPcstk.s 			page 5


 214              		.cfi_offset 14, -4
 215 0002 83B0     		sub	sp, sp, #12
 216              		.cfi_def_cfa_offset 16
 217 0004 0190     		str	r0, [sp, #4]
 218              		.loc 1 108 0
 219 0006 FFF7FEFF 		bl	chDbgCheckClassI
 220              		.loc 1 109 0
 221 000a 019B     		ldr	r3, [sp, #4]
 222 000c 002B     		cmp	r3, #0
 223 000e 02D1     		bne	.L13
 224              		.loc 1 109 0 is_stmt 0 discriminator 1
 225 0010 1348     		ldr	r0, .L16
 226 0012 FFF7FEFF 		bl	chDbgPanic
 227              	.L13:
 228              		.loc 1 110 0 is_stmt 1
 229 0016 019B     		ldr	r3, [sp, #4]
 230 0018 DB68     		ldr	r3, [r3, #12]
 231 001a 002B     		cmp	r3, #0
 232 001c 02D1     		bne	.L14
 233              		.loc 1 110 0 is_stmt 0 discriminator 1
 234 001e 1148     		ldr	r0, .L16+4
 235 0020 FFF7FEFF 		bl	chDbgPanic
 236              	.L14:
 237              		.loc 1 114 0 is_stmt 1
 238 0024 019B     		ldr	r3, [sp, #4]
 239 0026 1B68     		ldr	r3, [r3]
 240 0028 0F4A     		ldr	r2, .L16+8
 241 002a 9342     		cmp	r3, r2
 242 002c 08D0     		beq	.L15
 243              		.loc 1 115 0
 244 002e 019B     		ldr	r3, [sp, #4]
 245 0030 1B68     		ldr	r3, [r3]
 246 0032 019A     		ldr	r2, [sp, #4]
 247 0034 1268     		ldr	r2, [r2]
 248 0036 9168     		ldr	r1, [r2, #8]
 249 0038 019A     		ldr	r2, [sp, #4]
 250 003a 9268     		ldr	r2, [r2, #8]
 251 003c 0A44     		add	r2, r2, r1
 252 003e 9A60     		str	r2, [r3, #8]
 253              	.L15:
 254              		.loc 1 116 0
 255 0040 019B     		ldr	r3, [sp, #4]
 256 0042 5B68     		ldr	r3, [r3, #4]
 257 0044 019A     		ldr	r2, [sp, #4]
 258 0046 1268     		ldr	r2, [r2]
 259 0048 1A60     		str	r2, [r3]
 260              		.loc 1 117 0
 261 004a 019B     		ldr	r3, [sp, #4]
 262 004c 1B68     		ldr	r3, [r3]
 263 004e 019A     		ldr	r2, [sp, #4]
 264 0050 5268     		ldr	r2, [r2, #4]
 265 0052 5A60     		str	r2, [r3, #4]
 266              		.loc 1 118 0
 267 0054 019B     		ldr	r3, [sp, #4]
 268 0056 0022     		movs	r2, #0
 269 0058 DA60     		str	r2, [r3, #12]
 270              		.loc 1 119 0
ARM GAS  /tmp/ccUPcstk.s 			page 6


 271 005a 03B0     		add	sp, sp, #12
 272              		.cfi_def_cfa_offset 4
 273              		@ sp needed
 274 005c 5DF804FB 		ldr	pc, [sp], #4
 275              	.L17:
 276              		.align	2
 277              	.L16:
 278 0060 10000000 		.word	.LC1
 279 0064 20000000 		.word	.LC2
 280 0068 00000000 		.word	vtlist
 281              		.cfi_endproc
 282              	.LFE9:
 283              		.size	chVTResetI, .-chVTResetI
 284 006c AFF30080 		.text
 285              	.Letext0:
 286              		.file 2 "/home/ergae/r2p-sdk/tools/gcc-arm-none-eabi-4_9-2014q4/arm-none-eabi/include/machine/_def
 287              		.file 3 "/home/ergae/r2p-sdk/tools/gcc-arm-none-eabi-4_9-2014q4/arm-none-eabi/include/stdint.h"
 288              		.file 4 "/home/ergae/r2p-sdk/core/ChibiOS/os/ports/GCC/ARMCMx/chtypes.h"
 289              		.file 5 "/home/ergae/r2p-sdk/core/ChibiOS/os/kernel/include/chvt.h"
 290              		.section	.debug_info,"",%progbits
 291              	.Ldebug_info0:
 292 0000 FB010000 		.4byte	0x1fb
 293 0004 0400     		.2byte	0x4
 294 0006 00000000 		.4byte	.Ldebug_abbrev0
 295 000a 04       		.byte	0x4
 296 000b 01       		.uleb128 0x1
 297 000c 6D000000 		.4byte	.LASF28
 298 0010 01       		.byte	0x1
 299 0011 EB010000 		.4byte	.LASF29
 300 0015 00000000 		.4byte	.Ldebug_ranges0+0
 301 0019 00000000 		.4byte	0
 302 001d 00000000 		.4byte	.Ldebug_line0
 303 0021 02       		.uleb128 0x2
 304 0022 04       		.byte	0x4
 305 0023 05       		.byte	0x5
 306 0024 696E7400 		.ascii	"int\000"
 307 0028 03       		.uleb128 0x3
 308 0029 04       		.byte	0x4
 309 002a 07       		.byte	0x7
 310 002b 91010000 		.4byte	.LASF0
 311 002f 03       		.uleb128 0x3
 312 0030 01       		.byte	0x1
 313 0031 06       		.byte	0x6
 314 0032 58020000 		.4byte	.LASF1
 315 0036 03       		.uleb128 0x3
 316 0037 01       		.byte	0x1
 317 0038 08       		.byte	0x8
 318 0039 56000000 		.4byte	.LASF2
 319 003d 03       		.uleb128 0x3
 320 003e 02       		.byte	0x2
 321 003f 05       		.byte	0x5
 322 0040 34020000 		.4byte	.LASF3
 323 0044 03       		.uleb128 0x3
 324 0045 02       		.byte	0x2
 325 0046 07       		.byte	0x7
 326 0047 2E000000 		.4byte	.LASF4
 327 004b 03       		.uleb128 0x3
ARM GAS  /tmp/ccUPcstk.s 			page 7


 328 004c 04       		.byte	0x4
 329 004d 05       		.byte	0x5
 330 004e 4F020000 		.4byte	.LASF5
 331 0052 04       		.uleb128 0x4
 332 0053 86010000 		.4byte	.LASF9
 333 0057 02       		.byte	0x2
 334 0058 41       		.byte	0x41
 335 0059 5D000000 		.4byte	0x5d
 336 005d 03       		.uleb128 0x3
 337 005e 04       		.byte	0x4
 338 005f 07       		.byte	0x7
 339 0060 1C000000 		.4byte	.LASF6
 340 0064 03       		.uleb128 0x3
 341 0065 08       		.byte	0x8
 342 0066 05       		.byte	0x5
 343 0067 DD010000 		.4byte	.LASF7
 344 006b 03       		.uleb128 0x3
 345 006c 08       		.byte	0x8
 346 006d 07       		.byte	0x7
 347 006e 9E010000 		.4byte	.LASF8
 348 0072 04       		.uleb128 0x4
 349 0073 46020000 		.4byte	.LASF10
 350 0077 03       		.byte	0x3
 351 0078 2D       		.byte	0x2d
 352 0079 52000000 		.4byte	0x52
 353 007d 03       		.uleb128 0x3
 354 007e 01       		.byte	0x1
 355 007f 02       		.byte	0x2
 356 0080 7E020000 		.4byte	.LASF11
 357 0084 04       		.uleb128 0x4
 358 0085 09000000 		.4byte	.LASF12
 359 0089 04       		.byte	0x4
 360 008a 35       		.byte	0x35
 361 008b 72000000 		.4byte	0x72
 362 008f 05       		.uleb128 0x5
 363 0090 04       		.byte	0x4
 364 0091 03       		.uleb128 0x3
 365 0092 04       		.byte	0x4
 366 0093 07       		.byte	0x7
 367 0094 C9010000 		.4byte	.LASF13
 368 0098 04       		.uleb128 0x4
 369 0099 13000000 		.4byte	.LASF14
 370 009d 05       		.byte	0x5
 371 009e 58       		.byte	0x58
 372 009f A3000000 		.4byte	0xa3
 373 00a3 06       		.uleb128 0x6
 374 00a4 04       		.byte	0x4
 375 00a5 A9000000 		.4byte	0xa9
 376 00a9 07       		.uleb128 0x7
 377 00aa B4000000 		.4byte	0xb4
 378 00ae 08       		.uleb128 0x8
 379 00af 8F000000 		.4byte	0x8f
 380 00b3 00       		.byte	0
 381 00b4 04       		.uleb128 0x4
 382 00b5 49000000 		.4byte	.LASF15
 383 00b9 05       		.byte	0x5
 384 00ba 5D       		.byte	0x5d
ARM GAS  /tmp/ccUPcstk.s 			page 8


 385 00bb BF000000 		.4byte	0xbf
 386 00bf 09       		.uleb128 0x9
 387 00c0 49000000 		.4byte	.LASF15
 388 00c4 14       		.byte	0x14
 389 00c5 05       		.byte	0x5
 390 00c6 64       		.byte	0x64
 391 00c7 08010000 		.4byte	0x108
 392 00cb 0A       		.uleb128 0xa
 393 00cc 6B020000 		.4byte	.LASF16
 394 00d0 05       		.byte	0x5
 395 00d1 65       		.byte	0x65
 396 00d2 08010000 		.4byte	0x108
 397 00d6 00       		.byte	0
 398 00d7 0A       		.uleb128 0xa
 399 00d8 3E020000 		.4byte	.LASF17
 400 00dc 05       		.byte	0x5
 401 00dd 67       		.byte	0x67
 402 00de 08010000 		.4byte	0x108
 403 00e2 04       		.byte	0x4
 404 00e3 0A       		.uleb128 0xa
 405 00e4 C1010000 		.4byte	.LASF18
 406 00e8 05       		.byte	0x5
 407 00e9 69       		.byte	0x69
 408 00ea 84000000 		.4byte	0x84
 409 00ee 08       		.byte	0x8
 410 00ef 0A       		.uleb128 0xa
 411 00f0 41000000 		.4byte	.LASF19
 412 00f4 05       		.byte	0x5
 413 00f5 6A       		.byte	0x6a
 414 00f6 98000000 		.4byte	0x98
 415 00fa 0C       		.byte	0xc
 416 00fb 0A       		.uleb128 0xa
 417 00fc 2D020000 		.4byte	.LASF20
 418 0100 05       		.byte	0x5
 419 0101 6C       		.byte	0x6c
 420 0102 8F000000 		.4byte	0x8f
 421 0106 10       		.byte	0x10
 422 0107 00       		.byte	0
 423 0108 06       		.uleb128 0x6
 424 0109 04       		.byte	0x4
 425 010a B4000000 		.4byte	0xb4
 426 010e 0B       		.uleb128 0xb
 427 010f 10       		.byte	0x10
 428 0110 05       		.byte	0x5
 429 0111 76       		.byte	0x76
 430 0112 47010000 		.4byte	0x147
 431 0116 0A       		.uleb128 0xa
 432 0117 6B020000 		.4byte	.LASF16
 433 011b 05       		.byte	0x5
 434 011c 77       		.byte	0x77
 435 011d 08010000 		.4byte	0x108
 436 0121 00       		.byte	0
 437 0122 0A       		.uleb128 0xa
 438 0123 3E020000 		.4byte	.LASF17
 439 0127 05       		.byte	0x5
 440 0128 79       		.byte	0x79
 441 0129 08010000 		.4byte	0x108
ARM GAS  /tmp/ccUPcstk.s 			page 9


 442 012d 04       		.byte	0x4
 443 012e 0A       		.uleb128 0xa
 444 012f C1010000 		.4byte	.LASF18
 445 0133 05       		.byte	0x5
 446 0134 7B       		.byte	0x7b
 447 0135 84000000 		.4byte	0x84
 448 0139 08       		.byte	0x8
 449 013a 0A       		.uleb128 0xa
 450 013b D2010000 		.4byte	.LASF21
 451 013f 05       		.byte	0x5
 452 0140 7C       		.byte	0x7c
 453 0141 47010000 		.4byte	0x147
 454 0145 0C       		.byte	0xc
 455 0146 00       		.byte	0
 456 0147 0C       		.uleb128 0xc
 457 0148 84000000 		.4byte	0x84
 458 014c 04       		.uleb128 0x4
 459 014d 64020000 		.4byte	.LASF22
 460 0151 05       		.byte	0x5
 461 0152 7D       		.byte	0x7d
 462 0153 0E010000 		.4byte	0x10e
 463 0157 03       		.uleb128 0x3
 464 0158 01       		.byte	0x1
 465 0159 08       		.byte	0x8
 466 015a 28020000 		.4byte	.LASF23
 467 015e 0D       		.uleb128 0xd
 468 015f 64000000 		.4byte	.LASF30
 469 0163 01       		.byte	0x1
 470 0164 32       		.byte	0x32
 471 0165 00000000 		.4byte	.LFB7
 472 0169 24000000 		.4byte	.LFE7-.LFB7
 473 016d 01       		.uleb128 0x1
 474 016e 9C       		.byte	0x9c
 475 016f 0E       		.uleb128 0xe
 476 0170 00000000 		.4byte	.LASF26
 477 0174 01       		.byte	0x1
 478 0175 4C       		.byte	0x4c
 479 0176 00000000 		.4byte	.LFB8
 480 017a A0000000 		.4byte	.LFE8-.LFB8
 481 017e 01       		.uleb128 0x1
 482 017f 9C       		.byte	0x9c
 483 0180 C9010000 		.4byte	0x1c9
 484 0184 0F       		.uleb128 0xf
 485 0185 76747000 		.ascii	"vtp\000"
 486 0189 01       		.byte	0x1
 487 018a 4C       		.byte	0x4c
 488 018b 08010000 		.4byte	0x108
 489 018f 02       		.uleb128 0x2
 490 0190 91       		.byte	0x91
 491 0191 6C       		.sleb128 -20
 492 0192 10       		.uleb128 0x10
 493 0193 BC010000 		.4byte	.LASF24
 494 0197 01       		.byte	0x1
 495 0198 4C       		.byte	0x4c
 496 0199 84000000 		.4byte	0x84
 497 019d 02       		.uleb128 0x2
 498 019e 91       		.byte	0x91
ARM GAS  /tmp/ccUPcstk.s 			page 10


 499 019f 68       		.sleb128 -24
 500 01a0 10       		.uleb128 0x10
 501 01a1 21020000 		.4byte	.LASF25
 502 01a5 01       		.byte	0x1
 503 01a6 4C       		.byte	0x4c
 504 01a7 98000000 		.4byte	0x98
 505 01ab 02       		.uleb128 0x2
 506 01ac 91       		.byte	0x91
 507 01ad 64       		.sleb128 -28
 508 01ae 0F       		.uleb128 0xf
 509 01af 70617200 		.ascii	"par\000"
 510 01b3 01       		.byte	0x1
 511 01b4 4C       		.byte	0x4c
 512 01b5 8F000000 		.4byte	0x8f
 513 01b9 02       		.uleb128 0x2
 514 01ba 91       		.byte	0x91
 515 01bb 60       		.sleb128 -32
 516 01bc 11       		.uleb128 0x11
 517 01bd 7000     		.ascii	"p\000"
 518 01bf 01       		.byte	0x1
 519 01c0 4D       		.byte	0x4d
 520 01c1 08010000 		.4byte	0x108
 521 01c5 02       		.uleb128 0x2
 522 01c6 91       		.byte	0x91
 523 01c7 74       		.sleb128 -12
 524 01c8 00       		.byte	0
 525 01c9 0E       		.uleb128 0xe
 526 01ca 73020000 		.4byte	.LASF27
 527 01ce 01       		.byte	0x1
 528 01cf 6A       		.byte	0x6a
 529 01d0 00000000 		.4byte	.LFB9
 530 01d4 6C000000 		.4byte	.LFE9-.LFB9
 531 01d8 01       		.uleb128 0x1
 532 01d9 9C       		.byte	0x9c
 533 01da ED010000 		.4byte	0x1ed
 534 01de 0F       		.uleb128 0xf
 535 01df 76747000 		.ascii	"vtp\000"
 536 01e3 01       		.byte	0x1
 537 01e4 6A       		.byte	0x6a
 538 01e5 08010000 		.4byte	0x108
 539 01e9 02       		.uleb128 0x2
 540 01ea 91       		.byte	0x91
 541 01eb 74       		.sleb128 -12
 542 01ec 00       		.byte	0
 543 01ed 12       		.uleb128 0x12
 544 01ee B5010000 		.4byte	.LASF31
 545 01f2 01       		.byte	0x1
 546 01f3 2A       		.byte	0x2a
 547 01f4 4C010000 		.4byte	0x14c
 548 01f8 05       		.uleb128 0x5
 549 01f9 03       		.byte	0x3
 550 01fa 00000000 		.4byte	vtlist
 551 01fe 00       		.byte	0
 552              		.section	.debug_abbrev,"",%progbits
 553              	.Ldebug_abbrev0:
 554 0000 01       		.uleb128 0x1
 555 0001 11       		.uleb128 0x11
ARM GAS  /tmp/ccUPcstk.s 			page 11


 556 0002 01       		.byte	0x1
 557 0003 25       		.uleb128 0x25
 558 0004 0E       		.uleb128 0xe
 559 0005 13       		.uleb128 0x13
 560 0006 0B       		.uleb128 0xb
 561 0007 03       		.uleb128 0x3
 562 0008 0E       		.uleb128 0xe
 563 0009 55       		.uleb128 0x55
 564 000a 17       		.uleb128 0x17
 565 000b 11       		.uleb128 0x11
 566 000c 01       		.uleb128 0x1
 567 000d 10       		.uleb128 0x10
 568 000e 17       		.uleb128 0x17
 569 000f 00       		.byte	0
 570 0010 00       		.byte	0
 571 0011 02       		.uleb128 0x2
 572 0012 24       		.uleb128 0x24
 573 0013 00       		.byte	0
 574 0014 0B       		.uleb128 0xb
 575 0015 0B       		.uleb128 0xb
 576 0016 3E       		.uleb128 0x3e
 577 0017 0B       		.uleb128 0xb
 578 0018 03       		.uleb128 0x3
 579 0019 08       		.uleb128 0x8
 580 001a 00       		.byte	0
 581 001b 00       		.byte	0
 582 001c 03       		.uleb128 0x3
 583 001d 24       		.uleb128 0x24
 584 001e 00       		.byte	0
 585 001f 0B       		.uleb128 0xb
 586 0020 0B       		.uleb128 0xb
 587 0021 3E       		.uleb128 0x3e
 588 0022 0B       		.uleb128 0xb
 589 0023 03       		.uleb128 0x3
 590 0024 0E       		.uleb128 0xe
 591 0025 00       		.byte	0
 592 0026 00       		.byte	0
 593 0027 04       		.uleb128 0x4
 594 0028 16       		.uleb128 0x16
 595 0029 00       		.byte	0
 596 002a 03       		.uleb128 0x3
 597 002b 0E       		.uleb128 0xe
 598 002c 3A       		.uleb128 0x3a
 599 002d 0B       		.uleb128 0xb
 600 002e 3B       		.uleb128 0x3b
 601 002f 0B       		.uleb128 0xb
 602 0030 49       		.uleb128 0x49
 603 0031 13       		.uleb128 0x13
 604 0032 00       		.byte	0
 605 0033 00       		.byte	0
 606 0034 05       		.uleb128 0x5
 607 0035 0F       		.uleb128 0xf
 608 0036 00       		.byte	0
 609 0037 0B       		.uleb128 0xb
 610 0038 0B       		.uleb128 0xb
 611 0039 00       		.byte	0
 612 003a 00       		.byte	0
ARM GAS  /tmp/ccUPcstk.s 			page 12


 613 003b 06       		.uleb128 0x6
 614 003c 0F       		.uleb128 0xf
 615 003d 00       		.byte	0
 616 003e 0B       		.uleb128 0xb
 617 003f 0B       		.uleb128 0xb
 618 0040 49       		.uleb128 0x49
 619 0041 13       		.uleb128 0x13
 620 0042 00       		.byte	0
 621 0043 00       		.byte	0
 622 0044 07       		.uleb128 0x7
 623 0045 15       		.uleb128 0x15
 624 0046 01       		.byte	0x1
 625 0047 27       		.uleb128 0x27
 626 0048 19       		.uleb128 0x19
 627 0049 01       		.uleb128 0x1
 628 004a 13       		.uleb128 0x13
 629 004b 00       		.byte	0
 630 004c 00       		.byte	0
 631 004d 08       		.uleb128 0x8
 632 004e 05       		.uleb128 0x5
 633 004f 00       		.byte	0
 634 0050 49       		.uleb128 0x49
 635 0051 13       		.uleb128 0x13
 636 0052 00       		.byte	0
 637 0053 00       		.byte	0
 638 0054 09       		.uleb128 0x9
 639 0055 13       		.uleb128 0x13
 640 0056 01       		.byte	0x1
 641 0057 03       		.uleb128 0x3
 642 0058 0E       		.uleb128 0xe
 643 0059 0B       		.uleb128 0xb
 644 005a 0B       		.uleb128 0xb
 645 005b 3A       		.uleb128 0x3a
 646 005c 0B       		.uleb128 0xb
 647 005d 3B       		.uleb128 0x3b
 648 005e 0B       		.uleb128 0xb
 649 005f 01       		.uleb128 0x1
 650 0060 13       		.uleb128 0x13
 651 0061 00       		.byte	0
 652 0062 00       		.byte	0
 653 0063 0A       		.uleb128 0xa
 654 0064 0D       		.uleb128 0xd
 655 0065 00       		.byte	0
 656 0066 03       		.uleb128 0x3
 657 0067 0E       		.uleb128 0xe
 658 0068 3A       		.uleb128 0x3a
 659 0069 0B       		.uleb128 0xb
 660 006a 3B       		.uleb128 0x3b
 661 006b 0B       		.uleb128 0xb
 662 006c 49       		.uleb128 0x49
 663 006d 13       		.uleb128 0x13
 664 006e 38       		.uleb128 0x38
 665 006f 0B       		.uleb128 0xb
 666 0070 00       		.byte	0
 667 0071 00       		.byte	0
 668 0072 0B       		.uleb128 0xb
 669 0073 13       		.uleb128 0x13
ARM GAS  /tmp/ccUPcstk.s 			page 13


 670 0074 01       		.byte	0x1
 671 0075 0B       		.uleb128 0xb
 672 0076 0B       		.uleb128 0xb
 673 0077 3A       		.uleb128 0x3a
 674 0078 0B       		.uleb128 0xb
 675 0079 3B       		.uleb128 0x3b
 676 007a 0B       		.uleb128 0xb
 677 007b 01       		.uleb128 0x1
 678 007c 13       		.uleb128 0x13
 679 007d 00       		.byte	0
 680 007e 00       		.byte	0
 681 007f 0C       		.uleb128 0xc
 682 0080 35       		.uleb128 0x35
 683 0081 00       		.byte	0
 684 0082 49       		.uleb128 0x49
 685 0083 13       		.uleb128 0x13
 686 0084 00       		.byte	0
 687 0085 00       		.byte	0
 688 0086 0D       		.uleb128 0xd
 689 0087 2E       		.uleb128 0x2e
 690 0088 00       		.byte	0
 691 0089 3F       		.uleb128 0x3f
 692 008a 19       		.uleb128 0x19
 693 008b 03       		.uleb128 0x3
 694 008c 0E       		.uleb128 0xe
 695 008d 3A       		.uleb128 0x3a
 696 008e 0B       		.uleb128 0xb
 697 008f 3B       		.uleb128 0x3b
 698 0090 0B       		.uleb128 0xb
 699 0091 27       		.uleb128 0x27
 700 0092 19       		.uleb128 0x19
 701 0093 11       		.uleb128 0x11
 702 0094 01       		.uleb128 0x1
 703 0095 12       		.uleb128 0x12
 704 0096 06       		.uleb128 0x6
 705 0097 40       		.uleb128 0x40
 706 0098 18       		.uleb128 0x18
 707 0099 9742     		.uleb128 0x2117
 708 009b 19       		.uleb128 0x19
 709 009c 00       		.byte	0
 710 009d 00       		.byte	0
 711 009e 0E       		.uleb128 0xe
 712 009f 2E       		.uleb128 0x2e
 713 00a0 01       		.byte	0x1
 714 00a1 3F       		.uleb128 0x3f
 715 00a2 19       		.uleb128 0x19
 716 00a3 03       		.uleb128 0x3
 717 00a4 0E       		.uleb128 0xe
 718 00a5 3A       		.uleb128 0x3a
 719 00a6 0B       		.uleb128 0xb
 720 00a7 3B       		.uleb128 0x3b
 721 00a8 0B       		.uleb128 0xb
 722 00a9 27       		.uleb128 0x27
 723 00aa 19       		.uleb128 0x19
 724 00ab 11       		.uleb128 0x11
 725 00ac 01       		.uleb128 0x1
 726 00ad 12       		.uleb128 0x12
ARM GAS  /tmp/ccUPcstk.s 			page 14


 727 00ae 06       		.uleb128 0x6
 728 00af 40       		.uleb128 0x40
 729 00b0 18       		.uleb128 0x18
 730 00b1 9642     		.uleb128 0x2116
 731 00b3 19       		.uleb128 0x19
 732 00b4 01       		.uleb128 0x1
 733 00b5 13       		.uleb128 0x13
 734 00b6 00       		.byte	0
 735 00b7 00       		.byte	0
 736 00b8 0F       		.uleb128 0xf
 737 00b9 05       		.uleb128 0x5
 738 00ba 00       		.byte	0
 739 00bb 03       		.uleb128 0x3
 740 00bc 08       		.uleb128 0x8
 741 00bd 3A       		.uleb128 0x3a
 742 00be 0B       		.uleb128 0xb
 743 00bf 3B       		.uleb128 0x3b
 744 00c0 0B       		.uleb128 0xb
 745 00c1 49       		.uleb128 0x49
 746 00c2 13       		.uleb128 0x13
 747 00c3 02       		.uleb128 0x2
 748 00c4 18       		.uleb128 0x18
 749 00c5 00       		.byte	0
 750 00c6 00       		.byte	0
 751 00c7 10       		.uleb128 0x10
 752 00c8 05       		.uleb128 0x5
 753 00c9 00       		.byte	0
 754 00ca 03       		.uleb128 0x3
 755 00cb 0E       		.uleb128 0xe
 756 00cc 3A       		.uleb128 0x3a
 757 00cd 0B       		.uleb128 0xb
 758 00ce 3B       		.uleb128 0x3b
 759 00cf 0B       		.uleb128 0xb
 760 00d0 49       		.uleb128 0x49
 761 00d1 13       		.uleb128 0x13
 762 00d2 02       		.uleb128 0x2
 763 00d3 18       		.uleb128 0x18
 764 00d4 00       		.byte	0
 765 00d5 00       		.byte	0
 766 00d6 11       		.uleb128 0x11
 767 00d7 34       		.uleb128 0x34
 768 00d8 00       		.byte	0
 769 00d9 03       		.uleb128 0x3
 770 00da 08       		.uleb128 0x8
 771 00db 3A       		.uleb128 0x3a
 772 00dc 0B       		.uleb128 0xb
 773 00dd 3B       		.uleb128 0x3b
 774 00de 0B       		.uleb128 0xb
 775 00df 49       		.uleb128 0x49
 776 00e0 13       		.uleb128 0x13
 777 00e1 02       		.uleb128 0x2
 778 00e2 18       		.uleb128 0x18
 779 00e3 00       		.byte	0
 780 00e4 00       		.byte	0
 781 00e5 12       		.uleb128 0x12
 782 00e6 34       		.uleb128 0x34
 783 00e7 00       		.byte	0
ARM GAS  /tmp/ccUPcstk.s 			page 15


 784 00e8 03       		.uleb128 0x3
 785 00e9 0E       		.uleb128 0xe
 786 00ea 3A       		.uleb128 0x3a
 787 00eb 0B       		.uleb128 0xb
 788 00ec 3B       		.uleb128 0x3b
 789 00ed 0B       		.uleb128 0xb
 790 00ee 49       		.uleb128 0x49
 791 00ef 13       		.uleb128 0x13
 792 00f0 3F       		.uleb128 0x3f
 793 00f1 19       		.uleb128 0x19
 794 00f2 02       		.uleb128 0x2
 795 00f3 18       		.uleb128 0x18
 796 00f4 00       		.byte	0
 797 00f5 00       		.byte	0
 798 00f6 00       		.byte	0
 799              		.section	.debug_aranges,"",%progbits
 800 0000 2C000000 		.4byte	0x2c
 801 0004 0200     		.2byte	0x2
 802 0006 00000000 		.4byte	.Ldebug_info0
 803 000a 04       		.byte	0x4
 804 000b 00       		.byte	0
 805 000c 0000     		.2byte	0
 806 000e 0000     		.2byte	0
 807 0010 00000000 		.4byte	.LFB7
 808 0014 24000000 		.4byte	.LFE7-.LFB7
 809 0018 00000000 		.4byte	.LFB8
 810 001c A0000000 		.4byte	.LFE8-.LFB8
 811 0020 00000000 		.4byte	.LFB9
 812 0024 6C000000 		.4byte	.LFE9-.LFB9
 813 0028 00000000 		.4byte	0
 814 002c 00000000 		.4byte	0
 815              		.section	.debug_ranges,"",%progbits
 816              	.Ldebug_ranges0:
 817 0000 00000000 		.4byte	.LFB7
 818 0004 24000000 		.4byte	.LFE7
 819 0008 00000000 		.4byte	.LFB8
 820 000c A0000000 		.4byte	.LFE8
 821 0010 00000000 		.4byte	.LFB9
 822 0014 6C000000 		.4byte	.LFE9
 823 0018 00000000 		.4byte	0
 824 001c 00000000 		.4byte	0
 825              		.section	.debug_line,"",%progbits
 826              	.Ldebug_line0:
 827 0000 FD010000 		.section	.debug_str,"MS",%progbits,1
 827      02008D01 
 827      00000201 
 827      FB0E0D00 
 827      01010101 
 828              	.LASF26:
 829 0000 63685654 		.ascii	"chVTSetI\000"
 829      53657449 
 829      00
 830              	.LASF12:
 831 0009 73797374 		.ascii	"systime_t\000"
 831      696D655F 
 831      7400
 832              	.LASF14:
ARM GAS  /tmp/ccUPcstk.s 			page 16


 833 0013 76746675 		.ascii	"vtfunc_t\000"
 833      6E635F74 
 833      00
 834              	.LASF6:
 835 001c 6C6F6E67 		.ascii	"long unsigned int\000"
 835      20756E73 
 835      69676E65 
 835      6420696E 
 835      7400
 836              	.LASF4:
 837 002e 73686F72 		.ascii	"short unsigned int\000"
 837      7420756E 
 837      7369676E 
 837      65642069 
 837      6E7400
 838              	.LASF19:
 839 0041 76745F66 		.ascii	"vt_func\000"
 839      756E6300 
 840              	.LASF15:
 841 0049 56697274 		.ascii	"VirtualTimer\000"
 841      75616C54 
 841      696D6572 
 841      00
 842              	.LASF2:
 843 0056 756E7369 		.ascii	"unsigned char\000"
 843      676E6564 
 843      20636861 
 843      7200
 844              	.LASF30:
 845 0064 5F76745F 		.ascii	"_vt_init\000"
 845      696E6974 
 845      00
 846              	.LASF28:
 847 006d 474E5520 		.ascii	"GNU C 4.9.3 20141119 (release) [ARM/embedded-4_9-br"
 847      4320342E 
 847      392E3320 
 847      32303134 
 847      31313139 
 848 00a0 616E6368 		.ascii	"anch revision 218278] -mcpu=cortex-m4 -mfloat-abi=h"
 848      20726576 
 848      6973696F 
 848      6E203231 
 848      38323738 
 849 00d3 61726420 		.ascii	"ard -mfpu=fpv4-sp-d16 -mno-thumb-interwork -mthumb "
 849      2D6D6670 
 849      753D6670 
 849      76342D73 
 849      702D6431 
 850 0106 2D676764 		.ascii	"-ggdb -O0 -fomit-frame-pointer -falign-functions=16"
 850      62202D4F 
 850      30202D66 
 850      6F6D6974 
 850      2D667261 
 851 0139 202D6666 		.ascii	" -ffunction-sections -fdata-sections -fno-common -f"
 851      756E6374 
 851      696F6E2D 
 851      73656374 
ARM GAS  /tmp/ccUPcstk.s 			page 17


 851      696F6E73 
 852 016c 73696E67 		.ascii	"single-precision-constant\000"
 852      6C652D70 
 852      72656369 
 852      73696F6E 
 852      2D636F6E 
 853              	.LASF9:
 854 0186 5F5F7569 		.ascii	"__uint32_t\000"
 854      6E743332 
 854      5F7400
 855              	.LASF0:
 856 0191 756E7369 		.ascii	"unsigned int\000"
 856      676E6564 
 856      20696E74 
 856      00
 857              	.LASF8:
 858 019e 6C6F6E67 		.ascii	"long long unsigned int\000"
 858      206C6F6E 
 858      6720756E 
 858      7369676E 
 858      65642069 
 859              	.LASF31:
 860 01b5 76746C69 		.ascii	"vtlist\000"
 860      737400
 861              	.LASF24:
 862 01bc 74696D65 		.ascii	"time\000"
 862      00
 863              	.LASF18:
 864 01c1 76745F74 		.ascii	"vt_time\000"
 864      696D6500 
 865              	.LASF13:
 866 01c9 73697A65 		.ascii	"sizetype\000"
 866      74797065 
 866      00
 867              	.LASF21:
 868 01d2 76745F73 		.ascii	"vt_systime\000"
 868      79737469 
 868      6D6500
 869              	.LASF7:
 870 01dd 6C6F6E67 		.ascii	"long long int\000"
 870      206C6F6E 
 870      6720696E 
 870      7400
 871              	.LASF29:
 872 01eb 2F686F6D 		.ascii	"/home/ergae/r2p-sdk/core/ChibiOS/os/kernel/src/chvt"
 872      652F6572 
 872      6761652F 
 872      7232702D 
 872      73646B2F 
 873 021e 2E6300   		.ascii	".c\000"
 874              	.LASF25:
 875 0221 76746675 		.ascii	"vtfunc\000"
 875      6E6300
 876              	.LASF23:
 877 0228 63686172 		.ascii	"char\000"
 877      00
 878              	.LASF20:
ARM GAS  /tmp/ccUPcstk.s 			page 18


 879 022d 76745F70 		.ascii	"vt_par\000"
 879      617200
 880              	.LASF3:
 881 0234 73686F72 		.ascii	"short int\000"
 881      7420696E 
 881      7400
 882              	.LASF17:
 883 023e 76745F70 		.ascii	"vt_prev\000"
 883      72657600 
 884              	.LASF10:
 885 0246 75696E74 		.ascii	"uint32_t\000"
 885      33325F74 
 885      00
 886              	.LASF5:
 887 024f 6C6F6E67 		.ascii	"long int\000"
 887      20696E74 
 887      00
 888              	.LASF1:
 889 0258 7369676E 		.ascii	"signed char\000"
 889      65642063 
 889      68617200 
 890              	.LASF22:
 891 0264 56544C69 		.ascii	"VTList\000"
 891      737400
 892              	.LASF16:
 893 026b 76745F6E 		.ascii	"vt_next\000"
 893      65787400 
 894              	.LASF27:
 895 0273 63685654 		.ascii	"chVTResetI\000"
 895      52657365 
 895      744900
 896              	.LASF11:
 897 027e 5F426F6F 		.ascii	"_Bool\000"
 897      6C00
 898              		.ident	"GCC: (GNU Tools for ARM Embedded Processors) 4.9.3 20141119 (release) [ARM/embedded-4_9-br
ARM GAS  /tmp/ccUPcstk.s 			page 19


DEFINED SYMBOLS
                            *ABS*:00000000 chvt.c
     /tmp/ccUPcstk.s:25     .bss.vtlist:00000000 vtlist
     /tmp/ccUPcstk.s:22     .bss.vtlist:00000000 $d
     /tmp/ccUPcstk.s:28     .text._vt_init:00000000 $t
     /tmp/ccUPcstk.s:34     .text._vt_init:00000000 _vt_init
     /tmp/ccUPcstk.s:63     .text._vt_init:00000020 $d
     /tmp/ccUPcstk.s:68     .rodata:00000000 $d
     /tmp/ccUPcstk.s:72     .text.chVTSetI:00000000 $t
     /tmp/ccUPcstk.s:78     .text.chVTSetI:00000000 chVTSetI
     /tmp/ccUPcstk.s:187    .text.chVTSetI:00000098 $d
     /tmp/ccUPcstk.s:200    .text.chVTResetI:00000000 $t
     /tmp/ccUPcstk.s:206    .text.chVTResetI:00000000 chVTResetI
     /tmp/ccUPcstk.s:278    .text.chVTResetI:00000060 $d
                     .debug_frame:00000010 $d
     /tmp/ccUPcstk.s:67     .text._vt_init:00000024 $t
     /tmp/ccUPcstk.s:284    .text.chVTResetI:0000006c $t

UNDEFINED SYMBOLS
chDbgCheckClassI
chDbgPanic
