ARM GAS  /tmp/ccvCtmH5.s 			page 1


   1              		.syntax unified
   2              		.cpu cortex-m4
   3              		.eabi_attribute 27, 3
   4              		.eabi_attribute 28, 1
   5              		.fpu fpv4-sp-d16
   6              		.eabi_attribute 20, 1
   7              		.eabi_attribute 21, 1
   8              		.eabi_attribute 23, 3
   9              		.eabi_attribute 24, 1
  10              		.eabi_attribute 25, 1
  11              		.eabi_attribute 26, 1
  12              		.eabi_attribute 30, 6
  13              		.eabi_attribute 34, 1
  14              		.eabi_attribute 18, 4
  15              		.thumb
  16              		.file	"evtimer.c"
  17              		.text
  18              	.Ltext0:
  19              		.cfi_sections	.debug_frame
  20              		.section	.text.tmrcb,"ax",%progbits
  21              		.align	2
  22              		.p2align 4,,15
  23              		.thumb
  24              		.thumb_func
  25              		.type	tmrcb, %function
  26              	tmrcb:
  27              	.LFB7:
  28              		.file 1 "/home/ergae/r2p-sdk/core/ChibiOS/os/various/evtimer.c"
  29              		.loc 1 28 0
  30              		.cfi_startproc
  31              		@ args = 0, pretend = 0, frame = 16
  32              		@ frame_needed = 0, uses_anonymous_args = 0
  33 0000 00B5     		push	{lr}
  34              		.cfi_def_cfa_offset 4
  35              		.cfi_offset 14, -4
  36 0002 85B0     		sub	sp, sp, #20
  37              		.cfi_def_cfa_offset 24
  38 0004 0190     		str	r0, [sp, #4]
  39              		.loc 1 29 0
  40 0006 019B     		ldr	r3, [sp, #4]
  41 0008 0393     		str	r3, [sp, #12]
  42              	.LBB2:
  43              		.loc 1 31 0
  44 000a 2023     		movs	r3, #32
  45              	@ 31 "/home/ergae/r2p-sdk/core/ChibiOS/os/various/evtimer.c" 1
  46 000c 83F31188 		msr     BASEPRI, r3
  47              	@ 0 "" 2
  48              		.thumb
  49              	.LBE2:
  50 0010 FFF7FEFF 		bl	dbg_check_lock_from_isr
  51              		.loc 1 32 0
  52 0014 039B     		ldr	r3, [sp, #12]
  53 0016 1433     		adds	r3, r3, #20
  54 0018 1846     		mov	r0, r3
  55 001a 0021     		movs	r1, #0
  56 001c FFF7FEFF 		bl	chEvtBroadcastFlagsI
  57              		.loc 1 33 0
ARM GAS  /tmp/ccvCtmH5.s 			page 2


  58 0020 039A     		ldr	r2, [sp, #12]
  59 0022 039B     		ldr	r3, [sp, #12]
  60 0024 9B69     		ldr	r3, [r3, #24]
  61 0026 1046     		mov	r0, r2
  62 0028 1946     		mov	r1, r3
  63 002a 064A     		ldr	r2, .L2
  64 002c 039B     		ldr	r3, [sp, #12]
  65 002e FFF7FEFF 		bl	chVTSetI
  66              		.loc 1 34 0
  67 0032 FFF7FEFF 		bl	dbg_check_unlock_from_isr
  68              	.LBB3:
  69 0036 0023     		movs	r3, #0
  70              	@ 34 "/home/ergae/r2p-sdk/core/ChibiOS/os/various/evtimer.c" 1
  71 0038 83F31188 		msr     BASEPRI, r3
  72              	@ 0 "" 2
  73              		.thumb
  74              	.LBE3:
  75              		.loc 1 35 0
  76 003c 05B0     		add	sp, sp, #20
  77              		.cfi_def_cfa_offset 4
  78              		@ sp needed
  79 003e 5DF804FB 		ldr	pc, [sp], #4
  80              	.L3:
  81 0042 00BF     		.align	2
  82              	.L2:
  83 0044 00000000 		.word	tmrcb
  84              		.cfi_endproc
  85              	.LFE7:
  86              		.size	tmrcb, .-tmrcb
  87 0048 AFF30080 		.section	.text.evtStart,"ax",%progbits
  87      AFF30080 
  88              		.align	2
  89              		.p2align 4,,15
  90              		.global	evtStart
  91              		.thumb
  92              		.thumb_func
  93              		.type	evtStart, %function
  94              	evtStart:
  95              	.LFB8:
  96              		.loc 1 43 0
  97              		.cfi_startproc
  98              		@ args = 0, pretend = 0, frame = 8
  99              		@ frame_needed = 0, uses_anonymous_args = 0
 100 0000 00B5     		push	{lr}
 101              		.cfi_def_cfa_offset 4
 102              		.cfi_offset 14, -4
 103 0002 83B0     		sub	sp, sp, #12
 104              		.cfi_def_cfa_offset 16
 105 0004 0190     		str	r0, [sp, #4]
 106              	.LBB4:
 107              		.loc 1 45 0
 108 0006 2023     		movs	r3, #32
 109              	@ 45 "/home/ergae/r2p-sdk/core/ChibiOS/os/various/evtimer.c" 1
 110 0008 83F31188 		msr     BASEPRI, r3
 111              	@ 0 "" 2
 112              		.thumb
 113              	.LBE4:
ARM GAS  /tmp/ccvCtmH5.s 			page 3


 114 000c FFF7FEFF 		bl	dbg_check_lock
 115              		.loc 1 47 0
 116 0010 019B     		ldr	r3, [sp, #4]
 117 0012 DB68     		ldr	r3, [r3, #12]
 118 0014 002B     		cmp	r3, #0
 119 0016 08D1     		bne	.L5
 120              		.loc 1 48 0
 121 0018 019A     		ldr	r2, [sp, #4]
 122 001a 019B     		ldr	r3, [sp, #4]
 123 001c 9B69     		ldr	r3, [r3, #24]
 124 001e 1046     		mov	r0, r2
 125 0020 1946     		mov	r1, r3
 126 0022 064A     		ldr	r2, .L6
 127 0024 019B     		ldr	r3, [sp, #4]
 128 0026 FFF7FEFF 		bl	chVTSetI
 129              	.L5:
 130              		.loc 1 50 0
 131 002a FFF7FEFF 		bl	dbg_check_unlock
 132              	.LBB5:
 133 002e 0023     		movs	r3, #0
 134              	@ 50 "/home/ergae/r2p-sdk/core/ChibiOS/os/various/evtimer.c" 1
 135 0030 83F31188 		msr     BASEPRI, r3
 136              	@ 0 "" 2
 137              		.thumb
 138              	.LBE5:
 139              		.loc 1 51 0
 140 0034 03B0     		add	sp, sp, #12
 141              		.cfi_def_cfa_offset 4
 142              		@ sp needed
 143 0036 5DF804FB 		ldr	pc, [sp], #4
 144              	.L7:
 145 003a 00BF     		.align	2
 146              	.L6:
 147 003c 00000000 		.word	tmrcb
 148              		.cfi_endproc
 149              	.LFE8:
 150              		.size	evtStart, .-evtStart
 151              		.section	.text.evtStop,"ax",%progbits
 152              		.align	2
 153              		.p2align 4,,15
 154              		.global	evtStop
 155              		.thumb
 156              		.thumb_func
 157              		.type	evtStop, %function
 158              	evtStop:
 159              	.LFB9:
 160              		.loc 1 59 0
 161              		.cfi_startproc
 162              		@ args = 0, pretend = 0, frame = 8
 163              		@ frame_needed = 0, uses_anonymous_args = 0
 164 0000 00B5     		push	{lr}
 165              		.cfi_def_cfa_offset 4
 166              		.cfi_offset 14, -4
 167 0002 83B0     		sub	sp, sp, #12
 168              		.cfi_def_cfa_offset 16
 169 0004 0190     		str	r0, [sp, #4]
 170              	.LBB6:
ARM GAS  /tmp/ccvCtmH5.s 			page 4


 171              		.loc 1 61 0
 172 0006 2023     		movs	r3, #32
 173              	@ 61 "/home/ergae/r2p-sdk/core/ChibiOS/os/various/evtimer.c" 1
 174 0008 83F31188 		msr     BASEPRI, r3
 175              	@ 0 "" 2
 176              		.thumb
 177              	.LBE6:
 178 000c FFF7FEFF 		bl	dbg_check_lock
 179 0010 019B     		ldr	r3, [sp, #4]
 180 0012 DB68     		ldr	r3, [r3, #12]
 181 0014 002B     		cmp	r3, #0
 182 0016 03D0     		beq	.L9
 183              		.loc 1 61 0 is_stmt 0 discriminator 1
 184 0018 019B     		ldr	r3, [sp, #4]
 185 001a 1846     		mov	r0, r3
 186 001c FFF7FEFF 		bl	chVTResetI
 187              	.L9:
 188              		.loc 1 61 0 discriminator 3
 189 0020 FFF7FEFF 		bl	dbg_check_unlock
 190              	.LBB7:
 191 0024 0023     		movs	r3, #0
 192              	@ 61 "/home/ergae/r2p-sdk/core/ChibiOS/os/various/evtimer.c" 1
 193 0026 83F31188 		msr     BASEPRI, r3
 194              	@ 0 "" 2
 195              		.thumb
 196              	.LBE7:
 197              		.loc 1 62 0 is_stmt 1 discriminator 3
 198 002a 03B0     		add	sp, sp, #12
 199              		.cfi_def_cfa_offset 4
 200              		@ sp needed
 201 002c 5DF804FB 		ldr	pc, [sp], #4
 202              		.cfi_endproc
 203              	.LFE9:
 204              		.size	evtStop, .-evtStop
 205              		.text
 206              	.Letext0:
 207              		.file 2 "/home/ergae/r2p-sdk/tools/gcc-arm-none-eabi-4_9-2014q4/arm-none-eabi/include/machine/_def
 208              		.file 3 "/home/ergae/r2p-sdk/tools/gcc-arm-none-eabi-4_9-2014q4/arm-none-eabi/include/stdint.h"
 209              		.file 4 "/home/ergae/r2p-sdk/core/ChibiOS/os/ports/GCC/ARMCMx/chtypes.h"
 210              		.file 5 "/home/ergae/r2p-sdk/core/ChibiOS/os/kernel/include/chlists.h"
 211              		.file 6 "/home/ergae/r2p-sdk/core/ChibiOS/os/kernel/include/chthreads.h"
 212              		.file 7 "/home/ergae/r2p-sdk/core/ChibiOS/os/ports/GCC/ARMCMx/chcore_v7m.h"
 213              		.file 8 "/home/ergae/r2p-sdk/core/ChibiOS/os/kernel/include/chvt.h"
 214              		.file 9 "/home/ergae/r2p-sdk/core/ChibiOS/os/kernel/include/chmtx.h"
 215              		.file 10 "/home/ergae/r2p-sdk/core/ChibiOS/os/kernel/include/chevents.h"
 216              		.file 11 "/home/ergae/r2p-sdk/core/ChibiOS/os/various/evtimer.h"
 217              		.section	.debug_info,"",%progbits
 218              	.Ldebug_info0:
 219 0000 E2060000 		.4byte	0x6e2
 220 0004 0400     		.2byte	0x4
 221 0006 00000000 		.4byte	.Ldebug_abbrev0
 222 000a 04       		.byte	0x4
 223 000b 01       		.uleb128 0x1
 224 000c 08030000 		.4byte	.LASF82
 225 0010 01       		.byte	0x1
 226 0011 31040000 		.4byte	.LASF83
 227 0015 00000000 		.4byte	.Ldebug_ranges0+0
ARM GAS  /tmp/ccvCtmH5.s 			page 5


 228 0019 00000000 		.4byte	0
 229 001d 00000000 		.4byte	.Ldebug_line0
 230 0021 02       		.uleb128 0x2
 231 0022 04       		.byte	0x4
 232 0023 05       		.byte	0x5
 233 0024 696E7400 		.ascii	"int\000"
 234 0028 03       		.uleb128 0x3
 235 0029 04       		.byte	0x4
 236 002a 07       		.byte	0x7
 237 002b E5000000 		.4byte	.LASF0
 238 002f 03       		.uleb128 0x3
 239 0030 01       		.byte	0x1
 240 0031 06       		.byte	0x6
 241 0032 61000000 		.4byte	.LASF1
 242 0036 04       		.uleb128 0x4
 243 0037 22000000 		.4byte	.LASF5
 244 003b 02       		.byte	0x2
 245 003c 1D       		.byte	0x1d
 246 003d 41000000 		.4byte	0x41
 247 0041 03       		.uleb128 0x3
 248 0042 01       		.byte	0x1
 249 0043 08       		.byte	0x8
 250 0044 E8010000 		.4byte	.LASF2
 251 0048 03       		.uleb128 0x3
 252 0049 02       		.byte	0x2
 253 004a 05       		.byte	0x5
 254 004b 15020000 		.4byte	.LASF3
 255 004f 03       		.uleb128 0x3
 256 0050 02       		.byte	0x2
 257 0051 07       		.byte	0x7
 258 0052 2A010000 		.4byte	.LASF4
 259 0056 04       		.uleb128 0x4
 260 0057 89020000 		.4byte	.LASF6
 261 005b 02       		.byte	0x2
 262 005c 3F       		.byte	0x3f
 263 005d 61000000 		.4byte	0x61
 264 0061 03       		.uleb128 0x3
 265 0062 04       		.byte	0x4
 266 0063 05       		.byte	0x5
 267 0064 8F000000 		.4byte	.LASF7
 268 0068 04       		.uleb128 0x4
 269 0069 B2000000 		.4byte	.LASF8
 270 006d 02       		.byte	0x2
 271 006e 41       		.byte	0x41
 272 006f 73000000 		.4byte	0x73
 273 0073 03       		.uleb128 0x3
 274 0074 04       		.byte	0x4
 275 0075 07       		.byte	0x7
 276 0076 FA000000 		.4byte	.LASF9
 277 007a 03       		.uleb128 0x3
 278 007b 08       		.byte	0x8
 279 007c 05       		.byte	0x5
 280 007d 53000000 		.4byte	.LASF10
 281 0081 04       		.uleb128 0x4
 282 0082 B8010000 		.4byte	.LASF11
 283 0086 02       		.byte	0x2
 284 0087 5B       		.byte	0x5b
ARM GAS  /tmp/ccvCtmH5.s 			page 6


 285 0088 8C000000 		.4byte	0x8c
 286 008c 03       		.uleb128 0x3
 287 008d 08       		.byte	0x8
 288 008e 07       		.byte	0x7
 289 008f 2C000000 		.4byte	.LASF12
 290 0093 04       		.uleb128 0x4
 291 0094 CE020000 		.4byte	.LASF13
 292 0098 03       		.byte	0x3
 293 0099 15       		.byte	0x15
 294 009a 36000000 		.4byte	0x36
 295 009e 04       		.uleb128 0x4
 296 009f E0010000 		.4byte	.LASF14
 297 00a3 03       		.byte	0x3
 298 00a4 2C       		.byte	0x2c
 299 00a5 56000000 		.4byte	0x56
 300 00a9 04       		.uleb128 0x4
 301 00aa 59020000 		.4byte	.LASF15
 302 00ae 03       		.byte	0x3
 303 00af 2D       		.byte	0x2d
 304 00b0 68000000 		.4byte	0x68
 305 00b4 04       		.uleb128 0x4
 306 00b5 19000000 		.4byte	.LASF16
 307 00b9 03       		.byte	0x3
 308 00ba 39       		.byte	0x39
 309 00bb 81000000 		.4byte	0x81
 310 00bf 03       		.uleb128 0x3
 311 00c0 01       		.byte	0x1
 312 00c1 02       		.byte	0x2
 313 00c2 DA010000 		.4byte	.LASF17
 314 00c6 04       		.uleb128 0x4
 315 00c7 4B010000 		.4byte	.LASF18
 316 00cb 04       		.byte	0x4
 317 00cc 2C       		.byte	0x2c
 318 00cd 93000000 		.4byte	0x93
 319 00d1 04       		.uleb128 0x4
 320 00d2 98000000 		.4byte	.LASF19
 321 00d6 04       		.byte	0x4
 322 00d7 2D       		.byte	0x2d
 323 00d8 93000000 		.4byte	0x93
 324 00dc 04       		.uleb128 0x4
 325 00dd C3010000 		.4byte	.LASF20
 326 00e1 04       		.byte	0x4
 327 00e2 2E       		.byte	0x2e
 328 00e3 93000000 		.4byte	0x93
 329 00e7 04       		.uleb128 0x4
 330 00e8 85000000 		.4byte	.LASF21
 331 00ec 04       		.byte	0x4
 332 00ed 2F       		.byte	0x2f
 333 00ee 93000000 		.4byte	0x93
 334 00f2 04       		.uleb128 0x4
 335 00f3 D2010000 		.4byte	.LASF22
 336 00f7 04       		.byte	0x4
 337 00f8 30       		.byte	0x30
 338 00f9 A9000000 		.4byte	0xa9
 339 00fd 04       		.uleb128 0x4
 340 00fe 3D010000 		.4byte	.LASF23
 341 0102 04       		.byte	0x4
ARM GAS  /tmp/ccvCtmH5.s 			page 7


 342 0103 31       		.byte	0x31
 343 0104 9E000000 		.4byte	0x9e
 344 0108 04       		.uleb128 0x4
 345 0109 5F010000 		.4byte	.LASF24
 346 010d 04       		.byte	0x4
 347 010e 33       		.byte	0x33
 348 010f A9000000 		.4byte	0xa9
 349 0113 04       		.uleb128 0x4
 350 0114 BB020000 		.4byte	.LASF25
 351 0118 04       		.byte	0x4
 352 0119 34       		.byte	0x34
 353 011a A9000000 		.4byte	0xa9
 354 011e 04       		.uleb128 0x4
 355 011f 74020000 		.4byte	.LASF26
 356 0123 04       		.byte	0x4
 357 0124 35       		.byte	0x35
 358 0125 A9000000 		.4byte	0xa9
 359 0129 04       		.uleb128 0x4
 360 012a 47020000 		.4byte	.LASF27
 361 012e 05       		.byte	0x5
 362 012f 2A       		.byte	0x2a
 363 0130 34010000 		.4byte	0x134
 364 0134 05       		.uleb128 0x5
 365 0135 47020000 		.4byte	.LASF27
 366 0139 4C       		.byte	0x4c
 367 013a 06       		.byte	0x6
 368 013b 5E       		.byte	0x5e
 369 013c 3D020000 		.4byte	0x23d
 370 0140 06       		.uleb128 0x6
 371 0141 38020000 		.4byte	.LASF28
 372 0145 06       		.byte	0x6
 373 0146 5F       		.byte	0x5f
 374 0147 5E020000 		.4byte	0x25e
 375 014b 00       		.byte	0
 376 014c 06       		.uleb128 0x6
 377 014d CB010000 		.4byte	.LASF29
 378 0151 06       		.byte	0x6
 379 0152 61       		.byte	0x61
 380 0153 5E020000 		.4byte	0x25e
 381 0157 04       		.byte	0x4
 382 0158 06       		.uleb128 0x6
 383 0159 4C000000 		.4byte	.LASF30
 384 015d 06       		.byte	0x6
 385 015e 63       		.byte	0x63
 386 015f F2000000 		.4byte	0xf2
 387 0163 08       		.byte	0x8
 388 0164 06       		.uleb128 0x6
 389 0165 21040000 		.4byte	.LASF31
 390 0169 06       		.byte	0x6
 391 016a 64       		.byte	0x64
 392 016b F3030000 		.4byte	0x3f3
 393 016f 0C       		.byte	0xc
 394 0170 06       		.uleb128 0x6
 395 0171 A1000000 		.4byte	.LASF32
 396 0175 06       		.byte	0x6
 397 0176 66       		.byte	0x66
 398 0177 5E020000 		.4byte	0x25e
ARM GAS  /tmp/ccvCtmH5.s 			page 8


 399 017b 10       		.byte	0x10
 400 017c 06       		.uleb128 0x6
 401 017d 9B010000 		.4byte	.LASF33
 402 0181 06       		.byte	0x6
 403 0182 67       		.byte	0x67
 404 0183 5E020000 		.4byte	0x25e
 405 0187 14       		.byte	0x14
 406 0188 06       		.uleb128 0x6
 407 0189 EB020000 		.4byte	.LASF34
 408 018d 06       		.byte	0x6
 409 018e 6E       		.byte	0x6e
 410 018f 7F050000 		.4byte	0x57f
 411 0193 18       		.byte	0x18
 412 0194 06       		.uleb128 0x6
 413 0195 DA000000 		.4byte	.LASF35
 414 0199 06       		.byte	0x6
 415 019a 74       		.byte	0x74
 416 019b 91050000 		.4byte	0x591
 417 019f 1C       		.byte	0x1c
 418 01a0 06       		.uleb128 0x6
 419 01a1 1F020000 		.4byte	.LASF36
 420 01a5 06       		.byte	0x6
 421 01a6 79       		.byte	0x79
 422 01a7 D1000000 		.4byte	0xd1
 423 01ab 20       		.byte	0x20
 424 01ac 06       		.uleb128 0x6
 425 01ad 3F020000 		.4byte	.LASF37
 426 01b1 06       		.byte	0x6
 427 01b2 7D       		.byte	0x7d
 428 01b3 C6000000 		.4byte	0xc6
 429 01b7 21       		.byte	0x21
 430 01b8 06       		.uleb128 0x6
 431 01b9 C7020000 		.4byte	.LASF38
 432 01bd 06       		.byte	0x6
 433 01be 82       		.byte	0x82
 434 01bf DC000000 		.4byte	0xdc
 435 01c3 22       		.byte	0x22
 436 01c4 06       		.uleb128 0x6
 437 01c5 27020000 		.4byte	.LASF39
 438 01c9 06       		.byte	0x6
 439 01ca 88       		.byte	0x88
 440 01cb E7000000 		.4byte	0xe7
 441 01cf 23       		.byte	0x23
 442 01d0 06       		.uleb128 0x6
 443 01d1 9B020000 		.4byte	.LASF40
 444 01d5 06       		.byte	0x6
 445 01d6 8F       		.byte	0x8f
 446 01d7 91040000 		.4byte	0x491
 447 01db 24       		.byte	0x24
 448 01dc 07       		.uleb128 0x7
 449 01dd 705F7500 		.ascii	"p_u\000"
 450 01e1 06       		.byte	0x6
 451 01e2 B4       		.byte	0xb4
 452 01e3 4A050000 		.4byte	0x54a
 453 01e7 28       		.byte	0x28
 454 01e8 06       		.uleb128 0x6
 455 01e9 27040000 		.4byte	.LASF41
ARM GAS  /tmp/ccvCtmH5.s 			page 9


 456 01ed 06       		.byte	0x6
 457 01ee B9       		.byte	0xb9
 458 01ef 84020000 		.4byte	0x284
 459 01f3 2C       		.byte	0x2c
 460 01f4 06       		.uleb128 0x6
 461 01f5 A9020000 		.4byte	.LASF42
 462 01f9 06       		.byte	0x6
 463 01fa BF       		.byte	0xbf
 464 01fb 64020000 		.4byte	0x264
 465 01ff 30       		.byte	0x30
 466 0200 06       		.uleb128 0x6
 467 0201 0C000000 		.4byte	.LASF43
 468 0205 06       		.byte	0x6
 469 0206 C3       		.byte	0xc3
 470 0207 FD000000 		.4byte	0xfd
 471 020b 38       		.byte	0x38
 472 020c 06       		.uleb128 0x6
 473 020d 4E020000 		.4byte	.LASF44
 474 0211 06       		.byte	0x6
 475 0212 C9       		.byte	0xc9
 476 0213 08010000 		.4byte	0x108
 477 0217 3C       		.byte	0x3c
 478 0218 06       		.uleb128 0x6
 479 0219 0B020000 		.4byte	.LASF45
 480 021d 06       		.byte	0x6
 481 021e D0       		.byte	0xd0
 482 021f 97050000 		.4byte	0x597
 483 0223 40       		.byte	0x40
 484 0224 06       		.uleb128 0x6
 485 0225 7E020000 		.4byte	.LASF46
 486 0229 06       		.byte	0x6
 487 022a D4       		.byte	0xd4
 488 022b F2000000 		.4byte	0xf2
 489 022f 44       		.byte	0x44
 490 0230 06       		.uleb128 0x6
 491 0231 75000000 		.4byte	.LASF47
 492 0235 06       		.byte	0x6
 493 0236 DA       		.byte	0xda
 494 0237 9A020000 		.4byte	0x29a
 495 023b 48       		.byte	0x48
 496 023c 00       		.byte	0
 497 023d 08       		.uleb128 0x8
 498 023e 08       		.byte	0x8
 499 023f 05       		.byte	0x5
 500 0240 61       		.byte	0x61
 501 0241 5E020000 		.4byte	0x25e
 502 0245 06       		.uleb128 0x6
 503 0246 38020000 		.4byte	.LASF28
 504 024a 05       		.byte	0x5
 505 024b 62       		.byte	0x62
 506 024c 5E020000 		.4byte	0x25e
 507 0250 00       		.byte	0
 508 0251 06       		.uleb128 0x6
 509 0252 CB010000 		.4byte	.LASF29
 510 0256 05       		.byte	0x5
 511 0257 64       		.byte	0x64
 512 0258 5E020000 		.4byte	0x25e
ARM GAS  /tmp/ccvCtmH5.s 			page 10


 513 025c 04       		.byte	0x4
 514 025d 00       		.byte	0
 515 025e 09       		.uleb128 0x9
 516 025f 04       		.byte	0x4
 517 0260 29010000 		.4byte	0x129
 518 0264 04       		.uleb128 0x4
 519 0265 A3010000 		.4byte	.LASF48
 520 0269 05       		.byte	0x5
 521 026a 66       		.byte	0x66
 522 026b 3D020000 		.4byte	0x23d
 523 026f 08       		.uleb128 0x8
 524 0270 04       		.byte	0x4
 525 0271 05       		.byte	0x5
 526 0272 6B       		.byte	0x6b
 527 0273 84020000 		.4byte	0x284
 528 0277 06       		.uleb128 0x6
 529 0278 38020000 		.4byte	.LASF28
 530 027c 05       		.byte	0x5
 531 027d 6D       		.byte	0x6d
 532 027e 5E020000 		.4byte	0x25e
 533 0282 00       		.byte	0
 534 0283 00       		.byte	0
 535 0284 04       		.uleb128 0x4
 536 0285 53010000 		.4byte	.LASF49
 537 0289 05       		.byte	0x5
 538 028a 70       		.byte	0x70
 539 028b 6F020000 		.4byte	0x26f
 540 028f 04       		.uleb128 0x4
 541 0290 BD000000 		.4byte	.LASF50
 542 0294 07       		.byte	0x7
 543 0295 E5       		.byte	0xe5
 544 0296 9A020000 		.4byte	0x29a
 545 029a 0A       		.uleb128 0xa
 546 029b 04       		.byte	0x4
 547 029c 04       		.uleb128 0x4
 548 029d 71010000 		.4byte	.LASF51
 549 02a1 07       		.byte	0x7
 550 02a2 EB       		.byte	0xeb
 551 02a3 B4000000 		.4byte	0xb4
 552 02a7 0B       		.uleb128 0xb
 553 02a8 A2020000 		.4byte	.LASF52
 554 02ac 64       		.byte	0x64
 555 02ad 07       		.byte	0x7
 556 02ae 0C01     		.2byte	0x10c
 557 02b0 F3030000 		.4byte	0x3f3
 558 02b4 0C       		.uleb128 0xc
 559 02b5 73313600 		.ascii	"s16\000"
 560 02b9 07       		.byte	0x7
 561 02ba 0E01     		.2byte	0x10e
 562 02bc 8F020000 		.4byte	0x28f
 563 02c0 00       		.byte	0
 564 02c1 0C       		.uleb128 0xc
 565 02c2 73313700 		.ascii	"s17\000"
 566 02c6 07       		.byte	0x7
 567 02c7 0F01     		.2byte	0x10f
 568 02c9 8F020000 		.4byte	0x28f
 569 02cd 04       		.byte	0x4
ARM GAS  /tmp/ccvCtmH5.s 			page 11


 570 02ce 0C       		.uleb128 0xc
 571 02cf 73313800 		.ascii	"s18\000"
 572 02d3 07       		.byte	0x7
 573 02d4 1001     		.2byte	0x110
 574 02d6 8F020000 		.4byte	0x28f
 575 02da 08       		.byte	0x8
 576 02db 0C       		.uleb128 0xc
 577 02dc 73313900 		.ascii	"s19\000"
 578 02e0 07       		.byte	0x7
 579 02e1 1101     		.2byte	0x111
 580 02e3 8F020000 		.4byte	0x28f
 581 02e7 0C       		.byte	0xc
 582 02e8 0C       		.uleb128 0xc
 583 02e9 73323000 		.ascii	"s20\000"
 584 02ed 07       		.byte	0x7
 585 02ee 1201     		.2byte	0x112
 586 02f0 8F020000 		.4byte	0x28f
 587 02f4 10       		.byte	0x10
 588 02f5 0C       		.uleb128 0xc
 589 02f6 73323100 		.ascii	"s21\000"
 590 02fa 07       		.byte	0x7
 591 02fb 1301     		.2byte	0x113
 592 02fd 8F020000 		.4byte	0x28f
 593 0301 14       		.byte	0x14
 594 0302 0C       		.uleb128 0xc
 595 0303 73323200 		.ascii	"s22\000"
 596 0307 07       		.byte	0x7
 597 0308 1401     		.2byte	0x114
 598 030a 8F020000 		.4byte	0x28f
 599 030e 18       		.byte	0x18
 600 030f 0C       		.uleb128 0xc
 601 0310 73323300 		.ascii	"s23\000"
 602 0314 07       		.byte	0x7
 603 0315 1501     		.2byte	0x115
 604 0317 8F020000 		.4byte	0x28f
 605 031b 1C       		.byte	0x1c
 606 031c 0C       		.uleb128 0xc
 607 031d 73323400 		.ascii	"s24\000"
 608 0321 07       		.byte	0x7
 609 0322 1601     		.2byte	0x116
 610 0324 8F020000 		.4byte	0x28f
 611 0328 20       		.byte	0x20
 612 0329 0C       		.uleb128 0xc
 613 032a 73323500 		.ascii	"s25\000"
 614 032e 07       		.byte	0x7
 615 032f 1701     		.2byte	0x117
 616 0331 8F020000 		.4byte	0x28f
 617 0335 24       		.byte	0x24
 618 0336 0C       		.uleb128 0xc
 619 0337 73323600 		.ascii	"s26\000"
 620 033b 07       		.byte	0x7
 621 033c 1801     		.2byte	0x118
 622 033e 8F020000 		.4byte	0x28f
 623 0342 28       		.byte	0x28
 624 0343 0C       		.uleb128 0xc
 625 0344 73323700 		.ascii	"s27\000"
 626 0348 07       		.byte	0x7
ARM GAS  /tmp/ccvCtmH5.s 			page 12


 627 0349 1901     		.2byte	0x119
 628 034b 8F020000 		.4byte	0x28f
 629 034f 2C       		.byte	0x2c
 630 0350 0C       		.uleb128 0xc
 631 0351 73323800 		.ascii	"s28\000"
 632 0355 07       		.byte	0x7
 633 0356 1A01     		.2byte	0x11a
 634 0358 8F020000 		.4byte	0x28f
 635 035c 30       		.byte	0x30
 636 035d 0C       		.uleb128 0xc
 637 035e 73323900 		.ascii	"s29\000"
 638 0362 07       		.byte	0x7
 639 0363 1B01     		.2byte	0x11b
 640 0365 8F020000 		.4byte	0x28f
 641 0369 34       		.byte	0x34
 642 036a 0C       		.uleb128 0xc
 643 036b 73333000 		.ascii	"s30\000"
 644 036f 07       		.byte	0x7
 645 0370 1C01     		.2byte	0x11c
 646 0372 8F020000 		.4byte	0x28f
 647 0376 38       		.byte	0x38
 648 0377 0C       		.uleb128 0xc
 649 0378 73333100 		.ascii	"s31\000"
 650 037c 07       		.byte	0x7
 651 037d 1D01     		.2byte	0x11d
 652 037f 8F020000 		.4byte	0x28f
 653 0383 3C       		.byte	0x3c
 654 0384 0C       		.uleb128 0xc
 655 0385 723400   		.ascii	"r4\000"
 656 0388 07       		.byte	0x7
 657 0389 1F01     		.2byte	0x11f
 658 038b 8F020000 		.4byte	0x28f
 659 038f 40       		.byte	0x40
 660 0390 0C       		.uleb128 0xc
 661 0391 723500   		.ascii	"r5\000"
 662 0394 07       		.byte	0x7
 663 0395 2001     		.2byte	0x120
 664 0397 8F020000 		.4byte	0x28f
 665 039b 44       		.byte	0x44
 666 039c 0C       		.uleb128 0xc
 667 039d 723600   		.ascii	"r6\000"
 668 03a0 07       		.byte	0x7
 669 03a1 2101     		.2byte	0x121
 670 03a3 8F020000 		.4byte	0x28f
 671 03a7 48       		.byte	0x48
 672 03a8 0C       		.uleb128 0xc
 673 03a9 723700   		.ascii	"r7\000"
 674 03ac 07       		.byte	0x7
 675 03ad 2201     		.2byte	0x122
 676 03af 8F020000 		.4byte	0x28f
 677 03b3 4C       		.byte	0x4c
 678 03b4 0C       		.uleb128 0xc
 679 03b5 723800   		.ascii	"r8\000"
 680 03b8 07       		.byte	0x7
 681 03b9 2301     		.2byte	0x123
 682 03bb 8F020000 		.4byte	0x28f
 683 03bf 50       		.byte	0x50
ARM GAS  /tmp/ccvCtmH5.s 			page 13


 684 03c0 0C       		.uleb128 0xc
 685 03c1 723900   		.ascii	"r9\000"
 686 03c4 07       		.byte	0x7
 687 03c5 2401     		.2byte	0x124
 688 03c7 8F020000 		.4byte	0x28f
 689 03cb 54       		.byte	0x54
 690 03cc 0C       		.uleb128 0xc
 691 03cd 72313000 		.ascii	"r10\000"
 692 03d1 07       		.byte	0x7
 693 03d2 2501     		.2byte	0x125
 694 03d4 8F020000 		.4byte	0x28f
 695 03d8 58       		.byte	0x58
 696 03d9 0C       		.uleb128 0xc
 697 03da 72313100 		.ascii	"r11\000"
 698 03de 07       		.byte	0x7
 699 03df 2601     		.2byte	0x126
 700 03e1 8F020000 		.4byte	0x28f
 701 03e5 5C       		.byte	0x5c
 702 03e6 0C       		.uleb128 0xc
 703 03e7 6C7200   		.ascii	"lr\000"
 704 03ea 07       		.byte	0x7
 705 03eb 2701     		.2byte	0x127
 706 03ed 8F020000 		.4byte	0x28f
 707 03f1 60       		.byte	0x60
 708 03f2 00       		.byte	0
 709 03f3 0B       		.uleb128 0xb
 710 03f4 22010000 		.4byte	.LASF53
 711 03f8 04       		.byte	0x4
 712 03f9 07       		.byte	0x7
 713 03fa 3101     		.2byte	0x131
 714 03fc 0E040000 		.4byte	0x40e
 715 0400 0C       		.uleb128 0xc
 716 0401 72313300 		.ascii	"r13\000"
 717 0405 07       		.byte	0x7
 718 0406 3201     		.2byte	0x132
 719 0408 0E040000 		.4byte	0x40e
 720 040c 00       		.byte	0
 721 040d 00       		.byte	0
 722 040e 09       		.uleb128 0x9
 723 040f 04       		.byte	0x4
 724 0410 A7020000 		.4byte	0x2a7
 725 0414 03       		.uleb128 0x3
 726 0415 04       		.byte	0x4
 727 0416 07       		.byte	0x7
 728 0417 8A010000 		.4byte	.LASF54
 729 041b 04       		.uleb128 0x4
 730 041c 0C010000 		.4byte	.LASF55
 731 0420 08       		.byte	0x8
 732 0421 58       		.byte	0x58
 733 0422 26040000 		.4byte	0x426
 734 0426 09       		.uleb128 0x9
 735 0427 04       		.byte	0x4
 736 0428 2C040000 		.4byte	0x42c
 737 042c 0D       		.uleb128 0xd
 738 042d 37040000 		.4byte	0x437
 739 0431 0E       		.uleb128 0xe
 740 0432 9A020000 		.4byte	0x29a
ARM GAS  /tmp/ccvCtmH5.s 			page 14


 741 0436 00       		.byte	0
 742 0437 04       		.uleb128 0x4
 743 0438 15010000 		.4byte	.LASF56
 744 043c 08       		.byte	0x8
 745 043d 5D       		.byte	0x5d
 746 043e 42040000 		.4byte	0x442
 747 0442 05       		.uleb128 0x5
 748 0443 15010000 		.4byte	.LASF56
 749 0447 14       		.byte	0x14
 750 0448 08       		.byte	0x8
 751 0449 64       		.byte	0x64
 752 044a 8B040000 		.4byte	0x48b
 753 044e 06       		.uleb128 0x6
 754 044f F2000000 		.4byte	.LASF57
 755 0453 08       		.byte	0x8
 756 0454 65       		.byte	0x65
 757 0455 8B040000 		.4byte	0x48b
 758 0459 00       		.byte	0
 759 045a 06       		.uleb128 0x6
 760 045b C6000000 		.4byte	.LASF58
 761 045f 08       		.byte	0x8
 762 0460 67       		.byte	0x67
 763 0461 8B040000 		.4byte	0x48b
 764 0465 04       		.byte	0x4
 765 0466 06       		.uleb128 0x6
 766 0467 7C010000 		.4byte	.LASF59
 767 046b 08       		.byte	0x8
 768 046c 69       		.byte	0x69
 769 046d 1E010000 		.4byte	0x11e
 770 0471 08       		.byte	0x8
 771 0472 06       		.uleb128 0x6
 772 0473 93010000 		.4byte	.LASF60
 773 0477 08       		.byte	0x8
 774 0478 6A       		.byte	0x6a
 775 0479 1B040000 		.4byte	0x41b
 776 047d 0C       		.byte	0xc
 777 047e 06       		.uleb128 0x6
 778 047f B4020000 		.4byte	.LASF61
 779 0483 08       		.byte	0x8
 780 0484 6C       		.byte	0x6c
 781 0485 9A020000 		.4byte	0x29a
 782 0489 10       		.byte	0x10
 783 048a 00       		.byte	0
 784 048b 09       		.uleb128 0x9
 785 048c 04       		.byte	0x4
 786 048d 37040000 		.4byte	0x437
 787 0491 0F       		.uleb128 0xf
 788 0492 1E010000 		.4byte	0x11e
 789 0496 05       		.uleb128 0x5
 790 0497 6B010000 		.4byte	.LASF62
 791 049b 10       		.byte	0x10
 792 049c 09       		.byte	0x9
 793 049d 2C       		.byte	0x2c
 794 049e C7040000 		.4byte	0x4c7
 795 04a2 06       		.uleb128 0x6
 796 04a3 7D000000 		.4byte	.LASF63
 797 04a7 09       		.byte	0x9
ARM GAS  /tmp/ccvCtmH5.s 			page 15


 798 04a8 2D       		.byte	0x2d
 799 04a9 64020000 		.4byte	0x264
 800 04ad 00       		.byte	0
 801 04ae 06       		.uleb128 0x6
 802 04af 00030000 		.4byte	.LASF64
 803 04b3 09       		.byte	0x9
 804 04b4 2F       		.byte	0x2f
 805 04b5 5E020000 		.4byte	0x25e
 806 04b9 08       		.byte	0x8
 807 04ba 06       		.uleb128 0x6
 808 04bb 6D020000 		.4byte	.LASF65
 809 04bf 09       		.byte	0x9
 810 04c0 31       		.byte	0x31
 811 04c1 C7040000 		.4byte	0x4c7
 812 04c5 0C       		.byte	0xc
 813 04c6 00       		.byte	0
 814 04c7 09       		.uleb128 0x9
 815 04c8 04       		.byte	0x4
 816 04c9 96040000 		.4byte	0x496
 817 04cd 04       		.uleb128 0x4
 818 04ce 6B010000 		.4byte	.LASF62
 819 04d2 09       		.byte	0x9
 820 04d3 33       		.byte	0x33
 821 04d4 96040000 		.4byte	0x496
 822 04d8 04       		.uleb128 0x4
 823 04d9 D6020000 		.4byte	.LASF66
 824 04dd 0A       		.byte	0xa
 825 04de 2C       		.byte	0x2c
 826 04df E3040000 		.4byte	0x4e3
 827 04e3 05       		.uleb128 0x5
 828 04e4 D6020000 		.4byte	.LASF66
 829 04e8 10       		.byte	0x10
 830 04e9 0A       		.byte	0xa
 831 04ea 31       		.byte	0x31
 832 04eb 20050000 		.4byte	0x520
 833 04ef 06       		.uleb128 0x6
 834 04f0 43010000 		.4byte	.LASF67
 835 04f4 0A       		.byte	0xa
 836 04f5 32       		.byte	0x32
 837 04f6 20050000 		.4byte	0x520
 838 04fa 00       		.byte	0
 839 04fb 06       		.uleb128 0x6
 840 04fc F6010000 		.4byte	.LASF68
 841 0500 0A       		.byte	0xa
 842 0501 35       		.byte	0x35
 843 0502 5E020000 		.4byte	0x25e
 844 0506 04       		.byte	0x4
 845 0507 06       		.uleb128 0x6
 846 0508 B0010000 		.4byte	.LASF69
 847 050c 0A       		.byte	0xa
 848 050d 37       		.byte	0x37
 849 050e 08010000 		.4byte	0x108
 850 0512 08       		.byte	0x8
 851 0513 06       		.uleb128 0x6
 852 0514 02020000 		.4byte	.LASF70
 853 0518 0A       		.byte	0xa
 854 0519 3A       		.byte	0x3a
ARM GAS  /tmp/ccvCtmH5.s 			page 16


 855 051a 13010000 		.4byte	0x113
 856 051e 0C       		.byte	0xc
 857 051f 00       		.byte	0
 858 0520 09       		.uleb128 0x9
 859 0521 04       		.byte	0x4
 860 0522 D8040000 		.4byte	0x4d8
 861 0526 05       		.uleb128 0x5
 862 0527 CE000000 		.4byte	.LASF71
 863 052b 04       		.byte	0x4
 864 052c 0A       		.byte	0xa
 865 052d 41       		.byte	0x41
 866 052e 3F050000 		.4byte	0x53f
 867 0532 06       		.uleb128 0x6
 868 0533 F2020000 		.4byte	.LASF72
 869 0537 0A       		.byte	0xa
 870 0538 42       		.byte	0x42
 871 0539 20050000 		.4byte	0x520
 872 053d 00       		.byte	0
 873 053e 00       		.byte	0
 874 053f 04       		.uleb128 0x4
 875 0540 CE000000 		.4byte	.LASF71
 876 0544 0A       		.byte	0xa
 877 0545 45       		.byte	0x45
 878 0546 26050000 		.4byte	0x526
 879 054a 10       		.uleb128 0x10
 880 054b 04       		.byte	0x4
 881 054c 06       		.byte	0x6
 882 054d 96       		.byte	0x96
 883 054e 7F050000 		.4byte	0x57f
 884 0552 11       		.uleb128 0x11
 885 0553 12000000 		.4byte	.LASF73
 886 0557 06       		.byte	0x6
 887 0558 9D       		.byte	0x9d
 888 0559 FD000000 		.4byte	0xfd
 889 055d 11       		.uleb128 0x11
 890 055e A9000000 		.4byte	.LASF74
 891 0562 06       		.byte	0x6
 892 0563 A4       		.byte	0xa4
 893 0564 FD000000 		.4byte	0xfd
 894 0568 11       		.uleb128 0x11
 895 0569 E4020000 		.4byte	.LASF75
 896 056d 06       		.byte	0x6
 897 056e AB       		.byte	0xab
 898 056f 9A020000 		.4byte	0x29a
 899 0573 11       		.uleb128 0x11
 900 0574 31020000 		.4byte	.LASF76
 901 0578 06       		.byte	0x6
 902 0579 B2       		.byte	0xb2
 903 057a 08010000 		.4byte	0x108
 904 057e 00       		.byte	0
 905 057f 09       		.uleb128 0x9
 906 0580 04       		.byte	0x4
 907 0581 85050000 		.4byte	0x585
 908 0585 12       		.uleb128 0x12
 909 0586 8A050000 		.4byte	0x58a
 910 058a 03       		.uleb128 0x3
 911 058b 01       		.byte	0x1
ARM GAS  /tmp/ccvCtmH5.s 			page 17


 912 058c 08       		.byte	0x8
 913 058d 62020000 		.4byte	.LASF77
 914 0591 09       		.uleb128 0x9
 915 0592 04       		.byte	0x4
 916 0593 9C020000 		.4byte	0x29c
 917 0597 09       		.uleb128 0x9
 918 0598 04       		.byte	0x4
 919 0599 CD040000 		.4byte	0x4cd
 920 059d 08       		.uleb128 0x8
 921 059e 1C       		.byte	0x1c
 922 059f 0B       		.byte	0xb
 923 05a0 27       		.byte	0x27
 924 05a1 CA050000 		.4byte	0x5ca
 925 05a5 06       		.uleb128 0x6
 926 05a6 FA020000 		.4byte	.LASF78
 927 05aa 0B       		.byte	0xb
 928 05ab 28       		.byte	0x28
 929 05ac 37040000 		.4byte	0x437
 930 05b0 00       		.byte	0
 931 05b1 06       		.uleb128 0x6
 932 05b2 84010000 		.4byte	.LASF79
 933 05b6 0B       		.byte	0xb
 934 05b7 29       		.byte	0x29
 935 05b8 3F050000 		.4byte	0x53f
 936 05bc 14       		.byte	0x14
 937 05bd 06       		.uleb128 0x6
 938 05be 00000000 		.4byte	.LASF80
 939 05c2 0B       		.byte	0xb
 940 05c3 2A       		.byte	0x2a
 941 05c4 1E010000 		.4byte	0x11e
 942 05c8 18       		.byte	0x18
 943 05c9 00       		.byte	0
 944 05ca 04       		.uleb128 0x4
 945 05cb 6D000000 		.4byte	.LASF81
 946 05cf 0B       		.byte	0xb
 947 05d0 2B       		.byte	0x2b
 948 05d1 9D050000 		.4byte	0x59d
 949 05d5 13       		.uleb128 0x13
 950 05d6 67020000 		.4byte	.LASF84
 951 05da 01       		.byte	0x1
 952 05db 1C       		.byte	0x1c
 953 05dc 00000000 		.4byte	.LFB7
 954 05e0 48000000 		.4byte	.LFE7-.LFB7
 955 05e4 01       		.uleb128 0x1
 956 05e5 9C       		.byte	0x9c
 957 05e6 37060000 		.4byte	0x637
 958 05ea 14       		.uleb128 0x14
 959 05eb 7000     		.ascii	"p\000"
 960 05ed 01       		.byte	0x1
 961 05ee 1C       		.byte	0x1c
 962 05ef 9A020000 		.4byte	0x29a
 963 05f3 02       		.uleb128 0x2
 964 05f4 91       		.byte	0x91
 965 05f5 6C       		.sleb128 -20
 966 05f6 15       		.uleb128 0x15
 967 05f7 65747000 		.ascii	"etp\000"
 968 05fb 01       		.byte	0x1
ARM GAS  /tmp/ccvCtmH5.s 			page 18


 969 05fc 1D       		.byte	0x1d
 970 05fd 37060000 		.4byte	0x637
 971 0601 02       		.uleb128 0x2
 972 0602 91       		.byte	0x91
 973 0603 74       		.sleb128 -12
 974 0604 16       		.uleb128 0x16
 975 0605 0A000000 		.4byte	.LBB2
 976 0609 06000000 		.4byte	.LBE2-.LBB2
 977 060d 1F060000 		.4byte	0x61f
 978 0611 15       		.uleb128 0x15
 979 0612 746D7000 		.ascii	"tmp\000"
 980 0616 01       		.byte	0x1
 981 0617 1F       		.byte	0x1f
 982 0618 A9000000 		.4byte	0xa9
 983 061c 01       		.uleb128 0x1
 984 061d 53       		.byte	0x53
 985 061e 00       		.byte	0
 986 061f 17       		.uleb128 0x17
 987 0620 36000000 		.4byte	.LBB3
 988 0624 06000000 		.4byte	.LBE3-.LBB3
 989 0628 15       		.uleb128 0x15
 990 0629 746D7000 		.ascii	"tmp\000"
 991 062d 01       		.byte	0x1
 992 062e 22       		.byte	0x22
 993 062f A9000000 		.4byte	0xa9
 994 0633 01       		.uleb128 0x1
 995 0634 53       		.byte	0x53
 996 0635 00       		.byte	0
 997 0636 00       		.byte	0
 998 0637 09       		.uleb128 0x9
 999 0638 04       		.byte	0x4
 1000 0639 CA050000 		.4byte	0x5ca
 1001 063d 18       		.uleb128 0x18
 1002 063e 43000000 		.4byte	.LASF85
 1003 0642 01       		.byte	0x1
 1004 0643 2B       		.byte	0x2b
 1005 0644 00000000 		.4byte	.LFB8
 1006 0648 40000000 		.4byte	.LFE8-.LFB8
 1007 064c 01       		.uleb128 0x1
 1008 064d 9C       		.byte	0x9c
 1009 064e 93060000 		.4byte	0x693
 1010 0652 14       		.uleb128 0x14
 1011 0653 65747000 		.ascii	"etp\000"
 1012 0657 01       		.byte	0x1
 1013 0658 2B       		.byte	0x2b
 1014 0659 37060000 		.4byte	0x637
 1015 065d 02       		.uleb128 0x2
 1016 065e 91       		.byte	0x91
 1017 065f 74       		.sleb128 -12
 1018 0660 16       		.uleb128 0x16
 1019 0661 06000000 		.4byte	.LBB4
 1020 0665 06000000 		.4byte	.LBE4-.LBB4
 1021 0669 7B060000 		.4byte	0x67b
 1022 066d 15       		.uleb128 0x15
 1023 066e 746D7000 		.ascii	"tmp\000"
 1024 0672 01       		.byte	0x1
 1025 0673 2D       		.byte	0x2d
ARM GAS  /tmp/ccvCtmH5.s 			page 19


 1026 0674 A9000000 		.4byte	0xa9
 1027 0678 01       		.uleb128 0x1
 1028 0679 53       		.byte	0x53
 1029 067a 00       		.byte	0
 1030 067b 17       		.uleb128 0x17
 1031 067c 2E000000 		.4byte	.LBB5
 1032 0680 06000000 		.4byte	.LBE5-.LBB5
 1033 0684 15       		.uleb128 0x15
 1034 0685 746D7000 		.ascii	"tmp\000"
 1035 0689 01       		.byte	0x1
 1036 068a 32       		.byte	0x32
 1037 068b A9000000 		.4byte	0xa9
 1038 068f 01       		.uleb128 0x1
 1039 0690 53       		.byte	0x53
 1040 0691 00       		.byte	0
 1041 0692 00       		.byte	0
 1042 0693 19       		.uleb128 0x19
 1043 0694 93020000 		.4byte	.LASF86
 1044 0698 01       		.byte	0x1
 1045 0699 3B       		.byte	0x3b
 1046 069a 00000000 		.4byte	.LFB9
 1047 069e 30000000 		.4byte	.LFE9-.LFB9
 1048 06a2 01       		.uleb128 0x1
 1049 06a3 9C       		.byte	0x9c
 1050 06a4 14       		.uleb128 0x14
 1051 06a5 65747000 		.ascii	"etp\000"
 1052 06a9 01       		.byte	0x1
 1053 06aa 3B       		.byte	0x3b
 1054 06ab 37060000 		.4byte	0x637
 1055 06af 02       		.uleb128 0x2
 1056 06b0 91       		.byte	0x91
 1057 06b1 74       		.sleb128 -12
 1058 06b2 16       		.uleb128 0x16
 1059 06b3 06000000 		.4byte	.LBB6
 1060 06b7 06000000 		.4byte	.LBE6-.LBB6
 1061 06bb CD060000 		.4byte	0x6cd
 1062 06bf 15       		.uleb128 0x15
 1063 06c0 746D7000 		.ascii	"tmp\000"
 1064 06c4 01       		.byte	0x1
 1065 06c5 3D       		.byte	0x3d
 1066 06c6 A9000000 		.4byte	0xa9
 1067 06ca 01       		.uleb128 0x1
 1068 06cb 53       		.byte	0x53
 1069 06cc 00       		.byte	0
 1070 06cd 17       		.uleb128 0x17
 1071 06ce 24000000 		.4byte	.LBB7
 1072 06d2 06000000 		.4byte	.LBE7-.LBB7
 1073 06d6 15       		.uleb128 0x15
 1074 06d7 746D7000 		.ascii	"tmp\000"
 1075 06db 01       		.byte	0x1
 1076 06dc 3D       		.byte	0x3d
 1077 06dd A9000000 		.4byte	0xa9
 1078 06e1 01       		.uleb128 0x1
 1079 06e2 53       		.byte	0x53
 1080 06e3 00       		.byte	0
 1081 06e4 00       		.byte	0
 1082 06e5 00       		.byte	0
ARM GAS  /tmp/ccvCtmH5.s 			page 20


 1083              		.section	.debug_abbrev,"",%progbits
 1084              	.Ldebug_abbrev0:
 1085 0000 01       		.uleb128 0x1
 1086 0001 11       		.uleb128 0x11
 1087 0002 01       		.byte	0x1
 1088 0003 25       		.uleb128 0x25
 1089 0004 0E       		.uleb128 0xe
 1090 0005 13       		.uleb128 0x13
 1091 0006 0B       		.uleb128 0xb
 1092 0007 03       		.uleb128 0x3
 1093 0008 0E       		.uleb128 0xe
 1094 0009 55       		.uleb128 0x55
 1095 000a 17       		.uleb128 0x17
 1096 000b 11       		.uleb128 0x11
 1097 000c 01       		.uleb128 0x1
 1098 000d 10       		.uleb128 0x10
 1099 000e 17       		.uleb128 0x17
 1100 000f 00       		.byte	0
 1101 0010 00       		.byte	0
 1102 0011 02       		.uleb128 0x2
 1103 0012 24       		.uleb128 0x24
 1104 0013 00       		.byte	0
 1105 0014 0B       		.uleb128 0xb
 1106 0015 0B       		.uleb128 0xb
 1107 0016 3E       		.uleb128 0x3e
 1108 0017 0B       		.uleb128 0xb
 1109 0018 03       		.uleb128 0x3
 1110 0019 08       		.uleb128 0x8
 1111 001a 00       		.byte	0
 1112 001b 00       		.byte	0
 1113 001c 03       		.uleb128 0x3
 1114 001d 24       		.uleb128 0x24
 1115 001e 00       		.byte	0
 1116 001f 0B       		.uleb128 0xb
 1117 0020 0B       		.uleb128 0xb
 1118 0021 3E       		.uleb128 0x3e
 1119 0022 0B       		.uleb128 0xb
 1120 0023 03       		.uleb128 0x3
 1121 0024 0E       		.uleb128 0xe
 1122 0025 00       		.byte	0
 1123 0026 00       		.byte	0
 1124 0027 04       		.uleb128 0x4
 1125 0028 16       		.uleb128 0x16
 1126 0029 00       		.byte	0
 1127 002a 03       		.uleb128 0x3
 1128 002b 0E       		.uleb128 0xe
 1129 002c 3A       		.uleb128 0x3a
 1130 002d 0B       		.uleb128 0xb
 1131 002e 3B       		.uleb128 0x3b
 1132 002f 0B       		.uleb128 0xb
 1133 0030 49       		.uleb128 0x49
 1134 0031 13       		.uleb128 0x13
 1135 0032 00       		.byte	0
 1136 0033 00       		.byte	0
 1137 0034 05       		.uleb128 0x5
 1138 0035 13       		.uleb128 0x13
 1139 0036 01       		.byte	0x1
ARM GAS  /tmp/ccvCtmH5.s 			page 21


 1140 0037 03       		.uleb128 0x3
 1141 0038 0E       		.uleb128 0xe
 1142 0039 0B       		.uleb128 0xb
 1143 003a 0B       		.uleb128 0xb
 1144 003b 3A       		.uleb128 0x3a
 1145 003c 0B       		.uleb128 0xb
 1146 003d 3B       		.uleb128 0x3b
 1147 003e 0B       		.uleb128 0xb
 1148 003f 01       		.uleb128 0x1
 1149 0040 13       		.uleb128 0x13
 1150 0041 00       		.byte	0
 1151 0042 00       		.byte	0
 1152 0043 06       		.uleb128 0x6
 1153 0044 0D       		.uleb128 0xd
 1154 0045 00       		.byte	0
 1155 0046 03       		.uleb128 0x3
 1156 0047 0E       		.uleb128 0xe
 1157 0048 3A       		.uleb128 0x3a
 1158 0049 0B       		.uleb128 0xb
 1159 004a 3B       		.uleb128 0x3b
 1160 004b 0B       		.uleb128 0xb
 1161 004c 49       		.uleb128 0x49
 1162 004d 13       		.uleb128 0x13
 1163 004e 38       		.uleb128 0x38
 1164 004f 0B       		.uleb128 0xb
 1165 0050 00       		.byte	0
 1166 0051 00       		.byte	0
 1167 0052 07       		.uleb128 0x7
 1168 0053 0D       		.uleb128 0xd
 1169 0054 00       		.byte	0
 1170 0055 03       		.uleb128 0x3
 1171 0056 08       		.uleb128 0x8
 1172 0057 3A       		.uleb128 0x3a
 1173 0058 0B       		.uleb128 0xb
 1174 0059 3B       		.uleb128 0x3b
 1175 005a 0B       		.uleb128 0xb
 1176 005b 49       		.uleb128 0x49
 1177 005c 13       		.uleb128 0x13
 1178 005d 38       		.uleb128 0x38
 1179 005e 0B       		.uleb128 0xb
 1180 005f 00       		.byte	0
 1181 0060 00       		.byte	0
 1182 0061 08       		.uleb128 0x8
 1183 0062 13       		.uleb128 0x13
 1184 0063 01       		.byte	0x1
 1185 0064 0B       		.uleb128 0xb
 1186 0065 0B       		.uleb128 0xb
 1187 0066 3A       		.uleb128 0x3a
 1188 0067 0B       		.uleb128 0xb
 1189 0068 3B       		.uleb128 0x3b
 1190 0069 0B       		.uleb128 0xb
 1191 006a 01       		.uleb128 0x1
 1192 006b 13       		.uleb128 0x13
 1193 006c 00       		.byte	0
 1194 006d 00       		.byte	0
 1195 006e 09       		.uleb128 0x9
 1196 006f 0F       		.uleb128 0xf
ARM GAS  /tmp/ccvCtmH5.s 			page 22


 1197 0070 00       		.byte	0
 1198 0071 0B       		.uleb128 0xb
 1199 0072 0B       		.uleb128 0xb
 1200 0073 49       		.uleb128 0x49
 1201 0074 13       		.uleb128 0x13
 1202 0075 00       		.byte	0
 1203 0076 00       		.byte	0
 1204 0077 0A       		.uleb128 0xa
 1205 0078 0F       		.uleb128 0xf
 1206 0079 00       		.byte	0
 1207 007a 0B       		.uleb128 0xb
 1208 007b 0B       		.uleb128 0xb
 1209 007c 00       		.byte	0
 1210 007d 00       		.byte	0
 1211 007e 0B       		.uleb128 0xb
 1212 007f 13       		.uleb128 0x13
 1213 0080 01       		.byte	0x1
 1214 0081 03       		.uleb128 0x3
 1215 0082 0E       		.uleb128 0xe
 1216 0083 0B       		.uleb128 0xb
 1217 0084 0B       		.uleb128 0xb
 1218 0085 3A       		.uleb128 0x3a
 1219 0086 0B       		.uleb128 0xb
 1220 0087 3B       		.uleb128 0x3b
 1221 0088 05       		.uleb128 0x5
 1222 0089 01       		.uleb128 0x1
 1223 008a 13       		.uleb128 0x13
 1224 008b 00       		.byte	0
 1225 008c 00       		.byte	0
 1226 008d 0C       		.uleb128 0xc
 1227 008e 0D       		.uleb128 0xd
 1228 008f 00       		.byte	0
 1229 0090 03       		.uleb128 0x3
 1230 0091 08       		.uleb128 0x8
 1231 0092 3A       		.uleb128 0x3a
 1232 0093 0B       		.uleb128 0xb
 1233 0094 3B       		.uleb128 0x3b
 1234 0095 05       		.uleb128 0x5
 1235 0096 49       		.uleb128 0x49
 1236 0097 13       		.uleb128 0x13
 1237 0098 38       		.uleb128 0x38
 1238 0099 0B       		.uleb128 0xb
 1239 009a 00       		.byte	0
 1240 009b 00       		.byte	0
 1241 009c 0D       		.uleb128 0xd
 1242 009d 15       		.uleb128 0x15
 1243 009e 01       		.byte	0x1
 1244 009f 27       		.uleb128 0x27
 1245 00a0 19       		.uleb128 0x19
 1246 00a1 01       		.uleb128 0x1
 1247 00a2 13       		.uleb128 0x13
 1248 00a3 00       		.byte	0
 1249 00a4 00       		.byte	0
 1250 00a5 0E       		.uleb128 0xe
 1251 00a6 05       		.uleb128 0x5
 1252 00a7 00       		.byte	0
 1253 00a8 49       		.uleb128 0x49
ARM GAS  /tmp/ccvCtmH5.s 			page 23


 1254 00a9 13       		.uleb128 0x13
 1255 00aa 00       		.byte	0
 1256 00ab 00       		.byte	0
 1257 00ac 0F       		.uleb128 0xf
 1258 00ad 35       		.uleb128 0x35
 1259 00ae 00       		.byte	0
 1260 00af 49       		.uleb128 0x49
 1261 00b0 13       		.uleb128 0x13
 1262 00b1 00       		.byte	0
 1263 00b2 00       		.byte	0
 1264 00b3 10       		.uleb128 0x10
 1265 00b4 17       		.uleb128 0x17
 1266 00b5 01       		.byte	0x1
 1267 00b6 0B       		.uleb128 0xb
 1268 00b7 0B       		.uleb128 0xb
 1269 00b8 3A       		.uleb128 0x3a
 1270 00b9 0B       		.uleb128 0xb
 1271 00ba 3B       		.uleb128 0x3b
 1272 00bb 0B       		.uleb128 0xb
 1273 00bc 01       		.uleb128 0x1
 1274 00bd 13       		.uleb128 0x13
 1275 00be 00       		.byte	0
 1276 00bf 00       		.byte	0
 1277 00c0 11       		.uleb128 0x11
 1278 00c1 0D       		.uleb128 0xd
 1279 00c2 00       		.byte	0
 1280 00c3 03       		.uleb128 0x3
 1281 00c4 0E       		.uleb128 0xe
 1282 00c5 3A       		.uleb128 0x3a
 1283 00c6 0B       		.uleb128 0xb
 1284 00c7 3B       		.uleb128 0x3b
 1285 00c8 0B       		.uleb128 0xb
 1286 00c9 49       		.uleb128 0x49
 1287 00ca 13       		.uleb128 0x13
 1288 00cb 00       		.byte	0
 1289 00cc 00       		.byte	0
 1290 00cd 12       		.uleb128 0x12
 1291 00ce 26       		.uleb128 0x26
 1292 00cf 00       		.byte	0
 1293 00d0 49       		.uleb128 0x49
 1294 00d1 13       		.uleb128 0x13
 1295 00d2 00       		.byte	0
 1296 00d3 00       		.byte	0
 1297 00d4 13       		.uleb128 0x13
 1298 00d5 2E       		.uleb128 0x2e
 1299 00d6 01       		.byte	0x1
 1300 00d7 03       		.uleb128 0x3
 1301 00d8 0E       		.uleb128 0xe
 1302 00d9 3A       		.uleb128 0x3a
 1303 00da 0B       		.uleb128 0xb
 1304 00db 3B       		.uleb128 0x3b
 1305 00dc 0B       		.uleb128 0xb
 1306 00dd 27       		.uleb128 0x27
 1307 00de 19       		.uleb128 0x19
 1308 00df 11       		.uleb128 0x11
 1309 00e0 01       		.uleb128 0x1
 1310 00e1 12       		.uleb128 0x12
ARM GAS  /tmp/ccvCtmH5.s 			page 24


 1311 00e2 06       		.uleb128 0x6
 1312 00e3 40       		.uleb128 0x40
 1313 00e4 18       		.uleb128 0x18
 1314 00e5 9642     		.uleb128 0x2116
 1315 00e7 19       		.uleb128 0x19
 1316 00e8 01       		.uleb128 0x1
 1317 00e9 13       		.uleb128 0x13
 1318 00ea 00       		.byte	0
 1319 00eb 00       		.byte	0
 1320 00ec 14       		.uleb128 0x14
 1321 00ed 05       		.uleb128 0x5
 1322 00ee 00       		.byte	0
 1323 00ef 03       		.uleb128 0x3
 1324 00f0 08       		.uleb128 0x8
 1325 00f1 3A       		.uleb128 0x3a
 1326 00f2 0B       		.uleb128 0xb
 1327 00f3 3B       		.uleb128 0x3b
 1328 00f4 0B       		.uleb128 0xb
 1329 00f5 49       		.uleb128 0x49
 1330 00f6 13       		.uleb128 0x13
 1331 00f7 02       		.uleb128 0x2
 1332 00f8 18       		.uleb128 0x18
 1333 00f9 00       		.byte	0
 1334 00fa 00       		.byte	0
 1335 00fb 15       		.uleb128 0x15
 1336 00fc 34       		.uleb128 0x34
 1337 00fd 00       		.byte	0
 1338 00fe 03       		.uleb128 0x3
 1339 00ff 08       		.uleb128 0x8
 1340 0100 3A       		.uleb128 0x3a
 1341 0101 0B       		.uleb128 0xb
 1342 0102 3B       		.uleb128 0x3b
 1343 0103 0B       		.uleb128 0xb
 1344 0104 49       		.uleb128 0x49
 1345 0105 13       		.uleb128 0x13
 1346 0106 02       		.uleb128 0x2
 1347 0107 18       		.uleb128 0x18
 1348 0108 00       		.byte	0
 1349 0109 00       		.byte	0
 1350 010a 16       		.uleb128 0x16
 1351 010b 0B       		.uleb128 0xb
 1352 010c 01       		.byte	0x1
 1353 010d 11       		.uleb128 0x11
 1354 010e 01       		.uleb128 0x1
 1355 010f 12       		.uleb128 0x12
 1356 0110 06       		.uleb128 0x6
 1357 0111 01       		.uleb128 0x1
 1358 0112 13       		.uleb128 0x13
 1359 0113 00       		.byte	0
 1360 0114 00       		.byte	0
 1361 0115 17       		.uleb128 0x17
 1362 0116 0B       		.uleb128 0xb
 1363 0117 01       		.byte	0x1
 1364 0118 11       		.uleb128 0x11
 1365 0119 01       		.uleb128 0x1
 1366 011a 12       		.uleb128 0x12
 1367 011b 06       		.uleb128 0x6
ARM GAS  /tmp/ccvCtmH5.s 			page 25


 1368 011c 00       		.byte	0
 1369 011d 00       		.byte	0
 1370 011e 18       		.uleb128 0x18
 1371 011f 2E       		.uleb128 0x2e
 1372 0120 01       		.byte	0x1
 1373 0121 3F       		.uleb128 0x3f
 1374 0122 19       		.uleb128 0x19
 1375 0123 03       		.uleb128 0x3
 1376 0124 0E       		.uleb128 0xe
 1377 0125 3A       		.uleb128 0x3a
 1378 0126 0B       		.uleb128 0xb
 1379 0127 3B       		.uleb128 0x3b
 1380 0128 0B       		.uleb128 0xb
 1381 0129 27       		.uleb128 0x27
 1382 012a 19       		.uleb128 0x19
 1383 012b 11       		.uleb128 0x11
 1384 012c 01       		.uleb128 0x1
 1385 012d 12       		.uleb128 0x12
 1386 012e 06       		.uleb128 0x6
 1387 012f 40       		.uleb128 0x40
 1388 0130 18       		.uleb128 0x18
 1389 0131 9642     		.uleb128 0x2116
 1390 0133 19       		.uleb128 0x19
 1391 0134 01       		.uleb128 0x1
 1392 0135 13       		.uleb128 0x13
 1393 0136 00       		.byte	0
 1394 0137 00       		.byte	0
 1395 0138 19       		.uleb128 0x19
 1396 0139 2E       		.uleb128 0x2e
 1397 013a 01       		.byte	0x1
 1398 013b 3F       		.uleb128 0x3f
 1399 013c 19       		.uleb128 0x19
 1400 013d 03       		.uleb128 0x3
 1401 013e 0E       		.uleb128 0xe
 1402 013f 3A       		.uleb128 0x3a
 1403 0140 0B       		.uleb128 0xb
 1404 0141 3B       		.uleb128 0x3b
 1405 0142 0B       		.uleb128 0xb
 1406 0143 27       		.uleb128 0x27
 1407 0144 19       		.uleb128 0x19
 1408 0145 11       		.uleb128 0x11
 1409 0146 01       		.uleb128 0x1
 1410 0147 12       		.uleb128 0x12
 1411 0148 06       		.uleb128 0x6
 1412 0149 40       		.uleb128 0x40
 1413 014a 18       		.uleb128 0x18
 1414 014b 9642     		.uleb128 0x2116
 1415 014d 19       		.uleb128 0x19
 1416 014e 00       		.byte	0
 1417 014f 00       		.byte	0
 1418 0150 00       		.byte	0
 1419              		.section	.debug_aranges,"",%progbits
 1420 0000 2C000000 		.4byte	0x2c
 1421 0004 0200     		.2byte	0x2
 1422 0006 00000000 		.4byte	.Ldebug_info0
 1423 000a 04       		.byte	0x4
 1424 000b 00       		.byte	0
ARM GAS  /tmp/ccvCtmH5.s 			page 26


 1425 000c 0000     		.2byte	0
 1426 000e 0000     		.2byte	0
 1427 0010 00000000 		.4byte	.LFB7
 1428 0014 48000000 		.4byte	.LFE7-.LFB7
 1429 0018 00000000 		.4byte	.LFB8
 1430 001c 40000000 		.4byte	.LFE8-.LFB8
 1431 0020 00000000 		.4byte	.LFB9
 1432 0024 30000000 		.4byte	.LFE9-.LFB9
 1433 0028 00000000 		.4byte	0
 1434 002c 00000000 		.4byte	0
 1435              		.section	.debug_ranges,"",%progbits
 1436              	.Ldebug_ranges0:
 1437 0000 00000000 		.4byte	.LFB7
 1438 0004 48000000 		.4byte	.LFE7
 1439 0008 00000000 		.4byte	.LFB8
 1440 000c 40000000 		.4byte	.LFE8
 1441 0010 00000000 		.4byte	.LFB9
 1442 0014 30000000 		.4byte	.LFE9
 1443 0018 00000000 		.4byte	0
 1444 001c 00000000 		.4byte	0
 1445              		.section	.debug_line,"",%progbits
 1446              	.Ldebug_line0:
 1447 0000 2F020000 		.section	.debug_str,"MS",%progbits,1
 1447      0200DF01 
 1447      00000201 
 1447      FB0E0D00 
 1447      01010101 
 1448              	.LASF80:
 1449 0000 65745F69 		.ascii	"et_interval\000"
 1449      6E746572 
 1449      76616C00 
 1450              	.LASF43:
 1451 000c 705F6D73 		.ascii	"p_msg\000"
 1451      6700
 1452              	.LASF73:
 1453 0012 7264796D 		.ascii	"rdymsg\000"
 1453      736700
 1454              	.LASF16:
 1455 0019 75696E74 		.ascii	"uint64_t\000"
 1455      36345F74 
 1455      00
 1456              	.LASF5:
 1457 0022 5F5F7569 		.ascii	"__uint8_t\000"
 1457      6E74385F 
 1457      7400
 1458              	.LASF12:
 1459 002c 6C6F6E67 		.ascii	"long long unsigned int\000"
 1459      206C6F6E 
 1459      6720756E 
 1459      7369676E 
 1459      65642069 
 1460              	.LASF85:
 1461 0043 65767453 		.ascii	"evtStart\000"
 1461      74617274 
 1461      00
 1462              	.LASF30:
 1463 004c 705F7072 		.ascii	"p_prio\000"
ARM GAS  /tmp/ccvCtmH5.s 			page 27


 1463      696F00
 1464              	.LASF10:
 1465 0053 6C6F6E67 		.ascii	"long long int\000"
 1465      206C6F6E 
 1465      6720696E 
 1465      7400
 1466              	.LASF1:
 1467 0061 7369676E 		.ascii	"signed char\000"
 1467      65642063 
 1467      68617200 
 1468              	.LASF81:
 1469 006d 45765469 		.ascii	"EvTimer\000"
 1469      6D657200 
 1470              	.LASF47:
 1471 0075 705F6D70 		.ascii	"p_mpool\000"
 1471      6F6F6C00 
 1472              	.LASF63:
 1473 007d 6D5F7175 		.ascii	"m_queue\000"
 1473      65756500 
 1474              	.LASF21:
 1475 0085 74736C69 		.ascii	"tslices_t\000"
 1475      6365735F 
 1475      7400
 1476              	.LASF7:
 1477 008f 6C6F6E67 		.ascii	"long int\000"
 1477      20696E74 
 1477      00
 1478              	.LASF19:
 1479 0098 74737461 		.ascii	"tstate_t\000"
 1479      74655F74 
 1479      00
 1480              	.LASF32:
 1481 00a1 705F6E65 		.ascii	"p_newer\000"
 1481      77657200 
 1482              	.LASF74:
 1483 00a9 65786974 		.ascii	"exitcode\000"
 1483      636F6465 
 1483      00
 1484              	.LASF8:
 1485 00b2 5F5F7569 		.ascii	"__uint32_t\000"
 1485      6E743332 
 1485      5F7400
 1486              	.LASF50:
 1487 00bd 72656761 		.ascii	"regarm_t\000"
 1487      726D5F74 
 1487      00
 1488              	.LASF58:
 1489 00c6 76745F70 		.ascii	"vt_prev\000"
 1489      72657600 
 1490              	.LASF71:
 1491 00ce 4576656E 		.ascii	"EventSource\000"
 1491      74536F75 
 1491      72636500 
 1492              	.LASF35:
 1493 00da 705F7374 		.ascii	"p_stklimit\000"
 1493      6B6C696D 
 1493      697400
ARM GAS  /tmp/ccvCtmH5.s 			page 28


 1494              	.LASF0:
 1495 00e5 756E7369 		.ascii	"unsigned int\000"
 1495      676E6564 
 1495      20696E74 
 1495      00
 1496              	.LASF57:
 1497 00f2 76745F6E 		.ascii	"vt_next\000"
 1497      65787400 
 1498              	.LASF9:
 1499 00fa 6C6F6E67 		.ascii	"long unsigned int\000"
 1499      20756E73 
 1499      69676E65 
 1499      6420696E 
 1499      7400
 1500              	.LASF55:
 1501 010c 76746675 		.ascii	"vtfunc_t\000"
 1501      6E635F74 
 1501      00
 1502              	.LASF56:
 1503 0115 56697274 		.ascii	"VirtualTimer\000"
 1503      75616C54 
 1503      696D6572 
 1503      00
 1504              	.LASF53:
 1505 0122 636F6E74 		.ascii	"context\000"
 1505      65787400 
 1506              	.LASF4:
 1507 012a 73686F72 		.ascii	"short unsigned int\000"
 1507      7420756E 
 1507      7369676E 
 1507      65642069 
 1507      6E7400
 1508              	.LASF23:
 1509 013d 6D73675F 		.ascii	"msg_t\000"
 1509      7400
 1510              	.LASF67:
 1511 0143 656C5F6E 		.ascii	"el_next\000"
 1511      65787400 
 1512              	.LASF18:
 1513 014b 746D6F64 		.ascii	"tmode_t\000"
 1513      655F7400 
 1514              	.LASF49:
 1515 0153 54687265 		.ascii	"ThreadsList\000"
 1515      6164734C 
 1515      69737400 
 1516              	.LASF24:
 1517 015f 6576656E 		.ascii	"eventmask_t\000"
 1517      746D6173 
 1517      6B5F7400 
 1518              	.LASF62:
 1519 016b 4D757465 		.ascii	"Mutex\000"
 1519      7800
 1520              	.LASF51:
 1521 0171 73746B61 		.ascii	"stkalign_t\000"
 1521      6C69676E 
 1521      5F7400
 1522              	.LASF59:
ARM GAS  /tmp/ccvCtmH5.s 			page 29


 1523 017c 76745F74 		.ascii	"vt_time\000"
 1523      696D6500 
 1524              	.LASF79:
 1525 0184 65745F65 		.ascii	"et_es\000"
 1525      7300
 1526              	.LASF54:
 1527 018a 73697A65 		.ascii	"sizetype\000"
 1527      74797065 
 1527      00
 1528              	.LASF60:
 1529 0193 76745F66 		.ascii	"vt_func\000"
 1529      756E6300 
 1530              	.LASF33:
 1531 019b 705F6F6C 		.ascii	"p_older\000"
 1531      64657200 
 1532              	.LASF48:
 1533 01a3 54687265 		.ascii	"ThreadsQueue\000"
 1533      61647351 
 1533      75657565 
 1533      00
 1534              	.LASF69:
 1535 01b0 656C5F6D 		.ascii	"el_mask\000"
 1535      61736B00 
 1536              	.LASF11:
 1537 01b8 5F5F7569 		.ascii	"__uint64_t\000"
 1537      6E743634 
 1537      5F7400
 1538              	.LASF20:
 1539 01c3 74726566 		.ascii	"trefs_t\000"
 1539      735F7400 
 1540              	.LASF29:
 1541 01cb 705F7072 		.ascii	"p_prev\000"
 1541      657600
 1542              	.LASF22:
 1543 01d2 74707269 		.ascii	"tprio_t\000"
 1543      6F5F7400 
 1544              	.LASF17:
 1545 01da 5F426F6F 		.ascii	"_Bool\000"
 1545      6C00
 1546              	.LASF14:
 1547 01e0 696E7433 		.ascii	"int32_t\000"
 1547      325F7400 
 1548              	.LASF2:
 1549 01e8 756E7369 		.ascii	"unsigned char\000"
 1549      676E6564 
 1549      20636861 
 1549      7200
 1550              	.LASF68:
 1551 01f6 656C5F6C 		.ascii	"el_listener\000"
 1551      69737465 
 1551      6E657200 
 1552              	.LASF70:
 1553 0202 656C5F66 		.ascii	"el_flags\000"
 1553      6C616773 
 1553      00
 1554              	.LASF45:
 1555 020b 705F6D74 		.ascii	"p_mtxlist\000"
ARM GAS  /tmp/ccvCtmH5.s 			page 30


 1555      786C6973 
 1555      7400
 1556              	.LASF3:
 1557 0215 73686F72 		.ascii	"short int\000"
 1557      7420696E 
 1557      7400
 1558              	.LASF36:
 1559 021f 705F7374 		.ascii	"p_state\000"
 1559      61746500 
 1560              	.LASF39:
 1561 0227 705F7072 		.ascii	"p_preempt\000"
 1561      65656D70 
 1561      7400
 1562              	.LASF76:
 1563 0231 65776D61 		.ascii	"ewmask\000"
 1563      736B00
 1564              	.LASF28:
 1565 0238 705F6E65 		.ascii	"p_next\000"
 1565      787400
 1566              	.LASF37:
 1567 023f 705F666C 		.ascii	"p_flags\000"
 1567      61677300 
 1568              	.LASF27:
 1569 0247 54687265 		.ascii	"Thread\000"
 1569      616400
 1570              	.LASF44:
 1571 024e 705F6570 		.ascii	"p_epending\000"
 1571      656E6469 
 1571      6E6700
 1572              	.LASF15:
 1573 0259 75696E74 		.ascii	"uint32_t\000"
 1573      33325F74 
 1573      00
 1574              	.LASF77:
 1575 0262 63686172 		.ascii	"char\000"
 1575      00
 1576              	.LASF84:
 1577 0267 746D7263 		.ascii	"tmrcb\000"
 1577      6200
 1578              	.LASF65:
 1579 026d 6D5F6E65 		.ascii	"m_next\000"
 1579      787400
 1580              	.LASF26:
 1581 0274 73797374 		.ascii	"systime_t\000"
 1581      696D655F 
 1581      7400
 1582              	.LASF46:
 1583 027e 705F7265 		.ascii	"p_realprio\000"
 1583      616C7072 
 1583      696F00
 1584              	.LASF6:
 1585 0289 5F5F696E 		.ascii	"__int32_t\000"
 1585      7433325F 
 1585      7400
 1586              	.LASF86:
 1587 0293 65767453 		.ascii	"evtStop\000"
 1587      746F7000 
ARM GAS  /tmp/ccvCtmH5.s 			page 31


 1588              	.LASF40:
 1589 029b 705F7469 		.ascii	"p_time\000"
 1589      6D6500
 1590              	.LASF52:
 1591 02a2 696E7463 		.ascii	"intctx\000"
 1591      747800
 1592              	.LASF42:
 1593 02a9 705F6D73 		.ascii	"p_msgqueue\000"
 1593      67717565 
 1593      756500
 1594              	.LASF61:
 1595 02b4 76745F70 		.ascii	"vt_par\000"
 1595      617200
 1596              	.LASF25:
 1597 02bb 666C6167 		.ascii	"flagsmask_t\000"
 1597      736D6173 
 1597      6B5F7400 
 1598              	.LASF38:
 1599 02c7 705F7265 		.ascii	"p_refs\000"
 1599      667300
 1600              	.LASF13:
 1601 02ce 75696E74 		.ascii	"uint8_t\000"
 1601      385F7400 
 1602              	.LASF66:
 1603 02d6 4576656E 		.ascii	"EventListener\000"
 1603      744C6973 
 1603      74656E65 
 1603      7200
 1604              	.LASF75:
 1605 02e4 77746F62 		.ascii	"wtobjp\000"
 1605      6A7000
 1606              	.LASF34:
 1607 02eb 705F6E61 		.ascii	"p_name\000"
 1607      6D6500
 1608              	.LASF72:
 1609 02f2 65735F6E 		.ascii	"es_next\000"
 1609      65787400 
 1610              	.LASF78:
 1611 02fa 65745F76 		.ascii	"et_vt\000"
 1611      7400
 1612              	.LASF64:
 1613 0300 6D5F6F77 		.ascii	"m_owner\000"
 1613      6E657200 
 1614              	.LASF82:
 1615 0308 474E5520 		.ascii	"GNU C 4.9.3 20141119 (release) [ARM/embedded-4_9-br"
 1615      4320342E 
 1615      392E3320 
 1615      32303134 
 1615      31313139 
 1616 033b 616E6368 		.ascii	"anch revision 218278] -mcpu=cortex-m4 -mfloat-abi=h"
 1616      20726576 
 1616      6973696F 
 1616      6E203231 
 1616      38323738 
 1617 036e 61726420 		.ascii	"ard -mfpu=fpv4-sp-d16 -mno-thumb-interwork -mthumb "
 1617      2D6D6670 
 1617      753D6670 
ARM GAS  /tmp/ccvCtmH5.s 			page 32


 1617      76342D73 
 1617      702D6431 
 1618 03a1 2D676764 		.ascii	"-ggdb -O0 -fomit-frame-pointer -falign-functions=16"
 1618      62202D4F 
 1618      30202D66 
 1618      6F6D6974 
 1618      2D667261 
 1619 03d4 202D6666 		.ascii	" -ffunction-sections -fdata-sections -fno-common -f"
 1619      756E6374 
 1619      696F6E2D 
 1619      73656374 
 1619      696F6E73 
 1620 0407 73696E67 		.ascii	"single-precision-constant\000"
 1620      6C652D70 
 1620      72656369 
 1620      73696F6E 
 1620      2D636F6E 
 1621              	.LASF31:
 1622 0421 705F6374 		.ascii	"p_ctx\000"
 1622      7800
 1623              	.LASF41:
 1624 0427 705F7761 		.ascii	"p_waiting\000"
 1624      6974696E 
 1624      6700
 1625              	.LASF83:
 1626 0431 2F686F6D 		.ascii	"/home/ergae/r2p-sdk/core/ChibiOS/os/various/evtimer"
 1626      652F6572 
 1626      6761652F 
 1626      7232702D 
 1626      73646B2F 
 1627 0464 2E6300   		.ascii	".c\000"
 1628              		.ident	"GCC: (GNU Tools for ARM Embedded Processors) 4.9.3 20141119 (release) [ARM/embedded-4_9-br
ARM GAS  /tmp/ccvCtmH5.s 			page 33


DEFINED SYMBOLS
                            *ABS*:00000000 evtimer.c
     /tmp/ccvCtmH5.s:21     .text.tmrcb:00000000 $t
     /tmp/ccvCtmH5.s:26     .text.tmrcb:00000000 tmrcb
     /tmp/ccvCtmH5.s:83     .text.tmrcb:00000044 $d
     /tmp/ccvCtmH5.s:88     .text.evtStart:00000000 $t
     /tmp/ccvCtmH5.s:94     .text.evtStart:00000000 evtStart
     /tmp/ccvCtmH5.s:147    .text.evtStart:0000003c $d
     /tmp/ccvCtmH5.s:152    .text.evtStop:00000000 $t
     /tmp/ccvCtmH5.s:158    .text.evtStop:00000000 evtStop
                     .debug_frame:00000010 $d
     /tmp/ccvCtmH5.s:87     .text.tmrcb:00000048 $t

UNDEFINED SYMBOLS
dbg_check_lock_from_isr
chEvtBroadcastFlagsI
chVTSetI
dbg_check_unlock_from_isr
dbg_check_lock
dbg_check_unlock
chVTResetI
