ARM GAS  /tmp/ccPqvgOe.s 			page 1


   1              		.syntax unified
   2              		.cpu cortex-m4
   3              		.eabi_attribute 27, 3
   4              		.eabi_attribute 28, 1
   5              		.fpu fpv4-sp-d16
   6              		.eabi_attribute 20, 1
   7              		.eabi_attribute 21, 1
   8              		.eabi_attribute 23, 3
   9              		.eabi_attribute 24, 1
  10              		.eabi_attribute 25, 1
  11              		.eabi_attribute 26, 1
  12              		.eabi_attribute 30, 6
  13              		.eabi_attribute 34, 1
  14              		.eabi_attribute 18, 4
  15              		.thumb
  16              		.file	"hrt.c"
  17              		.text
  18              	.Ltext0:
  19              		.cfi_sections	.debug_frame
  20              	.Letext0:
  21              		.file 1 "/home/ergae/r2p-sdk/tools/gcc-arm-none-eabi-4_9-2014q4/arm-none-eabi/include/machine/_def
  22              		.file 2 "/home/ergae/r2p-sdk/tools/gcc-arm-none-eabi-4_9-2014q4/arm-none-eabi/include/stdint.h"
  23              		.file 3 "/home/ergae/r2p-sdk/core/ChibiOS/os/ports/common/ARMCMx/CMSIS/include/core_cm4.h"
  24              		.section	.debug_info,"",%progbits
  25              	.Ldebug_info0:
  26 0000 98000000 		.4byte	0x98
  27 0004 0400     		.2byte	0x4
  28 0006 00000000 		.4byte	.Ldebug_abbrev0
  29 000a 04       		.byte	0x4
  30 000b 01       		.uleb128 0x1
  31 000c 2E000000 		.4byte	.LASF14
  32 0010 01       		.byte	0x1
  33 0011 BF010000 		.4byte	.LASF15
  34 0015 00000000 		.4byte	.Ldebug_line0
  35 0019 02       		.uleb128 0x2
  36 001a 01       		.byte	0x1
  37 001b 06       		.byte	0x6
  38 001c A9010000 		.4byte	.LASF0
  39 0020 02       		.uleb128 0x2
  40 0021 01       		.byte	0x1
  41 0022 08       		.byte	0x8
  42 0023 70010000 		.4byte	.LASF1
  43 0027 02       		.uleb128 0x2
  44 0028 02       		.byte	0x2
  45 0029 05       		.byte	0x5
  46 002a 8C010000 		.4byte	.LASF2
  47 002e 02       		.uleb128 0x2
  48 002f 02       		.byte	0x2
  49 0030 07       		.byte	0x7
  50 0031 0E000000 		.4byte	.LASF3
  51 0035 03       		.uleb128 0x3
  52 0036 B5010000 		.4byte	.LASF9
  53 003a 01       		.byte	0x1
  54 003b 3F       		.byte	0x3f
  55 003c 40000000 		.4byte	0x40
  56 0040 02       		.uleb128 0x2
  57 0041 04       		.byte	0x4
ARM GAS  /tmp/ccPqvgOe.s 			page 2


  58 0042 05       		.byte	0x5
  59 0043 83010000 		.4byte	.LASF4
  60 0047 02       		.uleb128 0x2
  61 0048 04       		.byte	0x4
  62 0049 07       		.byte	0x7
  63 004a 47010000 		.4byte	.LASF5
  64 004e 02       		.uleb128 0x2
  65 004f 08       		.byte	0x8
  66 0050 05       		.byte	0x5
  67 0051 00000000 		.4byte	.LASF6
  68 0055 02       		.uleb128 0x2
  69 0056 08       		.byte	0x8
  70 0057 07       		.byte	0x7
  71 0058 59010000 		.4byte	.LASF7
  72 005c 04       		.uleb128 0x4
  73 005d 04       		.byte	0x4
  74 005e 05       		.byte	0x5
  75 005f 696E7400 		.ascii	"int\000"
  76 0063 02       		.uleb128 0x2
  77 0064 04       		.byte	0x4
  78 0065 07       		.byte	0x7
  79 0066 21000000 		.4byte	.LASF8
  80 006a 03       		.uleb128 0x3
  81 006b E8010000 		.4byte	.LASF10
  82 006f 02       		.byte	0x2
  83 0070 2C       		.byte	0x2c
  84 0071 35000000 		.4byte	0x35
  85 0075 02       		.uleb128 0x2
  86 0076 01       		.byte	0x1
  87 0077 02       		.byte	0x2
  88 0078 96010000 		.4byte	.LASF11
  89 007c 02       		.uleb128 0x2
  90 007d 04       		.byte	0x4
  91 007e 07       		.byte	0x7
  92 007f F0010000 		.4byte	.LASF12
  93 0083 02       		.uleb128 0x2
  94 0084 01       		.byte	0x1
  95 0085 08       		.byte	0x8
  96 0086 7E010000 		.4byte	.LASF13
  97 008a 05       		.uleb128 0x5
  98 008b 6A000000 		.4byte	0x6a
  99 008f 06       		.uleb128 0x6
 100 0090 9C010000 		.4byte	.LASF16
 101 0094 03       		.byte	0x3
 102 0095 9806     		.2byte	0x698
 103 0097 8A000000 		.4byte	0x8a
 104 009b 00       		.byte	0
 105              		.section	.debug_abbrev,"",%progbits
 106              	.Ldebug_abbrev0:
 107 0000 01       		.uleb128 0x1
 108 0001 11       		.uleb128 0x11
 109 0002 01       		.byte	0x1
 110 0003 25       		.uleb128 0x25
 111 0004 0E       		.uleb128 0xe
 112 0005 13       		.uleb128 0x13
 113 0006 0B       		.uleb128 0xb
 114 0007 03       		.uleb128 0x3
ARM GAS  /tmp/ccPqvgOe.s 			page 3


 115 0008 0E       		.uleb128 0xe
 116 0009 10       		.uleb128 0x10
 117 000a 17       		.uleb128 0x17
 118 000b 00       		.byte	0
 119 000c 00       		.byte	0
 120 000d 02       		.uleb128 0x2
 121 000e 24       		.uleb128 0x24
 122 000f 00       		.byte	0
 123 0010 0B       		.uleb128 0xb
 124 0011 0B       		.uleb128 0xb
 125 0012 3E       		.uleb128 0x3e
 126 0013 0B       		.uleb128 0xb
 127 0014 03       		.uleb128 0x3
 128 0015 0E       		.uleb128 0xe
 129 0016 00       		.byte	0
 130 0017 00       		.byte	0
 131 0018 03       		.uleb128 0x3
 132 0019 16       		.uleb128 0x16
 133 001a 00       		.byte	0
 134 001b 03       		.uleb128 0x3
 135 001c 0E       		.uleb128 0xe
 136 001d 3A       		.uleb128 0x3a
 137 001e 0B       		.uleb128 0xb
 138 001f 3B       		.uleb128 0x3b
 139 0020 0B       		.uleb128 0xb
 140 0021 49       		.uleb128 0x49
 141 0022 13       		.uleb128 0x13
 142 0023 00       		.byte	0
 143 0024 00       		.byte	0
 144 0025 04       		.uleb128 0x4
 145 0026 24       		.uleb128 0x24
 146 0027 00       		.byte	0
 147 0028 0B       		.uleb128 0xb
 148 0029 0B       		.uleb128 0xb
 149 002a 3E       		.uleb128 0x3e
 150 002b 0B       		.uleb128 0xb
 151 002c 03       		.uleb128 0x3
 152 002d 08       		.uleb128 0x8
 153 002e 00       		.byte	0
 154 002f 00       		.byte	0
 155 0030 05       		.uleb128 0x5
 156 0031 35       		.uleb128 0x35
 157 0032 00       		.byte	0
 158 0033 49       		.uleb128 0x49
 159 0034 13       		.uleb128 0x13
 160 0035 00       		.byte	0
 161 0036 00       		.byte	0
 162 0037 06       		.uleb128 0x6
 163 0038 34       		.uleb128 0x34
 164 0039 00       		.byte	0
 165 003a 03       		.uleb128 0x3
 166 003b 0E       		.uleb128 0xe
 167 003c 3A       		.uleb128 0x3a
 168 003d 0B       		.uleb128 0xb
 169 003e 3B       		.uleb128 0x3b
 170 003f 05       		.uleb128 0x5
 171 0040 49       		.uleb128 0x49
ARM GAS  /tmp/ccPqvgOe.s 			page 4


 172 0041 13       		.uleb128 0x13
 173 0042 3F       		.uleb128 0x3f
 174 0043 19       		.uleb128 0x19
 175 0044 3C       		.uleb128 0x3c
 176 0045 19       		.uleb128 0x19
 177 0046 00       		.byte	0
 178 0047 00       		.byte	0
 179 0048 00       		.byte	0
 180              		.section	.debug_aranges,"",%progbits
 181 0000 14000000 		.4byte	0x14
 182 0004 0200     		.2byte	0x2
 183 0006 00000000 		.4byte	.Ldebug_info0
 184 000a 04       		.byte	0x4
 185 000b 00       		.byte	0
 186 000c 0000     		.2byte	0
 187 000e 0000     		.2byte	0
 188 0010 00000000 		.4byte	0
 189 0014 00000000 		.4byte	0
 190              		.section	.debug_line,"",%progbits
 191              	.Ldebug_line0:
 192 0000 2F010000 		.section	.debug_str,"MS",%progbits,1
 192      02002901 
 192      00000201 
 192      FB0E0D00 
 192      01010101 
 193              	.LASF6:
 194 0000 6C6F6E67 		.ascii	"long long int\000"
 194      206C6F6E 
 194      6720696E 
 194      7400
 195              	.LASF3:
 196 000e 73686F72 		.ascii	"short unsigned int\000"
 196      7420756E 
 196      7369676E 
 196      65642069 
 196      6E7400
 197              	.LASF8:
 198 0021 756E7369 		.ascii	"unsigned int\000"
 198      676E6564 
 198      20696E74 
 198      00
 199              	.LASF14:
 200 002e 474E5520 		.ascii	"GNU C 4.9.3 20141119 (release) [ARM/embedded-4_9-br"
 200      4320342E 
 200      392E3320 
 200      32303134 
 200      31313139 
 201 0061 616E6368 		.ascii	"anch revision 218278] -mcpu=cortex-m4 -mfloat-abi=h"
 201      20726576 
 201      6973696F 
 201      6E203231 
 201      38323738 
 202 0094 61726420 		.ascii	"ard -mfpu=fpv4-sp-d16 -mno-thumb-interwork -mthumb "
 202      2D6D6670 
 202      753D6670 
 202      76342D73 
 202      702D6431 
ARM GAS  /tmp/ccPqvgOe.s 			page 5


 203 00c7 2D676764 		.ascii	"-ggdb -O0 -fomit-frame-pointer -falign-functions=16"
 203      62202D4F 
 203      30202D66 
 203      6F6D6974 
 203      2D667261 
 204 00fa 202D6666 		.ascii	" -ffunction-sections -fdata-sections -fno-common -f"
 204      756E6374 
 204      696F6E2D 
 204      73656374 
 204      696F6E73 
 205 012d 73696E67 		.ascii	"single-precision-constant\000"
 205      6C652D70 
 205      72656369 
 205      73696F6E 
 205      2D636F6E 
 206              	.LASF5:
 207 0147 6C6F6E67 		.ascii	"long unsigned int\000"
 207      20756E73 
 207      69676E65 
 207      6420696E 
 207      7400
 208              	.LASF7:
 209 0159 6C6F6E67 		.ascii	"long long unsigned int\000"
 209      206C6F6E 
 209      6720756E 
 209      7369676E 
 209      65642069 
 210              	.LASF1:
 211 0170 756E7369 		.ascii	"unsigned char\000"
 211      676E6564 
 211      20636861 
 211      7200
 212              	.LASF13:
 213 017e 63686172 		.ascii	"char\000"
 213      00
 214              	.LASF4:
 215 0183 6C6F6E67 		.ascii	"long int\000"
 215      20696E74 
 215      00
 216              	.LASF2:
 217 018c 73686F72 		.ascii	"short int\000"
 217      7420696E 
 217      7400
 218              	.LASF11:
 219 0196 5F426F6F 		.ascii	"_Bool\000"
 219      6C00
 220              	.LASF16:
 221 019c 49544D5F 		.ascii	"ITM_RxBuffer\000"
 221      52784275 
 221      66666572 
 221      00
 222              	.LASF0:
 223 01a9 7369676E 		.ascii	"signed char\000"
 223      65642063 
 223      68617200 
 224              	.LASF9:
 225 01b5 5F5F696E 		.ascii	"__int32_t\000"
ARM GAS  /tmp/ccPqvgOe.s 			page 6


 225      7433325F 
 225      7400
 226              	.LASF15:
 227 01bf 2F686F6D 		.ascii	"/home/ergae/r2p-sdk/core/RTCAN/src/hrt.c\000"
 227      652F6572 
 227      6761652F 
 227      7232702D 
 227      73646B2F 
 228              	.LASF10:
 229 01e8 696E7433 		.ascii	"int32_t\000"
 229      325F7400 
 230              	.LASF12:
 231 01f0 73697A65 		.ascii	"sizetype\000"
 231      74797065 
 231      00
 232              		.ident	"GCC: (GNU Tools for ARM Embedded Processors) 4.9.3 20141119 (release) [ARM/embedded-4_9-br
ARM GAS  /tmp/ccPqvgOe.s 			page 7


DEFINED SYMBOLS
                            *ABS*:00000000 hrt.c

NO UNDEFINED SYMBOLS
