ARM GAS  /tmp/cc1fXCOG.s 			page 1


   1              		.syntax unified
   2              		.cpu cortex-m4
   3              		.eabi_attribute 27, 3
   4              		.eabi_attribute 28, 1
   5              		.fpu fpv4-sp-d16
   6              		.eabi_attribute 20, 1
   7              		.eabi_attribute 21, 1
   8              		.eabi_attribute 23, 3
   9              		.eabi_attribute 24, 1
  10              		.eabi_attribute 25, 1
  11              		.eabi_attribute 26, 1
  12              		.eabi_attribute 30, 6
  13              		.eabi_attribute 34, 1
  14              		.eabi_attribute 18, 4
  15              		.thumb
  16              		.file	"MessagePtrQueue.cpp"
  17              		.text
  18              	.Ltext0:
  19              		.cfi_sections	.debug_frame
  20              		.section	.text._ZN3r2p10UncopyableC2Ev,"axG",%progbits,_ZN3r2p10UncopyableC5Ev,comdat
  21              		.align	2
  22              		.p2align 4,,15
  23              		.weak	_ZN3r2p10UncopyableC2Ev
  24              		.thumb
  25              		.thumb_func
  26              		.type	_ZN3r2p10UncopyableC2Ev, %function
  27              	_ZN3r2p10UncopyableC2Ev:
  28              	.LFB6:
  29              		.file 1 "/home/ergae/r2p-sdk/core/Middleware/include/r2p/Uncopyable.hpp"
  30              		.loc 1 20 0
  31              		.cfi_startproc
  32              		@ args = 0, pretend = 0, frame = 8
  33              		@ frame_needed = 0, uses_anonymous_args = 0
  34              		@ link register save eliminated.
  35 0000 82B0     		sub	sp, sp, #8
  36              		.cfi_def_cfa_offset 8
  37 0002 0190     		str	r0, [sp, #4]
  38              		.loc 1 20 0
  39 0004 019B     		ldr	r3, [sp, #4]
  40 0006 1846     		mov	r0, r3
  41 0008 02B0     		add	sp, sp, #8
  42              		.cfi_def_cfa_offset 0
  43              		@ sp needed
  44 000a 7047     		bx	lr
  45              		.cfi_endproc
  46              	.LFE6:
  47              		.size	_ZN3r2p10UncopyableC2Ev, .-_ZN3r2p10UncopyableC2Ev
  48              		.weak	_ZN3r2p10UncopyableC1Ev
  49              		.thumb_set _ZN3r2p10UncopyableC1Ev,_ZN3r2p10UncopyableC2Ev
  50 000c AFF30080 		.section	.text._ZN3r2p15MessagePtrQueueC2EPPNS_7MessageEj,"ax",%progbits
  51              		.align	2
  52              		.p2align 4,,15
  53              		.global	_ZN3r2p15MessagePtrQueueC2EPPNS_7MessageEj
  54              		.thumb
  55              		.thumb_func
  56              		.type	_ZN3r2p15MessagePtrQueueC2EPPNS_7MessageEj, %function
  57              	_ZN3r2p15MessagePtrQueueC2EPPNS_7MessageEj:
ARM GAS  /tmp/cc1fXCOG.s 			page 2


  58              	.LFB49:
  59              		.file 2 "/home/ergae/r2p-sdk/core/Middleware/src/MessagePtrQueue.cpp"
  60              		.loc 2 7 0
  61              		.cfi_startproc
  62              		@ args = 0, pretend = 0, frame = 16
  63              		@ frame_needed = 0, uses_anonymous_args = 0
  64 0000 00B5     		push	{lr}
  65              		.cfi_def_cfa_offset 4
  66              		.cfi_offset 14, -4
  67 0002 85B0     		sub	sp, sp, #20
  68              		.cfi_def_cfa_offset 24
  69 0004 0390     		str	r0, [sp, #12]
  70 0006 0291     		str	r1, [sp, #8]
  71 0008 0192     		str	r2, [sp, #4]
  72              	.LBB2:
  73              		.loc 2 9 0
  74 000a 039B     		ldr	r3, [sp, #12]
  75 000c 1846     		mov	r0, r3
  76 000e 0299     		ldr	r1, [sp, #8]
  77 0010 019A     		ldr	r2, [sp, #4]
  78 0012 FFF7FEFF 		bl	_ZN3r2p10ArrayQueueIPNS_7MessageEEC2EPS2_j
  79              	.LBE2:
  80              		.loc 2 10 0
  81 0016 039B     		ldr	r3, [sp, #12]
  82 0018 1846     		mov	r0, r3
  83 001a 05B0     		add	sp, sp, #20
  84              		.cfi_def_cfa_offset 4
  85              		@ sp needed
  86 001c 5DF804FB 		ldr	pc, [sp], #4
  87              		.cfi_endproc
  88              	.LFE49:
  89              		.size	_ZN3r2p15MessagePtrQueueC2EPPNS_7MessageEj, .-_ZN3r2p15MessagePtrQueueC2EPPNS_7MessageEj
  90              		.global	_ZN3r2p15MessagePtrQueueC1EPPNS_7MessageEj
  91              		.thumb_set _ZN3r2p15MessagePtrQueueC1EPPNS_7MessageEj,_ZN3r2p15MessagePtrQueueC2EPPNS_7MessageEj
  92              		.section	.rodata
  93              		.align	2
  94              	.LC0:
  95 0000 5232505F 		.ascii	"R2P_ASSERT()\000"
  95      41535345 
  95      52542829 
  95      00
  96 000d 000000   		.section	.text._ZN3r2p10ArrayQueueIPNS_7MessageEEC2EPS2_j,"axG",%progbits,_ZN3r2p10ArrayQueueIPNS_
  97              		.align	2
  98              		.p2align 4,,15
  99              		.weak	_ZN3r2p10ArrayQueueIPNS_7MessageEEC2EPS2_j
 100              		.thumb
 101              		.thumb_func
 102              		.type	_ZN3r2p10ArrayQueueIPNS_7MessageEEC2EPS2_j, %function
 103              	_ZN3r2p10ArrayQueueIPNS_7MessageEEC2EPS2_j:
 104              	.LFB52:
 105              		.file 3 "/home/ergae/r2p-sdk/core/Middleware/include/r2p/ArrayQueue.hpp"
 106              		.loc 3 125 0
 107              		.cfi_startproc
 108              		@ args = 0, pretend = 0, frame = 16
 109              		@ frame_needed = 0, uses_anonymous_args = 0
 110 0000 00B5     		push	{lr}
 111              		.cfi_def_cfa_offset 4
ARM GAS  /tmp/cc1fXCOG.s 			page 3


 112              		.cfi_offset 14, -4
 113 0002 85B0     		sub	sp, sp, #20
 114              		.cfi_def_cfa_offset 24
 115 0004 0390     		str	r0, [sp, #12]
 116 0006 0291     		str	r1, [sp, #8]
 117 0008 0192     		str	r2, [sp, #4]
 118              	.LBB3:
 119              		.loc 3 131 0
 120 000a 0398     		ldr	r0, [sp, #12]
 121 000c FFF7FEFF 		bl	_ZN3r2p10UncopyableC2Ev
 122 0010 039B     		ldr	r3, [sp, #12]
 123 0012 029A     		ldr	r2, [sp, #8]
 124 0014 1A60     		str	r2, [r3]
 125 0016 039B     		ldr	r3, [sp, #12]
 126 0018 019A     		ldr	r2, [sp, #4]
 127 001a 5A60     		str	r2, [r3, #4]
 128 001c 039B     		ldr	r3, [sp, #12]
 129 001e 0022     		movs	r2, #0
 130 0020 9A60     		str	r2, [r3, #8]
 131 0022 039B     		ldr	r3, [sp, #12]
 132 0024 029A     		ldr	r2, [sp, #8]
 133 0026 DA60     		str	r2, [r3, #12]
 134 0028 039B     		ldr	r3, [sp, #12]
 135 002a 029A     		ldr	r2, [sp, #8]
 136 002c 1A61     		str	r2, [r3, #16]
 137              		.loc 3 133 0
 138 002e 029B     		ldr	r3, [sp, #8]
 139 0030 002B     		cmp	r3, #0
 140 0032 02D1     		bne	.L8
 141              		.loc 3 133 0 is_stmt 0 discriminator 1
 142 0034 0648     		ldr	r0, .L11
 143 0036 FFF7FEFF 		bl	chDbgPanic
 144              	.L8:
 145              		.loc 3 134 0 is_stmt 1
 146 003a 019B     		ldr	r3, [sp, #4]
 147 003c 002B     		cmp	r3, #0
 148 003e 02D1     		bne	.L9
 149              		.loc 3 134 0 is_stmt 0 discriminator 1
 150 0040 0348     		ldr	r0, .L11
 151 0042 FFF7FEFF 		bl	chDbgPanic
 152              	.L9:
 153              	.LBE3:
 154              		.loc 3 135 0 is_stmt 1
 155 0046 039B     		ldr	r3, [sp, #12]
 156 0048 1846     		mov	r0, r3
 157 004a 05B0     		add	sp, sp, #20
 158              		.cfi_def_cfa_offset 4
 159              		@ sp needed
 160 004c 5DF804FB 		ldr	pc, [sp], #4
 161              	.L12:
 162              		.align	2
 163              	.L11:
 164 0050 00000000 		.word	.LC0
 165              		.cfi_endproc
 166              	.LFE52:
 167              		.size	_ZN3r2p10ArrayQueueIPNS_7MessageEEC2EPS2_j, .-_ZN3r2p10ArrayQueueIPNS_7MessageEEC2EPS2_j
 168              		.weak	_ZN3r2p10ArrayQueueIPNS_7MessageEEC1EPS2_j
ARM GAS  /tmp/cc1fXCOG.s 			page 4


 169              		.thumb_set _ZN3r2p10ArrayQueueIPNS_7MessageEEC1EPS2_j,_ZN3r2p10ArrayQueueIPNS_7MessageEEC2EPS2_j
 170 0054 AFF30080 		.text
 170      AFF30080 
 170      AFF30080 
 171              	.Letext0:
 172              		.file 4 "/home/ergae/r2p-sdk/tools/gcc-arm-none-eabi-4_9-2014q4/arm-none-eabi/include/c++/4.9.3/cs
 173              		.file 5 "/home/ergae/r2p-sdk/tools/gcc-arm-none-eabi-4_9-2014q4/arm-none-eabi/include/string.h"
 174              		.file 6 "<built-in>"
 175              		.file 7 "/home/ergae/r2p-sdk/core/Middleware/include/r2p/MessagePtrQueue.hpp"
 176              		.file 8 "/home/ergae/r2p-sdk/tools/gcc-arm-none-eabi-4_9-2014q4/lib/gcc/arm-none-eabi/4.9.3/includ
 177              		.section	.debug_info,"",%progbits
 178              	.Ldebug_info0:
 179 0000 93040000 		.4byte	0x493
 180 0004 0400     		.2byte	0x4
 181 0006 00000000 		.4byte	.Ldebug_abbrev0
 182 000a 04       		.byte	0x4
 183 000b 01       		.uleb128 0x1
 184 000c 1E020000 		.4byte	.LASF46
 185 0010 04       		.byte	0x4
 186 0011 CB040000 		.4byte	.LASF47
 187 0015 A3030000 		.4byte	.LASF48
 188 0019 00000000 		.4byte	.Ldebug_ranges0+0
 189 001d 00000000 		.4byte	0
 190 0021 00000000 		.4byte	.Ldebug_line0
 191 0025 02       		.uleb128 0x2
 192 0026 04       		.byte	0x4
 193 0027 05       		.byte	0x5
 194 0028 696E7400 		.ascii	"int\000"
 195 002c 03       		.uleb128 0x3
 196 002d 08000000 		.4byte	.LASF49
 197 0031 08       		.byte	0x8
 198 0032 D4       		.byte	0xd4
 199 0033 37000000 		.4byte	0x37
 200 0037 04       		.uleb128 0x4
 201 0038 04       		.byte	0x4
 202 0039 07       		.byte	0x7
 203 003a 11020000 		.4byte	.LASF0
 204 003e 04       		.uleb128 0x4
 205 003f 01       		.byte	0x1
 206 0040 06       		.byte	0x6
 207 0041 F9000000 		.4byte	.LASF1
 208 0045 04       		.uleb128 0x4
 209 0046 01       		.byte	0x1
 210 0047 08       		.byte	0x8
 211 0048 16010000 		.4byte	.LASF2
 212 004c 04       		.uleb128 0x4
 213 004d 02       		.byte	0x2
 214 004e 05       		.byte	0x5
 215 004f 49040000 		.4byte	.LASF3
 216 0053 04       		.uleb128 0x4
 217 0054 02       		.byte	0x2
 218 0055 07       		.byte	0x7
 219 0056 6D010000 		.4byte	.LASF4
 220 005a 04       		.uleb128 0x4
 221 005b 04       		.byte	0x4
 222 005c 05       		.byte	0x5
 223 005d 32000000 		.4byte	.LASF5
ARM GAS  /tmp/cc1fXCOG.s 			page 5


 224 0061 04       		.uleb128 0x4
 225 0062 04       		.byte	0x4
 226 0063 07       		.byte	0x7
 227 0064 5B010000 		.4byte	.LASF6
 228 0068 04       		.uleb128 0x4
 229 0069 08       		.byte	0x8
 230 006a 05       		.byte	0x5
 231 006b 2A040000 		.4byte	.LASF7
 232 006f 04       		.uleb128 0x4
 233 0070 08       		.byte	0x8
 234 0071 07       		.byte	0x7
 235 0072 72030000 		.4byte	.LASF8
 236 0076 04       		.uleb128 0x4
 237 0077 04       		.byte	0x4
 238 0078 07       		.byte	0x7
 239 0079 09040000 		.4byte	.LASF9
 240 007d 05       		.uleb128 0x5
 241 007e 04       		.byte	0x4
 242 007f 06       		.uleb128 0x6
 243 0080 04       		.byte	0x4
 244 0081 85000000 		.4byte	0x85
 245 0085 04       		.uleb128 0x4
 246 0086 01       		.byte	0x1
 247 0087 08       		.byte	0x8
 248 0088 38040000 		.4byte	.LASF10
 249 008c 06       		.uleb128 0x6
 250 008d 04       		.byte	0x4
 251 008e 92000000 		.4byte	0x92
 252 0092 07       		.uleb128 0x7
 253 0093 85000000 		.4byte	0x85
 254 0097 08       		.uleb128 0x8
 255 0098 73746400 		.ascii	"std\000"
 256 009c 06       		.byte	0x6
 257 009d 00       		.byte	0
 258 009e BF000000 		.4byte	0xbf
 259 00a2 09       		.uleb128 0x9
 260 00a3 04       		.byte	0x4
 261 00a4 52       		.byte	0x52
 262 00a5 BF000000 		.4byte	0xbf
 263 00a9 09       		.uleb128 0x9
 264 00aa 04       		.byte	0x4
 265 00ab 55       		.byte	0x55
 266 00ac D9000000 		.4byte	0xd9
 267 00b0 09       		.uleb128 0x9
 268 00b1 04       		.byte	0x4
 269 00b2 5B       		.byte	0x5b
 270 00b3 EE000000 		.4byte	0xee
 271 00b7 09       		.uleb128 0x9
 272 00b8 04       		.byte	0x4
 273 00b9 5C       		.byte	0x5c
 274 00ba 08010000 		.4byte	0x108
 275 00be 00       		.byte	0
 276 00bf 0A       		.uleb128 0xa
 277 00c0 00000000 		.4byte	.LASF11
 278 00c4 05       		.byte	0x5
 279 00c5 1D       		.byte	0x1d
 280 00c6 25000000 		.4byte	0x25
ARM GAS  /tmp/cc1fXCOG.s 			page 6


 281 00ca D9000000 		.4byte	0xd9
 282 00ce 0B       		.uleb128 0xb
 283 00cf 8C000000 		.4byte	0x8c
 284 00d3 0B       		.uleb128 0xb
 285 00d4 8C000000 		.4byte	0x8c
 286 00d8 00       		.byte	0
 287 00d9 0A       		.uleb128 0xa
 288 00da BC040000 		.4byte	.LASF12
 289 00de 05       		.byte	0x5
 290 00df 20       		.byte	0x20
 291 00e0 7F000000 		.4byte	0x7f
 292 00e4 EE000000 		.4byte	0xee
 293 00e8 0B       		.uleb128 0xb
 294 00e9 25000000 		.4byte	0x25
 295 00ed 00       		.byte	0
 296 00ee 0A       		.uleb128 0xa
 297 00ef 6B030000 		.4byte	.LASF13
 298 00f3 05       		.byte	0x5
 299 00f4 2A       		.byte	0x2a
 300 00f5 7F000000 		.4byte	0x7f
 301 00f9 08010000 		.4byte	0x108
 302 00fd 0B       		.uleb128 0xb
 303 00fe 7F000000 		.4byte	0x7f
 304 0102 0B       		.uleb128 0xb
 305 0103 8C000000 		.4byte	0x8c
 306 0107 00       		.byte	0
 307 0108 0A       		.uleb128 0xa
 308 0109 FD010000 		.4byte	.LASF14
 309 010d 05       		.byte	0x5
 310 010e 2C       		.byte	0x2c
 311 010f 2C000000 		.4byte	0x2c
 312 0113 27010000 		.4byte	0x127
 313 0117 0B       		.uleb128 0xb
 314 0118 7F000000 		.4byte	0x7f
 315 011c 0B       		.uleb128 0xb
 316 011d 8C000000 		.4byte	0x8c
 317 0121 0B       		.uleb128 0xb
 318 0122 2C000000 		.4byte	0x2c
 319 0126 00       		.byte	0
 320 0127 08       		.uleb128 0x8
 321 0128 72327000 		.ascii	"r2p\000"
 322 012c 01       		.byte	0x1
 323 012d 03       		.byte	0x3
 324 012e 52030000 		.4byte	0x352
 325 0132 0C       		.uleb128 0xc
 326 0133 F2010000 		.4byte	.LASF15
 327 0137 01       		.byte	0x1
 328 0138 01       		.byte	0x1
 329 0139 06       		.byte	0x6
 330 013a 92010000 		.4byte	0x192
 331 013e 0D       		.uleb128 0xd
 332 013f F2010000 		.4byte	.LASF15
 333 0143 01       		.byte	0x1
 334 0144 09       		.byte	0x9
 335 0145 52030000 		.4byte	0x352
 336 0149 51010000 		.4byte	0x151
 337 014d 5C010000 		.4byte	0x15c
ARM GAS  /tmp/cc1fXCOG.s 			page 7


 338 0151 0E       		.uleb128 0xe
 339 0152 52030000 		.4byte	0x352
 340 0156 0B       		.uleb128 0xb
 341 0157 58030000 		.4byte	0x358
 342 015b 00       		.byte	0
 343 015c 0F       		.uleb128 0xf
 344 015d F2010000 		.4byte	.LASF15
 345 0161 01       		.byte	0x1
 346 0162 14       		.byte	0x14
 347 0163 52030000 		.4byte	0x352
 348 0167 02       		.byte	0x2
 349 0168 70010000 		.4byte	0x170
 350 016c 76010000 		.4byte	0x176
 351 0170 0E       		.uleb128 0xe
 352 0171 52030000 		.4byte	0x352
 353 0175 00       		.byte	0
 354 0176 10       		.uleb128 0x10
 355 0177 05020000 		.4byte	.LASF16
 356 017b 01       		.byte	0x1
 357 017c 15       		.byte	0x15
 358 017d 7D000000 		.4byte	0x7d
 359 0181 02       		.byte	0x2
 360 0182 86010000 		.4byte	0x186
 361 0186 0E       		.uleb128 0xe
 362 0187 52030000 		.4byte	0x352
 363 018b 0E       		.uleb128 0xe
 364 018c 25000000 		.4byte	0x25
 365 0190 00       		.byte	0
 366 0191 00       		.byte	0
 367 0192 07       		.uleb128 0x7
 368 0193 32010000 		.4byte	0x132
 369 0197 0C       		.uleb128 0xc
 370 0198 89030000 		.4byte	.LASF17
 371 019c 14       		.byte	0x14
 372 019d 03       		.byte	0x3
 373 019e 09       		.byte	0x9
 374 019f 17030000 		.4byte	0x317
 375 01a3 11       		.uleb128 0x11
 376 01a4 32010000 		.4byte	0x132
 377 01a8 00       		.byte	0
 378 01a9 12       		.uleb128 0x12
 379 01aa 9B000000 		.4byte	.LASF18
 380 01ae 03       		.byte	0x3
 381 01af 0B       		.byte	0xb
 382 01b0 65030000 		.4byte	0x365
 383 01b4 00       		.byte	0
 384 01b5 12       		.uleb128 0x12
 385 01b6 12050000 		.4byte	.LASF19
 386 01ba 03       		.byte	0x3
 387 01bb 0C       		.byte	0xc
 388 01bc 2C000000 		.4byte	0x2c
 389 01c0 04       		.byte	0x4
 390 01c1 12       		.uleb128 0x12
 391 01c2 27000000 		.4byte	.LASF20
 392 01c6 03       		.byte	0x3
 393 01c7 0D       		.byte	0xd
 394 01c8 2C000000 		.4byte	0x2c
ARM GAS  /tmp/cc1fXCOG.s 			page 8


 395 01cc 08       		.byte	0x8
 396 01cd 12       		.uleb128 0x12
 397 01ce 19050000 		.4byte	.LASF21
 398 01d2 03       		.byte	0x3
 399 01d3 0E       		.byte	0xe
 400 01d4 65030000 		.4byte	0x365
 401 01d8 0C       		.byte	0xc
 402 01d9 12       		.uleb128 0x12
 403 01da C5040000 		.4byte	.LASF22
 404 01de 03       		.byte	0x3
 405 01df 0F       		.byte	0xf
 406 01e0 65030000 		.4byte	0x365
 407 01e4 10       		.byte	0x10
 408 01e5 13       		.uleb128 0x13
 409 01e6 3D040000 		.4byte	.LASF23
 410 01ea 03       		.byte	0x3
 411 01eb 25       		.byte	0x25
 412 01ec B8010000 		.4byte	.LASF25
 413 01f0 5E030000 		.4byte	0x35e
 414 01f4 01       		.byte	0x1
 415 01f5 FD010000 		.4byte	0x1fd
 416 01f9 08020000 		.4byte	0x208
 417 01fd 0E       		.uleb128 0xe
 418 01fe 71030000 		.4byte	0x371
 419 0202 0B       		.uleb128 0xb
 420 0203 6B030000 		.4byte	0x36b
 421 0207 00       		.byte	0
 422 0208 13       		.uleb128 0x13
 423 0209 FC030000 		.4byte	.LASF24
 424 020d 03       		.byte	0x3
 425 020e 34       		.byte	0x34
 426 020f 53040000 		.4byte	.LASF26
 427 0213 5E030000 		.4byte	0x35e
 428 0217 01       		.byte	0x1
 429 0218 20020000 		.4byte	0x220
 430 021c 2B020000 		.4byte	0x22b
 431 0220 0E       		.uleb128 0xe
 432 0221 71030000 		.4byte	0x371
 433 0225 0B       		.uleb128 0xb
 434 0226 77030000 		.4byte	0x377
 435 022a 00       		.byte	0
 436 022b 13       		.uleb128 0x13
 437 022c 05010000 		.4byte	.LASF27
 438 0230 03       		.byte	0x3
 439 0231 43       		.byte	0x43
 440 0232 80010000 		.4byte	.LASF28
 441 0236 5E030000 		.4byte	0x35e
 442 023a 01       		.byte	0x1
 443 023b 43020000 		.4byte	0x243
 444 023f 49020000 		.4byte	0x249
 445 0243 0E       		.uleb128 0xe
 446 0244 71030000 		.4byte	0x371
 447 0248 00       		.byte	0
 448 0249 13       		.uleb128 0x13
 449 024a 07050000 		.4byte	.LASF29
 450 024e 03       		.byte	0x3
 451 024f 51       		.byte	0x51
ARM GAS  /tmp/cc1fXCOG.s 			page 9


 452 0250 29010000 		.4byte	.LASF30
 453 0254 2C000000 		.4byte	0x2c
 454 0258 01       		.byte	0x1
 455 0259 61020000 		.4byte	0x261
 456 025d 67020000 		.4byte	0x267
 457 0261 0E       		.uleb128 0xe
 458 0262 7D030000 		.4byte	0x37d
 459 0266 00       		.byte	0
 460 0267 13       		.uleb128 0x13
 461 0268 2A050000 		.4byte	.LASF31
 462 026c 03       		.byte	0x3
 463 026d 58       		.byte	0x58
 464 026e 6B000000 		.4byte	.LASF32
 465 0272 2C000000 		.4byte	0x2c
 466 0276 01       		.byte	0x1
 467 0277 7F020000 		.4byte	0x27f
 468 027b 85020000 		.4byte	0x285
 469 027f 0E       		.uleb128 0xe
 470 0280 7D030000 		.4byte	0x37d
 471 0284 00       		.byte	0
 472 0285 13       		.uleb128 0x13
 473 0286 89040000 		.4byte	.LASF33
 474 028a 03       		.byte	0x3
 475 028b 5F       		.byte	0x5f
 476 028c CD000000 		.4byte	.LASF34
 477 0290 5E030000 		.4byte	0x35e
 478 0294 01       		.byte	0x1
 479 0295 9D020000 		.4byte	0x29d
 480 0299 A8020000 		.4byte	0x2a8
 481 029d 0E       		.uleb128 0xe
 482 029e 71030000 		.4byte	0x371
 483 02a2 0B       		.uleb128 0xb
 484 02a3 6B030000 		.4byte	0x36b
 485 02a7 00       		.byte	0
 486 02a8 13       		.uleb128 0x13
 487 02a9 EC010000 		.4byte	.LASF35
 488 02ad 03       		.byte	0x3
 489 02ae 69       		.byte	0x69
 490 02af 8E040000 		.4byte	.LASF36
 491 02b3 5E030000 		.4byte	0x35e
 492 02b7 01       		.byte	0x1
 493 02b8 C0020000 		.4byte	0x2c0
 494 02bc CB020000 		.4byte	0x2cb
 495 02c0 0E       		.uleb128 0xe
 496 02c1 71030000 		.4byte	0x371
 497 02c5 0B       		.uleb128 0xb
 498 02c6 77030000 		.4byte	0x377
 499 02ca 00       		.byte	0
 500 02cb 13       		.uleb128 0x13
 501 02cc 2D000000 		.4byte	.LASF37
 502 02d0 03       		.byte	0x3
 503 02d1 73       		.byte	0x73
 504 02d2 D2030000 		.4byte	.LASF38
 505 02d6 5E030000 		.4byte	0x35e
 506 02da 01       		.byte	0x1
 507 02db E3020000 		.4byte	0x2e3
 508 02df E9020000 		.4byte	0x2e9
ARM GAS  /tmp/cc1fXCOG.s 			page 10


 509 02e3 0E       		.uleb128 0xe
 510 02e4 71030000 		.4byte	0x371
 511 02e8 00       		.byte	0
 512 02e9 0F       		.uleb128 0xf
 513 02ea 1F050000 		.4byte	.LASF39
 514 02ee 03       		.byte	0x3
 515 02ef 7D       		.byte	0x7d
 516 02f0 71030000 		.4byte	0x371
 517 02f4 01       		.byte	0x1
 518 02f5 FD020000 		.4byte	0x2fd
 519 02f9 0D030000 		.4byte	0x30d
 520 02fd 0E       		.uleb128 0xe
 521 02fe 71030000 		.4byte	0x371
 522 0302 0B       		.uleb128 0xb
 523 0303 65030000 		.4byte	0x365
 524 0307 0B       		.uleb128 0xb
 525 0308 2C000000 		.4byte	0x2c
 526 030c 00       		.byte	0
 527 030d 14       		.uleb128 0x14
 528 030e 11010000 		.4byte	.LASF50
 529 0312 6B030000 		.4byte	0x36b
 530 0316 00       		.byte	0
 531 0317 15       		.uleb128 0x15
 532 0318 1F000000 		.4byte	.LASF51
 533 031c 07       		.uleb128 0x7
 534 031d 97010000 		.4byte	0x197
 535 0321 16       		.uleb128 0x16
 536 0322 0F000000 		.4byte	.LASF40
 537 0326 14       		.byte	0x14
 538 0327 07       		.byte	0x7
 539 0328 0B       		.byte	0xb
 540 0329 17       		.uleb128 0x17
 541 032a 97010000 		.4byte	0x197
 542 032e 00       		.byte	0
 543 032f 01       		.byte	0x1
 544 0330 10       		.uleb128 0x10
 545 0331 0F000000 		.4byte	.LASF40
 546 0335 07       		.byte	0x7
 547 0336 0D       		.byte	0xd
 548 0337 83030000 		.4byte	0x383
 549 033b 01       		.byte	0x1
 550 033c 40030000 		.4byte	0x340
 551 0340 0E       		.uleb128 0xe
 552 0341 83030000 		.4byte	0x383
 553 0345 0B       		.uleb128 0xb
 554 0346 65030000 		.4byte	0x365
 555 034a 0B       		.uleb128 0xb
 556 034b 2C000000 		.4byte	0x2c
 557 034f 00       		.byte	0
 558 0350 00       		.byte	0
 559 0351 00       		.byte	0
 560 0352 06       		.uleb128 0x6
 561 0353 04       		.byte	0x4
 562 0354 32010000 		.4byte	0x132
 563 0358 18       		.uleb128 0x18
 564 0359 04       		.byte	0x4
 565 035a 92010000 		.4byte	0x192
ARM GAS  /tmp/cc1fXCOG.s 			page 11


 566 035e 04       		.uleb128 0x4
 567 035f 01       		.byte	0x1
 568 0360 02       		.byte	0x2
 569 0361 3B000000 		.4byte	.LASF41
 570 0365 06       		.uleb128 0x6
 571 0366 04       		.byte	0x4
 572 0367 6B030000 		.4byte	0x36b
 573 036b 06       		.uleb128 0x6
 574 036c 04       		.byte	0x4
 575 036d 17030000 		.4byte	0x317
 576 0371 06       		.uleb128 0x6
 577 0372 04       		.byte	0x4
 578 0373 97010000 		.4byte	0x197
 579 0377 18       		.uleb128 0x18
 580 0378 04       		.byte	0x4
 581 0379 6B030000 		.4byte	0x36b
 582 037d 06       		.uleb128 0x6
 583 037e 04       		.byte	0x4
 584 037f 1C030000 		.4byte	0x31c
 585 0383 06       		.uleb128 0x6
 586 0384 04       		.byte	0x4
 587 0385 21030000 		.4byte	0x321
 588 0389 19       		.uleb128 0x19
 589 038a 5C010000 		.4byte	0x15c
 590 038e 02       		.byte	0x2
 591 038f 97030000 		.4byte	0x397
 592 0393 A1030000 		.4byte	0x3a1
 593 0397 1A       		.uleb128 0x1a
 594 0398 24010000 		.4byte	.LASF42
 595 039c A1030000 		.4byte	0x3a1
 596 03a0 00       		.byte	0
 597 03a1 07       		.uleb128 0x7
 598 03a2 52030000 		.4byte	0x352
 599 03a6 1B       		.uleb128 0x1b
 600 03a7 89030000 		.4byte	0x389
 601 03ab 12040000 		.4byte	.LASF43
 602 03af 00000000 		.4byte	.LFB6
 603 03b3 0C000000 		.4byte	.LFE6-.LFB6
 604 03b7 01       		.uleb128 0x1
 605 03b8 9C       		.byte	0x9c
 606 03b9 C1030000 		.4byte	0x3c1
 607 03bd CA030000 		.4byte	0x3ca
 608 03c1 1C       		.uleb128 0x1c
 609 03c2 97030000 		.4byte	0x397
 610 03c6 02       		.uleb128 0x2
 611 03c7 91       		.byte	0x91
 612 03c8 7C       		.sleb128 -4
 613 03c9 00       		.byte	0
 614 03ca 1D       		.uleb128 0x1d
 615 03cb 30030000 		.4byte	0x330
 616 03cf 02       		.byte	0x2
 617 03d0 07       		.byte	0x7
 618 03d1 00       		.byte	0
 619 03d2 DA030000 		.4byte	0x3da
 620 03d6 FA030000 		.4byte	0x3fa
 621 03da 1A       		.uleb128 0x1a
 622 03db 24010000 		.4byte	.LASF42
ARM GAS  /tmp/cc1fXCOG.s 			page 12


 623 03df FA030000 		.4byte	0x3fa
 624 03e3 1E       		.uleb128 0x1e
 625 03e4 9B000000 		.4byte	.LASF18
 626 03e8 02       		.byte	0x2
 627 03e9 07       		.byte	0x7
 628 03ea 65030000 		.4byte	0x365
 629 03ee 1E       		.uleb128 0x1e
 630 03ef 12050000 		.4byte	.LASF19
 631 03f3 02       		.byte	0x2
 632 03f4 07       		.byte	0x7
 633 03f5 2C000000 		.4byte	0x2c
 634 03f9 00       		.byte	0
 635 03fa 07       		.uleb128 0x7
 636 03fb 83030000 		.4byte	0x383
 637 03ff 1F       		.uleb128 0x1f
 638 0400 CA030000 		.4byte	0x3ca
 639 0404 A2000000 		.4byte	.LASF44
 640 0408 00000000 		.4byte	.LFB49
 641 040c 20000000 		.4byte	.LFE49-.LFB49
 642 0410 01       		.uleb128 0x1
 643 0411 9C       		.byte	0x9c
 644 0412 1A040000 		.4byte	0x41a
 645 0416 33040000 		.4byte	0x433
 646 041a 1C       		.uleb128 0x1c
 647 041b DA030000 		.4byte	0x3da
 648 041f 02       		.uleb128 0x2
 649 0420 91       		.byte	0x91
 650 0421 74       		.sleb128 -12
 651 0422 1C       		.uleb128 0x1c
 652 0423 E3030000 		.4byte	0x3e3
 653 0427 02       		.uleb128 0x2
 654 0428 91       		.byte	0x91
 655 0429 70       		.sleb128 -16
 656 042a 1C       		.uleb128 0x1c
 657 042b EE030000 		.4byte	0x3ee
 658 042f 02       		.uleb128 0x2
 659 0430 91       		.byte	0x91
 660 0431 6C       		.sleb128 -20
 661 0432 00       		.byte	0
 662 0433 19       		.uleb128 0x19
 663 0434 E9020000 		.4byte	0x2e9
 664 0438 02       		.byte	0x2
 665 0439 41040000 		.4byte	0x441
 666 043d 61040000 		.4byte	0x461
 667 0441 1A       		.uleb128 0x1a
 668 0442 24010000 		.4byte	.LASF42
 669 0446 61040000 		.4byte	0x461
 670 044a 1E       		.uleb128 0x1e
 671 044b B2010000 		.4byte	.LASF45
 672 044f 03       		.byte	0x3
 673 0450 7D       		.byte	0x7d
 674 0451 65030000 		.4byte	0x365
 675 0455 1E       		.uleb128 0x1e
 676 0456 12050000 		.4byte	.LASF19
 677 045a 03       		.byte	0x3
 678 045b 7D       		.byte	0x7d
 679 045c 2C000000 		.4byte	0x2c
ARM GAS  /tmp/cc1fXCOG.s 			page 13


 680 0460 00       		.byte	0
 681 0461 07       		.uleb128 0x7
 682 0462 71030000 		.4byte	0x371
 683 0466 20       		.uleb128 0x20
 684 0467 33040000 		.4byte	0x433
 685 046b 40000000 		.4byte	.LASF52
 686 046f 00000000 		.4byte	.LFB52
 687 0473 54000000 		.4byte	.LFE52-.LFB52
 688 0477 01       		.uleb128 0x1
 689 0478 9C       		.byte	0x9c
 690 0479 7D040000 		.4byte	0x47d
 691 047d 1C       		.uleb128 0x1c
 692 047e 41040000 		.4byte	0x441
 693 0482 02       		.uleb128 0x2
 694 0483 91       		.byte	0x91
 695 0484 74       		.sleb128 -12
 696 0485 1C       		.uleb128 0x1c
 697 0486 4A040000 		.4byte	0x44a
 698 048a 02       		.uleb128 0x2
 699 048b 91       		.byte	0x91
 700 048c 70       		.sleb128 -16
 701 048d 1C       		.uleb128 0x1c
 702 048e 55040000 		.4byte	0x455
 703 0492 02       		.uleb128 0x2
 704 0493 91       		.byte	0x91
 705 0494 6C       		.sleb128 -20
 706 0495 00       		.byte	0
 707 0496 00       		.byte	0
 708              		.section	.debug_abbrev,"",%progbits
 709              	.Ldebug_abbrev0:
 710 0000 01       		.uleb128 0x1
 711 0001 11       		.uleb128 0x11
 712 0002 01       		.byte	0x1
 713 0003 25       		.uleb128 0x25
 714 0004 0E       		.uleb128 0xe
 715 0005 13       		.uleb128 0x13
 716 0006 0B       		.uleb128 0xb
 717 0007 03       		.uleb128 0x3
 718 0008 0E       		.uleb128 0xe
 719 0009 1B       		.uleb128 0x1b
 720 000a 0E       		.uleb128 0xe
 721 000b 55       		.uleb128 0x55
 722 000c 17       		.uleb128 0x17
 723 000d 11       		.uleb128 0x11
 724 000e 01       		.uleb128 0x1
 725 000f 10       		.uleb128 0x10
 726 0010 17       		.uleb128 0x17
 727 0011 00       		.byte	0
 728 0012 00       		.byte	0
 729 0013 02       		.uleb128 0x2
 730 0014 24       		.uleb128 0x24
 731 0015 00       		.byte	0
 732 0016 0B       		.uleb128 0xb
 733 0017 0B       		.uleb128 0xb
 734 0018 3E       		.uleb128 0x3e
 735 0019 0B       		.uleb128 0xb
 736 001a 03       		.uleb128 0x3
ARM GAS  /tmp/cc1fXCOG.s 			page 14


 737 001b 08       		.uleb128 0x8
 738 001c 00       		.byte	0
 739 001d 00       		.byte	0
 740 001e 03       		.uleb128 0x3
 741 001f 16       		.uleb128 0x16
 742 0020 00       		.byte	0
 743 0021 03       		.uleb128 0x3
 744 0022 0E       		.uleb128 0xe
 745 0023 3A       		.uleb128 0x3a
 746 0024 0B       		.uleb128 0xb
 747 0025 3B       		.uleb128 0x3b
 748 0026 0B       		.uleb128 0xb
 749 0027 49       		.uleb128 0x49
 750 0028 13       		.uleb128 0x13
 751 0029 00       		.byte	0
 752 002a 00       		.byte	0
 753 002b 04       		.uleb128 0x4
 754 002c 24       		.uleb128 0x24
 755 002d 00       		.byte	0
 756 002e 0B       		.uleb128 0xb
 757 002f 0B       		.uleb128 0xb
 758 0030 3E       		.uleb128 0x3e
 759 0031 0B       		.uleb128 0xb
 760 0032 03       		.uleb128 0x3
 761 0033 0E       		.uleb128 0xe
 762 0034 00       		.byte	0
 763 0035 00       		.byte	0
 764 0036 05       		.uleb128 0x5
 765 0037 0F       		.uleb128 0xf
 766 0038 00       		.byte	0
 767 0039 0B       		.uleb128 0xb
 768 003a 0B       		.uleb128 0xb
 769 003b 00       		.byte	0
 770 003c 00       		.byte	0
 771 003d 06       		.uleb128 0x6
 772 003e 0F       		.uleb128 0xf
 773 003f 00       		.byte	0
 774 0040 0B       		.uleb128 0xb
 775 0041 0B       		.uleb128 0xb
 776 0042 49       		.uleb128 0x49
 777 0043 13       		.uleb128 0x13
 778 0044 00       		.byte	0
 779 0045 00       		.byte	0
 780 0046 07       		.uleb128 0x7
 781 0047 26       		.uleb128 0x26
 782 0048 00       		.byte	0
 783 0049 49       		.uleb128 0x49
 784 004a 13       		.uleb128 0x13
 785 004b 00       		.byte	0
 786 004c 00       		.byte	0
 787 004d 08       		.uleb128 0x8
 788 004e 39       		.uleb128 0x39
 789 004f 01       		.byte	0x1
 790 0050 03       		.uleb128 0x3
 791 0051 08       		.uleb128 0x8
 792 0052 3A       		.uleb128 0x3a
 793 0053 0B       		.uleb128 0xb
ARM GAS  /tmp/cc1fXCOG.s 			page 15


 794 0054 3B       		.uleb128 0x3b
 795 0055 0B       		.uleb128 0xb
 796 0056 01       		.uleb128 0x1
 797 0057 13       		.uleb128 0x13
 798 0058 00       		.byte	0
 799 0059 00       		.byte	0
 800 005a 09       		.uleb128 0x9
 801 005b 08       		.uleb128 0x8
 802 005c 00       		.byte	0
 803 005d 3A       		.uleb128 0x3a
 804 005e 0B       		.uleb128 0xb
 805 005f 3B       		.uleb128 0x3b
 806 0060 0B       		.uleb128 0xb
 807 0061 18       		.uleb128 0x18
 808 0062 13       		.uleb128 0x13
 809 0063 00       		.byte	0
 810 0064 00       		.byte	0
 811 0065 0A       		.uleb128 0xa
 812 0066 2E       		.uleb128 0x2e
 813 0067 01       		.byte	0x1
 814 0068 3F       		.uleb128 0x3f
 815 0069 19       		.uleb128 0x19
 816 006a 03       		.uleb128 0x3
 817 006b 0E       		.uleb128 0xe
 818 006c 3A       		.uleb128 0x3a
 819 006d 0B       		.uleb128 0xb
 820 006e 3B       		.uleb128 0x3b
 821 006f 0B       		.uleb128 0xb
 822 0070 49       		.uleb128 0x49
 823 0071 13       		.uleb128 0x13
 824 0072 3C       		.uleb128 0x3c
 825 0073 19       		.uleb128 0x19
 826 0074 01       		.uleb128 0x1
 827 0075 13       		.uleb128 0x13
 828 0076 00       		.byte	0
 829 0077 00       		.byte	0
 830 0078 0B       		.uleb128 0xb
 831 0079 05       		.uleb128 0x5
 832 007a 00       		.byte	0
 833 007b 49       		.uleb128 0x49
 834 007c 13       		.uleb128 0x13
 835 007d 00       		.byte	0
 836 007e 00       		.byte	0
 837 007f 0C       		.uleb128 0xc
 838 0080 02       		.uleb128 0x2
 839 0081 01       		.byte	0x1
 840 0082 03       		.uleb128 0x3
 841 0083 0E       		.uleb128 0xe
 842 0084 0B       		.uleb128 0xb
 843 0085 0B       		.uleb128 0xb
 844 0086 3A       		.uleb128 0x3a
 845 0087 0B       		.uleb128 0xb
 846 0088 3B       		.uleb128 0x3b
 847 0089 0B       		.uleb128 0xb
 848 008a 01       		.uleb128 0x1
 849 008b 13       		.uleb128 0x13
 850 008c 00       		.byte	0
ARM GAS  /tmp/cc1fXCOG.s 			page 16


 851 008d 00       		.byte	0
 852 008e 0D       		.uleb128 0xd
 853 008f 2E       		.uleb128 0x2e
 854 0090 01       		.byte	0x1
 855 0091 3F       		.uleb128 0x3f
 856 0092 19       		.uleb128 0x19
 857 0093 03       		.uleb128 0x3
 858 0094 0E       		.uleb128 0xe
 859 0095 3A       		.uleb128 0x3a
 860 0096 0B       		.uleb128 0xb
 861 0097 3B       		.uleb128 0x3b
 862 0098 0B       		.uleb128 0xb
 863 0099 49       		.uleb128 0x49
 864 009a 13       		.uleb128 0x13
 865 009b 3C       		.uleb128 0x3c
 866 009c 19       		.uleb128 0x19
 867 009d 64       		.uleb128 0x64
 868 009e 13       		.uleb128 0x13
 869 009f 01       		.uleb128 0x1
 870 00a0 13       		.uleb128 0x13
 871 00a1 00       		.byte	0
 872 00a2 00       		.byte	0
 873 00a3 0E       		.uleb128 0xe
 874 00a4 05       		.uleb128 0x5
 875 00a5 00       		.byte	0
 876 00a6 49       		.uleb128 0x49
 877 00a7 13       		.uleb128 0x13
 878 00a8 34       		.uleb128 0x34
 879 00a9 19       		.uleb128 0x19
 880 00aa 00       		.byte	0
 881 00ab 00       		.byte	0
 882 00ac 0F       		.uleb128 0xf
 883 00ad 2E       		.uleb128 0x2e
 884 00ae 01       		.byte	0x1
 885 00af 3F       		.uleb128 0x3f
 886 00b0 19       		.uleb128 0x19
 887 00b1 03       		.uleb128 0x3
 888 00b2 0E       		.uleb128 0xe
 889 00b3 3A       		.uleb128 0x3a
 890 00b4 0B       		.uleb128 0xb
 891 00b5 3B       		.uleb128 0x3b
 892 00b6 0B       		.uleb128 0xb
 893 00b7 49       		.uleb128 0x49
 894 00b8 13       		.uleb128 0x13
 895 00b9 32       		.uleb128 0x32
 896 00ba 0B       		.uleb128 0xb
 897 00bb 3C       		.uleb128 0x3c
 898 00bc 19       		.uleb128 0x19
 899 00bd 64       		.uleb128 0x64
 900 00be 13       		.uleb128 0x13
 901 00bf 01       		.uleb128 0x1
 902 00c0 13       		.uleb128 0x13
 903 00c1 00       		.byte	0
 904 00c2 00       		.byte	0
 905 00c3 10       		.uleb128 0x10
 906 00c4 2E       		.uleb128 0x2e
 907 00c5 01       		.byte	0x1
ARM GAS  /tmp/cc1fXCOG.s 			page 17


 908 00c6 3F       		.uleb128 0x3f
 909 00c7 19       		.uleb128 0x19
 910 00c8 03       		.uleb128 0x3
 911 00c9 0E       		.uleb128 0xe
 912 00ca 3A       		.uleb128 0x3a
 913 00cb 0B       		.uleb128 0xb
 914 00cc 3B       		.uleb128 0x3b
 915 00cd 0B       		.uleb128 0xb
 916 00ce 49       		.uleb128 0x49
 917 00cf 13       		.uleb128 0x13
 918 00d0 32       		.uleb128 0x32
 919 00d1 0B       		.uleb128 0xb
 920 00d2 3C       		.uleb128 0x3c
 921 00d3 19       		.uleb128 0x19
 922 00d4 64       		.uleb128 0x64
 923 00d5 13       		.uleb128 0x13
 924 00d6 00       		.byte	0
 925 00d7 00       		.byte	0
 926 00d8 11       		.uleb128 0x11
 927 00d9 1C       		.uleb128 0x1c
 928 00da 00       		.byte	0
 929 00db 49       		.uleb128 0x49
 930 00dc 13       		.uleb128 0x13
 931 00dd 38       		.uleb128 0x38
 932 00de 0B       		.uleb128 0xb
 933 00df 00       		.byte	0
 934 00e0 00       		.byte	0
 935 00e1 12       		.uleb128 0x12
 936 00e2 0D       		.uleb128 0xd
 937 00e3 00       		.byte	0
 938 00e4 03       		.uleb128 0x3
 939 00e5 0E       		.uleb128 0xe
 940 00e6 3A       		.uleb128 0x3a
 941 00e7 0B       		.uleb128 0xb
 942 00e8 3B       		.uleb128 0x3b
 943 00e9 0B       		.uleb128 0xb
 944 00ea 49       		.uleb128 0x49
 945 00eb 13       		.uleb128 0x13
 946 00ec 38       		.uleb128 0x38
 947 00ed 0B       		.uleb128 0xb
 948 00ee 00       		.byte	0
 949 00ef 00       		.byte	0
 950 00f0 13       		.uleb128 0x13
 951 00f1 2E       		.uleb128 0x2e
 952 00f2 01       		.byte	0x1
 953 00f3 3F       		.uleb128 0x3f
 954 00f4 19       		.uleb128 0x19
 955 00f5 03       		.uleb128 0x3
 956 00f6 0E       		.uleb128 0xe
 957 00f7 3A       		.uleb128 0x3a
 958 00f8 0B       		.uleb128 0xb
 959 00f9 3B       		.uleb128 0x3b
 960 00fa 0B       		.uleb128 0xb
 961 00fb 6E       		.uleb128 0x6e
 962 00fc 0E       		.uleb128 0xe
 963 00fd 49       		.uleb128 0x49
 964 00fe 13       		.uleb128 0x13
ARM GAS  /tmp/cc1fXCOG.s 			page 18


 965 00ff 32       		.uleb128 0x32
 966 0100 0B       		.uleb128 0xb
 967 0101 3C       		.uleb128 0x3c
 968 0102 19       		.uleb128 0x19
 969 0103 64       		.uleb128 0x64
 970 0104 13       		.uleb128 0x13
 971 0105 01       		.uleb128 0x1
 972 0106 13       		.uleb128 0x13
 973 0107 00       		.byte	0
 974 0108 00       		.byte	0
 975 0109 14       		.uleb128 0x14
 976 010a 2F       		.uleb128 0x2f
 977 010b 00       		.byte	0
 978 010c 03       		.uleb128 0x3
 979 010d 0E       		.uleb128 0xe
 980 010e 49       		.uleb128 0x49
 981 010f 13       		.uleb128 0x13
 982 0110 00       		.byte	0
 983 0111 00       		.byte	0
 984 0112 15       		.uleb128 0x15
 985 0113 02       		.uleb128 0x2
 986 0114 00       		.byte	0
 987 0115 03       		.uleb128 0x3
 988 0116 0E       		.uleb128 0xe
 989 0117 3C       		.uleb128 0x3c
 990 0118 19       		.uleb128 0x19
 991 0119 00       		.byte	0
 992 011a 00       		.byte	0
 993 011b 16       		.uleb128 0x16
 994 011c 02       		.uleb128 0x2
 995 011d 01       		.byte	0x1
 996 011e 03       		.uleb128 0x3
 997 011f 0E       		.uleb128 0xe
 998 0120 0B       		.uleb128 0xb
 999 0121 0B       		.uleb128 0xb
 1000 0122 3A       		.uleb128 0x3a
 1001 0123 0B       		.uleb128 0xb
 1002 0124 3B       		.uleb128 0x3b
 1003 0125 0B       		.uleb128 0xb
 1004 0126 00       		.byte	0
 1005 0127 00       		.byte	0
 1006 0128 17       		.uleb128 0x17
 1007 0129 1C       		.uleb128 0x1c
 1008 012a 00       		.byte	0
 1009 012b 49       		.uleb128 0x49
 1010 012c 13       		.uleb128 0x13
 1011 012d 38       		.uleb128 0x38
 1012 012e 0B       		.uleb128 0xb
 1013 012f 32       		.uleb128 0x32
 1014 0130 0B       		.uleb128 0xb
 1015 0131 00       		.byte	0
 1016 0132 00       		.byte	0
 1017 0133 18       		.uleb128 0x18
 1018 0134 10       		.uleb128 0x10
 1019 0135 00       		.byte	0
 1020 0136 0B       		.uleb128 0xb
 1021 0137 0B       		.uleb128 0xb
ARM GAS  /tmp/cc1fXCOG.s 			page 19


 1022 0138 49       		.uleb128 0x49
 1023 0139 13       		.uleb128 0x13
 1024 013a 00       		.byte	0
 1025 013b 00       		.byte	0
 1026 013c 19       		.uleb128 0x19
 1027 013d 2E       		.uleb128 0x2e
 1028 013e 01       		.byte	0x1
 1029 013f 47       		.uleb128 0x47
 1030 0140 13       		.uleb128 0x13
 1031 0141 20       		.uleb128 0x20
 1032 0142 0B       		.uleb128 0xb
 1033 0143 64       		.uleb128 0x64
 1034 0144 13       		.uleb128 0x13
 1035 0145 01       		.uleb128 0x1
 1036 0146 13       		.uleb128 0x13
 1037 0147 00       		.byte	0
 1038 0148 00       		.byte	0
 1039 0149 1A       		.uleb128 0x1a
 1040 014a 05       		.uleb128 0x5
 1041 014b 00       		.byte	0
 1042 014c 03       		.uleb128 0x3
 1043 014d 0E       		.uleb128 0xe
 1044 014e 49       		.uleb128 0x49
 1045 014f 13       		.uleb128 0x13
 1046 0150 34       		.uleb128 0x34
 1047 0151 19       		.uleb128 0x19
 1048 0152 00       		.byte	0
 1049 0153 00       		.byte	0
 1050 0154 1B       		.uleb128 0x1b
 1051 0155 2E       		.uleb128 0x2e
 1052 0156 01       		.byte	0x1
 1053 0157 31       		.uleb128 0x31
 1054 0158 13       		.uleb128 0x13
 1055 0159 6E       		.uleb128 0x6e
 1056 015a 0E       		.uleb128 0xe
 1057 015b 11       		.uleb128 0x11
 1058 015c 01       		.uleb128 0x1
 1059 015d 12       		.uleb128 0x12
 1060 015e 06       		.uleb128 0x6
 1061 015f 40       		.uleb128 0x40
 1062 0160 18       		.uleb128 0x18
 1063 0161 64       		.uleb128 0x64
 1064 0162 13       		.uleb128 0x13
 1065 0163 9742     		.uleb128 0x2117
 1066 0165 19       		.uleb128 0x19
 1067 0166 01       		.uleb128 0x1
 1068 0167 13       		.uleb128 0x13
 1069 0168 00       		.byte	0
 1070 0169 00       		.byte	0
 1071 016a 1C       		.uleb128 0x1c
 1072 016b 05       		.uleb128 0x5
 1073 016c 00       		.byte	0
 1074 016d 31       		.uleb128 0x31
 1075 016e 13       		.uleb128 0x13
 1076 016f 02       		.uleb128 0x2
 1077 0170 18       		.uleb128 0x18
 1078 0171 00       		.byte	0
ARM GAS  /tmp/cc1fXCOG.s 			page 20


 1079 0172 00       		.byte	0
 1080 0173 1D       		.uleb128 0x1d
 1081 0174 2E       		.uleb128 0x2e
 1082 0175 01       		.byte	0x1
 1083 0176 47       		.uleb128 0x47
 1084 0177 13       		.uleb128 0x13
 1085 0178 3A       		.uleb128 0x3a
 1086 0179 0B       		.uleb128 0xb
 1087 017a 3B       		.uleb128 0x3b
 1088 017b 0B       		.uleb128 0xb
 1089 017c 20       		.uleb128 0x20
 1090 017d 0B       		.uleb128 0xb
 1091 017e 64       		.uleb128 0x64
 1092 017f 13       		.uleb128 0x13
 1093 0180 01       		.uleb128 0x1
 1094 0181 13       		.uleb128 0x13
 1095 0182 00       		.byte	0
 1096 0183 00       		.byte	0
 1097 0184 1E       		.uleb128 0x1e
 1098 0185 05       		.uleb128 0x5
 1099 0186 00       		.byte	0
 1100 0187 03       		.uleb128 0x3
 1101 0188 0E       		.uleb128 0xe
 1102 0189 3A       		.uleb128 0x3a
 1103 018a 0B       		.uleb128 0xb
 1104 018b 3B       		.uleb128 0x3b
 1105 018c 0B       		.uleb128 0xb
 1106 018d 49       		.uleb128 0x49
 1107 018e 13       		.uleb128 0x13
 1108 018f 00       		.byte	0
 1109 0190 00       		.byte	0
 1110 0191 1F       		.uleb128 0x1f
 1111 0192 2E       		.uleb128 0x2e
 1112 0193 01       		.byte	0x1
 1113 0194 31       		.uleb128 0x31
 1114 0195 13       		.uleb128 0x13
 1115 0196 6E       		.uleb128 0x6e
 1116 0197 0E       		.uleb128 0xe
 1117 0198 11       		.uleb128 0x11
 1118 0199 01       		.uleb128 0x1
 1119 019a 12       		.uleb128 0x12
 1120 019b 06       		.uleb128 0x6
 1121 019c 40       		.uleb128 0x40
 1122 019d 18       		.uleb128 0x18
 1123 019e 64       		.uleb128 0x64
 1124 019f 13       		.uleb128 0x13
 1125 01a0 9642     		.uleb128 0x2116
 1126 01a2 19       		.uleb128 0x19
 1127 01a3 01       		.uleb128 0x1
 1128 01a4 13       		.uleb128 0x13
 1129 01a5 00       		.byte	0
 1130 01a6 00       		.byte	0
 1131 01a7 20       		.uleb128 0x20
 1132 01a8 2E       		.uleb128 0x2e
 1133 01a9 01       		.byte	0x1
 1134 01aa 31       		.uleb128 0x31
 1135 01ab 13       		.uleb128 0x13
ARM GAS  /tmp/cc1fXCOG.s 			page 21


 1136 01ac 6E       		.uleb128 0x6e
 1137 01ad 0E       		.uleb128 0xe
 1138 01ae 11       		.uleb128 0x11
 1139 01af 01       		.uleb128 0x1
 1140 01b0 12       		.uleb128 0x12
 1141 01b1 06       		.uleb128 0x6
 1142 01b2 40       		.uleb128 0x40
 1143 01b3 18       		.uleb128 0x18
 1144 01b4 64       		.uleb128 0x64
 1145 01b5 13       		.uleb128 0x13
 1146 01b6 9642     		.uleb128 0x2116
 1147 01b8 19       		.uleb128 0x19
 1148 01b9 00       		.byte	0
 1149 01ba 00       		.byte	0
 1150 01bb 00       		.byte	0
 1151              		.section	.debug_aranges,"",%progbits
 1152 0000 2C000000 		.4byte	0x2c
 1153 0004 0200     		.2byte	0x2
 1154 0006 00000000 		.4byte	.Ldebug_info0
 1155 000a 04       		.byte	0x4
 1156 000b 00       		.byte	0
 1157 000c 0000     		.2byte	0
 1158 000e 0000     		.2byte	0
 1159 0010 00000000 		.4byte	.LFB6
 1160 0014 0C000000 		.4byte	.LFE6-.LFB6
 1161 0018 00000000 		.4byte	.LFB49
 1162 001c 20000000 		.4byte	.LFE49-.LFB49
 1163 0020 00000000 		.4byte	.LFB52
 1164 0024 54000000 		.4byte	.LFE52-.LFB52
 1165 0028 00000000 		.4byte	0
 1166 002c 00000000 		.4byte	0
 1167              		.section	.debug_ranges,"",%progbits
 1168              	.Ldebug_ranges0:
 1169 0000 00000000 		.4byte	.LFB6
 1170 0004 0C000000 		.4byte	.LFE6
 1171 0008 00000000 		.4byte	.LFB49
 1172 000c 20000000 		.4byte	.LFE49
 1173 0010 00000000 		.4byte	.LFB52
 1174 0014 54000000 		.4byte	.LFE52
 1175 0018 00000000 		.4byte	0
 1176 001c 00000000 		.4byte	0
 1177              		.section	.debug_line,"",%progbits
 1178              	.Ldebug_line0:
 1179 0000 39020000 		.section	.debug_str,"MS",%progbits,1
 1179      0200ED01 
 1179      00000201 
 1179      FB0E0D00 
 1179      01010101 
 1180              	.LASF11:
 1181 0000 73747263 		.ascii	"strcoll\000"
 1181      6F6C6C00 
 1182              	.LASF49:
 1183 0008 73697A65 		.ascii	"size_t\000"
 1183      5F7400
 1184              	.LASF40:
 1185 000f 4D657373 		.ascii	"MessagePtrQueue\000"
 1185      61676550 
ARM GAS  /tmp/cc1fXCOG.s 			page 22


 1185      74725175 
 1185      65756500 
 1186              	.LASF51:
 1187 001f 4D657373 		.ascii	"Message\000"
 1187      61676500 
 1188              	.LASF20:
 1189 0027 636F756E 		.ascii	"count\000"
 1189      7400
 1190              	.LASF37:
 1191 002d 736B6970 		.ascii	"skip\000"
 1191      00
 1192              	.LASF5:
 1193 0032 6C6F6E67 		.ascii	"long int\000"
 1193      20696E74 
 1193      00
 1194              	.LASF41:
 1195 003b 626F6F6C 		.ascii	"bool\000"
 1195      00
 1196              	.LASF52:
 1197 0040 5F5A4E33 		.ascii	"_ZN3r2p10ArrayQueueIPNS_7MessageEEC2EPS2_j\000"
 1197      72327031 
 1197      30417272 
 1197      61795175 
 1197      65756549 
 1198              	.LASF32:
 1199 006b 5F5A4E4B 		.ascii	"_ZNK3r2p10ArrayQueueIPNS_7MessageEE9get_countEv\000"
 1199      33723270 
 1199      31304172 
 1199      72617951 
 1199      75657565 
 1200              	.LASF18:
 1201 009b 61727261 		.ascii	"arrayp\000"
 1201      797000
 1202              	.LASF44:
 1203 00a2 5F5A4E33 		.ascii	"_ZN3r2p15MessagePtrQueueC2EPPNS_7MessageEj\000"
 1203      72327031 
 1203      354D6573 
 1203      73616765 
 1203      50747251 
 1204              	.LASF34:
 1205 00cd 5F5A4E33 		.ascii	"_ZN3r2p10ArrayQueueIPNS_7MessageEE4postES2_\000"
 1205      72327031 
 1205      30417272 
 1205      61795175 
 1205      65756549 
 1206              	.LASF1:
 1207 00f9 7369676E 		.ascii	"signed char\000"
 1207      65642063 
 1207      68617200 
 1208              	.LASF27:
 1209 0105 736B6970 		.ascii	"skip_unsafe\000"
 1209      5F756E73 
 1209      61666500 
 1210              	.LASF50:
 1211 0111 4974656D 		.ascii	"Item\000"
 1211      00
 1212              	.LASF2:
ARM GAS  /tmp/cc1fXCOG.s 			page 23


 1213 0116 756E7369 		.ascii	"unsigned char\000"
 1213      676E6564 
 1213      20636861 
 1213      7200
 1214              	.LASF42:
 1215 0124 74686973 		.ascii	"this\000"
 1215      00
 1216              	.LASF30:
 1217 0129 5F5A4E4B 		.ascii	"_ZNK3r2p10ArrayQueueIPNS_7MessageEE10get_lengthEv\000"
 1217      33723270 
 1217      31304172 
 1217      72617951 
 1217      75657565 
 1218              	.LASF6:
 1219 015b 6C6F6E67 		.ascii	"long unsigned int\000"
 1219      20756E73 
 1219      69676E65 
 1219      6420696E 
 1219      7400
 1220              	.LASF4:
 1221 016d 73686F72 		.ascii	"short unsigned int\000"
 1221      7420756E 
 1221      7369676E 
 1221      65642069 
 1221      6E7400
 1222              	.LASF28:
 1223 0180 5F5A4E33 		.ascii	"_ZN3r2p10ArrayQueueIPNS_7MessageEE11skip_unsafeEv\000"
 1223      72327031 
 1223      30417272 
 1223      61795175 
 1223      65756549 
 1224              	.LASF45:
 1225 01b2 61727261 		.ascii	"array\000"
 1225      7900
 1226              	.LASF25:
 1227 01b8 5F5A4E33 		.ascii	"_ZN3r2p10ArrayQueueIPNS_7MessageEE11post_unsafeES2_"
 1227      72327031 
 1227      30417272 
 1227      61795175 
 1227      65756549 
 1228 01eb 00       		.ascii	"\000"
 1229              	.LASF35:
 1230 01ec 66657463 		.ascii	"fetch\000"
 1230      6800
 1231              	.LASF15:
 1232 01f2 556E636F 		.ascii	"Uncopyable\000"
 1232      70796162 
 1232      6C6500
 1233              	.LASF14:
 1234 01fd 73747278 		.ascii	"strxfrm\000"
 1234      66726D00 
 1235              	.LASF16:
 1236 0205 7E556E63 		.ascii	"~Uncopyable\000"
 1236      6F707961 
 1236      626C6500 
 1237              	.LASF0:
 1238 0211 756E7369 		.ascii	"unsigned int\000"
ARM GAS  /tmp/cc1fXCOG.s 			page 24


 1238      676E6564 
 1238      20696E74 
 1238      00
 1239              	.LASF46:
 1240 021e 474E5520 		.ascii	"GNU C++ 4.9.3 20141119 (release) [ARM/embedded-4_9-"
 1240      432B2B20 
 1240      342E392E 
 1240      33203230 
 1240      31343131 
 1241 0251 6272616E 		.ascii	"branch revision 218278] -mcpu=cortex-m4 -mfloat-abi"
 1241      63682072 
 1241      65766973 
 1241      696F6E20 
 1241      32313832 
 1242 0284 3D686172 		.ascii	"=hard -mfpu=fpv4-sp-d16 -mno-thumb-interwork -mthum"
 1242      64202D6D 
 1242      6670753D 
 1242      66707634 
 1242      2D73702D 
 1243 02b7 62202D67 		.ascii	"b -ggdb -O0 -fomit-frame-pointer -falign-functions="
 1243      67646220 
 1243      2D4F3020 
 1243      2D666F6D 
 1243      69742D66 
 1244 02ea 3136202D 		.ascii	"16 -ffunction-sections -fdata-sections -fno-common "
 1244      6666756E 
 1244      6374696F 
 1244      6E2D7365 
 1244      6374696F 
 1245 031d 2D667369 		.ascii	"-fsingle-precision-constant -fno-rtti -fno-exceptio"
 1245      6E676C65 
 1245      2D707265 
 1245      63697369 
 1245      6F6E2D63 
 1246 0350 6E73202D 		.ascii	"ns -fno-threadsafe-statics\000"
 1246      666E6F2D 
 1246      74687265 
 1246      61647361 
 1246      66652D73 
 1247              	.LASF13:
 1248 036b 73747274 		.ascii	"strtok\000"
 1248      6F6B00
 1249              	.LASF8:
 1250 0372 6C6F6E67 		.ascii	"long long unsigned int\000"
 1250      206C6F6E 
 1250      6720756E 
 1250      7369676E 
 1250      65642069 
 1251              	.LASF17:
 1252 0389 41727261 		.ascii	"ArrayQueue<r2p::Message*>\000"
 1252      79517565 
 1252      75653C72 
 1252      32703A3A 
 1252      4D657373 
 1253              	.LASF48:
 1254 03a3 2F686F6D 		.ascii	"/home/ergae/r2p-sdk/workspace-triskarpixy/USB/\000"
 1254      652F6572 
ARM GAS  /tmp/cc1fXCOG.s 			page 25


 1254      6761652F 
 1254      7232702D 
 1254      73646B2F 
 1255              	.LASF38:
 1256 03d2 5F5A4E33 		.ascii	"_ZN3r2p10ArrayQueueIPNS_7MessageEE4skipEv\000"
 1256      72327031 
 1256      30417272 
 1256      61795175 
 1256      65756549 
 1257              	.LASF24:
 1258 03fc 66657463 		.ascii	"fetch_unsafe\000"
 1258      685F756E 
 1258      73616665 
 1258      00
 1259              	.LASF9:
 1260 0409 73697A65 		.ascii	"sizetype\000"
 1260      74797065 
 1260      00
 1261              	.LASF43:
 1262 0412 5F5A4E33 		.ascii	"_ZN3r2p10UncopyableC2Ev\000"
 1262      72327031 
 1262      30556E63 
 1262      6F707961 
 1262      626C6543 
 1263              	.LASF7:
 1264 042a 6C6F6E67 		.ascii	"long long int\000"
 1264      206C6F6E 
 1264      6720696E 
 1264      7400
 1265              	.LASF10:
 1266 0438 63686172 		.ascii	"char\000"
 1266      00
 1267              	.LASF23:
 1268 043d 706F7374 		.ascii	"post_unsafe\000"
 1268      5F756E73 
 1268      61666500 
 1269              	.LASF3:
 1270 0449 73686F72 		.ascii	"short int\000"
 1270      7420696E 
 1270      7400
 1271              	.LASF26:
 1272 0453 5F5A4E33 		.ascii	"_ZN3r2p10ArrayQueueIPNS_7MessageEE12fetch_unsafeERS"
 1272      72327031 
 1272      30417272 
 1272      61795175 
 1272      65756549 
 1273 0486 325F00   		.ascii	"2_\000"
 1274              	.LASF33:
 1275 0489 706F7374 		.ascii	"post\000"
 1275      00
 1276              	.LASF36:
 1277 048e 5F5A4E33 		.ascii	"_ZN3r2p10ArrayQueueIPNS_7MessageEE5fetchERS2_\000"
 1277      72327031 
 1277      30417272 
 1277      61795175 
 1277      65756549 
 1278              	.LASF12:
ARM GAS  /tmp/cc1fXCOG.s 			page 26


 1279 04bc 73747265 		.ascii	"strerror\000"
 1279      72726F72 
 1279      00
 1280              	.LASF22:
 1281 04c5 7461696C 		.ascii	"tailp\000"
 1281      7000
 1282              	.LASF47:
 1283 04cb 2F686F6D 		.ascii	"/home/ergae/r2p-sdk/core/Middleware/src/MessagePtrQ"
 1283      652F6572 
 1283      6761652F 
 1283      7232702D 
 1283      73646B2F 
 1284 04fe 75657565 		.ascii	"ueue.cpp\000"
 1284      2E637070 
 1284      00
 1285              	.LASF29:
 1286 0507 6765745F 		.ascii	"get_length\000"
 1286      6C656E67 
 1286      746800
 1287              	.LASF19:
 1288 0512 6C656E67 		.ascii	"length\000"
 1288      746800
 1289              	.LASF21:
 1290 0519 68656164 		.ascii	"headp\000"
 1290      7000
 1291              	.LASF39:
 1292 051f 41727261 		.ascii	"ArrayQueue\000"
 1292      79517565 
 1292      756500
 1293              	.LASF31:
 1294 052a 6765745F 		.ascii	"get_count\000"
 1294      636F756E 
 1294      7400
 1295              		.ident	"GCC: (GNU Tools for ARM Embedded Processors) 4.9.3 20141119 (release) [ARM/embedded-4_9-br
ARM GAS  /tmp/cc1fXCOG.s 			page 27


DEFINED SYMBOLS
                            *ABS*:00000000 MessagePtrQueue.cpp
     /tmp/cc1fXCOG.s:21     .text._ZN3r2p10UncopyableC2Ev:00000000 $t
     /tmp/cc1fXCOG.s:27     .text._ZN3r2p10UncopyableC2Ev:00000000 _ZN3r2p10UncopyableC2Ev
     /tmp/cc1fXCOG.s:27     .text._ZN3r2p10UncopyableC2Ev:00000000 _ZN3r2p10UncopyableC1Ev
     /tmp/cc1fXCOG.s:51     .text._ZN3r2p15MessagePtrQueueC2EPPNS_7MessageEj:00000000 $t
     /tmp/cc1fXCOG.s:57     .text._ZN3r2p15MessagePtrQueueC2EPPNS_7MessageEj:00000000 _ZN3r2p15MessagePtrQueueC2EPPNS_7MessageEj
     /tmp/cc1fXCOG.s:103    .text._ZN3r2p10ArrayQueueIPNS_7MessageEEC2EPS2_j:00000000 _ZN3r2p10ArrayQueueIPNS_7MessageEEC2EPS2_j
     /tmp/cc1fXCOG.s:57     .text._ZN3r2p15MessagePtrQueueC2EPPNS_7MessageEj:00000000 _ZN3r2p15MessagePtrQueueC1EPPNS_7MessageEj
     /tmp/cc1fXCOG.s:93     .rodata:00000000 $d
     /tmp/cc1fXCOG.s:97     .text._ZN3r2p10ArrayQueueIPNS_7MessageEEC2EPS2_j:00000000 $t
     /tmp/cc1fXCOG.s:164    .text._ZN3r2p10ArrayQueueIPNS_7MessageEEC2EPS2_j:00000050 $d
     /tmp/cc1fXCOG.s:103    .text._ZN3r2p10ArrayQueueIPNS_7MessageEEC2EPS2_j:00000000 _ZN3r2p10ArrayQueueIPNS_7MessageEEC1EPS2_j
                     .debug_frame:00000010 $d
     /tmp/cc1fXCOG.s:170    .text._ZN3r2p10ArrayQueueIPNS_7MessageEEC2EPS2_j:00000054 $t
                           .group:00000000 _ZN3r2p10UncopyableC5Ev
                           .group:00000000 _ZN3r2p10ArrayQueueIPNS_7MessageEEC5EPS2_j

UNDEFINED SYMBOLS
chDbgPanic
