ARM GAS  /tmp/ccqLg0RN.s 			page 1


   1              		.syntax unified
   2              		.cpu cortex-m4
   3              		.eabi_attribute 27, 3
   4              		.eabi_attribute 28, 1
   5              		.fpu fpv4-sp-d16
   6              		.eabi_attribute 20, 1
   7              		.eabi_attribute 21, 1
   8              		.eabi_attribute 23, 3
   9              		.eabi_attribute 24, 1
  10              		.eabi_attribute 25, 1
  11              		.eabi_attribute 26, 1
  12              		.eabi_attribute 30, 6
  13              		.eabi_attribute 34, 1
  14              		.eabi_attribute 18, 4
  15              		.thumb
  16              		.file	"pal.c"
  17              		.text
  18              	.Ltext0:
  19              		.cfi_sections	.debug_frame
  20              		.section	.rodata
  21              		.align	2
  22              	.LC0:
  23 0000 2270616C 		.ascii	"\"palReadBus\"()\000"
  23      52656164 
  23      42757322 
  23      282900
  24              		.section	.text.palReadBus,"ax",%progbits
  25              		.align	2
  26              		.p2align 4,,15
  27              		.global	palReadBus
  28              		.thumb
  29              		.thumb_func
  30              		.type	palReadBus, %function
  31              	palReadBus:
  32              	.LFB118:
  33              		.file 1 "/home/ergae/r2p-sdk/core/ChibiOS/os/hal/src/pal.c"
  34              		.loc 1 77 0
  35              		.cfi_startproc
  36              		@ args = 0, pretend = 0, frame = 8
  37              		@ frame_needed = 0, uses_anonymous_args = 0
  38 0000 00B5     		push	{lr}
  39              		.cfi_def_cfa_offset 4
  40              		.cfi_offset 14, -4
  41 0002 83B0     		sub	sp, sp, #12
  42              		.cfi_def_cfa_offset 16
  43 0004 0190     		str	r0, [sp, #4]
  44              		.loc 1 79 0
  45 0006 019B     		ldr	r3, [sp, #4]
  46 0008 002B     		cmp	r3, #0
  47 000a 03D0     		beq	.L2
  48              		.loc 1 79 0 is_stmt 0 discriminator 2
  49 000c 019B     		ldr	r3, [sp, #4]
  50 000e 9B68     		ldr	r3, [r3, #8]
  51 0010 0F2B     		cmp	r3, #15
  52 0012 02D9     		bls	.L3
  53              	.L2:
  54              		.loc 1 79 0 discriminator 3
ARM GAS  /tmp/ccqLg0RN.s 			page 2


  55 0014 0848     		ldr	r0, .L5
  56 0016 FFF7FEFF 		bl	chDbgPanic
  57              	.L3:
  58              		.loc 1 82 0 is_stmt 1
  59 001a 019B     		ldr	r3, [sp, #4]
  60 001c 1B68     		ldr	r3, [r3]
  61 001e 1B69     		ldr	r3, [r3, #16]
  62 0020 019A     		ldr	r2, [sp, #4]
  63 0022 9268     		ldr	r2, [r2, #8]
  64 0024 23FA02F2 		lsr	r2, r3, r2
  65 0028 019B     		ldr	r3, [sp, #4]
  66 002a 5B68     		ldr	r3, [r3, #4]
  67 002c 1340     		ands	r3, r3, r2
  68              		.loc 1 83 0
  69 002e 1846     		mov	r0, r3
  70 0030 03B0     		add	sp, sp, #12
  71              		.cfi_def_cfa_offset 4
  72              		@ sp needed
  73 0032 5DF804FB 		ldr	pc, [sp], #4
  74              	.L6:
  75 0036 00BF     		.align	2
  76              	.L5:
  77 0038 00000000 		.word	.LC0
  78              		.cfi_endproc
  79              	.LFE118:
  80              		.size	palReadBus, .-palReadBus
  81 003c AFF30080 		.section	.rodata
  82 000f 00       		.align	2
  83              	.LC1:
  84 0010 2270616C 		.ascii	"\"palWriteBus\"()\000"
  84      57726974 
  84      65427573 
  84      22282900 
  85              		.section	.text.palWriteBus,"ax",%progbits
  86              		.align	2
  87              		.p2align 4,,15
  88              		.global	palWriteBus
  89              		.thumb
  90              		.thumb_func
  91              		.type	palWriteBus, %function
  92              	palWriteBus:
  93              	.LFB119:
  94              		.loc 1 103 0
  95              		.cfi_startproc
  96              		@ args = 0, pretend = 0, frame = 8
  97              		@ frame_needed = 0, uses_anonymous_args = 0
  98 0000 00B5     		push	{lr}
  99              		.cfi_def_cfa_offset 4
 100              		.cfi_offset 14, -4
 101 0002 83B0     		sub	sp, sp, #12
 102              		.cfi_def_cfa_offset 16
 103 0004 0190     		str	r0, [sp, #4]
 104 0006 0091     		str	r1, [sp]
 105              		.loc 1 105 0
 106 0008 019B     		ldr	r3, [sp, #4]
 107 000a 002B     		cmp	r3, #0
 108 000c 03D0     		beq	.L8
ARM GAS  /tmp/ccqLg0RN.s 			page 3


 109              		.loc 1 105 0 is_stmt 0 discriminator 2
 110 000e 019B     		ldr	r3, [sp, #4]
 111 0010 9B68     		ldr	r3, [r3, #8]
 112 0012 0F2B     		cmp	r3, #15
 113 0014 02D9     		bls	.L9
 114              	.L8:
 115              		.loc 1 105 0 discriminator 3
 116 0016 0D48     		ldr	r0, .L10
 117 0018 FFF7FEFF 		bl	chDbgPanic
 118              	.L9:
 119              		.loc 1 108 0 is_stmt 1
 120 001c 019B     		ldr	r3, [sp, #4]
 121 001e 1B68     		ldr	r3, [r3]
 122 0020 009A     		ldr	r2, [sp]
 123 0022 D143     		mvns	r1, r2
 124 0024 019A     		ldr	r2, [sp, #4]
 125 0026 5268     		ldr	r2, [r2, #4]
 126 0028 0A40     		ands	r2, r2, r1
 127 002a 0199     		ldr	r1, [sp, #4]
 128 002c 8968     		ldr	r1, [r1, #8]
 129 002e 1031     		adds	r1, r1, #16
 130 0030 02FA01F1 		lsl	r1, r2, r1
 131 0034 019A     		ldr	r2, [sp, #4]
 132 0036 5068     		ldr	r0, [r2, #4]
 133 0038 009A     		ldr	r2, [sp]
 134 003a 0240     		ands	r2, r2, r0
 135 003c 0198     		ldr	r0, [sp, #4]
 136 003e 8068     		ldr	r0, [r0, #8]
 137 0040 8240     		lsls	r2, r2, r0
 138 0042 0A43     		orrs	r2, r2, r1
 139 0044 9A61     		str	r2, [r3, #24]
 140              		.loc 1 109 0
 141 0046 03B0     		add	sp, sp, #12
 142              		.cfi_def_cfa_offset 4
 143              		@ sp needed
 144 0048 5DF804FB 		ldr	pc, [sp], #4
 145              	.L11:
 146              		.align	2
 147              	.L10:
 148 004c 10000000 		.word	.LC1
 149              		.cfi_endproc
 150              	.LFE119:
 151              		.size	palWriteBus, .-palWriteBus
 152              		.section	.rodata
 153              		.align	2
 154              	.LC2:
 155 0020 2270616C 		.ascii	"\"palSetBusMode\"()\000"
 155      53657442 
 155      75734D6F 
 155      64652228 
 155      2900
 156 0032 0000     		.section	.text.palSetBusMode,"ax",%progbits
 157              		.align	2
 158              		.p2align 4,,15
 159              		.global	palSetBusMode
 160              		.thumb
 161              		.thumb_func
ARM GAS  /tmp/ccqLg0RN.s 			page 4


 162              		.type	palSetBusMode, %function
 163              	palSetBusMode:
 164              	.LFB120:
 165              		.loc 1 127 0
 166              		.cfi_startproc
 167              		@ args = 0, pretend = 0, frame = 8
 168              		@ frame_needed = 0, uses_anonymous_args = 0
 169 0000 00B5     		push	{lr}
 170              		.cfi_def_cfa_offset 4
 171              		.cfi_offset 14, -4
 172 0002 83B0     		sub	sp, sp, #12
 173              		.cfi_def_cfa_offset 16
 174 0004 0190     		str	r0, [sp, #4]
 175 0006 0091     		str	r1, [sp]
 176              		.loc 1 129 0
 177 0008 019B     		ldr	r3, [sp, #4]
 178 000a 002B     		cmp	r3, #0
 179 000c 03D0     		beq	.L13
 180              		.loc 1 129 0 is_stmt 0 discriminator 2
 181 000e 019B     		ldr	r3, [sp, #4]
 182 0010 9B68     		ldr	r3, [r3, #8]
 183 0012 0F2B     		cmp	r3, #15
 184 0014 02D9     		bls	.L14
 185              	.L13:
 186              		.loc 1 129 0 discriminator 3
 187 0016 0948     		ldr	r0, .L15
 188 0018 FFF7FEFF 		bl	chDbgPanic
 189              	.L14:
 190              		.loc 1 132 0 is_stmt 1
 191 001c 019B     		ldr	r3, [sp, #4]
 192 001e 1968     		ldr	r1, [r3]
 193 0020 019B     		ldr	r3, [sp, #4]
 194 0022 5B68     		ldr	r3, [r3, #4]
 195 0024 019A     		ldr	r2, [sp, #4]
 196 0026 9268     		ldr	r2, [r2, #8]
 197 0028 9340     		lsls	r3, r3, r2
 198 002a 0846     		mov	r0, r1
 199 002c 1946     		mov	r1, r3
 200 002e 009A     		ldr	r2, [sp]
 201 0030 FFF7FEFF 		bl	_pal_lld_setgroupmode
 202              		.loc 1 133 0
 203 0034 03B0     		add	sp, sp, #12
 204              		.cfi_def_cfa_offset 4
 205              		@ sp needed
 206 0036 5DF804FB 		ldr	pc, [sp], #4
 207              	.L16:
 208 003a 00BF     		.align	2
 209              	.L15:
 210 003c 20000000 		.word	.LC2
 211              		.cfi_endproc
 212              	.LFE120:
 213              		.size	palSetBusMode, .-palSetBusMode
 214              		.text
 215              	.Letext0:
 216              		.file 2 "/home/ergae/r2p-sdk/tools/gcc-arm-none-eabi-4_9-2014q4/arm-none-eabi/include/machine/_def
 217              		.file 3 "/home/ergae/r2p-sdk/tools/gcc-arm-none-eabi-4_9-2014q4/arm-none-eabi/include/stdint.h"
 218              		.file 4 "/home/ergae/r2p-sdk/core/ChibiOS/os/hal/platforms/STM32/GPIOv2/pal_lld.h"
ARM GAS  /tmp/ccqLg0RN.s 			page 5


 219              		.file 5 "/home/ergae/r2p-sdk/core/ChibiOS/os/hal/include/pal.h"
 220              		.file 6 "/home/ergae/r2p-sdk/core/ChibiOS/os/ports/common/ARMCMx/CMSIS/include/core_cm4.h"
 221              		.section	.debug_info,"",%progbits
 222              	.Ldebug_info0:
 223 0000 9A020000 		.4byte	0x29a
 224 0004 0400     		.2byte	0x4
 225 0006 00000000 		.4byte	.Ldebug_abbrev0
 226 000a 04       		.byte	0x4
 227 000b 01       		.uleb128 0x1
 228 000c D7000000 		.4byte	.LASF40
 229 0010 01       		.byte	0x1
 230 0011 80000000 		.4byte	.LASF41
 231 0015 00000000 		.4byte	.Ldebug_ranges0+0
 232 0019 00000000 		.4byte	0
 233 001d 00000000 		.4byte	.Ldebug_line0
 234 0021 02       		.uleb128 0x2
 235 0022 04       		.byte	0x4
 236 0023 05       		.byte	0x5
 237 0024 696E7400 		.ascii	"int\000"
 238 0028 03       		.uleb128 0x3
 239 0029 04       		.byte	0x4
 240 002a 07       		.byte	0x7
 241 002b 20020000 		.4byte	.LASF0
 242 002f 03       		.uleb128 0x3
 243 0030 01       		.byte	0x1
 244 0031 06       		.byte	0x6
 245 0032 A0020000 		.4byte	.LASF1
 246 0036 03       		.uleb128 0x3
 247 0037 01       		.byte	0x1
 248 0038 08       		.byte	0x8
 249 0039 B2000000 		.4byte	.LASF2
 250 003d 03       		.uleb128 0x3
 251 003e 02       		.byte	0x2
 252 003f 05       		.byte	0x5
 253 0040 44000000 		.4byte	.LASF3
 254 0044 04       		.uleb128 0x4
 255 0045 02020000 		.4byte	.LASF5
 256 0049 02       		.byte	0x2
 257 004a 2B       		.byte	0x2b
 258 004b 4F000000 		.4byte	0x4f
 259 004f 03       		.uleb128 0x3
 260 0050 02       		.byte	0x2
 261 0051 07       		.byte	0x7
 262 0052 AC020000 		.4byte	.LASF4
 263 0056 04       		.uleb128 0x4
 264 0057 1C000000 		.4byte	.LASF6
 265 005b 02       		.byte	0x2
 266 005c 3F       		.byte	0x3f
 267 005d 61000000 		.4byte	0x61
 268 0061 03       		.uleb128 0x3
 269 0062 04       		.byte	0x4
 270 0063 05       		.byte	0x5
 271 0064 97020000 		.4byte	.LASF7
 272 0068 04       		.uleb128 0x4
 273 0069 0D020000 		.4byte	.LASF8
 274 006d 02       		.byte	0x2
 275 006e 41       		.byte	0x41
ARM GAS  /tmp/ccqLg0RN.s 			page 6


 276 006f 73000000 		.4byte	0x73
 277 0073 03       		.uleb128 0x3
 278 0074 04       		.byte	0x4
 279 0075 07       		.byte	0x7
 280 0076 C5000000 		.4byte	.LASF9
 281 007a 03       		.uleb128 0x3
 282 007b 08       		.byte	0x8
 283 007c 05       		.byte	0x5
 284 007d 5B020000 		.4byte	.LASF10
 285 0081 03       		.uleb128 0x3
 286 0082 08       		.byte	0x8
 287 0083 07       		.byte	0x7
 288 0084 C5020000 		.4byte	.LASF11
 289 0088 04       		.uleb128 0x4
 290 0089 85020000 		.4byte	.LASF12
 291 008d 03       		.byte	0x3
 292 008e 21       		.byte	0x21
 293 008f 44000000 		.4byte	0x44
 294 0093 04       		.uleb128 0x4
 295 0094 44020000 		.4byte	.LASF13
 296 0098 03       		.byte	0x3
 297 0099 2C       		.byte	0x2c
 298 009a 56000000 		.4byte	0x56
 299 009e 04       		.uleb128 0x4
 300 009f 8E020000 		.4byte	.LASF14
 301 00a3 03       		.byte	0x3
 302 00a4 2D       		.byte	0x2d
 303 00a5 68000000 		.4byte	0x68
 304 00a9 04       		.uleb128 0x4
 305 00aa 26000000 		.4byte	.LASF15
 306 00ae 03       		.byte	0x3
 307 00af 4B       		.byte	0x4b
 308 00b0 28000000 		.4byte	0x28
 309 00b4 03       		.uleb128 0x3
 310 00b5 01       		.byte	0x1
 311 00b6 02       		.byte	0x2
 312 00b7 BF020000 		.4byte	.LASF16
 313 00bb 05       		.uleb128 0x5
 314 00bc 9E000000 		.4byte	0x9e
 315 00c0 03       		.uleb128 0x3
 316 00c1 04       		.byte	0x4
 317 00c2 07       		.byte	0x7
 318 00c3 4C020000 		.4byte	.LASF17
 319 00c7 03       		.uleb128 0x3
 320 00c8 01       		.byte	0x1
 321 00c9 08       		.byte	0x8
 322 00ca 3A020000 		.4byte	.LASF18
 323 00ce 05       		.uleb128 0x5
 324 00cf 93000000 		.4byte	0x93
 325 00d3 06       		.uleb128 0x6
 326 00d4 04       		.byte	0x4
 327 00d5 04       		.byte	0x4
 328 00d6 96       		.byte	0x96
 329 00d7 F4000000 		.4byte	0xf4
 330 00db 07       		.uleb128 0x7
 331 00dc 73657400 		.ascii	"set\000"
 332 00e0 04       		.byte	0x4
ARM GAS  /tmp/ccqLg0RN.s 			page 7


 333 00e1 97       		.byte	0x97
 334 00e2 88000000 		.4byte	0x88
 335 00e6 00       		.byte	0
 336 00e7 08       		.uleb128 0x8
 337 00e8 05000000 		.4byte	.LASF19
 338 00ec 04       		.byte	0x4
 339 00ed 98       		.byte	0x98
 340 00ee 88000000 		.4byte	0x88
 341 00f2 02       		.byte	0x2
 342 00f3 00       		.byte	0
 343 00f4 09       		.uleb128 0x9
 344 00f5 04       		.byte	0x4
 345 00f6 04       		.byte	0x4
 346 00f7 94       		.byte	0x94
 347 00f8 0F010000 		.4byte	0x10f
 348 00fc 0A       		.uleb128 0xa
 349 00fd 5700     		.ascii	"W\000"
 350 00ff 04       		.byte	0x4
 351 0100 95       		.byte	0x95
 352 0101 9E000000 		.4byte	0x9e
 353 0105 0A       		.uleb128 0xa
 354 0106 4800     		.ascii	"H\000"
 355 0108 04       		.byte	0x4
 356 0109 99       		.byte	0x99
 357 010a D3000000 		.4byte	0xd3
 358 010e 00       		.byte	0
 359 010f 06       		.uleb128 0x6
 360 0110 28       		.byte	0x28
 361 0111 04       		.byte	0x4
 362 0112 8C       		.byte	0x8c
 363 0113 90010000 		.4byte	0x190
 364 0117 08       		.uleb128 0x8
 365 0118 0B000000 		.4byte	.LASF20
 366 011c 04       		.byte	0x4
 367 011d 8E       		.byte	0x8e
 368 011e BB000000 		.4byte	0xbb
 369 0122 00       		.byte	0
 370 0123 08       		.uleb128 0x8
 371 0124 70000000 		.4byte	.LASF21
 372 0128 04       		.byte	0x4
 373 0129 8F       		.byte	0x8f
 374 012a BB000000 		.4byte	0xbb
 375 012e 04       		.byte	0x4
 376 012f 08       		.uleb128 0x8
 377 0130 18020000 		.4byte	.LASF22
 378 0134 04       		.byte	0x4
 379 0135 90       		.byte	0x90
 380 0136 BB000000 		.4byte	0xbb
 381 013a 08       		.byte	0x8
 382 013b 08       		.uleb128 0x8
 383 013c 55020000 		.4byte	.LASF23
 384 0140 04       		.byte	0x4
 385 0141 91       		.byte	0x91
 386 0142 BB000000 		.4byte	0xbb
 387 0146 0C       		.byte	0xc
 388 0147 07       		.uleb128 0x7
 389 0148 49445200 		.ascii	"IDR\000"
ARM GAS  /tmp/ccqLg0RN.s 			page 8


 390 014c 04       		.byte	0x4
 391 014d 92       		.byte	0x92
 392 014e BB000000 		.4byte	0xbb
 393 0152 10       		.byte	0x10
 394 0153 07       		.uleb128 0x7
 395 0154 4F445200 		.ascii	"ODR\000"
 396 0158 04       		.byte	0x4
 397 0159 93       		.byte	0x93
 398 015a BB000000 		.4byte	0xbb
 399 015e 14       		.byte	0x14
 400 015f 08       		.uleb128 0x8
 401 0160 33000000 		.4byte	.LASF24
 402 0164 04       		.byte	0x4
 403 0165 9A       		.byte	0x9a
 404 0166 90010000 		.4byte	0x190
 405 016a 18       		.byte	0x18
 406 016b 08       		.uleb128 0x8
 407 016c 00000000 		.4byte	.LASF25
 408 0170 04       		.byte	0x4
 409 0171 9B       		.byte	0x9b
 410 0172 BB000000 		.4byte	0xbb
 411 0176 1C       		.byte	0x1c
 412 0177 08       		.uleb128 0x8
 413 0178 F0010000 		.4byte	.LASF26
 414 017c 04       		.byte	0x4
 415 017d 9C       		.byte	0x9c
 416 017e BB000000 		.4byte	0xbb
 417 0182 20       		.byte	0x20
 418 0183 08       		.uleb128 0x8
 419 0184 C0000000 		.4byte	.LASF27
 420 0188 04       		.byte	0x4
 421 0189 9D       		.byte	0x9d
 422 018a BB000000 		.4byte	0xbb
 423 018e 24       		.byte	0x24
 424 018f 00       		.byte	0
 425 0190 05       		.uleb128 0x5
 426 0191 F4000000 		.4byte	0xf4
 427 0195 04       		.uleb128 0x4
 428 0196 2D020000 		.4byte	.LASF28
 429 019a 04       		.byte	0x4
 430 019b 9E       		.byte	0x9e
 431 019c 0F010000 		.4byte	0x10f
 432 01a0 04       		.uleb128 0x4
 433 01a1 63000000 		.4byte	.LASF29
 434 01a5 04       		.byte	0x4
 435 01a6 F0       		.byte	0xf0
 436 01a7 9E000000 		.4byte	0x9e
 437 01ab 04       		.uleb128 0x4
 438 01ac 77000000 		.4byte	.LASF30
 439 01b0 04       		.byte	0x4
 440 01b1 F5       		.byte	0xf5
 441 01b2 9E000000 		.4byte	0x9e
 442 01b6 04       		.uleb128 0x4
 443 01b7 7A020000 		.4byte	.LASF31
 444 01bb 04       		.byte	0x4
 445 01bc FD       		.byte	0xfd
 446 01bd C1010000 		.4byte	0x1c1
ARM GAS  /tmp/ccqLg0RN.s 			page 9


 447 01c1 0B       		.uleb128 0xb
 448 01c2 04       		.byte	0x4
 449 01c3 95010000 		.4byte	0x195
 450 01c7 06       		.uleb128 0x6
 451 01c8 0C       		.byte	0xc
 452 01c9 05       		.byte	0x5
 453 01ca 85       		.byte	0x85
 454 01cb F4010000 		.4byte	0x1f4
 455 01cf 08       		.uleb128 0x8
 456 01d0 5C000000 		.4byte	.LASF32
 457 01d4 05       		.byte	0x5
 458 01d5 89       		.byte	0x89
 459 01d6 B6010000 		.4byte	0x1b6
 460 01da 00       		.byte	0
 461 01db 08       		.uleb128 0x8
 462 01dc 69020000 		.4byte	.LASF33
 463 01e0 05       		.byte	0x5
 464 01e1 8F       		.byte	0x8f
 465 01e2 A0010000 		.4byte	0x1a0
 466 01e6 04       		.byte	0x4
 467 01e7 08       		.uleb128 0x8
 468 01e8 73020000 		.4byte	.LASF34
 469 01ec 05       		.byte	0x5
 470 01ed 93       		.byte	0x93
 471 01ee A9000000 		.4byte	0xa9
 472 01f2 08       		.byte	0x8
 473 01f3 00       		.byte	0
 474 01f4 04       		.uleb128 0x4
 475 01f5 DC020000 		.4byte	.LASF35
 476 01f9 05       		.byte	0x5
 477 01fa 94       		.byte	0x94
 478 01fb C7010000 		.4byte	0x1c7
 479 01ff 0C       		.uleb128 0xc
 480 0200 11000000 		.4byte	.LASF42
 481 0204 01       		.byte	0x1
 482 0205 4D       		.byte	0x4d
 483 0206 A0010000 		.4byte	0x1a0
 484 020a 00000000 		.4byte	.LFB118
 485 020e 3C000000 		.4byte	.LFE118-.LFB118
 486 0212 01       		.uleb128 0x1
 487 0213 9C       		.byte	0x9c
 488 0214 27020000 		.4byte	0x227
 489 0218 0D       		.uleb128 0xd
 490 0219 62757300 		.ascii	"bus\000"
 491 021d 01       		.byte	0x1
 492 021e 4D       		.byte	0x4d
 493 021f 27020000 		.4byte	0x227
 494 0223 02       		.uleb128 0x2
 495 0224 91       		.byte	0x91
 496 0225 74       		.sleb128 -12
 497 0226 00       		.byte	0
 498 0227 0B       		.uleb128 0xb
 499 0228 04       		.byte	0x4
 500 0229 F4010000 		.4byte	0x1f4
 501 022d 0E       		.uleb128 0xe
 502 022e 38000000 		.4byte	.LASF37
 503 0232 01       		.byte	0x1
ARM GAS  /tmp/ccqLg0RN.s 			page 10


 504 0233 67       		.byte	0x67
 505 0234 00000000 		.4byte	.LFB119
 506 0238 50000000 		.4byte	.LFE119-.LFB119
 507 023c 01       		.uleb128 0x1
 508 023d 9C       		.byte	0x9c
 509 023e 5F020000 		.4byte	0x25f
 510 0242 0D       		.uleb128 0xd
 511 0243 62757300 		.ascii	"bus\000"
 512 0247 01       		.byte	0x1
 513 0248 67       		.byte	0x67
 514 0249 27020000 		.4byte	0x227
 515 024d 02       		.uleb128 0x2
 516 024e 91       		.byte	0x91
 517 024f 74       		.sleb128 -12
 518 0250 0F       		.uleb128 0xf
 519 0251 6E020000 		.4byte	.LASF36
 520 0255 01       		.byte	0x1
 521 0256 67       		.byte	0x67
 522 0257 A0010000 		.4byte	0x1a0
 523 025b 02       		.uleb128 0x2
 524 025c 91       		.byte	0x91
 525 025d 70       		.sleb128 -16
 526 025e 00       		.byte	0
 527 025f 0E       		.uleb128 0xe
 528 0260 4E000000 		.4byte	.LASF38
 529 0264 01       		.byte	0x1
 530 0265 7F       		.byte	0x7f
 531 0266 00000000 		.4byte	.LFB120
 532 026a 40000000 		.4byte	.LFE120-.LFB120
 533 026e 01       		.uleb128 0x1
 534 026f 9C       		.byte	0x9c
 535 0270 91020000 		.4byte	0x291
 536 0274 0D       		.uleb128 0xd
 537 0275 62757300 		.ascii	"bus\000"
 538 0279 01       		.byte	0x1
 539 027a 7F       		.byte	0x7f
 540 027b 27020000 		.4byte	0x227
 541 027f 02       		.uleb128 0x2
 542 0280 91       		.byte	0x91
 543 0281 74       		.sleb128 -12
 544 0282 0F       		.uleb128 0xf
 545 0283 3F020000 		.4byte	.LASF39
 546 0287 01       		.byte	0x1
 547 0288 7F       		.byte	0x7f
 548 0289 AB010000 		.4byte	0x1ab
 549 028d 02       		.uleb128 0x2
 550 028e 91       		.byte	0x91
 551 028f 70       		.sleb128 -16
 552 0290 00       		.byte	0
 553 0291 10       		.uleb128 0x10
 554 0292 F5010000 		.4byte	.LASF43
 555 0296 06       		.byte	0x6
 556 0297 9806     		.2byte	0x698
 557 0299 CE000000 		.4byte	0xce
 558 029d 00       		.byte	0
 559              		.section	.debug_abbrev,"",%progbits
 560              	.Ldebug_abbrev0:
ARM GAS  /tmp/ccqLg0RN.s 			page 11


 561 0000 01       		.uleb128 0x1
 562 0001 11       		.uleb128 0x11
 563 0002 01       		.byte	0x1
 564 0003 25       		.uleb128 0x25
 565 0004 0E       		.uleb128 0xe
 566 0005 13       		.uleb128 0x13
 567 0006 0B       		.uleb128 0xb
 568 0007 03       		.uleb128 0x3
 569 0008 0E       		.uleb128 0xe
 570 0009 55       		.uleb128 0x55
 571 000a 17       		.uleb128 0x17
 572 000b 11       		.uleb128 0x11
 573 000c 01       		.uleb128 0x1
 574 000d 10       		.uleb128 0x10
 575 000e 17       		.uleb128 0x17
 576 000f 00       		.byte	0
 577 0010 00       		.byte	0
 578 0011 02       		.uleb128 0x2
 579 0012 24       		.uleb128 0x24
 580 0013 00       		.byte	0
 581 0014 0B       		.uleb128 0xb
 582 0015 0B       		.uleb128 0xb
 583 0016 3E       		.uleb128 0x3e
 584 0017 0B       		.uleb128 0xb
 585 0018 03       		.uleb128 0x3
 586 0019 08       		.uleb128 0x8
 587 001a 00       		.byte	0
 588 001b 00       		.byte	0
 589 001c 03       		.uleb128 0x3
 590 001d 24       		.uleb128 0x24
 591 001e 00       		.byte	0
 592 001f 0B       		.uleb128 0xb
 593 0020 0B       		.uleb128 0xb
 594 0021 3E       		.uleb128 0x3e
 595 0022 0B       		.uleb128 0xb
 596 0023 03       		.uleb128 0x3
 597 0024 0E       		.uleb128 0xe
 598 0025 00       		.byte	0
 599 0026 00       		.byte	0
 600 0027 04       		.uleb128 0x4
 601 0028 16       		.uleb128 0x16
 602 0029 00       		.byte	0
 603 002a 03       		.uleb128 0x3
 604 002b 0E       		.uleb128 0xe
 605 002c 3A       		.uleb128 0x3a
 606 002d 0B       		.uleb128 0xb
 607 002e 3B       		.uleb128 0x3b
 608 002f 0B       		.uleb128 0xb
 609 0030 49       		.uleb128 0x49
 610 0031 13       		.uleb128 0x13
 611 0032 00       		.byte	0
 612 0033 00       		.byte	0
 613 0034 05       		.uleb128 0x5
 614 0035 35       		.uleb128 0x35
 615 0036 00       		.byte	0
 616 0037 49       		.uleb128 0x49
 617 0038 13       		.uleb128 0x13
ARM GAS  /tmp/ccqLg0RN.s 			page 12


 618 0039 00       		.byte	0
 619 003a 00       		.byte	0
 620 003b 06       		.uleb128 0x6
 621 003c 13       		.uleb128 0x13
 622 003d 01       		.byte	0x1
 623 003e 0B       		.uleb128 0xb
 624 003f 0B       		.uleb128 0xb
 625 0040 3A       		.uleb128 0x3a
 626 0041 0B       		.uleb128 0xb
 627 0042 3B       		.uleb128 0x3b
 628 0043 0B       		.uleb128 0xb
 629 0044 01       		.uleb128 0x1
 630 0045 13       		.uleb128 0x13
 631 0046 00       		.byte	0
 632 0047 00       		.byte	0
 633 0048 07       		.uleb128 0x7
 634 0049 0D       		.uleb128 0xd
 635 004a 00       		.byte	0
 636 004b 03       		.uleb128 0x3
 637 004c 08       		.uleb128 0x8
 638 004d 3A       		.uleb128 0x3a
 639 004e 0B       		.uleb128 0xb
 640 004f 3B       		.uleb128 0x3b
 641 0050 0B       		.uleb128 0xb
 642 0051 49       		.uleb128 0x49
 643 0052 13       		.uleb128 0x13
 644 0053 38       		.uleb128 0x38
 645 0054 0B       		.uleb128 0xb
 646 0055 00       		.byte	0
 647 0056 00       		.byte	0
 648 0057 08       		.uleb128 0x8
 649 0058 0D       		.uleb128 0xd
 650 0059 00       		.byte	0
 651 005a 03       		.uleb128 0x3
 652 005b 0E       		.uleb128 0xe
 653 005c 3A       		.uleb128 0x3a
 654 005d 0B       		.uleb128 0xb
 655 005e 3B       		.uleb128 0x3b
 656 005f 0B       		.uleb128 0xb
 657 0060 49       		.uleb128 0x49
 658 0061 13       		.uleb128 0x13
 659 0062 38       		.uleb128 0x38
 660 0063 0B       		.uleb128 0xb
 661 0064 00       		.byte	0
 662 0065 00       		.byte	0
 663 0066 09       		.uleb128 0x9
 664 0067 17       		.uleb128 0x17
 665 0068 01       		.byte	0x1
 666 0069 0B       		.uleb128 0xb
 667 006a 0B       		.uleb128 0xb
 668 006b 3A       		.uleb128 0x3a
 669 006c 0B       		.uleb128 0xb
 670 006d 3B       		.uleb128 0x3b
 671 006e 0B       		.uleb128 0xb
 672 006f 01       		.uleb128 0x1
 673 0070 13       		.uleb128 0x13
 674 0071 00       		.byte	0
ARM GAS  /tmp/ccqLg0RN.s 			page 13


 675 0072 00       		.byte	0
 676 0073 0A       		.uleb128 0xa
 677 0074 0D       		.uleb128 0xd
 678 0075 00       		.byte	0
 679 0076 03       		.uleb128 0x3
 680 0077 08       		.uleb128 0x8
 681 0078 3A       		.uleb128 0x3a
 682 0079 0B       		.uleb128 0xb
 683 007a 3B       		.uleb128 0x3b
 684 007b 0B       		.uleb128 0xb
 685 007c 49       		.uleb128 0x49
 686 007d 13       		.uleb128 0x13
 687 007e 00       		.byte	0
 688 007f 00       		.byte	0
 689 0080 0B       		.uleb128 0xb
 690 0081 0F       		.uleb128 0xf
 691 0082 00       		.byte	0
 692 0083 0B       		.uleb128 0xb
 693 0084 0B       		.uleb128 0xb
 694 0085 49       		.uleb128 0x49
 695 0086 13       		.uleb128 0x13
 696 0087 00       		.byte	0
 697 0088 00       		.byte	0
 698 0089 0C       		.uleb128 0xc
 699 008a 2E       		.uleb128 0x2e
 700 008b 01       		.byte	0x1
 701 008c 3F       		.uleb128 0x3f
 702 008d 19       		.uleb128 0x19
 703 008e 03       		.uleb128 0x3
 704 008f 0E       		.uleb128 0xe
 705 0090 3A       		.uleb128 0x3a
 706 0091 0B       		.uleb128 0xb
 707 0092 3B       		.uleb128 0x3b
 708 0093 0B       		.uleb128 0xb
 709 0094 27       		.uleb128 0x27
 710 0095 19       		.uleb128 0x19
 711 0096 49       		.uleb128 0x49
 712 0097 13       		.uleb128 0x13
 713 0098 11       		.uleb128 0x11
 714 0099 01       		.uleb128 0x1
 715 009a 12       		.uleb128 0x12
 716 009b 06       		.uleb128 0x6
 717 009c 40       		.uleb128 0x40
 718 009d 18       		.uleb128 0x18
 719 009e 9642     		.uleb128 0x2116
 720 00a0 19       		.uleb128 0x19
 721 00a1 01       		.uleb128 0x1
 722 00a2 13       		.uleb128 0x13
 723 00a3 00       		.byte	0
 724 00a4 00       		.byte	0
 725 00a5 0D       		.uleb128 0xd
 726 00a6 05       		.uleb128 0x5
 727 00a7 00       		.byte	0
 728 00a8 03       		.uleb128 0x3
 729 00a9 08       		.uleb128 0x8
 730 00aa 3A       		.uleb128 0x3a
 731 00ab 0B       		.uleb128 0xb
ARM GAS  /tmp/ccqLg0RN.s 			page 14


 732 00ac 3B       		.uleb128 0x3b
 733 00ad 0B       		.uleb128 0xb
 734 00ae 49       		.uleb128 0x49
 735 00af 13       		.uleb128 0x13
 736 00b0 02       		.uleb128 0x2
 737 00b1 18       		.uleb128 0x18
 738 00b2 00       		.byte	0
 739 00b3 00       		.byte	0
 740 00b4 0E       		.uleb128 0xe
 741 00b5 2E       		.uleb128 0x2e
 742 00b6 01       		.byte	0x1
 743 00b7 3F       		.uleb128 0x3f
 744 00b8 19       		.uleb128 0x19
 745 00b9 03       		.uleb128 0x3
 746 00ba 0E       		.uleb128 0xe
 747 00bb 3A       		.uleb128 0x3a
 748 00bc 0B       		.uleb128 0xb
 749 00bd 3B       		.uleb128 0x3b
 750 00be 0B       		.uleb128 0xb
 751 00bf 27       		.uleb128 0x27
 752 00c0 19       		.uleb128 0x19
 753 00c1 11       		.uleb128 0x11
 754 00c2 01       		.uleb128 0x1
 755 00c3 12       		.uleb128 0x12
 756 00c4 06       		.uleb128 0x6
 757 00c5 40       		.uleb128 0x40
 758 00c6 18       		.uleb128 0x18
 759 00c7 9642     		.uleb128 0x2116
 760 00c9 19       		.uleb128 0x19
 761 00ca 01       		.uleb128 0x1
 762 00cb 13       		.uleb128 0x13
 763 00cc 00       		.byte	0
 764 00cd 00       		.byte	0
 765 00ce 0F       		.uleb128 0xf
 766 00cf 05       		.uleb128 0x5
 767 00d0 00       		.byte	0
 768 00d1 03       		.uleb128 0x3
 769 00d2 0E       		.uleb128 0xe
 770 00d3 3A       		.uleb128 0x3a
 771 00d4 0B       		.uleb128 0xb
 772 00d5 3B       		.uleb128 0x3b
 773 00d6 0B       		.uleb128 0xb
 774 00d7 49       		.uleb128 0x49
 775 00d8 13       		.uleb128 0x13
 776 00d9 02       		.uleb128 0x2
 777 00da 18       		.uleb128 0x18
 778 00db 00       		.byte	0
 779 00dc 00       		.byte	0
 780 00dd 10       		.uleb128 0x10
 781 00de 34       		.uleb128 0x34
 782 00df 00       		.byte	0
 783 00e0 03       		.uleb128 0x3
 784 00e1 0E       		.uleb128 0xe
 785 00e2 3A       		.uleb128 0x3a
 786 00e3 0B       		.uleb128 0xb
 787 00e4 3B       		.uleb128 0x3b
 788 00e5 05       		.uleb128 0x5
ARM GAS  /tmp/ccqLg0RN.s 			page 15


 789 00e6 49       		.uleb128 0x49
 790 00e7 13       		.uleb128 0x13
 791 00e8 3F       		.uleb128 0x3f
 792 00e9 19       		.uleb128 0x19
 793 00ea 3C       		.uleb128 0x3c
 794 00eb 19       		.uleb128 0x19
 795 00ec 00       		.byte	0
 796 00ed 00       		.byte	0
 797 00ee 00       		.byte	0
 798              		.section	.debug_aranges,"",%progbits
 799 0000 2C000000 		.4byte	0x2c
 800 0004 0200     		.2byte	0x2
 801 0006 00000000 		.4byte	.Ldebug_info0
 802 000a 04       		.byte	0x4
 803 000b 00       		.byte	0
 804 000c 0000     		.2byte	0
 805 000e 0000     		.2byte	0
 806 0010 00000000 		.4byte	.LFB118
 807 0014 3C000000 		.4byte	.LFE118-.LFB118
 808 0018 00000000 		.4byte	.LFB119
 809 001c 50000000 		.4byte	.LFE119-.LFB119
 810 0020 00000000 		.4byte	.LFB120
 811 0024 40000000 		.4byte	.LFE120-.LFB120
 812 0028 00000000 		.4byte	0
 813 002c 00000000 		.4byte	0
 814              		.section	.debug_ranges,"",%progbits
 815              	.Ldebug_ranges0:
 816 0000 00000000 		.4byte	.LFB118
 817 0004 3C000000 		.4byte	.LFE118
 818 0008 00000000 		.4byte	.LFB119
 819 000c 50000000 		.4byte	.LFE119
 820 0010 00000000 		.4byte	.LFB120
 821 0014 40000000 		.4byte	.LFE120
 822 0018 00000000 		.4byte	0
 823 001c 00000000 		.4byte	0
 824              		.section	.debug_line,"",%progbits
 825              	.Ldebug_line0:
 826 0000 47020000 		.section	.debug_str,"MS",%progbits,1
 826      0200E301 
 826      00000201 
 826      FB0E0D00 
 826      01010101 
 827              	.LASF25:
 828 0000 4C434B52 		.ascii	"LCKR\000"
 828      00
 829              	.LASF19:
 830 0005 636C6561 		.ascii	"clear\000"
 830      7200
 831              	.LASF20:
 832 000b 4D4F4445 		.ascii	"MODER\000"
 832      5200
 833              	.LASF42:
 834 0011 70616C52 		.ascii	"palReadBus\000"
 834      65616442 
 834      757300
 835              	.LASF6:
 836 001c 5F5F696E 		.ascii	"__int32_t\000"
ARM GAS  /tmp/ccqLg0RN.s 			page 16


 836      7433325F 
 836      7400
 837              	.LASF15:
 838 0026 75696E74 		.ascii	"uint_fast8_t\000"
 838      5F666173 
 838      74385F74 
 838      00
 839              	.LASF24:
 840 0033 42535252 		.ascii	"BSRR\000"
 840      00
 841              	.LASF37:
 842 0038 70616C57 		.ascii	"palWriteBus\000"
 842      72697465 
 842      42757300 
 843              	.LASF3:
 844 0044 73686F72 		.ascii	"short int\000"
 844      7420696E 
 844      7400
 845              	.LASF38:
 846 004e 70616C53 		.ascii	"palSetBusMode\000"
 846      65744275 
 846      734D6F64 
 846      6500
 847              	.LASF32:
 848 005c 706F7274 		.ascii	"portid\000"
 848      696400
 849              	.LASF29:
 850 0063 696F706F 		.ascii	"ioportmask_t\000"
 850      72746D61 
 850      736B5F74 
 850      00
 851              	.LASF21:
 852 0070 4F545950 		.ascii	"OTYPER\000"
 852      455200
 853              	.LASF30:
 854 0077 696F6D6F 		.ascii	"iomode_t\000"
 854      64655F74 
 854      00
 855              	.LASF41:
 856 0080 2F686F6D 		.ascii	"/home/ergae/r2p-sdk/core/ChibiOS/os/hal/src/pal.c\000"
 856      652F6572 
 856      6761652F 
 856      7232702D 
 856      73646B2F 
 857              	.LASF2:
 858 00b2 756E7369 		.ascii	"unsigned char\000"
 858      676E6564 
 858      20636861 
 858      7200
 859              	.LASF27:
 860 00c0 41465248 		.ascii	"AFRH\000"
 860      00
 861              	.LASF9:
 862 00c5 6C6F6E67 		.ascii	"long unsigned int\000"
 862      20756E73 
 862      69676E65 
 862      6420696E 
ARM GAS  /tmp/ccqLg0RN.s 			page 17


 862      7400
 863              	.LASF40:
 864 00d7 474E5520 		.ascii	"GNU C 4.9.3 20141119 (release) [ARM/embedded-4_9-br"
 864      4320342E 
 864      392E3320 
 864      32303134 
 864      31313139 
 865 010a 616E6368 		.ascii	"anch revision 218278] -mcpu=cortex-m4 -mfloat-abi=h"
 865      20726576 
 865      6973696F 
 865      6E203231 
 865      38323738 
 866 013d 61726420 		.ascii	"ard -mfpu=fpv4-sp-d16 -mno-thumb-interwork -mthumb "
 866      2D6D6670 
 866      753D6670 
 866      76342D73 
 866      702D6431 
 867 0170 2D676764 		.ascii	"-ggdb -O0 -fomit-frame-pointer -falign-functions=16"
 867      62202D4F 
 867      30202D66 
 867      6F6D6974 
 867      2D667261 
 868 01a3 202D6666 		.ascii	" -ffunction-sections -fdata-sections -fno-common -f"
 868      756E6374 
 868      696F6E2D 
 868      73656374 
 868      696F6E73 
 869 01d6 73696E67 		.ascii	"single-precision-constant\000"
 869      6C652D70 
 869      72656369 
 869      73696F6E 
 869      2D636F6E 
 870              	.LASF26:
 871 01f0 4146524C 		.ascii	"AFRL\000"
 871      00
 872              	.LASF43:
 873 01f5 49544D5F 		.ascii	"ITM_RxBuffer\000"
 873      52784275 
 873      66666572 
 873      00
 874              	.LASF5:
 875 0202 5F5F7569 		.ascii	"__uint16_t\000"
 875      6E743136 
 875      5F7400
 876              	.LASF8:
 877 020d 5F5F7569 		.ascii	"__uint32_t\000"
 877      6E743332 
 877      5F7400
 878              	.LASF22:
 879 0218 4F535045 		.ascii	"OSPEEDR\000"
 879      45445200 
 880              	.LASF0:
 881 0220 756E7369 		.ascii	"unsigned int\000"
 881      676E6564 
 881      20696E74 
 881      00
 882              	.LASF28:
ARM GAS  /tmp/ccqLg0RN.s 			page 18


 883 022d 4750494F 		.ascii	"GPIO_TypeDef\000"
 883      5F547970 
 883      65446566 
 883      00
 884              	.LASF18:
 885 023a 63686172 		.ascii	"char\000"
 885      00
 886              	.LASF39:
 887 023f 6D6F6465 		.ascii	"mode\000"
 887      00
 888              	.LASF13:
 889 0244 696E7433 		.ascii	"int32_t\000"
 889      325F7400 
 890              	.LASF17:
 891 024c 73697A65 		.ascii	"sizetype\000"
 891      74797065 
 891      00
 892              	.LASF23:
 893 0255 50555044 		.ascii	"PUPDR\000"
 893      5200
 894              	.LASF10:
 895 025b 6C6F6E67 		.ascii	"long long int\000"
 895      206C6F6E 
 895      6720696E 
 895      7400
 896              	.LASF33:
 897 0269 6D61736B 		.ascii	"mask\000"
 897      00
 898              	.LASF36:
 899 026e 62697473 		.ascii	"bits\000"
 899      00
 900              	.LASF34:
 901 0273 6F666673 		.ascii	"offset\000"
 901      657400
 902              	.LASF31:
 903 027a 696F706F 		.ascii	"ioportid_t\000"
 903      72746964 
 903      5F7400
 904              	.LASF12:
 905 0285 75696E74 		.ascii	"uint16_t\000"
 905      31365F74 
 905      00
 906              	.LASF14:
 907 028e 75696E74 		.ascii	"uint32_t\000"
 907      33325F74 
 907      00
 908              	.LASF7:
 909 0297 6C6F6E67 		.ascii	"long int\000"
 909      20696E74 
 909      00
 910              	.LASF1:
 911 02a0 7369676E 		.ascii	"signed char\000"
 911      65642063 
 911      68617200 
 912              	.LASF4:
 913 02ac 73686F72 		.ascii	"short unsigned int\000"
 913      7420756E 
ARM GAS  /tmp/ccqLg0RN.s 			page 19


 913      7369676E 
 913      65642069 
 913      6E7400
 914              	.LASF16:
 915 02bf 5F426F6F 		.ascii	"_Bool\000"
 915      6C00
 916              	.LASF11:
 917 02c5 6C6F6E67 		.ascii	"long long unsigned int\000"
 917      206C6F6E 
 917      6720756E 
 917      7369676E 
 917      65642069 
 918              	.LASF35:
 919 02dc 494F4275 		.ascii	"IOBus\000"
 919      7300
 920              		.ident	"GCC: (GNU Tools for ARM Embedded Processors) 4.9.3 20141119 (release) [ARM/embedded-4_9-br
ARM GAS  /tmp/ccqLg0RN.s 			page 20


DEFINED SYMBOLS
                            *ABS*:00000000 pal.c
     /tmp/ccqLg0RN.s:21     .rodata:00000000 $d
     /tmp/ccqLg0RN.s:25     .text.palReadBus:00000000 $t
     /tmp/ccqLg0RN.s:31     .text.palReadBus:00000000 palReadBus
     /tmp/ccqLg0RN.s:77     .text.palReadBus:00000038 $d
     /tmp/ccqLg0RN.s:86     .text.palWriteBus:00000000 $t
     /tmp/ccqLg0RN.s:92     .text.palWriteBus:00000000 palWriteBus
     /tmp/ccqLg0RN.s:148    .text.palWriteBus:0000004c $d
     /tmp/ccqLg0RN.s:157    .text.palSetBusMode:00000000 $t
     /tmp/ccqLg0RN.s:163    .text.palSetBusMode:00000000 palSetBusMode
     /tmp/ccqLg0RN.s:210    .text.palSetBusMode:0000003c $d
                     .debug_frame:00000010 $d
     /tmp/ccqLg0RN.s:81     .text.palReadBus:0000003c $t

UNDEFINED SYMBOLS
chDbgPanic
_pal_lld_setgroupmode
