ARM GAS  /tmp/cc5Nje5O.s 			page 1


   1              		.syntax unified
   2              		.cpu cortex-m4
   3              		.eabi_attribute 27, 3
   4              		.eabi_attribute 28, 1
   5              		.fpu fpv4-sp-d16
   6              		.eabi_attribute 20, 1
   7              		.eabi_attribute 21, 1
   8              		.eabi_attribute 23, 3
   9              		.eabi_attribute 24, 1
  10              		.eabi_attribute 25, 1
  11              		.eabi_attribute 26, 1
  12              		.eabi_attribute 30, 6
  13              		.eabi_attribute 34, 1
  14              		.eabi_attribute 18, 4
  15              		.thumb
  16              		.file	"SimplePool_.cpp"
  17              		.text
  18              	.Ltext0:
  19              		.cfi_sections	.debug_frame
  20              		.section	.text._ZN3r2p10UncopyableC2Ev,"axG",%progbits,_ZN3r2p10UncopyableC5Ev,comdat
  21              		.align	2
  22              		.p2align 4,,15
  23              		.weak	_ZN3r2p10UncopyableC2Ev
  24              		.thumb
  25              		.thumb_func
  26              		.type	_ZN3r2p10UncopyableC2Ev, %function
  27              	_ZN3r2p10UncopyableC2Ev:
  28              	.LFB6:
  29              		.file 1 "/home/ergae/r2p-sdk/core/Middleware/include/r2p/Uncopyable.hpp"
  30              		.loc 1 20 0
  31              		.cfi_startproc
  32              		@ args = 0, pretend = 0, frame = 8
  33              		@ frame_needed = 0, uses_anonymous_args = 0
  34              		@ link register save eliminated.
  35 0000 82B0     		sub	sp, sp, #8
  36              		.cfi_def_cfa_offset 8
  37 0002 0190     		str	r0, [sp, #4]
  38              		.loc 1 20 0
  39 0004 019B     		ldr	r3, [sp, #4]
  40 0006 1846     		mov	r0, r3
  41 0008 02B0     		add	sp, sp, #8
  42              		.cfi_def_cfa_offset 0
  43              		@ sp needed
  44 000a 7047     		bx	lr
  45              		.cfi_endproc
  46              	.LFE6:
  47              		.size	_ZN3r2p10UncopyableC2Ev, .-_ZN3r2p10UncopyableC2Ev
  48              		.weak	_ZN3r2p10UncopyableC1Ev
  49              		.thumb_set _ZN3r2p10UncopyableC1Ev,_ZN3r2p10UncopyableC2Ev
  50 000c AFF30080 		.section	.text._ZN3r2p8SysLock_7acquireEv,"axG",%progbits,_ZN3r2p8SysLock_7acquireEv,comdat
  51              		.align	2
  52              		.p2align 4,,15
  53              		.weak	_ZN3r2p8SysLock_7acquireEv
  54              		.thumb
  55              		.thumb_func
  56              		.type	_ZN3r2p8SysLock_7acquireEv, %function
  57              	_ZN3r2p8SysLock_7acquireEv:
ARM GAS  /tmp/cc5Nje5O.s 			page 2


  58              	.LFB18:
  59              		.file 2 "/home/ergae/r2p-sdk/core/Middleware/port/chibios/include/r2p/impl/SysLock_.hpp"
  60              		.loc 2 20 0
  61              		.cfi_startproc
  62              		@ args = 0, pretend = 0, frame = 0
  63              		@ frame_needed = 0, uses_anonymous_args = 0
  64 0000 08B5     		push	{r3, lr}
  65              		.cfi_def_cfa_offset 8
  66              		.cfi_offset 3, -8
  67              		.cfi_offset 14, -4
  68              	.LBB2:
  69              	.LBB3:
  70              	.LBB4:
  71              		.loc 2 22 0
  72 0002 2023     		movs	r3, #32
  73              	@ 22 "/home/ergae/r2p-sdk/core/Middleware/port/chibios/include/r2p/impl/SysLock_.hpp" 1
  74 0004 83F31188 		msr     BASEPRI, r3
  75              	@ 0 "" 2
  76              		.thumb
  77              	.LBE4:
  78 0008 FFF7FEFF 		bl	dbg_check_lock
  79              	.LBE3:
  80              	.LBE2:
  81              		.loc 2 23 0
  82 000c 08BD     		pop	{r3, pc}
  83              		.cfi_endproc
  84              	.LFE18:
  85              		.size	_ZN3r2p8SysLock_7acquireEv, .-_ZN3r2p8SysLock_7acquireEv
  86 000e 00BF     		.section	.text._ZN3r2p8SysLock_7releaseEv,"axG",%progbits,_ZN3r2p8SysLock_7releaseEv,comdat
  87              		.align	2
  88              		.p2align 4,,15
  89              		.weak	_ZN3r2p8SysLock_7releaseEv
  90              		.thumb
  91              		.thumb_func
  92              		.type	_ZN3r2p8SysLock_7releaseEv, %function
  93              	_ZN3r2p8SysLock_7releaseEv:
  94              	.LFB19:
  95              		.loc 2 27 0
  96              		.cfi_startproc
  97              		@ args = 0, pretend = 0, frame = 0
  98              		@ frame_needed = 0, uses_anonymous_args = 0
  99 0000 08B5     		push	{r3, lr}
 100              		.cfi_def_cfa_offset 8
 101              		.cfi_offset 3, -8
 102              		.cfi_offset 14, -4
 103              	.LBB5:
 104              	.LBB6:
 105              		.loc 2 29 0
 106 0002 FFF7FEFF 		bl	dbg_check_unlock
 107              	.LBB7:
 108 0006 0023     		movs	r3, #0
 109              	@ 29 "/home/ergae/r2p-sdk/core/Middleware/port/chibios/include/r2p/impl/SysLock_.hpp" 1
 110 0008 83F31188 		msr     BASEPRI, r3
 111              	@ 0 "" 2
 112              		.thumb
 113              	.LBE7:
 114              	.LBE6:
ARM GAS  /tmp/cc5Nje5O.s 			page 3


 115              	.LBE5:
 116              		.loc 2 30 0
 117 000c 08BD     		pop	{r3, pc}
 118              		.cfi_endproc
 119              	.LFE19:
 120              		.size	_ZN3r2p8SysLock_7releaseEv, .-_ZN3r2p8SysLock_7releaseEv
 121 000e 00BF     		.section	.text._ZN3r2p7SysLock7acquireEv,"axG",%progbits,_ZN3r2p7SysLock7acquireEv,comdat
 122              		.align	2
 123              		.p2align 4,,15
 124              		.weak	_ZN3r2p7SysLock7acquireEv
 125              		.thumb
 126              		.thumb_func
 127              		.type	_ZN3r2p7SysLock7acquireEv, %function
 128              	_ZN3r2p7SysLock7acquireEv:
 129              	.LFB26:
 130              		.file 3 "/home/ergae/r2p-sdk/core/Middleware/include/r2p/SysLock.hpp"
 131              		.loc 3 27 0
 132              		.cfi_startproc
 133              		@ args = 0, pretend = 0, frame = 0
 134              		@ frame_needed = 0, uses_anonymous_args = 0
 135 0000 08B5     		push	{r3, lr}
 136              		.cfi_def_cfa_offset 8
 137              		.cfi_offset 3, -8
 138              		.cfi_offset 14, -4
 139              		.loc 3 29 0
 140 0002 FFF7FEFF 		bl	_ZN3r2p8SysLock_7acquireEv
 141              		.loc 3 30 0
 142 0006 08BD     		pop	{r3, pc}
 143              		.cfi_endproc
 144              	.LFE26:
 145              		.size	_ZN3r2p7SysLock7acquireEv, .-_ZN3r2p7SysLock7acquireEv
 146 0008 AFF30080 		.section	.text._ZN3r2p7SysLock7releaseEv,"axG",%progbits,_ZN3r2p7SysLock7releaseEv,comdat
 146      AFF30080 
 147              		.align	2
 148              		.p2align 4,,15
 149              		.weak	_ZN3r2p7SysLock7releaseEv
 150              		.thumb
 151              		.thumb_func
 152              		.type	_ZN3r2p7SysLock7releaseEv, %function
 153              	_ZN3r2p7SysLock7releaseEv:
 154              	.LFB27:
 155              		.loc 3 34 0
 156              		.cfi_startproc
 157              		@ args = 0, pretend = 0, frame = 0
 158              		@ frame_needed = 0, uses_anonymous_args = 0
 159 0000 08B5     		push	{r3, lr}
 160              		.cfi_def_cfa_offset 8
 161              		.cfi_offset 3, -8
 162              		.cfi_offset 14, -4
 163              		.loc 3 36 0
 164 0002 FFF7FEFF 		bl	_ZN3r2p8SysLock_7releaseEv
 165              		.loc 3 37 0
 166 0006 08BD     		pop	{r3, pc}
 167              		.cfi_endproc
 168              	.LFE27:
 169              		.size	_ZN3r2p7SysLock7releaseEv, .-_ZN3r2p7SysLock7releaseEv
 170              		.section	.text._ZN3r2p11SimplePool_12alloc_unsafeEv,"ax",%progbits
ARM GAS  /tmp/cc5Nje5O.s 			page 4


 171              		.align	2
 172              		.p2align 4,,15
 173              		.global	_ZN3r2p11SimplePool_12alloc_unsafeEv
 174              		.thumb
 175              		.thumb_func
 176              		.type	_ZN3r2p11SimplePool_12alloc_unsafeEv, %function
 177              	_ZN3r2p11SimplePool_12alloc_unsafeEv:
 178              	.LFB36:
 179              		.file 4 "/home/ergae/r2p-sdk/core/Middleware/src/impl/SimplePool_.cpp"
 180              		.loc 4 7 0
 181              		.cfi_startproc
 182              		@ args = 0, pretend = 0, frame = 16
 183              		@ frame_needed = 0, uses_anonymous_args = 0
 184              		@ link register save eliminated.
 185 0000 84B0     		sub	sp, sp, #16
 186              		.cfi_def_cfa_offset 16
 187 0002 0190     		str	r0, [sp, #4]
 188              	.LBB8:
 189              	.LBB9:
 190              		.loc 4 9 0
 191 0004 019B     		ldr	r3, [sp, #4]
 192 0006 1B68     		ldr	r3, [r3]
 193 0008 002B     		cmp	r3, #0
 194 000a 09D0     		beq	.L9
 195              	.LBB10:
 196              		.loc 4 10 0
 197 000c 019B     		ldr	r3, [sp, #4]
 198 000e 1B68     		ldr	r3, [r3]
 199 0010 0393     		str	r3, [sp, #12]
 200              		.loc 4 11 0
 201 0012 019B     		ldr	r3, [sp, #4]
 202 0014 1B68     		ldr	r3, [r3]
 203 0016 1A68     		ldr	r2, [r3]
 204 0018 019B     		ldr	r3, [sp, #4]
 205 001a 1A60     		str	r2, [r3]
 206              		.loc 4 12 0
 207 001c 039B     		ldr	r3, [sp, #12]
 208 001e 00E0     		b	.L10
 209              	.L9:
 210              	.LBE10:
 211              	.LBE9:
 212              		.loc 4 14 0
 213 0020 0023     		movs	r3, #0
 214              	.L10:
 215              	.LBE8:
 216              		.loc 4 15 0
 217 0022 1846     		mov	r0, r3
 218 0024 04B0     		add	sp, sp, #16
 219              		.cfi_def_cfa_offset 0
 220              		@ sp needed
 221 0026 7047     		bx	lr
 222              		.cfi_endproc
 223              	.LFE36:
 224              		.size	_ZN3r2p11SimplePool_12alloc_unsafeEv, .-_ZN3r2p11SimplePool_12alloc_unsafeEv
 225 0028 AFF30080 		.section	.text._ZN3r2p11SimplePool_11free_unsafeEPv,"ax",%progbits
 225      AFF30080 
 226              		.align	2
ARM GAS  /tmp/cc5Nje5O.s 			page 5


 227              		.p2align 4,,15
 228              		.global	_ZN3r2p11SimplePool_11free_unsafeEPv
 229              		.thumb
 230              		.thumb_func
 231              		.type	_ZN3r2p11SimplePool_11free_unsafeEPv, %function
 232              	_ZN3r2p11SimplePool_11free_unsafeEPv:
 233              	.LFB37:
 234              		.loc 4 18 0
 235              		.cfi_startproc
 236              		@ args = 0, pretend = 0, frame = 8
 237              		@ frame_needed = 0, uses_anonymous_args = 0
 238              		@ link register save eliminated.
 239 0000 82B0     		sub	sp, sp, #8
 240              		.cfi_def_cfa_offset 8
 241 0002 0190     		str	r0, [sp, #4]
 242 0004 0091     		str	r1, [sp]
 243              		.loc 4 20 0
 244 0006 009B     		ldr	r3, [sp]
 245 0008 002B     		cmp	r3, #0
 246 000a 06D0     		beq	.L11
 247              		.loc 4 21 0
 248 000c 019B     		ldr	r3, [sp, #4]
 249 000e 1A68     		ldr	r2, [r3]
 250 0010 009B     		ldr	r3, [sp]
 251 0012 1A60     		str	r2, [r3]
 252              		.loc 4 22 0
 253 0014 019B     		ldr	r3, [sp, #4]
 254 0016 009A     		ldr	r2, [sp]
 255 0018 1A60     		str	r2, [r3]
 256              	.L11:
 257              		.loc 4 24 0
 258 001a 02B0     		add	sp, sp, #8
 259              		.cfi_def_cfa_offset 0
 260              		@ sp needed
 261 001c 7047     		bx	lr
 262              		.cfi_endproc
 263              	.LFE37:
 264              		.size	_ZN3r2p11SimplePool_11free_unsafeEPv, .-_ZN3r2p11SimplePool_11free_unsafeEPv
 265 001e 00BF     		.section	.text._ZN3r2p11SimplePool_5allocEv,"ax",%progbits
 266              		.align	2
 267              		.p2align 4,,15
 268              		.global	_ZN3r2p11SimplePool_5allocEv
 269              		.thumb
 270              		.thumb_func
 271              		.type	_ZN3r2p11SimplePool_5allocEv, %function
 272              	_ZN3r2p11SimplePool_5allocEv:
 273              	.LFB38:
 274              		.loc 4 27 0
 275              		.cfi_startproc
 276              		@ args = 0, pretend = 0, frame = 16
 277              		@ frame_needed = 0, uses_anonymous_args = 0
 278 0000 00B5     		push	{lr}
 279              		.cfi_def_cfa_offset 4
 280              		.cfi_offset 14, -4
 281 0002 85B0     		sub	sp, sp, #20
 282              		.cfi_def_cfa_offset 24
 283 0004 0190     		str	r0, [sp, #4]
ARM GAS  /tmp/cc5Nje5O.s 			page 6


 284              	.LBB11:
 285              		.loc 4 29 0
 286 0006 FFF7FEFF 		bl	_ZN3r2p7SysLock7acquireEv
 287              	.LBB12:
 288              		.loc 4 30 0
 289 000a 019B     		ldr	r3, [sp, #4]
 290 000c 1B68     		ldr	r3, [r3]
 291 000e 002B     		cmp	r3, #0
 292 0010 0BD0     		beq	.L14
 293              	.LBB13:
 294              		.loc 4 31 0
 295 0012 019B     		ldr	r3, [sp, #4]
 296 0014 1B68     		ldr	r3, [r3]
 297 0016 0393     		str	r3, [sp, #12]
 298              		.loc 4 32 0
 299 0018 019B     		ldr	r3, [sp, #4]
 300 001a 1B68     		ldr	r3, [r3]
 301 001c 1A68     		ldr	r2, [r3]
 302 001e 019B     		ldr	r3, [sp, #4]
 303 0020 1A60     		str	r2, [r3]
 304              		.loc 4 33 0
 305 0022 FFF7FEFF 		bl	_ZN3r2p7SysLock7releaseEv
 306              		.loc 4 34 0
 307 0026 039B     		ldr	r3, [sp, #12]
 308 0028 02E0     		b	.L15
 309              	.L14:
 310              	.LBE13:
 311              		.loc 4 36 0
 312 002a FFF7FEFF 		bl	_ZN3r2p7SysLock7releaseEv
 313              		.loc 4 37 0
 314 002e 0023     		movs	r3, #0
 315              	.L15:
 316              	.LBE12:
 317              	.LBE11:
 318              		.loc 4 39 0
 319 0030 1846     		mov	r0, r3
 320 0032 05B0     		add	sp, sp, #20
 321              		.cfi_def_cfa_offset 4
 322              		@ sp needed
 323 0034 5DF804FB 		ldr	pc, [sp], #4
 324              		.cfi_endproc
 325              	.LFE38:
 326              		.size	_ZN3r2p11SimplePool_5allocEv, .-_ZN3r2p11SimplePool_5allocEv
 327 0038 AFF30080 		.section	.text._ZN3r2p11SimplePool_4freeEPv,"ax",%progbits
 327      AFF30080 
 328              		.align	2
 329              		.p2align 4,,15
 330              		.global	_ZN3r2p11SimplePool_4freeEPv
 331              		.thumb
 332              		.thumb_func
 333              		.type	_ZN3r2p11SimplePool_4freeEPv, %function
 334              	_ZN3r2p11SimplePool_4freeEPv:
 335              	.LFB39:
 336              		.loc 4 42 0
 337              		.cfi_startproc
 338              		@ args = 0, pretend = 0, frame = 8
 339              		@ frame_needed = 0, uses_anonymous_args = 0
ARM GAS  /tmp/cc5Nje5O.s 			page 7


 340 0000 00B5     		push	{lr}
 341              		.cfi_def_cfa_offset 4
 342              		.cfi_offset 14, -4
 343 0002 83B0     		sub	sp, sp, #12
 344              		.cfi_def_cfa_offset 16
 345 0004 0190     		str	r0, [sp, #4]
 346 0006 0091     		str	r1, [sp]
 347              		.loc 4 44 0
 348 0008 009B     		ldr	r3, [sp]
 349 000a 002B     		cmp	r3, #0
 350 000c 0AD0     		beq	.L16
 351              		.loc 4 45 0
 352 000e FFF7FEFF 		bl	_ZN3r2p7SysLock7acquireEv
 353              		.loc 4 46 0
 354 0012 019B     		ldr	r3, [sp, #4]
 355 0014 1A68     		ldr	r2, [r3]
 356 0016 009B     		ldr	r3, [sp]
 357 0018 1A60     		str	r2, [r3]
 358              		.loc 4 47 0
 359 001a 019B     		ldr	r3, [sp, #4]
 360 001c 009A     		ldr	r2, [sp]
 361 001e 1A60     		str	r2, [r3]
 362              		.loc 4 48 0
 363 0020 FFF7FEFF 		bl	_ZN3r2p7SysLock7releaseEv
 364              	.L16:
 365              		.loc 4 50 0
 366 0024 03B0     		add	sp, sp, #12
 367              		.cfi_def_cfa_offset 4
 368              		@ sp needed
 369 0026 5DF804FB 		ldr	pc, [sp], #4
 370              		.cfi_endproc
 371              	.LFE39:
 372              		.size	_ZN3r2p11SimplePool_4freeEPv, .-_ZN3r2p11SimplePool_4freeEPv
 373 002a 00BFAFF3 		.section	.rodata
 373      0080
 374              		.align	2
 375              	.LC0:
 376 0000 5232505F 		.ascii	"R2P_ASSERT()\000"
 376      41535345 
 376      52542829 
 376      00
 377 000d 000000   		.section	.text._ZN3r2p11SimplePool_4growEPvjj,"ax",%progbits
 378              		.align	2
 379              		.p2align 4,,15
 380              		.global	_ZN3r2p11SimplePool_4growEPvjj
 381              		.thumb
 382              		.thumb_func
 383              		.type	_ZN3r2p11SimplePool_4growEPvjj, %function
 384              	_ZN3r2p11SimplePool_4growEPvjj:
 385              	.LFB40:
 386              		.loc 4 53 0
 387              		.cfi_startproc
 388              		@ args = 0, pretend = 0, frame = 24
 389              		@ frame_needed = 0, uses_anonymous_args = 0
 390 0000 00B5     		push	{lr}
 391              		.cfi_def_cfa_offset 4
 392              		.cfi_offset 14, -4
ARM GAS  /tmp/cc5Nje5O.s 			page 8


 393 0002 87B0     		sub	sp, sp, #28
 394              		.cfi_def_cfa_offset 32
 395 0004 0390     		str	r0, [sp, #12]
 396 0006 0291     		str	r1, [sp, #8]
 397 0008 0192     		str	r2, [sp, #4]
 398 000a 0093     		str	r3, [sp]
 399              	.LBB14:
 400              		.loc 4 55 0
 401 000c 029B     		ldr	r3, [sp, #8]
 402 000e 002B     		cmp	r3, #0
 403 0010 02D1     		bne	.L19
 404              		.loc 4 55 0 is_stmt 0 discriminator 1
 405 0012 1348     		ldr	r0, .L24
 406 0014 FFF7FEFF 		bl	chDbgPanic
 407              	.L19:
 408              		.loc 4 56 0 is_stmt 1
 409 0018 019B     		ldr	r3, [sp, #4]
 410 001a 002B     		cmp	r3, #0
 411 001c 02D1     		bne	.L20
 412              		.loc 4 56 0 is_stmt 0 discriminator 1
 413 001e 1048     		ldr	r0, .L24
 414 0020 FFF7FEFF 		bl	chDbgPanic
 415              	.L20:
 416              		.loc 4 57 0 is_stmt 1
 417 0024 009B     		ldr	r3, [sp]
 418 0026 042B     		cmp	r3, #4
 419 0028 02D2     		bcs	.L21
 420              		.loc 4 57 0 is_stmt 0 discriminator 1
 421 002a 0D48     		ldr	r0, .L24
 422 002c FFF7FEFF 		bl	chDbgPanic
 423              	.L21:
 424              	.LBB15:
 425              		.loc 4 59 0 is_stmt 1
 426 0030 029B     		ldr	r3, [sp, #8]
 427 0032 0593     		str	r3, [sp, #20]
 428 0034 07E0     		b	.L22
 429              	.L23:
 430              		.loc 4 61 0 discriminator 3
 431 0036 0398     		ldr	r0, [sp, #12]
 432 0038 0599     		ldr	r1, [sp, #20]
 433 003a FFF7FEFF 		bl	_ZN3r2p11SimplePool_4freeEPv
 434              		.loc 4 59 0 discriminator 3
 435 003e 059A     		ldr	r2, [sp, #20]
 436 0040 009B     		ldr	r3, [sp]
 437 0042 1344     		add	r3, r3, r2
 438 0044 0593     		str	r3, [sp, #20]
 439              	.L22:
 440              		.loc 4 60 0 discriminator 1
 441 0046 019B     		ldr	r3, [sp, #4]
 442 0048 5A1E     		subs	r2, r3, #1
 443 004a 0192     		str	r2, [sp, #4]
 444              		.loc 4 59 0 discriminator 1
 445 004c 002B     		cmp	r3, #0
 446 004e 14BF     		ite	ne
 447 0050 0123     		movne	r3, #1
 448 0052 0023     		moveq	r3, #0
 449 0054 DBB2     		uxtb	r3, r3
ARM GAS  /tmp/cc5Nje5O.s 			page 9


 450 0056 002B     		cmp	r3, #0
 451 0058 EDD1     		bne	.L23
 452              	.LBE15:
 453              	.LBE14:
 454              		.loc 4 63 0
 455 005a 07B0     		add	sp, sp, #28
 456              		.cfi_def_cfa_offset 4
 457              		@ sp needed
 458 005c 5DF804FB 		ldr	pc, [sp], #4
 459              	.L25:
 460              		.align	2
 461              	.L24:
 462 0060 00000000 		.word	.LC0
 463              		.cfi_endproc
 464              	.LFE40:
 465              		.size	_ZN3r2p11SimplePool_4growEPvjj, .-_ZN3r2p11SimplePool_4growEPvjj
 466 0064 AFF30080 		.section	.text._ZN3r2p11SimplePool_C2Ev,"ax",%progbits
 466      AFF30080 
 466      AFF30080 
 467              		.align	2
 468              		.p2align 4,,15
 469              		.global	_ZN3r2p11SimplePool_C2Ev
 470              		.thumb
 471              		.thumb_func
 472              		.type	_ZN3r2p11SimplePool_C2Ev, %function
 473              	_ZN3r2p11SimplePool_C2Ev:
 474              	.LFB42:
 475              		.loc 4 66 0
 476              		.cfi_startproc
 477              		@ args = 0, pretend = 0, frame = 8
 478              		@ frame_needed = 0, uses_anonymous_args = 0
 479 0000 00B5     		push	{lr}
 480              		.cfi_def_cfa_offset 4
 481              		.cfi_offset 14, -4
 482 0002 83B0     		sub	sp, sp, #12
 483              		.cfi_def_cfa_offset 16
 484 0004 0190     		str	r0, [sp, #4]
 485              	.LBB16:
 486              		.loc 4 68 0
 487 0006 0198     		ldr	r0, [sp, #4]
 488 0008 FFF7FEFF 		bl	_ZN3r2p10UncopyableC2Ev
 489 000c 019B     		ldr	r3, [sp, #4]
 490 000e 0022     		movs	r2, #0
 491 0010 1A60     		str	r2, [r3]
 492              	.LBE16:
 493              		.loc 4 69 0
 494 0012 019B     		ldr	r3, [sp, #4]
 495 0014 1846     		mov	r0, r3
 496 0016 03B0     		add	sp, sp, #12
 497              		.cfi_def_cfa_offset 4
 498              		@ sp needed
 499 0018 5DF804FB 		ldr	pc, [sp], #4
 500              		.cfi_endproc
 501              	.LFE42:
 502              		.size	_ZN3r2p11SimplePool_C2Ev, .-_ZN3r2p11SimplePool_C2Ev
 503              		.global	_ZN3r2p11SimplePool_C1Ev
 504              		.thumb_set _ZN3r2p11SimplePool_C1Ev,_ZN3r2p11SimplePool_C2Ev
ARM GAS  /tmp/cc5Nje5O.s 			page 10


 505 001c AFF30080 		.section	.text._ZN3r2p11SimplePool_C2EPvjj,"ax",%progbits
 506              		.align	2
 507              		.p2align 4,,15
 508              		.global	_ZN3r2p11SimplePool_C2EPvjj
 509              		.thumb
 510              		.thumb_func
 511              		.type	_ZN3r2p11SimplePool_C2EPvjj, %function
 512              	_ZN3r2p11SimplePool_C2EPvjj:
 513              	.LFB45:
 514              		.loc 4 72 0
 515              		.cfi_startproc
 516              		@ args = 0, pretend = 0, frame = 16
 517              		@ frame_needed = 0, uses_anonymous_args = 0
 518 0000 00B5     		push	{lr}
 519              		.cfi_def_cfa_offset 4
 520              		.cfi_offset 14, -4
 521 0002 85B0     		sub	sp, sp, #20
 522              		.cfi_def_cfa_offset 24
 523 0004 0390     		str	r0, [sp, #12]
 524 0006 0291     		str	r1, [sp, #8]
 525 0008 0192     		str	r2, [sp, #4]
 526 000a 0093     		str	r3, [sp]
 527              	.LBB17:
 528              		.loc 4 74 0
 529 000c 0398     		ldr	r0, [sp, #12]
 530 000e FFF7FEFF 		bl	_ZN3r2p10UncopyableC2Ev
 531 0012 039B     		ldr	r3, [sp, #12]
 532 0014 0022     		movs	r2, #0
 533 0016 1A60     		str	r2, [r3]
 534              		.loc 4 76 0
 535 0018 0398     		ldr	r0, [sp, #12]
 536 001a 0299     		ldr	r1, [sp, #8]
 537 001c 019A     		ldr	r2, [sp, #4]
 538 001e 009B     		ldr	r3, [sp]
 539 0020 FFF7FEFF 		bl	_ZN3r2p11SimplePool_4growEPvjj
 540              	.LBE17:
 541              		.loc 4 77 0
 542 0024 039B     		ldr	r3, [sp, #12]
 543 0026 1846     		mov	r0, r3
 544 0028 05B0     		add	sp, sp, #20
 545              		.cfi_def_cfa_offset 4
 546              		@ sp needed
 547 002a 5DF804FB 		ldr	pc, [sp], #4
 548              		.cfi_endproc
 549              	.LFE45:
 550              		.size	_ZN3r2p11SimplePool_C2EPvjj, .-_ZN3r2p11SimplePool_C2EPvjj
 551              		.global	_ZN3r2p11SimplePool_C1EPvjj
 552              		.thumb_set _ZN3r2p11SimplePool_C1EPvjj,_ZN3r2p11SimplePool_C2EPvjj
 553 002e 00BF     		.text
 554              	.Letext0:
 555              		.file 5 "/home/ergae/r2p-sdk/tools/gcc-arm-none-eabi-4_9-2014q4/lib/gcc/arm-none-eabi/4.9.3/includ
 556              		.file 6 "/home/ergae/r2p-sdk/tools/gcc-arm-none-eabi-4_9-2014q4/arm-none-eabi/include/machine/_def
 557              		.file 7 "/home/ergae/r2p-sdk/tools/gcc-arm-none-eabi-4_9-2014q4/arm-none-eabi/include/c++/4.9.3/cs
 558              		.file 8 "/home/ergae/r2p-sdk/tools/gcc-arm-none-eabi-4_9-2014q4/arm-none-eabi/include/string.h"
 559              		.file 9 "<built-in>"
 560              		.file 10 "/home/ergae/r2p-sdk/core/Middleware/include/r2p/impl/SimplePool_.hpp"
 561              		.file 11 "/home/ergae/r2p-sdk/tools/gcc-arm-none-eabi-4_9-2014q4/arm-none-eabi/include/stdint.h"
ARM GAS  /tmp/cc5Nje5O.s 			page 11


 562              		.section	.debug_info,"",%progbits
 563              	.Ldebug_info0:
 564 0000 4C060000 		.4byte	0x64c
 565 0004 0400     		.2byte	0x4
 566 0006 00000000 		.4byte	.Ldebug_abbrev0
 567 000a 04       		.byte	0x4
 568 000b 01       		.uleb128 0x1
 569 000c B2010000 		.4byte	.LASF53
 570 0010 04       		.byte	0x4
 571 0011 9C000000 		.4byte	.LASF54
 572 0015 53030000 		.4byte	.LASF55
 573 0019 00000000 		.4byte	.Ldebug_ranges0+0
 574 001d 00000000 		.4byte	0
 575 0021 00000000 		.4byte	.Ldebug_line0
 576 0025 02       		.uleb128 0x2
 577 0026 04       		.byte	0x4
 578 0027 05       		.byte	0x5
 579 0028 696E7400 		.ascii	"int\000"
 580 002c 03       		.uleb128 0x3
 581 002d 1B000000 		.4byte	.LASF2
 582 0031 05       		.byte	0x5
 583 0032 D4       		.byte	0xd4
 584 0033 37000000 		.4byte	0x37
 585 0037 04       		.uleb128 0x4
 586 0038 04       		.byte	0x4
 587 0039 07       		.byte	0x7
 588 003a A5010000 		.4byte	.LASF0
 589 003e 04       		.uleb128 0x4
 590 003f 01       		.byte	0x1
 591 0040 06       		.byte	0x6
 592 0041 FE000000 		.4byte	.LASF1
 593 0045 03       		.uleb128 0x3
 594 0046 11000000 		.4byte	.LASF3
 595 004a 06       		.byte	0x6
 596 004b 1D       		.byte	0x1d
 597 004c 50000000 		.4byte	0x50
 598 0050 04       		.uleb128 0x4
 599 0051 01       		.byte	0x1
 600 0052 08       		.byte	0x8
 601 0053 0A010000 		.4byte	.LASF4
 602 0057 04       		.uleb128 0x4
 603 0058 02       		.byte	0x2
 604 0059 05       		.byte	0x5
 605 005a 5B010000 		.4byte	.LASF5
 606 005e 04       		.uleb128 0x4
 607 005f 02       		.byte	0x2
 608 0060 07       		.byte	0x7
 609 0061 34010000 		.4byte	.LASF6
 610 0065 04       		.uleb128 0x4
 611 0066 04       		.byte	0x4
 612 0067 05       		.byte	0x5
 613 0068 7F000000 		.4byte	.LASF7
 614 006c 03       		.uleb128 0x3
 615 006d 47010000 		.4byte	.LASF8
 616 0071 06       		.byte	0x6
 617 0072 41       		.byte	0x41
 618 0073 77000000 		.4byte	0x77
ARM GAS  /tmp/cc5Nje5O.s 			page 12


 619 0077 04       		.uleb128 0x4
 620 0078 04       		.byte	0x4
 621 0079 07       		.byte	0x7
 622 007a 22010000 		.4byte	.LASF9
 623 007e 04       		.uleb128 0x4
 624 007f 08       		.byte	0x8
 625 0080 05       		.byte	0x5
 626 0081 97030000 		.4byte	.LASF10
 627 0085 04       		.uleb128 0x4
 628 0086 08       		.byte	0x8
 629 0087 07       		.byte	0x7
 630 0088 07030000 		.4byte	.LASF11
 631 008c 04       		.uleb128 0x4
 632 008d 04       		.byte	0x4
 633 008e 07       		.byte	0x7
 634 008f 89030000 		.4byte	.LASF12
 635 0093 05       		.uleb128 0x5
 636 0094 04       		.byte	0x4
 637 0095 06       		.uleb128 0x6
 638 0096 04       		.byte	0x4
 639 0097 9B000000 		.4byte	0x9b
 640 009b 04       		.uleb128 0x4
 641 009c 01       		.byte	0x1
 642 009d 08       		.byte	0x8
 643 009e C0030000 		.4byte	.LASF13
 644 00a2 06       		.uleb128 0x6
 645 00a3 04       		.byte	0x4
 646 00a4 A8000000 		.4byte	0xa8
 647 00a8 07       		.uleb128 0x7
 648 00a9 9B000000 		.4byte	0x9b
 649 00ad 08       		.uleb128 0x8
 650 00ae 73746400 		.ascii	"std\000"
 651 00b2 09       		.byte	0x9
 652 00b3 00       		.byte	0
 653 00b4 D5000000 		.4byte	0xd5
 654 00b8 09       		.uleb128 0x9
 655 00b9 07       		.byte	0x7
 656 00ba 52       		.byte	0x52
 657 00bb D5000000 		.4byte	0xd5
 658 00bf 09       		.uleb128 0x9
 659 00c0 07       		.byte	0x7
 660 00c1 55       		.byte	0x55
 661 00c2 EF000000 		.4byte	0xef
 662 00c6 09       		.uleb128 0x9
 663 00c7 07       		.byte	0x7
 664 00c8 5B       		.byte	0x5b
 665 00c9 04010000 		.4byte	0x104
 666 00cd 09       		.uleb128 0x9
 667 00ce 07       		.byte	0x7
 668 00cf 5C       		.byte	0x5c
 669 00d0 1E010000 		.4byte	0x11e
 670 00d4 00       		.byte	0
 671 00d5 0A       		.uleb128 0xa
 672 00d6 09000000 		.4byte	.LASF14
 673 00da 08       		.byte	0x8
 674 00db 1D       		.byte	0x1d
 675 00dc 25000000 		.4byte	0x25
ARM GAS  /tmp/cc5Nje5O.s 			page 13


 676 00e0 EF000000 		.4byte	0xef
 677 00e4 0B       		.uleb128 0xb
 678 00e5 A2000000 		.4byte	0xa2
 679 00e9 0B       		.uleb128 0xb
 680 00ea A2000000 		.4byte	0xa2
 681 00ee 00       		.byte	0
 682 00ef 0A       		.uleb128 0xa
 683 00f0 1D040000 		.4byte	.LASF15
 684 00f4 08       		.byte	0x8
 685 00f5 20       		.byte	0x20
 686 00f6 95000000 		.4byte	0x95
 687 00fa 04010000 		.4byte	0x104
 688 00fe 0B       		.uleb128 0xb
 689 00ff 25000000 		.4byte	0x25
 690 0103 00       		.byte	0
 691 0104 0A       		.uleb128 0xa
 692 0105 5C040000 		.4byte	.LASF16
 693 0109 08       		.byte	0x8
 694 010a 2A       		.byte	0x2a
 695 010b 95000000 		.4byte	0x95
 696 010f 1E010000 		.4byte	0x11e
 697 0113 0B       		.uleb128 0xb
 698 0114 95000000 		.4byte	0x95
 699 0118 0B       		.uleb128 0xb
 700 0119 A2000000 		.4byte	0xa2
 701 011d 00       		.byte	0
 702 011e 0A       		.uleb128 0xa
 703 011f 78010000 		.4byte	.LASF17
 704 0123 08       		.byte	0x8
 705 0124 2C       		.byte	0x2c
 706 0125 2C000000 		.4byte	0x2c
 707 0129 3D010000 		.4byte	0x13d
 708 012d 0B       		.uleb128 0xb
 709 012e 95000000 		.4byte	0x95
 710 0132 0B       		.uleb128 0xb
 711 0133 A2000000 		.4byte	0xa2
 712 0137 0B       		.uleb128 0xb
 713 0138 2C000000 		.4byte	0x2c
 714 013c 00       		.byte	0
 715 013d 08       		.uleb128 0x8
 716 013e 72327000 		.ascii	"r2p\000"
 717 0142 01       		.byte	0x1
 718 0143 03       		.byte	0x3
 719 0144 4D030000 		.4byte	0x34d
 720 0148 0C       		.uleb128 0xc
 721 0149 6D010000 		.4byte	.LASF18
 722 014d 01       		.byte	0x1
 723 014e 01       		.byte	0x1
 724 014f 06       		.byte	0x6
 725 0150 A8010000 		.4byte	0x1a8
 726 0154 0D       		.uleb128 0xd
 727 0155 6D010000 		.4byte	.LASF18
 728 0159 01       		.byte	0x1
 729 015a 09       		.byte	0x9
 730 015b 4D030000 		.4byte	0x34d
 731 015f 67010000 		.4byte	0x167
 732 0163 72010000 		.4byte	0x172
ARM GAS  /tmp/cc5Nje5O.s 			page 14


 733 0167 0E       		.uleb128 0xe
 734 0168 4D030000 		.4byte	0x34d
 735 016c 0B       		.uleb128 0xb
 736 016d 53030000 		.4byte	0x353
 737 0171 00       		.byte	0
 738 0172 0F       		.uleb128 0xf
 739 0173 6D010000 		.4byte	.LASF18
 740 0177 01       		.byte	0x1
 741 0178 14       		.byte	0x14
 742 0179 4D030000 		.4byte	0x34d
 743 017d 02       		.byte	0x2
 744 017e 86010000 		.4byte	0x186
 745 0182 8C010000 		.4byte	0x18c
 746 0186 0E       		.uleb128 0xe
 747 0187 4D030000 		.4byte	0x34d
 748 018b 00       		.byte	0
 749 018c 10       		.uleb128 0x10
 750 018d 73000000 		.4byte	.LASF19
 751 0191 01       		.byte	0x1
 752 0192 15       		.byte	0x15
 753 0193 93000000 		.4byte	0x93
 754 0197 02       		.byte	0x2
 755 0198 9C010000 		.4byte	0x19c
 756 019c 0E       		.uleb128 0xe
 757 019d 4D030000 		.4byte	0x34d
 758 01a1 0E       		.uleb128 0xe
 759 01a2 25000000 		.4byte	0x25
 760 01a6 00       		.byte	0
 761 01a7 00       		.byte	0
 762 01a8 07       		.uleb128 0x7
 763 01a9 48010000 		.4byte	0x148
 764 01ad 0C       		.uleb128 0xc
 765 01ae 52010000 		.4byte	.LASF20
 766 01b2 01       		.byte	0x1
 767 01b3 02       		.byte	0x2
 768 01b4 09       		.byte	0x9
 769 01b5 F1010000 		.4byte	0x1f1
 770 01b9 11       		.uleb128 0x11
 771 01ba 48010000 		.4byte	0x148
 772 01be 00       		.byte	0
 773 01bf 0D       		.uleb128 0xd
 774 01c0 52010000 		.4byte	.LASF20
 775 01c4 02       		.byte	0x2
 776 01c5 0B       		.byte	0xb
 777 01c6 7C030000 		.4byte	0x37c
 778 01ca D2010000 		.4byte	0x1d2
 779 01ce D8010000 		.4byte	0x1d8
 780 01d2 0E       		.uleb128 0xe
 781 01d3 7C030000 		.4byte	0x37c
 782 01d7 00       		.byte	0
 783 01d8 12       		.uleb128 0x12
 784 01d9 FF020000 		.4byte	.LASF21
 785 01dd 02       		.byte	0x2
 786 01de 0E       		.byte	0xe
 787 01df D1030000 		.4byte	.LASF23
 788 01e3 01       		.byte	0x1
 789 01e4 12       		.uleb128 0x12
ARM GAS  /tmp/cc5Nje5O.s 			page 15


 790 01e5 9C040000 		.4byte	.LASF22
 791 01e9 02       		.byte	0x2
 792 01ea 0F       		.byte	0xf
 793 01eb A5030000 		.4byte	.LASF24
 794 01ef 01       		.byte	0x1
 795 01f0 00       		.byte	0
 796 01f1 0C       		.uleb128 0xc
 797 01f2 65010000 		.4byte	.LASF25
 798 01f6 01       		.byte	0x1
 799 01f7 03       		.byte	0x3
 800 01f8 09       		.byte	0x9
 801 01f9 35020000 		.4byte	0x235
 802 01fd 11       		.uleb128 0x11
 803 01fe 48010000 		.4byte	0x148
 804 0202 00       		.byte	0
 805 0203 0D       		.uleb128 0xd
 806 0204 65010000 		.4byte	.LASF25
 807 0208 03       		.byte	0x3
 808 0209 12       		.byte	0x12
 809 020a 82030000 		.4byte	0x382
 810 020e 16020000 		.4byte	0x216
 811 0212 1C020000 		.4byte	0x21c
 812 0216 0E       		.uleb128 0xe
 813 0217 82030000 		.4byte	0x382
 814 021b 00       		.byte	0
 815 021c 12       		.uleb128 0x12
 816 021d FF020000 		.4byte	.LASF21
 817 0221 03       		.byte	0x3
 818 0222 15       		.byte	0x15
 819 0223 26040000 		.4byte	.LASF26
 820 0227 01       		.byte	0x1
 821 0228 12       		.uleb128 0x12
 822 0229 9C040000 		.4byte	.LASF22
 823 022d 03       		.byte	0x3
 824 022e 16       		.byte	0x16
 825 022f 33000000 		.4byte	.LASF27
 826 0233 01       		.byte	0x1
 827 0234 00       		.byte	0
 828 0235 13       		.uleb128 0x13
 829 0236 C5030000 		.4byte	.LASF40
 830 023a 04       		.byte	0x4
 831 023b 0A       		.byte	0xa
 832 023c 08       		.byte	0x8
 833 023d 14       		.uleb128 0x14
 834 023e 88040000 		.4byte	.LASF56
 835 0242 04       		.byte	0x4
 836 0243 0A       		.byte	0xa
 837 0244 0A       		.byte	0xa
 838 0245 01       		.byte	0x1
 839 0246 57020000 		.4byte	0x257
 840 024a 15       		.uleb128 0x15
 841 024b 0E040000 		.4byte	.LASF28
 842 024f 0A       		.byte	0xa
 843 0250 0B       		.byte	0xb
 844 0251 88030000 		.4byte	0x388
 845 0255 00       		.byte	0
 846 0256 00       		.byte	0
ARM GAS  /tmp/cc5Nje5O.s 			page 16


 847 0257 11       		.uleb128 0x11
 848 0258 48010000 		.4byte	0x148
 849 025c 00       		.byte	0
 850 025d 15       		.uleb128 0x15
 851 025e 96040000 		.4byte	.LASF29
 852 0262 0A       		.byte	0xa
 853 0263 0F       		.byte	0xf
 854 0264 88030000 		.4byte	0x388
 855 0268 00       		.byte	0
 856 0269 16       		.uleb128 0x16
 857 026a 4D000000 		.4byte	.LASF31
 858 026e 0A       		.byte	0xa
 859 026f 12       		.byte	0x12
 860 0270 63040000 		.4byte	.LASF33
 861 0274 93000000 		.4byte	0x93
 862 0278 01       		.byte	0x1
 863 0279 81020000 		.4byte	0x281
 864 027d 87020000 		.4byte	0x287
 865 0281 0E       		.uleb128 0xe
 866 0282 8E030000 		.4byte	0x38e
 867 0286 00       		.byte	0
 868 0287 17       		.uleb128 0x17
 869 0288 22000000 		.4byte	.LASF30
 870 028c 0A       		.byte	0xa
 871 028d 13       		.byte	0x13
 872 028e 80010000 		.4byte	.LASF36
 873 0292 01       		.byte	0x1
 874 0293 9B020000 		.4byte	0x29b
 875 0297 A6020000 		.4byte	0x2a6
 876 029b 0E       		.uleb128 0xe
 877 029c 8E030000 		.4byte	0x38e
 878 02a0 0B       		.uleb128 0xb
 879 02a1 93000000 		.4byte	0x93
 880 02a5 00       		.byte	0
 881 02a6 16       		.uleb128 0x16
 882 02a7 D9000000 		.4byte	.LASF32
 883 02ab 0A       		.byte	0xa
 884 02ac 15       		.byte	0x15
 885 02ad 36030000 		.4byte	.LASF34
 886 02b1 93000000 		.4byte	0x93
 887 02b5 01       		.byte	0x1
 888 02b6 BE020000 		.4byte	0x2be
 889 02ba C4020000 		.4byte	0x2c4
 890 02be 0E       		.uleb128 0xe
 891 02bf 8E030000 		.4byte	0x38e
 892 02c3 00       		.byte	0
 893 02c4 17       		.uleb128 0x17
 894 02c5 92030000 		.4byte	.LASF35
 895 02c9 0A       		.byte	0xa
 896 02ca 16       		.byte	0x16
 897 02cb F1030000 		.4byte	.LASF37
 898 02cf 01       		.byte	0x1
 899 02d0 D8020000 		.4byte	0x2d8
 900 02d4 E3020000 		.4byte	0x2e3
 901 02d8 0E       		.uleb128 0xe
 902 02d9 8E030000 		.4byte	0x38e
 903 02dd 0B       		.uleb128 0xb
ARM GAS  /tmp/cc5Nje5O.s 			page 17


 904 02de 93000000 		.4byte	0x93
 905 02e2 00       		.byte	0
 906 02e3 17       		.uleb128 0x17
 907 02e4 1D010000 		.4byte	.LASF38
 908 02e8 0A       		.byte	0xa
 909 02e9 17       		.byte	0x17
 910 02ea DF000000 		.4byte	.LASF39
 911 02ee 01       		.byte	0x1
 912 02ef F7020000 		.4byte	0x2f7
 913 02f3 0C030000 		.4byte	0x30c
 914 02f7 0E       		.uleb128 0xe
 915 02f8 8E030000 		.4byte	0x38e
 916 02fc 0B       		.uleb128 0xb
 917 02fd 93000000 		.4byte	0x93
 918 0301 0B       		.uleb128 0xb
 919 0302 2C000000 		.4byte	0x2c
 920 0306 0B       		.uleb128 0xb
 921 0307 2C000000 		.4byte	0x2c
 922 030b 00       		.byte	0
 923 030c 0F       		.uleb128 0xf
 924 030d C5030000 		.4byte	.LASF40
 925 0311 0A       		.byte	0xa
 926 0312 1A       		.byte	0x1a
 927 0313 8E030000 		.4byte	0x38e
 928 0317 01       		.byte	0x1
 929 0318 20030000 		.4byte	0x320
 930 031c 26030000 		.4byte	0x326
 931 0320 0E       		.uleb128 0xe
 932 0321 8E030000 		.4byte	0x38e
 933 0325 00       		.byte	0
 934 0326 10       		.uleb128 0x10
 935 0327 C5030000 		.4byte	.LASF40
 936 032b 0A       		.byte	0xa
 937 032c 1B       		.byte	0x1b
 938 032d 8E030000 		.4byte	0x38e
 939 0331 01       		.byte	0x1
 940 0332 36030000 		.4byte	0x336
 941 0336 0E       		.uleb128 0xe
 942 0337 8E030000 		.4byte	0x38e
 943 033b 0B       		.uleb128 0xb
 944 033c 93000000 		.4byte	0x93
 945 0340 0B       		.uleb128 0xb
 946 0341 2C000000 		.4byte	0x2c
 947 0345 0B       		.uleb128 0xb
 948 0346 2C000000 		.4byte	0x2c
 949 034a 00       		.byte	0
 950 034b 00       		.byte	0
 951 034c 00       		.byte	0
 952 034d 06       		.uleb128 0x6
 953 034e 04       		.byte	0x4
 954 034f 48010000 		.4byte	0x148
 955 0353 18       		.uleb128 0x18
 956 0354 04       		.byte	0x4
 957 0355 A8010000 		.4byte	0x1a8
 958 0359 03       		.uleb128 0x3
 959 035a 8D000000 		.4byte	.LASF41
 960 035e 0B       		.byte	0xb
ARM GAS  /tmp/cc5Nje5O.s 			page 18


 961 035f 15       		.byte	0x15
 962 0360 45000000 		.4byte	0x45
 963 0364 03       		.uleb128 0x3
 964 0365 14040000 		.4byte	.LASF42
 965 0369 0B       		.byte	0xb
 966 036a 2D       		.byte	0x2d
 967 036b 6C000000 		.4byte	0x6c
 968 036f 04       		.uleb128 0x4
 969 0370 01       		.byte	0x1
 970 0371 02       		.byte	0x2
 971 0372 88000000 		.4byte	.LASF43
 972 0376 06       		.uleb128 0x6
 973 0377 04       		.byte	0x4
 974 0378 59030000 		.4byte	0x359
 975 037c 06       		.uleb128 0x6
 976 037d 04       		.byte	0x4
 977 037e AD010000 		.4byte	0x1ad
 978 0382 06       		.uleb128 0x6
 979 0383 04       		.byte	0x4
 980 0384 F1010000 		.4byte	0x1f1
 981 0388 06       		.uleb128 0x6
 982 0389 04       		.byte	0x4
 983 038a 3D020000 		.4byte	0x23d
 984 038e 06       		.uleb128 0x6
 985 038f 04       		.byte	0x4
 986 0390 35020000 		.4byte	0x235
 987 0394 19       		.uleb128 0x19
 988 0395 72010000 		.4byte	0x172
 989 0399 02       		.byte	0x2
 990 039a A2030000 		.4byte	0x3a2
 991 039e AC030000 		.4byte	0x3ac
 992 03a2 1A       		.uleb128 0x1a
 993 03a3 18010000 		.4byte	.LASF45
 994 03a7 AC030000 		.4byte	0x3ac
 995 03ab 00       		.byte	0
 996 03ac 07       		.uleb128 0x7
 997 03ad 4D030000 		.4byte	0x34d
 998 03b1 1B       		.uleb128 0x1b
 999 03b2 94030000 		.4byte	0x394
 1000 03b6 1E030000 		.4byte	.LASF51
 1001 03ba 00000000 		.4byte	.LFB6
 1002 03be 0C000000 		.4byte	.LFE6-.LFB6
 1003 03c2 01       		.uleb128 0x1
 1004 03c3 9C       		.byte	0x9c
 1005 03c4 CC030000 		.4byte	0x3cc
 1006 03c8 D5030000 		.4byte	0x3d5
 1007 03cc 1C       		.uleb128 0x1c
 1008 03cd A2030000 		.4byte	0x3a2
 1009 03d1 02       		.uleb128 0x2
 1010 03d2 91       		.byte	0x91
 1011 03d3 7C       		.sleb128 -4
 1012 03d4 00       		.byte	0
 1013 03d5 1D       		.uleb128 0x1d
 1014 03d6 D8010000 		.4byte	0x1d8
 1015 03da 14       		.byte	0x14
 1016 03db 00000000 		.4byte	.LFB18
 1017 03df 0E000000 		.4byte	.LFE18-.LFB18
ARM GAS  /tmp/cc5Nje5O.s 			page 19


 1018 03e3 01       		.uleb128 0x1
 1019 03e4 9C       		.byte	0x9c
 1020 03e5 01040000 		.4byte	0x401
 1021 03e9 1E       		.uleb128 0x1e
 1022 03ea 02000000 		.4byte	.LBB4
 1023 03ee 06000000 		.4byte	.LBE4-.LBB4
 1024 03f2 1F       		.uleb128 0x1f
 1025 03f3 746D7000 		.ascii	"tmp\000"
 1026 03f7 02       		.byte	0x2
 1027 03f8 16       		.byte	0x16
 1028 03f9 64030000 		.4byte	0x364
 1029 03fd 01       		.uleb128 0x1
 1030 03fe 53       		.byte	0x53
 1031 03ff 00       		.byte	0
 1032 0400 00       		.byte	0
 1033 0401 1D       		.uleb128 0x1d
 1034 0402 E4010000 		.4byte	0x1e4
 1035 0406 1B       		.byte	0x1b
 1036 0407 00000000 		.4byte	.LFB19
 1037 040b 0E000000 		.4byte	.LFE19-.LFB19
 1038 040f 01       		.uleb128 0x1
 1039 0410 9C       		.byte	0x9c
 1040 0411 2D040000 		.4byte	0x42d
 1041 0415 1E       		.uleb128 0x1e
 1042 0416 06000000 		.4byte	.LBB7
 1043 041a 06000000 		.4byte	.LBE7-.LBB7
 1044 041e 1F       		.uleb128 0x1f
 1045 041f 746D7000 		.ascii	"tmp\000"
 1046 0423 02       		.byte	0x2
 1047 0424 1D       		.byte	0x1d
 1048 0425 64030000 		.4byte	0x364
 1049 0429 01       		.uleb128 0x1
 1050 042a 53       		.byte	0x53
 1051 042b 00       		.byte	0
 1052 042c 00       		.byte	0
 1053 042d 20       		.uleb128 0x20
 1054 042e 1C020000 		.4byte	0x21c
 1055 0432 1B       		.byte	0x1b
 1056 0433 00000000 		.4byte	.LFB26
 1057 0437 08000000 		.4byte	.LFE26-.LFB26
 1058 043b 01       		.uleb128 0x1
 1059 043c 9C       		.byte	0x9c
 1060 043d 20       		.uleb128 0x20
 1061 043e 28020000 		.4byte	0x228
 1062 0442 22       		.byte	0x22
 1063 0443 00000000 		.4byte	.LFB27
 1064 0447 08000000 		.4byte	.LFE27-.LFB27
 1065 044b 01       		.uleb128 0x1
 1066 044c 9C       		.byte	0x9c
 1067 044d 21       		.uleb128 0x21
 1068 044e 69020000 		.4byte	0x269
 1069 0452 04       		.byte	0x4
 1070 0453 07       		.byte	0x7
 1071 0454 00000000 		.4byte	.LFB36
 1072 0458 28000000 		.4byte	.LFE36-.LFB36
 1073 045c 01       		.uleb128 0x1
 1074 045d 9C       		.byte	0x9c
ARM GAS  /tmp/cc5Nje5O.s 			page 20


 1075 045e 66040000 		.4byte	0x466
 1076 0462 8B040000 		.4byte	0x48b
 1077 0466 22       		.uleb128 0x22
 1078 0467 18010000 		.4byte	.LASF45
 1079 046b 8B040000 		.4byte	0x48b
 1080 046f 02       		.uleb128 0x2
 1081 0470 91       		.byte	0x91
 1082 0471 74       		.sleb128 -12
 1083 0472 1E       		.uleb128 0x1e
 1084 0473 0C000000 		.4byte	.LBB10
 1085 0477 14000000 		.4byte	.LBE10-.LBB10
 1086 047b 23       		.uleb128 0x23
 1087 047c 82030000 		.4byte	.LASF44
 1088 0480 04       		.byte	0x4
 1089 0481 0A       		.byte	0xa
 1090 0482 93000000 		.4byte	0x93
 1091 0486 02       		.uleb128 0x2
 1092 0487 91       		.byte	0x91
 1093 0488 7C       		.sleb128 -4
 1094 0489 00       		.byte	0
 1095 048a 00       		.byte	0
 1096 048b 07       		.uleb128 0x7
 1097 048c 8E030000 		.4byte	0x38e
 1098 0490 21       		.uleb128 0x21
 1099 0491 87020000 		.4byte	0x287
 1100 0495 04       		.byte	0x4
 1101 0496 12       		.byte	0x12
 1102 0497 00000000 		.4byte	.LFB37
 1103 049b 1E000000 		.4byte	.LFE37-.LFB37
 1104 049f 01       		.uleb128 0x1
 1105 04a0 9C       		.byte	0x9c
 1106 04a1 A9040000 		.4byte	0x4a9
 1107 04a5 C4040000 		.4byte	0x4c4
 1108 04a9 22       		.uleb128 0x22
 1109 04aa 18010000 		.4byte	.LASF45
 1110 04ae 8B040000 		.4byte	0x48b
 1111 04b2 02       		.uleb128 0x2
 1112 04b3 91       		.byte	0x91
 1113 04b4 7C       		.sleb128 -4
 1114 04b5 24       		.uleb128 0x24
 1115 04b6 EC030000 		.4byte	.LASF46
 1116 04ba 04       		.byte	0x4
 1117 04bb 12       		.byte	0x12
 1118 04bc 93000000 		.4byte	0x93
 1119 04c0 02       		.uleb128 0x2
 1120 04c1 91       		.byte	0x91
 1121 04c2 78       		.sleb128 -8
 1122 04c3 00       		.byte	0
 1123 04c4 25       		.uleb128 0x25
 1124 04c5 A6020000 		.4byte	0x2a6
 1125 04c9 04       		.byte	0x4
 1126 04ca 1B       		.byte	0x1b
 1127 04cb 00000000 		.4byte	.LFB38
 1128 04cf 38000000 		.4byte	.LFE38-.LFB38
 1129 04d3 01       		.uleb128 0x1
 1130 04d4 9C       		.byte	0x9c
 1131 04d5 DD040000 		.4byte	0x4dd
ARM GAS  /tmp/cc5Nje5O.s 			page 21


 1132 04d9 02050000 		.4byte	0x502
 1133 04dd 22       		.uleb128 0x22
 1134 04de 18010000 		.4byte	.LASF45
 1135 04e2 8B040000 		.4byte	0x48b
 1136 04e6 02       		.uleb128 0x2
 1137 04e7 91       		.byte	0x91
 1138 04e8 6C       		.sleb128 -20
 1139 04e9 1E       		.uleb128 0x1e
 1140 04ea 12000000 		.4byte	.LBB13
 1141 04ee 18000000 		.4byte	.LBE13-.LBB13
 1142 04f2 23       		.uleb128 0x23
 1143 04f3 82030000 		.4byte	.LASF44
 1144 04f7 04       		.byte	0x4
 1145 04f8 1F       		.byte	0x1f
 1146 04f9 93000000 		.4byte	0x93
 1147 04fd 02       		.uleb128 0x2
 1148 04fe 91       		.byte	0x91
 1149 04ff 74       		.sleb128 -12
 1150 0500 00       		.byte	0
 1151 0501 00       		.byte	0
 1152 0502 25       		.uleb128 0x25
 1153 0503 C4020000 		.4byte	0x2c4
 1154 0507 04       		.byte	0x4
 1155 0508 2A       		.byte	0x2a
 1156 0509 00000000 		.4byte	.LFB39
 1157 050d 2A000000 		.4byte	.LFE39-.LFB39
 1158 0511 01       		.uleb128 0x1
 1159 0512 9C       		.byte	0x9c
 1160 0513 1B050000 		.4byte	0x51b
 1161 0517 36050000 		.4byte	0x536
 1162 051b 22       		.uleb128 0x22
 1163 051c 18010000 		.4byte	.LASF45
 1164 0520 8B040000 		.4byte	0x48b
 1165 0524 02       		.uleb128 0x2
 1166 0525 91       		.byte	0x91
 1167 0526 74       		.sleb128 -12
 1168 0527 24       		.uleb128 0x24
 1169 0528 EC030000 		.4byte	.LASF46
 1170 052c 04       		.byte	0x4
 1171 052d 2A       		.byte	0x2a
 1172 052e 93000000 		.4byte	0x93
 1173 0532 02       		.uleb128 0x2
 1174 0533 91       		.byte	0x91
 1175 0534 70       		.sleb128 -16
 1176 0535 00       		.byte	0
 1177 0536 25       		.uleb128 0x25
 1178 0537 E3020000 		.4byte	0x2e3
 1179 053b 04       		.byte	0x4
 1180 053c 35       		.byte	0x35
 1181 053d 00000000 		.4byte	.LFB40
 1182 0541 64000000 		.4byte	.LFE40-.LFB40
 1183 0545 01       		.uleb128 0x1
 1184 0546 9C       		.byte	0x9c
 1185 0547 4F050000 		.4byte	0x54f
 1186 054b 9E050000 		.4byte	0x59e
 1187 054f 22       		.uleb128 0x22
 1188 0550 18010000 		.4byte	.LASF45
ARM GAS  /tmp/cc5Nje5O.s 			page 22


 1189 0554 8B040000 		.4byte	0x48b
 1190 0558 02       		.uleb128 0x2
 1191 0559 91       		.byte	0x91
 1192 055a 6C       		.sleb128 -20
 1193 055b 24       		.uleb128 0x24
 1194 055c 95000000 		.4byte	.LASF47
 1195 0560 04       		.byte	0x4
 1196 0561 35       		.byte	0x35
 1197 0562 93000000 		.4byte	0x93
 1198 0566 02       		.uleb128 0x2
 1199 0567 91       		.byte	0x91
 1200 0568 68       		.sleb128 -24
 1201 0569 24       		.uleb128 0x24
 1202 056a 8F040000 		.4byte	.LASF48
 1203 056e 04       		.byte	0x4
 1204 056f 35       		.byte	0x35
 1205 0570 2C000000 		.4byte	0x2c
 1206 0574 02       		.uleb128 0x2
 1207 0575 91       		.byte	0x91
 1208 0576 64       		.sleb128 -28
 1209 0577 24       		.uleb128 0x24
 1210 0578 00000000 		.4byte	.LASF49
 1211 057c 04       		.byte	0x4
 1212 057d 35       		.byte	0x35
 1213 057e 2C000000 		.4byte	0x2c
 1214 0582 02       		.uleb128 0x2
 1215 0583 91       		.byte	0x91
 1216 0584 60       		.sleb128 -32
 1217 0585 1E       		.uleb128 0x1e
 1218 0586 30000000 		.4byte	.LBB15
 1219 058a 2A000000 		.4byte	.LBE15-.LBB15
 1220 058e 23       		.uleb128 0x23
 1221 058f 2E000000 		.4byte	.LASF50
 1222 0593 04       		.byte	0x4
 1223 0594 3B       		.byte	0x3b
 1224 0595 76030000 		.4byte	0x376
 1225 0599 02       		.uleb128 0x2
 1226 059a 91       		.byte	0x91
 1227 059b 74       		.sleb128 -12
 1228 059c 00       		.byte	0
 1229 059d 00       		.byte	0
 1230 059e 26       		.uleb128 0x26
 1231 059f 0C030000 		.4byte	0x30c
 1232 05a3 04       		.byte	0x4
 1233 05a4 42       		.byte	0x42
 1234 05a5 00       		.byte	0
 1235 05a6 AE050000 		.4byte	0x5ae
 1236 05aa B8050000 		.4byte	0x5b8
 1237 05ae 1A       		.uleb128 0x1a
 1238 05af 18010000 		.4byte	.LASF45
 1239 05b3 8B040000 		.4byte	0x48b
 1240 05b7 00       		.byte	0
 1241 05b8 27       		.uleb128 0x27
 1242 05b9 9E050000 		.4byte	0x59e
 1243 05bd 5A000000 		.4byte	.LASF52
 1244 05c1 00000000 		.4byte	.LFB42
 1245 05c5 1C000000 		.4byte	.LFE42-.LFB42
ARM GAS  /tmp/cc5Nje5O.s 			page 23


 1246 05c9 01       		.uleb128 0x1
 1247 05ca 9C       		.byte	0x9c
 1248 05cb D3050000 		.4byte	0x5d3
 1249 05cf DC050000 		.4byte	0x5dc
 1250 05d3 1C       		.uleb128 0x1c
 1251 05d4 AE050000 		.4byte	0x5ae
 1252 05d8 02       		.uleb128 0x2
 1253 05d9 91       		.byte	0x91
 1254 05da 74       		.sleb128 -12
 1255 05db 00       		.byte	0
 1256 05dc 26       		.uleb128 0x26
 1257 05dd 26030000 		.4byte	0x326
 1258 05e1 04       		.byte	0x4
 1259 05e2 48       		.byte	0x48
 1260 05e3 00       		.byte	0
 1261 05e4 EC050000 		.4byte	0x5ec
 1262 05e8 17060000 		.4byte	0x617
 1263 05ec 1A       		.uleb128 0x1a
 1264 05ed 18010000 		.4byte	.LASF45
 1265 05f1 8B040000 		.4byte	0x48b
 1266 05f5 28       		.uleb128 0x28
 1267 05f6 95000000 		.4byte	.LASF47
 1268 05fa 04       		.byte	0x4
 1269 05fb 48       		.byte	0x48
 1270 05fc 93000000 		.4byte	0x93
 1271 0600 28       		.uleb128 0x28
 1272 0601 8F040000 		.4byte	.LASF48
 1273 0605 04       		.byte	0x4
 1274 0606 48       		.byte	0x48
 1275 0607 2C000000 		.4byte	0x2c
 1276 060b 28       		.uleb128 0x28
 1277 060c 00000000 		.4byte	.LASF49
 1278 0610 04       		.byte	0x4
 1279 0611 48       		.byte	0x48
 1280 0612 2C000000 		.4byte	0x2c
 1281 0616 00       		.byte	0
 1282 0617 29       		.uleb128 0x29
 1283 0618 DC050000 		.4byte	0x5dc
 1284 061c 40040000 		.4byte	.LASF57
 1285 0620 00000000 		.4byte	.LFB45
 1286 0624 2E000000 		.4byte	.LFE45-.LFB45
 1287 0628 01       		.uleb128 0x1
 1288 0629 9C       		.byte	0x9c
 1289 062a 2E060000 		.4byte	0x62e
 1290 062e 1C       		.uleb128 0x1c
 1291 062f EC050000 		.4byte	0x5ec
 1292 0633 02       		.uleb128 0x2
 1293 0634 91       		.byte	0x91
 1294 0635 74       		.sleb128 -12
 1295 0636 1C       		.uleb128 0x1c
 1296 0637 F5050000 		.4byte	0x5f5
 1297 063b 02       		.uleb128 0x2
 1298 063c 91       		.byte	0x91
 1299 063d 70       		.sleb128 -16
 1300 063e 1C       		.uleb128 0x1c
 1301 063f 00060000 		.4byte	0x600
 1302 0643 02       		.uleb128 0x2
ARM GAS  /tmp/cc5Nje5O.s 			page 24


 1303 0644 91       		.byte	0x91
 1304 0645 6C       		.sleb128 -20
 1305 0646 1C       		.uleb128 0x1c
 1306 0647 0B060000 		.4byte	0x60b
 1307 064b 02       		.uleb128 0x2
 1308 064c 91       		.byte	0x91
 1309 064d 68       		.sleb128 -24
 1310 064e 00       		.byte	0
 1311 064f 00       		.byte	0
 1312              		.section	.debug_abbrev,"",%progbits
 1313              	.Ldebug_abbrev0:
 1314 0000 01       		.uleb128 0x1
 1315 0001 11       		.uleb128 0x11
 1316 0002 01       		.byte	0x1
 1317 0003 25       		.uleb128 0x25
 1318 0004 0E       		.uleb128 0xe
 1319 0005 13       		.uleb128 0x13
 1320 0006 0B       		.uleb128 0xb
 1321 0007 03       		.uleb128 0x3
 1322 0008 0E       		.uleb128 0xe
 1323 0009 1B       		.uleb128 0x1b
 1324 000a 0E       		.uleb128 0xe
 1325 000b 55       		.uleb128 0x55
 1326 000c 17       		.uleb128 0x17
 1327 000d 11       		.uleb128 0x11
 1328 000e 01       		.uleb128 0x1
 1329 000f 10       		.uleb128 0x10
 1330 0010 17       		.uleb128 0x17
 1331 0011 00       		.byte	0
 1332 0012 00       		.byte	0
 1333 0013 02       		.uleb128 0x2
 1334 0014 24       		.uleb128 0x24
 1335 0015 00       		.byte	0
 1336 0016 0B       		.uleb128 0xb
 1337 0017 0B       		.uleb128 0xb
 1338 0018 3E       		.uleb128 0x3e
 1339 0019 0B       		.uleb128 0xb
 1340 001a 03       		.uleb128 0x3
 1341 001b 08       		.uleb128 0x8
 1342 001c 00       		.byte	0
 1343 001d 00       		.byte	0
 1344 001e 03       		.uleb128 0x3
 1345 001f 16       		.uleb128 0x16
 1346 0020 00       		.byte	0
 1347 0021 03       		.uleb128 0x3
 1348 0022 0E       		.uleb128 0xe
 1349 0023 3A       		.uleb128 0x3a
 1350 0024 0B       		.uleb128 0xb
 1351 0025 3B       		.uleb128 0x3b
 1352 0026 0B       		.uleb128 0xb
 1353 0027 49       		.uleb128 0x49
 1354 0028 13       		.uleb128 0x13
 1355 0029 00       		.byte	0
 1356 002a 00       		.byte	0
 1357 002b 04       		.uleb128 0x4
 1358 002c 24       		.uleb128 0x24
 1359 002d 00       		.byte	0
ARM GAS  /tmp/cc5Nje5O.s 			page 25


 1360 002e 0B       		.uleb128 0xb
 1361 002f 0B       		.uleb128 0xb
 1362 0030 3E       		.uleb128 0x3e
 1363 0031 0B       		.uleb128 0xb
 1364 0032 03       		.uleb128 0x3
 1365 0033 0E       		.uleb128 0xe
 1366 0034 00       		.byte	0
 1367 0035 00       		.byte	0
 1368 0036 05       		.uleb128 0x5
 1369 0037 0F       		.uleb128 0xf
 1370 0038 00       		.byte	0
 1371 0039 0B       		.uleb128 0xb
 1372 003a 0B       		.uleb128 0xb
 1373 003b 00       		.byte	0
 1374 003c 00       		.byte	0
 1375 003d 06       		.uleb128 0x6
 1376 003e 0F       		.uleb128 0xf
 1377 003f 00       		.byte	0
 1378 0040 0B       		.uleb128 0xb
 1379 0041 0B       		.uleb128 0xb
 1380 0042 49       		.uleb128 0x49
 1381 0043 13       		.uleb128 0x13
 1382 0044 00       		.byte	0
 1383 0045 00       		.byte	0
 1384 0046 07       		.uleb128 0x7
 1385 0047 26       		.uleb128 0x26
 1386 0048 00       		.byte	0
 1387 0049 49       		.uleb128 0x49
 1388 004a 13       		.uleb128 0x13
 1389 004b 00       		.byte	0
 1390 004c 00       		.byte	0
 1391 004d 08       		.uleb128 0x8
 1392 004e 39       		.uleb128 0x39
 1393 004f 01       		.byte	0x1
 1394 0050 03       		.uleb128 0x3
 1395 0051 08       		.uleb128 0x8
 1396 0052 3A       		.uleb128 0x3a
 1397 0053 0B       		.uleb128 0xb
 1398 0054 3B       		.uleb128 0x3b
 1399 0055 0B       		.uleb128 0xb
 1400 0056 01       		.uleb128 0x1
 1401 0057 13       		.uleb128 0x13
 1402 0058 00       		.byte	0
 1403 0059 00       		.byte	0
 1404 005a 09       		.uleb128 0x9
 1405 005b 08       		.uleb128 0x8
 1406 005c 00       		.byte	0
 1407 005d 3A       		.uleb128 0x3a
 1408 005e 0B       		.uleb128 0xb
 1409 005f 3B       		.uleb128 0x3b
 1410 0060 0B       		.uleb128 0xb
 1411 0061 18       		.uleb128 0x18
 1412 0062 13       		.uleb128 0x13
 1413 0063 00       		.byte	0
 1414 0064 00       		.byte	0
 1415 0065 0A       		.uleb128 0xa
 1416 0066 2E       		.uleb128 0x2e
ARM GAS  /tmp/cc5Nje5O.s 			page 26


 1417 0067 01       		.byte	0x1
 1418 0068 3F       		.uleb128 0x3f
 1419 0069 19       		.uleb128 0x19
 1420 006a 03       		.uleb128 0x3
 1421 006b 0E       		.uleb128 0xe
 1422 006c 3A       		.uleb128 0x3a
 1423 006d 0B       		.uleb128 0xb
 1424 006e 3B       		.uleb128 0x3b
 1425 006f 0B       		.uleb128 0xb
 1426 0070 49       		.uleb128 0x49
 1427 0071 13       		.uleb128 0x13
 1428 0072 3C       		.uleb128 0x3c
 1429 0073 19       		.uleb128 0x19
 1430 0074 01       		.uleb128 0x1
 1431 0075 13       		.uleb128 0x13
 1432 0076 00       		.byte	0
 1433 0077 00       		.byte	0
 1434 0078 0B       		.uleb128 0xb
 1435 0079 05       		.uleb128 0x5
 1436 007a 00       		.byte	0
 1437 007b 49       		.uleb128 0x49
 1438 007c 13       		.uleb128 0x13
 1439 007d 00       		.byte	0
 1440 007e 00       		.byte	0
 1441 007f 0C       		.uleb128 0xc
 1442 0080 02       		.uleb128 0x2
 1443 0081 01       		.byte	0x1
 1444 0082 03       		.uleb128 0x3
 1445 0083 0E       		.uleb128 0xe
 1446 0084 0B       		.uleb128 0xb
 1447 0085 0B       		.uleb128 0xb
 1448 0086 3A       		.uleb128 0x3a
 1449 0087 0B       		.uleb128 0xb
 1450 0088 3B       		.uleb128 0x3b
 1451 0089 0B       		.uleb128 0xb
 1452 008a 01       		.uleb128 0x1
 1453 008b 13       		.uleb128 0x13
 1454 008c 00       		.byte	0
 1455 008d 00       		.byte	0
 1456 008e 0D       		.uleb128 0xd
 1457 008f 2E       		.uleb128 0x2e
 1458 0090 01       		.byte	0x1
 1459 0091 3F       		.uleb128 0x3f
 1460 0092 19       		.uleb128 0x19
 1461 0093 03       		.uleb128 0x3
 1462 0094 0E       		.uleb128 0xe
 1463 0095 3A       		.uleb128 0x3a
 1464 0096 0B       		.uleb128 0xb
 1465 0097 3B       		.uleb128 0x3b
 1466 0098 0B       		.uleb128 0xb
 1467 0099 49       		.uleb128 0x49
 1468 009a 13       		.uleb128 0x13
 1469 009b 3C       		.uleb128 0x3c
 1470 009c 19       		.uleb128 0x19
 1471 009d 64       		.uleb128 0x64
 1472 009e 13       		.uleb128 0x13
 1473 009f 01       		.uleb128 0x1
ARM GAS  /tmp/cc5Nje5O.s 			page 27


 1474 00a0 13       		.uleb128 0x13
 1475 00a1 00       		.byte	0
 1476 00a2 00       		.byte	0
 1477 00a3 0E       		.uleb128 0xe
 1478 00a4 05       		.uleb128 0x5
 1479 00a5 00       		.byte	0
 1480 00a6 49       		.uleb128 0x49
 1481 00a7 13       		.uleb128 0x13
 1482 00a8 34       		.uleb128 0x34
 1483 00a9 19       		.uleb128 0x19
 1484 00aa 00       		.byte	0
 1485 00ab 00       		.byte	0
 1486 00ac 0F       		.uleb128 0xf
 1487 00ad 2E       		.uleb128 0x2e
 1488 00ae 01       		.byte	0x1
 1489 00af 3F       		.uleb128 0x3f
 1490 00b0 19       		.uleb128 0x19
 1491 00b1 03       		.uleb128 0x3
 1492 00b2 0E       		.uleb128 0xe
 1493 00b3 3A       		.uleb128 0x3a
 1494 00b4 0B       		.uleb128 0xb
 1495 00b5 3B       		.uleb128 0x3b
 1496 00b6 0B       		.uleb128 0xb
 1497 00b7 49       		.uleb128 0x49
 1498 00b8 13       		.uleb128 0x13
 1499 00b9 32       		.uleb128 0x32
 1500 00ba 0B       		.uleb128 0xb
 1501 00bb 3C       		.uleb128 0x3c
 1502 00bc 19       		.uleb128 0x19
 1503 00bd 64       		.uleb128 0x64
 1504 00be 13       		.uleb128 0x13
 1505 00bf 01       		.uleb128 0x1
 1506 00c0 13       		.uleb128 0x13
 1507 00c1 00       		.byte	0
 1508 00c2 00       		.byte	0
 1509 00c3 10       		.uleb128 0x10
 1510 00c4 2E       		.uleb128 0x2e
 1511 00c5 01       		.byte	0x1
 1512 00c6 3F       		.uleb128 0x3f
 1513 00c7 19       		.uleb128 0x19
 1514 00c8 03       		.uleb128 0x3
 1515 00c9 0E       		.uleb128 0xe
 1516 00ca 3A       		.uleb128 0x3a
 1517 00cb 0B       		.uleb128 0xb
 1518 00cc 3B       		.uleb128 0x3b
 1519 00cd 0B       		.uleb128 0xb
 1520 00ce 49       		.uleb128 0x49
 1521 00cf 13       		.uleb128 0x13
 1522 00d0 32       		.uleb128 0x32
 1523 00d1 0B       		.uleb128 0xb
 1524 00d2 3C       		.uleb128 0x3c
 1525 00d3 19       		.uleb128 0x19
 1526 00d4 64       		.uleb128 0x64
 1527 00d5 13       		.uleb128 0x13
 1528 00d6 00       		.byte	0
 1529 00d7 00       		.byte	0
 1530 00d8 11       		.uleb128 0x11
ARM GAS  /tmp/cc5Nje5O.s 			page 28


 1531 00d9 1C       		.uleb128 0x1c
 1532 00da 00       		.byte	0
 1533 00db 49       		.uleb128 0x49
 1534 00dc 13       		.uleb128 0x13
 1535 00dd 38       		.uleb128 0x38
 1536 00de 0B       		.uleb128 0xb
 1537 00df 00       		.byte	0
 1538 00e0 00       		.byte	0
 1539 00e1 12       		.uleb128 0x12
 1540 00e2 2E       		.uleb128 0x2e
 1541 00e3 00       		.byte	0
 1542 00e4 3F       		.uleb128 0x3f
 1543 00e5 19       		.uleb128 0x19
 1544 00e6 03       		.uleb128 0x3
 1545 00e7 0E       		.uleb128 0xe
 1546 00e8 3A       		.uleb128 0x3a
 1547 00e9 0B       		.uleb128 0xb
 1548 00ea 3B       		.uleb128 0x3b
 1549 00eb 0B       		.uleb128 0xb
 1550 00ec 6E       		.uleb128 0x6e
 1551 00ed 0E       		.uleb128 0xe
 1552 00ee 32       		.uleb128 0x32
 1553 00ef 0B       		.uleb128 0xb
 1554 00f0 3C       		.uleb128 0x3c
 1555 00f1 19       		.uleb128 0x19
 1556 00f2 00       		.byte	0
 1557 00f3 00       		.byte	0
 1558 00f4 13       		.uleb128 0x13
 1559 00f5 02       		.uleb128 0x2
 1560 00f6 01       		.byte	0x1
 1561 00f7 03       		.uleb128 0x3
 1562 00f8 0E       		.uleb128 0xe
 1563 00f9 0B       		.uleb128 0xb
 1564 00fa 0B       		.uleb128 0xb
 1565 00fb 3A       		.uleb128 0x3a
 1566 00fc 0B       		.uleb128 0xb
 1567 00fd 3B       		.uleb128 0x3b
 1568 00fe 0B       		.uleb128 0xb
 1569 00ff 00       		.byte	0
 1570 0100 00       		.byte	0
 1571 0101 14       		.uleb128 0x14
 1572 0102 13       		.uleb128 0x13
 1573 0103 01       		.byte	0x1
 1574 0104 03       		.uleb128 0x3
 1575 0105 0E       		.uleb128 0xe
 1576 0106 0B       		.uleb128 0xb
 1577 0107 0B       		.uleb128 0xb
 1578 0108 3A       		.uleb128 0x3a
 1579 0109 0B       		.uleb128 0xb
 1580 010a 3B       		.uleb128 0x3b
 1581 010b 0B       		.uleb128 0xb
 1582 010c 32       		.uleb128 0x32
 1583 010d 0B       		.uleb128 0xb
 1584 010e 01       		.uleb128 0x1
 1585 010f 13       		.uleb128 0x13
 1586 0110 00       		.byte	0
 1587 0111 00       		.byte	0
ARM GAS  /tmp/cc5Nje5O.s 			page 29


 1588 0112 15       		.uleb128 0x15
 1589 0113 0D       		.uleb128 0xd
 1590 0114 00       		.byte	0
 1591 0115 03       		.uleb128 0x3
 1592 0116 0E       		.uleb128 0xe
 1593 0117 3A       		.uleb128 0x3a
 1594 0118 0B       		.uleb128 0xb
 1595 0119 3B       		.uleb128 0x3b
 1596 011a 0B       		.uleb128 0xb
 1597 011b 49       		.uleb128 0x49
 1598 011c 13       		.uleb128 0x13
 1599 011d 38       		.uleb128 0x38
 1600 011e 0B       		.uleb128 0xb
 1601 011f 00       		.byte	0
 1602 0120 00       		.byte	0
 1603 0121 16       		.uleb128 0x16
 1604 0122 2E       		.uleb128 0x2e
 1605 0123 01       		.byte	0x1
 1606 0124 3F       		.uleb128 0x3f
 1607 0125 19       		.uleb128 0x19
 1608 0126 03       		.uleb128 0x3
 1609 0127 0E       		.uleb128 0xe
 1610 0128 3A       		.uleb128 0x3a
 1611 0129 0B       		.uleb128 0xb
 1612 012a 3B       		.uleb128 0x3b
 1613 012b 0B       		.uleb128 0xb
 1614 012c 6E       		.uleb128 0x6e
 1615 012d 0E       		.uleb128 0xe
 1616 012e 49       		.uleb128 0x49
 1617 012f 13       		.uleb128 0x13
 1618 0130 32       		.uleb128 0x32
 1619 0131 0B       		.uleb128 0xb
 1620 0132 3C       		.uleb128 0x3c
 1621 0133 19       		.uleb128 0x19
 1622 0134 64       		.uleb128 0x64
 1623 0135 13       		.uleb128 0x13
 1624 0136 01       		.uleb128 0x1
 1625 0137 13       		.uleb128 0x13
 1626 0138 00       		.byte	0
 1627 0139 00       		.byte	0
 1628 013a 17       		.uleb128 0x17
 1629 013b 2E       		.uleb128 0x2e
 1630 013c 01       		.byte	0x1
 1631 013d 3F       		.uleb128 0x3f
 1632 013e 19       		.uleb128 0x19
 1633 013f 03       		.uleb128 0x3
 1634 0140 0E       		.uleb128 0xe
 1635 0141 3A       		.uleb128 0x3a
 1636 0142 0B       		.uleb128 0xb
 1637 0143 3B       		.uleb128 0x3b
 1638 0144 0B       		.uleb128 0xb
 1639 0145 6E       		.uleb128 0x6e
 1640 0146 0E       		.uleb128 0xe
 1641 0147 32       		.uleb128 0x32
 1642 0148 0B       		.uleb128 0xb
 1643 0149 3C       		.uleb128 0x3c
 1644 014a 19       		.uleb128 0x19
ARM GAS  /tmp/cc5Nje5O.s 			page 30


 1645 014b 64       		.uleb128 0x64
 1646 014c 13       		.uleb128 0x13
 1647 014d 01       		.uleb128 0x1
 1648 014e 13       		.uleb128 0x13
 1649 014f 00       		.byte	0
 1650 0150 00       		.byte	0
 1651 0151 18       		.uleb128 0x18
 1652 0152 10       		.uleb128 0x10
 1653 0153 00       		.byte	0
 1654 0154 0B       		.uleb128 0xb
 1655 0155 0B       		.uleb128 0xb
 1656 0156 49       		.uleb128 0x49
 1657 0157 13       		.uleb128 0x13
 1658 0158 00       		.byte	0
 1659 0159 00       		.byte	0
 1660 015a 19       		.uleb128 0x19
 1661 015b 2E       		.uleb128 0x2e
 1662 015c 01       		.byte	0x1
 1663 015d 47       		.uleb128 0x47
 1664 015e 13       		.uleb128 0x13
 1665 015f 20       		.uleb128 0x20
 1666 0160 0B       		.uleb128 0xb
 1667 0161 64       		.uleb128 0x64
 1668 0162 13       		.uleb128 0x13
 1669 0163 01       		.uleb128 0x1
 1670 0164 13       		.uleb128 0x13
 1671 0165 00       		.byte	0
 1672 0166 00       		.byte	0
 1673 0167 1A       		.uleb128 0x1a
 1674 0168 05       		.uleb128 0x5
 1675 0169 00       		.byte	0
 1676 016a 03       		.uleb128 0x3
 1677 016b 0E       		.uleb128 0xe
 1678 016c 49       		.uleb128 0x49
 1679 016d 13       		.uleb128 0x13
 1680 016e 34       		.uleb128 0x34
 1681 016f 19       		.uleb128 0x19
 1682 0170 00       		.byte	0
 1683 0171 00       		.byte	0
 1684 0172 1B       		.uleb128 0x1b
 1685 0173 2E       		.uleb128 0x2e
 1686 0174 01       		.byte	0x1
 1687 0175 31       		.uleb128 0x31
 1688 0176 13       		.uleb128 0x13
 1689 0177 6E       		.uleb128 0x6e
 1690 0178 0E       		.uleb128 0xe
 1691 0179 11       		.uleb128 0x11
 1692 017a 01       		.uleb128 0x1
 1693 017b 12       		.uleb128 0x12
 1694 017c 06       		.uleb128 0x6
 1695 017d 40       		.uleb128 0x40
 1696 017e 18       		.uleb128 0x18
 1697 017f 64       		.uleb128 0x64
 1698 0180 13       		.uleb128 0x13
 1699 0181 9742     		.uleb128 0x2117
 1700 0183 19       		.uleb128 0x19
 1701 0184 01       		.uleb128 0x1
ARM GAS  /tmp/cc5Nje5O.s 			page 31


 1702 0185 13       		.uleb128 0x13
 1703 0186 00       		.byte	0
 1704 0187 00       		.byte	0
 1705 0188 1C       		.uleb128 0x1c
 1706 0189 05       		.uleb128 0x5
 1707 018a 00       		.byte	0
 1708 018b 31       		.uleb128 0x31
 1709 018c 13       		.uleb128 0x13
 1710 018d 02       		.uleb128 0x2
 1711 018e 18       		.uleb128 0x18
 1712 018f 00       		.byte	0
 1713 0190 00       		.byte	0
 1714 0191 1D       		.uleb128 0x1d
 1715 0192 2E       		.uleb128 0x2e
 1716 0193 01       		.byte	0x1
 1717 0194 47       		.uleb128 0x47
 1718 0195 13       		.uleb128 0x13
 1719 0196 3B       		.uleb128 0x3b
 1720 0197 0B       		.uleb128 0xb
 1721 0198 11       		.uleb128 0x11
 1722 0199 01       		.uleb128 0x1
 1723 019a 12       		.uleb128 0x12
 1724 019b 06       		.uleb128 0x6
 1725 019c 40       		.uleb128 0x40
 1726 019d 18       		.uleb128 0x18
 1727 019e 9642     		.uleb128 0x2116
 1728 01a0 19       		.uleb128 0x19
 1729 01a1 01       		.uleb128 0x1
 1730 01a2 13       		.uleb128 0x13
 1731 01a3 00       		.byte	0
 1732 01a4 00       		.byte	0
 1733 01a5 1E       		.uleb128 0x1e
 1734 01a6 0B       		.uleb128 0xb
 1735 01a7 01       		.byte	0x1
 1736 01a8 11       		.uleb128 0x11
 1737 01a9 01       		.uleb128 0x1
 1738 01aa 12       		.uleb128 0x12
 1739 01ab 06       		.uleb128 0x6
 1740 01ac 00       		.byte	0
 1741 01ad 00       		.byte	0
 1742 01ae 1F       		.uleb128 0x1f
 1743 01af 34       		.uleb128 0x34
 1744 01b0 00       		.byte	0
 1745 01b1 03       		.uleb128 0x3
 1746 01b2 08       		.uleb128 0x8
 1747 01b3 3A       		.uleb128 0x3a
 1748 01b4 0B       		.uleb128 0xb
 1749 01b5 3B       		.uleb128 0x3b
 1750 01b6 0B       		.uleb128 0xb
 1751 01b7 49       		.uleb128 0x49
 1752 01b8 13       		.uleb128 0x13
 1753 01b9 02       		.uleb128 0x2
 1754 01ba 18       		.uleb128 0x18
 1755 01bb 00       		.byte	0
 1756 01bc 00       		.byte	0
 1757 01bd 20       		.uleb128 0x20
 1758 01be 2E       		.uleb128 0x2e
ARM GAS  /tmp/cc5Nje5O.s 			page 32


 1759 01bf 00       		.byte	0
 1760 01c0 47       		.uleb128 0x47
 1761 01c1 13       		.uleb128 0x13
 1762 01c2 3B       		.uleb128 0x3b
 1763 01c3 0B       		.uleb128 0xb
 1764 01c4 11       		.uleb128 0x11
 1765 01c5 01       		.uleb128 0x1
 1766 01c6 12       		.uleb128 0x12
 1767 01c7 06       		.uleb128 0x6
 1768 01c8 40       		.uleb128 0x40
 1769 01c9 18       		.uleb128 0x18
 1770 01ca 9642     		.uleb128 0x2116
 1771 01cc 19       		.uleb128 0x19
 1772 01cd 00       		.byte	0
 1773 01ce 00       		.byte	0
 1774 01cf 21       		.uleb128 0x21
 1775 01d0 2E       		.uleb128 0x2e
 1776 01d1 01       		.byte	0x1
 1777 01d2 47       		.uleb128 0x47
 1778 01d3 13       		.uleb128 0x13
 1779 01d4 3A       		.uleb128 0x3a
 1780 01d5 0B       		.uleb128 0xb
 1781 01d6 3B       		.uleb128 0x3b
 1782 01d7 0B       		.uleb128 0xb
 1783 01d8 11       		.uleb128 0x11
 1784 01d9 01       		.uleb128 0x1
 1785 01da 12       		.uleb128 0x12
 1786 01db 06       		.uleb128 0x6
 1787 01dc 40       		.uleb128 0x40
 1788 01dd 18       		.uleb128 0x18
 1789 01de 64       		.uleb128 0x64
 1790 01df 13       		.uleb128 0x13
 1791 01e0 9742     		.uleb128 0x2117
 1792 01e2 19       		.uleb128 0x19
 1793 01e3 01       		.uleb128 0x1
 1794 01e4 13       		.uleb128 0x13
 1795 01e5 00       		.byte	0
 1796 01e6 00       		.byte	0
 1797 01e7 22       		.uleb128 0x22
 1798 01e8 05       		.uleb128 0x5
 1799 01e9 00       		.byte	0
 1800 01ea 03       		.uleb128 0x3
 1801 01eb 0E       		.uleb128 0xe
 1802 01ec 49       		.uleb128 0x49
 1803 01ed 13       		.uleb128 0x13
 1804 01ee 34       		.uleb128 0x34
 1805 01ef 19       		.uleb128 0x19
 1806 01f0 02       		.uleb128 0x2
 1807 01f1 18       		.uleb128 0x18
 1808 01f2 00       		.byte	0
 1809 01f3 00       		.byte	0
 1810 01f4 23       		.uleb128 0x23
 1811 01f5 34       		.uleb128 0x34
 1812 01f6 00       		.byte	0
 1813 01f7 03       		.uleb128 0x3
 1814 01f8 0E       		.uleb128 0xe
 1815 01f9 3A       		.uleb128 0x3a
ARM GAS  /tmp/cc5Nje5O.s 			page 33


 1816 01fa 0B       		.uleb128 0xb
 1817 01fb 3B       		.uleb128 0x3b
 1818 01fc 0B       		.uleb128 0xb
 1819 01fd 49       		.uleb128 0x49
 1820 01fe 13       		.uleb128 0x13
 1821 01ff 02       		.uleb128 0x2
 1822 0200 18       		.uleb128 0x18
 1823 0201 00       		.byte	0
 1824 0202 00       		.byte	0
 1825 0203 24       		.uleb128 0x24
 1826 0204 05       		.uleb128 0x5
 1827 0205 00       		.byte	0
 1828 0206 03       		.uleb128 0x3
 1829 0207 0E       		.uleb128 0xe
 1830 0208 3A       		.uleb128 0x3a
 1831 0209 0B       		.uleb128 0xb
 1832 020a 3B       		.uleb128 0x3b
 1833 020b 0B       		.uleb128 0xb
 1834 020c 49       		.uleb128 0x49
 1835 020d 13       		.uleb128 0x13
 1836 020e 02       		.uleb128 0x2
 1837 020f 18       		.uleb128 0x18
 1838 0210 00       		.byte	0
 1839 0211 00       		.byte	0
 1840 0212 25       		.uleb128 0x25
 1841 0213 2E       		.uleb128 0x2e
 1842 0214 01       		.byte	0x1
 1843 0215 47       		.uleb128 0x47
 1844 0216 13       		.uleb128 0x13
 1845 0217 3A       		.uleb128 0x3a
 1846 0218 0B       		.uleb128 0xb
 1847 0219 3B       		.uleb128 0x3b
 1848 021a 0B       		.uleb128 0xb
 1849 021b 11       		.uleb128 0x11
 1850 021c 01       		.uleb128 0x1
 1851 021d 12       		.uleb128 0x12
 1852 021e 06       		.uleb128 0x6
 1853 021f 40       		.uleb128 0x40
 1854 0220 18       		.uleb128 0x18
 1855 0221 64       		.uleb128 0x64
 1856 0222 13       		.uleb128 0x13
 1857 0223 9642     		.uleb128 0x2116
 1858 0225 19       		.uleb128 0x19
 1859 0226 01       		.uleb128 0x1
 1860 0227 13       		.uleb128 0x13
 1861 0228 00       		.byte	0
 1862 0229 00       		.byte	0
 1863 022a 26       		.uleb128 0x26
 1864 022b 2E       		.uleb128 0x2e
 1865 022c 01       		.byte	0x1
 1866 022d 47       		.uleb128 0x47
 1867 022e 13       		.uleb128 0x13
 1868 022f 3A       		.uleb128 0x3a
 1869 0230 0B       		.uleb128 0xb
 1870 0231 3B       		.uleb128 0x3b
 1871 0232 0B       		.uleb128 0xb
 1872 0233 20       		.uleb128 0x20
ARM GAS  /tmp/cc5Nje5O.s 			page 34


 1873 0234 0B       		.uleb128 0xb
 1874 0235 64       		.uleb128 0x64
 1875 0236 13       		.uleb128 0x13
 1876 0237 01       		.uleb128 0x1
 1877 0238 13       		.uleb128 0x13
 1878 0239 00       		.byte	0
 1879 023a 00       		.byte	0
 1880 023b 27       		.uleb128 0x27
 1881 023c 2E       		.uleb128 0x2e
 1882 023d 01       		.byte	0x1
 1883 023e 31       		.uleb128 0x31
 1884 023f 13       		.uleb128 0x13
 1885 0240 6E       		.uleb128 0x6e
 1886 0241 0E       		.uleb128 0xe
 1887 0242 11       		.uleb128 0x11
 1888 0243 01       		.uleb128 0x1
 1889 0244 12       		.uleb128 0x12
 1890 0245 06       		.uleb128 0x6
 1891 0246 40       		.uleb128 0x40
 1892 0247 18       		.uleb128 0x18
 1893 0248 64       		.uleb128 0x64
 1894 0249 13       		.uleb128 0x13
 1895 024a 9642     		.uleb128 0x2116
 1896 024c 19       		.uleb128 0x19
 1897 024d 01       		.uleb128 0x1
 1898 024e 13       		.uleb128 0x13
 1899 024f 00       		.byte	0
 1900 0250 00       		.byte	0
 1901 0251 28       		.uleb128 0x28
 1902 0252 05       		.uleb128 0x5
 1903 0253 00       		.byte	0
 1904 0254 03       		.uleb128 0x3
 1905 0255 0E       		.uleb128 0xe
 1906 0256 3A       		.uleb128 0x3a
 1907 0257 0B       		.uleb128 0xb
 1908 0258 3B       		.uleb128 0x3b
 1909 0259 0B       		.uleb128 0xb
 1910 025a 49       		.uleb128 0x49
 1911 025b 13       		.uleb128 0x13
 1912 025c 00       		.byte	0
 1913 025d 00       		.byte	0
 1914 025e 29       		.uleb128 0x29
 1915 025f 2E       		.uleb128 0x2e
 1916 0260 01       		.byte	0x1
 1917 0261 31       		.uleb128 0x31
 1918 0262 13       		.uleb128 0x13
 1919 0263 6E       		.uleb128 0x6e
 1920 0264 0E       		.uleb128 0xe
 1921 0265 11       		.uleb128 0x11
 1922 0266 01       		.uleb128 0x1
 1923 0267 12       		.uleb128 0x12
 1924 0268 06       		.uleb128 0x6
 1925 0269 40       		.uleb128 0x40
 1926 026a 18       		.uleb128 0x18
 1927 026b 64       		.uleb128 0x64
 1928 026c 13       		.uleb128 0x13
 1929 026d 9642     		.uleb128 0x2116
ARM GAS  /tmp/cc5Nje5O.s 			page 35


 1930 026f 19       		.uleb128 0x19
 1931 0270 00       		.byte	0
 1932 0271 00       		.byte	0
 1933 0272 00       		.byte	0
 1934              		.section	.debug_aranges,"",%progbits
 1935 0000 74000000 		.4byte	0x74
 1936 0004 0200     		.2byte	0x2
 1937 0006 00000000 		.4byte	.Ldebug_info0
 1938 000a 04       		.byte	0x4
 1939 000b 00       		.byte	0
 1940 000c 0000     		.2byte	0
 1941 000e 0000     		.2byte	0
 1942 0010 00000000 		.4byte	.LFB6
 1943 0014 0C000000 		.4byte	.LFE6-.LFB6
 1944 0018 00000000 		.4byte	.LFB18
 1945 001c 0E000000 		.4byte	.LFE18-.LFB18
 1946 0020 00000000 		.4byte	.LFB19
 1947 0024 0E000000 		.4byte	.LFE19-.LFB19
 1948 0028 00000000 		.4byte	.LFB26
 1949 002c 08000000 		.4byte	.LFE26-.LFB26
 1950 0030 00000000 		.4byte	.LFB27
 1951 0034 08000000 		.4byte	.LFE27-.LFB27
 1952 0038 00000000 		.4byte	.LFB36
 1953 003c 28000000 		.4byte	.LFE36-.LFB36
 1954 0040 00000000 		.4byte	.LFB37
 1955 0044 1E000000 		.4byte	.LFE37-.LFB37
 1956 0048 00000000 		.4byte	.LFB38
 1957 004c 38000000 		.4byte	.LFE38-.LFB38
 1958 0050 00000000 		.4byte	.LFB39
 1959 0054 2A000000 		.4byte	.LFE39-.LFB39
 1960 0058 00000000 		.4byte	.LFB40
 1961 005c 64000000 		.4byte	.LFE40-.LFB40
 1962 0060 00000000 		.4byte	.LFB42
 1963 0064 1C000000 		.4byte	.LFE42-.LFB42
 1964 0068 00000000 		.4byte	.LFB45
 1965 006c 2E000000 		.4byte	.LFE45-.LFB45
 1966 0070 00000000 		.4byte	0
 1967 0074 00000000 		.4byte	0
 1968              		.section	.debug_ranges,"",%progbits
 1969              	.Ldebug_ranges0:
 1970 0000 00000000 		.4byte	.LFB6
 1971 0004 0C000000 		.4byte	.LFE6
 1972 0008 00000000 		.4byte	.LFB18
 1973 000c 0E000000 		.4byte	.LFE18
 1974 0010 00000000 		.4byte	.LFB19
 1975 0014 0E000000 		.4byte	.LFE19
 1976 0018 00000000 		.4byte	.LFB26
 1977 001c 08000000 		.4byte	.LFE26
 1978 0020 00000000 		.4byte	.LFB27
 1979 0024 08000000 		.4byte	.LFE27
 1980 0028 00000000 		.4byte	.LFB36
 1981 002c 28000000 		.4byte	.LFE36
 1982 0030 00000000 		.4byte	.LFB37
 1983 0034 1E000000 		.4byte	.LFE37
 1984 0038 00000000 		.4byte	.LFB38
 1985 003c 38000000 		.4byte	.LFE38
 1986 0040 00000000 		.4byte	.LFB39
ARM GAS  /tmp/cc5Nje5O.s 			page 36


 1987 0044 2A000000 		.4byte	.LFE39
 1988 0048 00000000 		.4byte	.LFB40
 1989 004c 64000000 		.4byte	.LFE40
 1990 0050 00000000 		.4byte	.LFB42
 1991 0054 1C000000 		.4byte	.LFE42
 1992 0058 00000000 		.4byte	.LFB45
 1993 005c 2E000000 		.4byte	.LFE45
 1994 0060 00000000 		.4byte	0
 1995 0064 00000000 		.4byte	0
 1996              		.section	.debug_line,"",%progbits
 1997              	.Ldebug_line0:
 1998 0000 08040000 		.section	.debug_str,"MS",%progbits,1
 1998      0200E302 
 1998      00000201 
 1998      FB0E0D00 
 1998      01010101 
 1999              	.LASF49:
 2000 0000 626C6F63 		.ascii	"blocklen\000"
 2000      6B6C656E 
 2000      00
 2001              	.LASF14:
 2002 0009 73747263 		.ascii	"strcoll\000"
 2002      6F6C6C00 
 2003              	.LASF3:
 2004 0011 5F5F7569 		.ascii	"__uint8_t\000"
 2004      6E74385F 
 2004      7400
 2005              	.LASF2:
 2006 001b 73697A65 		.ascii	"size_t\000"
 2006      5F7400
 2007              	.LASF30:
 2008 0022 66726565 		.ascii	"free_unsafe\000"
 2008      5F756E73 
 2008      61666500 
 2009              	.LASF50:
 2010 002e 63757270 		.ascii	"curp\000"
 2010      00
 2011              	.LASF27:
 2012 0033 5F5A4E33 		.ascii	"_ZN3r2p7SysLock7releaseEv\000"
 2012      72327037 
 2012      5379734C 
 2012      6F636B37 
 2012      72656C65 
 2013              	.LASF31:
 2014 004d 616C6C6F 		.ascii	"alloc_unsafe\000"
 2014      635F756E 
 2014      73616665 
 2014      00
 2015              	.LASF52:
 2016 005a 5F5A4E33 		.ascii	"_ZN3r2p11SimplePool_C2Ev\000"
 2016      72327031 
 2016      3153696D 
 2016      706C6550 
 2016      6F6F6C5F 
 2017              	.LASF19:
 2018 0073 7E556E63 		.ascii	"~Uncopyable\000"
 2018      6F707961 
ARM GAS  /tmp/cc5Nje5O.s 			page 37


 2018      626C6500 
 2019              	.LASF7:
 2020 007f 6C6F6E67 		.ascii	"long int\000"
 2020      20696E74 
 2020      00
 2021              	.LASF43:
 2022 0088 626F6F6C 		.ascii	"bool\000"
 2022      00
 2023              	.LASF41:
 2024 008d 75696E74 		.ascii	"uint8_t\000"
 2024      385F7400 
 2025              	.LASF47:
 2026 0095 61727261 		.ascii	"arrayp\000"
 2026      797000
 2027              	.LASF54:
 2028 009c 2F686F6D 		.ascii	"/home/ergae/r2p-sdk/core/Middleware/src/impl/Simple"
 2028      652F6572 
 2028      6761652F 
 2028      7232702D 
 2028      73646B2F 
 2029 00cf 506F6F6C 		.ascii	"Pool_.cpp\000"
 2029      5F2E6370 
 2029      7000
 2030              	.LASF32:
 2031 00d9 616C6C6F 		.ascii	"alloc\000"
 2031      6300
 2032              	.LASF39:
 2033 00df 5F5A4E33 		.ascii	"_ZN3r2p11SimplePool_4growEPvjj\000"
 2033      72327031 
 2033      3153696D 
 2033      706C6550 
 2033      6F6F6C5F 
 2034              	.LASF1:
 2035 00fe 7369676E 		.ascii	"signed char\000"
 2035      65642063 
 2035      68617200 
 2036              	.LASF4:
 2037 010a 756E7369 		.ascii	"unsigned char\000"
 2037      676E6564 
 2037      20636861 
 2037      7200
 2038              	.LASF45:
 2039 0118 74686973 		.ascii	"this\000"
 2039      00
 2040              	.LASF38:
 2041 011d 67726F77 		.ascii	"grow\000"
 2041      00
 2042              	.LASF9:
 2043 0122 6C6F6E67 		.ascii	"long unsigned int\000"
 2043      20756E73 
 2043      69676E65 
 2043      6420696E 
 2043      7400
 2044              	.LASF6:
 2045 0134 73686F72 		.ascii	"short unsigned int\000"
 2045      7420756E 
 2045      7369676E 
ARM GAS  /tmp/cc5Nje5O.s 			page 38


 2045      65642069 
 2045      6E7400
 2046              	.LASF8:
 2047 0147 5F5F7569 		.ascii	"__uint32_t\000"
 2047      6E743332 
 2047      5F7400
 2048              	.LASF20:
 2049 0152 5379734C 		.ascii	"SysLock_\000"
 2049      6F636B5F 
 2049      00
 2050              	.LASF5:
 2051 015b 73686F72 		.ascii	"short int\000"
 2051      7420696E 
 2051      7400
 2052              	.LASF25:
 2053 0165 5379734C 		.ascii	"SysLock\000"
 2053      6F636B00 
 2054              	.LASF18:
 2055 016d 556E636F 		.ascii	"Uncopyable\000"
 2055      70796162 
 2055      6C6500
 2056              	.LASF17:
 2057 0178 73747278 		.ascii	"strxfrm\000"
 2057      66726D00 
 2058              	.LASF36:
 2059 0180 5F5A4E33 		.ascii	"_ZN3r2p11SimplePool_11free_unsafeEPv\000"
 2059      72327031 
 2059      3153696D 
 2059      706C6550 
 2059      6F6F6C5F 
 2060              	.LASF0:
 2061 01a5 756E7369 		.ascii	"unsigned int\000"
 2061      676E6564 
 2061      20696E74 
 2061      00
 2062              	.LASF53:
 2063 01b2 474E5520 		.ascii	"GNU C++ 4.9.3 20141119 (release) [ARM/embedded-4_9-"
 2063      432B2B20 
 2063      342E392E 
 2063      33203230 
 2063      31343131 
 2064 01e5 6272616E 		.ascii	"branch revision 218278] -mcpu=cortex-m4 -mfloat-abi"
 2064      63682072 
 2064      65766973 
 2064      696F6E20 
 2064      32313832 
 2065 0218 3D686172 		.ascii	"=hard -mfpu=fpv4-sp-d16 -mno-thumb-interwork -mthum"
 2065      64202D6D 
 2065      6670753D 
 2065      66707634 
 2065      2D73702D 
 2066 024b 62202D67 		.ascii	"b -ggdb -O0 -fomit-frame-pointer -falign-functions="
 2066      67646220 
 2066      2D4F3020 
 2066      2D666F6D 
 2066      69742D66 
 2067 027e 3136202D 		.ascii	"16 -ffunction-sections -fdata-sections -fno-common "
ARM GAS  /tmp/cc5Nje5O.s 			page 39


 2067      6666756E 
 2067      6374696F 
 2067      6E2D7365 
 2067      6374696F 
 2068 02b1 2D667369 		.ascii	"-fsingle-precision-constant -fno-rtti -fno-exceptio"
 2068      6E676C65 
 2068      2D707265 
 2068      63697369 
 2068      6F6E2D63 
 2069 02e4 6E73202D 		.ascii	"ns -fno-threadsafe-statics\000"
 2069      666E6F2D 
 2069      74687265 
 2069      61647361 
 2069      66652D73 
 2070              	.LASF21:
 2071 02ff 61637175 		.ascii	"acquire\000"
 2071      69726500 
 2072              	.LASF11:
 2073 0307 6C6F6E67 		.ascii	"long long unsigned int\000"
 2073      206C6F6E 
 2073      6720756E 
 2073      7369676E 
 2073      65642069 
 2074              	.LASF51:
 2075 031e 5F5A4E33 		.ascii	"_ZN3r2p10UncopyableC2Ev\000"
 2075      72327031 
 2075      30556E63 
 2075      6F707961 
 2075      626C6543 
 2076              	.LASF34:
 2077 0336 5F5A4E33 		.ascii	"_ZN3r2p11SimplePool_5allocEv\000"
 2077      72327031 
 2077      3153696D 
 2077      706C6550 
 2077      6F6F6C5F 
 2078              	.LASF55:
 2079 0353 2F686F6D 		.ascii	"/home/ergae/r2p-sdk/workspace-triskarpixy/USB/\000"
 2079      652F6572 
 2079      6761652F 
 2079      7232702D 
 2079      73646B2F 
 2080              	.LASF44:
 2081 0382 626C6F63 		.ascii	"blockp\000"
 2081      6B7000
 2082              	.LASF12:
 2083 0389 73697A65 		.ascii	"sizetype\000"
 2083      74797065 
 2083      00
 2084              	.LASF35:
 2085 0392 66726565 		.ascii	"free\000"
 2085      00
 2086              	.LASF10:
 2087 0397 6C6F6E67 		.ascii	"long long int\000"
 2087      206C6F6E 
 2087      6720696E 
 2087      7400
 2088              	.LASF24:
ARM GAS  /tmp/cc5Nje5O.s 			page 40


 2089 03a5 5F5A4E33 		.ascii	"_ZN3r2p8SysLock_7releaseEv\000"
 2089      72327038 
 2089      5379734C 
 2089      6F636B5F 
 2089      3772656C 
 2090              	.LASF13:
 2091 03c0 63686172 		.ascii	"char\000"
 2091      00
 2092              	.LASF40:
 2093 03c5 53696D70 		.ascii	"SimplePool_\000"
 2093      6C65506F 
 2093      6F6C5F00 
 2094              	.LASF23:
 2095 03d1 5F5A4E33 		.ascii	"_ZN3r2p8SysLock_7acquireEv\000"
 2095      72327038 
 2095      5379734C 
 2095      6F636B5F 
 2095      37616371 
 2096              	.LASF46:
 2097 03ec 6F626A70 		.ascii	"objp\000"
 2097      00
 2098              	.LASF37:
 2099 03f1 5F5A4E33 		.ascii	"_ZN3r2p11SimplePool_4freeEPv\000"
 2099      72327031 
 2099      3153696D 
 2099      706C6550 
 2099      6F6F6C5F 
 2100              	.LASF28:
 2101 040e 6E657874 		.ascii	"nextp\000"
 2101      7000
 2102              	.LASF42:
 2103 0414 75696E74 		.ascii	"uint32_t\000"
 2103      33325F74 
 2103      00
 2104              	.LASF15:
 2105 041d 73747265 		.ascii	"strerror\000"
 2105      72726F72 
 2105      00
 2106              	.LASF26:
 2107 0426 5F5A4E33 		.ascii	"_ZN3r2p7SysLock7acquireEv\000"
 2107      72327037 
 2107      5379734C 
 2107      6F636B37 
 2107      61637175 
 2108              	.LASF57:
 2109 0440 5F5A4E33 		.ascii	"_ZN3r2p11SimplePool_C2EPvjj\000"
 2109      72327031 
 2109      3153696D 
 2109      706C6550 
 2109      6F6F6C5F 
 2110              	.LASF16:
 2111 045c 73747274 		.ascii	"strtok\000"
 2111      6F6B00
 2112              	.LASF33:
 2113 0463 5F5A4E33 		.ascii	"_ZN3r2p11SimplePool_12alloc_unsafeEv\000"
 2113      72327031 
 2113      3153696D 
ARM GAS  /tmp/cc5Nje5O.s 			page 41


 2113      706C6550 
 2113      6F6F6C5F 
 2114              	.LASF56:
 2115 0488 48656164 		.ascii	"Header\000"
 2115      657200
 2116              	.LASF48:
 2117 048f 6C656E67 		.ascii	"length\000"
 2117      746800
 2118              	.LASF29:
 2119 0496 68656164 		.ascii	"headp\000"
 2119      7000
 2120              	.LASF22:
 2121 049c 72656C65 		.ascii	"release\000"
 2121      61736500 
 2122              		.ident	"GCC: (GNU Tools for ARM Embedded Processors) 4.9.3 20141119 (release) [ARM/embedded-4_9-br
ARM GAS  /tmp/cc5Nje5O.s 			page 42


DEFINED SYMBOLS
                            *ABS*:00000000 SimplePool_.cpp
     /tmp/cc5Nje5O.s:21     .text._ZN3r2p10UncopyableC2Ev:00000000 $t
     /tmp/cc5Nje5O.s:27     .text._ZN3r2p10UncopyableC2Ev:00000000 _ZN3r2p10UncopyableC2Ev
     /tmp/cc5Nje5O.s:27     .text._ZN3r2p10UncopyableC2Ev:00000000 _ZN3r2p10UncopyableC1Ev
     /tmp/cc5Nje5O.s:51     .text._ZN3r2p8SysLock_7acquireEv:00000000 $t
     /tmp/cc5Nje5O.s:57     .text._ZN3r2p8SysLock_7acquireEv:00000000 _ZN3r2p8SysLock_7acquireEv
     /tmp/cc5Nje5O.s:87     .text._ZN3r2p8SysLock_7releaseEv:00000000 $t
     /tmp/cc5Nje5O.s:93     .text._ZN3r2p8SysLock_7releaseEv:00000000 _ZN3r2p8SysLock_7releaseEv
     /tmp/cc5Nje5O.s:122    .text._ZN3r2p7SysLock7acquireEv:00000000 $t
     /tmp/cc5Nje5O.s:128    .text._ZN3r2p7SysLock7acquireEv:00000000 _ZN3r2p7SysLock7acquireEv
     /tmp/cc5Nje5O.s:147    .text._ZN3r2p7SysLock7releaseEv:00000000 $t
     /tmp/cc5Nje5O.s:153    .text._ZN3r2p7SysLock7releaseEv:00000000 _ZN3r2p7SysLock7releaseEv
     /tmp/cc5Nje5O.s:171    .text._ZN3r2p11SimplePool_12alloc_unsafeEv:00000000 $t
     /tmp/cc5Nje5O.s:177    .text._ZN3r2p11SimplePool_12alloc_unsafeEv:00000000 _ZN3r2p11SimplePool_12alloc_unsafeEv
     /tmp/cc5Nje5O.s:226    .text._ZN3r2p11SimplePool_11free_unsafeEPv:00000000 $t
     /tmp/cc5Nje5O.s:232    .text._ZN3r2p11SimplePool_11free_unsafeEPv:00000000 _ZN3r2p11SimplePool_11free_unsafeEPv
     /tmp/cc5Nje5O.s:266    .text._ZN3r2p11SimplePool_5allocEv:00000000 $t
     /tmp/cc5Nje5O.s:272    .text._ZN3r2p11SimplePool_5allocEv:00000000 _ZN3r2p11SimplePool_5allocEv
     /tmp/cc5Nje5O.s:328    .text._ZN3r2p11SimplePool_4freeEPv:00000000 $t
     /tmp/cc5Nje5O.s:334    .text._ZN3r2p11SimplePool_4freeEPv:00000000 _ZN3r2p11SimplePool_4freeEPv
     /tmp/cc5Nje5O.s:374    .rodata:00000000 $d
     /tmp/cc5Nje5O.s:378    .text._ZN3r2p11SimplePool_4growEPvjj:00000000 $t
     /tmp/cc5Nje5O.s:384    .text._ZN3r2p11SimplePool_4growEPvjj:00000000 _ZN3r2p11SimplePool_4growEPvjj
     /tmp/cc5Nje5O.s:462    .text._ZN3r2p11SimplePool_4growEPvjj:00000060 $d
     /tmp/cc5Nje5O.s:467    .text._ZN3r2p11SimplePool_C2Ev:00000000 $t
     /tmp/cc5Nje5O.s:473    .text._ZN3r2p11SimplePool_C2Ev:00000000 _ZN3r2p11SimplePool_C2Ev
     /tmp/cc5Nje5O.s:473    .text._ZN3r2p11SimplePool_C2Ev:00000000 _ZN3r2p11SimplePool_C1Ev
     /tmp/cc5Nje5O.s:506    .text._ZN3r2p11SimplePool_C2EPvjj:00000000 $t
     /tmp/cc5Nje5O.s:512    .text._ZN3r2p11SimplePool_C2EPvjj:00000000 _ZN3r2p11SimplePool_C2EPvjj
     /tmp/cc5Nje5O.s:512    .text._ZN3r2p11SimplePool_C2EPvjj:00000000 _ZN3r2p11SimplePool_C1EPvjj
                     .debug_frame:00000010 $d
     /tmp/cc5Nje5O.s:466    .text._ZN3r2p11SimplePool_4growEPvjj:00000064 $t
                           .group:00000000 _ZN3r2p10UncopyableC5Ev

UNDEFINED SYMBOLS
dbg_check_lock
dbg_check_unlock
chDbgPanic
