ARM GAS  /tmp/ccKNqJUT.s 			page 1


   1              		.syntax unified
   2              		.cpu cortex-m4
   3              		.eabi_attribute 27, 3
   4              		.eabi_attribute 28, 1
   5              		.fpu fpv4-sp-d16
   6              		.eabi_attribute 20, 1
   7              		.eabi_attribute 21, 1
   8              		.eabi_attribute 23, 3
   9              		.eabi_attribute 24, 1
  10              		.eabi_attribute 25, 1
  11              		.eabi_attribute 26, 1
  12              		.eabi_attribute 30, 6
  13              		.eabi_attribute 34, 1
  14              		.eabi_attribute 18, 4
  15              		.thumb
  16              		.file	"stubs.c"
  17              		.text
  18              	.Ltext0:
  19              		.cfi_sections	.debug_frame
  20              		.global	__dso_handle
  21              		.section	.bss.__dso_handle,"aw",%nobits
  22              		.align	2
  23              		.type	__dso_handle, %object
  24              		.size	__dso_handle, 4
  25              	__dso_handle:
  26 0000 00000000 		.space	4
  27              		.section	.text.__cxa_pure_virtual,"ax",%progbits
  28              		.align	2
  29              		.p2align 4,,15
  30              		.global	__cxa_pure_virtual
  31              		.thumb
  32              		.thumb_func
  33              		.type	__cxa_pure_virtual, %function
  34              	__cxa_pure_virtual:
  35              	.LFB118:
  36              		.file 1 "/home/ergae/r2p-sdk/modules/USB_module/stubs.c"
  37              		.loc 1 5 0
  38              		.cfi_startproc
  39              		@ args = 0, pretend = 0, frame = 0
  40              		@ frame_needed = 0, uses_anonymous_args = 0
  41 0000 08B5     		push	{r3, lr}
  42              		.cfi_def_cfa_offset 8
  43              		.cfi_offset 3, -8
  44              		.cfi_offset 14, -4
  45              		.loc 1 6 0
  46 0002 FFF7FEFF 		bl	port_halt
  47              		.loc 1 7 0
  48 0006 08BD     		pop	{r3, pc}
  49              		.cfi_endproc
  50              	.LFE118:
  51              		.size	__cxa_pure_virtual, .-__cxa_pure_virtual
  52 0008 AFF30080 		.section	.text._exit,"ax",%progbits
  52      AFF30080 
  53              		.align	2
  54              		.p2align 4,,15
  55              		.global	_exit
  56              		.thumb
ARM GAS  /tmp/ccKNqJUT.s 			page 2


  57              		.thumb_func
  58              		.type	_exit, %function
  59              	_exit:
  60              	.LFB119:
  61              		.loc 1 8 0
  62              		.cfi_startproc
  63              		@ args = 0, pretend = 0, frame = 8
  64              		@ frame_needed = 0, uses_anonymous_args = 0
  65 0000 00B5     		push	{lr}
  66              		.cfi_def_cfa_offset 4
  67              		.cfi_offset 14, -4
  68 0002 83B0     		sub	sp, sp, #12
  69              		.cfi_def_cfa_offset 16
  70 0004 0190     		str	r0, [sp, #4]
  71              		.loc 1 11 0
  72 0006 FFF7FEFF 		bl	port_halt
  73              	.L3:
  74              		.loc 1 13 0 discriminator 1
  75 000a FEE7     		b	.L3
  76              		.cfi_endproc
  77              	.LFE119:
  78              		.size	_exit, .-_exit
  79 000c AFF30080 		.section	.text._kill,"ax",%progbits
  80              		.align	2
  81              		.p2align 4,,15
  82              		.global	_kill
  83              		.thumb
  84              		.thumb_func
  85              		.type	_kill, %function
  86              	_kill:
  87              	.LFB120:
  88              		.loc 1 15 0
  89              		.cfi_startproc
  90              		@ args = 0, pretend = 0, frame = 8
  91              		@ frame_needed = 0, uses_anonymous_args = 0
  92 0000 00B5     		push	{lr}
  93              		.cfi_def_cfa_offset 4
  94              		.cfi_offset 14, -4
  95 0002 83B0     		sub	sp, sp, #12
  96              		.cfi_def_cfa_offset 16
  97 0004 0190     		str	r0, [sp, #4]
  98 0006 0091     		str	r1, [sp]
  99              		.loc 1 19 0
 100 0008 FFF7FEFF 		bl	port_halt
 101              		.loc 1 20 0
 102 000c 4FF0FF33 		mov	r3, #-1
 103              		.loc 1 21 0
 104 0010 1846     		mov	r0, r3
 105 0012 03B0     		add	sp, sp, #12
 106              		.cfi_def_cfa_offset 4
 107              		@ sp needed
 108 0014 5DF804FB 		ldr	pc, [sp], #4
 109              		.cfi_endproc
 110              	.LFE120:
 111              		.size	_kill, .-_kill
 112 0018 AFF30080 		.section	.text._getpid,"ax",%progbits
 112      AFF30080 
ARM GAS  /tmp/ccKNqJUT.s 			page 3


 113              		.align	2
 114              		.p2align 4,,15
 115              		.global	_getpid
 116              		.thumb
 117              		.thumb_func
 118              		.type	_getpid, %function
 119              	_getpid:
 120              	.LFB121:
 121              		.loc 1 22 0
 122              		.cfi_startproc
 123              		@ args = 0, pretend = 0, frame = 0
 124              		@ frame_needed = 0, uses_anonymous_args = 0
 125              		@ link register save eliminated.
 126              		.loc 1 23 0
 127 0000 0123     		movs	r3, #1
 128              		.loc 1 24 0
 129 0002 1846     		mov	r0, r3
 130 0004 7047     		bx	lr
 131              		.cfi_endproc
 132              	.LFE121:
 133              		.size	_getpid, .-_getpid
 134 0006 00BFAFF3 		.text
 134      0080AFF3 
 134      0080
 135              	.Letext0:
 136              		.file 2 "/home/ergae/r2p-sdk/tools/gcc-arm-none-eabi-4_9-2014q4/arm-none-eabi/include/machine/_def
 137              		.file 3 "/home/ergae/r2p-sdk/tools/gcc-arm-none-eabi-4_9-2014q4/arm-none-eabi/include/stdint.h"
 138              		.file 4 "/home/ergae/r2p-sdk/core/ChibiOS/os/ports/common/ARMCMx/CMSIS/include/core_cm4.h"
 139              		.section	.debug_info,"",%progbits
 140              	.Ldebug_info0:
 141 0000 2D010000 		.4byte	0x12d
 142 0004 0400     		.2byte	0x4
 143 0006 00000000 		.4byte	.Ldebug_abbrev0
 144 000a 04       		.byte	0x4
 145 000b 01       		.uleb128 0x1
 146 000c 5D000000 		.4byte	.LASF16
 147 0010 01       		.byte	0x1
 148 0011 2E000000 		.4byte	.LASF17
 149 0015 00000000 		.4byte	.Ldebug_ranges0+0
 150 0019 00000000 		.4byte	0
 151 001d 00000000 		.4byte	.Ldebug_line0
 152 0021 02       		.uleb128 0x2
 153 0022 04       		.byte	0x4
 154 0023 05       		.byte	0x5
 155 0024 696E7400 		.ascii	"int\000"
 156 0028 03       		.uleb128 0x3
 157 0029 04       		.byte	0x4
 158 002a 07       		.byte	0x7
 159 002b 21000000 		.4byte	.LASF0
 160 002f 03       		.uleb128 0x3
 161 0030 01       		.byte	0x1
 162 0031 06       		.byte	0x6
 163 0032 FE010000 		.4byte	.LASF1
 164 0036 03       		.uleb128 0x3
 165 0037 01       		.byte	0x1
 166 0038 08       		.byte	0x8
 167 0039 C5010000 		.4byte	.LASF2
ARM GAS  /tmp/ccKNqJUT.s 			page 4


 168 003d 03       		.uleb128 0x3
 169 003e 02       		.byte	0x2
 170 003f 05       		.byte	0x5
 171 0040 E1010000 		.4byte	.LASF3
 172 0044 03       		.uleb128 0x3
 173 0045 02       		.byte	0x2
 174 0046 07       		.byte	0x7
 175 0047 0E000000 		.4byte	.LASF4
 176 004b 04       		.uleb128 0x4
 177 004c 0A020000 		.4byte	.LASF9
 178 0050 02       		.byte	0x2
 179 0051 3F       		.byte	0x3f
 180 0052 56000000 		.4byte	0x56
 181 0056 03       		.uleb128 0x3
 182 0057 04       		.byte	0x4
 183 0058 05       		.byte	0x5
 184 0059 D8010000 		.4byte	.LASF5
 185 005d 03       		.uleb128 0x3
 186 005e 04       		.byte	0x4
 187 005f 07       		.byte	0x7
 188 0060 76010000 		.4byte	.LASF6
 189 0064 03       		.uleb128 0x3
 190 0065 08       		.byte	0x8
 191 0066 05       		.byte	0x5
 192 0067 00000000 		.4byte	.LASF7
 193 006b 03       		.uleb128 0x3
 194 006c 08       		.byte	0x8
 195 006d 07       		.byte	0x7
 196 006e 88010000 		.4byte	.LASF8
 197 0072 04       		.uleb128 0x4
 198 0073 1C020000 		.4byte	.LASF10
 199 0077 03       		.byte	0x3
 200 0078 2C       		.byte	0x2c
 201 0079 4B000000 		.4byte	0x4b
 202 007d 03       		.uleb128 0x3
 203 007e 01       		.byte	0x1
 204 007f 02       		.byte	0x2
 205 0080 EB010000 		.4byte	.LASF11
 206 0084 05       		.uleb128 0x5
 207 0085 04       		.byte	0x4
 208 0086 03       		.uleb128 0x3
 209 0087 04       		.byte	0x4
 210 0088 07       		.byte	0x7
 211 0089 24020000 		.4byte	.LASF12
 212 008d 03       		.uleb128 0x3
 213 008e 01       		.byte	0x1
 214 008f 08       		.byte	0x8
 215 0090 D3010000 		.4byte	.LASF13
 216 0094 06       		.uleb128 0x6
 217 0095 72000000 		.4byte	0x72
 218 0099 07       		.uleb128 0x7
 219 009a 9F010000 		.4byte	.LASF18
 220 009e 01       		.byte	0x1
 221 009f 05       		.byte	0x5
 222 00a0 00000000 		.4byte	.LFB118
 223 00a4 08000000 		.4byte	.LFE118-.LFB118
 224 00a8 01       		.uleb128 0x1
ARM GAS  /tmp/ccKNqJUT.s 			page 5


 225 00a9 9C       		.byte	0x9c
 226 00aa 08       		.uleb128 0x8
 227 00ab B2010000 		.4byte	.LASF19
 228 00af 01       		.byte	0x1
 229 00b0 08       		.byte	0x8
 230 00b1 00000000 		.4byte	.LFB119
 231 00b5 0C000000 		.4byte	.LFE119-.LFB119
 232 00b9 01       		.uleb128 0x1
 233 00ba 9C       		.byte	0x9c
 234 00bb CC000000 		.4byte	0xcc
 235 00bf 09       		.uleb128 0x9
 236 00c0 6100     		.ascii	"a\000"
 237 00c2 01       		.byte	0x1
 238 00c3 08       		.byte	0x8
 239 00c4 21000000 		.4byte	0x21
 240 00c8 02       		.uleb128 0x2
 241 00c9 91       		.byte	0x91
 242 00ca 74       		.sleb128 -12
 243 00cb 00       		.byte	0
 244 00cc 0A       		.uleb128 0xa
 245 00cd 2D020000 		.4byte	.LASF20
 246 00d1 01       		.byte	0x1
 247 00d2 0F       		.byte	0xf
 248 00d3 21000000 		.4byte	0x21
 249 00d7 00000000 		.4byte	.LFB120
 250 00db 18000000 		.4byte	.LFE120-.LFB120
 251 00df 01       		.uleb128 0x1
 252 00e0 9C       		.byte	0x9c
 253 00e1 FE000000 		.4byte	0xfe
 254 00e5 09       		.uleb128 0x9
 255 00e6 6100     		.ascii	"a\000"
 256 00e8 01       		.byte	0x1
 257 00e9 0F       		.byte	0xf
 258 00ea 21000000 		.4byte	0x21
 259 00ee 02       		.uleb128 0x2
 260 00ef 91       		.byte	0x91
 261 00f0 74       		.sleb128 -12
 262 00f1 09       		.uleb128 0x9
 263 00f2 6200     		.ascii	"b\000"
 264 00f4 01       		.byte	0x1
 265 00f5 0F       		.byte	0xf
 266 00f6 21000000 		.4byte	0x21
 267 00fa 02       		.uleb128 0x2
 268 00fb 91       		.byte	0x91
 269 00fc 70       		.sleb128 -16
 270 00fd 00       		.byte	0
 271 00fe 0B       		.uleb128 0xb
 272 00ff 14020000 		.4byte	.LASF21
 273 0103 01       		.byte	0x1
 274 0104 16       		.byte	0x16
 275 0105 21000000 		.4byte	0x21
 276 0109 00000000 		.4byte	.LFB121
 277 010d 06000000 		.4byte	.LFE121-.LFB121
 278 0111 01       		.uleb128 0x1
 279 0112 9C       		.byte	0x9c
 280 0113 0C       		.uleb128 0xc
 281 0114 F1010000 		.4byte	.LASF14
ARM GAS  /tmp/ccKNqJUT.s 			page 6


 282 0118 04       		.byte	0x4
 283 0119 9806     		.2byte	0x698
 284 011b 94000000 		.4byte	0x94
 285 011f 0D       		.uleb128 0xd
 286 0120 B8010000 		.4byte	.LASF15
 287 0124 01       		.byte	0x1
 288 0125 04       		.byte	0x4
 289 0126 84000000 		.4byte	0x84
 290 012a 05       		.uleb128 0x5
 291 012b 03       		.byte	0x3
 292 012c 00000000 		.4byte	__dso_handle
 293 0130 00       		.byte	0
 294              		.section	.debug_abbrev,"",%progbits
 295              	.Ldebug_abbrev0:
 296 0000 01       		.uleb128 0x1
 297 0001 11       		.uleb128 0x11
 298 0002 01       		.byte	0x1
 299 0003 25       		.uleb128 0x25
 300 0004 0E       		.uleb128 0xe
 301 0005 13       		.uleb128 0x13
 302 0006 0B       		.uleb128 0xb
 303 0007 03       		.uleb128 0x3
 304 0008 0E       		.uleb128 0xe
 305 0009 55       		.uleb128 0x55
 306 000a 17       		.uleb128 0x17
 307 000b 11       		.uleb128 0x11
 308 000c 01       		.uleb128 0x1
 309 000d 10       		.uleb128 0x10
 310 000e 17       		.uleb128 0x17
 311 000f 00       		.byte	0
 312 0010 00       		.byte	0
 313 0011 02       		.uleb128 0x2
 314 0012 24       		.uleb128 0x24
 315 0013 00       		.byte	0
 316 0014 0B       		.uleb128 0xb
 317 0015 0B       		.uleb128 0xb
 318 0016 3E       		.uleb128 0x3e
 319 0017 0B       		.uleb128 0xb
 320 0018 03       		.uleb128 0x3
 321 0019 08       		.uleb128 0x8
 322 001a 00       		.byte	0
 323 001b 00       		.byte	0
 324 001c 03       		.uleb128 0x3
 325 001d 24       		.uleb128 0x24
 326 001e 00       		.byte	0
 327 001f 0B       		.uleb128 0xb
 328 0020 0B       		.uleb128 0xb
 329 0021 3E       		.uleb128 0x3e
 330 0022 0B       		.uleb128 0xb
 331 0023 03       		.uleb128 0x3
 332 0024 0E       		.uleb128 0xe
 333 0025 00       		.byte	0
 334 0026 00       		.byte	0
 335 0027 04       		.uleb128 0x4
 336 0028 16       		.uleb128 0x16
 337 0029 00       		.byte	0
 338 002a 03       		.uleb128 0x3
ARM GAS  /tmp/ccKNqJUT.s 			page 7


 339 002b 0E       		.uleb128 0xe
 340 002c 3A       		.uleb128 0x3a
 341 002d 0B       		.uleb128 0xb
 342 002e 3B       		.uleb128 0x3b
 343 002f 0B       		.uleb128 0xb
 344 0030 49       		.uleb128 0x49
 345 0031 13       		.uleb128 0x13
 346 0032 00       		.byte	0
 347 0033 00       		.byte	0
 348 0034 05       		.uleb128 0x5
 349 0035 0F       		.uleb128 0xf
 350 0036 00       		.byte	0
 351 0037 0B       		.uleb128 0xb
 352 0038 0B       		.uleb128 0xb
 353 0039 00       		.byte	0
 354 003a 00       		.byte	0
 355 003b 06       		.uleb128 0x6
 356 003c 35       		.uleb128 0x35
 357 003d 00       		.byte	0
 358 003e 49       		.uleb128 0x49
 359 003f 13       		.uleb128 0x13
 360 0040 00       		.byte	0
 361 0041 00       		.byte	0
 362 0042 07       		.uleb128 0x7
 363 0043 2E       		.uleb128 0x2e
 364 0044 00       		.byte	0
 365 0045 3F       		.uleb128 0x3f
 366 0046 19       		.uleb128 0x19
 367 0047 03       		.uleb128 0x3
 368 0048 0E       		.uleb128 0xe
 369 0049 3A       		.uleb128 0x3a
 370 004a 0B       		.uleb128 0xb
 371 004b 3B       		.uleb128 0x3b
 372 004c 0B       		.uleb128 0xb
 373 004d 11       		.uleb128 0x11
 374 004e 01       		.uleb128 0x1
 375 004f 12       		.uleb128 0x12
 376 0050 06       		.uleb128 0x6
 377 0051 40       		.uleb128 0x40
 378 0052 18       		.uleb128 0x18
 379 0053 9642     		.uleb128 0x2116
 380 0055 19       		.uleb128 0x19
 381 0056 00       		.byte	0
 382 0057 00       		.byte	0
 383 0058 08       		.uleb128 0x8
 384 0059 2E       		.uleb128 0x2e
 385 005a 01       		.byte	0x1
 386 005b 3F       		.uleb128 0x3f
 387 005c 19       		.uleb128 0x19
 388 005d 03       		.uleb128 0x3
 389 005e 0E       		.uleb128 0xe
 390 005f 3A       		.uleb128 0x3a
 391 0060 0B       		.uleb128 0xb
 392 0061 3B       		.uleb128 0x3b
 393 0062 0B       		.uleb128 0xb
 394 0063 27       		.uleb128 0x27
 395 0064 19       		.uleb128 0x19
ARM GAS  /tmp/ccKNqJUT.s 			page 8


 396 0065 11       		.uleb128 0x11
 397 0066 01       		.uleb128 0x1
 398 0067 12       		.uleb128 0x12
 399 0068 06       		.uleb128 0x6
 400 0069 40       		.uleb128 0x40
 401 006a 18       		.uleb128 0x18
 402 006b 9642     		.uleb128 0x2116
 403 006d 19       		.uleb128 0x19
 404 006e 01       		.uleb128 0x1
 405 006f 13       		.uleb128 0x13
 406 0070 00       		.byte	0
 407 0071 00       		.byte	0
 408 0072 09       		.uleb128 0x9
 409 0073 05       		.uleb128 0x5
 410 0074 00       		.byte	0
 411 0075 03       		.uleb128 0x3
 412 0076 08       		.uleb128 0x8
 413 0077 3A       		.uleb128 0x3a
 414 0078 0B       		.uleb128 0xb
 415 0079 3B       		.uleb128 0x3b
 416 007a 0B       		.uleb128 0xb
 417 007b 49       		.uleb128 0x49
 418 007c 13       		.uleb128 0x13
 419 007d 02       		.uleb128 0x2
 420 007e 18       		.uleb128 0x18
 421 007f 00       		.byte	0
 422 0080 00       		.byte	0
 423 0081 0A       		.uleb128 0xa
 424 0082 2E       		.uleb128 0x2e
 425 0083 01       		.byte	0x1
 426 0084 3F       		.uleb128 0x3f
 427 0085 19       		.uleb128 0x19
 428 0086 03       		.uleb128 0x3
 429 0087 0E       		.uleb128 0xe
 430 0088 3A       		.uleb128 0x3a
 431 0089 0B       		.uleb128 0xb
 432 008a 3B       		.uleb128 0x3b
 433 008b 0B       		.uleb128 0xb
 434 008c 27       		.uleb128 0x27
 435 008d 19       		.uleb128 0x19
 436 008e 49       		.uleb128 0x49
 437 008f 13       		.uleb128 0x13
 438 0090 11       		.uleb128 0x11
 439 0091 01       		.uleb128 0x1
 440 0092 12       		.uleb128 0x12
 441 0093 06       		.uleb128 0x6
 442 0094 40       		.uleb128 0x40
 443 0095 18       		.uleb128 0x18
 444 0096 9642     		.uleb128 0x2116
 445 0098 19       		.uleb128 0x19
 446 0099 01       		.uleb128 0x1
 447 009a 13       		.uleb128 0x13
 448 009b 00       		.byte	0
 449 009c 00       		.byte	0
 450 009d 0B       		.uleb128 0xb
 451 009e 2E       		.uleb128 0x2e
 452 009f 00       		.byte	0
ARM GAS  /tmp/ccKNqJUT.s 			page 9


 453 00a0 3F       		.uleb128 0x3f
 454 00a1 19       		.uleb128 0x19
 455 00a2 03       		.uleb128 0x3
 456 00a3 0E       		.uleb128 0xe
 457 00a4 3A       		.uleb128 0x3a
 458 00a5 0B       		.uleb128 0xb
 459 00a6 3B       		.uleb128 0x3b
 460 00a7 0B       		.uleb128 0xb
 461 00a8 49       		.uleb128 0x49
 462 00a9 13       		.uleb128 0x13
 463 00aa 11       		.uleb128 0x11
 464 00ab 01       		.uleb128 0x1
 465 00ac 12       		.uleb128 0x12
 466 00ad 06       		.uleb128 0x6
 467 00ae 40       		.uleb128 0x40
 468 00af 18       		.uleb128 0x18
 469 00b0 9742     		.uleb128 0x2117
 470 00b2 19       		.uleb128 0x19
 471 00b3 00       		.byte	0
 472 00b4 00       		.byte	0
 473 00b5 0C       		.uleb128 0xc
 474 00b6 34       		.uleb128 0x34
 475 00b7 00       		.byte	0
 476 00b8 03       		.uleb128 0x3
 477 00b9 0E       		.uleb128 0xe
 478 00ba 3A       		.uleb128 0x3a
 479 00bb 0B       		.uleb128 0xb
 480 00bc 3B       		.uleb128 0x3b
 481 00bd 05       		.uleb128 0x5
 482 00be 49       		.uleb128 0x49
 483 00bf 13       		.uleb128 0x13
 484 00c0 3F       		.uleb128 0x3f
 485 00c1 19       		.uleb128 0x19
 486 00c2 3C       		.uleb128 0x3c
 487 00c3 19       		.uleb128 0x19
 488 00c4 00       		.byte	0
 489 00c5 00       		.byte	0
 490 00c6 0D       		.uleb128 0xd
 491 00c7 34       		.uleb128 0x34
 492 00c8 00       		.byte	0
 493 00c9 03       		.uleb128 0x3
 494 00ca 0E       		.uleb128 0xe
 495 00cb 3A       		.uleb128 0x3a
 496 00cc 0B       		.uleb128 0xb
 497 00cd 3B       		.uleb128 0x3b
 498 00ce 0B       		.uleb128 0xb
 499 00cf 49       		.uleb128 0x49
 500 00d0 13       		.uleb128 0x13
 501 00d1 3F       		.uleb128 0x3f
 502 00d2 19       		.uleb128 0x19
 503 00d3 02       		.uleb128 0x2
 504 00d4 18       		.uleb128 0x18
 505 00d5 00       		.byte	0
 506 00d6 00       		.byte	0
 507 00d7 00       		.byte	0
 508              		.section	.debug_aranges,"",%progbits
 509 0000 34000000 		.4byte	0x34
ARM GAS  /tmp/ccKNqJUT.s 			page 10


 510 0004 0200     		.2byte	0x2
 511 0006 00000000 		.4byte	.Ldebug_info0
 512 000a 04       		.byte	0x4
 513 000b 00       		.byte	0
 514 000c 0000     		.2byte	0
 515 000e 0000     		.2byte	0
 516 0010 00000000 		.4byte	.LFB118
 517 0014 08000000 		.4byte	.LFE118-.LFB118
 518 0018 00000000 		.4byte	.LFB119
 519 001c 0C000000 		.4byte	.LFE119-.LFB119
 520 0020 00000000 		.4byte	.LFB120
 521 0024 18000000 		.4byte	.LFE120-.LFB120
 522 0028 00000000 		.4byte	.LFB121
 523 002c 06000000 		.4byte	.LFE121-.LFB121
 524 0030 00000000 		.4byte	0
 525 0034 00000000 		.4byte	0
 526              		.section	.debug_ranges,"",%progbits
 527              	.Ldebug_ranges0:
 528 0000 00000000 		.4byte	.LFB118
 529 0004 08000000 		.4byte	.LFE118
 530 0008 00000000 		.4byte	.LFB119
 531 000c 0C000000 		.4byte	.LFE119
 532 0010 00000000 		.4byte	.LFB120
 533 0014 18000000 		.4byte	.LFE120
 534 0018 00000000 		.4byte	.LFB121
 535 001c 06000000 		.4byte	.LFE121
 536 0020 00000000 		.4byte	0
 537 0024 00000000 		.4byte	0
 538              		.section	.debug_line,"",%progbits
 539              	.Ldebug_line0:
 540 0000 A6010000 		.section	.debug_str,"MS",%progbits,1
 540      02005B01 
 540      00000201 
 540      FB0E0D00 
 540      01010101 
 541              	.LASF7:
 542 0000 6C6F6E67 		.ascii	"long long int\000"
 542      206C6F6E 
 542      6720696E 
 542      7400
 543              	.LASF4:
 544 000e 73686F72 		.ascii	"short unsigned int\000"
 544      7420756E 
 544      7369676E 
 544      65642069 
 544      6E7400
 545              	.LASF0:
 546 0021 756E7369 		.ascii	"unsigned int\000"
 546      676E6564 
 546      20696E74 
 546      00
 547              	.LASF17:
 548 002e 2F686F6D 		.ascii	"/home/ergae/r2p-sdk/modules/USB_module/stubs.c\000"
 548      652F6572 
 548      6761652F 
 548      7232702D 
 548      73646B2F 
ARM GAS  /tmp/ccKNqJUT.s 			page 11


 549              	.LASF16:
 550 005d 474E5520 		.ascii	"GNU C 4.9.3 20141119 (release) [ARM/embedded-4_9-br"
 550      4320342E 
 550      392E3320 
 550      32303134 
 550      31313139 
 551 0090 616E6368 		.ascii	"anch revision 218278] -mcpu=cortex-m4 -mfloat-abi=h"
 551      20726576 
 551      6973696F 
 551      6E203231 
 551      38323738 
 552 00c3 61726420 		.ascii	"ard -mfpu=fpv4-sp-d16 -mno-thumb-interwork -mthumb "
 552      2D6D6670 
 552      753D6670 
 552      76342D73 
 552      702D6431 
 553 00f6 2D676764 		.ascii	"-ggdb -O0 -fomit-frame-pointer -falign-functions=16"
 553      62202D4F 
 553      30202D66 
 553      6F6D6974 
 553      2D667261 
 554 0129 202D6666 		.ascii	" -ffunction-sections -fdata-sections -fno-common -f"
 554      756E6374 
 554      696F6E2D 
 554      73656374 
 554      696F6E73 
 555 015c 73696E67 		.ascii	"single-precision-constant\000"
 555      6C652D70 
 555      72656369 
 555      73696F6E 
 555      2D636F6E 
 556              	.LASF6:
 557 0176 6C6F6E67 		.ascii	"long unsigned int\000"
 557      20756E73 
 557      69676E65 
 557      6420696E 
 557      7400
 558              	.LASF8:
 559 0188 6C6F6E67 		.ascii	"long long unsigned int\000"
 559      206C6F6E 
 559      6720756E 
 559      7369676E 
 559      65642069 
 560              	.LASF18:
 561 019f 5F5F6378 		.ascii	"__cxa_pure_virtual\000"
 561      615F7075 
 561      72655F76 
 561      69727475 
 561      616C00
 562              	.LASF19:
 563 01b2 5F657869 		.ascii	"_exit\000"
 563      7400
 564              	.LASF15:
 565 01b8 5F5F6473 		.ascii	"__dso_handle\000"
 565      6F5F6861 
 565      6E646C65 
 565      00
ARM GAS  /tmp/ccKNqJUT.s 			page 12


 566              	.LASF2:
 567 01c5 756E7369 		.ascii	"unsigned char\000"
 567      676E6564 
 567      20636861 
 567      7200
 568              	.LASF13:
 569 01d3 63686172 		.ascii	"char\000"
 569      00
 570              	.LASF5:
 571 01d8 6C6F6E67 		.ascii	"long int\000"
 571      20696E74 
 571      00
 572              	.LASF3:
 573 01e1 73686F72 		.ascii	"short int\000"
 573      7420696E 
 573      7400
 574              	.LASF11:
 575 01eb 5F426F6F 		.ascii	"_Bool\000"
 575      6C00
 576              	.LASF14:
 577 01f1 49544D5F 		.ascii	"ITM_RxBuffer\000"
 577      52784275 
 577      66666572 
 577      00
 578              	.LASF1:
 579 01fe 7369676E 		.ascii	"signed char\000"
 579      65642063 
 579      68617200 
 580              	.LASF9:
 581 020a 5F5F696E 		.ascii	"__int32_t\000"
 581      7433325F 
 581      7400
 582              	.LASF21:
 583 0214 5F676574 		.ascii	"_getpid\000"
 583      70696400 
 584              	.LASF10:
 585 021c 696E7433 		.ascii	"int32_t\000"
 585      325F7400 
 586              	.LASF12:
 587 0224 73697A65 		.ascii	"sizetype\000"
 587      74797065 
 587      00
 588              	.LASF20:
 589 022d 5F6B696C 		.ascii	"_kill\000"
 589      6C00
 590              		.ident	"GCC: (GNU Tools for ARM Embedded Processors) 4.9.3 20141119 (release) [ARM/embedded-4_9-br
ARM GAS  /tmp/ccKNqJUT.s 			page 13


DEFINED SYMBOLS
                            *ABS*:00000000 stubs.c
     /tmp/ccKNqJUT.s:25     .bss.__dso_handle:00000000 __dso_handle
     /tmp/ccKNqJUT.s:22     .bss.__dso_handle:00000000 $d
     /tmp/ccKNqJUT.s:28     .text.__cxa_pure_virtual:00000000 $t
     /tmp/ccKNqJUT.s:34     .text.__cxa_pure_virtual:00000000 __cxa_pure_virtual
     /tmp/ccKNqJUT.s:53     .text._exit:00000000 $t
     /tmp/ccKNqJUT.s:59     .text._exit:00000000 _exit
     /tmp/ccKNqJUT.s:80     .text._kill:00000000 $t
     /tmp/ccKNqJUT.s:86     .text._kill:00000000 _kill
     /tmp/ccKNqJUT.s:113    .text._getpid:00000000 $t
     /tmp/ccKNqJUT.s:119    .text._getpid:00000000 _getpid
                     .debug_frame:00000010 $d

UNDEFINED SYMBOLS
port_halt
